36.0 APEX_CODE,FINEST;APEX_PROFILING,INFO;CALLOUT,INFO;DB,INFO;NBA,INFO;SYSTEM,DEBUG;VALIDATION,INFO;VISUALFORCE,INFO;WAVE,INFO;WORKFLOW,INFO
10:48:32.4 (4580513)|USER_INFO|[EXTERNAL]|0050o00000WkyGG|ttvy@keizu.co.jp|Indochina Time|GMT+07:00
10:48:32.4 (4660109)|EXECUTION_STARTED
10:48:32.4 (4682279)|CODE_UNIT_STARTED|[EXTERNAL]|01p0o00000GMgLD|testBatch.setup()
10:48:32.4 (5065610)|HEAP_ALLOCATE|[72]|Bytes:3
10:48:32.4 (5134502)|HEAP_ALLOCATE|[77]|Bytes:152
10:48:32.4 (5167671)|HEAP_ALLOCATE|[342]|Bytes:408
10:48:32.4 (5197310)|HEAP_ALLOCATE|[355]|Bytes:408
10:48:32.4 (5218909)|HEAP_ALLOCATE|[467]|Bytes:48
10:48:32.4 (5258199)|HEAP_ALLOCATE|[139]|Bytes:6
10:48:32.4 (5282841)|HEAP_ALLOCATE|[EXTERNAL]|Bytes:104
10:48:32.4 (5307111)|METHOD_ENTRY|[2]|01p0o00000GMgLD|testBatch.testBatch()
10:48:32.4 (5319104)|STATEMENT_EXECUTE|[2]
10:48:32.4 (5325807)|STATEMENT_EXECUTE|[2]
10:48:32.4 (5332715)|METHOD_EXIT|[2]|testBatch
10:48:32.4 (5399435)|HEAP_ALLOCATE|[50]|Bytes:5
10:48:32.4 (5430134)|HEAP_ALLOCATE|[56]|Bytes:5
10:48:32.4 (5444052)|HEAP_ALLOCATE|[64]|Bytes:7
10:48:32.4 (5505576)|STATEMENT_EXECUTE|[4]
10:48:32.4 (5508826)|STATEMENT_EXECUTE|[6]
10:48:32.4 (5626058)|HEAP_ALLOCATE|[6]|Bytes:4
10:48:32.4 (5884396)|VARIABLE_SCOPE_BEGIN|[6]|testClass|List<Class__c>|true|false
10:48:32.4 (5918331)|HEAP_ALLOCATE|[EXTERNAL]|Bytes:4
10:48:32.4 (5941943)|VARIABLE_ASSIGNMENT|[6]|testClass|[]|0x57e6480f
10:48:32.4 (5949598)|STATEMENT_EXECUTE|[7]
10:48:32.4 (5977022)|HEAP_ALLOCATE|[7]|Bytes:4
10:48:32.4 (6075913)|HEAP_ALLOCATE|[7]|Bytes:7
10:48:32.4 (6144825)|VARIABLE_ASSIGNMENT|[7]|this.className__c|"English"|0x56ffe0ef
10:48:32.4 (6232268)|HEAP_ALLOCATE|[EXTERNAL]|Bytes:4
10:48:32.4 (6244492)|STATEMENT_EXECUTE|[8]
10:48:32.4 (6262606)|HEAP_ALLOCATE|[8]|Bytes:4
10:48:32.4 (6273799)|HEAP_ALLOCATE|[8]|Bytes:4
10:48:32.4 (6310799)|VARIABLE_ASSIGNMENT|[8]|this.className__c|"Math"|0x171249e1
10:48:32.4 (6346872)|HEAP_ALLOCATE|[EXTERNAL]|Bytes:4
10:48:32.4 (6354919)|STATEMENT_EXECUTE|[9]
10:48:32.4 (6368472)|HEAP_ALLOCATE|[9]|Bytes:4
10:48:32.4 (6378399)|HEAP_ALLOCATE|[9]|Bytes:7
10:48:32.4 (6411783)|VARIABLE_ASSIGNMENT|[9]|this.className__c|"Physics"|0x2c95e4d9
10:48:32.4 (6447484)|HEAP_ALLOCATE|[EXTERNAL]|Bytes:4
10:48:32.4 (6456687)|STATEMENT_EXECUTE|[10]
10:48:32.4 (6468898)|HEAP_ALLOCATE|[10]|Bytes:4
10:48:32.4 (6477914)|HEAP_ALLOCATE|[10]|Bytes:9
10:48:32.4 (6509561)|VARIABLE_ASSIGNMENT|[10]|this.className__c|"Chemistry"|0x556ccb88
10:48:32.4 (6542046)|HEAP_ALLOCATE|[EXTERNAL]|Bytes:4
10:48:32.4 (6550412)|STATEMENT_EXECUTE|[11]
10:48:32.4 (6618291)|DML_BEGIN|[11]|Op:Insert|Type:Class__c|Rows:4
10:48:32.4 (6679849)|HEAP_ALLOCATE|[EXTERNAL]|Bytes:20
10:48:32.4 (51609280)|DML_END|[11]
10:48:32.4 (51701879)|HEAP_ALLOCATE|[EXTERNAL]|Bytes:20
10:48:32.51 (51738957)|CUMULATIVE_LIMIT_USAGE
10:48:32.51 (51738957)|LIMIT_USAGE_FOR_NS|(default)|
  Number of SOQL queries: 0 out of 100
  Number of query rows: 0 out of 50000
  Number of SOSL queries: 0 out of 20
  Number of DML statements: 1 out of 150
  Number of DML rows: 4 out of 10000
  Maximum CPU time: 0 out of 10000
  Maximum heap size: 0 out of 6000000
  Number of callouts: 0 out of 100
  Number of Email Invocations: 0 out of 10
  Number of future calls: 0 out of 50
  Number of queueable jobs added to the queue: 0 out of 50
  Number of Mobile Apex push calls: 0 out of 10

10:48:32.51 (51738957)|CUMULATIVE_LIMIT_USAGE_END

10:48:32.4 (51835665)|CODE_UNIT_FINISHED|testBatch.setup()
10:48:32.4 (52900235)|EXECUTION_FINISHED
10:48:32.70 (70367964)|USER_INFO|[EXTERNAL]|0050o00000WkyGG|ttvy@keizu.co.jp|Indochina Time|GMT+07:00
10:48:32.70 (70389210)|EXECUTION_STARTED
10:48:32.70 (70394861)|CODE_UNIT_STARTED|[EXTERNAL]|01p0o00000GMgLD|testBatch.testBatchSchedule()
10:48:32.70 (70531263)|HEAP_ALLOCATE|[72]|Bytes:3
10:48:32.70 (70563544)|HEAP_ALLOCATE|[77]|Bytes:152
10:48:32.70 (70576994)|HEAP_ALLOCATE|[342]|Bytes:408
10:48:32.70 (70591783)|HEAP_ALLOCATE|[355]|Bytes:408
10:48:32.70 (70604562)|HEAP_ALLOCATE|[467]|Bytes:48
10:48:32.70 (70628435)|HEAP_ALLOCATE|[139]|Bytes:6
10:48:32.70 (70644914)|HEAP_ALLOCATE|[EXTERNAL]|Bytes:104
10:48:32.70 (70661748)|METHOD_ENTRY|[2]|01p0o00000GMgLD|testBatch.testBatch()
10:48:32.70 (70670402)|STATEMENT_EXECUTE|[2]
10:48:32.70 (70674664)|STATEMENT_EXECUTE|[2]
10:48:32.70 (70681329)|METHOD_EXIT|[2]|testBatch
10:48:32.70 (70701613)|HEAP_ALLOCATE|[50]|Bytes:5
10:48:32.70 (70720805)|HEAP_ALLOCATE|[56]|Bytes:5
10:48:32.70 (70728667)|HEAP_ALLOCATE|[64]|Bytes:7
10:48:32.70 (70761188)|STATEMENT_EXECUTE|[16]
10:48:32.70 (70792121)|STATEMENT_EXECUTE|[19]
10:48:32.70 (70797294)|HEAP_ALLOCATE|[19]|Bytes:17
10:48:32.70 (70814905)|VARIABLE_SCOPE_BEGIN|[19]|cronExpr|String|false|false
10:48:32.70 (70855887)|VARIABLE_ASSIGNMENT|[19]|cronExpr|"0 0 0 15 3 ? 2022"
10:48:32.70 (70866174)|STATEMENT_EXECUTE|[26]
10:48:32.70 (70871814)|HEAP_ALLOCATE|[26]|Bytes:73
10:48:32.70 (70897984)|HEAP_ALLOCATE|[26]|Bytes:4
10:48:32.70 (71362095)|SOQL_EXECUTE_BEGIN|[26]|Aggregations:0|SELECT Id, ApexClassID, ApexClass.Name, Status, JobType FROM AsyncApexJob
10:48:32.70 (76848376)|SOQL_EXECUTE_END|[26]|Rows:0
10:48:32.70 (76893742)|HEAP_ALLOCATE|[26]|Bytes:4
10:48:32.70 (76917874)|HEAP_ALLOCATE|[26]|Bytes:0
10:48:32.70 (77021396)|HEAP_ALLOCATE|[26]|Bytes:4
10:48:32.70 (77042797)|VARIABLE_SCOPE_BEGIN|[26]|jobsBefore|List<AsyncApexJob>|true|false
10:48:32.70 (77071905)|VARIABLE_ASSIGNMENT|[26]|jobsBefore|[]|0x7a744e70
10:48:32.70 (77081648)|STATEMENT_EXECUTE|[27]
10:48:32.70 (77162294)|HEAP_ALLOCATE|[27]|Bytes:27
10:48:32.70 (77222674)|STATEMENT_EXECUTE|[29]
10:48:32.70 (77262530)|HEAP_ALLOCATE|[29]|Bytes:70
10:48:32.70 (77283652)|SYSTEM_METHOD_ENTRY|[1]|Test.Test()
10:48:32.70 (77288750)|STATEMENT_EXECUTE|[1]
10:48:32.70 (77297960)|SYSTEM_METHOD_EXIT|[1]|Test
10:48:32.70 (77320884)|METHOD_ENTRY|[29]||System.Test.startTest()
10:48:32.70 (86158783)|METHOD_EXIT|[29]||System.Test.startTest()
10:48:32.70 (86179610)|STATEMENT_EXECUTE|[31]
10:48:32.70 (86190255)|HEAP_ALLOCATE|[32]|Bytes:15
10:48:32.70 (87666925)|HEAP_ALLOCATE|[32]|Bytes:1
10:48:32.70 (87681413)|HEAP_ALLOCATE|[32]|Bytes:2
10:48:32.70 (87707086)|METHOD_ENTRY|[1]|01p0o00000GMW5U|ImportDataScheduleBatch.ImportDataScheduleBatch()
10:48:32.70 (87717893)|STATEMENT_EXECUTE|[1]
10:48:32.70 (87722524)|STATEMENT_EXECUTE|[1]
10:48:32.70 (87729115)|METHOD_EXIT|[1]|ImportDataScheduleBatch
10:48:32.70 (87771293)|HEAP_ALLOCATE|[32]|Bytes:8
10:48:32.70 (87801454)|CONSTRUCTOR_ENTRY|[32]|01p0o00000GMW5U|<init>()|ImportDataScheduleBatch
10:48:32.70 (87839616)|VARIABLE_SCOPE_BEGIN|[1]|this|ImportDataScheduleBatch|true|false
10:48:32.70 (87918862)|VARIABLE_ASSIGNMENT|[1]|this|{}|0x554f78e0
10:48:32.70 (87935608)|HEAP_ALLOCATE|[2]|Bytes:6
10:48:32.70 (87987403)|STATEMENT_EXECUTE|[1]
10:48:32.70 (87989931)|STATEMENT_EXECUTE|[2]
10:48:32.70 (88003135)|VARIABLE_ASSIGNMENT|[2]|this.runtime|null|0x554f78e0
10:48:32.70 (88026005)|CONSTRUCTOR_EXIT|[32]|01p0o00000GMW5U|<init>()|ImportDataScheduleBatch
10:48:32.70 (116839322)|EXCEPTION_THROWN|[32]|System.AsyncException: The Apex job named "ImportDataPatch" is already scheduled for execution.
10:48:32.70 (117041648)|HEAP_ALLOCATE|[32]|Bytes:76
10:48:32.70 (117155105)|FATAL_ERROR|System.AsyncException: The Apex job named "ImportDataPatch" is already scheduled for execution.

Class.testBatch.testBatchSchedule: line 32, column 1
10:48:32.70 (117172352)|FATAL_ERROR|System.AsyncException: The Apex job named "ImportDataPatch" is already scheduled for execution.

Class.testBatch.testBatchSchedule: line 32, column 1
10:48:32.117 (117181175)|CUMULATIVE_LIMIT_USAGE
10:48:32.117 (117181175)|LIMIT_USAGE_FOR_NS|(default)|
  Number of SOQL queries: 1 out of 100
  Number of query rows: 0 out of 50000
  Number of SOSL queries: 0 out of 20
  Number of DML statements: 1 out of 150
  Number of DML rows: 4 out of 10000
  Maximum CPU time: 0 out of 10000
  Maximum heap size: 0 out of 6000000
  Number of callouts: 0 out of 100
  Number of Email Invocations: 0 out of 10
  Number of future calls: 0 out of 50
  Number of queueable jobs added to the queue: 0 out of 50
  Number of Mobile Apex push calls: 0 out of 10

10:48:32.117 (117181175)|TESTING_LIMITS
10:48:32.117 (117181175)|LIMIT_USAGE_FOR_NS|(default)|
  Number of SOQL queries: 0 out of 100
  Number of query rows: 0 out of 50000
  Number of SOSL queries: 0 out of 20
  Number of DML statements: 0 out of 150
  Number of DML rows: 0 out of 10000
  Maximum CPU time: 0 out of 10000
  Maximum heap size: 0 out of 6000000
  Number of callouts: 0 out of 100
  Number of Email Invocations: 0 out of 10
  Number of future calls: 0 out of 50
  Number of queueable jobs added to the queue: 0 out of 50
  Number of Mobile Apex push calls: 0 out of 10

10:48:32.117 (117181175)|CUMULATIVE_LIMIT_USAGE_END

10:48:32.70 (117239061)|CODE_UNIT_FINISHED|testBatch.testBatchSchedule()
10:48:32.70 (165224359)|EXECUTION_FINISHED
10:48:32.197 (197266897)|USER_INFO|[EXTERNAL]|0050o00000WkyGG|ttvy@keizu.co.jp|Indochina Time|GMT+07:00
10:48:32.197 (197308630)|EXECUTION_STARTED
10:48:32.197 (197315794)|CODE_UNIT_STARTED|[EXTERNAL]|01p0o00000GMgLD|testBatch.testImportDataPatch()
10:48:32.197 (197538982)|HEAP_ALLOCATE|[72]|Bytes:3
10:48:32.197 (197612811)|HEAP_ALLOCATE|[77]|Bytes:152
10:48:32.197 (197647054)|HEAP_ALLOCATE|[342]|Bytes:408
10:48:32.197 (197671299)|HEAP_ALLOCATE|[355]|Bytes:408
10:48:32.197 (197692331)|HEAP_ALLOCATE|[467]|Bytes:48
10:48:32.197 (197739056)|HEAP_ALLOCATE|[139]|Bytes:6
10:48:32.197 (197791142)|HEAP_ALLOCATE|[EXTERNAL]|Bytes:104
10:48:32.197 (197820634)|METHOD_ENTRY|[2]|01p0o00000GMgLD|testBatch.testBatch()
10:48:32.197 (197833439)|STATEMENT_EXECUTE|[2]
10:48:32.197 (197842409)|STATEMENT_EXECUTE|[2]
10:48:32.197 (197849885)|METHOD_EXIT|[2]|testBatch
10:48:32.197 (197888114)|HEAP_ALLOCATE|[50]|Bytes:5
10:48:32.197 (197921270)|HEAP_ALLOCATE|[56]|Bytes:5
10:48:32.197 (197936711)|HEAP_ALLOCATE|[64]|Bytes:7
10:48:32.197 (197994622)|STATEMENT_EXECUTE|[51]
10:48:32.197 (197998454)|STATEMENT_EXECUTE|[52]
10:48:32.197 (198014261)|HEAP_ALLOCATE|[52]|Bytes:70
10:48:32.197 (198031009)|SYSTEM_METHOD_ENTRY|[1]|Test.Test()
10:48:32.197 (198042635)|STATEMENT_EXECUTE|[1]
10:48:32.197 (198055867)|SYSTEM_METHOD_EXIT|[1]|Test
10:48:32.197 (198079389)|METHOD_ENTRY|[52]||System.Test.startTest()
10:48:32.197 (199746117)|METHOD_EXIT|[52]||System.Test.startTest()
10:48:32.197 (199763093)|STATEMENT_EXECUTE|[54]
10:48:32.197 (199800842)|HEAP_ALLOCATE|[54]|Bytes:56
10:48:32.197 (199835321)|HEAP_ALLOCATE|[54]|Bytes:4
10:48:32.197 (200294661)|SOQL_EXECUTE_BEGIN|[54]|Aggregations:0|SELECT id FROM Class__c WHERE className__c = 'Chemistry'
10:48:32.197 (215969047)|SOQL_EXECUTE_END|[54]|Rows:1
10:48:32.197 (216006315)|HEAP_ALLOCATE|[54]|Bytes:8
10:48:32.197 (216026494)|HEAP_ALLOCATE|[54]|Bytes:29
10:48:32.197 (216082691)|HEAP_ALLOCATE|[54]|Bytes:8
10:48:32.197 (216101913)|HEAP_ALLOCATE|[54]|Bytes:34
10:48:32.197 (216131754)|HEAP_ALLOCATE|[54]|Bytes:8
10:48:32.197 (216144252)|VARIABLE_SCOPE_BEGIN|[54]|classMath|Class__c|true|false
10:48:32.197 (216354525)|VARIABLE_ASSIGNMENT|[54]|classMath|{"Id":"a0H0o00000fKodfEAC"}|0x74f7a935
10:48:32.197 (216365290)|STATEMENT_EXECUTE|[55]
10:48:32.197 (216423135)|HEAP_ALLOCATE|[55]|Bytes:4
10:48:32.197 (216523047)|VARIABLE_SCOPE_BEGIN|[55]|s|Student__c|true|false
10:48:32.197 (216610573)|VARIABLE_ASSIGNMENT|[55]|s|{}|0x57c68942
10:48:32.197 (216621230)|STATEMENT_EXECUTE|[56]
10:48:32.197 (216625705)|HEAP_ALLOCATE|[56]|Bytes:10
10:48:32.197 (216716820)|VARIABLE_ASSIGNMENT|[56]|this.Name|"test batch"|0x57c68942
10:48:32.197 (216726083)|STATEMENT_EXECUTE|[57]
10:48:32.197 (216816756)|HEAP_ALLOCATE|[57]|Bytes:4
10:48:32.197 (217082432)|VARIABLE_ASSIGNMENT|[57]|this.Birthday__c|"2011-03-21T00:00:00.000Z"|0x57c68942
10:48:32.197 (217093325)|STATEMENT_EXECUTE|[58]
10:48:32.197 (217134632)|HEAP_ALLOCATE|[58]|Bytes:28
10:48:32.197 (217142128)|HEAP_ALLOCATE|[58]|Bytes:28
10:48:32.197 (217219268)|VARIABLE_ASSIGNMENT|[58]|this.Score1__c|4|0x57c68942
10:48:32.197 (217229992)|STATEMENT_EXECUTE|[59]
10:48:32.197 (217239867)|HEAP_ALLOCATE|[59]|Bytes:28
10:48:32.197 (217246295)|HEAP_ALLOCATE|[59]|Bytes:28
10:48:32.197 (217286388)|VARIABLE_ASSIGNMENT|[59]|this.Score2__c|5|0x57c68942
10:48:32.197 (217296006)|STATEMENT_EXECUTE|[60]
10:48:32.197 (217304901)|HEAP_ALLOCATE|[60]|Bytes:28
10:48:32.197 (217311371)|HEAP_ALLOCATE|[60]|Bytes:28
10:48:32.197 (217357654)|VARIABLE_ASSIGNMENT|[60]|this.Score3__c|6|0x57c68942
10:48:32.197 (217367421)|STATEMENT_EXECUTE|[61]
10:48:32.197 (217455288)|VARIABLE_ASSIGNMENT|[61]|this.Class__c|"a0H0o00000fKodfEAC"|0x57c68942
10:48:32.197 (217465550)|STATEMENT_EXECUTE|[63]
10:48:32.197 (217491338)|HEAP_ALLOCATE|[63]|Bytes:8
10:48:32.197 (217510357)|DML_BEGIN|[63]|Op:Insert|Type:Student__c|Rows:1
10:48:32.197 (217622798)|HEAP_ALLOCATE|[EXTERNAL]|Bytes:8
10:48:32.197 (221989244)|CODE_UNIT_STARTED|[EXTERNAL]|01q0o000000jKrN|triggerStudent on Student trigger event BeforeInsert|__sfdc_trigger/triggerStudent
10:48:32.197 (222061253)|HEAP_ALLOCATE|[EXTERNAL]|Bytes:8
10:48:32.197 (224403826)|HEAP_ALLOCATE|[EXTERNAL]|Bytes:8
10:48:32.197 (224423142)|VARIABLE_SCOPE_BEGIN|[1]|this|triggerStudent|true|false
10:48:32.197 (224511701)|VARIABLE_ASSIGNMENT|[1]|this|{}|0x2d7d04f8
10:48:32.197 (224589717)|HEAP_ALLOCATE|[EXTERNAL]|Bytes:8
10:48:32.197 (224641247)|VARIABLE_SCOPE_BEGIN|[1]|this|triggerStudent|true|false
10:48:32.197 (224669736)|VARIABLE_ASSIGNMENT|[1]|this|{}|0x2d7d04f8
10:48:32.197 (224680114)|STATEMENT_EXECUTE|[1]
10:48:32.197 (224683696)|STATEMENT_EXECUTE|[3]
10:48:32.197 (224692236)|HEAP_ALLOCATE|[3]|Bytes:15
10:48:32.197 (224700448)|HEAP_ALLOCATE|[3]|Bytes:20
10:48:32.197 (224704457)|HEAP_ALLOCATE|[3]|Bytes:6
10:48:32.197 (224760226)|METHOD_ENTRY|[1]|01p0o00000GMOB6|TriggerHandle.TriggerHandle()
10:48:32.197 (224777062)|STATEMENT_EXECUTE|[1]
10:48:32.197 (224782200)|STATEMENT_EXECUTE|[1]
10:48:32.197 (225279240)|SYSTEM_MODE_ENTER|false
10:48:32.197 (225297911)|HEAP_ALLOCATE|[3]|Bytes:5
10:48:32.197 (225304918)|STATEMENT_EXECUTE|[230]
10:48:32.197 (225310064)|SYSTEM_MODE_EXIT|false
10:48:32.197 (225321525)|METHOD_EXIT|[1]|TriggerHandle
10:48:32.197 (225337833)|HEAP_ALLOCATE|[3]|Bytes:4
10:48:32.197 (225357408)|CONSTRUCTOR_ENTRY|[3]|01p0o00000GMOB6|<init>()|TriggerHandle
10:48:32.197 (225386289)|VARIABLE_SCOPE_BEGIN|[3]|this|TriggerHandle|true|false
10:48:32.197 (225416820)|VARIABLE_ASSIGNMENT|[3]|this|{}|0x367ea635
10:48:32.197 (225431940)|SYSTEM_MODE_ENTER|false
10:48:32.197 (225439336)|HEAP_ALLOCATE|[EXTERNAL]|Bytes:5
10:48:32.197 (225445722)|STATEMENT_EXECUTE|[1]
10:48:32.197 (225449034)|HEAP_ALLOCATE|[EXTERNAL]|Bytes:5
10:48:32.197 (225461278)|HEAP_ALLOCATE|[EXTERNAL]|Bytes:6
10:48:32.197 (225498419)|STATEMENT_EXECUTE|[3]
10:48:32.197 (225502024)|SYSTEM_MODE_EXIT|false
10:48:32.197 (225512169)|CONSTRUCTOR_EXIT|[3]|01p0o00000GMOB6|<init>()|TriggerHandle
10:48:32.197 (225545620)|VARIABLE_ASSIGNMENT|[3]|this.handle|0x367ea635|0x2d7d04f8
10:48:32.197 (225560054)|STATEMENT_EXECUTE|[5]
10:48:32.197 (225565039)|STATEMENT_EXECUTE|[10]
10:48:32.197 (225568223)|STATEMENT_EXECUTE|[11]
10:48:32.197 (225669196)|METHOD_ENTRY|[11]|01p0o00000GMOB6|TriggerHandle.onBeforeInsert(List<Student__c>)
10:48:32.197 (225697743)|VARIABLE_SCOPE_BEGIN|[5]|this|TriggerHandle|true|false
10:48:32.197 (225722251)|VARIABLE_ASSIGNMENT|[5]|this|{}|0x367ea635
10:48:32.197 (225732429)|VARIABLE_SCOPE_BEGIN|[5]|newStudentList|List<Student__c>|true|false
10:48:32.197 (226954152)|VARIABLE_ASSIGNMENT|[5]|newStudentList|[{"AverageScore__c":5.00,"IsDeleted":false,"Score1__c":4.00,"Score2__c":5.00,"Birthday__c":"2011-03-21T00:00:00.000Z","Gender__c":false,"Score3__c":6.00,"Class__c":"a0H0o00000fKodfEAC","State__c":"Passed","Name":"test batch"}]|0x564eaaba
10:48:32.197 (226989358)|SYSTEM_MODE_ENTER|false
10:48:32.197 (226999499)|HEAP_ALLOCATE|[7]|Bytes:5
10:48:32.197 (227006432)|STATEMENT_EXECUTE|[6]
10:48:32.197 (227008596)|STATEMENT_EXECUTE|[7]
10:48:32.197 (227010073)|STATEMENT_EXECUTE|[8]
10:48:32.197 (227262342)|HEAP_ALLOCATE|[9]|Bytes:5
10:48:32.197 (227313263)|HEAP_ALLOCATE|[9]|Bytes:4
10:48:32.197 (227325213)|VARIABLE_SCOPE_BEGIN|[9]|s|Student__c|true|false
10:48:32.197 (227627680)|VARIABLE_ASSIGNMENT|[9]|s|{"AverageScore__c":5.00,"IsDeleted":false,"Score1__c":4.00,"Score2__c":5.00,"Birthday__c":"2011-03-21T00:00:00.000Z","Gender__c":false,"Score3__c":6.00,"Class__c":"a0H0o00000fKodfEAC","State__c":"Passed","Name":"test batch"}|0x20479f7d
10:48:32.197 (227641728)|STATEMENT_EXECUTE|[10]
10:48:32.197 (227688712)|HEAP_ALLOCATE|[12]|Bytes:28
10:48:32.197 (227784989)|HEAP_ALLOCATE|[16]|Bytes:28
10:48:32.197 (227840249)|HEAP_ALLOCATE|[20]|Bytes:28
10:48:32.197 (227891162)|STATEMENT_EXECUTE|[29]
10:48:32.197 (227893938)|STATEMENT_EXECUTE|[31]
10:48:32.197 (227931203)|HEAP_ALLOCATE|[31]|Bytes:4
10:48:32.197 (227959849)|VARIABLE_SCOPE_BEGIN|[31]|age|Integer|false|false
10:48:32.197 (227971693)|HEAP_ALLOCATE|[31]|Bytes:4
10:48:32.197 (227999732)|VARIABLE_ASSIGNMENT|[31]|age|-8
10:48:32.197 (228012084)|STATEMENT_EXECUTE|[32]
10:48:32.197 (228024798)|HEAP_ALLOCATE|[9]|Bytes:5
10:48:32.197 (228041878)|VARIABLE_ASSIGNMENT|[9]|s|null|
10:48:32.197 (228054836)|SYSTEM_MODE_EXIT|false
10:48:32.197 (228064230)|METHOD_EXIT|[11]|01p0o00000GMOB6|TriggerHandle.onBeforeInsert(List<Student__c>)
10:48:32.228 (228079541)|CUMULATIVE_LIMIT_USAGE
10:48:32.228 (228079541)|LIMIT_USAGE_FOR_NS|(default)|
  Number of SOQL queries: 0 out of 100
  Number of query rows: 0 out of 50000
  Number of SOSL queries: 0 out of 20
  Number of DML statements: 1 out of 150
  Number of DML rows: 4 out of 10000
  Maximum CPU time: 0 out of 10000
  Maximum heap size: 0 out of 6000000
  Number of callouts: 0 out of 100
  Number of Email Invocations: 0 out of 10
  Number of future calls: 0 out of 50
  Number of queueable jobs added to the queue: 0 out of 50
  Number of Mobile Apex push calls: 0 out of 10

10:48:32.228 (228079541)|TESTING_LIMITS
10:48:32.228 (228079541)|LIMIT_USAGE_FOR_NS|(default)|
  Number of SOQL queries: 1 out of 100
  Number of query rows: 1 out of 50000
  Number of SOSL queries: 0 out of 20
  Number of DML statements: 1 out of 150
  Number of DML rows: 1 out of 10000
  Maximum CPU time: 0 out of 10000
  Maximum heap size: 0 out of 6000000
  Number of callouts: 0 out of 100
  Number of Email Invocations: 0 out of 10
  Number of future calls: 0 out of 50
  Number of queueable jobs added to the queue: 0 out of 50
  Number of Mobile Apex push calls: 0 out of 10

10:48:32.228 (228079541)|CUMULATIVE_LIMIT_USAGE_END

10:48:32.197 (229890786)|CODE_UNIT_FINISHED|triggerStudent on Student trigger event BeforeInsert|__sfdc_trigger/triggerStudent
10:48:32.197 (267165579)|CODE_UNIT_STARTED|[EXTERNAL]|01q0o000000jKrN|triggerStudent on Student trigger event AfterInsert|__sfdc_trigger/triggerStudent
10:48:32.197 (267255195)|HEAP_ALLOCATE|[EXTERNAL]|Bytes:8
10:48:32.197 (267373583)|HEAP_ALLOCATE|[EXTERNAL]|Bytes:8
10:48:32.197 (267393355)|VARIABLE_SCOPE_BEGIN|[1]|this|triggerStudent|true|false
10:48:32.197 (267472508)|VARIABLE_ASSIGNMENT|[1]|this|{}|0x6447bad3
10:48:32.197 (267540053)|HEAP_ALLOCATE|[EXTERNAL]|Bytes:8
10:48:32.197 (267553158)|VARIABLE_SCOPE_BEGIN|[1]|this|triggerStudent|true|false
10:48:32.197 (268005259)|VARIABLE_ASSIGNMENT|[1]|this|{}|0x6447bad3
10:48:32.197 (268027304)|STATEMENT_EXECUTE|[1]
10:48:32.197 (268030548)|STATEMENT_EXECUTE|[3]
10:48:32.197 (268039181)|HEAP_ALLOCATE|[3]|Bytes:4
10:48:32.197 (268061551)|CONSTRUCTOR_ENTRY|[3]|01p0o00000GMOB6|<init>()|TriggerHandle
10:48:32.197 (268081074)|VARIABLE_SCOPE_BEGIN|[3]|this|TriggerHandle|true|false
10:48:32.197 (268112951)|VARIABLE_ASSIGNMENT|[3]|this|{}|0x1ec27cb0
10:48:32.197 (268606850)|SYSTEM_MODE_ENTER|false
10:48:32.197 (268627776)|HEAP_ALLOCATE|[EXTERNAL]|Bytes:5
10:48:32.197 (268638864)|STATEMENT_EXECUTE|[1]
10:48:32.197 (268646535)|HEAP_ALLOCATE|[EXTERNAL]|Bytes:5
10:48:32.197 (268689363)|STATEMENT_EXECUTE|[3]
10:48:32.197 (268694812)|SYSTEM_MODE_EXIT|false
10:48:32.197 (268713672)|CONSTRUCTOR_EXIT|[3]|01p0o00000GMOB6|<init>()|TriggerHandle
10:48:32.197 (268750253)|VARIABLE_ASSIGNMENT|[3]|this.handle|0x1ec27cb0|0x6447bad3
10:48:32.197 (268774277)|STATEMENT_EXECUTE|[15]
10:48:32.197 (268789059)|STATEMENT_EXECUTE|[19]
10:48:32.197 (268791747)|STATEMENT_EXECUTE|[20]
10:48:32.197 (268859934)|METHOD_ENTRY|[20]|01p0o00000GMOB6|TriggerHandle.onAfterInsert(List<Student__c>)
10:48:32.197 (268915149)|VARIABLE_SCOPE_BEGIN|[44]|this|TriggerHandle|true|false
10:48:32.197 (268947790)|VARIABLE_ASSIGNMENT|[44]|this|{}|0x1ec27cb0
10:48:32.197 (268964061)|VARIABLE_SCOPE_BEGIN|[44]|newStudentList|List<Student__c>|true|false
10:48:32.197 (269883643)|VARIABLE_ASSIGNMENT|[44]|newStudentList|[{"LastModifiedDate":"2019-06-13T03:48:32.000Z","StudentId__c":"HS100151","IsDeleted":false,"Score1__c":4.00,"Score2__c":5.00,"Gender__c":false,"Score3__c":6.00,"Class__c":"a0H0o00000fKodfEAC","Name":"test batch","SystemModstamp":"2019-06-13T03:48:32.000Z","AverageScore__c":5.00,"CreatedById":"0050o00000WkyGGAAZ","Birthday__c":"2011-03-21T00:00:00.000Z","CreatedDate":"2019-06-13T03:48:32.000Z","Id":"a0I0o000019baSMEAY","LastModifiedById":"0050o00000WkyGGAAZ","State__c":"Passed"}]|0x6ae9f19c
10:48:32.197 (269935164)|SYSTEM_MODE_ENTER|false
10:48:32.197 (269949182)|HEAP_ALLOCATE|[46]|Bytes:5
10:48:32.197 (269959139)|STATEMENT_EXECUTE|[45]
10:48:32.197 (269962100)|STATEMENT_EXECUTE|[46]
10:48:32.197 (269978266)|VARIABLE_SCOPE_BEGIN|[46]|sp|System.Savepoint|true|false
10:48:32.197 (270028153)|VARIABLE_ASSIGNMENT|[46]|sp|null|
10:48:32.197 (270038380)|STATEMENT_EXECUTE|[47]
10:48:32.197 (270040918)|STATEMENT_EXECUTE|[48]
10:48:32.197 (270045964)|STATEMENT_EXECUTE|[49]
10:48:32.197 (270869906)|USER_DEBUG|[49]|DEBUG|(Student__c:{Id=a0I0o000019baSMEAY, IsDeleted=false, Name=test batch, CreatedDate=2019-06-13 03:48:32, CreatedById=0050o00000WkyGGAAZ, LastModifiedDate=2019-06-13 03:48:32, LastModifiedById=0050o00000WkyGGAAZ, SystemModstamp=2019-06-13 03:48:32, StudentId__c=HS100151, Namef__c=null, Namel__c=null, Birthday__c=2011-03-21 00:00:00, Gender__c=false, Score1__c=4.00, Score2__c=5.00, Score3__c=6.00, AverageScore__c=5.00, State__c=Passed, StudentCode__c=null, Class__c=a0H0o00000fKodfEAC})
10:48:32.197 (270905283)|STATEMENT_EXECUTE|[50]
10:48:32.197 (271281219)|SAVEPOINT_SET|[50]|SavepointValue0
10:48:32.197 (271302866)|HEAP_ALLOCATE|[50]|Bytes:16
10:48:32.197 (272049289)|VARIABLE_ASSIGNMENT|[50]|sp|"common.apex.runtime.impl.ApexUserSavepoint@33215f30"|0x33215f30
10:48:32.197 (272068165)|STATEMENT_EXECUTE|[51]
10:48:32.197 (272075347)|HEAP_ALLOCATE|[51]|Bytes:6
10:48:32.197 (272106148)|METHOD_ENTRY|[51]|01p0o00000GMOB6|TriggerHandle.executeNOStudentsUpdate(List<Student__c>, String)
10:48:32.197 (272153863)|VARIABLE_SCOPE_BEGIN|[191]|this|TriggerHandle|true|false
10:48:32.197 (272186705)|VARIABLE_ASSIGNMENT|[191]|this|{}|0x1ec27cb0
10:48:32.197 (272203136)|VARIABLE_SCOPE_BEGIN|[191]|studentList|List<Student__c>|true|false
10:48:32.197 (272557568)|VARIABLE_ASSIGNMENT|[191]|studentList|[{"LastModifiedDate":"2019-06-13T03:48:32.000Z","StudentId__c":"HS100151","IsDeleted":false,"Score1__c":4.00,"Score2__c":5.00,"Gender__c":false,"Score3__c":6.00,"Class__c":"a0H0o00000fKodfEAC","Name":"test batch","SystemModstamp":"2019-06-13T03:48:32.000Z","AverageScore__c":5.00,"CreatedById":"0050o00000WkyGGAAZ","Birthday__c":"2011-03-21T00:00:00.000Z","CreatedDate":"2019-06-13T03:48:32.000Z","Id":"a0I0o000019baSMEAY","LastModifiedById":"0050o00000WkyGGAAZ","State__c":"Passed"}]|0x6ae9f19c
10:48:32.197 (272585523)|VARIABLE_SCOPE_BEGIN|[191]|action|String|false|false
10:48:32.197 (272617789)|VARIABLE_ASSIGNMENT|[191]|action|"insert"
10:48:32.197 (272650611)|HEAP_ALLOCATE|[193]|Bytes:5
10:48:32.197 (272661255)|STATEMENT_EXECUTE|[192]
10:48:32.197 (272664357)|STATEMENT_EXECUTE|[193]
10:48:32.197 (272687138)|HEAP_ALLOCATE|[193]|Bytes:4
10:48:32.197 (272710141)|VARIABLE_SCOPE_BEGIN|[193]|classIDMap|Map<Id,Integer>|true|false
10:48:32.197 (272736113)|VARIABLE_ASSIGNMENT|[193]|classIDMap|{}|0x261bd47c
10:48:32.197 (272809412)|HEAP_ALLOCATE|[196]|Bytes:5
10:48:32.197 (272843146)|VARIABLE_SCOPE_BEGIN|[196]|s|Student__c|true|false
10:48:32.197 (273174737)|VARIABLE_ASSIGNMENT|[196]|s|{"LastModifiedDate":"2019-06-13T03:48:32.000Z","StudentId__c":"HS100151","IsDeleted":false,"Score1__c":4.00,"Score2__c":5.00,"Gender__c":false,"Score3__c":6.00,"Class__c":"a0H0o00000fKodfEAC","Name":"test batch","SystemModstamp":"2019-06-13T03:48:32.000Z","AverageScore__c":5.00,"CreatedById":"0050o00000WkyGGAAZ","Birthday__c":"2011-03-21T00:00:00.000Z","CreatedDate":"2019-06-13T03:48:32.000Z","Id":"a0I0o000019baSMEAY","LastModifiedById":"0050o00000WkyGGAAZ","State__c":"Passed"}|0x3dbb432
10:48:32.197 (273201420)|STATEMENT_EXECUTE|[197]
10:48:32.197 (273299910)|STATEMENT_EXECUTE|[203]
10:48:32.197 (273304749)|STATEMENT_EXECUTE|[204]
10:48:32.197 (273335886)|HEAP_ALLOCATE|[204]|Bytes:4
10:48:32.197 (273349729)|HEAP_ALLOCATE|[EXTERNAL]|Bytes:-4
10:48:32.197 (273373874)|HEAP_ALLOCATE|[196]|Bytes:5
10:48:32.197 (273394811)|VARIABLE_ASSIGNMENT|[196]|s|null|
10:48:32.197 (273405122)|STATEMENT_EXECUTE|[207]
10:48:32.197 (273410125)|HEAP_ALLOCATE|[207]|Bytes:44
10:48:32.197 (273432239)|HEAP_ALLOCATE|[207]|Bytes:4
10:48:32.197 (273648313)|SOQL_EXECUTE_BEGIN|[207]|Aggregations:0|SELECT id, NumberOfStudents__c FROM Class__c
10:48:32.197 (276993062)|SOQL_EXECUTE_END|[207]|Rows:4
10:48:32.197 (277024826)|HEAP_ALLOCATE|[207]|Bytes:20
10:48:32.197 (277051323)|HEAP_ALLOCATE|[207]|Bytes:352
10:48:32.197 (277095861)|HEAP_ALLOCATE|[207]|Bytes:20
10:48:32.197 (277110292)|VARIABLE_SCOPE_BEGIN|[207]|classList|List<Class__c>|true|false
10:48:32.197 (277155985)|VARIABLE_ASSIGNMENT|[207]|classList|[{"Id":"a0H0o00000fKodcEAC","NumberOfStudents__c":0},{"Id":"a0H0o00000fKoddEAC","NumberOfStudents__c":0},{"Id":"a0H0o00000fKodeEAC","NumberOfStudents__c":0},{"Id":"a0H0o00000fKodfEAC","NumberOfStudents__c":0}]|0x56241d92
10:48:32.197 (277168685)|STATEMENT_EXECUTE|[208]
10:48:32.197 (277221287)|HEAP_ALLOCATE|[208]|Bytes:12
10:48:32.197 (277283577)|HEAP_ALLOCATE|[208]|Bytes:28
10:48:32.197 (277307564)|USER_DEBUG|[208]|DEBUG|0
10:48:32.197 (277454639)|HEAP_ALLOCATE|[210]|Bytes:5
10:48:32.197 (277472778)|HEAP_ALLOCATE|[210]|Bytes:12
10:48:32.197 (277482816)|VARIABLE_SCOPE_BEGIN|[210]|c|Class__c|true|false
10:48:32.197 (277507427)|VARIABLE_ASSIGNMENT|[210]|c|{"Id":"a0H0o00000fKodcEAC","NumberOfStudents__c":0}|0x7f86c99
10:48:32.197 (277517432)|STATEMENT_EXECUTE|[211]
10:48:32.197 (277556563)|STATEMENT_EXECUTE|[212]
10:48:32.197 (277566868)|HEAP_ALLOCATE|[210]|Bytes:5
10:48:32.197 (277579189)|HEAP_ALLOCATE|[210]|Bytes:12
10:48:32.197 (277586416)|VARIABLE_SCOPE_BEGIN|[210]|c|Class__c|true|false
10:48:32.197 (277603276)|VARIABLE_ASSIGNMENT|[210]|c|{"Id":"a0H0o00000fKoddEAC","NumberOfStudents__c":0}|0x58d93d7d
10:48:32.197 (277611690)|STATEMENT_EXECUTE|[211]
10:48:32.197 (277625775)|STATEMENT_EXECUTE|[212]
10:48:32.197 (277632992)|HEAP_ALLOCATE|[210]|Bytes:5
10:48:32.197 (277642765)|HEAP_ALLOCATE|[210]|Bytes:12
10:48:32.197 (277649623)|VARIABLE_SCOPE_BEGIN|[210]|c|Class__c|true|false
10:48:32.197 (277665094)|VARIABLE_ASSIGNMENT|[210]|c|{"Id":"a0H0o00000fKodeEAC","NumberOfStudents__c":0}|0x41e9792
10:48:32.197 (277672938)|STATEMENT_EXECUTE|[211]
10:48:32.197 (277684240)|STATEMENT_EXECUTE|[212]
10:48:32.197 (277691018)|HEAP_ALLOCATE|[210]|Bytes:5
10:48:32.197 (277701295)|HEAP_ALLOCATE|[210]|Bytes:12
10:48:32.197 (277706101)|VARIABLE_SCOPE_BEGIN|[210]|c|Class__c|true|false
10:48:32.197 (277721829)|VARIABLE_ASSIGNMENT|[210]|c|{"Id":"a0H0o00000fKodfEAC","NumberOfStudents__c":0}|0x35ac1bdd
10:48:32.197 (277729610)|STATEMENT_EXECUTE|[211]
10:48:32.197 (277739518)|STATEMENT_EXECUTE|[213]
10:48:32.197 (277800199)|STATEMENT_EXECUTE|[215]
10:48:32.197 (277803127)|STATEMENT_EXECUTE|[216]
10:48:32.197 (277838035)|HEAP_ALLOCATE|[216]|Bytes:28
10:48:32.197 (277845002)|HEAP_ALLOCATE|[216]|Bytes:28
10:48:32.197 (277854285)|HEAP_ALLOCATE|[216]|Bytes:28
10:48:32.197 (277890980)|HEAP_ALLOCATE|[216]|Bytes:28
10:48:32.197 (277896706)|HEAP_ALLOCATE|[216]|Bytes:28
10:48:32.197 (277992933)|VARIABLE_ASSIGNMENT|[216]|this.NumberOfStudents__c|1|0x35ac1bdd
10:48:32.197 (278004330)|STATEMENT_EXECUTE|[224]
10:48:32.197 (278043883)|HEAP_ALLOCATE|[224]|Bytes:8
10:48:32.197 (278066916)|DML_BEGIN|[224]|Op:Update|Type:Class__c|Rows:1
10:48:32.197 (278136534)|HEAP_ALLOCATE|[EXTERNAL]|Bytes:8
10:48:32.197 (296003796)|DML_END|[224]
10:48:32.197 (296035861)|STATEMENT_EXECUTE|[226]
10:48:32.197 (296160818)|HEAP_ALLOCATE|[210]|Bytes:5
10:48:32.197 (296202546)|VARIABLE_ASSIGNMENT|[210]|c|null|
10:48:32.197 (296225601)|METHOD_EXIT|[51]|01p0o00000GMOB6|TriggerHandle.executeNOStudentsUpdate(List<Student__c>, String)
10:48:32.197 (296235730)|STATEMENT_EXECUTE|[52]
10:48:32.197 (296258162)|METHOD_ENTRY|[52]|01p0o00000GMOB6|TriggerHandle.executeNOFAPStudentsUpdate(List<Student__c>, String)
10:48:32.197 (296301664)|VARIABLE_SCOPE_BEGIN|[118]|this|TriggerHandle|true|false
10:48:32.197 (296355412)|VARIABLE_ASSIGNMENT|[118]|this|{}|0x1ec27cb0
10:48:32.197 (296371002)|VARIABLE_SCOPE_BEGIN|[118]|studentList|List<Student__c>|true|false
10:48:32.197 (296735632)|VARIABLE_ASSIGNMENT|[118]|studentList|[{"LastModifiedDate":"2019-06-13T03:48:32.000Z","StudentId__c":"HS100151","IsDeleted":false,"Score1__c":4.00,"Score2__c":5.00,"Gender__c":false,"Score3__c":6.00,"Class__c":"a0H0o00000fKodfEAC","Name":"test batch","SystemModstamp":"2019-06-13T03:48:32.000Z","AverageScore__c":5.00,"CreatedById":"0050o00000WkyGGAAZ","Birthday__c":"2011-03-21T00:00:00.000Z","CreatedDate":"2019-06-13T03:48:32.000Z","Id":"a0I0o000019baSMEAY","LastModifiedById":"0050o00000WkyGGAAZ","State__c":"Passed"}]|0x6ae9f19c
10:48:32.197 (296756731)|VARIABLE_SCOPE_BEGIN|[118]|action|String|false|false
10:48:32.197 (296776847)|VARIABLE_ASSIGNMENT|[118]|action|"insert"
10:48:32.197 (296804768)|HEAP_ALLOCATE|[120]|Bytes:5
10:48:32.197 (296812864)|STATEMENT_EXECUTE|[119]
10:48:32.197 (296814877)|STATEMENT_EXECUTE|[120]
10:48:32.197 (296839784)|HEAP_ALLOCATE|[120]|Bytes:4
10:48:32.197 (296857198)|VARIABLE_SCOPE_BEGIN|[120]|classIDMapWithPassedStudents|Map<Id,Integer>|true|false
10:48:32.197 (296879923)|VARIABLE_ASSIGNMENT|[120]|classIDMapWithPassedStudents|{}|0x5fb694a4
10:48:32.197 (296887168)|STATEMENT_EXECUTE|[121]
10:48:32.197 (296895282)|HEAP_ALLOCATE|[121]|Bytes:4
10:48:32.197 (296902789)|VARIABLE_SCOPE_BEGIN|[121]|classIDMapWithFaliedStudents|Map<Id,Integer>|true|false
10:48:32.197 (296917284)|VARIABLE_ASSIGNMENT|[121]|classIDMapWithFaliedStudents|{}|0x4f1405bd
10:48:32.197 (296966623)|HEAP_ALLOCATE|[124]|Bytes:5
10:48:32.197 (296992690)|VARIABLE_SCOPE_BEGIN|[124]|s|Student__c|true|false
10:48:32.197 (297200222)|VARIABLE_ASSIGNMENT|[124]|s|{"LastModifiedDate":"2019-06-13T03:48:32.000Z","StudentId__c":"HS100151","IsDeleted":false,"Score1__c":4.00,"Score2__c":5.00,"Gender__c":false,"Score3__c":6.00,"Class__c":"a0H0o00000fKodfEAC","Name":"test batch","SystemModstamp":"2019-06-13T03:48:32.000Z","AverageScore__c":5.00,"CreatedById":"0050o00000WkyGGAAZ","Birthday__c":"2011-03-21T00:00:00.000Z","CreatedDate":"2019-06-13T03:48:32.000Z","Id":"a0I0o000019baSMEAY","LastModifiedById":"0050o00000WkyGGAAZ","State__c":"Passed"}|0x3dbb432
10:48:32.197 (297217993)|STATEMENT_EXECUTE|[125]
10:48:32.197 (297252014)|HEAP_ALLOCATE|[127]|Bytes:6
10:48:32.197 (297305544)|STATEMENT_EXECUTE|[128]
10:48:32.197 (297337367)|STATEMENT_EXECUTE|[134]
10:48:32.197 (297340818)|STATEMENT_EXECUTE|[135]
10:48:32.197 (297363462)|HEAP_ALLOCATE|[135]|Bytes:4
10:48:32.197 (297373732)|HEAP_ALLOCATE|[EXTERNAL]|Bytes:-4
10:48:32.197 (297393198)|HEAP_ALLOCATE|[124]|Bytes:5
10:48:32.197 (297408627)|VARIABLE_ASSIGNMENT|[124]|s|null|
10:48:32.197 (297416866)|STATEMENT_EXECUTE|[151]
10:48:32.197 (297420448)|HEAP_ALLOCATE|[151]|Bytes:77
10:48:32.197 (297439482)|HEAP_ALLOCATE|[151]|Bytes:4
10:48:32.197 (297725001)|SOQL_EXECUTE_BEGIN|[151]|Aggregations:0|SELECT id, NumberOfFailedStudents__c, NumberOfPassedStudents__c FROM Class__c
10:48:32.197 (300761884)|SOQL_EXECUTE_END|[151]|Rows:4
10:48:32.197 (300797681)|HEAP_ALLOCATE|[151]|Bytes:20
10:48:32.197 (300830305)|HEAP_ALLOCATE|[151]|Bytes:636
10:48:32.197 (300879371)|HEAP_ALLOCATE|[151]|Bytes:20
10:48:32.197 (300893619)|VARIABLE_SCOPE_BEGIN|[151]|classList|List<Class__c>|true|false
10:48:32.197 (300943530)|VARIABLE_ASSIGNMENT|[151]|classList|[{"Id":"a0H0o00000fKodcEAC","NumberOfFailedStudents__c":0,"NumberOfPassedStudents__c":0},{"Id":"a0H0o00000fKoddEAC","NumberOfFailedStudents__c":0,"NumberOfPassedStudents__c":0},{"Id":"a0H0o00000fKodeEAC","NumberOfFailedStudents__c":0,"NumberOfPassedStudents__c":0},{"Id":"a0H0o00000fKodfEAC","NumberOfFailedStudents__c":0,"NumberOfPassedStudents__c":0}]|0x46c9d155
10:48:32.197 (301004596)|HEAP_ALLOCATE|[153]|Bytes:5
10:48:32.197 (301025630)|HEAP_ALLOCATE|[153]|Bytes:16
10:48:32.197 (301037056)|VARIABLE_SCOPE_BEGIN|[153]|c|Class__c|true|false
10:48:32.197 (301076395)|VARIABLE_ASSIGNMENT|[153]|c|{"Id":"a0H0o00000fKodcEAC","NumberOfFailedStudents__c":0,"NumberOfPassedStudents__c":0}|0x3b1bccba
10:48:32.197 (301109416)|STATEMENT_EXECUTE|[154]
10:48:32.197 (301171298)|STATEMENT_EXECUTE|[156]
10:48:32.197 (301207772)|STATEMENT_EXECUTE|[172]
10:48:32.197 (301223688)|HEAP_ALLOCATE|[153]|Bytes:5
10:48:32.197 (301246081)|HEAP_ALLOCATE|[153]|Bytes:16
10:48:32.197 (301256886)|VARIABLE_SCOPE_BEGIN|[153]|c|Class__c|true|false
10:48:32.197 (301289497)|VARIABLE_ASSIGNMENT|[153]|c|{"Id":"a0H0o00000fKoddEAC","NumberOfFailedStudents__c":0,"NumberOfPassedStudents__c":0}|0x3b013f23
10:48:32.197 (301304827)|STATEMENT_EXECUTE|[154]
10:48:32.197 (301327812)|STATEMENT_EXECUTE|[156]
10:48:32.197 (301341099)|STATEMENT_EXECUTE|[172]
10:48:32.197 (301354261)|HEAP_ALLOCATE|[153]|Bytes:5
10:48:32.197 (301373680)|HEAP_ALLOCATE|[153]|Bytes:16
10:48:32.197 (301386231)|VARIABLE_SCOPE_BEGIN|[153]|c|Class__c|true|false
10:48:32.197 (301424447)|VARIABLE_ASSIGNMENT|[153]|c|{"Id":"a0H0o00000fKodeEAC","NumberOfFailedStudents__c":0,"NumberOfPassedStudents__c":0}|0x4100e163
10:48:32.197 (301438160)|STATEMENT_EXECUTE|[154]
10:48:32.197 (301456662)|STATEMENT_EXECUTE|[156]
10:48:32.197 (301468500)|STATEMENT_EXECUTE|[172]
10:48:32.197 (301482755)|HEAP_ALLOCATE|[153]|Bytes:5
10:48:32.197 (301496801)|HEAP_ALLOCATE|[153]|Bytes:16
10:48:32.197 (301502596)|VARIABLE_SCOPE_BEGIN|[153]|c|Class__c|true|false
10:48:32.197 (301523701)|VARIABLE_ASSIGNMENT|[153]|c|{"Id":"a0H0o00000fKodfEAC","NumberOfFailedStudents__c":0,"NumberOfPassedStudents__c":0}|0x591ec6be
10:48:32.197 (301532625)|STATEMENT_EXECUTE|[154]
10:48:32.197 (301543576)|STATEMENT_EXECUTE|[156]
10:48:32.197 (301552552)|STATEMENT_EXECUTE|[173]
10:48:32.197 (301608377)|STATEMENT_EXECUTE|[176]
10:48:32.197 (301610736)|STATEMENT_EXECUTE|[177]
10:48:32.197 (301658038)|HEAP_ALLOCATE|[177]|Bytes:28
10:48:32.197 (301703835)|HEAP_ALLOCATE|[177]|Bytes:28
10:48:32.197 (301710134)|HEAP_ALLOCATE|[177]|Bytes:28
10:48:32.197 (301736865)|HEAP_ALLOCATE|[177]|Bytes:28
10:48:32.197 (301742474)|HEAP_ALLOCATE|[177]|Bytes:28
10:48:32.197 (301820529)|VARIABLE_ASSIGNMENT|[177]|this.NumberOfPassedStudents__c|1|0x591ec6be
10:48:32.197 (301831563)|STATEMENT_EXECUTE|[184]
10:48:32.197 (301868915)|HEAP_ALLOCATE|[184]|Bytes:8
10:48:32.197 (301895778)|DML_BEGIN|[184]|Op:Update|Type:Class__c|Rows:1
10:48:32.197 (301933917)|HEAP_ALLOCATE|[EXTERNAL]|Bytes:8
10:48:32.197 (315202504)|DML_END|[184]
10:48:32.197 (315254365)|STATEMENT_EXECUTE|[185]
10:48:32.197 (315377800)|HEAP_ALLOCATE|[153]|Bytes:5
10:48:32.197 (315416652)|VARIABLE_ASSIGNMENT|[153]|c|null|
10:48:32.197 (315438221)|METHOD_EXIT|[52]|01p0o00000GMOB6|TriggerHandle.executeNOFAPStudentsUpdate(List<Student__c>, String)
10:48:32.197 (315451617)|SYSTEM_MODE_EXIT|false
10:48:32.197 (315461491)|METHOD_EXIT|[20]|01p0o00000GMOB6|TriggerHandle.onAfterInsert(List<Student__c>)
10:48:32.315 (315475173)|CUMULATIVE_LIMIT_USAGE
10:48:32.315 (315475173)|LIMIT_USAGE_FOR_NS|(default)|
  Number of SOQL queries: 0 out of 100
  Number of query rows: 0 out of 50000
  Number of SOSL queries: 0 out of 20
  Number of DML statements: 1 out of 150
  Number of DML rows: 4 out of 10000
  Maximum CPU time: 0 out of 10000
  Maximum heap size: 0 out of 6000000
  Number of callouts: 0 out of 100
  Number of Email Invocations: 0 out of 10
  Number of future calls: 0 out of 50
  Number of queueable jobs added to the queue: 0 out of 50
  Number of Mobile Apex push calls: 0 out of 10

10:48:32.315 (315475173)|TESTING_LIMITS
10:48:32.315 (315475173)|LIMIT_USAGE_FOR_NS|(default)|
  Number of SOQL queries: 3 out of 100
  Number of query rows: 9 out of 50000
  Number of SOSL queries: 0 out of 20
  Number of DML statements: 4 out of 150
  Number of DML rows: 4 out of 10000
  Maximum CPU time: 0 out of 10000
  Maximum heap size: 0 out of 6000000
  Number of callouts: 0 out of 100
  Number of Email Invocations: 0 out of 10
  Number of future calls: 0 out of 50
  Number of queueable jobs added to the queue: 0 out of 50
  Number of Mobile Apex push calls: 0 out of 10

10:48:32.315 (315475173)|CUMULATIVE_LIMIT_USAGE_END

10:48:32.197 (316919741)|CODE_UNIT_FINISHED|triggerStudent on Student trigger event AfterInsert|__sfdc_trigger/triggerStudent
10:48:32.197 (318234878)|DML_END|[63]
10:48:32.197 (318271520)|STATEMENT_EXECUTE|[65]
10:48:32.197 (319964813)|HEAP_ALLOCATE|[65]|Bytes:75
10:48:32.197 (319984242)|HEAP_ALLOCATE|[65]|Bytes:9
10:48:32.197 (320019892)|METHOD_ENTRY|[1]|01p0o00000GMVtN|ImportDataPatch.ImportDataPatch()
10:48:32.197 (320032046)|STATEMENT_EXECUTE|[1]
10:48:32.197 (320038001)|STATEMENT_EXECUTE|[1]
10:48:32.197 (320049098)|METHOD_EXIT|[1]|ImportDataPatch
10:48:32.197 (320072182)|HEAP_ALLOCATE|[65]|Bytes:4
10:48:32.197 (320101607)|CONSTRUCTOR_ENTRY|[65]|01p0o00000GMVtN|<init>()|ImportDataPatch
10:48:32.197 (320148692)|VARIABLE_SCOPE_BEGIN|[3]|this|ImportDataPatch|true|false
10:48:32.197 (320202366)|VARIABLE_ASSIGNMENT|[3]|this|{}|0x28d9774
10:48:32.197 (320219396)|STATEMENT_EXECUTE|[1]
10:48:32.197 (320245224)|STATEMENT_EXECUTE|[3]
10:48:32.197 (320259692)|CONSTRUCTOR_EXIT|[65]|01p0o00000GMVtN|<init>()|ImportDataPatch
10:48:32.197 (344880785)|STATEMENT_EXECUTE|[67]
10:48:32.197 (344895670)|HEAP_ALLOCATE|[67]|Bytes:51
10:48:32.197 (344933568)|HEAP_ALLOCATE|[67]|Bytes:4
10:48:32.197 (345228720)|SOQL_EXECUTE_BEGIN|[67]|Aggregations:0|SELECT id FROM Student__c WHERE Name = 'test batch'
10:48:32.197 (357120098)|SOQL_EXECUTE_END|[67]|Rows:1
10:48:32.197 (357156183)|HEAP_ALLOCATE|[67]|Bytes:8
10:48:32.197 (357178724)|HEAP_ALLOCATE|[67]|Bytes:29
10:48:32.197 (357220284)|HEAP_ALLOCATE|[67]|Bytes:8
10:48:32.197 (357237080)|HEAP_ALLOCATE|[67]|Bytes:36
10:48:32.197 (357257880)|HEAP_ALLOCATE|[67]|Bytes:8
10:48:32.197 (357289335)|VARIABLE_ASSIGNMENT|[67]|s|{"Id":"a0I0o000019baSMEAY"}|0x3ee63284
10:48:32.197 (357300380)|STATEMENT_EXECUTE|[68]
10:48:32.197 (357303990)|HEAP_ALLOCATE|[68]|Bytes:68
10:48:32.197 (357324427)|HEAP_ALLOCATE|[68]|Bytes:4
10:48:32.197 (357334346)|HEAP_ALLOCATE|[68]|Bytes:7
10:48:32.197 (357828900)|SOQL_EXECUTE_BEGIN|[68]|Aggregations:0|SELECT Course__c, Score__c FROM Score__c WHERE Student__c = :tmpVar1
10:48:32.197 (362002318)|SOQL_EXECUTE_END|[68]|Rows:0
10:48:32.197 (362034478)|HEAP_ALLOCATE|[68]|Bytes:4
10:48:32.197 (362048891)|HEAP_ALLOCATE|[68]|Bytes:0
10:48:32.197 (362128464)|HEAP_ALLOCATE|[68]|Bytes:4
10:48:32.197 (362147179)|VARIABLE_SCOPE_BEGIN|[68]|scoreList|List<Score__c>|true|false
10:48:32.197 (362173463)|VARIABLE_ASSIGNMENT|[68]|scoreList|[]|0x3fd6905d
10:48:32.197 (362353496)|HEAP_ALLOCATE|[69]|Bytes:5
10:48:32.197 (362377521)|VARIABLE_ASSIGNMENT|[69]|score|null|
10:48:32.197 (362384622)|STATEMENT_EXECUTE|[69]
10:48:32.197 (362386839)|STATEMENT_EXECUTE|[85]
10:48:32.197 (362409215)|METHOD_ENTRY|[85]||System.Test.stopTest()
10:48:32.197 (366674472)|CODE_UNIT_STARTED|[EXTERNAL]|01p0o00000GMVtN|ImportDataPatch
10:48:32.197 (367900009)|HEAP_ALLOCATE|[EXTERNAL]|Bytes:4
10:48:32.197 (371412090)|HEAP_ALLOCATE|[EXTERNAL]|Bytes:11
10:48:32.197 (371447865)|SYSTEM_METHOD_ENTRY|[15]|BatchableContextImpl.BatchableContextImpl()
10:48:32.197 (371456132)|STATEMENT_EXECUTE|[15]
10:48:32.197 (371466040)|SYSTEM_METHOD_EXIT|[15]|BatchableContextImpl
10:48:32.197 (371477182)|HEAP_ALLOCATE|[EXTERNAL]|Bytes:12
10:48:32.197 (371482247)|HEAP_ALLOCATE|[EXTERNAL]|Bytes:4
10:48:32.197 (371495030)|VARIABLE_SCOPE_BEGIN|[31]|this|Database.BatchableContextImpl|true|false
10:48:32.197 (371567846)|VARIABLE_ASSIGNMENT|[31]|this|{}|0x6d801407
10:48:32.197 (371577781)|VARIABLE_SCOPE_BEGIN|[31]|jobId|Id|false|false
10:48:32.197 (371685455)|VARIABLE_ASSIGNMENT|[31]|jobId|"7070o0000C6fLyaAQE"
10:48:32.197 (371694195)|VARIABLE_SCOPE_BEGIN|[31]|childJobId|Id|false|false
10:48:32.197 (371705479)|VARIABLE_ASSIGNMENT|[31]|childJobId|null
10:48:32.197 (371995590)|HEAP_ALLOCATE|[EXTERNAL]|Bytes:4
10:48:32.197 (372002707)|HEAP_ALLOCATE|[EXTERNAL]|Bytes:12
10:48:32.197 (372011169)|VARIABLE_SCOPE_BEGIN|[7]|this|ImportDataPatch|true|false
10:48:32.197 (372034082)|VARIABLE_ASSIGNMENT|[7]|this|{}|0x95b3194
10:48:32.197 (372043700)|VARIABLE_SCOPE_BEGIN|[7]|BC|Database.BatchableContext|true|false
10:48:32.197 (372139251)|VARIABLE_ASSIGNMENT|[7]|BC|{"jobId":"7070o0000C6fLyaAQE"}|0x6d801407
10:48:32.197 (372157571)|STATEMENT_EXECUTE|[7]
10:48:32.197 (372160892)|STATEMENT_EXECUTE|[9]
10:48:32.197 (372165618)|HEAP_ALLOCATE|[9]|Bytes:130
10:48:32.197 (372191803)|HEAP_ALLOCATE|[9]|Bytes:4
10:48:32.197 (372755705)|SOQL_EXECUTE_BEGIN|[9]|Aggregations:0|SELECT st.id, st.Score1__c, st.Score2__c, st.Score3__c FROM Student__c st 
10:48:32.197 (396819410)|SOQL_EXECUTE_END|[9]|Rows:1
10:48:32.197 (396874287)|HEAP_ALLOCATE|[9]|Bytes:20
10:48:32.408 (408170399)|CUMULATIVE_LIMIT_USAGE
10:48:32.408 (408170399)|LIMIT_USAGE_FOR_NS|(default)|
  Number of SOQL queries: 0 out of 200
  Number of query rows: 0 out of 50000
  Number of SOSL queries: 0 out of 20
  Number of DML statements: 0 out of 150
  Number of DML rows: 0 out of 10000
  Maximum CPU time: 0 out of 60000
  Maximum heap size: 0 out of 12000000
  Number of callouts: 0 out of 100
  Number of Email Invocations: 0 out of 10
  Number of future calls: 0 out of 0
  Number of queueable jobs added to the queue: 0 out of 1
  Number of Mobile Apex push calls: 0 out of 10

10:48:32.408 (408170399)|CUMULATIVE_LIMIT_USAGE_END

10:48:32.197 (408227926)|CODE_UNIT_FINISHED|ImportDataPatch
10:48:32.197 (410016177)|CODE_UNIT_STARTED|[EXTERNAL]|01p0o00000GMVtN|ImportDataPatch
10:48:32.197 (412666457)|HEAP_ALLOCATE|[EXTERNAL]|Bytes:4
10:48:32.197 (415109286)|HEAP_ALLOCATE|[EXTERNAL]|Bytes:12
10:48:32.197 (415123800)|HEAP_ALLOCATE|[EXTERNAL]|Bytes:4
10:48:32.197 (415131512)|HEAP_ALLOCATE|[EXTERNAL]|Bytes:4
10:48:32.197 (415146184)|VARIABLE_SCOPE_BEGIN|[31]|this|Database.BatchableContextImpl|true|false
10:48:32.197 (415216187)|VARIABLE_ASSIGNMENT|[31]|this|{}|0x71ecb091
10:48:32.197 (415231567)|VARIABLE_SCOPE_BEGIN|[31]|jobId|Id|false|false
10:48:32.197 (415386819)|VARIABLE_ASSIGNMENT|[31]|jobId|"7070o0000C6fLyaAQE"
10:48:32.197 (415400670)|VARIABLE_SCOPE_BEGIN|[31]|childJobId|Id|false|false
10:48:32.197 (415487189)|VARIABLE_ASSIGNMENT|[31]|childJobId|"7070o0000C6fLybAQE"
10:48:32.197 (423128836)|HEAP_ALLOCATE|[EXTERNAL]|Bytes:8
10:48:32.197 (425504564)|CODE_UNIT_STARTED|[EXTERNAL]|01p0o00000GMVtN|ImportDataPatch
10:48:32.197 (426111191)|HEAP_ALLOCATE|[EXTERNAL]|Bytes:4
10:48:32.197 (426121959)|HEAP_ALLOCATE|[EXTERNAL]|Bytes:12
10:48:32.197 (426142170)|HEAP_ALLOCATE|[EXTERNAL]|Bytes:8
10:48:32.197 (426153561)|VARIABLE_SCOPE_BEGIN|[21]|this|ImportDataPatch|true|false
10:48:32.197 (426197097)|VARIABLE_ASSIGNMENT|[21]|this|{}|0x735d64e7
10:48:32.197 (426212294)|VARIABLE_SCOPE_BEGIN|[21]|BC|Database.BatchableContext|true|false
10:48:32.197 (426393272)|VARIABLE_ASSIGNMENT|[21]|BC|{"childJobId":"7070o0000C6fLybAQE","jobId":"7070o0000C6fLyaAQE"}|0x71ecb091
10:48:32.197 (426412130)|VARIABLE_SCOPE_BEGIN|[21]|scope|List<Student__c>|true|false
10:48:32.197 (426451478)|VARIABLE_ASSIGNMENT|[21]|scope|[{"Id":"a0I0o000019baSMEAY","Score1__c":4.00,"Score2__c":5.00,"Score3__c":6.00}]|0x360df60
10:48:32.197 (426484911)|STATEMENT_EXECUTE|[21]
10:48:32.197 (426488360)|STATEMENT_EXECUTE|[22]
10:48:32.197 (426503937)|HEAP_ALLOCATE|[22]|Bytes:4
10:48:32.197 (426563171)|VARIABLE_SCOPE_BEGIN|[22]|courseList|List<Score__c>|true|false
10:48:32.197 (426584479)|HEAP_ALLOCATE|[EXTERNAL]|Bytes:4
10:48:32.197 (426598651)|VARIABLE_ASSIGNMENT|[22]|courseList|[]|0x747d1325
10:48:32.197 (426663598)|HEAP_ALLOCATE|[24]|Bytes:5
10:48:32.197 (426713289)|HEAP_ALLOCATE|[24]|Bytes:20
10:48:32.197 (426730054)|VARIABLE_SCOPE_BEGIN|[24]|s|Student__c|true|false
10:48:32.197 (426763939)|VARIABLE_ASSIGNMENT|[24]|s|{"Id":"a0I0o000019baSMEAY","Score1__c":4.00,"Score2__c":5.00,"Score3__c":6.00}|0x7ab66c03
10:48:32.197 (426783976)|STATEMENT_EXECUTE|[25]
10:48:32.197 (426786837)|STATEMENT_EXECUTE|[27]
10:48:32.197 (426813098)|HEAP_ALLOCATE|[27]|Bytes:4
10:48:32.197 (426926666)|VARIABLE_SCOPE_BEGIN|[27]|math|Score__c|true|false
10:48:32.197 (426954732)|VARIABLE_ASSIGNMENT|[27]|math|{}|0x62d445ee
10:48:32.197 (426968649)|STATEMENT_EXECUTE|[28]
10:48:32.197 (426974416)|HEAP_ALLOCATE|[28]|Bytes:4
10:48:32.197 (427062950)|VARIABLE_ASSIGNMENT|[28]|this.Course__c|"Math"|0x62d445ee
10:48:32.197 (427079887)|STATEMENT_EXECUTE|[29]
10:48:32.197 (427097631)|HEAP_ALLOCATE|[29]|Bytes:4
10:48:32.197 (427124765)|VARIABLE_SCOPE_BEGIN|[29]|chemistry|Score__c|true|false
10:48:32.197 (427150038)|VARIABLE_ASSIGNMENT|[29]|chemistry|{}|0x67ca0d0b
10:48:32.197 (427162188)|STATEMENT_EXECUTE|[30]
10:48:32.197 (427168391)|HEAP_ALLOCATE|[30]|Bytes:9
10:48:32.197 (427229085)|VARIABLE_ASSIGNMENT|[30]|this.Course__c|"Chemistry"|0x67ca0d0b
10:48:32.197 (427242996)|STATEMENT_EXECUTE|[31]
10:48:32.197 (427259151)|HEAP_ALLOCATE|[31]|Bytes:4
10:48:32.197 (427285258)|VARIABLE_SCOPE_BEGIN|[31]|physical|Score__c|true|false
10:48:32.197 (427310363)|VARIABLE_ASSIGNMENT|[31]|physical|{}|0x7bb2ceec
10:48:32.197 (427322368)|STATEMENT_EXECUTE|[32]
10:48:32.197 (427327365)|HEAP_ALLOCATE|[32]|Bytes:8
10:48:32.197 (427385875)|VARIABLE_ASSIGNMENT|[32]|this.Course__c|"Physical"|0x7bb2ceec
10:48:32.197 (427399176)|STATEMENT_EXECUTE|[34]
10:48:32.197 (427493599)|VARIABLE_ASSIGNMENT|[34]|this.Student__c|"a0I0o000019baSMEAY"|0x7bb2ceec
10:48:32.197 (427569297)|VARIABLE_ASSIGNMENT|[34]|this.Student__c|"a0I0o000019baSMEAY"|0x67ca0d0b
10:48:32.197 (427648371)|VARIABLE_ASSIGNMENT|[34]|this.Student__c|"a0I0o000019baSMEAY"|0x62d445ee
10:48:32.197 (427662285)|STATEMENT_EXECUTE|[35]
10:48:32.197 (427726622)|VARIABLE_ASSIGNMENT|[35]|this.Score__c|4.00|0x62d445ee
10:48:32.197 (427740896)|STATEMENT_EXECUTE|[36]
10:48:32.197 (427788238)|VARIABLE_ASSIGNMENT|[36]|this.Score__c|5.00|0x67ca0d0b
10:48:32.197 (427798022)|STATEMENT_EXECUTE|[37]
10:48:32.197 (427828284)|VARIABLE_ASSIGNMENT|[37]|this.Score__c|6.00|0x7bb2ceec
10:48:32.197 (427835300)|STATEMENT_EXECUTE|[39]
10:48:32.197 (427874985)|HEAP_ALLOCATE|[EXTERNAL]|Bytes:4
10:48:32.197 (427885007)|STATEMENT_EXECUTE|[40]
10:48:32.197 (427902219)|HEAP_ALLOCATE|[EXTERNAL]|Bytes:4
10:48:32.197 (427912771)|STATEMENT_EXECUTE|[41]
10:48:32.197 (427936667)|HEAP_ALLOCATE|[EXTERNAL]|Bytes:4
10:48:32.197 (427962205)|HEAP_ALLOCATE|[24]|Bytes:5
10:48:32.197 (427984775)|VARIABLE_ASSIGNMENT|[24]|s|null|
10:48:32.197 (427995471)|STATEMENT_EXECUTE|[44]
10:48:32.197 (428073675)|DML_BEGIN|[44]|Op:Insert|Type:Score__c|Rows:3
10:48:32.197 (428127419)|HEAP_ALLOCATE|[EXTERNAL]|Bytes:16
10:48:32.197 (448801152)|DML_END|[44]
10:48:32.197 (448853025)|HEAP_ALLOCATE|[EXTERNAL]|Bytes:16
10:48:32.197 (448892666)|CODE_UNIT_FINISHED|ImportDataPatch
10:48:32.469 (469002851)|CUMULATIVE_LIMIT_USAGE
10:48:32.469 (469002851)|LIMIT_USAGE_FOR_NS|(default)|
  Number of SOQL queries: 0 out of 200
  Number of query rows: 0 out of 50000
  Number of SOSL queries: 0 out of 20
  Number of DML statements: 0 out of 150
  Number of DML rows: 0 out of 10000
  Maximum CPU time: 0 out of 60000
  Maximum heap size: 0 out of 12000000
  Number of callouts: 0 out of 100
  Number of Email Invocations: 0 out of 10
  Number of future calls: 0 out of 0
  Number of queueable jobs added to the queue: 0 out of 1
  Number of Mobile Apex push calls: 0 out of 10

10:48:32.469 (469002851)|CUMULATIVE_LIMIT_USAGE_END

10:48:32.197 (469081653)|CODE_UNIT_FINISHED|ImportDataPatch
10:48:32.197 (471184050)|CODE_UNIT_STARTED|[EXTERNAL]|01p0o00000GMVtN|ImportDataPatch
10:48:32.197 (472203835)|HEAP_ALLOCATE|[EXTERNAL]|Bytes:4
10:48:32.197 (472383136)|HEAP_ALLOCATE|[EXTERNAL]|Bytes:12
10:48:32.197 (472394757)|HEAP_ALLOCATE|[EXTERNAL]|Bytes:4
10:48:32.197 (472405449)|VARIABLE_SCOPE_BEGIN|[31]|this|Database.BatchableContextImpl|true|false
10:48:32.197 (472468088)|VARIABLE_ASSIGNMENT|[31]|this|{}|0x4e45275c
10:48:32.197 (472478453)|VARIABLE_SCOPE_BEGIN|[31]|jobId|Id|false|false
10:48:32.197 (472583332)|VARIABLE_ASSIGNMENT|[31]|jobId|"7070o0000C6fLyaAQE"
10:48:32.197 (472591395)|VARIABLE_SCOPE_BEGIN|[31]|childJobId|Id|false|false
10:48:32.197 (472602073)|VARIABLE_ASSIGNMENT|[31]|childJobId|null
10:48:32.197 (475851574)|HEAP_ALLOCATE|[EXTERNAL]|Bytes:4
10:48:32.197 (475863652)|HEAP_ALLOCATE|[EXTERNAL]|Bytes:12
10:48:32.197 (475872981)|VARIABLE_SCOPE_BEGIN|[47]|this|ImportDataPatch|true|false
10:48:32.197 (475900856)|VARIABLE_ASSIGNMENT|[47]|this|{}|0x6bb64009
10:48:32.197 (475911098)|VARIABLE_SCOPE_BEGIN|[47]|BC|Database.BatchableContext|true|false
10:48:32.197 (476021581)|VARIABLE_ASSIGNMENT|[47]|BC|{"jobId":"7070o0000C6fLyaAQE"}|0x4e45275c
10:48:32.197 (476043126)|STATEMENT_EXECUTE|[47]
10:48:32.480 (480846292)|CUMULATIVE_LIMIT_USAGE
10:48:32.480 (480846292)|LIMIT_USAGE_FOR_NS|(default)|
  Number of SOQL queries: 0 out of 200
  Number of query rows: 0 out of 50000
  Number of SOSL queries: 0 out of 20
  Number of DML statements: 0 out of 150
  Number of DML rows: 0 out of 10000
  Maximum CPU time: 0 out of 60000
  Maximum heap size: 0 out of 12000000
  Number of callouts: 0 out of 100
  Number of Email Invocations: 0 out of 10
  Number of future calls: 0 out of 0
  Number of queueable jobs added to the queue: 0 out of 1
  Number of Mobile Apex push calls: 0 out of 10

10:48:32.480 (480846292)|CUMULATIVE_LIMIT_USAGE_END

10:48:32.197 (480905993)|CODE_UNIT_FINISHED|ImportDataPatch
10:48:32.197 (481897349)|METHOD_EXIT|[85]||System.Test.stopTest()
10:48:32.481 (481917680)|CUMULATIVE_LIMIT_USAGE
10:48:32.481 (481917680)|LIMIT_USAGE_FOR_NS|(default)|
  Number of SOQL queries: 0 out of 100
  Number of query rows: 0 out of 50000
  Number of SOSL queries: 0 out of 20
  Number of DML statements: 1 out of 150
  Number of DML rows: 4 out of 10000
  Maximum CPU time: 0 out of 10000
  Maximum heap size: 0 out of 6000000
  Number of callouts: 0 out of 100
  Number of Email Invocations: 0 out of 10
  Number of future calls: 0 out of 50
  Number of queueable jobs added to the queue: 0 out of 50
  Number of Mobile Apex push calls: 0 out of 10

10:48:32.481 (481917680)|TESTING_LIMITS
10:48:32.481 (481917680)|LIMIT_USAGE_FOR_NS|(default)|
  Number of SOQL queries: 5 out of 100
  Number of query rows: 10 out of 50000
  Number of SOSL queries: 0 out of 20
  Number of DML statements: 4 out of 150
  Number of DML rows: 4 out of 10000
  Maximum CPU time: 0 out of 10000
  Maximum heap size: 0 out of 6000000
  Number of callouts: 0 out of 100
  Number of Email Invocations: 0 out of 10
  Number of future calls: 0 out of 50
  Number of queueable jobs added to the queue: 0 out of 50
  Number of Mobile Apex push calls: 0 out of 10

10:48:32.481 (481917680)|CUMULATIVE_LIMIT_USAGE_END

10:48:32.197 (481958934)|CODE_UNIT_FINISHED|testBatch.testImportDataPatch()
10:48:32.197 (482851434)|EXECUTION_FINISHED
