36.0 APEX_CODE,FINEST;APEX_PROFILING,INFO;CALLOUT,INFO;DB,INFO;NBA,INFO;SYSTEM,DEBUG;VALIDATION,INFO;VISUALFORCE,INFO;WAVE,INFO;WORKFLOW,INFO
01:08:47.0 (366434)|USER_INFO|[EXTERNAL]|0050o00000WkyGG|ttvy@keizu.co.jp|Pacific Standard Time|GMT-07:00
01:08:47.0 (398082)|EXECUTION_STARTED
01:08:47.0 (405204)|CODE_UNIT_STARTED|[EXTERNAL]|0660o000008sbCc|VF: /apex/AddNewStudent
01:08:47.0 (908440)|VF_DESERIALIZE_VIEWSTATE_BEGIN|0660o000008sbCc
01:08:47.0 (13929442)|VF_DESERIALIZE_VIEWSTATE_END
01:08:47.14 (14836231)|SYSTEM_MODE_ENTER|true
01:08:47.15 (15895341)|SYSTEM_MODE_ENTER|true
01:08:47.15 (15954544)|HEAP_ALLOCATE|[EXTERNAL]|Bytes:8
01:08:47.15 (15974092)|VARIABLE_SCOPE_BEGIN|[88]|this|ApexPage.PageMessagesComponentController|true|false
01:08:47.15 (16040402)|VARIABLE_ASSIGNMENT|[88]|this|{}|0x3cb7f179
01:08:47.15 (16049038)|VARIABLE_SCOPE_BEGIN|[88]|escape|Boolean|false|false
01:08:47.15 (16058124)|VARIABLE_ASSIGNMENT|[88]|escape|null
01:08:47.0 (28237879)|SYSTEM_MODE_ENTER|true
01:08:47.0 (28274935)|HEAP_ALLOCATE|[EXTERNAL]|Bytes:19
01:08:47.0 (28291553)|HEAP_ALLOCATE|[EXTERNAL]|Bytes:376
01:08:47.0 (28296680)|HEAP_ALLOCATE|[EXTERNAL]|Bytes:63
01:08:47.0 (28300568)|HEAP_ALLOCATE|[EXTERNAL]|Bytes:10
01:08:47.0 (28314521)|METHOD_ENTRY|[1]|01p0o00000GLKhZ|Controller.Controller()
01:08:47.0 (28324502)|STATEMENT_EXECUTE|[1]
01:08:47.0 (28330766)|STATEMENT_EXECUTE|[1]
01:08:47.0 (28340024)|SYSTEM_MODE_ENTER|false
01:08:47.0 (28347811)|HEAP_ALLOCATE|[EXTERNAL]|Bytes:5
01:08:47.0 (28356508)|STATEMENT_EXECUTE|[18]
01:08:47.0 (28358404)|STATEMENT_EXECUTE|[37]
01:08:47.0 (28363565)|SYSTEM_MODE_EXIT|false
01:08:47.0 (28373216)|METHOD_EXIT|[1]|Controller
01:08:47.0 (28459958)|SYSTEM_MODE_ENTER|true
01:08:47.0 (28522560)|SYSTEM_MODE_ENTER|true
01:08:47.0 (28587062)|SYSTEM_MODE_ENTER|true
01:08:47.0 (28642971)|SYSTEM_MODE_ENTER|true
01:08:47.0 (28689142)|SYSTEM_MODE_ENTER|true
01:08:47.0 (28730796)|SYSTEM_MODE_ENTER|true
01:08:47.0 (28848844)|SYSTEM_MODE_ENTER|true
01:08:47.0 (29070039)|HEAP_ALLOCATE|[EXTERNAL]|Bytes:64
01:08:47.0 (29088395)|VARIABLE_SCOPE_BEGIN|[56]|this|Controller|true|false
01:08:47.0 (29166719)|VARIABLE_ASSIGNMENT|[56]|this|{}|0x380b48ed
01:08:47.0 (29184286)|SYSTEM_MODE_ENTER|false
01:08:47.0 (29197210)|HEAP_ALLOCATE|[57]|Bytes:5
01:08:47.0 (29202455)|STATEMENT_EXECUTE|[56]
01:08:47.0 (29204483)|STATEMENT_EXECUTE|[57]
01:08:47.0 (29216375)|HEAP_ALLOCATE|[57]|Bytes:4
01:08:47.0 (29252753)|VARIABLE_SCOPE_BEGIN|[57]|options|List<System.SelectOption>|true|false
01:08:47.0 (29278416)|HEAP_ALLOCATE|[EXTERNAL]|Bytes:4
01:08:47.0 (29289911)|VARIABLE_ASSIGNMENT|[57]|options|[]|0x3884a167
01:08:47.0 (29296201)|STATEMENT_EXECUTE|[58]
01:08:47.0 (29300343)|HEAP_ALLOCATE|[58]|Bytes:33
01:08:47.0 (29316722)|HEAP_ALLOCATE|[58]|Bytes:4
01:08:47.0 (30442601)|SOQL_EXECUTE_BEGIN|[58]|Aggregations:0|SELECT className__C FROM Class__c
01:08:47.0 (32838909)|SOQL_EXECUTE_END|[58]|Rows:2
01:08:47.0 (32863113)|HEAP_ALLOCATE|[58]|Bytes:12
01:08:47.0 (32883247)|HEAP_ALLOCATE|[58]|Bytes:101
01:08:47.0 (32959103)|HEAP_ALLOCATE|[58]|Bytes:12
01:08:47.0 (32978511)|VARIABLE_SCOPE_BEGIN|[58]|data|List<Class__c>|true|false
01:08:47.0 (33016377)|VARIABLE_ASSIGNMENT|[58]|data|[{"className__c":"Math","Id":"a0H0o00000fJQDjEAO"},{"className__c":"English","Id":"a0H0o00000fJQDkEAO"}]|0x3b5794ac
01:08:47.0 (33196753)|HEAP_ALLOCATE|[59]|Bytes:5
01:08:47.0 (33227743)|HEAP_ALLOCATE|[59]|Bytes:12
01:08:47.0 (33238379)|VARIABLE_SCOPE_BEGIN|[59]|c|Class__c|true|false
01:08:47.0 (33259375)|VARIABLE_ASSIGNMENT|[59]|c|{"className__c":"Math","Id":"a0H0o00000fJQDjEAO"}|0x6fe44f49
01:08:47.0 (33266416)|STATEMENT_EXECUTE|[59]
01:08:47.0 (33268268)|STATEMENT_EXECUTE|[60]
01:08:47.0 (33277053)|HEAP_ALLOCATE|[60]|Bytes:12
01:08:47.0 (33365646)|HEAP_ALLOCATE|[60]|Bytes:4
01:08:47.0 (33402600)|HEAP_ALLOCATE|[60]|Bytes:4
01:08:47.0 (33443530)|HEAP_ALLOCATE|[EXTERNAL]|Bytes:4
01:08:47.0 (33462097)|HEAP_ALLOCATE|[59]|Bytes:5
01:08:47.0 (33472760)|HEAP_ALLOCATE|[59]|Bytes:12
01:08:47.0 (33479690)|VARIABLE_SCOPE_BEGIN|[59]|c|Class__c|true|false
01:08:47.0 (33496056)|VARIABLE_ASSIGNMENT|[59]|c|{"className__c":"English","Id":"a0H0o00000fJQDkEAO"}|0x798b6c82
01:08:47.0 (33502998)|STATEMENT_EXECUTE|[59]
01:08:47.0 (33504695)|STATEMENT_EXECUTE|[60]
01:08:47.0 (33534682)|HEAP_ALLOCATE|[60]|Bytes:7
01:08:47.0 (33561894)|HEAP_ALLOCATE|[60]|Bytes:7
01:08:47.0 (33577429)|HEAP_ALLOCATE|[EXTERNAL]|Bytes:4
01:08:47.0 (33588697)|HEAP_ALLOCATE|[59]|Bytes:5
01:08:47.0 (33600270)|VARIABLE_ASSIGNMENT|[59]|c|null|
01:08:47.0 (33605333)|STATEMENT_EXECUTE|[63]
01:08:47.0 (33610375)|SYSTEM_MODE_EXIT|false
01:08:47.0 (33760323)|SYSTEM_MODE_ENTER|true
01:08:47.34 (34074188)|SYSTEM_MODE_ENTER|true
01:08:47.34 (34139072)|HEAP_ALLOCATE|[EXTERNAL]|Bytes:8
01:08:47.34 (34149355)|VARIABLE_SCOPE_BEGIN|[88]|this|ApexPage.PageMessagesComponentController|true|false
01:08:47.34 (34178554)|VARIABLE_ASSIGNMENT|[88]|this|{}|0x3cb7f179
01:08:47.34 (34185019)|VARIABLE_SCOPE_BEGIN|[88]|escape|Boolean|false|false
01:08:47.34 (34198595)|VARIABLE_ASSIGNMENT|[88]|escape|null
01:08:47.0 (34254246)|SYSTEM_MODE_ENTER|true
01:08:47.0 (34280529)|HEAP_ALLOCATE|[EXTERNAL]|Bytes:3
01:08:47.0 (34285242)|HEAP_ALLOCATE|[EXTERNAL]|Bytes:64
01:08:47.0 (34297025)|VARIABLE_ASSIGNMENT|[EXTERNAL]|this.namef|"aaa"|0x380b48ed
01:08:47.0 (34333280)|SYSTEM_MODE_ENTER|true
01:08:47.0 (34347541)|HEAP_ALLOCATE|[EXTERNAL]|Bytes:2
01:08:47.0 (34351712)|HEAP_ALLOCATE|[EXTERNAL]|Bytes:64
01:08:47.0 (34359803)|VARIABLE_ASSIGNMENT|[EXTERNAL]|this.namel|"yy"|0x380b48ed
01:08:47.0 (34388081)|SYSTEM_MODE_ENTER|true
01:08:47.0 (34404018)|HEAP_ALLOCATE|[EXTERNAL]|Bytes:5
01:08:47.0 (34407886)|HEAP_ALLOCATE|[EXTERNAL]|Bytes:64
01:08:47.0 (34417668)|VARIABLE_ASSIGNMENT|[EXTERNAL]|this.gender|false|0x380b48ed
01:08:47.0 (34526309)|SYSTEM_MODE_ENTER|true
01:08:47.0 (34543507)|HEAP_ALLOCATE|[EXTERNAL]|Bytes:4
01:08:47.0 (34548532)|HEAP_ALLOCATE|[EXTERNAL]|Bytes:64
01:08:47.0 (34573015)|VARIABLE_ASSIGNMENT|[EXTERNAL]|this.birthday|"2019-05-17T00:00:00.000Z"|0x380b48ed
01:08:47.0 (34606933)|SYSTEM_MODE_ENTER|true
01:08:47.0 (34631696)|HEAP_ALLOCATE|[EXTERNAL]|Bytes:28
01:08:47.0 (34635877)|HEAP_ALLOCATE|[EXTERNAL]|Bytes:64
01:08:47.0 (34645575)|VARIABLE_ASSIGNMENT|[EXTERNAL]|this.score1|7|0x380b48ed
01:08:47.0 (34673396)|SYSTEM_MODE_ENTER|true
01:08:47.0 (34687622)|HEAP_ALLOCATE|[EXTERNAL]|Bytes:28
01:08:47.0 (34691502)|HEAP_ALLOCATE|[EXTERNAL]|Bytes:64
01:08:47.0 (34698868)|VARIABLE_ASSIGNMENT|[EXTERNAL]|this.score2|0|0x380b48ed
01:08:47.0 (34725625)|SYSTEM_MODE_ENTER|true
01:08:47.0 (34738972)|HEAP_ALLOCATE|[EXTERNAL]|Bytes:28
01:08:47.0 (34742881)|HEAP_ALLOCATE|[EXTERNAL]|Bytes:64
01:08:47.0 (34749596)|VARIABLE_ASSIGNMENT|[EXTERNAL]|this.score3|0|0x380b48ed
01:08:47.0 (34777488)|SYSTEM_MODE_ENTER|true
01:08:47.0 (34791364)|HEAP_ALLOCATE|[EXTERNAL]|Bytes:4
01:08:47.0 (34795990)|HEAP_ALLOCATE|[EXTERNAL]|Bytes:64
01:08:47.0 (34804140)|VARIABLE_ASSIGNMENT|[EXTERNAL]|this.userselectSecondpage|"Math"|0x380b48ed
01:08:47.0 (34937439)|HEAP_ALLOCATE|[EXTERNAL]|Bytes:64
01:08:47.0 (34946315)|VARIABLE_SCOPE_BEGIN|[91]|this|Controller|true|false
01:08:47.0 (34995102)|VARIABLE_ASSIGNMENT|[91]|this|{"birthday":"2019-05-17T00:00:00.000Z","gender":false,"namef":"aaa","namel":"yy","score1":7,"score2":0,"score3":0,"userselectSecondpage":"Math"}|0x380b48ed
01:08:47.0 (35010310)|SYSTEM_MODE_ENTER|false
01:08:47.0 (35017242)|HEAP_ALLOCATE|[92]|Bytes:5
01:08:47.0 (35022292)|STATEMENT_EXECUTE|[91]
01:08:47.0 (35024230)|STATEMENT_EXECUTE|[92]
01:08:47.0 (35028036)|VARIABLE_SCOPE_BEGIN|[92]|ref|System.PageReference|true|false
01:08:47.0 (35037314)|VARIABLE_ASSIGNMENT|[92]|ref|null|
01:08:47.0 (35041767)|STATEMENT_EXECUTE|[93]
01:08:47.0 (35043285)|STATEMENT_EXECUTE|[93]
01:08:47.0 (35044693)|STATEMENT_EXECUTE|[94]
01:08:47.0 (35047859)|HEAP_ALLOCATE|[94]|Bytes:53
01:08:47.0 (35064073)|HEAP_ALLOCATE|[94]|Bytes:4
01:08:47.0 (35072884)|HEAP_ALLOCATE|[94]|Bytes:7
01:08:47.0 (35135176)|VARIABLE_ASSIGNMENT|[EXTERNAL]|this|{"birthday":"2019-05-17T00:00:00.000Z","gender":false,"namef":"aaa","namel":"yy","score1":7,"score2":0,"score3":0,"userselectSecondpage":"Math"}|0x380b48ed
01:08:47.0 (35407072)|SOQL_EXECUTE_BEGIN|[94]|Aggregations:0|SELECT id FROM Class__c WHERE className__c = :tmpVar1
01:08:47.0 (38176762)|SOQL_EXECUTE_END|[94]|Rows:1
01:08:47.0 (38209216)|HEAP_ALLOCATE|[94]|Bytes:8
01:08:47.0 (38227357)|HEAP_ALLOCATE|[94]|Bytes:29
01:08:47.0 (38262717)|HEAP_ALLOCATE|[94]|Bytes:8
01:08:47.0 (38277406)|HEAP_ALLOCATE|[94]|Bytes:34
01:08:47.0 (38297218)|HEAP_ALLOCATE|[94]|Bytes:8
01:08:47.0 (38306731)|VARIABLE_SCOPE_BEGIN|[94]|c|Class__c|true|false
01:08:47.0 (38331259)|VARIABLE_ASSIGNMENT|[94]|c|{"Id":"a0H0o00000fJQDjEAO"}|0x118f1527
01:08:47.0 (38338564)|STATEMENT_EXECUTE|[98]
01:08:47.0 (38403188)|HEAP_ALLOCATE|[98]|Bytes:4
01:08:47.0 (38494882)|VARIABLE_SCOPE_BEGIN|[98]|student|Student__c|true|false
01:08:47.0 (38516463)|VARIABLE_ASSIGNMENT|[98]|student|{}|0x613ba4bd
01:08:47.0 (38522545)|STATEMENT_EXECUTE|[99]
01:08:47.0 (38611402)|VARIABLE_ASSIGNMENT|[EXTERNAL]|this|{"birthday":"2019-05-17T00:00:00.000Z","gender":false,"namef":"aaa","namel":"yy","score1":7,"score2":0,"score3":0,"userselectSecondpage":"Math"}|0x380b48ed
01:08:47.0 (39789012)|VARIABLE_ASSIGNMENT|[99]|this.Namef__c|"aaa"|0x613ba4bd
01:08:47.0 (39799330)|STATEMENT_EXECUTE|[100]
01:08:47.0 (39869788)|VARIABLE_ASSIGNMENT|[EXTERNAL]|this|{"birthday":"2019-05-17T00:00:00.000Z","gender":false,"namef":"aaa","namel":"yy","score1":7,"score2":0,"score3":0,"userselectSecondpage":"Math"}|0x380b48ed
01:08:47.0 (39932083)|VARIABLE_ASSIGNMENT|[100]|this.Namel__c|"yy"|0x613ba4bd
01:08:47.0 (39939613)|STATEMENT_EXECUTE|[101]
01:08:47.0 (39995731)|VARIABLE_ASSIGNMENT|[EXTERNAL]|this|{"birthday":"2019-05-17T00:00:00.000Z","gender":false,"namef":"aaa","namel":"yy","score1":7,"score2":0,"score3":0,"userselectSecondpage":"Math"}|0x380b48ed
01:08:47.0 (40049241)|VARIABLE_ASSIGNMENT|[101]|this.Gender__c|false|0x613ba4bd
01:08:47.0 (40057010)|STATEMENT_EXECUTE|[102]
01:08:47.0 (40120898)|VARIABLE_ASSIGNMENT|[EXTERNAL]|this|{"birthday":"2019-05-17T00:00:00.000Z","gender":false,"namef":"aaa","namel":"yy","score1":7,"score2":0,"score3":0,"userselectSecondpage":"Math"}|0x380b48ed
01:08:47.0 (40161140)|HEAP_ALLOCATE|[102]|Bytes:4
01:08:47.0 (40221765)|VARIABLE_ASSIGNMENT|[102]|this.Birthday__c|"2019-05-17T00:00:00.000Z"|0x613ba4bd
01:08:47.0 (40229427)|STATEMENT_EXECUTE|[103]
01:08:47.0 (40287254)|VARIABLE_ASSIGNMENT|[EXTERNAL]|this|{"birthday":"2019-05-17T00:00:00.000Z","gender":false,"namef":"aaa","namel":"yy","score1":7,"score2":0,"score3":0,"userselectSecondpage":"Math"}|0x380b48ed
01:08:47.0 (40337671)|VARIABLE_ASSIGNMENT|[103]|this.Score1__c|7|0x613ba4bd
01:08:47.0 (40345319)|STATEMENT_EXECUTE|[104]
01:08:47.0 (40395673)|VARIABLE_ASSIGNMENT|[EXTERNAL]|this|{"birthday":"2019-05-17T00:00:00.000Z","gender":false,"namef":"aaa","namel":"yy","score1":7,"score2":0,"score3":0,"userselectSecondpage":"Math"}|0x380b48ed
01:08:47.0 (40442246)|VARIABLE_ASSIGNMENT|[104]|this.Score2__c|0|0x613ba4bd
01:08:47.0 (40449025)|STATEMENT_EXECUTE|[105]
01:08:47.0 (40500489)|VARIABLE_ASSIGNMENT|[EXTERNAL]|this|{"birthday":"2019-05-17T00:00:00.000Z","gender":false,"namef":"aaa","namel":"yy","score1":7,"score2":0,"score3":0,"userselectSecondpage":"Math"}|0x380b48ed
01:08:47.0 (40546093)|VARIABLE_ASSIGNMENT|[105]|this.Score3__c|0|0x613ba4bd
01:08:47.0 (40552807)|STATEMENT_EXECUTE|[106]
01:08:47.0 (40597800)|VARIABLE_ASSIGNMENT|[EXTERNAL]|this|{"birthday":"2019-05-17T00:00:00.000Z","gender":false,"namef":"aaa","namel":"yy","score1":7,"score2":0,"score3":0,"userselectSecondpage":"Math"}|0x380b48ed
01:08:47.0 (40639768)|VARIABLE_ASSIGNMENT|[EXTERNAL]|this|{"birthday":"2019-05-17T00:00:00.000Z","gender":false,"namef":"aaa","namel":"yy","score1":7,"score2":0,"score3":0,"userselectSecondpage":"Math"}|0x380b48ed
01:08:47.0 (40660479)|HEAP_ALLOCATE|[106]|Bytes:5
01:08:47.0 (40764330)|VARIABLE_ASSIGNMENT|[106]|this.Name|"aaayy"|0x613ba4bd
01:08:47.0 (40771558)|STATEMENT_EXECUTE|[107]
01:08:47.0 (40854165)|VARIABLE_ASSIGNMENT|[107]|this.Class__c|"a0H0o00000fJQDjEAO"|0x613ba4bd
01:08:47.0 (40862198)|STATEMENT_EXECUTE|[108]
01:08:47.0 (40884625)|HEAP_ALLOCATE|[108]|Bytes:8
01:08:47.0 (40914137)|DML_BEGIN|[108]|Op:Insert|Type:Student__c|Rows:1
01:08:47.0 (40946391)|HEAP_ALLOCATE|[EXTERNAL]|Bytes:8
01:08:47.0 (105309595)|CODE_UNIT_STARTED|[EXTERNAL]|01q0o000000jKrN|triggerStudent on Student trigger event BeforeInsert|__sfdc_trigger/triggerStudent
01:08:47.0 (105365128)|HEAP_ALLOCATE|[EXTERNAL]|Bytes:8
01:08:47.0 (105472544)|HEAP_ALLOCATE|[EXTERNAL]|Bytes:2
01:08:47.0 (122943685)|HEAP_ALLOCATE|[EXTERNAL]|Bytes:8
01:08:47.0 (122963597)|VARIABLE_SCOPE_BEGIN|[1]|this|triggerStudent|true|false
01:08:47.0 (123006136)|VARIABLE_ASSIGNMENT|[1]|this|{}|0x1346c9e4
01:08:47.0 (123085581)|HEAP_ALLOCATE|[EXTERNAL]|Bytes:8
01:08:47.0 (123130530)|VARIABLE_SCOPE_BEGIN|[1]|this|triggerStudent|true|false
01:08:47.0 (123147023)|VARIABLE_ASSIGNMENT|[1]|this|{}|0x1346c9e4
01:08:47.0 (123154046)|STATEMENT_EXECUTE|[1]
01:08:47.0 (123156480)|STATEMENT_EXECUTE|[3]
01:08:47.0 (123163891)|HEAP_ALLOCATE|[3]|Bytes:15
01:08:47.0 (123170091)|HEAP_ALLOCATE|[3]|Bytes:19
01:08:47.0 (123173934)|HEAP_ALLOCATE|[3]|Bytes:3
01:08:47.0 (123229439)|METHOD_ENTRY|[1]|01p0o00000GMOB6|TriggerHandle.TriggerHandle()
01:08:47.0 (123236722)|STATEMENT_EXECUTE|[1]
01:08:47.0 (123240580)|STATEMENT_EXECUTE|[1]
01:08:47.0 (123768390)|SYSTEM_MODE_ENTER|false
01:08:47.0 (123780281)|HEAP_ALLOCATE|[3]|Bytes:5
01:08:47.0 (123786181)|STATEMENT_EXECUTE|[160]
01:08:47.0 (123790631)|SYSTEM_MODE_EXIT|false
01:08:47.0 (123800818)|METHOD_EXIT|[1]|TriggerHandle
01:08:47.0 (123813758)|HEAP_ALLOCATE|[3]|Bytes:4
01:08:47.0 (123830104)|CONSTRUCTOR_ENTRY|[3]|01p0o00000GMOB6|<init>()|TriggerHandle
01:08:47.0 (123854138)|VARIABLE_SCOPE_BEGIN|[3]|this|TriggerHandle|true|false
01:08:47.0 (123873117)|VARIABLE_ASSIGNMENT|[3]|this|{}|0x9f30461
01:08:47.0 (123883889)|SYSTEM_MODE_ENTER|false
01:08:47.0 (123889282)|HEAP_ALLOCATE|[EXTERNAL]|Bytes:5
01:08:47.0 (123893851)|STATEMENT_EXECUTE|[1]
01:08:47.0 (123896733)|HEAP_ALLOCATE|[EXTERNAL]|Bytes:5
01:08:47.0 (123905300)|HEAP_ALLOCATE|[EXTERNAL]|Bytes:6
01:08:47.0 (123927452)|STATEMENT_EXECUTE|[4]
01:08:47.0 (123930354)|SYSTEM_MODE_EXIT|false
01:08:47.0 (123938123)|CONSTRUCTOR_EXIT|[3]|01p0o00000GMOB6|<init>()|TriggerHandle
01:08:47.0 (123961852)|VARIABLE_ASSIGNMENT|[3]|this.handle|0x9f30461|0x1346c9e4
01:08:47.0 (123972407)|STATEMENT_EXECUTE|[5]
01:08:47.0 (123977176)|STATEMENT_EXECUTE|[10]
01:08:47.0 (123978826)|STATEMENT_EXECUTE|[11]
01:08:47.0 (124046744)|METHOD_ENTRY|[11]|01p0o00000GMOB6|TriggerHandle.onBeforeInsert(List<Student__c>)
01:08:47.0 (124071616)|VARIABLE_SCOPE_BEGIN|[7]|this|TriggerHandle|true|false
01:08:47.0 (124087614)|VARIABLE_ASSIGNMENT|[7]|this|{}|0x9f30461
01:08:47.0 (124094169)|VARIABLE_SCOPE_BEGIN|[7]|newStudentList|List<Student__c>|true|false
01:08:47.0 (125030817)|VARIABLE_ASSIGNMENT|[7]|newStudentList|[{"AverageScore__c":2.33,"IsDeleted":false,"Score1__c":7.00,"Score2__c":0.00,"Birthday__c":"2019-05-17T00:00:00.000Z","Namel__c":"yy","Gender__c":false,"Score3__c":0.00,"Class__c":"a0H0o00000fJQDjEAO","State__c":"Failed","Name":"aaayy","Namef__c":"aaa"}]|0xde21f74
01:08:47.0 (125049570)|SYSTEM_MODE_ENTER|false
01:08:47.0 (125057581)|HEAP_ALLOCATE|[9]|Bytes:5
01:08:47.0 (125063643)|STATEMENT_EXECUTE|[8]
01:08:47.0 (125065420)|STATEMENT_EXECUTE|[9]
01:08:47.0 (125066859)|STATEMENT_EXECUTE|[10]
01:08:47.0 (125240184)|HEAP_ALLOCATE|[11]|Bytes:5
01:08:47.0 (125257858)|HEAP_ALLOCATE|[11]|Bytes:4
01:08:47.0 (125266681)|VARIABLE_SCOPE_BEGIN|[11]|s|Student__c|true|false
01:08:47.0 (125467222)|VARIABLE_ASSIGNMENT|[11]|s|{"AverageScore__c":2.33,"IsDeleted":false,"Score1__c":7.00,"Score2__c":0.00,"Birthday__c":"2019-05-17T00:00:00.000Z","Namel__c":"yy","Gender__c":false,"Score3__c":0.00,"Class__c":"a0H0o00000fJQDjEAO","State__c":"Failed","Name":"aaayy","Namef__c":"aaa"}|0x5df3ba5c
01:08:47.0 (125478425)|STATEMENT_EXECUTE|[12]
01:08:47.0 (125508730)|STATEMENT_EXECUTE|[13]
01:08:47.0 (125534575)|HEAP_ALLOCATE|[17]|Bytes:28
01:08:47.0 (125540163)|STATEMENT_EXECUTE|[17]
01:08:47.0 (125553925)|HEAP_ALLOCATE|[21]|Bytes:28
01:08:47.0 (125558193)|STATEMENT_EXECUTE|[21]
01:08:47.0 (125569730)|STATEMENT_EXECUTE|[30]
01:08:47.0 (125571313)|STATEMENT_EXECUTE|[31]
01:08:47.0 (125614788)|HEAP_ALLOCATE|[31]|Bytes:4
01:08:47.0 (125652164)|VARIABLE_SCOPE_BEGIN|[31]|age|Integer|false|false
01:08:47.0 (125660472)|HEAP_ALLOCATE|[31]|Bytes:4
01:08:47.0 (125668943)|VARIABLE_ASSIGNMENT|[31]|age|0
01:08:47.0 (125675924)|STATEMENT_EXECUTE|[32]
01:08:47.0 (125685819)|HEAP_ALLOCATE|[11]|Bytes:5
01:08:47.0 (125697405)|VARIABLE_ASSIGNMENT|[11]|s|null|
01:08:47.0 (125705412)|SYSTEM_MODE_EXIT|false
01:08:47.0 (125714067)|METHOD_EXIT|[11]|01p0o00000GMOB6|TriggerHandle.onBeforeInsert(List<Student__c>)
01:08:47.125 (125731201)|CUMULATIVE_LIMIT_USAGE
01:08:47.125 (125731201)|LIMIT_USAGE_FOR_NS|(default)|
  Number of SOQL queries: 2 out of 100
  Number of query rows: 3 out of 50000
  Number of SOSL queries: 0 out of 20
  Number of DML statements: 1 out of 150
  Number of DML rows: 1 out of 10000
  Maximum CPU time: 0 out of 10000
  Maximum heap size: 0 out of 6000000
  Number of callouts: 0 out of 100
  Number of Email Invocations: 0 out of 10
  Number of future calls: 0 out of 50
  Number of queueable jobs added to the queue: 0 out of 50
  Number of Mobile Apex push calls: 0 out of 10

01:08:47.125 (125731201)|CUMULATIVE_LIMIT_USAGE_END

01:08:47.0 (126854824)|CODE_UNIT_FINISHED|triggerStudent on Student trigger event BeforeInsert|__sfdc_trigger/triggerStudent
01:08:47.0 (152330658)|CODE_UNIT_STARTED|[EXTERNAL]|01q0o000000jKrN|triggerStudent on Student trigger event AfterInsert|__sfdc_trigger/triggerStudent
01:08:47.0 (152444307)|HEAP_ALLOCATE|[EXTERNAL]|Bytes:8
01:08:47.0 (152622944)|HEAP_ALLOCATE|[EXTERNAL]|Bytes:8
01:08:47.0 (152639303)|VARIABLE_SCOPE_BEGIN|[1]|this|triggerStudent|true|false
01:08:47.0 (152686900)|VARIABLE_ASSIGNMENT|[1]|this|{}|0x4ba9b762
01:08:47.0 (152740330)|HEAP_ALLOCATE|[EXTERNAL]|Bytes:8
01:08:47.0 (152750051)|VARIABLE_SCOPE_BEGIN|[1]|this|triggerStudent|true|false
01:08:47.0 (152770845)|VARIABLE_ASSIGNMENT|[1]|this|{}|0x4ba9b762
01:08:47.0 (152781778)|STATEMENT_EXECUTE|[1]
01:08:47.0 (152785272)|STATEMENT_EXECUTE|[3]
01:08:47.0 (152792375)|HEAP_ALLOCATE|[3]|Bytes:4
01:08:47.0 (152810629)|CONSTRUCTOR_ENTRY|[3]|01p0o00000GMOB6|<init>()|TriggerHandle
01:08:47.0 (152824385)|VARIABLE_SCOPE_BEGIN|[3]|this|TriggerHandle|true|false
01:08:47.0 (152843610)|VARIABLE_ASSIGNMENT|[3]|this|{}|0x7fac9cec
01:08:47.0 (153274547)|SYSTEM_MODE_ENTER|false
01:08:47.0 (153291065)|HEAP_ALLOCATE|[EXTERNAL]|Bytes:5
01:08:47.0 (153299005)|STATEMENT_EXECUTE|[1]
01:08:47.0 (153303775)|HEAP_ALLOCATE|[EXTERNAL]|Bytes:5
01:08:47.0 (153330369)|STATEMENT_EXECUTE|[4]
01:08:47.0 (153334125)|SYSTEM_MODE_EXIT|false
01:08:47.0 (153343580)|CONSTRUCTOR_EXIT|[3]|01p0o00000GMOB6|<init>()|TriggerHandle
01:08:47.0 (153365177)|VARIABLE_ASSIGNMENT|[3]|this.handle|0x7fac9cec|0x4ba9b762
01:08:47.0 (153374713)|STATEMENT_EXECUTE|[15]
01:08:47.0 (153381057)|STATEMENT_EXECUTE|[17]
01:08:47.0 (153382621)|STATEMENT_EXECUTE|[18]
01:08:47.0 (153386929)|HEAP_ALLOCATE|[18]|Bytes:14
01:08:47.0 (153429871)|USER_DEBUG|[18]|DEBUG|run in trigger
01:08:47.0 (153440655)|STATEMENT_EXECUTE|[19]
01:08:47.0 (153489207)|METHOD_ENTRY|[19]|01p0o00000GMOB6|TriggerHandle.onAfterInsert(List<Student__c>)
01:08:47.0 (153519250)|VARIABLE_SCOPE_BEGIN|[44]|this|TriggerHandle|true|false
01:08:47.0 (153538455)|VARIABLE_ASSIGNMENT|[44]|this|{}|0x7fac9cec
01:08:47.0 (153545689)|VARIABLE_SCOPE_BEGIN|[44]|newStudentList|List<Student__c>|true|false
01:08:47.0 (154026812)|VARIABLE_ASSIGNMENT|[44]|newStudentList|[{"LastModifiedDate":"2019-05-06T08:08:47.000Z","StudentId__c":"HS0040","IsDeleted":false,"Score1__c":7.00,"Score2__c":0.00,"Gender__c":false,"Score3__c":0.00,"Class__c":"a0H0o00000fJQDjEAO","Name":"aaayy","SystemModstamp":"2019-05-06T08:08:47.000Z","AverageScore__c":2.33,"CreatedById":"0050o00000WkyGGAAZ","Birthday__c":"2019-05-17T00:00:00.000Z","Namel__c":"yy","CreatedDate":"2019-05-06T08:08:47.000Z","Id":"a0I0o000013dxF4EAI","LastModifiedById":"0050o00000WkyGGAAZ","State__c":"Failed","Namef__c":"aaa"}]|0x791c1731
01:08:47.0 (154048056)|SYSTEM_MODE_ENTER|false
01:08:47.0 (154055974)|HEAP_ALLOCATE|[46]|Bytes:5
01:08:47.0 (154061521)|STATEMENT_EXECUTE|[45]
01:08:47.0 (154063527)|STATEMENT_EXECUTE|[46]
01:08:47.0 (154065229)|STATEMENT_EXECUTE|[47]
01:08:47.0 (154066781)|STATEMENT_EXECUTE|[48]
01:08:47.0 (154079488)|METHOD_ENTRY|[48]|01p0o00000GMOB6|TriggerHandle.executeNOStudentsUpdate(List<Student__c>)
01:08:47.0 (154101981)|VARIABLE_SCOPE_BEGIN|[129]|this|TriggerHandle|true|false
01:08:47.0 (154118801)|VARIABLE_ASSIGNMENT|[129]|this|{}|0x7fac9cec
01:08:47.0 (154125360)|VARIABLE_SCOPE_BEGIN|[129]|studentList|List<Student__c>|true|false
01:08:47.0 (154269444)|VARIABLE_ASSIGNMENT|[129]|studentList|[{"LastModifiedDate":"2019-05-06T08:08:47.000Z","StudentId__c":"HS0040","IsDeleted":false,"Score1__c":7.00,"Score2__c":0.00,"Gender__c":false,"Score3__c":0.00,"Class__c":"a0H0o00000fJQDjEAO","Name":"aaayy","SystemModstamp":"2019-05-06T08:08:47.000Z","AverageScore__c":2.33,"CreatedById":"0050o00000WkyGGAAZ","Birthday__c":"2019-05-17T00:00:00.000Z","Namel__c":"yy","CreatedDate":"2019-05-06T08:08:47.000Z","Id":"a0I0o000013dxF4EAI","LastModifiedById":"0050o00000WkyGGAAZ","State__c":"Failed","Namef__c":"aaa"}]|0x791c1731
01:08:47.0 (154286980)|HEAP_ALLOCATE|[131]|Bytes:5
01:08:47.0 (154292801)|STATEMENT_EXECUTE|[130]
01:08:47.0 (154294495)|STATEMENT_EXECUTE|[131]
01:08:47.0 (154311073)|HEAP_ALLOCATE|[131]|Bytes:4
01:08:47.0 (154328176)|VARIABLE_SCOPE_BEGIN|[131]|classIDMap|Map<Id,Integer>|true|false
01:08:47.0 (154350373)|VARIABLE_ASSIGNMENT|[131]|classIDMap|{}|0x1bfd9d0f
01:08:47.0 (154392515)|HEAP_ALLOCATE|[134]|Bytes:5
01:08:47.0 (154414582)|VARIABLE_SCOPE_BEGIN|[134]|s|Student__c|true|false
01:08:47.0 (154548675)|VARIABLE_ASSIGNMENT|[134]|s|{"LastModifiedDate":"2019-05-06T08:08:47.000Z","StudentId__c":"HS0040","IsDeleted":false,"Score1__c":7.00,"Score2__c":0.00,"Gender__c":false,"Score3__c":0.00,"Class__c":"a0H0o00000fJQDjEAO","Name":"aaayy","SystemModstamp":"2019-05-06T08:08:47.000Z","AverageScore__c":2.33,"CreatedById":"0050o00000WkyGGAAZ","Birthday__c":"2019-05-17T00:00:00.000Z","Namel__c":"yy","CreatedDate":"2019-05-06T08:08:47.000Z","Id":"a0I0o000013dxF4EAI","LastModifiedById":"0050o00000WkyGGAAZ","State__c":"Failed","Namef__c":"aaa"}|0x21276be0
01:08:47.0 (154561112)|STATEMENT_EXECUTE|[135]
01:08:47.0 (154631112)|STATEMENT_EXECUTE|[142]
01:08:47.0 (154633965)|STATEMENT_EXECUTE|[143]
01:08:47.0 (154659710)|HEAP_ALLOCATE|[143]|Bytes:4
01:08:47.0 (154671596)|HEAP_ALLOCATE|[EXTERNAL]|Bytes:-4
01:08:47.0 (154686444)|HEAP_ALLOCATE|[134]|Bytes:5
01:08:47.0 (154699315)|VARIABLE_ASSIGNMENT|[134]|s|null|
01:08:47.0 (154704617)|STATEMENT_EXECUTE|[147]
01:08:47.0 (154708082)|HEAP_ALLOCATE|[147]|Bytes:44
01:08:47.0 (154722726)|HEAP_ALLOCATE|[147]|Bytes:4
01:08:47.0 (154918742)|SOQL_EXECUTE_BEGIN|[147]|Aggregations:0|SELECT id, NumberOfStudents__c FROM Class__c
01:08:47.0 (157115407)|SOQL_EXECUTE_END|[147]|Rows:2
01:08:47.0 (157139894)|HEAP_ALLOCATE|[147]|Bytes:12
01:08:47.0 (157158705)|HEAP_ALLOCATE|[147]|Bytes:176
01:08:47.0 (157195155)|HEAP_ALLOCATE|[147]|Bytes:12
01:08:47.0 (157208226)|VARIABLE_SCOPE_BEGIN|[147]|classList|List<Class__c>|true|false
01:08:47.0 (157235736)|VARIABLE_ASSIGNMENT|[147]|classList|[{"Id":"a0H0o00000fJQDjEAO","NumberOfStudents__c":0},{"Id":"a0H0o00000fJQDkEAO","NumberOfStudents__c":0}]|0x46780a0f
01:08:47.0 (157281295)|HEAP_ALLOCATE|[149]|Bytes:5
01:08:47.0 (157296601)|HEAP_ALLOCATE|[149]|Bytes:12
01:08:47.0 (157304928)|VARIABLE_SCOPE_BEGIN|[149]|c|Class__c|true|false
01:08:47.0 (157320162)|VARIABLE_ASSIGNMENT|[149]|c|{"Id":"a0H0o00000fJQDjEAO","NumberOfStudents__c":0}|0x21c76eae
01:08:47.0 (157326611)|STATEMENT_EXECUTE|[150]
01:08:47.0 (157366706)|STATEMENT_EXECUTE|[152]
01:08:47.0 (157368726)|STATEMENT_EXECUTE|[153]
01:08:47.0 (157413247)|HEAP_ALLOCATE|[153]|Bytes:28
01:08:47.0 (157418714)|HEAP_ALLOCATE|[153]|Bytes:28
01:08:47.0 (157481891)|VARIABLE_ASSIGNMENT|[153]|this.NumberOfStudents__c|0|0x21c76eae
01:08:47.0 (157489395)|STATEMENT_EXECUTE|[154]
01:08:47.0 (157521582)|HEAP_ALLOCATE|[154]|Bytes:8
01:08:47.0 (157535134)|DML_BEGIN|[154]|Op:Update|Type:Class__c|Rows:1
01:08:47.0 (157560789)|HEAP_ALLOCATE|[EXTERNAL]|Bytes:8
01:08:47.0 (174421793)|DML_END|[154]
01:08:47.0 (174442843)|STATEMENT_EXECUTE|[156]
01:08:47.0 (174540133)|HEAP_ALLOCATE|[149]|Bytes:5
01:08:47.0 (174563228)|HEAP_ALLOCATE|[149]|Bytes:12
01:08:47.0 (174574577)|VARIABLE_SCOPE_BEGIN|[149]|c|Class__c|true|false
01:08:47.0 (174608105)|VARIABLE_ASSIGNMENT|[149]|c|{"Id":"a0H0o00000fJQDkEAO","NumberOfStudents__c":0}|0x5f2f0198
01:08:47.0 (174614933)|STATEMENT_EXECUTE|[150]
01:08:47.0 (174633366)|STATEMENT_EXECUTE|[151]
01:08:47.0 (174641745)|HEAP_ALLOCATE|[149]|Bytes:5
01:08:47.0 (174653169)|VARIABLE_ASSIGNMENT|[149]|c|null|
01:08:47.0 (174666665)|METHOD_EXIT|[48]|01p0o00000GMOB6|TriggerHandle.executeNOStudentsUpdate(List<Student__c>)
01:08:47.0 (174672385)|STATEMENT_EXECUTE|[49]
01:08:47.0 (174686171)|METHOD_ENTRY|[49]|01p0o00000GMOB6|TriggerHandle.executeNOFAPStudentsUpdate(List<Student__c>)
01:08:47.0 (174712438)|VARIABLE_SCOPE_BEGIN|[74]|this|TriggerHandle|true|false
01:08:47.0 (174733317)|VARIABLE_ASSIGNMENT|[74]|this|{}|0x7fac9cec
01:08:47.0 (174739891)|VARIABLE_SCOPE_BEGIN|[74]|studentList|List<Student__c>|true|false
01:08:47.0 (174939266)|VARIABLE_ASSIGNMENT|[74]|studentList|[{"LastModifiedDate":"2019-05-06T08:08:47.000Z","StudentId__c":"HS0040","IsDeleted":false,"Score1__c":7.00,"Score2__c":0.00,"Gender__c":false,"Score3__c":0.00,"Class__c":"a0H0o00000fJQDjEAO","Name":"aaayy","SystemModstamp":"2019-05-06T08:08:47.000Z","AverageScore__c":2.33,"CreatedById":"0050o00000WkyGGAAZ","Birthday__c":"2019-05-17T00:00:00.000Z","Namel__c":"yy","CreatedDate":"2019-05-06T08:08:47.000Z","Id":"a0I0o000013dxF4EAI","LastModifiedById":"0050o00000WkyGGAAZ","State__c":"Failed","Namef__c":"aaa"}]|0x791c1731
01:08:47.0 (174958976)|HEAP_ALLOCATE|[76]|Bytes:5
01:08:47.0 (174964508)|STATEMENT_EXECUTE|[75]
01:08:47.0 (174966494)|STATEMENT_EXECUTE|[76]
01:08:47.0 (174979349)|HEAP_ALLOCATE|[76]|Bytes:4
01:08:47.0 (174989803)|VARIABLE_SCOPE_BEGIN|[76]|classIDMapWithPassedStudents|Map<Id,Integer>|true|false
01:08:47.0 (175005685)|VARIABLE_ASSIGNMENT|[76]|classIDMapWithPassedStudents|{}|0x520e5387
01:08:47.0 (175012251)|STATEMENT_EXECUTE|[77]
01:08:47.0 (175018605)|HEAP_ALLOCATE|[77]|Bytes:4
01:08:47.0 (175023900)|VARIABLE_SCOPE_BEGIN|[77]|classIDMapWithFaliedStudents|Map<Id,Integer>|true|false
01:08:47.0 (175034214)|VARIABLE_ASSIGNMENT|[77]|classIDMapWithFaliedStudents|{}|0xa90ef88
01:08:47.0 (175072719)|HEAP_ALLOCATE|[80]|Bytes:5
01:08:47.0 (175091019)|VARIABLE_SCOPE_BEGIN|[80]|s|Student__c|true|false
01:08:47.0 (175235479)|VARIABLE_ASSIGNMENT|[80]|s|{"LastModifiedDate":"2019-05-06T08:08:47.000Z","StudentId__c":"HS0040","IsDeleted":false,"Score1__c":7.00,"Score2__c":0.00,"Gender__c":false,"Score3__c":0.00,"Class__c":"a0H0o00000fJQDjEAO","Name":"aaayy","SystemModstamp":"2019-05-06T08:08:47.000Z","AverageScore__c":2.33,"CreatedById":"0050o00000WkyGGAAZ","Birthday__c":"2019-05-17T00:00:00.000Z","Namel__c":"yy","CreatedDate":"2019-05-06T08:08:47.000Z","Id":"a0I0o000013dxF4EAI","LastModifiedById":"0050o00000WkyGGAAZ","State__c":"Failed","Namef__c":"aaa"}|0x21276be0
01:08:47.0 (175248508)|STATEMENT_EXECUTE|[81]
01:08:47.0 (175271395)|HEAP_ALLOCATE|[83]|Bytes:6
01:08:47.0 (175323450)|STATEMENT_EXECUTE|[96]
01:08:47.0 (175350855)|STATEMENT_EXECUTE|[102]
01:08:47.0 (175352953)|STATEMENT_EXECUTE|[103]
01:08:47.0 (175371416)|HEAP_ALLOCATE|[103]|Bytes:4
01:08:47.0 (175379772)|HEAP_ALLOCATE|[EXTERNAL]|Bytes:-4
01:08:47.0 (175395705)|HEAP_ALLOCATE|[80]|Bytes:5
01:08:47.0 (175408743)|VARIABLE_ASSIGNMENT|[80]|s|null|
01:08:47.0 (175413654)|STATEMENT_EXECUTE|[107]
01:08:47.0 (175416658)|HEAP_ALLOCATE|[107]|Bytes:77
01:08:47.0 (175429776)|HEAP_ALLOCATE|[107]|Bytes:4
01:08:47.0 (175634001)|SOQL_EXECUTE_BEGIN|[107]|Aggregations:0|SELECT id, NumberOfFailedStudents__c, NumberOfPassedStudents__c FROM Class__c
01:08:47.0 (177561716)|SOQL_EXECUTE_END|[107]|Rows:2
01:08:47.0 (177583467)|HEAP_ALLOCATE|[107]|Bytes:12
01:08:47.0 (177603512)|HEAP_ALLOCATE|[107]|Bytes:318
01:08:47.0 (177630171)|HEAP_ALLOCATE|[107]|Bytes:12
01:08:47.0 (177641743)|VARIABLE_SCOPE_BEGIN|[107]|classList|List<Class__c>|true|false
01:08:47.0 (177670685)|VARIABLE_ASSIGNMENT|[107]|classList|[{"Id":"a0H0o00000fJQDjEAO","NumberOfFailedStudents__c":0,"NumberOfPassedStudents__c":0},{"Id":"a0H0o00000fJQDkEAO","NumberOfFailedStudents__c":0,"NumberOfPassedStudents__c":0}]|0x569baef6
01:08:47.0 (177714280)|HEAP_ALLOCATE|[109]|Bytes:5
01:08:47.0 (177728954)|HEAP_ALLOCATE|[109]|Bytes:16
01:08:47.0 (177736801)|VARIABLE_SCOPE_BEGIN|[109]|c|Class__c|true|false
01:08:47.0 (177754168)|VARIABLE_ASSIGNMENT|[109]|c|{"Id":"a0H0o00000fJQDjEAO","NumberOfFailedStudents__c":0,"NumberOfPassedStudents__c":0}|0x59e838d1
01:08:47.0 (177760961)|STATEMENT_EXECUTE|[110]
01:08:47.0 (177799843)|STATEMENT_EXECUTE|[113]
01:08:47.0 (177802303)|STATEMENT_EXECUTE|[114]
01:08:47.0 (177838500)|HEAP_ALLOCATE|[114]|Bytes:28
01:08:47.0 (177844200)|HEAP_ALLOCATE|[114]|Bytes:28
01:08:47.0 (177902497)|VARIABLE_ASSIGNMENT|[114]|this.NumberOfFailedStudents__c|0|0x59e838d1
01:08:47.0 (177910052)|STATEMENT_EXECUTE|[115]
01:08:47.0 (177937920)|HEAP_ALLOCATE|[115]|Bytes:8
01:08:47.0 (177951196)|DML_BEGIN|[115]|Op:Update|Type:Class__c|Rows:1
01:08:47.0 (177978161)|HEAP_ALLOCATE|[EXTERNAL]|Bytes:8
01:08:47.0 (186711317)|DML_END|[115]
01:08:47.0 (186733266)|STATEMENT_EXECUTE|[116]
01:08:47.0 (186836678)|STATEMENT_EXECUTE|[119]
01:08:47.0 (186853389)|HEAP_ALLOCATE|[109]|Bytes:5
01:08:47.0 (186875973)|HEAP_ALLOCATE|[109]|Bytes:16
01:08:47.0 (186888375)|VARIABLE_SCOPE_BEGIN|[109]|c|Class__c|true|false
01:08:47.0 (186921745)|VARIABLE_ASSIGNMENT|[109]|c|{"Id":"a0H0o00000fJQDkEAO","NumberOfFailedStudents__c":0,"NumberOfPassedStudents__c":0}|0x4bf19192
01:08:47.0 (186929097)|STATEMENT_EXECUTE|[110]
01:08:47.0 (186945969)|STATEMENT_EXECUTE|[112]
01:08:47.0 (186953476)|STATEMENT_EXECUTE|[119]
01:08:47.0 (186961186)|HEAP_ALLOCATE|[109]|Bytes:5
01:08:47.0 (186972640)|VARIABLE_ASSIGNMENT|[109]|c|null|
01:08:47.0 (186989007)|METHOD_EXIT|[49]|01p0o00000GMOB6|TriggerHandle.executeNOFAPStudentsUpdate(List<Student__c>)
01:08:47.0 (186998013)|SYSTEM_MODE_EXIT|false
01:08:47.0 (187006632)|METHOD_EXIT|[19]|01p0o00000GMOB6|TriggerHandle.onAfterInsert(List<Student__c>)
01:08:47.187 (187019271)|CUMULATIVE_LIMIT_USAGE
01:08:47.187 (187019271)|LIMIT_USAGE_FOR_NS|(default)|
  Number of SOQL queries: 4 out of 100
  Number of query rows: 7 out of 50000
  Number of SOSL queries: 0 out of 20
  Number of DML statements: 3 out of 150
  Number of DML rows: 3 out of 10000
  Maximum CPU time: 0 out of 10000
  Maximum heap size: 0 out of 6000000
  Number of callouts: 0 out of 100
  Number of Email Invocations: 0 out of 10
  Number of future calls: 0 out of 50
  Number of queueable jobs added to the queue: 0 out of 50
  Number of Mobile Apex push calls: 0 out of 10

01:08:47.187 (187019271)|CUMULATIVE_LIMIT_USAGE_END

01:08:47.0 (188304371)|CODE_UNIT_FINISHED|triggerStudent on Student trigger event AfterInsert|__sfdc_trigger/triggerStudent
01:08:47.0 (189636068)|DML_END|[108]
01:08:47.0 (189656452)|STATEMENT_EXECUTE|[109]
01:08:47.0 (189668840)|HEAP_ALLOCATE|[109]|Bytes:19
01:08:47.0 (190712650)|VARIABLE_ASSIGNMENT|[109]|ref|"/apex/AddNewStudent"|0x6f8aea5f
01:08:47.0 (190725277)|STATEMENT_EXECUTE|[110]
01:08:47.0 (190788744)|STATEMENT_EXECUTE|[115]
01:08:47.0 (190794500)|SYSTEM_MODE_EXIT|false
01:08:47.201 (201141579)|CUMULATIVE_LIMIT_USAGE
01:08:47.201 (201141579)|LIMIT_USAGE_FOR_NS|(default)|
  Number of SOQL queries: 4 out of 100
  Number of query rows: 7 out of 50000
  Number of SOSL queries: 0 out of 20
  Number of DML statements: 3 out of 150
  Number of DML rows: 3 out of 10000
  Maximum CPU time: 0 out of 10000
  Maximum heap size: 0 out of 6000000
  Number of callouts: 0 out of 100
  Number of Email Invocations: 0 out of 10
  Number of future calls: 0 out of 50
  Number of queueable jobs added to the queue: 0 out of 50
  Number of Mobile Apex push calls: 0 out of 10

01:08:47.201 (201141579)|CUMULATIVE_LIMIT_USAGE_END

01:08:47.0 (201195982)|CODE_UNIT_FINISHED|VF: /apex/AddNewStudent
01:08:47.0 (201938705)|EXECUTION_FINISHED
