36.0 APEX_CODE,FINEST;APEX_PROFILING,INFO;CALLOUT,INFO;DB,INFO;NBA,INFO;SYSTEM,DEBUG;VALIDATION,INFO;VISUALFORCE,INFO;WAVE,INFO;WORKFLOW,INFO
01:49:52.0 (366438)|USER_INFO|[EXTERNAL]|0050o00000WkyGG|ttvy@keizu.co.jp|Pacific Standard Time|GMT-07:00
01:49:52.0 (409795)|EXECUTION_STARTED
01:49:52.0 (415504)|CODE_UNIT_STARTED|[EXTERNAL]|0660o000008sEYc|VF: /apex/MainPage
01:49:52.0 (2951842)|SYSTEM_MODE_ENTER|true
01:49:52.0 (3389585)|HEAP_ALLOCATE|[72]|Bytes:3
01:49:52.0 (3441090)|HEAP_ALLOCATE|[77]|Bytes:152
01:49:52.0 (3458054)|HEAP_ALLOCATE|[342]|Bytes:408
01:49:52.0 (3476242)|HEAP_ALLOCATE|[355]|Bytes:408
01:49:52.0 (3492129)|HEAP_ALLOCATE|[467]|Bytes:48
01:49:52.0 (3520838)|HEAP_ALLOCATE|[139]|Bytes:6
01:49:52.0 (3544797)|HEAP_ALLOCATE|[EXTERNAL]|Bytes:1
01:49:52.0 (3561540)|METHOD_ENTRY|[1]|01p0o00000GLKhZ|Controller.Controller()
01:49:52.0 (3568905)|STATEMENT_EXECUTE|[1]
01:49:52.0 (3575603)|STATEMENT_EXECUTE|[1]
01:49:52.0 (3610958)|HEAP_ALLOCATE|[50]|Bytes:5
01:49:52.0 (3646596)|HEAP_ALLOCATE|[56]|Bytes:5
01:49:52.0 (3659170)|HEAP_ALLOCATE|[64]|Bytes:7
01:49:52.0 (3681609)|SYSTEM_MODE_ENTER|false
01:49:52.0 (3694953)|HEAP_ALLOCATE|[EXTERNAL]|Bytes:5
01:49:52.0 (3702820)|SYSTEM_MODE_EXIT|false
01:49:52.0 (3711972)|METHOD_EXIT|[1]|Controller
01:49:52.0 (3734698)|HEAP_ALLOCATE|[EXTERNAL]|Bytes:8
01:49:52.0 (3746082)|VARIABLE_SCOPE_BEGIN|[1]|this|Controller|true|false
01:49:52.0 (3791401)|VARIABLE_ASSIGNMENT|[1]|this|{}|0x55bfc10b
01:49:52.0 (3801959)|SYSTEM_MODE_ENTER|false
01:49:52.0 (3807896)|HEAP_ALLOCATE|[2]|Bytes:5
01:49:52.0 (3816578)|HEAP_ALLOCATE|[2]|Bytes:6
01:49:52.0 (3856047)|SYSTEM_MODE_EXIT|false
01:49:52.0 (3862303)|STATEMENT_EXECUTE|[1]
01:49:52.0 (3866069)|SYSTEM_MODE_ENTER|false
01:49:52.0 (3870981)|HEAP_ALLOCATE|[2]|Bytes:5
01:49:52.0 (3874419)|STATEMENT_EXECUTE|[2]
01:49:52.0 (3889636)|HEAP_ALLOCATE|[2]|Bytes:4
01:49:52.0 (3955826)|HEAP_ALLOCATE|[EXTERNAL]|Bytes:4
01:49:52.0 (3970477)|VARIABLE_ASSIGNMENT|[2]|this.className|[]|0x55bfc10b
01:49:52.0 (3977300)|SYSTEM_MODE_EXIT|false
01:49:52.0 (4051033)|SYSTEM_MODE_ENTER|true
01:49:52.0 (4116945)|HEAP_ALLOCATE|[EXTERNAL]|Bytes:8
01:49:52.0 (4127377)|VARIABLE_SCOPE_BEGIN|[3]|this|Controller|true|false
01:49:52.0 (4154614)|VARIABLE_ASSIGNMENT|[3]|this|{"className":"0x11ad7abb"}|0x55bfc10b
01:49:52.0 (4176237)|SYSTEM_MODE_ENTER|false
01:49:52.0 (4186219)|HEAP_ALLOCATE|[4]|Bytes:5
01:49:52.0 (4191859)|STATEMENT_EXECUTE|[3]
01:49:52.0 (4193785)|STATEMENT_EXECUTE|[4]
01:49:52.0 (4206138)|HEAP_ALLOCATE|[4]|Bytes:4
01:49:52.0 (4234672)|VARIABLE_SCOPE_BEGIN|[4]|options|List<System.SelectOption>|true|false
01:49:52.0 (4271905)|HEAP_ALLOCATE|[EXTERNAL]|Bytes:4
01:49:52.0 (4281681)|VARIABLE_ASSIGNMENT|[4]|options|[]|0x79f49661
01:49:52.0 (4287334)|STATEMENT_EXECUTE|[5]
01:49:52.0 (4290923)|HEAP_ALLOCATE|[5]|Bytes:33
01:49:52.0 (4307685)|HEAP_ALLOCATE|[5]|Bytes:4
01:49:52.0 (5471200)|SOQL_EXECUTE_BEGIN|[5]|Aggregations:0|SELECT className__C FROM Class__c
01:49:52.0 (8084355)|SOQL_EXECUTE_END|[5]|Rows:4
01:49:52.0 (8121762)|HEAP_ALLOCATE|[5]|Bytes:20
01:49:52.0 (8152079)|HEAP_ALLOCATE|[5]|Bytes:193
01:49:52.0 (8241337)|HEAP_ALLOCATE|[5]|Bytes:20
01:49:52.0 (8292667)|VARIABLE_SCOPE_BEGIN|[5]|data|List<Class__c>|true|false
01:49:52.0 (8357104)|VARIABLE_ASSIGNMENT|[5]|data|[{"className__c":"Name","Id":"a0H0o00000fIXZEEA4"},{"className__c":"L02","Id":"a0H0o00000fIXflEAG"},{"className__c":"L01","Id":"a0H0o00000fIXZYEA4"},{"className__c":"L03","Id":"a0H0o00000fIXg0EAG"}]|0x752766e4
01:49:52.0 (8689291)|HEAP_ALLOCATE|[6]|Bytes:5
01:49:52.0 (8731930)|HEAP_ALLOCATE|[6]|Bytes:12
01:49:52.0 (8747076)|VARIABLE_SCOPE_BEGIN|[6]|c|Class__c|true|false
01:49:52.0 (8766059)|VARIABLE_ASSIGNMENT|[6]|c|{"className__c":"Name","Id":"a0H0o00000fIXZEEA4"}|0x54f741c9
01:49:52.0 (8774580)|STATEMENT_EXECUTE|[6]
01:49:52.0 (8776714)|STATEMENT_EXECUTE|[7]
01:49:52.0 (8788451)|HEAP_ALLOCATE|[7]|Bytes:12
01:49:52.0 (8875367)|HEAP_ALLOCATE|[7]|Bytes:4
01:49:52.0 (8917687)|HEAP_ALLOCATE|[7]|Bytes:4
01:49:52.0 (8979899)|HEAP_ALLOCATE|[EXTERNAL]|Bytes:4
01:49:52.0 (8997189)|HEAP_ALLOCATE|[6]|Bytes:5
01:49:52.0 (9009632)|HEAP_ALLOCATE|[6]|Bytes:12
01:49:52.0 (9019583)|VARIABLE_SCOPE_BEGIN|[6]|c|Class__c|true|false
01:49:52.0 (9037215)|VARIABLE_ASSIGNMENT|[6]|c|{"className__c":"L02","Id":"a0H0o00000fIXflEAG"}|0x2934fb97
01:49:52.0 (9043770)|STATEMENT_EXECUTE|[6]
01:49:52.0 (9045376)|STATEMENT_EXECUTE|[7]
01:49:52.0 (9076879)|HEAP_ALLOCATE|[7]|Bytes:3
01:49:52.0 (9099576)|HEAP_ALLOCATE|[7]|Bytes:3
01:49:52.0 (9116006)|HEAP_ALLOCATE|[EXTERNAL]|Bytes:4
01:49:52.0 (9128311)|HEAP_ALLOCATE|[6]|Bytes:5
01:49:52.0 (9138072)|HEAP_ALLOCATE|[6]|Bytes:12
01:49:52.0 (9144691)|VARIABLE_SCOPE_BEGIN|[6]|c|Class__c|true|false
01:49:52.0 (9158938)|VARIABLE_ASSIGNMENT|[6]|c|{"className__c":"L01","Id":"a0H0o00000fIXZYEA4"}|0x63071c33
01:49:52.0 (9165259)|STATEMENT_EXECUTE|[6]
01:49:52.0 (9166853)|STATEMENT_EXECUTE|[7]
01:49:52.0 (9189326)|HEAP_ALLOCATE|[7]|Bytes:3
01:49:52.0 (9209799)|HEAP_ALLOCATE|[7]|Bytes:3
01:49:52.0 (9224524)|HEAP_ALLOCATE|[EXTERNAL]|Bytes:4
01:49:52.0 (9235955)|HEAP_ALLOCATE|[6]|Bytes:5
01:49:52.0 (9245396)|HEAP_ALLOCATE|[6]|Bytes:12
01:49:52.0 (9251857)|VARIABLE_SCOPE_BEGIN|[6]|c|Class__c|true|false
01:49:52.0 (9278436)|VARIABLE_ASSIGNMENT|[6]|c|{"className__c":"L03","Id":"a0H0o00000fIXg0EAG"}|0x4bf595d
01:49:52.0 (9289387)|STATEMENT_EXECUTE|[6]
01:49:52.0 (9291484)|STATEMENT_EXECUTE|[7]
01:49:52.0 (9334824)|HEAP_ALLOCATE|[7]|Bytes:3
01:49:52.0 (9378433)|HEAP_ALLOCATE|[7]|Bytes:3
01:49:52.0 (9406922)|HEAP_ALLOCATE|[EXTERNAL]|Bytes:4
01:49:52.0 (9429057)|HEAP_ALLOCATE|[6]|Bytes:5
01:49:52.0 (9449901)|VARIABLE_ASSIGNMENT|[6]|c|null|
01:49:52.0 (9459515)|STATEMENT_EXECUTE|[10]
01:49:52.0 (9468286)|SYSTEM_MODE_EXIT|false
01:49:52.0 (11875500)|VF_SERIALIZE_VIEWSTATE_BEGIN|0660o000008sEYc
01:49:52.0 (18501556)|VF_SERIALIZE_VIEWSTATE_END
01:49:52.0 (19496571)|CODE_UNIT_STARTED|[EXTERNAL]|Generate Metadata
01:49:52.0 (20041484)|CODE_UNIT_FINISHED|Generate Metadata
01:49:52.22 (22141731)|CUMULATIVE_LIMIT_USAGE
01:49:52.22 (22141731)|LIMIT_USAGE_FOR_NS|(default)|
  Number of SOQL queries: 1 out of 100
  Number of query rows: 4 out of 50000
  Number of SOSL queries: 0 out of 20
  Number of DML statements: 0 out of 150
  Number of DML rows: 0 out of 10000
  Maximum CPU time: 0 out of 10000
  Maximum heap size: 0 out of 6000000
  Number of callouts: 0 out of 100
  Number of Email Invocations: 0 out of 10
  Number of future calls: 0 out of 50
  Number of queueable jobs added to the queue: 0 out of 50
  Number of Mobile Apex push calls: 0 out of 10

01:49:52.22 (22141731)|CUMULATIVE_LIMIT_USAGE_END

01:49:52.0 (22191875)|CODE_UNIT_FINISHED|VF: /apex/MainPage
01:49:52.0 (23098473)|EXECUTION_FINISHED
