36.0 APEX_CODE,FINEST;APEX_PROFILING,INFO;CALLOUT,INFO;DB,INFO;NBA,INFO;SYSTEM,DEBUG;VALIDATION,INFO;VISUALFORCE,INFO;WAVE,INFO;WORKFLOW,INFO
00:15:39.0 (382524)|USER_INFO|[EXTERNAL]|0050o00000WkyGG|ttvy@keizu.co.jp|Pacific Standard Time|GMT-07:00
00:15:39.0 (443555)|EXECUTION_STARTED
00:15:39.0 (449382)|CODE_UNIT_STARTED|[EXTERNAL]|0660o000008sbCc|VF: /apex/AddNewStudent
00:15:39.4 (4686184)|SYSTEM_MODE_ENTER|true
00:15:39.5 (5327976)|SYSTEM_MODE_ENTER|true
00:15:39.5 (5456964)|HEAP_ALLOCATE|[EXTERNAL]|Bytes:8
00:15:39.5 (5482163)|VARIABLE_SCOPE_BEGIN|[88]|this|ApexPage.PageMessagesComponentController|true|false
00:15:39.5 (5561744)|VARIABLE_ASSIGNMENT|[88]|this|{}|0x2bbb751b
00:15:39.5 (5569461)|VARIABLE_SCOPE_BEGIN|[88]|escape|Boolean|false|false
00:15:39.5 (5579625)|VARIABLE_ASSIGNMENT|[88]|escape|null
00:15:39.5 (5793278)|SYSTEM_MODE_ENTER|true
00:15:39.5 (5853169)|HEAP_ALLOCATE|[EXTERNAL]|Bytes:8
00:15:39.5 (5864030)|VARIABLE_SCOPE_BEGIN|[2]|this|ApexPage.PageMessagesComponentController|true|false
00:15:39.5 (5894256)|VARIABLE_ASSIGNMENT|[2]|this|{}|0x2bbb751b
00:15:39.0 (15082184)|SYSTEM_MODE_ENTER|true
00:15:39.0 (15436183)|HEAP_ALLOCATE|[EXTERNAL]|Bytes:19
00:15:39.0 (15452418)|HEAP_ALLOCATE|[EXTERNAL]|Bytes:376
00:15:39.0 (15457401)|HEAP_ALLOCATE|[EXTERNAL]|Bytes:63
00:15:39.0 (15462724)|HEAP_ALLOCATE|[EXTERNAL]|Bytes:10
00:15:39.0 (15481470)|METHOD_ENTRY|[1]|01p0o00000GLKhZ|Controller.Controller()
00:15:39.0 (15491256)|STATEMENT_EXECUTE|[1]
00:15:39.0 (15496749)|STATEMENT_EXECUTE|[1]
00:15:39.0 (15507404)|SYSTEM_MODE_ENTER|false
00:15:39.0 (15520065)|HEAP_ALLOCATE|[EXTERNAL]|Bytes:5
00:15:39.0 (15527004)|STATEMENT_EXECUTE|[18]
00:15:39.0 (15529310)|STATEMENT_EXECUTE|[37]
00:15:39.0 (15534337)|SYSTEM_MODE_EXIT|false
00:15:39.0 (15546499)|METHOD_EXIT|[1]|Controller
00:15:39.0 (16124197)|HEAP_ALLOCATE|[EXTERNAL]|Bytes:64
00:15:39.0 (16139637)|VARIABLE_SCOPE_BEGIN|[1]|this|Controller|true|false
00:15:39.0 (16293564)|VARIABLE_ASSIGNMENT|[1]|this|{}|0x7e3d4bce
00:15:39.0 (16313340)|SYSTEM_MODE_ENTER|false
00:15:39.0 (16323792)|HEAP_ALLOCATE|[EXTERNAL]|Bytes:5
00:15:39.0 (16359172)|SYSTEM_MODE_EXIT|false
00:15:39.0 (16366935)|STATEMENT_EXECUTE|[1]
00:15:39.0 (16371703)|SYSTEM_MODE_ENTER|false
00:15:39.0 (16378219)|HEAP_ALLOCATE|[EXTERNAL]|Bytes:5
00:15:39.0 (16383370)|STATEMENT_EXECUTE|[2]
00:15:39.0 (16385585)|STATEMENT_EXECUTE|[3]
00:15:39.0 (16387677)|STATEMENT_EXECUTE|[4]
00:15:39.0 (16389602)|STATEMENT_EXECUTE|[5]
00:15:39.0 (16391522)|STATEMENT_EXECUTE|[6]
00:15:39.0 (16393591)|STATEMENT_EXECUTE|[7]
00:15:39.0 (16395949)|STATEMENT_EXECUTE|[8]
00:15:39.0 (16398004)|STATEMENT_EXECUTE|[9]
00:15:39.0 (16399925)|STATEMENT_EXECUTE|[10]
00:15:39.0 (16402115)|STATEMENT_EXECUTE|[11]
00:15:39.0 (16404159)|STATEMENT_EXECUTE|[12]
00:15:39.0 (16406133)|STATEMENT_EXECUTE|[13]
00:15:39.0 (16408126)|STATEMENT_EXECUTE|[14]
00:15:39.0 (16410097)|STATEMENT_EXECUTE|[15]
00:15:39.0 (16412169)|STATEMENT_EXECUTE|[16]
00:15:39.0 (16415236)|SYSTEM_MODE_EXIT|false
00:15:39.30 (30247872)|SYSTEM_MODE_ENTER|true
00:15:39.30 (30339582)|HEAP_ALLOCATE|[EXTERNAL]|Bytes:8
00:15:39.30 (30353010)|VARIABLE_SCOPE_BEGIN|[88]|this|ApexPage.PageMessagesComponentController|true|false
00:15:39.30 (30389262)|VARIABLE_ASSIGNMENT|[88]|this|{}|0x2bbb751b
00:15:39.30 (30396983)|VARIABLE_SCOPE_BEGIN|[88]|escape|Boolean|false|false
00:15:39.30 (30406002)|VARIABLE_ASSIGNMENT|[88]|escape|null
00:15:39.30 (30526537)|SYSTEM_MODE_ENTER|true
00:15:39.30 (30565266)|HEAP_ALLOCATE|[EXTERNAL]|Bytes:8
00:15:39.30 (30572432)|VARIABLE_SCOPE_BEGIN|[2]|this|ApexPage.PageMessagesComponentController|true|false
00:15:39.30 (30594251)|VARIABLE_ASSIGNMENT|[2]|this|{}|0x2bbb751b
00:15:39.0 (31541832)|SYSTEM_MODE_ENTER|true
00:15:39.0 (31660597)|SYSTEM_MODE_ENTER|true
00:15:39.0 (31734769)|SYSTEM_MODE_ENTER|true
00:15:39.0 (31825628)|SYSTEM_MODE_ENTER|true
00:15:39.0 (31926538)|SYSTEM_MODE_ENTER|true
00:15:39.0 (31995419)|SYSTEM_MODE_ENTER|true
00:15:39.0 (32059974)|SYSTEM_MODE_ENTER|true
00:15:39.0 (32156808)|SYSTEM_MODE_ENTER|true
00:15:39.0 (32201876)|HEAP_ALLOCATE|[EXTERNAL]|Bytes:64
00:15:39.0 (32211035)|VARIABLE_SCOPE_BEGIN|[56]|this|Controller|true|false
00:15:39.0 (32244684)|VARIABLE_ASSIGNMENT|[56]|this|{}|0x7e3d4bce
00:15:39.0 (32257810)|SYSTEM_MODE_ENTER|false
00:15:39.0 (32265279)|HEAP_ALLOCATE|[57]|Bytes:5
00:15:39.0 (32270386)|STATEMENT_EXECUTE|[56]
00:15:39.0 (32272384)|STATEMENT_EXECUTE|[57]
00:15:39.0 (32282407)|HEAP_ALLOCATE|[57]|Bytes:4
00:15:39.0 (32314604)|VARIABLE_SCOPE_BEGIN|[57]|options|List<System.SelectOption>|true|false
00:15:39.0 (32338738)|HEAP_ALLOCATE|[EXTERNAL]|Bytes:4
00:15:39.0 (32350304)|VARIABLE_ASSIGNMENT|[57]|options|[]|0x26fe86db
00:15:39.0 (32356202)|STATEMENT_EXECUTE|[58]
00:15:39.0 (32360064)|HEAP_ALLOCATE|[58]|Bytes:33
00:15:39.0 (32374017)|HEAP_ALLOCATE|[58]|Bytes:4
00:15:39.0 (33504999)|SOQL_EXECUTE_BEGIN|[58]|Aggregations:0|SELECT className__C FROM Class__c
00:15:39.0 (36141092)|SOQL_EXECUTE_END|[58]|Rows:2
00:15:39.0 (36174845)|HEAP_ALLOCATE|[58]|Bytes:12
00:15:39.0 (36199828)|HEAP_ALLOCATE|[58]|Bytes:101
00:15:39.0 (36298145)|HEAP_ALLOCATE|[58]|Bytes:12
00:15:39.0 (36319251)|VARIABLE_SCOPE_BEGIN|[58]|data|List<Class__c>|true|false
00:15:39.0 (36359765)|VARIABLE_ASSIGNMENT|[58]|data|[{"className__c":"Math","Id":"a0H0o00000fJQOvEAO"},{"className__c":"English","Id":"a0H0o00000fJQOwEAO"}]|0x47a05d51
00:15:39.0 (36619259)|HEAP_ALLOCATE|[59]|Bytes:5
00:15:39.0 (36653112)|HEAP_ALLOCATE|[59]|Bytes:12
00:15:39.0 (36668052)|VARIABLE_SCOPE_BEGIN|[59]|c|Class__c|true|false
00:15:39.0 (36692234)|VARIABLE_ASSIGNMENT|[59]|c|{"className__c":"Math","Id":"a0H0o00000fJQOvEAO"}|0x4482a6e5
00:15:39.0 (36704955)|STATEMENT_EXECUTE|[59]
00:15:39.0 (36707703)|STATEMENT_EXECUTE|[60]
00:15:39.0 (36718147)|HEAP_ALLOCATE|[60]|Bytes:12
00:15:39.0 (36834924)|HEAP_ALLOCATE|[60]|Bytes:4
00:15:39.0 (36890930)|HEAP_ALLOCATE|[60]|Bytes:4
00:15:39.0 (36946166)|HEAP_ALLOCATE|[EXTERNAL]|Bytes:4
00:15:39.0 (36968457)|HEAP_ALLOCATE|[59]|Bytes:5
00:15:39.0 (36991255)|HEAP_ALLOCATE|[59]|Bytes:12
00:15:39.0 (37002395)|VARIABLE_SCOPE_BEGIN|[59]|c|Class__c|true|false
00:15:39.0 (37037382)|VARIABLE_ASSIGNMENT|[59]|c|{"className__c":"English","Id":"a0H0o00000fJQOwEAO"}|0x286e9217
00:15:39.0 (37047718)|STATEMENT_EXECUTE|[59]
00:15:39.0 (37050191)|STATEMENT_EXECUTE|[60]
00:15:39.0 (37096145)|HEAP_ALLOCATE|[60]|Bytes:7
00:15:39.0 (37145238)|HEAP_ALLOCATE|[60]|Bytes:7
00:15:39.0 (37173473)|HEAP_ALLOCATE|[EXTERNAL]|Bytes:4
00:15:39.0 (37194436)|HEAP_ALLOCATE|[59]|Bytes:5
00:15:39.0 (37214457)|VARIABLE_ASSIGNMENT|[59]|c|null|
00:15:39.0 (37224370)|STATEMENT_EXECUTE|[63]
00:15:39.0 (37229968)|SYSTEM_MODE_EXIT|false
00:15:39.0 (37664294)|SYSTEM_MODE_ENTER|true
00:15:39.0 (39498076)|VF_SERIALIZE_VIEWSTATE_BEGIN|0660o000008sbCc
00:15:39.0 (42445012)|VF_SERIALIZE_VIEWSTATE_END
00:15:39.44 (44535658)|CUMULATIVE_LIMIT_USAGE
00:15:39.44 (44535658)|LIMIT_USAGE_FOR_NS|(default)|
  Number of SOQL queries: 1 out of 100
  Number of query rows: 2 out of 50000
  Number of SOSL queries: 0 out of 20
  Number of DML statements: 0 out of 150
  Number of DML rows: 0 out of 10000
  Maximum CPU time: 0 out of 10000
  Maximum heap size: 0 out of 6000000
  Number of callouts: 0 out of 100
  Number of Email Invocations: 0 out of 10
  Number of future calls: 0 out of 50
  Number of queueable jobs added to the queue: 0 out of 50
  Number of Mobile Apex push calls: 0 out of 10

00:15:39.44 (44535658)|CUMULATIVE_LIMIT_USAGE_END

00:15:39.0 (44606149)|CODE_UNIT_FINISHED|VF: /apex/AddNewStudent
00:15:39.0 (45399169)|EXECUTION_FINISHED
