36.0 APEX_CODE,FINEST;APEX_PROFILING,INFO;CALLOUT,INFO;DB,INFO;NBA,INFO;SYSTEM,DEBUG;VALIDATION,INFO;VISUALFORCE,INFO;WAVE,INFO;WORKFLOW,INFO
23:36:32.0 (497401)|USER_INFO|[EXTERNAL]|0050o00000WkyGG|ttvy@keizu.co.jp|Pacific Standard Time|GMT-07:00
23:36:32.0 (553763)|EXECUTION_STARTED
23:36:32.0 (560570)|CODE_UNIT_STARTED|[EXTERNAL]|0660o000008sEYc|VF: /apex/MainPage
23:36:32.0 (6152095)|VF_SERIALIZE_VIEWSTATE_BEGIN|0660o000008sEYc
23:36:32.0 (13253288)|VF_SERIALIZE_VIEWSTATE_END
23:36:32.0 (13661985)|CODE_UNIT_STARTED|[EXTERNAL]|Generate Metadata
23:36:32.0 (14236013)|CODE_UNIT_FINISHED|Generate Metadata
23:36:32.17 (17531303)|CUMULATIVE_LIMIT_USAGE
23:36:32.17 (17531303)|LIMIT_USAGE_FOR_NS|(default)|
  Number of SOQL queries: 0 out of 100
  Number of query rows: 0 out of 50000
  Number of SOSL queries: 0 out of 20
  Number of DML statements: 0 out of 150
  Number of DML rows: 0 out of 10000
  Maximum CPU time: 0 out of 10000
  Maximum heap size: 0 out of 6000000
  Number of callouts: 0 out of 100
  Number of Email Invocations: 0 out of 10
  Number of future calls: 0 out of 50
  Number of queueable jobs added to the queue: 0 out of 50
  Number of Mobile Apex push calls: 0 out of 10

23:36:32.17 (17531303)|CUMULATIVE_LIMIT_USAGE_END

23:36:32.0 (17601331)|CODE_UNIT_FINISHED|VF: /apex/MainPage
23:36:32.0 (18710370)|EXECUTION_FINISHED
