36.0 APEX_CODE,FINEST;APEX_PROFILING,INFO;CALLOUT,INFO;DB,INFO;NBA,INFO;SYSTEM,DEBUG;VALIDATION,INFO;VISUALFORCE,INFO;WAVE,INFO;WORKFLOW,INFO
16:10:00.0 (420415)|USER_INFO|[EXTERNAL]|0050o00000WkyGG|ttvy@keizu.co.jp|Indochina Time|GMT+07:00
16:10:00.0 (463562)|EXECUTION_STARTED
16:10:00.0 (470534)|CODE_UNIT_STARTED|[EXTERNAL]|01p0o00000GMW5U|ImportDataPatch
16:10:00.0 (26509620)|HEAP_ALLOCATE|[72]|Bytes:3
16:10:00.0 (26595184)|HEAP_ALLOCATE|[77]|Bytes:152
16:10:00.0 (26623213)|HEAP_ALLOCATE|[342]|Bytes:408
16:10:00.0 (26656005)|HEAP_ALLOCATE|[355]|Bytes:408
16:10:00.0 (26686392)|HEAP_ALLOCATE|[467]|Bytes:48
16:10:00.0 (26733715)|HEAP_ALLOCATE|[139]|Bytes:6
16:10:00.0 (26774293)|HEAP_ALLOCATE|[EXTERNAL]|Bytes:3
16:10:00.0 (26805289)|SYSTEM_METHOD_ENTRY|[1]|SchedulableContextImpl.SchedulableContextImpl()
16:10:00.0 (26814920)|STATEMENT_EXECUTE|[1]
16:10:00.0 (26829985)|SYSTEM_METHOD_EXIT|[1]|SchedulableContextImpl
16:10:00.0 (26851666)|HEAP_ALLOCATE|[EXTERNAL]|Bytes:8
16:10:00.0 (26860523)|HEAP_ALLOCATE|[EXTERNAL]|Bytes:4
16:10:00.0 (26874274)|VARIABLE_SCOPE_BEGIN|[4]|this|System.SchedulableContextImpl|true|false
16:10:00.0 (26945889)|VARIABLE_ASSIGNMENT|[4]|this|{}|0x78af8ade
16:10:00.0 (26961969)|VARIABLE_SCOPE_BEGIN|[4]|triggerId|Id|false|false
16:10:00.0 (27140386)|VARIABLE_ASSIGNMENT|[4]|triggerId|"08e0o00002eIBphAAG"
16:10:00.0 (27896496)|HEAP_ALLOCATE|[EXTERNAL]|Bytes:1
16:10:00.0 (27917521)|HEAP_ALLOCATE|[EXTERNAL]|Bytes:2
16:10:00.0 (27937489)|METHOD_ENTRY|[1]|01p0o00000GMW5U|ImportDataScheduleBatch.ImportDataScheduleBatch()
16:10:00.0 (27948859)|STATEMENT_EXECUTE|[1]
16:10:00.0 (27956160)|STATEMENT_EXECUTE|[1]
16:10:00.0 (27964080)|METHOD_EXIT|[1]|ImportDataScheduleBatch
16:10:00.0 (27981148)|HEAP_ALLOCATE|[EXTERNAL]|Bytes:8
16:10:00.0 (27987559)|HEAP_ALLOCATE|[EXTERNAL]|Bytes:8
16:10:00.0 (27996274)|VARIABLE_SCOPE_BEGIN|[3]|this|ImportDataScheduleBatch|true|false
16:10:00.0 (28038334)|VARIABLE_ASSIGNMENT|[3]|this|{}|0x65a6e4fd
16:10:00.0 (28049540)|VARIABLE_SCOPE_BEGIN|[3]|context|System.SchedulableContext|true|false
16:10:00.0 (28125205)|VARIABLE_ASSIGNMENT|[3]|context|{"triggerId":"08e0o00002eIBphAAG"}|0x78af8ade
16:10:00.0 (28140596)|STATEMENT_EXECUTE|[3]
16:10:00.0 (28143304)|STATEMENT_EXECUTE|[4]
16:10:00.0 (28145445)|STATEMENT_EXECUTE|[4]
16:10:00.0 (28147554)|STATEMENT_EXECUTE|[5]
16:10:00.0 (30939759)|HEAP_ALLOCATE|[5]|Bytes:75
16:10:00.0 (30962362)|HEAP_ALLOCATE|[5]|Bytes:9
16:10:00.0 (30998065)|METHOD_ENTRY|[1]|01p0o00000GMVtN|ImportDataPatch.ImportDataPatch()
16:10:00.0 (31007040)|STATEMENT_EXECUTE|[1]
16:10:00.0 (31015906)|STATEMENT_EXECUTE|[1]
16:10:00.0 (31023141)|METHOD_EXIT|[1]|ImportDataPatch
16:10:00.0 (31043623)|HEAP_ALLOCATE|[5]|Bytes:4
16:10:00.0 (31069533)|CONSTRUCTOR_ENTRY|[5]|01p0o00000GMVtN|<init>()|ImportDataPatch
16:10:00.0 (31112366)|VARIABLE_SCOPE_BEGIN|[3]|this|ImportDataPatch|true|false
16:10:00.0 (31147226)|VARIABLE_ASSIGNMENT|[3]|this|{}|0x2f2f1525
16:10:00.0 (31161434)|STATEMENT_EXECUTE|[1]
16:10:00.0 (31190897)|STATEMENT_EXECUTE|[3]
16:10:00.0 (31206171)|CONSTRUCTOR_EXIT|[5]|01p0o00000GMVtN|<init>()|ImportDataPatch
16:10:00.0 (31220696)|VARIABLE_SCOPE_BEGIN|[5]|importDataBatch|ImportDataPatch|true|false
16:10:00.0 (31247502)|VARIABLE_ASSIGNMENT|[5]|importDataBatch|{}|0x2f2f1525
16:10:00.0 (31259620)|STATEMENT_EXECUTE|[6]
16:10:00.0 (31287213)|HEAP_ALLOCATE|[50]|Bytes:5
16:10:00.0 (31318895)|HEAP_ALLOCATE|[56]|Bytes:5
16:10:00.0 (31351112)|HEAP_ALLOCATE|[64]|Bytes:7
16:10:00.0 (88166221)|STATEMENT_EXECUTE|[8]
16:10:00.0 (88227462)|HEAP_ALLOCATE|[8]|Bytes:56
16:10:00.0 (88266558)|HEAP_ALLOCATE|[8]|Bytes:56
16:10:00.0 (88292382)|VARIABLE_SCOPE_BEGIN|[8]|runtime|Datetime|false|false
16:10:00.0 (88338106)|VARIABLE_ASSIGNMENT|[8]|runtime|"2019-06-11T10:10:00.291Z"
16:10:00.0 (88359402)|HEAP_ALLOCATE|[9]|Bytes:56
16:10:00.0 (88381634)|STATEMENT_EXECUTE|[9]
16:10:00.0 (88384136)|STATEMENT_EXECUTE|[10]
16:10:00.0 (88391231)|VARIABLE_SCOPE_BEGIN|[10]|next|Datetime|false|false
16:10:00.0 (88408160)|VARIABLE_ASSIGNMENT|[10]|next|"2019-06-11T10:10:00.291Z"
16:10:00.0 (88413528)|STATEMENT_EXECUTE|[11]
16:10:00.0 (88459868)|HEAP_ALLOCATE|[11]|Bytes:1
16:10:00.0 (88471315)|HEAP_ALLOCATE|[11]|Bytes:1
16:10:00.0 (88491812)|HEAP_ALLOCATE|[11]|Bytes:2
16:10:00.0 (88499691)|HEAP_ALLOCATE|[11]|Bytes:5
16:10:00.0 (88510781)|HEAP_ALLOCATE|[11]|Bytes:9
16:10:00.0 (88516201)|VARIABLE_SCOPE_BEGIN|[11]|cron|String|false|false
16:10:00.0 (88529295)|VARIABLE_ASSIGNMENT|[11]|cron|"0 10* * *"
16:10:00.0 (88533560)|STATEMENT_EXECUTE|[13]
16:10:00.0 (88536167)|HEAP_ALLOCATE|[13]|Bytes:15
16:10:00.0 (88543765)|HEAP_ALLOCATE|[13]|Bytes:8
16:10:00.0 (88559049)|CONSTRUCTOR_ENTRY|[13]|01p0o00000GMW5U|<init>()|ImportDataScheduleBatch
16:10:00.0 (88585446)|VARIABLE_SCOPE_BEGIN|[1]|this|ImportDataScheduleBatch|true|false
16:10:00.0 (88613746)|VARIABLE_ASSIGNMENT|[1]|this|{}|0x5ecdf465
16:10:00.0 (88635433)|STATEMENT_EXECUTE|[1]
16:10:00.0 (88637620)|STATEMENT_EXECUTE|[2]
16:10:00.0 (88647168)|VARIABLE_ASSIGNMENT|[2]|this.runtime|null|0x5ecdf465
16:10:00.0 (88657287)|CONSTRUCTOR_EXIT|[13]|01p0o00000GMW5U|<init>()|ImportDataScheduleBatch
16:10:00.0 (92047001)|EXCEPTION_THROWN|[13]|System.AsyncException: The Apex job named "ImportDataPatch" is already scheduled for execution.
16:10:00.0 (92143778)|HEAP_ALLOCATE|[13]|Bytes:76
16:10:00.0 (92190183)|VARIABLE_SCOPE_BEGIN|[15]|ex|Exception|true|false
16:10:00.0 (92265386)|VARIABLE_ASSIGNMENT|[15]|ex|"common.apex.runtime.impl.ExecutionException: The Apex job named \"ImportDataPatch\" is already scheduled for execution."|0x805391
16:10:00.0 (92276662)|STATEMENT_EXECUTE|[15]
16:10:00.0 (92279152)|STATEMENT_EXECUTE|[16]
16:10:00.0 (92324688)|HEAP_ALLOCATE|[16]|Bytes:72
16:10:00.0 (92361911)|USER_DEBUG|[16]|DEBUG|The Apex job named "ImportDataPatch" is already scheduled for execution.
16:10:00.93 (93344485)|CUMULATIVE_LIMIT_USAGE
16:10:00.93 (93344485)|LIMIT_USAGE_FOR_NS|(default)|
  Number of SOQL queries: 0 out of 100
  Number of query rows: 0 out of 50000
  Number of SOSL queries: 0 out of 20
  Number of DML statements: 0 out of 150
  Number of DML rows: 0 out of 10000
  Maximum CPU time: 0 out of 10000
  Maximum heap size: 0 out of 6000000
  Number of callouts: 0 out of 100
  Number of Email Invocations: 0 out of 10
  Number of future calls: 0 out of 50
  Number of queueable jobs added to the queue: 0 out of 50
  Number of Mobile Apex push calls: 0 out of 10

16:10:00.93 (93344485)|CUMULATIVE_LIMIT_USAGE_END

16:10:00.0 (93391169)|CODE_UNIT_FINISHED|ImportDataPatch
16:10:00.0 (94399422)|EXECUTION_FINISHED
