36.0 APEX_CODE,FINEST;APEX_PROFILING,INFO;CALLOUT,INFO;DB,INFO;NBA,INFO;SYSTEM,DEBUG;VALIDATION,INFO;VISUALFORCE,INFO;WAVE,INFO;WORKFLOW,INFO
01:19:31.0 (675613)|USER_INFO|[EXTERNAL]|0050o00000WkyGG|ttvy@keizu.co.jp|Pacific Standard Time|GMT-07:00
01:19:31.0 (726991)|EXECUTION_STARTED
01:19:31.0 (732802)|CODE_UNIT_STARTED|[EXTERNAL]|0660o000008sbCc|VF: /apex/AddNewStudent
01:19:31.0 (914046)|VF_DESERIALIZE_VIEWSTATE_BEGIN|0660o000008sbCc
01:19:31.0 (8359526)|HEAP_ALLOCATE|[72]|Bytes:3
01:19:31.0 (8422631)|HEAP_ALLOCATE|[77]|Bytes:152
01:19:31.0 (8446279)|HEAP_ALLOCATE|[342]|Bytes:408
01:19:31.0 (8472033)|HEAP_ALLOCATE|[355]|Bytes:408
01:19:31.0 (8494778)|HEAP_ALLOCATE|[467]|Bytes:48
01:19:31.0 (8542829)|HEAP_ALLOCATE|[139]|Bytes:6
01:19:31.0 (8723138)|HEAP_ALLOCATE|[50]|Bytes:5
01:19:31.0 (8754659)|HEAP_ALLOCATE|[56]|Bytes:5
01:19:31.0 (8766773)|HEAP_ALLOCATE|[64]|Bytes:7
01:19:31.0 (11942290)|VF_DESERIALIZE_VIEWSTATE_END
01:19:31.12 (12670036)|SYSTEM_MODE_ENTER|true
01:19:31.12 (12765748)|HEAP_ALLOCATE|[EXTERNAL]|Bytes:38
01:19:31.12 (12782070)|HEAP_ALLOCATE|[EXTERNAL]|Bytes:7
01:19:31.13 (13885707)|SYSTEM_MODE_ENTER|true
01:19:31.13 (14003423)|HEAP_ALLOCATE|[EXTERNAL]|Bytes:8
01:19:31.13 (14020753)|VARIABLE_SCOPE_BEGIN|[88]|this|ApexPage.PageMessagesComponentController|true|false
01:19:31.13 (14128255)|VARIABLE_ASSIGNMENT|[88]|this|{}|0x1bb8111c
01:19:31.13 (14150231)|VARIABLE_SCOPE_BEGIN|[88]|escape|Boolean|false|false
01:19:31.13 (14174393)|VARIABLE_ASSIGNMENT|[88]|escape|null
01:19:31.0 (15500712)|SYSTEM_MODE_ENTER|true
01:19:31.0 (15532812)|HEAP_ALLOCATE|[EXTERNAL]|Bytes:23
01:19:31.0 (15545296)|HEAP_ALLOCATE|[EXTERNAL]|Bytes:368
01:19:31.0 (15552680)|HEAP_ALLOCATE|[EXTERNAL]|Bytes:63
01:19:31.0 (15557706)|HEAP_ALLOCATE|[EXTERNAL]|Bytes:6
01:19:31.0 (15573524)|METHOD_ENTRY|[1]|01p0o00000GLKhZ|Controller.Controller()
01:19:31.0 (15582907)|STATEMENT_EXECUTE|[1]
01:19:31.0 (15588064)|STATEMENT_EXECUTE|[1]
01:19:31.0 (15597383)|SYSTEM_MODE_ENTER|false
01:19:31.0 (15606312)|HEAP_ALLOCATE|[EXTERNAL]|Bytes:5
01:19:31.0 (15613022)|STATEMENT_EXECUTE|[17]
01:19:31.0 (15615961)|STATEMENT_EXECUTE|[24]
01:19:31.0 (15620497)|SYSTEM_MODE_EXIT|false
01:19:31.0 (15636351)|METHOD_EXIT|[1]|Controller
01:19:31.0 (15730227)|SYSTEM_MODE_ENTER|true
01:19:31.0 (15810729)|SYSTEM_MODE_ENTER|true
01:19:31.0 (15885792)|SYSTEM_MODE_ENTER|true
01:19:31.0 (15955111)|SYSTEM_MODE_ENTER|true
01:19:31.0 (16020848)|SYSTEM_MODE_ENTER|true
01:19:31.0 (16183695)|SYSTEM_MODE_ENTER|true
01:19:31.0 (16492660)|HEAP_ALLOCATE|[EXTERNAL]|Bytes:64
01:19:31.0 (16509759)|VARIABLE_SCOPE_BEGIN|[43]|this|Controller|true|false
01:19:31.0 (16620751)|VARIABLE_ASSIGNMENT|[43]|this|{"gender":true,"namef":"nguyen","namel":"kieu","score1":2,"score2":4,"score3":8,"userselectSecondpage":"Name"}|0x662cea1
01:19:31.0 (16648977)|SYSTEM_MODE_ENTER|false
01:19:31.0 (16658243)|HEAP_ALLOCATE|[44]|Bytes:5
01:19:31.0 (16666357)|STATEMENT_EXECUTE|[43]
01:19:31.0 (16669307)|STATEMENT_EXECUTE|[44]
01:19:31.0 (16683830)|HEAP_ALLOCATE|[44]|Bytes:4
01:19:31.0 (16727184)|VARIABLE_SCOPE_BEGIN|[44]|options|List<System.SelectOption>|true|false
01:19:31.0 (16762586)|HEAP_ALLOCATE|[EXTERNAL]|Bytes:4
01:19:31.0 (16779145)|VARIABLE_ASSIGNMENT|[44]|options|[]|0x5b36b7ee
01:19:31.0 (16788353)|STATEMENT_EXECUTE|[45]
01:19:31.0 (16793771)|HEAP_ALLOCATE|[45]|Bytes:33
01:19:31.0 (16812952)|HEAP_ALLOCATE|[45]|Bytes:4
01:19:31.0 (18259021)|SOQL_EXECUTE_BEGIN|[45]|Aggregations:0|SELECT className__C FROM Class__c
01:19:31.0 (21067748)|SOQL_EXECUTE_END|[45]|Rows:4
01:19:31.0 (21101993)|HEAP_ALLOCATE|[45]|Bytes:20
01:19:31.0 (21127471)|HEAP_ALLOCATE|[45]|Bytes:193
01:19:31.0 (21237436)|HEAP_ALLOCATE|[45]|Bytes:20
01:19:31.0 (21261440)|VARIABLE_SCOPE_BEGIN|[45]|data|List<Class__c>|true|false
01:19:31.0 (21312674)|VARIABLE_ASSIGNMENT|[45]|data|[{"className__c":"Name","Id":"a0H0o00000fIXZEEA4"},{"className__c":"L02","Id":"a0H0o00000fIXflEAG"},{"className__c":"L01","Id":"a0H0o00000fIXZYEA4"},{"className__c":"L03","Id":"a0H0o00000fIXg0EAG"}]|0x1c19f4bc
01:19:31.0 (21614413)|HEAP_ALLOCATE|[46]|Bytes:5
01:19:31.0 (21704156)|HEAP_ALLOCATE|[46]|Bytes:12
01:19:31.0 (21724286)|VARIABLE_SCOPE_BEGIN|[46]|c|Class__c|true|false
01:19:31.0 (21757786)|VARIABLE_ASSIGNMENT|[46]|c|{"className__c":"Name","Id":"a0H0o00000fIXZEEA4"}|0x33153730
01:19:31.0 (21777568)|STATEMENT_EXECUTE|[46]
01:19:31.0 (21781776)|STATEMENT_EXECUTE|[47]
01:19:31.0 (21795373)|HEAP_ALLOCATE|[47]|Bytes:12
01:19:31.0 (21946472)|HEAP_ALLOCATE|[47]|Bytes:4
01:19:31.0 (22028620)|HEAP_ALLOCATE|[47]|Bytes:4
01:19:31.0 (22118226)|HEAP_ALLOCATE|[EXTERNAL]|Bytes:4
01:19:31.0 (22150825)|HEAP_ALLOCATE|[46]|Bytes:5
01:19:31.0 (22172061)|HEAP_ALLOCATE|[46]|Bytes:12
01:19:31.0 (22186659)|VARIABLE_SCOPE_BEGIN|[46]|c|Class__c|true|false
01:19:31.0 (22218804)|VARIABLE_ASSIGNMENT|[46]|c|{"className__c":"L02","Id":"a0H0o00000fIXflEAG"}|0x42d01d81
01:19:31.0 (22233079)|STATEMENT_EXECUTE|[46]
01:19:31.0 (22239658)|STATEMENT_EXECUTE|[47]
01:19:31.0 (22307888)|HEAP_ALLOCATE|[47]|Bytes:3
01:19:31.0 (22376464)|HEAP_ALLOCATE|[47]|Bytes:3
01:19:31.0 (22412216)|HEAP_ALLOCATE|[EXTERNAL]|Bytes:4
01:19:31.0 (22438279)|HEAP_ALLOCATE|[46]|Bytes:5
01:19:31.0 (22457029)|HEAP_ALLOCATE|[46]|Bytes:12
01:19:31.0 (22471594)|VARIABLE_SCOPE_BEGIN|[46]|c|Class__c|true|false
01:19:31.0 (22501545)|VARIABLE_ASSIGNMENT|[46]|c|{"className__c":"L01","Id":"a0H0o00000fIXZYEA4"}|0x789dbb2f
01:19:31.0 (22516988)|STATEMENT_EXECUTE|[46]
01:19:31.0 (22521442)|STATEMENT_EXECUTE|[47]
01:19:31.0 (22588186)|HEAP_ALLOCATE|[47]|Bytes:3
01:19:31.0 (22663824)|HEAP_ALLOCATE|[47]|Bytes:3
01:19:31.0 (22697165)|HEAP_ALLOCATE|[EXTERNAL]|Bytes:4
01:19:31.0 (22722585)|HEAP_ALLOCATE|[46]|Bytes:5
01:19:31.0 (22742254)|HEAP_ALLOCATE|[46]|Bytes:12
01:19:31.0 (22755679)|VARIABLE_SCOPE_BEGIN|[46]|c|Class__c|true|false
01:19:31.0 (22787102)|VARIABLE_ASSIGNMENT|[46]|c|{"className__c":"L03","Id":"a0H0o00000fIXg0EAG"}|0x2838d71e
01:19:31.0 (22801667)|STATEMENT_EXECUTE|[46]
01:19:31.0 (22807393)|STATEMENT_EXECUTE|[47]
01:19:31.0 (22869047)|HEAP_ALLOCATE|[47]|Bytes:3
01:19:31.0 (22940433)|HEAP_ALLOCATE|[47]|Bytes:3
01:19:31.0 (22975789)|HEAP_ALLOCATE|[EXTERNAL]|Bytes:4
01:19:31.0 (23001663)|HEAP_ALLOCATE|[46]|Bytes:5
01:19:31.0 (23025708)|VARIABLE_ASSIGNMENT|[46]|c|null|
01:19:31.0 (23040900)|STATEMENT_EXECUTE|[50]
01:19:31.0 (23052120)|SYSTEM_MODE_EXIT|false
01:19:31.0 (23255590)|SYSTEM_MODE_ENTER|true
01:19:31.23 (23710996)|SYSTEM_MODE_ENTER|true
01:19:31.23 (23839417)|HEAP_ALLOCATE|[EXTERNAL]|Bytes:8
01:19:31.23 (23861017)|VARIABLE_SCOPE_BEGIN|[88]|this|ApexPage.PageMessagesComponentController|true|false
01:19:31.23 (23917671)|VARIABLE_ASSIGNMENT|[88]|this|{}|0x1bb8111c
01:19:31.23 (23934357)|VARIABLE_SCOPE_BEGIN|[88]|escape|Boolean|false|false
01:19:31.23 (23952196)|VARIABLE_ASSIGNMENT|[88]|escape|null
01:19:31.0 (24058119)|SYSTEM_MODE_ENTER|true
01:19:31.0 (24103126)|HEAP_ALLOCATE|[EXTERNAL]|Bytes:6
01:19:31.0 (24112930)|HEAP_ALLOCATE|[EXTERNAL]|Bytes:64
01:19:31.0 (24133054)|VARIABLE_ASSIGNMENT|[EXTERNAL]|this.namef|"nguyen"|0x662cea1
01:19:31.0 (24199511)|SYSTEM_MODE_ENTER|true
01:19:31.0 (24231892)|HEAP_ALLOCATE|[EXTERNAL]|Bytes:4
01:19:31.0 (24240437)|HEAP_ALLOCATE|[EXTERNAL]|Bytes:64
01:19:31.0 (24255664)|VARIABLE_ASSIGNMENT|[EXTERNAL]|this.namel|"kieu"|0x662cea1
01:19:31.0 (24319961)|SYSTEM_MODE_ENTER|true
01:19:31.0 (24355584)|HEAP_ALLOCATE|[EXTERNAL]|Bytes:5
01:19:31.0 (24364574)|HEAP_ALLOCATE|[EXTERNAL]|Bytes:64
01:19:31.0 (24379969)|VARIABLE_ASSIGNMENT|[EXTERNAL]|this.gender|true|0x662cea1
01:19:31.0 (26779939)|SYSTEM_MODE_ENTER|true
01:19:31.0 (26843700)|HEAP_ALLOCATE|[EXTERNAL]|Bytes:28
01:19:31.0 (26854777)|HEAP_ALLOCATE|[EXTERNAL]|Bytes:64
01:19:31.0 (26878160)|VARIABLE_ASSIGNMENT|[EXTERNAL]|this.score1|2|0x662cea1
01:19:31.0 (26952883)|SYSTEM_MODE_ENTER|true
01:19:31.0 (26985977)|HEAP_ALLOCATE|[EXTERNAL]|Bytes:28
01:19:31.0 (26997303)|HEAP_ALLOCATE|[EXTERNAL]|Bytes:64
01:19:31.0 (27014075)|VARIABLE_ASSIGNMENT|[EXTERNAL]|this.score2|4|0x662cea1
01:19:31.0 (27080383)|SYSTEM_MODE_ENTER|true
01:19:31.0 (27111410)|HEAP_ALLOCATE|[EXTERNAL]|Bytes:28
01:19:31.0 (27124197)|HEAP_ALLOCATE|[EXTERNAL]|Bytes:64
01:19:31.0 (27139030)|VARIABLE_ASSIGNMENT|[EXTERNAL]|this.score3|8|0x662cea1
01:19:31.0 (27204281)|SYSTEM_MODE_ENTER|true
01:19:31.0 (27237712)|HEAP_ALLOCATE|[EXTERNAL]|Bytes:4
01:19:31.0 (27246643)|HEAP_ALLOCATE|[EXTERNAL]|Bytes:64
01:19:31.0 (27264769)|VARIABLE_ASSIGNMENT|[EXTERNAL]|this.userselectSecondpage|"Name"|0x662cea1
01:19:31.30 (30817733)|SYSTEM_MODE_ENTER|true
01:19:31.30 (30923173)|HEAP_ALLOCATE|[EXTERNAL]|Bytes:8
01:19:31.30 (30939972)|VARIABLE_SCOPE_BEGIN|[88]|this|ApexPage.PageMessagesComponentController|true|false
01:19:31.30 (30985916)|VARIABLE_ASSIGNMENT|[88]|this|{}|0x1bb8111c
01:19:31.30 (30996827)|VARIABLE_SCOPE_BEGIN|[88]|escape|Boolean|false|false
01:19:31.30 (31008730)|VARIABLE_ASSIGNMENT|[88]|escape|null
01:19:31.31 (31131721)|SYSTEM_MODE_ENTER|true
01:19:31.31 (31190108)|HEAP_ALLOCATE|[EXTERNAL]|Bytes:8
01:19:31.31 (31200424)|VARIABLE_SCOPE_BEGIN|[2]|this|ApexPage.PageMessagesComponentController|true|false
01:19:31.31 (31229935)|VARIABLE_ASSIGNMENT|[2]|this|{}|0x1bb8111c
01:19:31.32 (32956247)|SYSTEM_MODE_ENTER|true
01:19:31.32 (33018323)|HEAP_ALLOCATE|[EXTERNAL]|Bytes:8
01:19:31.32 (33034190)|VARIABLE_SCOPE_BEGIN|[84]|this|ApexPage.PageMessagesComponentController|true|false
01:19:31.32 (33069242)|VARIABLE_ASSIGNMENT|[84]|this|{}|0x1bb8111c
01:19:31.33 (33217318)|SYSTEM_MODE_ENTER|true
01:19:31.33 (33320302)|HEAP_ALLOCATE|[EXTERNAL]|Bytes:120
01:19:31.33 (33332955)|HEAP_ALLOCATE|[EXTERNAL]|Bytes:10
01:19:31.33 (33563005)|SYSTEM_MODE_ENTER|true
01:19:31.33 (33598485)|HEAP_ALLOCATE|[EXTERNAL]|Bytes:5
01:19:31.33 (33607941)|HEAP_ALLOCATE|[EXTERNAL]|Bytes:16
01:19:31.33 (33629362)|VARIABLE_ASSIGNMENT|[EXTERNAL]|this.conSeverity|"ERROR"|0x7dbc5dd3
01:19:31.33 (33730536)|SYSTEM_MODE_ENTER|true
01:19:31.33 (33760627)|HEAP_ALLOCATE|[EXTERNAL]|Bytes:8
01:19:31.33 (33768499)|HEAP_ALLOCATE|[EXTERNAL]|Bytes:16
01:19:31.33 (33789371)|VARIABLE_ASSIGNMENT|[EXTERNAL]|this.conStrength|2|0x7dbc5dd3
01:19:31.34 (34038466)|HEAP_ALLOCATE|[EXTERNAL]|Bytes:28
01:19:31.34 (34093420)|VARIABLE_ASSIGNMENT|[EXTERNAL]|this|{"messages":"0x2485de79","severity":"ERROR"}|0x4ac970d6
01:19:31.35 (35568662)|SYSTEM_MODE_ENTER|true
01:19:31.35 (35670730)|HEAP_ALLOCATE|[EXTERNAL]|Bytes:8
01:19:31.35 (35685951)|VARIABLE_SCOPE_BEGIN|[88]|this|ApexPage.PageMessagesComponentController|true|false
01:19:31.35 (35722528)|VARIABLE_ASSIGNMENT|[88]|this|{}|0x1bb8111c
01:19:31.35 (35733612)|VARIABLE_SCOPE_BEGIN|[88]|escape|Boolean|false|false
01:19:31.35 (35745576)|VARIABLE_ASSIGNMENT|[88]|escape|null
01:19:31.35 (35894687)|SYSTEM_MODE_ENTER|true
01:19:31.35 (35951246)|HEAP_ALLOCATE|[EXTERNAL]|Bytes:8
01:19:31.35 (35963135)|VARIABLE_SCOPE_BEGIN|[2]|this|ApexPage.PageMessagesComponentController|true|false
01:19:31.35 (35991850)|VARIABLE_ASSIGNMENT|[2]|this|{}|0x1bb8111c
01:19:31.37 (37178525)|SYSTEM_MODE_ENTER|true
01:19:31.37 (37242271)|HEAP_ALLOCATE|[EXTERNAL]|Bytes:8
01:19:31.37 (37253954)|VARIABLE_SCOPE_BEGIN|[84]|this|ApexPage.PageMessagesComponentController|true|false
01:19:31.37 (37288213)|VARIABLE_ASSIGNMENT|[84]|this|{}|0x1bb8111c
01:19:31.37 (37391149)|SYSTEM_MODE_ENTER|true
01:19:31.37 (37462048)|HEAP_ALLOCATE|[EXTERNAL]|Bytes:16
01:19:31.37 (37472402)|HEAP_ALLOCATE|[EXTERNAL]|Bytes:5
01:19:31.37 (37478939)|VARIABLE_SCOPE_BEGIN|[9]|this|ApexPage.pagemessagecomponentcontroller|true|false
01:19:31.37 (37525373)|VARIABLE_ASSIGNMENT|[9]|this|{"conSeverity":"ERROR","conStrength":2,"escape":true}|0x7dbc5dd3
01:19:31.37 (37535734)|VARIABLE_SCOPE_BEGIN|[9]|escape|Boolean|false|false
01:19:31.37 (37548879)|VARIABLE_ASSIGNMENT|[9]|escape|true
01:19:31.37 (37701141)|SYSTEM_MODE_ENTER|true
01:19:31.37 (37738660)|HEAP_ALLOCATE|[EXTERNAL]|Bytes:5
01:19:31.37 (37745412)|HEAP_ALLOCATE|[EXTERNAL]|Bytes:16
01:19:31.37 (37762112)|VARIABLE_ASSIGNMENT|[EXTERNAL]|this.conSeverity|"ERROR"|0x7dbc5dd3
01:19:31.37 (37829355)|SYSTEM_MODE_ENTER|true
01:19:31.37 (37856188)|HEAP_ALLOCATE|[EXTERNAL]|Bytes:8
01:19:31.37 (37864923)|HEAP_ALLOCATE|[EXTERNAL]|Bytes:16
01:19:31.37 (37879461)|VARIABLE_ASSIGNMENT|[EXTERNAL]|this.conStrength|2|0x7dbc5dd3
01:19:31.38 (38080375)|SYSTEM_MODE_ENTER|true
01:19:31.38 (38134886)|HEAP_ALLOCATE|[EXTERNAL]|Bytes:16
01:19:31.38 (38146282)|VARIABLE_SCOPE_BEGIN|[13]|this|ApexPage.pagemessagecomponentcontroller|true|false
01:19:31.38 (38190809)|VARIABLE_ASSIGNMENT|[13]|this|{"conSeverity":"ERROR","conStrength":2,"escape":true}|0x7dbc5dd3
01:19:31.38 (38875436)|HEAP_ALLOCATE|[EXTERNAL]|Bytes:28
01:19:31.38 (38892637)|VARIABLE_SCOPE_BEGIN|[38]|this|ApexPage.PageMessagesComponentController.severityMessages|true|false
01:19:31.38 (38939153)|VARIABLE_ASSIGNMENT|[38]|this|{"messages":"0x127eab22","severity":"ERROR"}|0x77d217a3
01:19:31.39 (39222975)|SYSTEM_MODE_ENTER|true
01:19:31.39 (39280382)|HEAP_ALLOCATE|[EXTERNAL]|Bytes:16
01:19:31.39 (39293094)|VARIABLE_SCOPE_BEGIN|[5]|this|ApexPage.pagemessagecomponentcontroller|true|false
01:19:31.39 (39332259)|VARIABLE_ASSIGNMENT|[5]|this|{"conSeverity":"ERROR","conStrength":2,"escape":true}|0x7dbc5dd3
01:19:31.39 (39513772)|HEAP_ALLOCATE|[EXTERNAL]|Bytes:28
01:19:31.39 (39559002)|VARIABLE_ASSIGNMENT|[EXTERNAL]|this|{"messages":"0x127eab22","severity":"ERROR"}|0x77d217a3
01:19:31.39 (39715198)|HEAP_ALLOCATE|[EXTERNAL]|Bytes:28
01:19:31.39 (39758038)|VARIABLE_ASSIGNMENT|[EXTERNAL]|this|{"messages":"0x127eab22","severity":"ERROR"}|0x77d217a3
01:19:31.0 (41190648)|SYSTEM_MODE_ENTER|true
01:19:31.0 (41361742)|SYSTEM_MODE_ENTER|true
01:19:31.0 (41467363)|SYSTEM_MODE_ENTER|true
01:19:31.0 (41619386)|SYSTEM_MODE_ENTER|true
01:19:31.0 (41720136)|SYSTEM_MODE_ENTER|true
01:19:31.0 (41806701)|SYSTEM_MODE_ENTER|true
01:19:31.0 (41902416)|SYSTEM_MODE_ENTER|true
01:19:31.0 (41969388)|HEAP_ALLOCATE|[EXTERNAL]|Bytes:64
01:19:31.0 (41984344)|VARIABLE_SCOPE_BEGIN|[43]|this|Controller|true|false
01:19:31.0 (42055367)|VARIABLE_ASSIGNMENT|[43]|this|{"gender":true,"namef":"nguyen","namel":"kieu","score1":2,"score2":4,"score3":8,"userselectSecondpage":"Name"}|0x662cea1
01:19:31.0 (42084444)|SYSTEM_MODE_ENTER|false
01:19:31.0 (42098857)|HEAP_ALLOCATE|[44]|Bytes:5
01:19:31.0 (42108995)|STATEMENT_EXECUTE|[43]
01:19:31.0 (42112973)|STATEMENT_EXECUTE|[44]
01:19:31.0 (42133499)|HEAP_ALLOCATE|[44]|Bytes:4
01:19:31.0 (42154466)|VARIABLE_SCOPE_BEGIN|[44]|options|List<System.SelectOption>|true|false
01:19:31.0 (42195203)|HEAP_ALLOCATE|[EXTERNAL]|Bytes:4
01:19:31.0 (42210928)|VARIABLE_ASSIGNMENT|[44]|options|[]|0x7576d9c1
01:19:31.0 (42219934)|STATEMENT_EXECUTE|[45]
01:19:31.0 (42239130)|HEAP_ALLOCATE|[45]|Bytes:4
01:19:31.0 (42480968)|SOQL_EXECUTE_BEGIN|[45]|Aggregations:0|SELECT className__C FROM Class__c
01:19:31.0 (44933677)|SOQL_EXECUTE_END|[45]|Rows:4
01:19:31.0 (44966592)|HEAP_ALLOCATE|[45]|Bytes:20
01:19:31.0 (44991360)|HEAP_ALLOCATE|[45]|Bytes:193
01:19:31.0 (45027982)|HEAP_ALLOCATE|[45]|Bytes:20
01:19:31.0 (45043509)|VARIABLE_SCOPE_BEGIN|[45]|data|List<Class__c>|true|false
01:19:31.0 (45082829)|VARIABLE_ASSIGNMENT|[45]|data|[{"className__c":"Name","Id":"a0H0o00000fIXZEEA4"},{"className__c":"L02","Id":"a0H0o00000fIXflEAG"},{"className__c":"L01","Id":"a0H0o00000fIXZYEA4"},{"className__c":"L03","Id":"a0H0o00000fIXg0EAG"}]|0x1ec7ce80
01:19:31.0 (45132994)|HEAP_ALLOCATE|[46]|Bytes:5
01:19:31.0 (45156315)|HEAP_ALLOCATE|[46]|Bytes:12
01:19:31.0 (45169301)|VARIABLE_SCOPE_BEGIN|[46]|c|Class__c|true|false
01:19:31.0 (45189806)|VARIABLE_ASSIGNMENT|[46]|c|{"className__c":"Name","Id":"a0H0o00000fIXZEEA4"}|0x67bb4b40
01:19:31.0 (45200606)|STATEMENT_EXECUTE|[46]
01:19:31.0 (45202945)|STATEMENT_EXECUTE|[47]
01:19:31.0 (45279731)|HEAP_ALLOCATE|[47]|Bytes:4
01:19:31.0 (45335093)|HEAP_ALLOCATE|[47]|Bytes:4
01:19:31.0 (45373902)|HEAP_ALLOCATE|[EXTERNAL]|Bytes:4
01:19:31.0 (45393152)|HEAP_ALLOCATE|[46]|Bytes:5
01:19:31.0 (45408390)|HEAP_ALLOCATE|[46]|Bytes:12
01:19:31.0 (45416786)|VARIABLE_SCOPE_BEGIN|[46]|c|Class__c|true|false
01:19:31.0 (45438093)|VARIABLE_ASSIGNMENT|[46]|c|{"className__c":"L02","Id":"a0H0o00000fIXflEAG"}|0x21e83320
01:19:31.0 (45447334)|STATEMENT_EXECUTE|[46]
01:19:31.0 (45450596)|STATEMENT_EXECUTE|[47]
01:19:31.0 (45497008)|HEAP_ALLOCATE|[47]|Bytes:3
01:19:31.0 (45545695)|HEAP_ALLOCATE|[47]|Bytes:3
01:19:31.0 (45570112)|HEAP_ALLOCATE|[EXTERNAL]|Bytes:4
01:19:31.0 (45586909)|HEAP_ALLOCATE|[46]|Bytes:5
01:19:31.0 (45609322)|HEAP_ALLOCATE|[46]|Bytes:12
01:19:31.0 (45619107)|VARIABLE_SCOPE_BEGIN|[46]|c|Class__c|true|false
01:19:31.0 (45640563)|VARIABLE_ASSIGNMENT|[46]|c|{"className__c":"L01","Id":"a0H0o00000fIXZYEA4"}|0x16fbd4fe
01:19:31.0 (45649368)|STATEMENT_EXECUTE|[46]
01:19:31.0 (45651468)|STATEMENT_EXECUTE|[47]
01:19:31.0 (45696459)|HEAP_ALLOCATE|[47]|Bytes:3
01:19:31.0 (45740727)|HEAP_ALLOCATE|[47]|Bytes:3
01:19:31.0 (45763504)|HEAP_ALLOCATE|[EXTERNAL]|Bytes:4
01:19:31.0 (45781455)|HEAP_ALLOCATE|[46]|Bytes:5
01:19:31.0 (45794333)|HEAP_ALLOCATE|[46]|Bytes:12
01:19:31.0 (45801817)|VARIABLE_SCOPE_BEGIN|[46]|c|Class__c|true|false
01:19:31.0 (45821683)|VARIABLE_ASSIGNMENT|[46]|c|{"className__c":"L03","Id":"a0H0o00000fIXg0EAG"}|0x51e57fa2
01:19:31.0 (45830044)|STATEMENT_EXECUTE|[46]
01:19:31.0 (45832947)|STATEMENT_EXECUTE|[47]
01:19:31.0 (45875649)|HEAP_ALLOCATE|[47]|Bytes:3
01:19:31.0 (45920809)|HEAP_ALLOCATE|[47]|Bytes:3
01:19:31.0 (45948012)|HEAP_ALLOCATE|[EXTERNAL]|Bytes:4
01:19:31.0 (45964507)|HEAP_ALLOCATE|[46]|Bytes:5
01:19:31.0 (45981094)|VARIABLE_ASSIGNMENT|[46]|c|null|
01:19:31.0 (45988854)|STATEMENT_EXECUTE|[50]
01:19:31.0 (45995654)|SYSTEM_MODE_EXIT|false
01:19:31.0 (46181254)|SYSTEM_MODE_ENTER|true
01:19:31.0 (48028925)|VF_SERIALIZE_VIEWSTATE_BEGIN|0660o000008sbCc
01:19:31.0 (51704530)|VF_SERIALIZE_VIEWSTATE_END
01:19:31.55 (55760596)|CUMULATIVE_LIMIT_USAGE
01:19:31.55 (55760596)|LIMIT_USAGE_FOR_NS|(default)|
  Number of SOQL queries: 2 out of 100
  Number of query rows: 8 out of 50000
  Number of SOSL queries: 0 out of 20
  Number of DML statements: 0 out of 150
  Number of DML rows: 0 out of 10000
  Maximum CPU time: 0 out of 10000
  Maximum heap size: 0 out of 6000000
  Number of callouts: 0 out of 100
  Number of Email Invocations: 0 out of 10
  Number of future calls: 0 out of 50
  Number of queueable jobs added to the queue: 0 out of 50
  Number of Mobile Apex push calls: 0 out of 10

01:19:31.55 (55760596)|CUMULATIVE_LIMIT_USAGE_END

01:19:31.0 (55994318)|CODE_UNIT_FINISHED|VF: /apex/AddNewStudent
01:19:31.0 (56966789)|EXECUTION_FINISHED
