45.0 APEX_CODE,FINEST;APEX_PROFILING,INFO;CALLOUT,INFO;DB,INFO;NBA,INFO;SYSTEM,DEBUG;VALIDATION,INFO;VISUALFORCE,INFO;WAVE,INFO;WORKFLOW,INFO
Execute Anonymous: System.schedule('ImportDataPatch', '0 50 * * * ?', new ImportDataScheduleBatch());
01:48:33.1 (1722150)|USER_INFO|[EXTERNAL]|0050o00000WkyGG|ttvy@keizu.co.jp|(GMT-07:00) Pacific Daylight Time (America/Los_Angeles)|GMT-07:00
01:48:33.1 (1744864)|EXECUTION_STARTED
01:48:33.1 (1748730)|CODE_UNIT_STARTED|[EXTERNAL]|execute_anonymous_apex
01:48:33.1 (1978066)|HEAP_ALLOCATE|[72]|Bytes:3
01:48:33.1 (2028122)|HEAP_ALLOCATE|[77]|Bytes:152
01:48:33.1 (2061309)|HEAP_ALLOCATE|[342]|Bytes:408
01:48:33.1 (2076540)|HEAP_ALLOCATE|[355]|Bytes:408
01:48:33.1 (2091974)|HEAP_ALLOCATE|[467]|Bytes:48
01:48:33.1 (2122194)|HEAP_ALLOCATE|[139]|Bytes:6
01:48:33.1 (2154012)|HEAP_ALLOCATE|[EXTERNAL]|Bytes:1
01:48:33.1 (2277610)|STATEMENT_EXECUTE|[1]
01:48:33.1 (2281905)|STATEMENT_EXECUTE|[1]
01:48:33.1 (2288862)|HEAP_ALLOCATE|[1]|Bytes:15
01:48:33.1 (2300701)|HEAP_ALLOCATE|[1]|Bytes:12
01:48:33.1 (11809680)|HEAP_ALLOCATE|[1]|Bytes:1
01:48:33.1 (11882305)|METHOD_ENTRY|[1]|01p0o00000GMW5U|ImportDataScheduleBatch.ImportDataScheduleBatch()
01:48:33.1 (11899151)|STATEMENT_EXECUTE|[1]
01:48:33.1 (11908350)|STATEMENT_EXECUTE|[1]
01:48:33.1 (11916672)|METHOD_EXIT|[1]|ImportDataScheduleBatch
01:48:33.1 (11942854)|HEAP_ALLOCATE|[1]|Bytes:4
01:48:33.1 (11999298)|HEAP_ALLOCATE|[50]|Bytes:5
01:48:33.1 (12040091)|HEAP_ALLOCATE|[56]|Bytes:5
01:48:33.1 (12060581)|HEAP_ALLOCATE|[64]|Bytes:7
01:48:33.1 (12097594)|SYSTEM_MODE_ENTER|false
01:48:33.1 (12142931)|HEAP_ALLOCATE|[1]|Bytes:5
01:48:33.1 (12173862)|CONSTRUCTOR_ENTRY|[1]|01p0o00000GMW5U|<init>()|ImportDataScheduleBatch
01:48:33.1 (12227481)|VARIABLE_SCOPE_BEGIN|[1]|this|ImportDataScheduleBatch|true|false
01:48:33.1 (12287518)|VARIABLE_ASSIGNMENT|[1]|this|{}|0x4e8e486d
01:48:33.1 (12311266)|HEAP_ALLOCATE|[EXTERNAL]|Bytes:6
01:48:33.1 (12380319)|STATEMENT_EXECUTE|[1]
01:48:33.1 (12394598)|CONSTRUCTOR_EXIT|[1]|01p0o00000GMW5U|<init>()|ImportDataScheduleBatch
01:48:33.1 (12417413)|SYSTEM_MODE_EXIT|false
01:48:33.61 (61249878)|CUMULATIVE_LIMIT_USAGE
01:48:33.61 (61249878)|LIMIT_USAGE_FOR_NS|(default)|
  Number of SOQL queries: 0 out of 100
  Number of query rows: 0 out of 50000
  Number of SOSL queries: 0 out of 20
  Number of DML statements: 0 out of 150
  Number of DML rows: 0 out of 10000
  Maximum CPU time: 0 out of 10000
  Maximum heap size: 0 out of 6000000
  Number of callouts: 0 out of 100
  Number of Email Invocations: 0 out of 10
  Number of future calls: 0 out of 50
  Number of queueable jobs added to the queue: 0 out of 50
  Number of Mobile Apex push calls: 0 out of 10

01:48:33.61 (61249878)|CUMULATIVE_LIMIT_USAGE_END

01:48:33.1 (61310975)|CODE_UNIT_FINISHED|execute_anonymous_apex
01:48:33.1 (62440423)|EXECUTION_FINISHED
