36.0 APEX_CODE,FINEST;APEX_PROFILING,INFO;CALLOUT,INFO;DB,INFO;NBA,INFO;SYSTEM,DEBUG;VALIDATION,INFO;VISUALFORCE,INFO;WAVE,INFO;WORKFLOW,INFO
01:23:00.0 (413094)|USER_INFO|[EXTERNAL]|0050o00000WkyGG|ttvy@keizu.co.jp|Pacific Standard Time|GMT-07:00
01:23:00.0 (450651)|EXECUTION_STARTED
01:23:00.0 (458414)|CODE_UNIT_STARTED|[EXTERNAL]|0660o000008sEYc|VF: /apex/MainPage
01:23:00.0 (957315)|VF_DESERIALIZE_VIEWSTATE_BEGIN|0660o000008sEYc
01:23:00.0 (7802155)|HEAP_ALLOCATE|[72]|Bytes:3
01:23:00.0 (7849455)|HEAP_ALLOCATE|[77]|Bytes:152
01:23:00.0 (7862551)|HEAP_ALLOCATE|[342]|Bytes:408
01:23:00.0 (7879653)|HEAP_ALLOCATE|[355]|Bytes:408
01:23:00.0 (7890483)|HEAP_ALLOCATE|[467]|Bytes:48
01:23:00.0 (7916229)|HEAP_ALLOCATE|[139]|Bytes:6
01:23:00.0 (7953243)|HEAP_ALLOCATE|[50]|Bytes:5
01:23:00.0 (7975523)|HEAP_ALLOCATE|[56]|Bytes:5
01:23:00.0 (7985144)|HEAP_ALLOCATE|[64]|Bytes:7
01:23:00.0 (11451949)|VF_DESERIALIZE_VIEWSTATE_END
01:23:00.0 (12108702)|SYSTEM_MODE_ENTER|true
01:23:00.0 (12140296)|HEAP_ALLOCATE|[EXTERNAL]|Bytes:34
01:23:00.0 (12154319)|HEAP_ALLOCATE|[EXTERNAL]|Bytes:308
01:23:00.0 (12159308)|HEAP_ALLOCATE|[EXTERNAL]|Bytes:61
01:23:00.0 (12163205)|HEAP_ALLOCATE|[EXTERNAL]|Bytes:10
01:23:00.0 (12176374)|METHOD_ENTRY|[1]|01p0o00000GLKhZ|Controller.Controller()
01:23:00.0 (12185009)|STATEMENT_EXECUTE|[1]
01:23:00.0 (12190681)|STATEMENT_EXECUTE|[1]
01:23:00.0 (12197840)|SYSTEM_MODE_ENTER|false
01:23:00.0 (12207987)|HEAP_ALLOCATE|[EXTERNAL]|Bytes:5
01:23:00.0 (12213516)|STATEMENT_EXECUTE|[12]
01:23:00.0 (12215532)|STATEMENT_EXECUTE|[44]
01:23:00.0 (12217070)|STATEMENT_EXECUTE|[60]
01:23:00.0 (12220660)|SYSTEM_MODE_EXIT|false
01:23:00.0 (12228731)|METHOD_EXIT|[1]|Controller
01:23:00.0 (12281874)|HEAP_ALLOCATE|[EXTERNAL]|Bytes:188
01:23:00.0 (12288766)|HEAP_ALLOCATE|[EXTERNAL]|Bytes:17
01:23:00.16 (16269923)|SYSTEM_MODE_ENTER|true
01:23:00.16 (16359444)|HEAP_ALLOCATE|[EXTERNAL]|Bytes:38
01:23:00.16 (16371055)|HEAP_ALLOCATE|[EXTERNAL]|Bytes:7
01:23:00.17 (17188027)|SYSTEM_MODE_ENTER|true
01:23:00.17 (17255031)|HEAP_ALLOCATE|[EXTERNAL]|Bytes:8
01:23:00.17 (17264231)|VARIABLE_SCOPE_BEGIN|[88]|this|ApexPage.PageMessagesComponentController|true|false
01:23:00.17 (17338589)|VARIABLE_ASSIGNMENT|[88]|this|{}|0x6db3c9c5
01:23:00.17 (17346621)|VARIABLE_SCOPE_BEGIN|[88]|escape|Boolean|false|false
01:23:00.17 (17355195)|VARIABLE_ASSIGNMENT|[88]|escape|null
01:23:00.0 (17492663)|SYSTEM_MODE_ENTER|true
01:23:00.0 (17988691)|SYSTEM_MODE_ENTER|true
01:23:00.0 (18142987)|SYSTEM_MODE_ENTER|true
01:23:00.0 (18419548)|HEAP_ALLOCATE|[EXTERNAL]|Bytes:44
01:23:00.0 (18430534)|VARIABLE_SCOPE_BEGIN|[100]|this|Controller|true|false
01:23:00.0 (18494569)|VARIABLE_ASSIGNMENT|[100]|this|{"objKeySearch":"0x2bcc02f","student":"0x4c47eb3b"}|0x4b292f6e
01:23:00.0 (18510587)|SYSTEM_MODE_ENTER|false
01:23:00.0 (18518215)|HEAP_ALLOCATE|[101]|Bytes:5
01:23:00.0 (18524273)|STATEMENT_EXECUTE|[100]
01:23:00.0 (18526840)|STATEMENT_EXECUTE|[101]
01:23:00.0 (18538607)|HEAP_ALLOCATE|[101]|Bytes:4
01:23:00.0 (18568777)|VARIABLE_SCOPE_BEGIN|[101]|options|List<System.SelectOption>|true|false
01:23:00.0 (18600791)|HEAP_ALLOCATE|[EXTERNAL]|Bytes:4
01:23:00.0 (18614850)|VARIABLE_ASSIGNMENT|[101]|options|[]|0xb9243f9
01:23:00.0 (18620514)|STATEMENT_EXECUTE|[102]
01:23:00.0 (18624484)|HEAP_ALLOCATE|[102]|Bytes:33
01:23:00.0 (18657322)|HEAP_ALLOCATE|[102]|Bytes:4
01:23:00.0 (19893380)|SOQL_EXECUTE_BEGIN|[102]|Aggregations:0|SELECT className__C FROM Class__c
01:23:00.0 (22477006)|SOQL_EXECUTE_END|[102]|Rows:2
01:23:00.0 (22502997)|HEAP_ALLOCATE|[102]|Bytes:12
01:23:00.0 (22521672)|HEAP_ALLOCATE|[102]|Bytes:101
01:23:00.0 (22598100)|HEAP_ALLOCATE|[102]|Bytes:12
01:23:00.0 (22616374)|VARIABLE_SCOPE_BEGIN|[102]|data|List<Class__c>|true|false
01:23:00.0 (22652428)|VARIABLE_ASSIGNMENT|[102]|data|[{"className__c":"Math","Id":"a0H0o00000fJQOvEAO"},{"className__c":"English","Id":"a0H0o00000fJQOwEAO"}]|0x7705aba8
01:23:00.0 (22825679)|HEAP_ALLOCATE|[103]|Bytes:5
01:23:00.0 (22854265)|HEAP_ALLOCATE|[103]|Bytes:12
01:23:00.0 (22864483)|VARIABLE_SCOPE_BEGIN|[103]|c|Class__c|true|false
01:23:00.0 (22881406)|VARIABLE_ASSIGNMENT|[103]|c|{"className__c":"Math","Id":"a0H0o00000fJQOvEAO"}|0x4c5095b5
01:23:00.0 (22888447)|STATEMENT_EXECUTE|[103]
01:23:00.0 (22890723)|STATEMENT_EXECUTE|[104]
01:23:00.0 (22900353)|HEAP_ALLOCATE|[104]|Bytes:12
01:23:00.0 (22999197)|HEAP_ALLOCATE|[104]|Bytes:4
01:23:00.0 (23037968)|HEAP_ALLOCATE|[104]|Bytes:4
01:23:00.0 (23083854)|HEAP_ALLOCATE|[EXTERNAL]|Bytes:4
01:23:00.0 (23100422)|HEAP_ALLOCATE|[103]|Bytes:5
01:23:00.0 (23111546)|HEAP_ALLOCATE|[103]|Bytes:12
01:23:00.0 (23118112)|VARIABLE_SCOPE_BEGIN|[103]|c|Class__c|true|false
01:23:00.0 (23134898)|VARIABLE_ASSIGNMENT|[103]|c|{"className__c":"English","Id":"a0H0o00000fJQOwEAO"}|0x77ffd4ea
01:23:00.0 (23141376)|STATEMENT_EXECUTE|[103]
01:23:00.0 (23143237)|STATEMENT_EXECUTE|[104]
01:23:00.0 (23179600)|HEAP_ALLOCATE|[104]|Bytes:7
01:23:00.0 (23218425)|HEAP_ALLOCATE|[104]|Bytes:7
01:23:00.0 (23235108)|HEAP_ALLOCATE|[EXTERNAL]|Bytes:4
01:23:00.0 (23248173)|HEAP_ALLOCATE|[103]|Bytes:5
01:23:00.0 (23263005)|VARIABLE_ASSIGNMENT|[103]|c|null|
01:23:00.0 (23269077)|STATEMENT_EXECUTE|[107]
01:23:00.0 (23275066)|SYSTEM_MODE_EXIT|false
01:23:00.0 (24454870)|HEAP_ALLOCATE|[EXTERNAL]|Bytes:5
01:23:00.0 (24474943)|HEAP_ALLOCATE|[EXTERNAL]|Bytes:24
01:23:00.0 (24496904)|VARIABLE_ASSIGNMENT|[EXTERNAL]|this.increasing|false|0x2bcc02f
01:23:00.0 (24570819)|HEAP_ALLOCATE|[EXTERNAL]|Bytes:4
01:23:00.0 (24584902)|HEAP_ALLOCATE|[EXTERNAL]|Bytes:24
01:23:00.0 (24597753)|VARIABLE_ASSIGNMENT|[EXTERNAL]|this.className|"Math"|0x2bcc02f
01:23:00.25 (25115669)|SYSTEM_MODE_ENTER|true
01:23:00.25 (25186461)|HEAP_ALLOCATE|[EXTERNAL]|Bytes:8
01:23:00.25 (25197224)|VARIABLE_SCOPE_BEGIN|[88]|this|ApexPage.PageMessagesComponentController|true|false
01:23:00.25 (25229830)|VARIABLE_ASSIGNMENT|[88]|this|{}|0x6db3c9c5
01:23:00.25 (25236434)|VARIABLE_SCOPE_BEGIN|[88]|escape|Boolean|false|false
01:23:00.25 (25244503)|VARIABLE_ASSIGNMENT|[88]|escape|null
01:23:00.0 (25478596)|HEAP_ALLOCATE|[EXTERNAL]|Bytes:44
01:23:00.0 (25490411)|VARIABLE_SCOPE_BEGIN|[206]|this|Controller|true|false
01:23:00.0 (25528316)|VARIABLE_ASSIGNMENT|[206]|this|{"objKeySearch":"0x2bcc02f","student":"0x4c47eb3b"}|0x4b292f6e
01:23:00.0 (25543924)|SYSTEM_MODE_ENTER|false
01:23:00.0 (25551091)|HEAP_ALLOCATE|[207]|Bytes:5
01:23:00.0 (25556859)|STATEMENT_EXECUTE|[206]
01:23:00.0 (25558715)|STATEMENT_EXECUTE|[207]
01:23:00.0 (25560166)|STATEMENT_EXECUTE|[207]
01:23:00.0 (25614569)|VARIABLE_ASSIGNMENT|[EXTERNAL]|this|{"objKeySearch":"0x2bcc02f","student":"0x4c47eb3b"}|0x4b292f6e
01:23:00.0 (25660556)|VARIABLE_ASSIGNMENT|[EXTERNAL]|this|{"className":"Math","increasing":false,"objStudentFrom":"0x7527d218","objStudentTo":"0x2be2d1ef","studentName":"0x1343b5cb"}|0x2bcc02f
01:23:00.0 (25735923)|STATEMENT_EXECUTE|[208]
01:23:00.0 (25738634)|STATEMENT_EXECUTE|[212]
01:23:00.0 (25768849)|METHOD_ENTRY|[212]|01p0o00000GLKhZ|Controller.getStudent()
01:23:00.0 (25788529)|VARIABLE_SCOPE_BEGIN|[110]|this|Controller|true|false
01:23:00.0 (25817107)|VARIABLE_ASSIGNMENT|[110]|this|{"objKeySearch":"0x2bcc02f","student":"0x4c47eb3b"}|0x4b292f6e
01:23:00.0 (25829511)|HEAP_ALLOCATE|[111]|Bytes:5
01:23:00.0 (25834469)|STATEMENT_EXECUTE|[110]
01:23:00.0 (25836345)|STATEMENT_EXECUTE|[111]
01:23:00.0 (25839316)|HEAP_ALLOCATE|[111]|Bytes:274
01:23:00.0 (25858455)|HEAP_ALLOCATE|[111]|Bytes:4
01:23:00.0 (25867631)|HEAP_ALLOCATE|[111]|Bytes:7
01:23:00.0 (25900746)|VARIABLE_ASSIGNMENT|[EXTERNAL]|this|{"objKeySearch":"0x2bcc02f","student":"0x4c47eb3b"}|0x4b292f6e
01:23:00.0 (25933099)|VARIABLE_ASSIGNMENT|[EXTERNAL]|this|{"className":"Math","increasing":false,"objStudentFrom":"0x7527d218","objStudentTo":"0x2be2d1ef","studentName":"0x1343b5cb"}|0x2bcc02f
01:23:00.0 (25960985)|HEAP_ALLOCATE|[111]|Bytes:7
01:23:00.0 (25990814)|VARIABLE_ASSIGNMENT|[EXTERNAL]|this|{"objKeySearch":"0x2bcc02f","student":"0x4c47eb3b"}|0x4b292f6e
01:23:00.0 (26024405)|VARIABLE_ASSIGNMENT|[EXTERNAL]|this|{"className":"Math","increasing":false,"objStudentFrom":"0x7527d218","objStudentTo":"0x2be2d1ef","studentName":"0x1343b5cb"}|0x2bcc02f
01:23:00.0 (26042217)|HEAP_ALLOCATE|[111]|Bytes:7
01:23:00.0 (26070467)|VARIABLE_ASSIGNMENT|[EXTERNAL]|this|{"objKeySearch":"0x2bcc02f","student":"0x4c47eb3b"}|0x4b292f6e
01:23:00.0 (26099721)|VARIABLE_ASSIGNMENT|[EXTERNAL]|this|{"className":"Math","increasing":false,"objStudentFrom":"0x7527d218","objStudentTo":"0x2be2d1ef","studentName":"0x1343b5cb"}|0x2bcc02f
01:23:00.0 (26113341)|HEAP_ALLOCATE|[111]|Bytes:7
01:23:00.0 (26142844)|VARIABLE_ASSIGNMENT|[EXTERNAL]|this|{"objKeySearch":"0x2bcc02f","student":"0x4c47eb3b"}|0x4b292f6e
01:23:00.0 (26172060)|VARIABLE_ASSIGNMENT|[EXTERNAL]|this|{"className":"Math","increasing":false,"objStudentFrom":"0x7527d218","objStudentTo":"0x2be2d1ef","studentName":"0x1343b5cb"}|0x2bcc02f
01:23:00.0 (27195312)|SOQL_EXECUTE_BEGIN|[111]|Aggregations:0|SELECT Namef__c, Namel__c, Birthday__c, Gender__c, Score1__c, Score2__c, Score3__c, AverageScore__c, State__c, StudentId__c FROM Student__c WHERE (Name LIKE :tmpVar1 OR Class__r.Name LIKE :tmpVar2 OR (Student__c.Birthday__c > :tmpVar3 AND Student__c.Birthday__c < :tmpVar4))
01:23:00.0 (35539405)|SOQL_EXECUTE_END|[111]|Rows:2
01:23:00.0 (35583080)|HEAP_ALLOCATE|[111]|Bytes:12
01:23:00.0 (35621000)|HEAP_ALLOCATE|[111]|Bytes:726
01:23:00.0 (35696961)|HEAP_ALLOCATE|[111]|Bytes:12
01:23:00.0 (35722522)|VARIABLE_SCOPE_BEGIN|[111]|studentGetList|List<Student__c>|true|false
01:23:00.0 (35811681)|VARIABLE_ASSIGNMENT|[111]|studentGetList|[{"Namef__c":"b","Namel__c":"b","Birthday__c":"2010-05-21T00:00:00.000Z","Gender__c":true,"Score1__c":2.00,"Score2__c":2.00,"Score3__c":2.00,"AverageScore__c":2.00,"State__c":"Failed","StudentId__c":"HS0076","Class__c":"a0H0o00000fJQOvEAO","Id":"a0I0o000013e10MEAQ"},{"Namef__c":"a","Namel__c":"a","Birthday__c":"2003-05-08T00:00:00.000Z","Gender__c":false,"Score1__c":1.00,"Score2__c":1.00,"Score3__c":1.00,"AverageScore__c":1.00,"State__c":"Failed","StudentId__c":"HS0075","Class__c":"a0H0o00000fJQOvEAO","Id":"a0I0o000013e10HEAQ"}]|0x2ec424bc
01:23:00.0 (35829216)|STATEMENT_EXECUTE|[126]
01:23:00.0 (35843846)|HEAP_ALLOCATE|[126]|Bytes:4
01:23:00.0 (35919235)|VARIABLE_SCOPE_BEGIN|[126]|result|List<Controller.Output>|true|false
01:23:00.0 (35942331)|HEAP_ALLOCATE|[EXTERNAL]|Bytes:4
01:23:00.0 (35951823)|VARIABLE_ASSIGNMENT|[126]|result|[]|0x63ef1257
01:23:00.0 (36116412)|HEAP_ALLOCATE|[127]|Bytes:5
01:23:00.0 (36138356)|HEAP_ALLOCATE|[127]|Bytes:52
01:23:00.0 (36148862)|VARIABLE_SCOPE_BEGIN|[127]|s|Student__c|true|false
01:23:00.0 (36181775)|VARIABLE_ASSIGNMENT|[127]|s|{"Namef__c":"b","Namel__c":"b","Birthday__c":"2010-05-21T00:00:00.000Z","Gender__c":true,"Score1__c":2.00,"Score2__c":2.00,"Score3__c":2.00,"AverageScore__c":2.00,"State__c":"Failed","StudentId__c":"HS0076","Class__c":"a0H0o00000fJQOvEAO","Id":"a0I0o000013e10MEAQ"}|0x5bf88a4b
01:23:00.0 (36191430)|STATEMENT_EXECUTE|[127]
01:23:00.0 (36193394)|STATEMENT_EXECUTE|[128]
01:23:00.0 (36253950)|HEAP_ALLOCATE|[128]|Bytes:120
01:23:00.0 (36261820)|HEAP_ALLOCATE|[128]|Bytes:11
01:23:00.0 (36277297)|HEAP_ALLOCATE|[128]|Bytes:12
01:23:00.0 (36298962)|CONSTRUCTOR_ENTRY|[128]|01p0o00000GLKhZ|<init>(Student__c)|Controller.Output
01:23:00.0 (36325537)|VARIABLE_SCOPE_BEGIN|[63]|this|Controller.Output|true|false
01:23:00.0 (36360122)|VARIABLE_ASSIGNMENT|[63]|this|{}|0x71176b4
01:23:00.0 (36386801)|VARIABLE_SCOPE_BEGIN|[63]|s|Student__c|true|false
01:23:00.0 (36415039)|VARIABLE_ASSIGNMENT|[63]|s|{"Namef__c":"b","Namel__c":"b","Birthday__c":"2010-05-21T00:00:00.000Z","Gender__c":true,"Score1__c":2.00,"Score2__c":2.00,"Score3__c":2.00,"AverageScore__c":2.00,"State__c":"Failed","StudentId__c":"HS0076","Class__c":"a0H0o00000fJQOvEAO","Id":"a0I0o000013e10MEAQ"}|0x5bf88a4b
01:23:00.0 (36425088)|STATEMENT_EXECUTE|[60]
01:23:00.0 (36427105)|STATEMENT_EXECUTE|[61]
01:23:00.0 (36428820)|STATEMENT_EXECUTE|[62]
01:23:00.0 (36436507)|HEAP_ALLOCATE|[64]|Bytes:6
01:23:00.0 (36473619)|STATEMENT_EXECUTE|[63]
01:23:00.0 (36475720)|STATEMENT_EXECUTE|[64]
01:23:00.0 (36539022)|VARIABLE_ASSIGNMENT|[EXTERNAL]|this|{}|0x71176b4
01:23:00.0 (36568142)|VARIABLE_ASSIGNMENT|[EXTERNAL]|value|{"Namef__c":"b","Namel__c":"b","Birthday__c":"2010-05-21T00:00:00.000Z","Gender__c":true,"Score1__c":2.00,"Score2__c":2.00,"Score3__c":2.00,"AverageScore__c":2.00,"State__c":"Failed","StudentId__c":"HS0076","Class__c":"a0H0o00000fJQOvEAO","Id":"a0I0o000013e10MEAQ"}|0x5bf88a4b
01:23:00.0 (36605444)|VARIABLE_ASSIGNMENT|[61]|this.student|{"Namef__c":"b","Namel__c":"b","Birthday__c":"2010-05-21T00:00:00.000Z","Gender__c":true,"Score1__c":2.00,"Score2__c":2.00,"Score3__c":2.00,"AverageScore__c":2.00,"State__c":"Failed","StudentId__c":"HS0076","Class__c":"a0H0o00000fJQOvEAO","Id":"a0I0o000013e10MEAQ"}|0x71176b4
01:23:00.0 (36618012)|STATEMENT_EXECUTE|[65]
01:23:00.0 (36655320)|VARIABLE_ASSIGNMENT|[EXTERNAL]|this|{"student":"0x5bf88a4b"}|0x71176b4
01:23:00.0 (36667891)|VARIABLE_ASSIGNMENT|[EXTERNAL]|value|false
01:23:00.0 (36674988)|HEAP_ALLOCATE|[62]|Bytes:5
01:23:00.0 (36682678)|VARIABLE_ASSIGNMENT|[62]|this.isSelected|false|0x71176b4
01:23:00.0 (36694723)|CONSTRUCTOR_EXIT|[128]|01p0o00000GLKhZ|<init>(Student__c)|Controller.Output
01:23:00.0 (36711668)|HEAP_ALLOCATE|[EXTERNAL]|Bytes:4
01:23:00.0 (36726541)|HEAP_ALLOCATE|[127]|Bytes:5
01:23:00.0 (36738992)|HEAP_ALLOCATE|[127]|Bytes:52
01:23:00.0 (36748867)|VARIABLE_SCOPE_BEGIN|[127]|s|Student__c|true|false
01:23:00.0 (36779042)|VARIABLE_ASSIGNMENT|[127]|s|{"Namef__c":"a","Namel__c":"a","Birthday__c":"2003-05-08T00:00:00.000Z","Gender__c":false,"Score1__c":1.00,"Score2__c":1.00,"Score3__c":1.00,"AverageScore__c":1.00,"State__c":"Failed","StudentId__c":"HS0075","Class__c":"a0H0o00000fJQOvEAO","Id":"a0I0o000013e10HEAQ"}|0x7ab827ff
01:23:00.0 (36787149)|STATEMENT_EXECUTE|[127]
01:23:00.0 (36788973)|STATEMENT_EXECUTE|[128]
01:23:00.0 (36793521)|HEAP_ALLOCATE|[128]|Bytes:12
01:23:00.0 (36802242)|CONSTRUCTOR_ENTRY|[128]|01p0o00000GLKhZ|<init>(Student__c)|Controller.Output
01:23:00.0 (36808919)|VARIABLE_SCOPE_BEGIN|[63]|this|Controller.Output|true|false
01:23:00.0 (36823830)|VARIABLE_ASSIGNMENT|[63]|this|{}|0x736fb2f6
01:23:00.0 (36829212)|VARIABLE_SCOPE_BEGIN|[63]|s|Student__c|true|false
01:23:00.0 (36852535)|VARIABLE_ASSIGNMENT|[63]|s|{"Namef__c":"a","Namel__c":"a","Birthday__c":"2003-05-08T00:00:00.000Z","Gender__c":false,"Score1__c":1.00,"Score2__c":1.00,"Score3__c":1.00,"AverageScore__c":1.00,"State__c":"Failed","StudentId__c":"HS0075","Class__c":"a0H0o00000fJQOvEAO","Id":"a0I0o000013e10HEAQ"}|0x7ab827ff
01:23:00.0 (36860411)|STATEMENT_EXECUTE|[60]
01:23:00.0 (36862034)|STATEMENT_EXECUTE|[61]
01:23:00.0 (36863508)|STATEMENT_EXECUTE|[62]
01:23:00.0 (36874234)|STATEMENT_EXECUTE|[63]
01:23:00.0 (36877460)|STATEMENT_EXECUTE|[64]
01:23:00.0 (36892068)|VARIABLE_ASSIGNMENT|[EXTERNAL]|this|{}|0x736fb2f6
01:23:00.0 (36918252)|VARIABLE_ASSIGNMENT|[EXTERNAL]|value|{"Namef__c":"a","Namel__c":"a","Birthday__c":"2003-05-08T00:00:00.000Z","Gender__c":false,"Score1__c":1.00,"Score2__c":1.00,"Score3__c":1.00,"AverageScore__c":1.00,"State__c":"Failed","StudentId__c":"HS0075","Class__c":"a0H0o00000fJQOvEAO","Id":"a0I0o000013e10HEAQ"}|0x7ab827ff
01:23:00.0 (36946021)|VARIABLE_ASSIGNMENT|[61]|this.student|{"Namef__c":"a","Namel__c":"a","Birthday__c":"2003-05-08T00:00:00.000Z","Gender__c":false,"Score1__c":1.00,"Score2__c":1.00,"Score3__c":1.00,"AverageScore__c":1.00,"State__c":"Failed","StudentId__c":"HS0075","Class__c":"a0H0o00000fJQOvEAO","Id":"a0I0o000013e10HEAQ"}|0x736fb2f6
01:23:00.0 (36957754)|STATEMENT_EXECUTE|[65]
01:23:00.0 (36973300)|VARIABLE_ASSIGNMENT|[EXTERNAL]|this|{"student":"0x7ab827ff"}|0x736fb2f6
01:23:00.0 (36983498)|VARIABLE_ASSIGNMENT|[EXTERNAL]|value|false
01:23:00.0 (36989506)|HEAP_ALLOCATE|[62]|Bytes:5
01:23:00.0 (36995982)|VARIABLE_ASSIGNMENT|[62]|this.isSelected|false|0x736fb2f6
01:23:00.0 (37006305)|CONSTRUCTOR_EXIT|[128]|01p0o00000GLKhZ|<init>(Student__c)|Controller.Output
01:23:00.0 (37023388)|HEAP_ALLOCATE|[EXTERNAL]|Bytes:4
01:23:00.0 (37044902)|HEAP_ALLOCATE|[127]|Bytes:5
01:23:00.0 (37063807)|VARIABLE_ASSIGNMENT|[127]|s|null|
01:23:00.0 (37072743)|STATEMENT_EXECUTE|[130]
01:23:00.0 (37134512)|VARIABLE_ASSIGNMENT|[EXTERNAL]|this|{"objKeySearch":"0x2bcc02f","student":"0x4c47eb3b"}|0x4b292f6e
01:23:00.0 (37184029)|VARIABLE_ASSIGNMENT|[EXTERNAL]|this|{"className":"Math","increasing":false,"objStudentFrom":"0x7527d218","objStudentTo":"0x2be2d1ef","studentName":"0x1343b5cb"}|0x2bcc02f
01:23:00.0 (37214225)|METHOD_ENTRY|[130]|01p0o00000GLKhZ|Controller.sort(List<Controller.Output>, Boolean)
01:23:00.0 (37221929)|VARIABLE_SCOPE_BEGIN|[133]|this|Controller|true|false
01:23:00.0 (37246534)|VARIABLE_ASSIGNMENT|[133]|this|{"objKeySearch":"0x2bcc02f","student":"0x4c47eb3b"}|0x4b292f6e
01:23:00.0 (37255377)|VARIABLE_SCOPE_BEGIN|[133]|l|List<Controller.Output>|true|false
01:23:00.0 (37277441)|VARIABLE_ASSIGNMENT|[133]|l|[{"isSelected":false,"student":"0x5bf88a4b"},{"isSelected":false,"student":"0x7ab827ff"}]|0x63ef1257
01:23:00.0 (37283837)|VARIABLE_SCOPE_BEGIN|[133]|increasing|Boolean|false|false
01:23:00.0 (37291093)|VARIABLE_ASSIGNMENT|[133]|increasing|false
01:23:00.0 (37302038)|HEAP_ALLOCATE|[134]|Bytes:5
01:23:00.0 (37308088)|STATEMENT_EXECUTE|[133]
01:23:00.0 (37309850)|STATEMENT_EXECUTE|[134]
01:23:00.0 (37319949)|HEAP_ALLOCATE|[134]|Bytes:4
01:23:00.0 (37340148)|VARIABLE_SCOPE_BEGIN|[134]|result|List<Controller.Output>|true|false
01:23:00.0 (37360419)|HEAP_ALLOCATE|[EXTERNAL]|Bytes:4
01:23:00.0 (37367549)|VARIABLE_ASSIGNMENT|[134]|result|[]|0x76c9b95
01:23:00.0 (37374489)|STATEMENT_EXECUTE|[148]
01:23:00.0 (37397865)|STATEMENT_EXECUTE|[149]
01:23:00.0 (37399771)|STATEMENT_EXECUTE|[150]
01:23:00.0 (37424422)|HEAP_ALLOCATE|[150]|Bytes:12
01:23:00.0 (37454519)|VARIABLE_ASSIGNMENT|[EXTERNAL]|this|{"isSelected":false,"student":"0x5bf88a4b"}|0x71176b4
01:23:00.0 (37512705)|VARIABLE_SCOPE_BEGIN|[150]|min|String|false|false
01:23:00.0 (37524457)|VARIABLE_ASSIGNMENT|[150]|min|"b"
01:23:00.0 (37528877)|STATEMENT_EXECUTE|[151]
01:23:00.0 (37550669)|HEAP_ALLOCATE|[151]|Bytes:12
01:23:00.0 (37559319)|VARIABLE_SCOPE_BEGIN|[151]|minObj|Controller.Output|true|false
01:23:00.0 (37584943)|VARIABLE_ASSIGNMENT|[151]|minObj|{"isSelected":false,"student":"0x5bf88a4b"}|0x71176b4
01:23:00.0 (37679420)|HEAP_ALLOCATE|[152]|Bytes:5
01:23:00.0 (37692416)|HEAP_ALLOCATE|[152]|Bytes:12
01:23:00.0 (37699054)|VARIABLE_SCOPE_BEGIN|[152]|o|Controller.Output|true|false
01:23:00.0 (37718924)|VARIABLE_ASSIGNMENT|[152]|o|{"isSelected":false,"student":"0x5bf88a4b"}|0x71176b4
01:23:00.0 (37725328)|STATEMENT_EXECUTE|[152]
01:23:00.0 (37750453)|VARIABLE_ASSIGNMENT|[EXTERNAL]|this|{"isSelected":false,"student":"0x5bf88a4b"}|0x71176b4
01:23:00.0 (37792770)|STATEMENT_EXECUTE|[153]
01:23:00.0 (37802133)|HEAP_ALLOCATE|[152]|Bytes:5
01:23:00.0 (37811654)|HEAP_ALLOCATE|[152]|Bytes:12
01:23:00.0 (37816993)|VARIABLE_SCOPE_BEGIN|[152]|o|Controller.Output|true|false
01:23:00.0 (37834613)|VARIABLE_ASSIGNMENT|[152]|o|{"isSelected":false,"student":"0x7ab827ff"}|0x736fb2f6
01:23:00.0 (37840462)|STATEMENT_EXECUTE|[152]
01:23:00.0 (37854187)|VARIABLE_ASSIGNMENT|[EXTERNAL]|this|{"isSelected":false,"student":"0x7ab827ff"}|0x736fb2f6
01:23:00.0 (37882254)|STATEMENT_EXECUTE|[153]
01:23:00.0 (37884098)|STATEMENT_EXECUTE|[154]
01:23:00.0 (37904515)|VARIABLE_ASSIGNMENT|[EXTERNAL]|this|{"isSelected":false,"student":"0x7ab827ff"}|0x736fb2f6
01:23:00.0 (37918855)|VARIABLE_ASSIGNMENT|[154]|min|"a"
01:23:00.0 (37923452)|STATEMENT_EXECUTE|[155]
01:23:00.0 (37933789)|VARIABLE_ASSIGNMENT|[155]|minObj|{"isSelected":false,"student":"0x7ab827ff"}|0x736fb2f6
01:23:00.0 (37946533)|HEAP_ALLOCATE|[152]|Bytes:5
01:23:00.0 (37956395)|VARIABLE_ASSIGNMENT|[152]|o|null|
01:23:00.0 (37960959)|STATEMENT_EXECUTE|[158]
01:23:00.0 (37965684)|HEAP_ALLOCATE|[158]|Bytes:12
01:23:00.0 (37986973)|VARIABLE_ASSIGNMENT|[EXTERNAL]|this|{"isSelected":false,"student":"0x7ab827ff"}|0x736fb2f6
01:23:00.0 (38000592)|CONSTRUCTOR_ENTRY|[158]|01p0o00000GLKhZ|<init>(Student__c)|Controller.Output
01:23:00.0 (38007892)|VARIABLE_SCOPE_BEGIN|[63]|this|Controller.Output|true|false
01:23:00.0 (38022099)|VARIABLE_ASSIGNMENT|[63]|this|{}|0x7e4457d3
01:23:00.0 (38027827)|VARIABLE_SCOPE_BEGIN|[63]|s|Student__c|true|false
01:23:00.0 (38055751)|VARIABLE_ASSIGNMENT|[63]|s|{"Namef__c":"a","Namel__c":"a","Birthday__c":"2003-05-08T00:00:00.000Z","Gender__c":false,"Score1__c":1.00,"Score2__c":1.00,"Score3__c":1.00,"AverageScore__c":1.00,"State__c":"Failed","StudentId__c":"HS0075","Class__c":"a0H0o00000fJQOvEAO","Id":"a0I0o000013e10HEAQ"}|0x7ab827ff
01:23:00.0 (38064182)|STATEMENT_EXECUTE|[60]
01:23:00.0 (38066023)|STATEMENT_EXECUTE|[61]
01:23:00.0 (38067594)|STATEMENT_EXECUTE|[62]
01:23:00.0 (38078613)|STATEMENT_EXECUTE|[63]
01:23:00.0 (38080265)|STATEMENT_EXECUTE|[64]
01:23:00.0 (38093203)|VARIABLE_ASSIGNMENT|[EXTERNAL]|this|{}|0x7e4457d3
01:23:00.0 (38117205)|VARIABLE_ASSIGNMENT|[EXTERNAL]|value|{"Namef__c":"a","Namel__c":"a","Birthday__c":"2003-05-08T00:00:00.000Z","Gender__c":false,"Score1__c":1.00,"Score2__c":1.00,"Score3__c":1.00,"AverageScore__c":1.00,"State__c":"Failed","StudentId__c":"HS0075","Class__c":"a0H0o00000fJQOvEAO","Id":"a0I0o000013e10HEAQ"}|0x7ab827ff
01:23:00.0 (38142894)|VARIABLE_ASSIGNMENT|[61]|this.student|{"Namef__c":"a","Namel__c":"a","Birthday__c":"2003-05-08T00:00:00.000Z","Gender__c":false,"Score1__c":1.00,"Score2__c":1.00,"Score3__c":1.00,"AverageScore__c":1.00,"State__c":"Failed","StudentId__c":"HS0075","Class__c":"a0H0o00000fJQOvEAO","Id":"a0I0o000013e10HEAQ"}|0x7e4457d3
01:23:00.0 (38152823)|STATEMENT_EXECUTE|[65]
01:23:00.0 (38166643)|VARIABLE_ASSIGNMENT|[EXTERNAL]|this|{"student":"0x7ab827ff"}|0x7e4457d3
01:23:00.0 (38175918)|VARIABLE_ASSIGNMENT|[EXTERNAL]|value|false
01:23:00.0 (38181880)|HEAP_ALLOCATE|[62]|Bytes:5
01:23:00.0 (38188329)|VARIABLE_ASSIGNMENT|[62]|this.isSelected|false|0x7e4457d3
01:23:00.0 (38198981)|CONSTRUCTOR_EXIT|[158]|01p0o00000GLKhZ|<init>(Student__c)|Controller.Output
01:23:00.0 (38211977)|HEAP_ALLOCATE|[EXTERNAL]|Bytes:4
01:23:00.0 (38218114)|STATEMENT_EXECUTE|[159]
01:23:00.0 (38344235)|VARIABLE_ASSIGNMENT|[EXTERNAL]|this|{"isSelected":false,"student":"0x5bf88a4b"}|0x71176b4
01:23:00.0 (38359678)|VARIABLE_ASSIGNMENT|[EXTERNAL]|object|{"isSelected":false,"student":"0x7ab827ff"}
01:23:00.0 (38419316)|VARIABLE_ASSIGNMENT|[EXTERNAL]|this|{"isSelected":false,"student":"0x7ab827ff"}|0x736fb2f6
01:23:00.0 (38433483)|VARIABLE_ASSIGNMENT|[EXTERNAL]|object|{"isSelected":false,"student":"0x7ab827ff"}
01:23:00.0 (38471050)|HEAP_ALLOCATE|[159]|Bytes:12
01:23:00.0 (38485452)|STATEMENT_EXECUTE|[149]
01:23:00.0 (38487296)|STATEMENT_EXECUTE|[150]
01:23:00.0 (38493132)|HEAP_ALLOCATE|[150]|Bytes:12
01:23:00.0 (38513389)|VARIABLE_ASSIGNMENT|[EXTERNAL]|this|{"isSelected":false,"student":"0x5bf88a4b"}|0x71176b4
01:23:00.0 (38528284)|VARIABLE_SCOPE_BEGIN|[150]|min|String|false|false
01:23:00.0 (38540773)|VARIABLE_ASSIGNMENT|[150]|min|"b"
01:23:00.0 (38546495)|STATEMENT_EXECUTE|[151]
01:23:00.0 (38553226)|HEAP_ALLOCATE|[151]|Bytes:12
01:23:00.0 (38559506)|VARIABLE_SCOPE_BEGIN|[151]|minObj|Controller.Output|true|false
01:23:00.0 (38575794)|VARIABLE_ASSIGNMENT|[151]|minObj|{"isSelected":false,"student":"0x5bf88a4b"}|0x71176b4
01:23:00.0 (38607013)|HEAP_ALLOCATE|[152]|Bytes:5
01:23:00.0 (38620862)|HEAP_ALLOCATE|[152]|Bytes:12
01:23:00.0 (38629841)|VARIABLE_SCOPE_BEGIN|[152]|o|Controller.Output|true|false
01:23:00.0 (38663409)|VARIABLE_ASSIGNMENT|[152]|o|{"isSelected":false,"student":"0x5bf88a4b"}|0x71176b4
01:23:00.0 (38673311)|STATEMENT_EXECUTE|[152]
01:23:00.0 (38693770)|VARIABLE_ASSIGNMENT|[EXTERNAL]|this|{"isSelected":false,"student":"0x5bf88a4b"}|0x71176b4
01:23:00.0 (38725872)|STATEMENT_EXECUTE|[153]
01:23:00.0 (38736717)|HEAP_ALLOCATE|[152]|Bytes:5
01:23:00.0 (38748706)|VARIABLE_ASSIGNMENT|[152]|o|null|
01:23:00.0 (38753550)|STATEMENT_EXECUTE|[158]
01:23:00.0 (38757781)|HEAP_ALLOCATE|[158]|Bytes:12
01:23:00.0 (38775858)|VARIABLE_ASSIGNMENT|[EXTERNAL]|this|{"isSelected":false,"student":"0x5bf88a4b"}|0x71176b4
01:23:00.0 (38788629)|CONSTRUCTOR_ENTRY|[158]|01p0o00000GLKhZ|<init>(Student__c)|Controller.Output
01:23:00.0 (38795114)|VARIABLE_SCOPE_BEGIN|[63]|this|Controller.Output|true|false
01:23:00.0 (38807805)|VARIABLE_ASSIGNMENT|[63]|this|{}|0x1d97dbbd
01:23:00.0 (38813294)|VARIABLE_SCOPE_BEGIN|[63]|s|Student__c|true|false
01:23:00.0 (38841051)|VARIABLE_ASSIGNMENT|[63]|s|{"Namef__c":"b","Namel__c":"b","Birthday__c":"2010-05-21T00:00:00.000Z","Gender__c":true,"Score1__c":2.00,"Score2__c":2.00,"Score3__c":2.00,"AverageScore__c":2.00,"State__c":"Failed","StudentId__c":"HS0076","Class__c":"a0H0o00000fJQOvEAO","Id":"a0I0o000013e10MEAQ"}|0x5bf88a4b
01:23:00.0 (38849818)|STATEMENT_EXECUTE|[60]
01:23:00.0 (38851536)|STATEMENT_EXECUTE|[61]
01:23:00.0 (38853111)|STATEMENT_EXECUTE|[62]
01:23:00.0 (38863933)|STATEMENT_EXECUTE|[63]
01:23:00.0 (38865640)|STATEMENT_EXECUTE|[64]
01:23:00.0 (38878506)|VARIABLE_ASSIGNMENT|[EXTERNAL]|this|{}|0x1d97dbbd
01:23:00.0 (38901447)|VARIABLE_ASSIGNMENT|[EXTERNAL]|value|{"Namef__c":"b","Namel__c":"b","Birthday__c":"2010-05-21T00:00:00.000Z","Gender__c":true,"Score1__c":2.00,"Score2__c":2.00,"Score3__c":2.00,"AverageScore__c":2.00,"State__c":"Failed","StudentId__c":"HS0076","Class__c":"a0H0o00000fJQOvEAO","Id":"a0I0o000013e10MEAQ"}|0x5bf88a4b
01:23:00.0 (38926851)|VARIABLE_ASSIGNMENT|[61]|this.student|{"Namef__c":"b","Namel__c":"b","Birthday__c":"2010-05-21T00:00:00.000Z","Gender__c":true,"Score1__c":2.00,"Score2__c":2.00,"Score3__c":2.00,"AverageScore__c":2.00,"State__c":"Failed","StudentId__c":"HS0076","Class__c":"a0H0o00000fJQOvEAO","Id":"a0I0o000013e10MEAQ"}|0x1d97dbbd
01:23:00.0 (38937422)|STATEMENT_EXECUTE|[65]
01:23:00.0 (38951991)|VARIABLE_ASSIGNMENT|[EXTERNAL]|this|{"student":"0x5bf88a4b"}|0x1d97dbbd
01:23:00.0 (38962032)|VARIABLE_ASSIGNMENT|[EXTERNAL]|value|false
01:23:00.0 (38967490)|HEAP_ALLOCATE|[62]|Bytes:5
01:23:00.0 (38974154)|VARIABLE_ASSIGNMENT|[62]|this.isSelected|false|0x1d97dbbd
01:23:00.0 (38985225)|CONSTRUCTOR_EXIT|[158]|01p0o00000GLKhZ|<init>(Student__c)|Controller.Output
01:23:00.0 (38996362)|HEAP_ALLOCATE|[EXTERNAL]|Bytes:4
01:23:00.0 (39002300)|STATEMENT_EXECUTE|[159]
01:23:00.0 (39023622)|VARIABLE_ASSIGNMENT|[EXTERNAL]|this|{"isSelected":false,"student":"0x5bf88a4b"}|0x71176b4
01:23:00.0 (39036675)|VARIABLE_ASSIGNMENT|[EXTERNAL]|object|{"isSelected":false,"student":"0x5bf88a4b"}
01:23:00.0 (39068783)|HEAP_ALLOCATE|[159]|Bytes:12
01:23:00.0 (39082425)|STATEMENT_EXECUTE|[162]
01:23:00.0 (39092914)|METHOD_EXIT|[130]|01p0o00000GLKhZ|Controller.sort(List<Controller.Output>, Boolean)
01:23:00.0 (39102700)|METHOD_EXIT|[212]|01p0o00000GLKhZ|Controller.getStudent()
01:23:00.0 (39140763)|VARIABLE_ASSIGNMENT|[EXTERNAL]|this|{"objKeySearch":"0x2bcc02f","student":"0x4c47eb3b"}|0x4b292f6e
01:23:00.0 (39163542)|VARIABLE_ASSIGNMENT|[EXTERNAL]|value|[{"isSelected":false,"student":"0x7ab827ff"},{"isSelected":false,"student":"0x5bf88a4b"}]|0x76c9b95
01:23:00.0 (39185276)|VARIABLE_ASSIGNMENT|[2]|this.OutputList|[{"isSelected":false,"student":"0x7ab827ff"},{"isSelected":false,"student":"0x5bf88a4b"}]|0x4b292f6e
01:23:00.0 (39195002)|STATEMENT_EXECUTE|[213]
01:23:00.0 (39200193)|HEAP_ALLOCATE|[213]|Bytes:17
01:23:00.0 (39265699)|VARIABLE_ASSIGNMENT|[EXTERNAL]|this|{"objKeySearch":"0x2bcc02f","OutputList":"0x76c9b95","student":"0x4c47eb3b"}|0x4b292f6e
01:23:00.0 (39301114)|HEAP_ALLOCATE|[213]|Bytes:1
01:23:00.0 (39316309)|HEAP_ALLOCATE|[213]|Bytes:18
01:23:00.0 (39350572)|VARIABLE_ASSIGNMENT|[EXTERNAL]|this|{"objKeySearch":"0x2bcc02f","OutputList":"0x76c9b95","student":"0x4c47eb3b"}|0x4b292f6e
01:23:00.0 (39361134)|VARIABLE_ASSIGNMENT|[EXTERNAL]|value|"Total Students : 2"
01:23:00.0 (39370658)|VARIABLE_ASSIGNMENT|[7]|this.sumstudents|"Total Students : 2"|0x4b292f6e
01:23:00.0 (39381015)|SYSTEM_MODE_EXIT|false
01:23:00.0 (43114346)|SYSTEM_MODE_ENTER|true
01:23:00.0 (43670796)|SYSTEM_MODE_ENTER|true
01:23:00.44 (44480277)|SYSTEM_MODE_ENTER|true
01:23:00.44 (44557522)|HEAP_ALLOCATE|[EXTERNAL]|Bytes:8
01:23:00.44 (44571172)|VARIABLE_SCOPE_BEGIN|[88]|this|ApexPage.PageMessagesComponentController|true|false
01:23:00.44 (44614344)|VARIABLE_ASSIGNMENT|[88]|this|{}|0x6db3c9c5
01:23:00.44 (44621678)|VARIABLE_SCOPE_BEGIN|[88]|escape|Boolean|false|false
01:23:00.44 (44630182)|VARIABLE_ASSIGNMENT|[88]|escape|null
01:23:00.44 (44723877)|SYSTEM_MODE_ENTER|true
01:23:00.44 (44762125)|HEAP_ALLOCATE|[EXTERNAL]|Bytes:8
01:23:00.44 (44769662)|VARIABLE_SCOPE_BEGIN|[2]|this|ApexPage.PageMessagesComponentController|true|false
01:23:00.44 (44806738)|VARIABLE_ASSIGNMENT|[2]|this|{}|0x6db3c9c5
01:23:00.0 (45202095)|SYSTEM_MODE_ENTER|true
01:23:00.0 (47525410)|SYSTEM_MODE_ENTER|true
01:23:00.0 (47572880)|HEAP_ALLOCATE|[EXTERNAL]|Bytes:44
01:23:00.0 (47588012)|VARIABLE_SCOPE_BEGIN|[100]|this|Controller|true|false
01:23:00.0 (47635900)|VARIABLE_ASSIGNMENT|[100]|this|{"objKeySearch":"0x2bcc02f","OutputList":"0x76c9b95","student":"0x4c47eb3b","sumstudents":"Total Students : 2"}|0x4b292f6e
01:23:00.0 (47652585)|SYSTEM_MODE_ENTER|false
01:23:00.0 (47660868)|HEAP_ALLOCATE|[101]|Bytes:5
01:23:00.0 (47667439)|STATEMENT_EXECUTE|[100]
01:23:00.0 (47670469)|STATEMENT_EXECUTE|[101]
01:23:00.0 (47684262)|HEAP_ALLOCATE|[101]|Bytes:4
01:23:00.0 (47701466)|VARIABLE_SCOPE_BEGIN|[101]|options|List<System.SelectOption>|true|false
01:23:00.0 (47729383)|HEAP_ALLOCATE|[EXTERNAL]|Bytes:4
01:23:00.0 (47741395)|VARIABLE_ASSIGNMENT|[101]|options|[]|0x726fba5f
01:23:00.0 (47747488)|STATEMENT_EXECUTE|[102]
01:23:00.0 (47761851)|HEAP_ALLOCATE|[102]|Bytes:4
01:23:00.0 (47918839)|SOQL_EXECUTE_BEGIN|[102]|Aggregations:0|SELECT className__C FROM Class__c
01:23:00.0 (49847892)|SOQL_EXECUTE_END|[102]|Rows:2
01:23:00.0 (49876640)|HEAP_ALLOCATE|[102]|Bytes:12
01:23:00.0 (49896975)|HEAP_ALLOCATE|[102]|Bytes:101
01:23:00.0 (49931197)|HEAP_ALLOCATE|[102]|Bytes:12
01:23:00.0 (49946283)|VARIABLE_SCOPE_BEGIN|[102]|data|List<Class__c>|true|false
01:23:00.0 (49978341)|VARIABLE_ASSIGNMENT|[102]|data|[{"className__c":"Math","Id":"a0H0o00000fJQOvEAO"},{"className__c":"English","Id":"a0H0o00000fJQOwEAO"}]|0x2ef275c
01:23:00.0 (50018500)|HEAP_ALLOCATE|[103]|Bytes:5
01:23:00.0 (50038168)|HEAP_ALLOCATE|[103]|Bytes:12
01:23:00.0 (50047791)|VARIABLE_SCOPE_BEGIN|[103]|c|Class__c|true|false
01:23:00.0 (50063048)|VARIABLE_ASSIGNMENT|[103]|c|{"className__c":"Math","Id":"a0H0o00000fJQOvEAO"}|0x9f6a187
01:23:00.0 (50070751)|STATEMENT_EXECUTE|[103]
01:23:00.0 (50072890)|STATEMENT_EXECUTE|[104]
01:23:00.0 (50140998)|HEAP_ALLOCATE|[104]|Bytes:4
01:23:00.0 (50179077)|HEAP_ALLOCATE|[104]|Bytes:4
01:23:00.0 (50204592)|HEAP_ALLOCATE|[EXTERNAL]|Bytes:4
01:23:00.0 (50220359)|HEAP_ALLOCATE|[103]|Bytes:5
01:23:00.0 (50232473)|HEAP_ALLOCATE|[103]|Bytes:12
01:23:00.0 (50239097)|VARIABLE_SCOPE_BEGIN|[103]|c|Class__c|true|false
01:23:00.0 (50254570)|VARIABLE_ASSIGNMENT|[103]|c|{"className__c":"English","Id":"a0H0o00000fJQOwEAO"}|0x2e1cd917
01:23:00.0 (50260838)|STATEMENT_EXECUTE|[103]
01:23:00.0 (50262618)|STATEMENT_EXECUTE|[104]
01:23:00.0 (50295161)|HEAP_ALLOCATE|[104]|Bytes:7
01:23:00.0 (50324856)|HEAP_ALLOCATE|[104]|Bytes:7
01:23:00.0 (50341045)|HEAP_ALLOCATE|[EXTERNAL]|Bytes:4
01:23:00.0 (50353303)|HEAP_ALLOCATE|[103]|Bytes:5
01:23:00.0 (50365761)|VARIABLE_ASSIGNMENT|[103]|c|null|
01:23:00.0 (50371639)|STATEMENT_EXECUTE|[107]
01:23:00.0 (50376816)|SYSTEM_MODE_EXIT|false
01:23:00.51 (51717718)|SYSTEM_MODE_ENTER|true
01:23:00.51 (51791389)|HEAP_ALLOCATE|[EXTERNAL]|Bytes:8
01:23:00.51 (51802720)|VARIABLE_SCOPE_BEGIN|[88]|this|ApexPage.PageMessagesComponentController|true|false
01:23:00.51 (51833169)|VARIABLE_ASSIGNMENT|[88]|this|{}|0x6db3c9c5
01:23:00.51 (51840102)|VARIABLE_SCOPE_BEGIN|[88]|escape|Boolean|false|false
01:23:00.51 (51847673)|VARIABLE_ASSIGNMENT|[88]|escape|null
01:23:00.51 (51967208)|SYSTEM_MODE_ENTER|true
01:23:00.51 (52006344)|HEAP_ALLOCATE|[EXTERNAL]|Bytes:8
01:23:00.51 (52014250)|VARIABLE_SCOPE_BEGIN|[2]|this|ApexPage.PageMessagesComponentController|true|false
01:23:00.51 (52035084)|VARIABLE_ASSIGNMENT|[2]|this|{}|0x6db3c9c5
01:23:00.0 (53246367)|SYSTEM_MODE_ENTER|true
01:23:00.0 (62518115)|VF_SERIALIZE_VIEWSTATE_BEGIN|0660o000008sEYc
01:23:00.0 (83669331)|VF_SERIALIZE_VIEWSTATE_END
01:23:00.0 (94180490)|CODE_UNIT_STARTED|[EXTERNAL]|Generate Metadata
01:23:00.0 (97320629)|CODE_UNIT_FINISHED|Generate Metadata
01:23:00.100 (100651397)|CUMULATIVE_LIMIT_USAGE
01:23:00.100 (100651397)|LIMIT_USAGE_FOR_NS|(default)|
  Number of SOQL queries: 3 out of 100
  Number of query rows: 6 out of 50000
  Number of SOSL queries: 0 out of 20
  Number of DML statements: 0 out of 150
  Number of DML rows: 0 out of 10000
  Maximum CPU time: 0 out of 10000
  Maximum heap size: 0 out of 6000000
  Number of callouts: 0 out of 100
  Number of Email Invocations: 0 out of 10
  Number of future calls: 0 out of 50
  Number of queueable jobs added to the queue: 0 out of 50
  Number of Mobile Apex push calls: 0 out of 10

01:23:00.100 (100651397)|CUMULATIVE_LIMIT_USAGE_END

01:23:00.0 (100753486)|CODE_UNIT_FINISHED|VF: /apex/MainPage
01:23:00.0 (101595661)|EXECUTION_FINISHED
