45.0 APEX_CODE,FINEST;APEX_PROFILING,INFO;CALLOUT,INFO;DB,INFO;NBA,INFO;SYSTEM,DEBUG;VALIDATION,INFO;VISUALFORCE,INFO;WAVE,INFO;WORKFLOW,INFO
Execute Anonymous: List<Student__c> s = [SELECT id from Student__c];
Execute Anonymous: for(Student__c student : s)
Execute Anonymous: {
Execute Anonymous:     delete student;
Execute Anonymous: }
01:52:52.1 (1507556)|USER_INFO|[EXTERNAL]|0050o00000WkyGG|ttvy@keizu.co.jp|(GMT-07:00) Pacific Daylight Time (America/Los_Angeles)|GMT-07:00
01:52:52.1 (1547246)|EXECUTION_STARTED
01:52:52.1 (1555738)|CODE_UNIT_STARTED|[EXTERNAL]|execute_anonymous_apex
01:52:52.1 (1874914)|VARIABLE_SCOPE_BEGIN|[1]|s|List<Student__c>|true|false
01:52:52.1 (2043168)|HEAP_ALLOCATE|[72]|Bytes:3
01:52:52.1 (2094507)|HEAP_ALLOCATE|[77]|Bytes:152
01:52:52.1 (2116136)|HEAP_ALLOCATE|[342]|Bytes:408
01:52:52.1 (2139502)|HEAP_ALLOCATE|[355]|Bytes:408
01:52:52.1 (2162372)|HEAP_ALLOCATE|[467]|Bytes:48
01:52:52.1 (2194913)|HEAP_ALLOCATE|[139]|Bytes:6
01:52:52.1 (2233256)|HEAP_ALLOCATE|[EXTERNAL]|Bytes:7
01:52:52.1 (2365185)|STATEMENT_EXECUTE|[1]
01:52:52.1 (2369479)|STATEMENT_EXECUTE|[1]
01:52:52.1 (2373755)|HEAP_ALLOCATE|[1]|Bytes:25
01:52:52.1 (2397739)|HEAP_ALLOCATE|[1]|Bytes:4
01:52:52.1 (2454455)|HEAP_ALLOCATE|[50]|Bytes:5
01:52:52.1 (2498862)|HEAP_ALLOCATE|[56]|Bytes:5
01:52:52.1 (2520111)|HEAP_ALLOCATE|[64]|Bytes:7
01:52:52.1 (2916607)|SOQL_EXECUTE_BEGIN|[1]|Aggregations:0|SELECT id FROM Student__c
01:52:52.1 (8081151)|SOQL_EXECUTE_END|[1]|Rows:3
01:52:52.1 (8188196)|HEAP_ALLOCATE|[1]|Bytes:16
01:52:52.1 (8224131)|HEAP_ALLOCATE|[1]|Bytes:87
01:52:52.1 (8292063)|HEAP_ALLOCATE|[1]|Bytes:16
01:52:52.1 (8420394)|VARIABLE_ASSIGNMENT|[1]|s|[{"Id":"a0I0o000013e0xXEAQ"},{"Id":"a0I0o000013e0xcEAA"},{"Id":"a0I0o000013e0xmEAA"}]|0x6f4ac32c
01:52:52.1 (8939695)|HEAP_ALLOCATE|[2]|Bytes:5
01:52:52.1 (9067310)|HEAP_ALLOCATE|[2]|Bytes:8
01:52:52.1 (9093124)|VARIABLE_SCOPE_BEGIN|[2]|student|Student__c|true|false
01:52:52.1 (9139301)|VARIABLE_ASSIGNMENT|[2]|student|{"Id":"a0I0o000013e0xXEAQ"}|0x45ce2022
01:52:52.1 (9156075)|STATEMENT_EXECUTE|[3]
01:52:52.1 (9160545)|STATEMENT_EXECUTE|[4]
01:52:52.1 (9296375)|HEAP_ALLOCATE|[4]|Bytes:8
01:52:52.1 (9322060)|HEAP_ALLOCATE|[4]|Bytes:8
01:52:52.1 (9436826)|DML_BEGIN|[4]|Op:Delete|Type:Student__c|Rows:1
01:52:52.1 (10641850)|HEAP_ALLOCATE|[EXTERNAL]|Bytes:8
01:52:52.1 (211261495)|CODE_UNIT_STARTED|[EXTERNAL]|01q0o000000jKrN|triggerStudent on Student trigger event AfterDelete|__sfdc_trigger/triggerStudent
01:52:52.1 (211333247)|HEAP_ALLOCATE|[EXTERNAL]|Bytes:8
01:52:52.1 (226708081)|HEAP_ALLOCATE|[EXTERNAL]|Bytes:8
01:52:52.1 (226734009)|VARIABLE_SCOPE_BEGIN|[1]|this|triggerStudent|true|false
01:52:52.1 (226794407)|VARIABLE_ASSIGNMENT|[1]|this|{}|0x1647994f
01:52:52.1 (226876731)|HEAP_ALLOCATE|[EXTERNAL]|Bytes:8
01:52:52.1 (226923171)|VARIABLE_SCOPE_BEGIN|[1]|this|triggerStudent|true|false
01:52:52.1 (226940212)|VARIABLE_ASSIGNMENT|[1]|this|{}|0x1647994f
01:52:52.1 (226947692)|STATEMENT_EXECUTE|[1]
01:52:52.1 (226950017)|STATEMENT_EXECUTE|[3]
01:52:52.1 (226955312)|HEAP_ALLOCATE|[3]|Bytes:15
01:52:52.1 (226961877)|HEAP_ALLOCATE|[3]|Bytes:20
01:52:52.1 (226965634)|HEAP_ALLOCATE|[3]|Bytes:6
01:52:52.1 (227002457)|METHOD_ENTRY|[1]|01p0o00000GMOB6|TriggerHandle.TriggerHandle()
01:52:52.1 (227009223)|STATEMENT_EXECUTE|[1]
01:52:52.1 (227013153)|STATEMENT_EXECUTE|[1]
01:52:52.1 (227414135)|SYSTEM_MODE_ENTER|false
01:52:52.1 (227429937)|HEAP_ALLOCATE|[3]|Bytes:5
01:52:52.1 (227436339)|STATEMENT_EXECUTE|[228]
01:52:52.1 (227440498)|SYSTEM_MODE_EXIT|false
01:52:52.1 (227451643)|METHOD_EXIT|[1]|TriggerHandle
01:52:52.1 (227465557)|HEAP_ALLOCATE|[3]|Bytes:4
01:52:52.1 (227479826)|CONSTRUCTOR_ENTRY|[3]|01p0o00000GMOB6|<init>()|TriggerHandle
01:52:52.1 (227509572)|VARIABLE_SCOPE_BEGIN|[3]|this|TriggerHandle|true|false
01:52:52.1 (227528084)|VARIABLE_ASSIGNMENT|[3]|this|{}|0x617b190c
01:52:52.1 (227538966)|SYSTEM_MODE_ENTER|false
01:52:52.1 (227545745)|HEAP_ALLOCATE|[EXTERNAL]|Bytes:5
01:52:52.1 (227550317)|STATEMENT_EXECUTE|[1]
01:52:52.1 (227553115)|HEAP_ALLOCATE|[EXTERNAL]|Bytes:5
01:52:52.1 (227562551)|HEAP_ALLOCATE|[EXTERNAL]|Bytes:6
01:52:52.1 (227623514)|STATEMENT_EXECUTE|[4]
01:52:52.1 (227627686)|SYSTEM_MODE_EXIT|false
01:52:52.1 (227635922)|CONSTRUCTOR_EXIT|[3]|01p0o00000GMOB6|<init>()|TriggerHandle
01:52:52.1 (227680555)|VARIABLE_ASSIGNMENT|[3]|this.handle|0x617b190c|0x1647994f
01:52:52.1 (227693060)|STATEMENT_EXECUTE|[15]
01:52:52.1 (227700947)|STATEMENT_EXECUTE|[21]
01:52:52.1 (227702495)|STATEMENT_EXECUTE|[22]
01:52:52.1 (227758143)|METHOD_ENTRY|[22]|01p0o00000GMOB6|TriggerHandle.onAfterDelete(List<Student__c>)
01:52:52.1 (227784536)|VARIABLE_SCOPE_BEGIN|[64]|this|TriggerHandle|true|false
01:52:52.1 (227799980)|VARIABLE_ASSIGNMENT|[64]|this|{}|0x617b190c
01:52:52.1 (227806520)|VARIABLE_SCOPE_BEGIN|[64]|oldStudentList|List<Student__c>|true|false
01:52:52.1 (228879623)|VARIABLE_ASSIGNMENT|[64]|oldStudentList|[{"LastModifiedDate":"2019-05-10T08:48:19.000Z","StudentId__c":"HS0063","IsDeleted":false,"Score1__c":4.00,"Score2__c":5.00,"Gender__c":true,"Score3__c":3.00,"Class__c":"a0H0o00000fJQOvEAO","Name":"a0I0o000013e0xX","SystemModstamp":"2019-05-10T08:48:19.000Z","AverageScore__c":4.00,"CreatedById":"0050o00000WkyGGAAZ","Birthday__c":"2009-05-08T00:00:00.000Z","Namel__c":"bbb","CreatedDate":"2019-05-10T08:48:19.000Z","Id":"a0I0o000013e0xXEAQ","LastModifiedById":"0050o00000WkyGGAAZ","State__c":"Failed","Namef__c":"aaa"}]|0x40c47be2
01:52:52.1 (228911068)|SYSTEM_MODE_ENTER|false
01:52:52.1 (228920681)|HEAP_ALLOCATE|[66]|Bytes:5
01:52:52.1 (228927577)|STATEMENT_EXECUTE|[65]
01:52:52.1 (228929428)|STATEMENT_EXECUTE|[66]
01:52:52.1 (228930797)|STATEMENT_EXECUTE|[67]
01:52:52.1 (228932307)|STATEMENT_EXECUTE|[68]
01:52:52.1 (228935790)|HEAP_ALLOCATE|[68]|Bytes:6
01:52:52.1 (228957440)|METHOD_ENTRY|[68]|01p0o00000GMOB6|TriggerHandle.executeNOStudentsUpdate(List<Student__c>, String)
01:52:52.1 (229001485)|VARIABLE_SCOPE_BEGIN|[188]|this|TriggerHandle|true|false
01:52:52.1 (229020364)|VARIABLE_ASSIGNMENT|[188]|this|{}|0x617b190c
01:52:52.1 (229027471)|VARIABLE_SCOPE_BEGIN|[188]|studentList|List<Student__c>|true|false
01:52:52.1 (229231031)|VARIABLE_ASSIGNMENT|[188]|studentList|[{"LastModifiedDate":"2019-05-10T08:48:19.000Z","StudentId__c":"HS0063","IsDeleted":false,"Score1__c":4.00,"Score2__c":5.00,"Gender__c":true,"Score3__c":3.00,"Class__c":"a0H0o00000fJQOvEAO","Name":"a0I0o000013e0xX","SystemModstamp":"2019-05-10T08:48:19.000Z","AverageScore__c":4.00,"CreatedById":"0050o00000WkyGGAAZ","Birthday__c":"2009-05-08T00:00:00.000Z","Namel__c":"bbb","CreatedDate":"2019-05-10T08:48:19.000Z","Id":"a0I0o000013e0xXEAQ","LastModifiedById":"0050o00000WkyGGAAZ","State__c":"Failed","Namef__c":"aaa"}]|0x40c47be2
01:52:52.1 (229245923)|VARIABLE_SCOPE_BEGIN|[188]|action|String|false|false
01:52:52.1 (229255195)|VARIABLE_ASSIGNMENT|[188]|action|"delete"
01:52:52.1 (229266780)|HEAP_ALLOCATE|[190]|Bytes:5
01:52:52.1 (229272142)|STATEMENT_EXECUTE|[189]
01:52:52.1 (229273957)|STATEMENT_EXECUTE|[190]
01:52:52.1 (229288750)|HEAP_ALLOCATE|[190]|Bytes:4
01:52:52.1 (229302842)|VARIABLE_SCOPE_BEGIN|[190]|classIDMap|Map<Id,Integer>|true|false
01:52:52.1 (229323221)|VARIABLE_ASSIGNMENT|[190]|classIDMap|{}|0x7e0c6e9f
01:52:52.1 (229373599)|HEAP_ALLOCATE|[193]|Bytes:5
01:52:52.1 (229394790)|VARIABLE_SCOPE_BEGIN|[193]|s|Student__c|true|false
01:52:52.1 (229551433)|VARIABLE_ASSIGNMENT|[193]|s|{"LastModifiedDate":"2019-05-10T08:48:19.000Z","StudentId__c":"HS0063","IsDeleted":false,"Score1__c":4.00,"Score2__c":5.00,"Gender__c":true,"Score3__c":3.00,"Class__c":"a0H0o00000fJQOvEAO","Name":"a0I0o000013e0xX","SystemModstamp":"2019-05-10T08:48:19.000Z","AverageScore__c":4.00,"CreatedById":"0050o00000WkyGGAAZ","Birthday__c":"2009-05-08T00:00:00.000Z","Namel__c":"bbb","CreatedDate":"2019-05-10T08:48:19.000Z","Id":"a0I0o000013e0xXEAQ","LastModifiedById":"0050o00000WkyGGAAZ","State__c":"Failed","Namef__c":"aaa"}|0x141a3ef9
01:52:52.1 (229565479)|STATEMENT_EXECUTE|[194]
01:52:52.1 (229653656)|STATEMENT_EXECUTE|[200]
01:52:52.1 (229656044)|STATEMENT_EXECUTE|[201]
01:52:52.1 (229681208)|HEAP_ALLOCATE|[201]|Bytes:4
01:52:52.1 (229691220)|HEAP_ALLOCATE|[EXTERNAL]|Bytes:-4
01:52:52.1 (229708485)|HEAP_ALLOCATE|[193]|Bytes:5
01:52:52.1 (229721732)|VARIABLE_ASSIGNMENT|[193]|s|null|
01:52:52.1 (229727549)|STATEMENT_EXECUTE|[205]
01:52:52.1 (229731066)|HEAP_ALLOCATE|[205]|Bytes:44
01:52:52.1 (229746203)|HEAP_ALLOCATE|[205]|Bytes:4
01:52:52.1 (229925570)|SOQL_EXECUTE_BEGIN|[205]|Aggregations:0|SELECT id, NumberOfStudents__c FROM Class__c
01:52:52.1 (232254824)|SOQL_EXECUTE_END|[205]|Rows:2
01:52:52.1 (232282017)|HEAP_ALLOCATE|[205]|Bytes:12
01:52:52.1 (232300552)|HEAP_ALLOCATE|[205]|Bytes:176
01:52:52.1 (232365444)|HEAP_ALLOCATE|[205]|Bytes:12
01:52:52.1 (232381470)|VARIABLE_SCOPE_BEGIN|[205]|classList|List<Class__c>|true|false
01:52:52.1 (232414826)|VARIABLE_ASSIGNMENT|[205]|classList|[{"Id":"a0H0o00000fJQOvEAO","NumberOfStudents__c":1},{"Id":"a0H0o00000fJQOwEAO","NumberOfStudents__c":0}]|0x74a7ed39
01:52:52.1 (232566913)|HEAP_ALLOCATE|[207]|Bytes:5
01:52:52.1 (232594313)|HEAP_ALLOCATE|[207]|Bytes:12
01:52:52.1 (232604026)|VARIABLE_SCOPE_BEGIN|[207]|c|Class__c|true|false
01:52:52.1 (232623010)|VARIABLE_ASSIGNMENT|[207]|c|{"Id":"a0H0o00000fJQOvEAO","NumberOfStudents__c":1}|0x57cace75
01:52:52.1 (232631279)|STATEMENT_EXECUTE|[208]
01:52:52.1 (232720134)|STATEMENT_EXECUTE|[210]
01:52:52.1 (232722514)|STATEMENT_EXECUTE|[211]
01:52:52.1 (232726233)|HEAP_ALLOCATE|[211]|Bytes:13
01:52:52.1 (232770779)|USER_DEBUG|[211]|DEBUG|run at update
01:52:52.1 (232780660)|HEAP_ALLOCATE|[213]|Bytes:6
01:52:52.1 (232830229)|STATEMENT_EXECUTE|[218]
01:52:52.1 (232832403)|STATEMENT_EXECUTE|[219]
01:52:52.1 (232890286)|HEAP_ALLOCATE|[219]|Bytes:28
01:52:52.1 (232895757)|HEAP_ALLOCATE|[219]|Bytes:28
01:52:52.1 (232967237)|VARIABLE_ASSIGNMENT|[219]|this.NumberOfStudents__c|0|0x57cace75
01:52:52.1 (232975471)|STATEMENT_EXECUTE|[222]
01:52:52.1 (233010122)|HEAP_ALLOCATE|[222]|Bytes:8
01:52:52.1 (233035431)|DML_BEGIN|[222]|Op:Update|Type:Class__c|Rows:1
01:52:52.1 (233067338)|HEAP_ALLOCATE|[EXTERNAL]|Bytes:8
01:52:52.1 (261341862)|DML_END|[222]
01:52:52.1 (261366927)|STATEMENT_EXECUTE|[224]
01:52:52.1 (261458538)|HEAP_ALLOCATE|[207]|Bytes:5
01:52:52.1 (261482009)|HEAP_ALLOCATE|[207]|Bytes:12
01:52:52.1 (261493252)|VARIABLE_SCOPE_BEGIN|[207]|c|Class__c|true|false
01:52:52.1 (261529238)|VARIABLE_ASSIGNMENT|[207]|c|{"Id":"a0H0o00000fJQOwEAO","NumberOfStudents__c":0}|0x46c22b4b
01:52:52.1 (261536748)|STATEMENT_EXECUTE|[208]
01:52:52.1 (261555252)|STATEMENT_EXECUTE|[209]
01:52:52.1 (261563898)|HEAP_ALLOCATE|[207]|Bytes:5
01:52:52.1 (261580371)|VARIABLE_ASSIGNMENT|[207]|c|null|
01:52:52.1 (261595172)|METHOD_EXIT|[68]|01p0o00000GMOB6|TriggerHandle.executeNOStudentsUpdate(List<Student__c>, String)
01:52:52.1 (261601494)|STATEMENT_EXECUTE|[69]
01:52:52.1 (261620169)|METHOD_ENTRY|[69]|01p0o00000GMOB6|TriggerHandle.executeNOFAPStudentsUpdate(List<Student__c>, String)
01:52:52.1 (261657192)|VARIABLE_SCOPE_BEGIN|[115]|this|TriggerHandle|true|false
01:52:52.1 (261684928)|VARIABLE_ASSIGNMENT|[115]|this|{}|0x617b190c
01:52:52.1 (261692924)|VARIABLE_SCOPE_BEGIN|[115]|studentList|List<Student__c>|true|false
01:52:52.1 (261916885)|VARIABLE_ASSIGNMENT|[115]|studentList|[{"LastModifiedDate":"2019-05-10T08:48:19.000Z","StudentId__c":"HS0063","IsDeleted":false,"Score1__c":4.00,"Score2__c":5.00,"Gender__c":true,"Score3__c":3.00,"Class__c":"a0H0o00000fJQOvEAO","Name":"a0I0o000013e0xX","SystemModstamp":"2019-05-10T08:48:19.000Z","AverageScore__c":4.00,"CreatedById":"0050o00000WkyGGAAZ","Birthday__c":"2009-05-08T00:00:00.000Z","Namel__c":"bbb","CreatedDate":"2019-05-10T08:48:19.000Z","Id":"a0I0o000013e0xXEAQ","LastModifiedById":"0050o00000WkyGGAAZ","State__c":"Failed","Namef__c":"aaa"}]|0x40c47be2
01:52:52.1 (261931925)|VARIABLE_SCOPE_BEGIN|[115]|action|String|false|false
01:52:52.1 (261941074)|VARIABLE_ASSIGNMENT|[115]|action|"delete"
01:52:52.1 (261954187)|HEAP_ALLOCATE|[117]|Bytes:5
01:52:52.1 (261960210)|STATEMENT_EXECUTE|[116]
01:52:52.1 (261962037)|STATEMENT_EXECUTE|[117]
01:52:52.1 (261977300)|HEAP_ALLOCATE|[117]|Bytes:4
01:52:52.1 (261988762)|VARIABLE_SCOPE_BEGIN|[117]|classIDMapWithPassedStudents|Map<Id,Integer>|true|false
01:52:52.1 (262004685)|VARIABLE_ASSIGNMENT|[117]|classIDMapWithPassedStudents|{}|0x15e9df09
01:52:52.1 (262013852)|STATEMENT_EXECUTE|[118]
01:52:52.1 (262021376)|HEAP_ALLOCATE|[118]|Bytes:4
01:52:52.1 (262027527)|VARIABLE_SCOPE_BEGIN|[118]|classIDMapWithFaliedStudents|Map<Id,Integer>|true|false
01:52:52.1 (262037860)|VARIABLE_ASSIGNMENT|[118]|classIDMapWithFaliedStudents|{}|0x51113999
01:52:52.1 (262079627)|HEAP_ALLOCATE|[121]|Bytes:5
01:52:52.1 (262098756)|VARIABLE_SCOPE_BEGIN|[121]|s|Student__c|true|false
01:52:52.1 (262246040)|VARIABLE_ASSIGNMENT|[121]|s|{"LastModifiedDate":"2019-05-10T08:48:19.000Z","StudentId__c":"HS0063","IsDeleted":false,"Score1__c":4.00,"Score2__c":5.00,"Gender__c":true,"Score3__c":3.00,"Class__c":"a0H0o00000fJQOvEAO","Name":"a0I0o000013e0xX","SystemModstamp":"2019-05-10T08:48:19.000Z","AverageScore__c":4.00,"CreatedById":"0050o00000WkyGGAAZ","Birthday__c":"2009-05-08T00:00:00.000Z","Namel__c":"bbb","CreatedDate":"2019-05-10T08:48:19.000Z","Id":"a0I0o000013e0xXEAQ","LastModifiedById":"0050o00000WkyGGAAZ","State__c":"Failed","Namef__c":"aaa"}|0x141a3ef9
01:52:52.1 (262258821)|STATEMENT_EXECUTE|[122]
01:52:52.1 (262286547)|HEAP_ALLOCATE|[124]|Bytes:6
01:52:52.1 (262332923)|STATEMENT_EXECUTE|[137]
01:52:52.1 (262360443)|STATEMENT_EXECUTE|[143]
01:52:52.1 (262362260)|STATEMENT_EXECUTE|[144]
01:52:52.1 (262380439)|HEAP_ALLOCATE|[144]|Bytes:4
01:52:52.1 (262389289)|HEAP_ALLOCATE|[EXTERNAL]|Bytes:-4
01:52:52.1 (262406587)|HEAP_ALLOCATE|[121]|Bytes:5
01:52:52.1 (262419714)|VARIABLE_ASSIGNMENT|[121]|s|null|
01:52:52.1 (262425281)|STATEMENT_EXECUTE|[148]
01:52:52.1 (262428514)|HEAP_ALLOCATE|[148]|Bytes:77
01:52:52.1 (262443643)|HEAP_ALLOCATE|[148]|Bytes:4
01:52:52.1 (262685108)|SOQL_EXECUTE_BEGIN|[148]|Aggregations:0|SELECT id, NumberOfFailedStudents__c, NumberOfPassedStudents__c FROM Class__c
01:52:52.1 (264893436)|SOQL_EXECUTE_END|[148]|Rows:2
01:52:52.1 (264921963)|HEAP_ALLOCATE|[148]|Bytes:12
01:52:52.1 (264942196)|HEAP_ALLOCATE|[148]|Bytes:318
01:52:52.1 (264970791)|HEAP_ALLOCATE|[148]|Bytes:12
01:52:52.1 (264984080)|VARIABLE_SCOPE_BEGIN|[148]|classList|List<Class__c>|true|false
01:52:52.1 (265019024)|VARIABLE_ASSIGNMENT|[148]|classList|[{"Id":"a0H0o00000fJQOvEAO","NumberOfFailedStudents__c":1,"NumberOfPassedStudents__c":0},{"Id":"a0H0o00000fJQOwEAO","NumberOfFailedStudents__c":0,"NumberOfPassedStudents__c":0}]|0x370dc905
01:52:52.1 (265066903)|HEAP_ALLOCATE|[150]|Bytes:5
01:52:52.1 (265082446)|HEAP_ALLOCATE|[150]|Bytes:16
01:52:52.1 (265091260)|VARIABLE_SCOPE_BEGIN|[150]|c|Class__c|true|false
01:52:52.1 (265110480)|VARIABLE_ASSIGNMENT|[150]|c|{"Id":"a0H0o00000fJQOvEAO","NumberOfFailedStudents__c":1,"NumberOfPassedStudents__c":0}|0x3dbbbc3d
01:52:52.1 (265118020)|STATEMENT_EXECUTE|[151]
01:52:52.1 (265156927)|STATEMENT_EXECUTE|[154]
01:52:52.1 (265185839)|STATEMENT_EXECUTE|[162]
01:52:52.1 (265187755)|STATEMENT_EXECUTE|[163]
01:52:52.1 (265224778)|HEAP_ALLOCATE|[163]|Bytes:28
01:52:52.1 (265230343)|HEAP_ALLOCATE|[163]|Bytes:28
01:52:52.1 (265291096)|VARIABLE_ASSIGNMENT|[163]|this.NumberOfFailedStudents__c|0|0x3dbbbc3d
01:52:52.1 (265299182)|STATEMENT_EXECUTE|[165]
01:52:52.1 (265329183)|HEAP_ALLOCATE|[165]|Bytes:8
01:52:52.1 (265351749)|DML_BEGIN|[165]|Op:Update|Type:Class__c|Rows:1
01:52:52.1 (265379560)|HEAP_ALLOCATE|[EXTERNAL]|Bytes:8
01:52:52.1 (275581364)|DML_END|[165]
01:52:52.1 (275607913)|STATEMENT_EXECUTE|[166]
01:52:52.1 (275720078)|STATEMENT_EXECUTE|[169]
01:52:52.1 (275743393)|HEAP_ALLOCATE|[150]|Bytes:5
01:52:52.1 (275768907)|HEAP_ALLOCATE|[150]|Bytes:16
01:52:52.1 (275781834)|VARIABLE_SCOPE_BEGIN|[150]|c|Class__c|true|false
01:52:52.1 (275819653)|VARIABLE_ASSIGNMENT|[150]|c|{"Id":"a0H0o00000fJQOwEAO","NumberOfFailedStudents__c":0,"NumberOfPassedStudents__c":0}|0x58a33840
01:52:52.1 (275827233)|STATEMENT_EXECUTE|[151]
01:52:52.1 (275842036)|STATEMENT_EXECUTE|[153]
01:52:52.1 (275849304)|STATEMENT_EXECUTE|[169]
01:52:52.1 (275857727)|HEAP_ALLOCATE|[150]|Bytes:5
01:52:52.1 (275869283)|VARIABLE_ASSIGNMENT|[150]|c|null|
01:52:52.1 (275885738)|METHOD_EXIT|[69]|01p0o00000GMOB6|TriggerHandle.executeNOFAPStudentsUpdate(List<Student__c>, String)
01:52:52.1 (275895939)|SYSTEM_MODE_EXIT|false
01:52:52.1 (275905963)|METHOD_EXIT|[22]|01p0o00000GMOB6|TriggerHandle.onAfterDelete(List<Student__c>)
01:52:52.275 (275925553)|CUMULATIVE_LIMIT_USAGE
01:52:52.275 (275925553)|LIMIT_USAGE_FOR_NS|(default)|
  Number of SOQL queries: 3 out of 100
  Number of query rows: 7 out of 50000
  Number of SOSL queries: 0 out of 20
  Number of DML statements: 3 out of 150
  Number of DML rows: 3 out of 10000
  Maximum CPU time: 0 out of 10000
  Maximum heap size: 0 out of 6000000
  Number of callouts: 0 out of 100
  Number of Email Invocations: 0 out of 10
  Number of future calls: 0 out of 50
  Number of queueable jobs added to the queue: 0 out of 50
  Number of Mobile Apex push calls: 0 out of 10

01:52:52.275 (275925553)|CUMULATIVE_LIMIT_USAGE_END

01:52:52.1 (277166892)|CODE_UNIT_FINISHED|triggerStudent on Student trigger event AfterDelete|__sfdc_trigger/triggerStudent
01:52:52.1 (278909157)|DML_END|[4]
01:52:52.1 (278942968)|HEAP_ALLOCATE|[2]|Bytes:5
01:52:52.1 (278965913)|HEAP_ALLOCATE|[2]|Bytes:8
01:52:52.1 (278975685)|VARIABLE_SCOPE_BEGIN|[2]|student|Student__c|true|false
01:52:52.1 (278997745)|VARIABLE_ASSIGNMENT|[2]|student|{"Id":"a0I0o000013e0xcEAA"}|0x493c7c4b
01:52:52.1 (279005152)|STATEMENT_EXECUTE|[3]
01:52:52.1 (279007413)|STATEMENT_EXECUTE|[4]
01:52:52.1 (279047940)|HEAP_ALLOCATE|[4]|Bytes:8
01:52:52.1 (279057438)|HEAP_ALLOCATE|[4]|Bytes:8
01:52:52.1 (279074177)|DML_BEGIN|[4]|Op:Delete|Type:Student__c|Rows:1
01:52:52.1 (279111495)|HEAP_ALLOCATE|[EXTERNAL]|Bytes:8
01:52:52.1 (317089956)|CODE_UNIT_STARTED|[EXTERNAL]|01q0o000000jKrN|triggerStudent on Student trigger event AfterDelete|__sfdc_trigger/triggerStudent
01:52:52.1 (317161379)|HEAP_ALLOCATE|[EXTERNAL]|Bytes:8
01:52:52.1 (317298025)|HEAP_ALLOCATE|[EXTERNAL]|Bytes:8
01:52:52.1 (317316668)|VARIABLE_SCOPE_BEGIN|[1]|this|triggerStudent|true|false
01:52:52.1 (317367284)|VARIABLE_ASSIGNMENT|[1]|this|{}|0xbb48c5a
01:52:52.1 (317428672)|HEAP_ALLOCATE|[EXTERNAL]|Bytes:8
01:52:52.1 (317438626)|VARIABLE_SCOPE_BEGIN|[1]|this|triggerStudent|true|false
01:52:52.1 (317460578)|VARIABLE_ASSIGNMENT|[1]|this|{}|0xbb48c5a
01:52:52.1 (317471545)|STATEMENT_EXECUTE|[1]
01:52:52.1 (317474247)|STATEMENT_EXECUTE|[3]
01:52:52.1 (317481373)|HEAP_ALLOCATE|[3]|Bytes:4
01:52:52.1 (317499885)|CONSTRUCTOR_ENTRY|[3]|01p0o00000GMOB6|<init>()|TriggerHandle
01:52:52.1 (317513282)|VARIABLE_SCOPE_BEGIN|[3]|this|TriggerHandle|true|false
01:52:52.1 (317532673)|VARIABLE_ASSIGNMENT|[3]|this|{}|0x129454d1
01:52:52.1 (317928390)|SYSTEM_MODE_ENTER|false
01:52:52.1 (317969521)|HEAP_ALLOCATE|[EXTERNAL]|Bytes:5
01:52:52.1 (317979872)|STATEMENT_EXECUTE|[1]
01:52:52.1 (317986863)|HEAP_ALLOCATE|[EXTERNAL]|Bytes:5
01:52:52.1 (318026613)|STATEMENT_EXECUTE|[4]
01:52:52.1 (318033338)|SYSTEM_MODE_EXIT|false
01:52:52.1 (318043993)|CONSTRUCTOR_EXIT|[3]|01p0o00000GMOB6|<init>()|TriggerHandle
01:52:52.1 (318066952)|VARIABLE_ASSIGNMENT|[3]|this.handle|0x129454d1|0xbb48c5a
01:52:52.1 (318078210)|STATEMENT_EXECUTE|[15]
01:52:52.1 (318084375)|STATEMENT_EXECUTE|[21]
01:52:52.1 (318085940)|STATEMENT_EXECUTE|[22]
01:52:52.1 (318151914)|METHOD_ENTRY|[22]|01p0o00000GMOB6|TriggerHandle.onAfterDelete(List<Student__c>)
01:52:52.1 (318165247)|VARIABLE_SCOPE_BEGIN|[64]|this|TriggerHandle|true|false
01:52:52.1 (318191053)|VARIABLE_ASSIGNMENT|[64]|this|{}|0x129454d1
01:52:52.1 (318201257)|VARIABLE_SCOPE_BEGIN|[64]|oldStudentList|List<Student__c>|true|false
01:52:52.1 (319033159)|VARIABLE_ASSIGNMENT|[64]|oldStudentList|[{"LastModifiedDate":"2019-05-10T08:49:19.000Z","StudentId__c":"HS0064","IsDeleted":false,"Score1__c":1.00,"Score2__c":3.00,"Gender__c":false,"Score3__c":2.00,"Class__c":"a0H0o00000fJQOvEAO","Name":"a0I0o000013e0xc","SystemModstamp":"2019-05-10T08:49:19.000Z","AverageScore__c":2.00,"CreatedById":"0050o00000WkyGGAAZ","Birthday__c":"2019-05-21T00:00:00.000Z","Namel__c":"bbb","CreatedDate":"2019-05-10T08:49:19.000Z","Id":"a0I0o000013e0xcEAA","LastModifiedById":"0050o00000WkyGGAAZ","State__c":"Failed","Namef__c":"aaa"}]|0x68befea9
01:52:52.1 (319066194)|SYSTEM_MODE_ENTER|false
01:52:52.1 (319085410)|HEAP_ALLOCATE|[66]|Bytes:5
01:52:52.1 (319094938)|STATEMENT_EXECUTE|[65]
01:52:52.1 (319097639)|STATEMENT_EXECUTE|[66]
01:52:52.1 (319099495)|STATEMENT_EXECUTE|[67]
01:52:52.1 (319101632)|STATEMENT_EXECUTE|[68]
01:52:52.1 (319117997)|METHOD_ENTRY|[68]|01p0o00000GMOB6|TriggerHandle.executeNOStudentsUpdate(List<Student__c>, String)
01:52:52.1 (319131953)|VARIABLE_SCOPE_BEGIN|[188]|this|TriggerHandle|true|false
01:52:52.1 (319158300)|VARIABLE_ASSIGNMENT|[188]|this|{}|0x129454d1
01:52:52.1 (319169323)|VARIABLE_SCOPE_BEGIN|[188]|studentList|List<Student__c>|true|false
01:52:52.1 (319380131)|VARIABLE_ASSIGNMENT|[188]|studentList|[{"LastModifiedDate":"2019-05-10T08:49:19.000Z","StudentId__c":"HS0064","IsDeleted":false,"Score1__c":1.00,"Score2__c":3.00,"Gender__c":false,"Score3__c":2.00,"Class__c":"a0H0o00000fJQOvEAO","Name":"a0I0o000013e0xc","SystemModstamp":"2019-05-10T08:49:19.000Z","AverageScore__c":2.00,"CreatedById":"0050o00000WkyGGAAZ","Birthday__c":"2019-05-21T00:00:00.000Z","Namel__c":"bbb","CreatedDate":"2019-05-10T08:49:19.000Z","Id":"a0I0o000013e0xcEAA","LastModifiedById":"0050o00000WkyGGAAZ","State__c":"Failed","Namef__c":"aaa"}]|0x68befea9
01:52:52.1 (319400518)|VARIABLE_SCOPE_BEGIN|[188]|action|String|false|false
01:52:52.1 (319415327)|VARIABLE_ASSIGNMENT|[188]|action|"delete"
01:52:52.1 (319430534)|HEAP_ALLOCATE|[190]|Bytes:5
01:52:52.1 (319438503)|STATEMENT_EXECUTE|[189]
01:52:52.1 (319441115)|STATEMENT_EXECUTE|[190]
01:52:52.1 (319468822)|HEAP_ALLOCATE|[190]|Bytes:4
01:52:52.1 (319486635)|VARIABLE_SCOPE_BEGIN|[190]|classIDMap|Map<Id,Integer>|true|false
01:52:52.1 (319513280)|VARIABLE_ASSIGNMENT|[190]|classIDMap|{}|0x751dd3f5
01:52:52.1 (319562991)|HEAP_ALLOCATE|[193]|Bytes:5
01:52:52.1 (319607538)|VARIABLE_SCOPE_BEGIN|[193]|s|Student__c|true|false
01:52:52.1 (319874729)|VARIABLE_ASSIGNMENT|[193]|s|{"LastModifiedDate":"2019-05-10T08:49:19.000Z","StudentId__c":"HS0064","IsDeleted":false,"Score1__c":1.00,"Score2__c":3.00,"Gender__c":false,"Score3__c":2.00,"Class__c":"a0H0o00000fJQOvEAO","Name":"a0I0o000013e0xc","SystemModstamp":"2019-05-10T08:49:19.000Z","AverageScore__c":2.00,"CreatedById":"0050o00000WkyGGAAZ","Birthday__c":"2019-05-21T00:00:00.000Z","Namel__c":"bbb","CreatedDate":"2019-05-10T08:49:19.000Z","Id":"a0I0o000013e0xcEAA","LastModifiedById":"0050o00000WkyGGAAZ","State__c":"Failed","Namef__c":"aaa"}|0x5a645750
01:52:52.1 (319897862)|STATEMENT_EXECUTE|[194]
01:52:52.1 (319934850)|STATEMENT_EXECUTE|[200]
01:52:52.1 (319937690)|STATEMENT_EXECUTE|[201]
01:52:52.1 (319954179)|HEAP_ALLOCATE|[201]|Bytes:4
01:52:52.1 (319968030)|HEAP_ALLOCATE|[EXTERNAL]|Bytes:-4
01:52:52.1 (319998367)|HEAP_ALLOCATE|[193]|Bytes:5
01:52:52.1 (320021706)|VARIABLE_ASSIGNMENT|[193]|s|null|
01:52:52.1 (320033980)|STATEMENT_EXECUTE|[205]
01:52:52.1 (320050298)|HEAP_ALLOCATE|[205]|Bytes:4
01:52:52.1 (320330131)|SOQL_EXECUTE_BEGIN|[205]|Aggregations:0|SELECT id, NumberOfStudents__c FROM Class__c
01:52:52.1 (322768507)|SOQL_EXECUTE_END|[205]|Rows:2
01:52:52.1 (322811270)|HEAP_ALLOCATE|[205]|Bytes:12
01:52:52.1 (322837224)|HEAP_ALLOCATE|[205]|Bytes:176
01:52:52.1 (322885084)|HEAP_ALLOCATE|[205]|Bytes:12
01:52:52.1 (323115470)|VARIABLE_SCOPE_BEGIN|[205]|classList|List<Class__c>|true|false
01:52:52.1 (323170078)|VARIABLE_ASSIGNMENT|[205]|classList|[{"Id":"a0H0o00000fJQOvEAO","NumberOfStudents__c":0},{"Id":"a0H0o00000fJQOwEAO","NumberOfStudents__c":0}]|0x7dabd4f8
01:52:52.1 (323230089)|HEAP_ALLOCATE|[207]|Bytes:5
01:52:52.1 (323254544)|HEAP_ALLOCATE|[207]|Bytes:12
01:52:52.1 (323268458)|VARIABLE_SCOPE_BEGIN|[207]|c|Class__c|true|false
01:52:52.1 (323291137)|VARIABLE_ASSIGNMENT|[207]|c|{"Id":"a0H0o00000fJQOvEAO","NumberOfStudents__c":0}|0x67946ceb
01:52:52.1 (323306772)|STATEMENT_EXECUTE|[208]
01:52:52.1 (323362888)|STATEMENT_EXECUTE|[210]
01:52:52.1 (323367714)|STATEMENT_EXECUTE|[211]
01:52:52.1 (323389926)|USER_DEBUG|[211]|DEBUG|run at update
01:52:52.1 (323448449)|STATEMENT_EXECUTE|[218]
01:52:52.1 (323451648)|STATEMENT_EXECUTE|[219]
01:52:52.1 (323489251)|HEAP_ALLOCATE|[219]|Bytes:28
01:52:52.1 (323496944)|HEAP_ALLOCATE|[219]|Bytes:28
01:52:52.1 (323599512)|VARIABLE_ASSIGNMENT|[219]|this.NumberOfStudents__c|0|0x67946ceb
01:52:52.1 (323610932)|STATEMENT_EXECUTE|[222]
01:52:52.1 (323650144)|HEAP_ALLOCATE|[222]|Bytes:8
01:52:52.1 (323697792)|DML_BEGIN|[222]|Op:Update|Type:Class__c|Rows:1
01:52:52.1 (323746154)|HEAP_ALLOCATE|[EXTERNAL]|Bytes:8
01:52:52.1 (338562239)|DML_END|[222]
01:52:52.1 (338609934)|STATEMENT_EXECUTE|[224]
01:52:52.1 (338664136)|HEAP_ALLOCATE|[207]|Bytes:5
01:52:52.1 (338688713)|HEAP_ALLOCATE|[207]|Bytes:12
01:52:52.1 (338699665)|VARIABLE_SCOPE_BEGIN|[207]|c|Class__c|true|false
01:52:52.1 (338734240)|VARIABLE_ASSIGNMENT|[207]|c|{"Id":"a0H0o00000fJQOwEAO","NumberOfStudents__c":0}|0x586d4386
01:52:52.1 (338742136)|STATEMENT_EXECUTE|[208]
01:52:52.1 (338760457)|STATEMENT_EXECUTE|[209]
01:52:52.1 (338768570)|HEAP_ALLOCATE|[207]|Bytes:5
01:52:52.1 (338780013)|VARIABLE_ASSIGNMENT|[207]|c|null|
01:52:52.1 (338795283)|METHOD_EXIT|[68]|01p0o00000GMOB6|TriggerHandle.executeNOStudentsUpdate(List<Student__c>, String)
01:52:52.1 (338801599)|STATEMENT_EXECUTE|[69]
01:52:52.1 (338811443)|METHOD_ENTRY|[69]|01p0o00000GMOB6|TriggerHandle.executeNOFAPStudentsUpdate(List<Student__c>, String)
01:52:52.1 (338819143)|VARIABLE_SCOPE_BEGIN|[115]|this|TriggerHandle|true|false
01:52:52.1 (338842296)|VARIABLE_ASSIGNMENT|[115]|this|{}|0x129454d1
01:52:52.1 (338848852)|VARIABLE_SCOPE_BEGIN|[115]|studentList|List<Student__c>|true|false
01:52:52.1 (339260467)|VARIABLE_ASSIGNMENT|[115]|studentList|[{"LastModifiedDate":"2019-05-10T08:49:19.000Z","StudentId__c":"HS0064","IsDeleted":false,"Score1__c":1.00,"Score2__c":3.00,"Gender__c":false,"Score3__c":2.00,"Class__c":"a0H0o00000fJQOvEAO","Name":"a0I0o000013e0xc","SystemModstamp":"2019-05-10T08:49:19.000Z","AverageScore__c":2.00,"CreatedById":"0050o00000WkyGGAAZ","Birthday__c":"2019-05-21T00:00:00.000Z","Namel__c":"bbb","CreatedDate":"2019-05-10T08:49:19.000Z","Id":"a0I0o000013e0xcEAA","LastModifiedById":"0050o00000WkyGGAAZ","State__c":"Failed","Namef__c":"aaa"}]|0x68befea9
01:52:52.1 (339291885)|VARIABLE_SCOPE_BEGIN|[115]|action|String|false|false
01:52:52.1 (339308295)|VARIABLE_ASSIGNMENT|[115]|action|"delete"
01:52:52.1 (339327284)|HEAP_ALLOCATE|[117]|Bytes:5
01:52:52.1 (339336069)|STATEMENT_EXECUTE|[116]
01:52:52.1 (339337858)|STATEMENT_EXECUTE|[117]
01:52:52.1 (339351849)|HEAP_ALLOCATE|[117]|Bytes:4
01:52:52.1 (339362200)|VARIABLE_SCOPE_BEGIN|[117]|classIDMapWithPassedStudents|Map<Id,Integer>|true|false
01:52:52.1 (339379459)|VARIABLE_ASSIGNMENT|[117]|classIDMapWithPassedStudents|{}|0x183eb3ea
01:52:52.1 (339385953)|STATEMENT_EXECUTE|[118]
01:52:52.1 (339392963)|HEAP_ALLOCATE|[118]|Bytes:4
01:52:52.1 (339398607)|VARIABLE_SCOPE_BEGIN|[118]|classIDMapWithFaliedStudents|Map<Id,Integer>|true|false
01:52:52.1 (339408923)|VARIABLE_ASSIGNMENT|[118]|classIDMapWithFaliedStudents|{}|0x38a93d2d
01:52:52.1 (339435867)|HEAP_ALLOCATE|[121]|Bytes:5
01:52:52.1 (339453684)|VARIABLE_SCOPE_BEGIN|[121]|s|Student__c|true|false
01:52:52.1 (339726644)|VARIABLE_ASSIGNMENT|[121]|s|{"LastModifiedDate":"2019-05-10T08:49:19.000Z","StudentId__c":"HS0064","IsDeleted":false,"Score1__c":1.00,"Score2__c":3.00,"Gender__c":false,"Score3__c":2.00,"Class__c":"a0H0o00000fJQOvEAO","Name":"a0I0o000013e0xc","SystemModstamp":"2019-05-10T08:49:19.000Z","AverageScore__c":2.00,"CreatedById":"0050o00000WkyGGAAZ","Birthday__c":"2019-05-21T00:00:00.000Z","Namel__c":"bbb","CreatedDate":"2019-05-10T08:49:19.000Z","Id":"a0I0o000013e0xcEAA","LastModifiedById":"0050o00000WkyGGAAZ","State__c":"Failed","Namef__c":"aaa"}|0x5a645750
01:52:52.1 (339749495)|STATEMENT_EXECUTE|[122]
01:52:52.1 (339800144)|STATEMENT_EXECUTE|[137]
01:52:52.1 (339818586)|STATEMENT_EXECUTE|[143]
01:52:52.1 (339820329)|STATEMENT_EXECUTE|[144]
01:52:52.1 (339830358)|HEAP_ALLOCATE|[144]|Bytes:4
01:52:52.1 (339840431)|HEAP_ALLOCATE|[EXTERNAL]|Bytes:-4
01:52:52.1 (339857090)|HEAP_ALLOCATE|[121]|Bytes:5
01:52:52.1 (339871716)|VARIABLE_ASSIGNMENT|[121]|s|null|
01:52:52.1 (339877803)|STATEMENT_EXECUTE|[148]
01:52:52.1 (339890752)|HEAP_ALLOCATE|[148]|Bytes:4
01:52:52.1 (340171144)|SOQL_EXECUTE_BEGIN|[148]|Aggregations:0|SELECT id, NumberOfFailedStudents__c, NumberOfPassedStudents__c FROM Class__c
01:52:52.1 (342246991)|SOQL_EXECUTE_END|[148]|Rows:2
01:52:52.1 (342291096)|HEAP_ALLOCATE|[148]|Bytes:12
01:52:52.1 (342321555)|HEAP_ALLOCATE|[148]|Bytes:318
01:52:52.1 (342369150)|HEAP_ALLOCATE|[148]|Bytes:12
01:52:52.1 (342393114)|VARIABLE_SCOPE_BEGIN|[148]|classList|List<Class__c>|true|false
01:52:52.1 (342451378)|VARIABLE_ASSIGNMENT|[148]|classList|[{"Id":"a0H0o00000fJQOvEAO","NumberOfFailedStudents__c":0,"NumberOfPassedStudents__c":0},{"Id":"a0H0o00000fJQOwEAO","NumberOfFailedStudents__c":0,"NumberOfPassedStudents__c":0}]|0x2cb49553
01:52:52.1 (342507146)|HEAP_ALLOCATE|[150]|Bytes:5
01:52:52.1 (342554469)|HEAP_ALLOCATE|[150]|Bytes:16
01:52:52.1 (342576761)|VARIABLE_SCOPE_BEGIN|[150]|c|Class__c|true|false
01:52:52.1 (342605487)|VARIABLE_ASSIGNMENT|[150]|c|{"Id":"a0H0o00000fJQOvEAO","NumberOfFailedStudents__c":0,"NumberOfPassedStudents__c":0}|0x14df8dc
01:52:52.1 (342617584)|STATEMENT_EXECUTE|[151]
01:52:52.1 (342658286)|STATEMENT_EXECUTE|[154]
01:52:52.1 (342702432)|STATEMENT_EXECUTE|[162]
01:52:52.1 (342705759)|STATEMENT_EXECUTE|[163]
01:52:52.1 (342747797)|HEAP_ALLOCATE|[163]|Bytes:28
01:52:52.1 (342757182)|HEAP_ALLOCATE|[163]|Bytes:28
01:52:52.1 (342858408)|VARIABLE_ASSIGNMENT|[163]|this.NumberOfFailedStudents__c|0|0x14df8dc
01:52:52.1 (342871327)|STATEMENT_EXECUTE|[165]
01:52:52.1 (342916999)|HEAP_ALLOCATE|[165]|Bytes:8
01:52:52.1 (342950100)|DML_BEGIN|[165]|Op:Update|Type:Class__c|Rows:1
01:52:52.1 (342996118)|HEAP_ALLOCATE|[EXTERNAL]|Bytes:8
01:52:52.1 (354044634)|DML_END|[165]
01:52:52.1 (354077325)|STATEMENT_EXECUTE|[166]
01:52:52.1 (354143513)|STATEMENT_EXECUTE|[169]
01:52:52.1 (354164948)|HEAP_ALLOCATE|[150]|Bytes:5
01:52:52.1 (354199169)|HEAP_ALLOCATE|[150]|Bytes:16
01:52:52.1 (354219860)|VARIABLE_SCOPE_BEGIN|[150]|c|Class__c|true|false
01:52:52.1 (354264891)|VARIABLE_ASSIGNMENT|[150]|c|{"Id":"a0H0o00000fJQOwEAO","NumberOfFailedStudents__c":0,"NumberOfPassedStudents__c":0}|0x621530c8
01:52:52.1 (354276687)|STATEMENT_EXECUTE|[151]
01:52:52.1 (354335062)|STATEMENT_EXECUTE|[153]
01:52:52.1 (354348247)|STATEMENT_EXECUTE|[169]
01:52:52.1 (354362322)|HEAP_ALLOCATE|[150]|Bytes:5
01:52:52.1 (354382265)|VARIABLE_ASSIGNMENT|[150]|c|null|
01:52:52.1 (354407234)|METHOD_EXIT|[69]|01p0o00000GMOB6|TriggerHandle.executeNOFAPStudentsUpdate(List<Student__c>, String)
01:52:52.1 (354422174)|SYSTEM_MODE_EXIT|false
01:52:52.1 (354438576)|METHOD_EXIT|[22]|01p0o00000GMOB6|TriggerHandle.onAfterDelete(List<Student__c>)
01:52:52.354 (354457876)|CUMULATIVE_LIMIT_USAGE
01:52:52.354 (354457876)|LIMIT_USAGE_FOR_NS|(default)|
  Number of SOQL queries: 5 out of 100
  Number of query rows: 11 out of 50000
  Number of SOSL queries: 0 out of 20
  Number of DML statements: 6 out of 150
  Number of DML rows: 6 out of 10000
  Maximum CPU time: 0 out of 10000
  Maximum heap size: 0 out of 6000000
  Number of callouts: 0 out of 100
  Number of Email Invocations: 0 out of 10
  Number of future calls: 0 out of 50
  Number of queueable jobs added to the queue: 0 out of 50
  Number of Mobile Apex push calls: 0 out of 10

01:52:52.354 (354457876)|CUMULATIVE_LIMIT_USAGE_END

01:52:52.1 (355823552)|CODE_UNIT_FINISHED|triggerStudent on Student trigger event AfterDelete|__sfdc_trigger/triggerStudent
01:52:52.1 (357215749)|DML_END|[4]
01:52:52.1 (357283898)|HEAP_ALLOCATE|[2]|Bytes:5
01:52:52.1 (357520305)|HEAP_ALLOCATE|[2]|Bytes:8
01:52:52.1 (357537100)|VARIABLE_SCOPE_BEGIN|[2]|student|Student__c|true|false
01:52:52.1 (357599812)|VARIABLE_ASSIGNMENT|[2]|student|{"Id":"a0I0o000013e0xmEAA"}|0x667617cf
01:52:52.1 (357613135)|STATEMENT_EXECUTE|[3]
01:52:52.1 (357615826)|STATEMENT_EXECUTE|[4]
01:52:52.1 (357671458)|HEAP_ALLOCATE|[4]|Bytes:8
01:52:52.1 (357688343)|HEAP_ALLOCATE|[4]|Bytes:8
01:52:52.1 (357730863)|DML_BEGIN|[4]|Op:Delete|Type:Student__c|Rows:1
01:52:52.1 (357783225)|HEAP_ALLOCATE|[EXTERNAL]|Bytes:8
01:52:52.1 (393003053)|CODE_UNIT_STARTED|[EXTERNAL]|01q0o000000jKrN|triggerStudent on Student trigger event AfterDelete|__sfdc_trigger/triggerStudent
01:52:52.1 (393088859)|HEAP_ALLOCATE|[EXTERNAL]|Bytes:8
01:52:52.1 (393189321)|HEAP_ALLOCATE|[EXTERNAL]|Bytes:8
01:52:52.1 (393201457)|VARIABLE_SCOPE_BEGIN|[1]|this|triggerStudent|true|false
01:52:52.1 (393241320)|VARIABLE_ASSIGNMENT|[1]|this|{}|0x5991299b
01:52:52.1 (393299631)|HEAP_ALLOCATE|[EXTERNAL]|Bytes:8
01:52:52.1 (393307195)|VARIABLE_SCOPE_BEGIN|[1]|this|triggerStudent|true|false
01:52:52.1 (393322183)|VARIABLE_ASSIGNMENT|[1]|this|{}|0x5991299b
01:52:52.1 (393330607)|STATEMENT_EXECUTE|[1]
01:52:52.1 (393332709)|STATEMENT_EXECUTE|[3]
01:52:52.1 (393338248)|HEAP_ALLOCATE|[3]|Bytes:4
01:52:52.1 (393352012)|CONSTRUCTOR_ENTRY|[3]|01p0o00000GMOB6|<init>()|TriggerHandle
01:52:52.1 (393361516)|VARIABLE_SCOPE_BEGIN|[3]|this|TriggerHandle|true|false
01:52:52.1 (393373539)|VARIABLE_ASSIGNMENT|[3]|this|{}|0x7b23c461
01:52:52.1 (393803473)|SYSTEM_MODE_ENTER|false
01:52:52.1 (393829175)|HEAP_ALLOCATE|[EXTERNAL]|Bytes:5
01:52:52.1 (393838860)|STATEMENT_EXECUTE|[1]
01:52:52.1 (393861326)|HEAP_ALLOCATE|[EXTERNAL]|Bytes:5
01:52:52.1 (393950224)|STATEMENT_EXECUTE|[4]
01:52:52.1 (393970038)|SYSTEM_MODE_EXIT|false
01:52:52.1 (393987022)|CONSTRUCTOR_EXIT|[3]|01p0o00000GMOB6|<init>()|TriggerHandle
01:52:52.1 (394017836)|VARIABLE_ASSIGNMENT|[3]|this.handle|0x7b23c461|0x5991299b
01:52:52.1 (394039883)|STATEMENT_EXECUTE|[15]
01:52:52.1 (394050170)|STATEMENT_EXECUTE|[21]
01:52:52.1 (394052278)|STATEMENT_EXECUTE|[22]
01:52:52.1 (394112963)|METHOD_ENTRY|[22]|01p0o00000GMOB6|TriggerHandle.onAfterDelete(List<Student__c>)
01:52:52.1 (394126688)|VARIABLE_SCOPE_BEGIN|[64]|this|TriggerHandle|true|false
01:52:52.1 (394150329)|VARIABLE_ASSIGNMENT|[64]|this|{}|0x7b23c461
01:52:52.1 (394161378)|VARIABLE_SCOPE_BEGIN|[64]|oldStudentList|List<Student__c>|true|false
01:52:52.1 (394957226)|VARIABLE_ASSIGNMENT|[64]|oldStudentList|[{"LastModifiedDate":"2019-05-10T08:51:46.000Z","StudentId__c":"HS0065","IsDeleted":false,"Score1__c":1.00,"Score2__c":1.00,"Gender__c":true,"Score3__c":1.00,"Class__c":"a0H0o00000fJQOvEAO","Name":"a0I0o000013e0xm","SystemModstamp":"2019-05-10T08:51:46.000Z","AverageScore__c":1.00,"CreatedById":"0050o00000WkyGGAAZ","Birthday__c":"2019-05-08T00:00:00.000Z","Namel__c":"bbb","CreatedDate":"2019-05-10T08:51:46.000Z","Id":"a0I0o000013e0xmEAA","LastModifiedById":"0050o00000WkyGGAAZ","State__c":"Failed","Namef__c":"aaa"}]|0x3ff9c7f1
01:52:52.1 (394987707)|SYSTEM_MODE_ENTER|false
01:52:52.1 (395000148)|HEAP_ALLOCATE|[66]|Bytes:5
01:52:52.1 (395010722)|STATEMENT_EXECUTE|[65]
01:52:52.1 (395013512)|STATEMENT_EXECUTE|[66]
01:52:52.1 (395015571)|STATEMENT_EXECUTE|[67]
01:52:52.1 (395017698)|STATEMENT_EXECUTE|[68]
01:52:52.1 (395032016)|METHOD_ENTRY|[68]|01p0o00000GMOB6|TriggerHandle.executeNOStudentsUpdate(List<Student__c>, String)
01:52:52.1 (395042967)|VARIABLE_SCOPE_BEGIN|[188]|this|TriggerHandle|true|false
01:52:52.1 (395065747)|VARIABLE_ASSIGNMENT|[188]|this|{}|0x7b23c461
01:52:52.1 (395075011)|VARIABLE_SCOPE_BEGIN|[188]|studentList|List<Student__c>|true|false
01:52:52.1 (395376049)|VARIABLE_ASSIGNMENT|[188]|studentList|[{"LastModifiedDate":"2019-05-10T08:51:46.000Z","StudentId__c":"HS0065","IsDeleted":false,"Score1__c":1.00,"Score2__c":1.00,"Gender__c":true,"Score3__c":1.00,"Class__c":"a0H0o00000fJQOvEAO","Name":"a0I0o000013e0xm","SystemModstamp":"2019-05-10T08:51:46.000Z","AverageScore__c":1.00,"CreatedById":"0050o00000WkyGGAAZ","Birthday__c":"2019-05-08T00:00:00.000Z","Namel__c":"bbb","CreatedDate":"2019-05-10T08:51:46.000Z","Id":"a0I0o000013e0xmEAA","LastModifiedById":"0050o00000WkyGGAAZ","State__c":"Failed","Namef__c":"aaa"}]|0x3ff9c7f1
01:52:52.1 (395401617)|VARIABLE_SCOPE_BEGIN|[188]|action|String|false|false
01:52:52.1 (395416294)|VARIABLE_ASSIGNMENT|[188]|action|"delete"
01:52:52.1 (395431931)|HEAP_ALLOCATE|[190]|Bytes:5
01:52:52.1 (395440252)|STATEMENT_EXECUTE|[189]
01:52:52.1 (395443398)|STATEMENT_EXECUTE|[190]
01:52:52.1 (395461281)|HEAP_ALLOCATE|[190]|Bytes:4
01:52:52.1 (395477027)|VARIABLE_SCOPE_BEGIN|[190]|classIDMap|Map<Id,Integer>|true|false
01:52:52.1 (395500794)|VARIABLE_ASSIGNMENT|[190]|classIDMap|{}|0x32c1650
01:52:52.1 (395577711)|HEAP_ALLOCATE|[193]|Bytes:5
01:52:52.1 (395619190)|VARIABLE_SCOPE_BEGIN|[193]|s|Student__c|true|false
01:52:52.1 (395894193)|VARIABLE_ASSIGNMENT|[193]|s|{"LastModifiedDate":"2019-05-10T08:51:46.000Z","StudentId__c":"HS0065","IsDeleted":false,"Score1__c":1.00,"Score2__c":1.00,"Gender__c":true,"Score3__c":1.00,"Class__c":"a0H0o00000fJQOvEAO","Name":"a0I0o000013e0xm","SystemModstamp":"2019-05-10T08:51:46.000Z","AverageScore__c":1.00,"CreatedById":"0050o00000WkyGGAAZ","Birthday__c":"2019-05-08T00:00:00.000Z","Namel__c":"bbb","CreatedDate":"2019-05-10T08:51:46.000Z","Id":"a0I0o000013e0xmEAA","LastModifiedById":"0050o00000WkyGGAAZ","State__c":"Failed","Namef__c":"aaa"}|0x53a13a5f
01:52:52.1 (395916355)|STATEMENT_EXECUTE|[194]
01:52:52.1 (395952450)|STATEMENT_EXECUTE|[200]
01:52:52.1 (395956066)|STATEMENT_EXECUTE|[201]
01:52:52.1 (395971385)|HEAP_ALLOCATE|[201]|Bytes:4
01:52:52.1 (395984859)|HEAP_ALLOCATE|[EXTERNAL]|Bytes:-4
01:52:52.1 (396008370)|HEAP_ALLOCATE|[193]|Bytes:5
01:52:52.1 (396029038)|VARIABLE_ASSIGNMENT|[193]|s|null|
01:52:52.1 (396038307)|STATEMENT_EXECUTE|[205]
01:52:52.1 (396054504)|HEAP_ALLOCATE|[205]|Bytes:4
01:52:52.1 (396318146)|SOQL_EXECUTE_BEGIN|[205]|Aggregations:0|SELECT id, NumberOfStudents__c FROM Class__c
01:52:52.1 (398299312)|SOQL_EXECUTE_END|[205]|Rows:2
01:52:52.1 (398347257)|HEAP_ALLOCATE|[205]|Bytes:12
01:52:52.1 (398375168)|HEAP_ALLOCATE|[205]|Bytes:176
01:52:52.1 (398430026)|HEAP_ALLOCATE|[205]|Bytes:12
01:52:52.1 (398454522)|VARIABLE_SCOPE_BEGIN|[205]|classList|List<Class__c>|true|false
01:52:52.1 (398499490)|VARIABLE_ASSIGNMENT|[205]|classList|[{"Id":"a0H0o00000fJQOvEAO","NumberOfStudents__c":0},{"Id":"a0H0o00000fJQOwEAO","NumberOfStudents__c":0}]|0x437a38db
01:52:52.1 (398547224)|HEAP_ALLOCATE|[207]|Bytes:5
01:52:52.1 (398566476)|HEAP_ALLOCATE|[207]|Bytes:12
01:52:52.1 (398586733)|VARIABLE_SCOPE_BEGIN|[207]|c|Class__c|true|false
01:52:52.1 (398603599)|VARIABLE_ASSIGNMENT|[207]|c|{"Id":"a0H0o00000fJQOvEAO","NumberOfStudents__c":0}|0x40dab27f
01:52:52.1 (398611215)|STATEMENT_EXECUTE|[208]
01:52:52.1 (398643684)|STATEMENT_EXECUTE|[210]
01:52:52.1 (398646331)|STATEMENT_EXECUTE|[211]
01:52:52.1 (398660095)|USER_DEBUG|[211]|DEBUG|run at update
01:52:52.1 (398699401)|STATEMENT_EXECUTE|[218]
01:52:52.1 (398701298)|STATEMENT_EXECUTE|[219]
01:52:52.1 (398751321)|HEAP_ALLOCATE|[219]|Bytes:28
01:52:52.1 (398757409)|HEAP_ALLOCATE|[219]|Bytes:28
01:52:52.1 (398831392)|VARIABLE_ASSIGNMENT|[219]|this.NumberOfStudents__c|0|0x40dab27f
01:52:52.1 (398838798)|STATEMENT_EXECUTE|[222]
01:52:52.1 (398867667)|HEAP_ALLOCATE|[222]|Bytes:8
01:52:52.1 (398894770)|DML_BEGIN|[222]|Op:Update|Type:Class__c|Rows:1
01:52:52.1 (398929678)|HEAP_ALLOCATE|[EXTERNAL]|Bytes:8
01:52:52.1 (412697396)|DML_END|[222]
01:52:52.1 (412721897)|STATEMENT_EXECUTE|[224]
01:52:52.1 (412776737)|HEAP_ALLOCATE|[207]|Bytes:5
01:52:52.1 (412800370)|HEAP_ALLOCATE|[207]|Bytes:12
01:52:52.1 (412812574)|VARIABLE_SCOPE_BEGIN|[207]|c|Class__c|true|false
01:52:52.1 (412845724)|VARIABLE_ASSIGNMENT|[207]|c|{"Id":"a0H0o00000fJQOwEAO","NumberOfStudents__c":0}|0x3903a171
01:52:52.1 (412853949)|STATEMENT_EXECUTE|[208]
01:52:52.1 (412873539)|STATEMENT_EXECUTE|[209]
01:52:52.1 (412882294)|HEAP_ALLOCATE|[207]|Bytes:5
01:52:52.1 (412894018)|VARIABLE_ASSIGNMENT|[207]|c|null|
01:52:52.1 (412909649)|METHOD_EXIT|[68]|01p0o00000GMOB6|TriggerHandle.executeNOStudentsUpdate(List<Student__c>, String)
01:52:52.1 (412916287)|STATEMENT_EXECUTE|[69]
01:52:52.1 (412925545)|METHOD_ENTRY|[69]|01p0o00000GMOB6|TriggerHandle.executeNOFAPStudentsUpdate(List<Student__c>, String)
01:52:52.1 (412934178)|VARIABLE_SCOPE_BEGIN|[115]|this|TriggerHandle|true|false
01:52:52.1 (412956373)|VARIABLE_ASSIGNMENT|[115]|this|{}|0x7b23c461
01:52:52.1 (412963005)|VARIABLE_SCOPE_BEGIN|[115]|studentList|List<Student__c>|true|false
01:52:52.1 (413172824)|VARIABLE_ASSIGNMENT|[115]|studentList|[{"LastModifiedDate":"2019-05-10T08:51:46.000Z","StudentId__c":"HS0065","IsDeleted":false,"Score1__c":1.00,"Score2__c":1.00,"Gender__c":true,"Score3__c":1.00,"Class__c":"a0H0o00000fJQOvEAO","Name":"a0I0o000013e0xm","SystemModstamp":"2019-05-10T08:51:46.000Z","AverageScore__c":1.00,"CreatedById":"0050o00000WkyGGAAZ","Birthday__c":"2019-05-08T00:00:00.000Z","Namel__c":"bbb","CreatedDate":"2019-05-10T08:51:46.000Z","Id":"a0I0o000013e0xmEAA","LastModifiedById":"0050o00000WkyGGAAZ","State__c":"Failed","Namef__c":"aaa"}]|0x3ff9c7f1
01:52:52.1 (413187384)|VARIABLE_SCOPE_BEGIN|[115]|action|String|false|false
01:52:52.1 (413197240)|VARIABLE_ASSIGNMENT|[115]|action|"delete"
01:52:52.1 (413209574)|HEAP_ALLOCATE|[117]|Bytes:5
01:52:52.1 (413215106)|STATEMENT_EXECUTE|[116]
01:52:52.1 (413216775)|STATEMENT_EXECUTE|[117]
01:52:52.1 (413236000)|HEAP_ALLOCATE|[117]|Bytes:4
01:52:52.1 (413246330)|VARIABLE_SCOPE_BEGIN|[117]|classIDMapWithPassedStudents|Map<Id,Integer>|true|false
01:52:52.1 (413263496)|VARIABLE_ASSIGNMENT|[117]|classIDMapWithPassedStudents|{}|0x55d10227
01:52:52.1 (413269787)|STATEMENT_EXECUTE|[118]
01:52:52.1 (413276645)|HEAP_ALLOCATE|[118]|Bytes:4
01:52:52.1 (413282428)|VARIABLE_SCOPE_BEGIN|[118]|classIDMapWithFaliedStudents|Map<Id,Integer>|true|false
01:52:52.1 (413293256)|VARIABLE_ASSIGNMENT|[118]|classIDMapWithFaliedStudents|{}|0x4f28e27a
01:52:52.1 (413320502)|HEAP_ALLOCATE|[121]|Bytes:5
01:52:52.1 (413338974)|VARIABLE_SCOPE_BEGIN|[121]|s|Student__c|true|false
01:52:52.1 (413492368)|VARIABLE_ASSIGNMENT|[121]|s|{"LastModifiedDate":"2019-05-10T08:51:46.000Z","StudentId__c":"HS0065","IsDeleted":false,"Score1__c":1.00,"Score2__c":1.00,"Gender__c":true,"Score3__c":1.00,"Class__c":"a0H0o00000fJQOvEAO","Name":"a0I0o000013e0xm","SystemModstamp":"2019-05-10T08:51:46.000Z","AverageScore__c":1.00,"CreatedById":"0050o00000WkyGGAAZ","Birthday__c":"2019-05-08T00:00:00.000Z","Namel__c":"bbb","CreatedDate":"2019-05-10T08:51:46.000Z","Id":"a0I0o000013e0xmEAA","LastModifiedById":"0050o00000WkyGGAAZ","State__c":"Failed","Namef__c":"aaa"}|0x53a13a5f
01:52:52.1 (413506964)|STATEMENT_EXECUTE|[122]
01:52:52.1 (413546349)|STATEMENT_EXECUTE|[137]
01:52:52.1 (413560379)|STATEMENT_EXECUTE|[143]
01:52:52.1 (413562051)|STATEMENT_EXECUTE|[144]
01:52:52.1 (413576858)|HEAP_ALLOCATE|[144]|Bytes:4
01:52:52.1 (413586189)|HEAP_ALLOCATE|[EXTERNAL]|Bytes:-4
01:52:52.1 (413601398)|HEAP_ALLOCATE|[121]|Bytes:5
01:52:52.1 (413613978)|VARIABLE_ASSIGNMENT|[121]|s|null|
01:52:52.1 (413619490)|STATEMENT_EXECUTE|[148]
01:52:52.1 (413633329)|HEAP_ALLOCATE|[148]|Bytes:4
01:52:52.1 (413871492)|SOQL_EXECUTE_BEGIN|[148]|Aggregations:0|SELECT id, NumberOfFailedStudents__c, NumberOfPassedStudents__c FROM Class__c
01:52:52.1 (417044875)|SOQL_EXECUTE_END|[148]|Rows:2
01:52:52.1 (417081182)|HEAP_ALLOCATE|[148]|Bytes:12
01:52:52.1 (417104063)|HEAP_ALLOCATE|[148]|Bytes:318
01:52:52.1 (417149287)|HEAP_ALLOCATE|[148]|Bytes:12
01:52:52.1 (417168274)|VARIABLE_SCOPE_BEGIN|[148]|classList|List<Class__c>|true|false
01:52:52.1 (417208240)|VARIABLE_ASSIGNMENT|[148]|classList|[{"Id":"a0H0o00000fJQOvEAO","NumberOfFailedStudents__c":0,"NumberOfPassedStudents__c":0},{"Id":"a0H0o00000fJQOwEAO","NumberOfFailedStudents__c":0,"NumberOfPassedStudents__c":0}]|0x2ec7b2e9
01:52:52.1 (417247216)|HEAP_ALLOCATE|[150]|Bytes:5
01:52:52.1 (417262416)|HEAP_ALLOCATE|[150]|Bytes:16
01:52:52.1 (417270681)|VARIABLE_SCOPE_BEGIN|[150]|c|Class__c|true|false
01:52:52.1 (417288957)|VARIABLE_ASSIGNMENT|[150]|c|{"Id":"a0H0o00000fJQOvEAO","NumberOfFailedStudents__c":0,"NumberOfPassedStudents__c":0}|0x316488d9
01:52:52.1 (417296808)|STATEMENT_EXECUTE|[151]
01:52:52.1 (417322011)|STATEMENT_EXECUTE|[154]
01:52:52.1 (417350615)|STATEMENT_EXECUTE|[162]
01:52:52.1 (417352977)|STATEMENT_EXECUTE|[163]
01:52:52.1 (417379635)|HEAP_ALLOCATE|[163]|Bytes:28
01:52:52.1 (417385144)|HEAP_ALLOCATE|[163]|Bytes:28
01:52:52.1 (417451647)|VARIABLE_ASSIGNMENT|[163]|this.NumberOfFailedStudents__c|0|0x316488d9
01:52:52.1 (417460035)|STATEMENT_EXECUTE|[165]
01:52:52.1 (417488802)|HEAP_ALLOCATE|[165]|Bytes:8
01:52:52.1 (417515571)|DML_BEGIN|[165]|Op:Update|Type:Class__c|Rows:1
01:52:52.1 (417549112)|HEAP_ALLOCATE|[EXTERNAL]|Bytes:8
01:52:52.1 (428453333)|DML_END|[165]
01:52:52.1 (428480497)|STATEMENT_EXECUTE|[166]
01:52:52.1 (428542247)|STATEMENT_EXECUTE|[169]
01:52:52.1 (428590352)|HEAP_ALLOCATE|[150]|Bytes:5
01:52:52.1 (428627459)|HEAP_ALLOCATE|[150]|Bytes:16
01:52:52.1 (428645807)|VARIABLE_SCOPE_BEGIN|[150]|c|Class__c|true|false
01:52:52.1 (428706730)|VARIABLE_ASSIGNMENT|[150]|c|{"Id":"a0H0o00000fJQOwEAO","NumberOfFailedStudents__c":0,"NumberOfPassedStudents__c":0}|0x444ecc18
01:52:52.1 (428720212)|STATEMENT_EXECUTE|[151]
01:52:52.1 (428748025)|STATEMENT_EXECUTE|[153]
01:52:52.1 (428761475)|STATEMENT_EXECUTE|[169]
01:52:52.1 (428776567)|HEAP_ALLOCATE|[150]|Bytes:5
01:52:52.1 (428798050)|VARIABLE_ASSIGNMENT|[150]|c|null|
01:52:52.1 (428822770)|METHOD_EXIT|[69]|01p0o00000GMOB6|TriggerHandle.executeNOFAPStudentsUpdate(List<Student__c>, String)
01:52:52.1 (428837333)|SYSTEM_MODE_EXIT|false
01:52:52.1 (428851097)|METHOD_EXIT|[22]|01p0o00000GMOB6|TriggerHandle.onAfterDelete(List<Student__c>)
01:52:52.428 (428862781)|CUMULATIVE_LIMIT_USAGE
01:52:52.428 (428862781)|LIMIT_USAGE_FOR_NS|(default)|
  Number of SOQL queries: 7 out of 100
  Number of query rows: 15 out of 50000
  Number of SOSL queries: 0 out of 20
  Number of DML statements: 9 out of 150
  Number of DML rows: 9 out of 10000
  Maximum CPU time: 0 out of 10000
  Maximum heap size: 0 out of 6000000
  Number of callouts: 0 out of 100
  Number of Email Invocations: 0 out of 10
  Number of future calls: 0 out of 50
  Number of queueable jobs added to the queue: 0 out of 50
  Number of Mobile Apex push calls: 0 out of 10

01:52:52.428 (428862781)|CUMULATIVE_LIMIT_USAGE_END

01:52:52.1 (430054185)|CODE_UNIT_FINISHED|triggerStudent on Student trigger event AfterDelete|__sfdc_trigger/triggerStudent
01:52:52.1 (431290193)|DML_END|[4]
01:52:52.1 (431333972)|HEAP_ALLOCATE|[2]|Bytes:5
01:52:52.1 (431369374)|VARIABLE_ASSIGNMENT|[2]|student|null|
01:52:52.443 (443058816)|CUMULATIVE_LIMIT_USAGE
01:52:52.443 (443058816)|LIMIT_USAGE_FOR_NS|(default)|
  Number of SOQL queries: 7 out of 100
  Number of query rows: 15 out of 50000
  Number of SOSL queries: 0 out of 20
  Number of DML statements: 9 out of 150
  Number of DML rows: 9 out of 10000
  Maximum CPU time: 0 out of 10000
  Maximum heap size: 0 out of 6000000
  Number of callouts: 0 out of 100
  Number of Email Invocations: 0 out of 10
  Number of future calls: 0 out of 50
  Number of queueable jobs added to the queue: 0 out of 50
  Number of Mobile Apex push calls: 0 out of 10

01:52:52.443 (443058816)|CUMULATIVE_LIMIT_USAGE_END

01:52:52.1 (443121088)|CODE_UNIT_FINISHED|execute_anonymous_apex
01:52:52.1 (444025253)|EXECUTION_FINISHED
