36.0 APEX_CODE,FINEST;APEX_PROFILING,INFO;CALLOUT,INFO;DB,INFO;NBA,INFO;SYSTEM,DEBUG;VALIDATION,INFO;VISUALFORCE,INFO;WAVE,INFO;WORKFLOW,INFO
14:47:24.28 (28358637)|USER_INFO|[EXTERNAL]|0050o00000WkyGG|ttvy@keizu.co.jp|Indochina Time|GMT+07:00
14:47:24.28 (28433708)|EXECUTION_STARTED
14:47:24.28 (28447400)|CODE_UNIT_STARTED|[EXTERNAL]|01p0o00000GMbcn|Controller_test.setup()
14:47:24.28 (28714368)|HEAP_ALLOCATE|[72]|Bytes:3
14:47:24.28 (28766091)|HEAP_ALLOCATE|[77]|Bytes:152
14:47:24.28 (28780784)|HEAP_ALLOCATE|[342]|Bytes:408
14:47:24.28 (28794354)|HEAP_ALLOCATE|[355]|Bytes:408
14:47:24.28 (28806730)|HEAP_ALLOCATE|[467]|Bytes:48
14:47:24.28 (28832000)|HEAP_ALLOCATE|[139]|Bytes:6
14:47:24.28 (28847006)|HEAP_ALLOCATE|[EXTERNAL]|Bytes:257
14:47:24.28 (28863237)|METHOD_ENTRY|[2]|01p0o00000GMbcn|Controller_test.Controller_test()
14:47:24.28 (28871595)|STATEMENT_EXECUTE|[2]
14:47:24.28 (28878434)|STATEMENT_EXECUTE|[2]
14:47:24.28 (28883913)|METHOD_EXIT|[2]|Controller_test
14:47:24.28 (28917264)|HEAP_ALLOCATE|[50]|Bytes:5
14:47:24.28 (28942205)|HEAP_ALLOCATE|[56]|Bytes:5
14:47:24.28 (28950140)|HEAP_ALLOCATE|[64]|Bytes:7
14:47:24.28 (28995134)|STATEMENT_EXECUTE|[4]
14:47:24.28 (28997439)|STATEMENT_EXECUTE|[6]
14:47:24.28 (29093187)|HEAP_ALLOCATE|[6]|Bytes:4
14:47:24.28 (29189752)|VARIABLE_SCOPE_BEGIN|[6]|testClass|List<Class__c>|true|false
14:47:24.28 (29205508)|HEAP_ALLOCATE|[EXTERNAL]|Bytes:4
14:47:24.28 (29238050)|VARIABLE_ASSIGNMENT|[6]|testClass|[]|0x652592c2
14:47:24.28 (29244691)|STATEMENT_EXECUTE|[7]
14:47:24.28 (29276119)|HEAP_ALLOCATE|[7]|Bytes:4
14:47:24.28 (29347711)|HEAP_ALLOCATE|[7]|Bytes:7
14:47:24.28 (29414254)|VARIABLE_ASSIGNMENT|[7]|this.className__c|"English"|0x3751bbb7
14:47:24.28 (29484076)|HEAP_ALLOCATE|[EXTERNAL]|Bytes:4
14:47:24.28 (29497021)|STATEMENT_EXECUTE|[8]
14:47:24.28 (29512416)|HEAP_ALLOCATE|[8]|Bytes:4
14:47:24.28 (29521466)|HEAP_ALLOCATE|[8]|Bytes:4
14:47:24.28 (29554522)|VARIABLE_ASSIGNMENT|[8]|this.className__c|"Math"|0x5e1cd450
14:47:24.28 (29586178)|HEAP_ALLOCATE|[EXTERNAL]|Bytes:4
14:47:24.28 (29593728)|STATEMENT_EXECUTE|[9]
14:47:24.28 (29605235)|HEAP_ALLOCATE|[9]|Bytes:4
14:47:24.28 (29613677)|HEAP_ALLOCATE|[9]|Bytes:7
14:47:24.28 (29641829)|VARIABLE_ASSIGNMENT|[9]|this.className__c|"Physics"|0xaa23580
14:47:24.28 (29670581)|HEAP_ALLOCATE|[EXTERNAL]|Bytes:4
14:47:24.28 (29677477)|STATEMENT_EXECUTE|[10]
14:47:24.28 (29687558)|HEAP_ALLOCATE|[10]|Bytes:4
14:47:24.28 (29694658)|HEAP_ALLOCATE|[10]|Bytes:9
14:47:24.28 (29721566)|VARIABLE_ASSIGNMENT|[10]|this.className__c|"Chemistry"|0x125d85f0
14:47:24.28 (29748456)|HEAP_ALLOCATE|[EXTERNAL]|Bytes:4
14:47:24.28 (29755240)|STATEMENT_EXECUTE|[11]
14:47:24.28 (29806131)|DML_BEGIN|[11]|Op:Insert|Type:Class__c|Rows:4
14:47:24.28 (29849794)|HEAP_ALLOCATE|[EXTERNAL]|Bytes:20
14:47:24.28 (65719087)|DML_END|[11]
14:47:24.28 (65792431)|HEAP_ALLOCATE|[EXTERNAL]|Bytes:20
14:47:24.28 (65812067)|STATEMENT_EXECUTE|[12]
14:47:24.28 (65819756)|HEAP_ALLOCATE|[12]|Bytes:23
14:47:24.28 (65850808)|HEAP_ALLOCATE|[12]|Bytes:4
14:47:24.28 (66051219)|SOQL_EXECUTE_BEGIN|[12]|Aggregations:0|SELECT id FROM Class__c
14:47:24.28 (68668637)|SOQL_EXECUTE_END|[12]|Rows:4
14:47:24.28 (68706213)|HEAP_ALLOCATE|[12]|Bytes:20
14:47:24.28 (68733018)|HEAP_ALLOCATE|[12]|Bytes:116
14:47:24.28 (68785226)|HEAP_ALLOCATE|[12]|Bytes:20
14:47:24.28 (68845309)|VARIABLE_ASSIGNMENT|[12]|testClass|[{"Id":"a0H0o00000fKa5DEAS"},{"Id":"a0H0o00000fKa5EEAS"},{"Id":"a0H0o00000fKa5FEAS"},{"Id":"a0H0o00000fKa5GEAS"}]|0x52b0f0a
14:47:24.28 (68859423)|STATEMENT_EXECUTE|[13]
14:47:24.28 (68957786)|HEAP_ALLOCATE|[13]|Bytes:4
14:47:24.28 (69051519)|VARIABLE_SCOPE_BEGIN|[13]|testStudent|List<Student__c>|true|false
14:47:24.28 (69068524)|HEAP_ALLOCATE|[EXTERNAL]|Bytes:4
14:47:24.28 (69080675)|VARIABLE_ASSIGNMENT|[13]|testStudent|[]|0x415e3997
14:47:24.28 (69089454)|STATEMENT_EXECUTE|[14]
14:47:24.28 (69114802)|HEAP_ALLOCATE|[14]|Bytes:4
14:47:24.28 (69185471)|HEAP_ALLOCATE|[14]|Bytes:11
14:47:24.28 (69252211)|VARIABLE_ASSIGNMENT|[14]|this.Name|"truong vy 1"|0x1d3c58db
14:47:24.28 (69267379)|HEAP_ALLOCATE|[15]|Bytes:4
14:47:24.28 (69303216)|VARIABLE_ASSIGNMENT|[14]|this.Namef__c|"vy 1"|0x1d3c58db
14:47:24.28 (69310663)|HEAP_ALLOCATE|[16]|Bytes:6
14:47:24.28 (69335628)|VARIABLE_ASSIGNMENT|[14]|this.Namel__c|"truong"|0x1d3c58db
14:47:24.28 (69362634)|VARIABLE_ASSIGNMENT|[14]|this.Gender__c|true|0x1d3c58db
14:47:24.28 (69446878)|HEAP_ALLOCATE|[18]|Bytes:4
14:47:24.28 (69506550)|VARIABLE_ASSIGNMENT|[14]|this.Birthday__c|"2011-03-21T00:00:00.000Z"|0x1d3c58db
14:47:24.28 (69547022)|HEAP_ALLOCATE|[14]|Bytes:28
14:47:24.28 (69552297)|HEAP_ALLOCATE|[14]|Bytes:28
14:47:24.28 (69593082)|VARIABLE_ASSIGNMENT|[14]|this.Score1__c|4|0x1d3c58db
14:47:24.28 (69605399)|HEAP_ALLOCATE|[14]|Bytes:28
14:47:24.28 (69609425)|HEAP_ALLOCATE|[14]|Bytes:28
14:47:24.28 (69633322)|VARIABLE_ASSIGNMENT|[14]|this.Score2__c|7|0x1d3c58db
14:47:24.28 (69643990)|HEAP_ALLOCATE|[14]|Bytes:28
14:47:24.28 (69647880)|HEAP_ALLOCATE|[14]|Bytes:28
14:47:24.28 (69671325)|VARIABLE_ASSIGNMENT|[14]|this.Score3__c|9|0x1d3c58db
14:47:24.28 (69713184)|HEAP_ALLOCATE|[22]|Bytes:8
14:47:24.28 (69794732)|VARIABLE_ASSIGNMENT|[14]|this.Class__c|"a0H0o00000fKa5EEAS"|0x1d3c58db
14:47:24.28 (69848211)|HEAP_ALLOCATE|[EXTERNAL]|Bytes:4
14:47:24.28 (69857128)|STATEMENT_EXECUTE|[24]
14:47:24.28 (69872967)|HEAP_ALLOCATE|[24]|Bytes:4
14:47:24.28 (69882645)|HEAP_ALLOCATE|[24]|Bytes:11
14:47:24.28 (69915324)|VARIABLE_ASSIGNMENT|[24]|this.Name|"truong vy 2"|0x629321f2
14:47:24.28 (69922671)|HEAP_ALLOCATE|[25]|Bytes:4
14:47:24.28 (69947402)|VARIABLE_ASSIGNMENT|[24]|this.Namef__c|"vy 2"|0x629321f2
14:47:24.28 (69971332)|VARIABLE_ASSIGNMENT|[24]|this.Namel__c|"truong"|0x629321f2
14:47:24.28 (69993543)|VARIABLE_ASSIGNMENT|[24]|this.Gender__c|true|0x629321f2
14:47:24.28 (70035714)|HEAP_ALLOCATE|[28]|Bytes:4
14:47:24.28 (70077179)|VARIABLE_ASSIGNMENT|[24]|this.Birthday__c|"2011-03-21T00:00:00.000Z"|0x629321f2
14:47:24.28 (70092514)|HEAP_ALLOCATE|[24]|Bytes:28
14:47:24.28 (70097345)|HEAP_ALLOCATE|[24]|Bytes:28
14:47:24.28 (70122321)|VARIABLE_ASSIGNMENT|[24]|this.Score1__c|4|0x629321f2
14:47:24.28 (70132628)|HEAP_ALLOCATE|[24]|Bytes:28
14:47:24.28 (70137310)|HEAP_ALLOCATE|[24]|Bytes:28
14:47:24.28 (70159413)|VARIABLE_ASSIGNMENT|[24]|this.Score2__c|7|0x629321f2
14:47:24.28 (70168922)|HEAP_ALLOCATE|[24]|Bytes:28
14:47:24.28 (70172430)|HEAP_ALLOCATE|[24]|Bytes:28
14:47:24.28 (70201268)|VARIABLE_ASSIGNMENT|[24]|this.Score3__c|9|0x629321f2
14:47:24.28 (70229854)|HEAP_ALLOCATE|[32]|Bytes:8
14:47:24.28 (70284669)|VARIABLE_ASSIGNMENT|[24]|this.Class__c|"a0H0o00000fKa5EEAS"|0x629321f2
14:47:24.28 (70317634)|HEAP_ALLOCATE|[EXTERNAL]|Bytes:4
14:47:24.28 (70325798)|STATEMENT_EXECUTE|[34]
14:47:24.28 (70340311)|HEAP_ALLOCATE|[34]|Bytes:4
14:47:24.28 (70349793)|HEAP_ALLOCATE|[34]|Bytes:11
14:47:24.28 (70380656)|VARIABLE_ASSIGNMENT|[34]|this.Name|"truong vy 3"|0x6336f57f
14:47:24.28 (70388041)|HEAP_ALLOCATE|[35]|Bytes:4
14:47:24.28 (70411305)|VARIABLE_ASSIGNMENT|[34]|this.Namef__c|"vy 3"|0x6336f57f
14:47:24.28 (70433756)|VARIABLE_ASSIGNMENT|[34]|this.Namel__c|"truong"|0x6336f57f
14:47:24.28 (70455962)|VARIABLE_ASSIGNMENT|[34]|this.Gender__c|true|0x6336f57f
14:47:24.28 (70488949)|HEAP_ALLOCATE|[38]|Bytes:4
14:47:24.28 (70527061)|VARIABLE_ASSIGNMENT|[34]|this.Birthday__c|"2011-03-21T00:00:00.000Z"|0x6336f57f
14:47:24.28 (70541659)|HEAP_ALLOCATE|[34]|Bytes:28
14:47:24.28 (70547423)|HEAP_ALLOCATE|[34]|Bytes:28
14:47:24.28 (70583949)|VARIABLE_ASSIGNMENT|[34]|this.Score1__c|4|0x6336f57f
14:47:24.28 (70595941)|HEAP_ALLOCATE|[34]|Bytes:28
14:47:24.28 (70599816)|HEAP_ALLOCATE|[34]|Bytes:28
14:47:24.28 (70622549)|VARIABLE_ASSIGNMENT|[34]|this.Score2__c|7|0x6336f57f
14:47:24.28 (70631707)|HEAP_ALLOCATE|[34]|Bytes:28
14:47:24.28 (70635659)|HEAP_ALLOCATE|[34]|Bytes:28
14:47:24.28 (70680442)|VARIABLE_ASSIGNMENT|[34]|this.Score3__c|9|0x6336f57f
14:47:24.28 (70722207)|HEAP_ALLOCATE|[42]|Bytes:8
14:47:24.28 (70778363)|VARIABLE_ASSIGNMENT|[34]|this.Class__c|"a0H0o00000fKa5EEAS"|0x6336f57f
14:47:24.28 (70813468)|HEAP_ALLOCATE|[EXTERNAL]|Bytes:4
14:47:24.28 (70821762)|STATEMENT_EXECUTE|[44]
14:47:24.28 (70837180)|HEAP_ALLOCATE|[44]|Bytes:4
14:47:24.28 (70847723)|HEAP_ALLOCATE|[44]|Bytes:11
14:47:24.28 (70881586)|VARIABLE_ASSIGNMENT|[44]|this.Name|"truong vy 4"|0x1bcd1080
14:47:24.28 (70888575)|HEAP_ALLOCATE|[45]|Bytes:4
14:47:24.28 (70912223)|VARIABLE_ASSIGNMENT|[44]|this.Namef__c|"vy 4"|0x1bcd1080
14:47:24.28 (70934747)|VARIABLE_ASSIGNMENT|[44]|this.Namel__c|"truong"|0x1bcd1080
14:47:24.28 (70956850)|VARIABLE_ASSIGNMENT|[44]|this.Gender__c|true|0x1bcd1080
14:47:24.28 (70992344)|HEAP_ALLOCATE|[48]|Bytes:4
14:47:24.28 (71045643)|VARIABLE_ASSIGNMENT|[44]|this.Birthday__c|"2011-03-21T00:00:00.000Z"|0x1bcd1080
14:47:24.28 (71067177)|HEAP_ALLOCATE|[44]|Bytes:28
14:47:24.28 (71073926)|HEAP_ALLOCATE|[44]|Bytes:28
14:47:24.28 (71116878)|VARIABLE_ASSIGNMENT|[44]|this.Score1__c|4|0x1bcd1080
14:47:24.28 (71129999)|HEAP_ALLOCATE|[44]|Bytes:28
14:47:24.28 (71134232)|HEAP_ALLOCATE|[44]|Bytes:28
14:47:24.28 (71159493)|VARIABLE_ASSIGNMENT|[44]|this.Score2__c|7|0x1bcd1080
14:47:24.28 (71169079)|HEAP_ALLOCATE|[44]|Bytes:28
14:47:24.28 (71172585)|HEAP_ALLOCATE|[44]|Bytes:28
14:47:24.28 (71196051)|VARIABLE_ASSIGNMENT|[44]|this.Score3__c|0|0x1bcd1080
14:47:24.28 (71226435)|HEAP_ALLOCATE|[52]|Bytes:8
14:47:24.28 (71284223)|VARIABLE_ASSIGNMENT|[44]|this.Class__c|"a0H0o00000fKa5EEAS"|0x1bcd1080
14:47:24.28 (71317572)|HEAP_ALLOCATE|[EXTERNAL]|Bytes:4
14:47:24.28 (71325560)|STATEMENT_EXECUTE|[54]
14:47:24.28 (71342544)|HEAP_ALLOCATE|[54]|Bytes:4
14:47:24.28 (71356518)|HEAP_ALLOCATE|[54]|Bytes:11
14:47:24.28 (71404870)|VARIABLE_ASSIGNMENT|[54]|this.Name|"truong vy 5"|0x1bc1c7c6
14:47:24.28 (71416787)|HEAP_ALLOCATE|[55]|Bytes:4
14:47:24.28 (71454125)|VARIABLE_ASSIGNMENT|[54]|this.Namef__c|"vy 5"|0x1bc1c7c6
14:47:24.28 (71479474)|VARIABLE_ASSIGNMENT|[54]|this.Namel__c|"truong"|0x1bc1c7c6
14:47:24.28 (71513113)|VARIABLE_ASSIGNMENT|[54]|this.Gender__c|true|0x1bc1c7c6
14:47:24.28 (71553846)|HEAP_ALLOCATE|[58]|Bytes:4
14:47:24.28 (71594141)|VARIABLE_ASSIGNMENT|[54]|this.Birthday__c|"2011-03-21T00:00:00.000Z"|0x1bc1c7c6
14:47:24.28 (71613175)|HEAP_ALLOCATE|[54]|Bytes:28
14:47:24.28 (71619625)|HEAP_ALLOCATE|[54]|Bytes:28
14:47:24.28 (71663824)|VARIABLE_ASSIGNMENT|[54]|this.Score1__c|4|0x1bc1c7c6
14:47:24.28 (71686584)|HEAP_ALLOCATE|[54]|Bytes:28
14:47:24.28 (71693427)|HEAP_ALLOCATE|[54]|Bytes:28
14:47:24.28 (71725770)|VARIABLE_ASSIGNMENT|[54]|this.Score2__c|0|0x1bc1c7c6
14:47:24.28 (71737571)|HEAP_ALLOCATE|[54]|Bytes:28
14:47:24.28 (71741358)|HEAP_ALLOCATE|[54]|Bytes:28
14:47:24.28 (71763666)|VARIABLE_ASSIGNMENT|[54]|this.Score3__c|9|0x1bc1c7c6
14:47:24.28 (71795666)|HEAP_ALLOCATE|[62]|Bytes:8
14:47:24.28 (71845526)|VARIABLE_ASSIGNMENT|[54]|this.Class__c|"a0H0o00000fKa5EEAS"|0x1bc1c7c6
14:47:24.28 (71894171)|HEAP_ALLOCATE|[EXTERNAL]|Bytes:4
14:47:24.28 (71906713)|STATEMENT_EXECUTE|[63]
14:47:24.28 (71971580)|DML_BEGIN|[63]|Op:Insert|Type:Student__c|Rows:5
14:47:24.28 (72020819)|HEAP_ALLOCATE|[EXTERNAL]|Bytes:24
14:47:24.28 (76351550)|CODE_UNIT_STARTED|[EXTERNAL]|01q0o000000jKrN|triggerStudent on Student trigger event BeforeInsert|__sfdc_trigger/triggerStudent
14:47:24.28 (76406730)|HEAP_ALLOCATE|[EXTERNAL]|Bytes:24
14:47:24.28 (78662111)|HEAP_ALLOCATE|[EXTERNAL]|Bytes:8
14:47:24.28 (78681276)|VARIABLE_SCOPE_BEGIN|[1]|this|triggerStudent|true|false
14:47:24.28 (78750746)|VARIABLE_ASSIGNMENT|[1]|this|{}|0x8ef87a8
14:47:24.28 (78821968)|HEAP_ALLOCATE|[EXTERNAL]|Bytes:8
14:47:24.28 (78868982)|VARIABLE_SCOPE_BEGIN|[1]|this|triggerStudent|true|false
14:47:24.28 (78885303)|VARIABLE_ASSIGNMENT|[1]|this|{}|0x8ef87a8
14:47:24.28 (78892667)|STATEMENT_EXECUTE|[1]
14:47:24.28 (78894859)|STATEMENT_EXECUTE|[3]
14:47:24.28 (78902216)|HEAP_ALLOCATE|[3]|Bytes:15
14:47:24.28 (78908773)|HEAP_ALLOCATE|[3]|Bytes:20
14:47:24.28 (78912606)|HEAP_ALLOCATE|[3]|Bytes:6
14:47:24.28 (78945181)|METHOD_ENTRY|[1]|01p0o00000GMOB6|TriggerHandle.TriggerHandle()
14:47:24.28 (78950786)|STATEMENT_EXECUTE|[1]
14:47:24.28 (78954568)|STATEMENT_EXECUTE|[1]
14:47:24.28 (79351354)|SYSTEM_MODE_ENTER|false
14:47:24.28 (79367070)|HEAP_ALLOCATE|[3]|Bytes:5
14:47:24.28 (79373174)|STATEMENT_EXECUTE|[230]
14:47:24.28 (79378076)|SYSTEM_MODE_EXIT|false
14:47:24.28 (79388808)|METHOD_EXIT|[1]|TriggerHandle
14:47:24.28 (79401686)|HEAP_ALLOCATE|[3]|Bytes:4
14:47:24.28 (79423993)|CONSTRUCTOR_ENTRY|[3]|01p0o00000GMOB6|<init>()|TriggerHandle
14:47:24.28 (79449592)|VARIABLE_SCOPE_BEGIN|[3]|this|TriggerHandle|true|false
14:47:24.28 (79472196)|VARIABLE_ASSIGNMENT|[3]|this|{}|0x5805e6a7
14:47:24.28 (79488786)|SYSTEM_MODE_ENTER|false
14:47:24.28 (79494804)|HEAP_ALLOCATE|[EXTERNAL]|Bytes:5
14:47:24.28 (79499621)|STATEMENT_EXECUTE|[1]
14:47:24.28 (79502666)|HEAP_ALLOCATE|[EXTERNAL]|Bytes:5
14:47:24.28 (79512521)|HEAP_ALLOCATE|[EXTERNAL]|Bytes:6
14:47:24.28 (79556448)|STATEMENT_EXECUTE|[3]
14:47:24.28 (79560046)|SYSTEM_MODE_EXIT|false
14:47:24.28 (79567625)|CONSTRUCTOR_EXIT|[3]|01p0o00000GMOB6|<init>()|TriggerHandle
14:47:24.28 (79599944)|VARIABLE_ASSIGNMENT|[3]|this.handle|0x5805e6a7|0x8ef87a8
14:47:24.28 (79612125)|STATEMENT_EXECUTE|[5]
14:47:24.28 (79617497)|STATEMENT_EXECUTE|[10]
14:47:24.28 (79619094)|STATEMENT_EXECUTE|[11]
14:47:24.28 (79676847)|METHOD_ENTRY|[11]|01p0o00000GMOB6|TriggerHandle.onBeforeInsert(List<Student__c>)
14:47:24.28 (79700274)|VARIABLE_SCOPE_BEGIN|[5]|this|TriggerHandle|true|false
14:47:24.28 (79715277)|VARIABLE_ASSIGNMENT|[5]|this|{}|0x5805e6a7
14:47:24.28 (79721839)|VARIABLE_SCOPE_BEGIN|[5]|newStudentList|List<Student__c>|true|false
14:47:24.28 (82182736)|VARIABLE_ASSIGNMENT|[5]|newStudentList|[{"AverageScore__c":6.67,"IsDeleted":false,"Score1__c":4.00,"Score2__c":7.00,"Birthday__c":"2011-03-21T00:00:00.000Z","Namel__c":"truong","Gender__c":true,"Score3__c":9.00,"Class__c":"a0H0o00000fKa5EEAS","State__c":"Passed","Name":"truong vy 1","Namef__c":"vy 1"},{"AverageScore__c":6.67,"IsDeleted":false,"Score1__c":4.00,"Score2__c":7.00,"Birthday__c":"2011-03-21T00:00:00.000Z","Namel__c":"truong","Gender__c":true,"Score3__c":9.00,"Class__c":"a0H0o00000fKa5EEAS","State__c":"Passed","Name":"truong vy 2","Namef__c":"vy 2"},{"AverageScore__c":6.67,"IsDeleted":false,"Score1__c":4.00,"Score2__c":7.00,"Birthday__c":"2011-03-21T00:00:00.000Z","Namel__c":"truong","Gender__c":true,"Score3__c":9.00,"Class__c":"a0H0o00000fKa5EEAS","State__c":"Passed","Name":"truong vy 3","Namef__c":"vy 3"},{"AverageScore__c":3.67,"IsDeleted":false,"Score1__c":4.00,"Score2__c":7.00,"Birthday__c":"2011-03-21T00:00:00.000Z","Namel__c":"truong","Gender__c":true,"Score3__c":0.00,"Class__c":"a0H0o00000fKa5EEAS","State__c":"Failed","Name":"truong vy 4","Namef__c":"vy 4"},{"AverageScore__c":4.33,"IsDeleted":false,"Score1__c":4.00,"Score2__c":0.00,"Birthday__c":"2011-03-21T00:00:00.000Z","Namel__c":"truong","Gender__c":true,"Score3__c":9.00,"Class__c":"a0H0o00000fKa5EEAS","State__c":"Failed","Name":"truong vy 5","Namef__c":"vy 5"}]|0x4caf4c8
14:47:24.28 (82232090)|SYSTEM_MODE_ENTER|false
14:47:24.28 (82241197)|HEAP_ALLOCATE|[7]|Bytes:5
14:47:24.28 (82247209)|STATEMENT_EXECUTE|[6]
14:47:24.28 (82249085)|STATEMENT_EXECUTE|[7]
14:47:24.28 (82250490)|STATEMENT_EXECUTE|[8]
14:47:24.28 (82463430)|HEAP_ALLOCATE|[9]|Bytes:5
14:47:24.28 (82484147)|HEAP_ALLOCATE|[9]|Bytes:4
14:47:24.28 (82493668)|VARIABLE_SCOPE_BEGIN|[9]|s|Student__c|true|false
14:47:24.28 (82746321)|VARIABLE_ASSIGNMENT|[9]|s|{"AverageScore__c":6.67,"IsDeleted":false,"Score1__c":4.00,"Score2__c":7.00,"Birthday__c":"2011-03-21T00:00:00.000Z","Namel__c":"truong","Gender__c":true,"Score3__c":9.00,"Class__c":"a0H0o00000fKa5EEAS","State__c":"Passed","Name":"truong vy 1","Namef__c":"vy 1"}|0x581d4c42
14:47:24.28 (82757326)|STATEMENT_EXECUTE|[10]
14:47:24.28 (82800130)|HEAP_ALLOCATE|[12]|Bytes:28
14:47:24.28 (82884196)|HEAP_ALLOCATE|[16]|Bytes:28
14:47:24.28 (82932582)|HEAP_ALLOCATE|[20]|Bytes:28
14:47:24.28 (82975915)|STATEMENT_EXECUTE|[29]
14:47:24.28 (82978264)|STATEMENT_EXECUTE|[31]
14:47:24.28 (83013994)|HEAP_ALLOCATE|[31]|Bytes:4
14:47:24.28 (83041660)|VARIABLE_SCOPE_BEGIN|[31]|age|Integer|false|false
14:47:24.28 (83050659)|HEAP_ALLOCATE|[31]|Bytes:4
14:47:24.28 (83059005)|VARIABLE_ASSIGNMENT|[31]|age|-8
14:47:24.28 (83068242)|STATEMENT_EXECUTE|[32]
14:47:24.28 (83078770)|HEAP_ALLOCATE|[9]|Bytes:5
14:47:24.28 (83091566)|HEAP_ALLOCATE|[9]|Bytes:4
14:47:24.28 (83098497)|VARIABLE_SCOPE_BEGIN|[9]|s|Student__c|true|false
14:47:24.28 (83299070)|VARIABLE_ASSIGNMENT|[9]|s|{"AverageScore__c":6.67,"IsDeleted":false,"Score1__c":4.00,"Score2__c":7.00,"Birthday__c":"2011-03-21T00:00:00.000Z","Namel__c":"truong","Gender__c":true,"Score3__c":9.00,"Class__c":"a0H0o00000fKa5EEAS","State__c":"Passed","Name":"truong vy 2","Namef__c":"vy 2"}|0x45d508b1
14:47:24.28 (83309920)|STATEMENT_EXECUTE|[10]
14:47:24.28 (83321219)|HEAP_ALLOCATE|[12]|Bytes:28
14:47:24.28 (83347520)|HEAP_ALLOCATE|[16]|Bytes:28
14:47:24.28 (83365923)|HEAP_ALLOCATE|[20]|Bytes:28
14:47:24.28 (83381658)|STATEMENT_EXECUTE|[29]
14:47:24.28 (83383444)|STATEMENT_EXECUTE|[31]
14:47:24.28 (83395319)|HEAP_ALLOCATE|[31]|Bytes:4
14:47:24.28 (83411869)|VARIABLE_SCOPE_BEGIN|[31]|age|Integer|false|false
14:47:24.28 (83418777)|HEAP_ALLOCATE|[31]|Bytes:4
14:47:24.28 (83425332)|VARIABLE_ASSIGNMENT|[31]|age|-8
14:47:24.28 (83432300)|STATEMENT_EXECUTE|[32]
14:47:24.28 (83441144)|HEAP_ALLOCATE|[9]|Bytes:5
14:47:24.28 (83452956)|HEAP_ALLOCATE|[9]|Bytes:4
14:47:24.28 (83459391)|VARIABLE_SCOPE_BEGIN|[9]|s|Student__c|true|false
14:47:24.28 (83635995)|VARIABLE_ASSIGNMENT|[9]|s|{"AverageScore__c":6.67,"IsDeleted":false,"Score1__c":4.00,"Score2__c":7.00,"Birthday__c":"2011-03-21T00:00:00.000Z","Namel__c":"truong","Gender__c":true,"Score3__c":9.00,"Class__c":"a0H0o00000fKa5EEAS","State__c":"Passed","Name":"truong vy 3","Namef__c":"vy 3"}|0x3361d873
14:47:24.28 (83645638)|STATEMENT_EXECUTE|[10]
14:47:24.28 (83655534)|HEAP_ALLOCATE|[12]|Bytes:28
14:47:24.28 (83680714)|HEAP_ALLOCATE|[16]|Bytes:28
14:47:24.28 (83698627)|HEAP_ALLOCATE|[20]|Bytes:28
14:47:24.28 (83714339)|STATEMENT_EXECUTE|[29]
14:47:24.28 (83716307)|STATEMENT_EXECUTE|[31]
14:47:24.28 (83727167)|HEAP_ALLOCATE|[31]|Bytes:4
14:47:24.28 (83743148)|VARIABLE_SCOPE_BEGIN|[31]|age|Integer|false|false
14:47:24.28 (83749812)|HEAP_ALLOCATE|[31]|Bytes:4
14:47:24.28 (83756395)|VARIABLE_ASSIGNMENT|[31]|age|-8
14:47:24.28 (83763256)|STATEMENT_EXECUTE|[32]
14:47:24.28 (83772025)|HEAP_ALLOCATE|[9]|Bytes:5
14:47:24.28 (83782711)|HEAP_ALLOCATE|[9]|Bytes:4
14:47:24.28 (83788718)|VARIABLE_SCOPE_BEGIN|[9]|s|Student__c|true|false
14:47:24.28 (83962047)|VARIABLE_ASSIGNMENT|[9]|s|{"AverageScore__c":3.67,"IsDeleted":false,"Score1__c":4.00,"Score2__c":7.00,"Birthday__c":"2011-03-21T00:00:00.000Z","Namel__c":"truong","Gender__c":true,"Score3__c":0.00,"Class__c":"a0H0o00000fKa5EEAS","State__c":"Failed","Name":"truong vy 4","Namef__c":"vy 4"}|0x805c22d
14:47:24.28 (83971394)|STATEMENT_EXECUTE|[10]
14:47:24.28 (83980971)|HEAP_ALLOCATE|[12]|Bytes:28
14:47:24.28 (84005603)|HEAP_ALLOCATE|[16]|Bytes:28
14:47:24.28 (84027113)|HEAP_ALLOCATE|[20]|Bytes:28
14:47:24.28 (84032906)|HEAP_ALLOCATE|[20]|Bytes:28
14:47:24.28 (84049798)|STATEMENT_EXECUTE|[29]
14:47:24.28 (84051514)|STATEMENT_EXECUTE|[31]
14:47:24.28 (84062112)|HEAP_ALLOCATE|[31]|Bytes:4
14:47:24.28 (84078352)|VARIABLE_SCOPE_BEGIN|[31]|age|Integer|false|false
14:47:24.28 (84085504)|HEAP_ALLOCATE|[31]|Bytes:4
14:47:24.28 (84091922)|VARIABLE_ASSIGNMENT|[31]|age|-8
14:47:24.28 (84098744)|STATEMENT_EXECUTE|[32]
14:47:24.28 (84107388)|HEAP_ALLOCATE|[9]|Bytes:5
14:47:24.28 (84117957)|HEAP_ALLOCATE|[9]|Bytes:4
14:47:24.28 (84124018)|VARIABLE_SCOPE_BEGIN|[9]|s|Student__c|true|false
14:47:24.28 (84301448)|VARIABLE_ASSIGNMENT|[9]|s|{"AverageScore__c":4.33,"IsDeleted":false,"Score1__c":4.00,"Score2__c":0.00,"Birthday__c":"2011-03-21T00:00:00.000Z","Namel__c":"truong","Gender__c":true,"Score3__c":9.00,"Class__c":"a0H0o00000fKa5EEAS","State__c":"Failed","Name":"truong vy 5","Namef__c":"vy 5"}|0x74579476
14:47:24.28 (84311234)|STATEMENT_EXECUTE|[10]
14:47:24.28 (84320559)|HEAP_ALLOCATE|[12]|Bytes:28
14:47:24.28 (84345187)|HEAP_ALLOCATE|[16]|Bytes:28
14:47:24.28 (84351235)|HEAP_ALLOCATE|[16]|Bytes:28
14:47:24.28 (84368766)|HEAP_ALLOCATE|[20]|Bytes:28
14:47:24.28 (84383722)|STATEMENT_EXECUTE|[29]
14:47:24.28 (84385371)|STATEMENT_EXECUTE|[31]
14:47:24.28 (84395516)|HEAP_ALLOCATE|[31]|Bytes:4
14:47:24.28 (84414640)|VARIABLE_SCOPE_BEGIN|[31]|age|Integer|false|false
14:47:24.28 (84421672)|HEAP_ALLOCATE|[31]|Bytes:4
14:47:24.28 (84428807)|VARIABLE_ASSIGNMENT|[31]|age|-8
14:47:24.28 (84435779)|STATEMENT_EXECUTE|[32]
14:47:24.28 (84444288)|HEAP_ALLOCATE|[9]|Bytes:5
14:47:24.28 (84454860)|VARIABLE_ASSIGNMENT|[9]|s|null|
14:47:24.28 (84462728)|SYSTEM_MODE_EXIT|false
14:47:24.28 (84473222)|METHOD_EXIT|[11]|01p0o00000GMOB6|TriggerHandle.onBeforeInsert(List<Student__c>)
14:47:24.84 (84500764)|CUMULATIVE_LIMIT_USAGE
14:47:24.84 (84500764)|LIMIT_USAGE_FOR_NS|(default)|
  Number of SOQL queries: 1 out of 100
  Number of query rows: 4 out of 50000
  Number of SOSL queries: 0 out of 20
  Number of DML statements: 2 out of 150
  Number of DML rows: 9 out of 10000
  Maximum CPU time: 0 out of 10000
  Maximum heap size: 0 out of 6000000
  Number of callouts: 0 out of 100
  Number of Email Invocations: 0 out of 10
  Number of future calls: 0 out of 50
  Number of queueable jobs added to the queue: 0 out of 50
  Number of Mobile Apex push calls: 0 out of 10

14:47:24.84 (84500764)|CUMULATIVE_LIMIT_USAGE_END

14:47:24.28 (85767545)|CODE_UNIT_FINISHED|triggerStudent on Student trigger event BeforeInsert|__sfdc_trigger/triggerStudent
14:47:24.28 (111440665)|CODE_UNIT_STARTED|[EXTERNAL]|01q0o000000jKrN|triggerStudent on Student trigger event AfterInsert|__sfdc_trigger/triggerStudent
14:47:24.28 (111486596)|HEAP_ALLOCATE|[EXTERNAL]|Bytes:24
14:47:24.28 (111590325)|HEAP_ALLOCATE|[EXTERNAL]|Bytes:8
14:47:24.28 (111601958)|VARIABLE_SCOPE_BEGIN|[1]|this|triggerStudent|true|false
14:47:24.28 (111633015)|VARIABLE_ASSIGNMENT|[1]|this|{}|0x79016995
14:47:24.28 (111667198)|HEAP_ALLOCATE|[EXTERNAL]|Bytes:8
14:47:24.28 (111673880)|VARIABLE_SCOPE_BEGIN|[1]|this|triggerStudent|true|false
14:47:24.28 (111685813)|VARIABLE_ASSIGNMENT|[1]|this|{}|0x79016995
14:47:24.28 (111693045)|STATEMENT_EXECUTE|[1]
14:47:24.28 (111695159)|STATEMENT_EXECUTE|[3]
14:47:24.28 (111699044)|HEAP_ALLOCATE|[3]|Bytes:4
14:47:24.28 (111712059)|CONSTRUCTOR_ENTRY|[3]|01p0o00000GMOB6|<init>()|TriggerHandle
14:47:24.28 (111721434)|VARIABLE_SCOPE_BEGIN|[3]|this|TriggerHandle|true|false
14:47:24.28 (111733854)|VARIABLE_ASSIGNMENT|[3]|this|{}|0x54b777a7
14:47:24.28 (112163184)|SYSTEM_MODE_ENTER|false
14:47:24.28 (112175617)|HEAP_ALLOCATE|[EXTERNAL]|Bytes:5
14:47:24.28 (112181395)|STATEMENT_EXECUTE|[1]
14:47:24.28 (112185609)|HEAP_ALLOCATE|[EXTERNAL]|Bytes:5
14:47:24.28 (112209703)|STATEMENT_EXECUTE|[3]
14:47:24.28 (112213223)|SYSTEM_MODE_EXIT|false
14:47:24.28 (112221379)|CONSTRUCTOR_EXIT|[3]|01p0o00000GMOB6|<init>()|TriggerHandle
14:47:24.28 (112238796)|VARIABLE_ASSIGNMENT|[3]|this.handle|0x54b777a7|0x79016995
14:47:24.28 (112247351)|STATEMENT_EXECUTE|[15]
14:47:24.28 (112259760)|STATEMENT_EXECUTE|[19]
14:47:24.28 (112261402)|STATEMENT_EXECUTE|[20]
14:47:24.28 (112306137)|METHOD_ENTRY|[20]|01p0o00000GMOB6|TriggerHandle.onAfterInsert(List<Student__c>)
14:47:24.28 (112337668)|VARIABLE_SCOPE_BEGIN|[44]|this|TriggerHandle|true|false
14:47:24.28 (112353722)|VARIABLE_ASSIGNMENT|[44]|this|{}|0x54b777a7
14:47:24.28 (112359860)|VARIABLE_SCOPE_BEGIN|[44]|newStudentList|List<Student__c>|true|false
14:47:24.28 (114357759)|VARIABLE_ASSIGNMENT|[44]|newStudentList|[{"LastModifiedDate":"2019-06-06T07:47:24.000Z","StudentId__c":"HS100151","IsDeleted":false,"Score1__c":4.00,"Score2__c":7.00,"Gender__c":true,"Score3__c":9.00,"Class__c":"a0H0o00000fKa5EEAS","Name":"truong vy 1","SystemModstamp":"2019-06-06T07:47:24.000Z","AverageScore__c":6.67,"CreatedById":"0050o00000WkyGGAAZ","Birthday__c":"2011-03-21T00:00:00.000Z","Namel__c":"truong","CreatedDate":"2019-06-06T07:47:24.000Z","Id":"a0I0o000019bWjvEAE","LastModifiedById":"0050o00000WkyGGAAZ","State__c":"Passed","Namef__c":"vy 1"},{"LastModifiedDate":"2019-06-06T07:47:24.000Z","StudentId__c":"HS100152","IsDeleted":false,"Score1__c":4.00,"Score2__c":7.00,"Gender__c":true,"Score3__c":9.00,"Class__c":"a0H0o00000fKa5EEAS","Name":"truong vy 2","SystemModstamp":"2019-06-06T07:47:24.000Z","AverageScore__c":6.67,"CreatedById":"0050o00000WkyGGAAZ","Birthday__c":"2011-03-21T00:00:00.000Z","Namel__c":"truong","CreatedDate":"2019-06-06T07:47:24.000Z","Id":"a0I0o000019bWjwEAE","LastModifiedById":"0050o00000WkyGGAAZ","State__c":"Passed","Namef__c":"vy 2"},{"LastModifiedDate":"2019-06-06T07:47:24.000Z","StudentId__c":"HS100153","IsDeleted":false,"Score1__c":4.00,"Score2__c":7.00,"Gender__c":true,"Score3__c":9.00,"Class__c":"a0H0o00000fKa5EEAS","Name":"truong vy 3","SystemModstamp":"2019-06-06T07:47:24.000Z","AverageScore__c":6.67,"CreatedById":"0050o00000WkyGGAAZ","Birthday__c":"2011-03-21T00:00:00.000Z","Namel__c":"truong","CreatedDate":"2019-06-06T07:47:24.000Z","Id":"a0I0o000019bWjxEAE","LastModifiedById":"0050o00000WkyGGAAZ","State__c":"Passed","Namef__c":"vy 3"},{"LastModifiedDate":"2019-06-06T07:47:24.000Z","StudentId__c":"HS100154","IsDeleted":false,"Score1__c":4.00,"Score2__c":7.00,"Gender__c":true,"Score3__c":0.00,"Class__c":"a0H0o00000fKa5EEAS","Name":"truong vy 4","SystemModstamp":"2019-06-06T07:47:24.000Z","AverageScore__c":3.67,"CreatedById":"0050o00000WkyGGAAZ","Birthday__c":"2011-03-21T00:00:00.000Z","Namel__c":"truong","CreatedDate":"2019-06-06T07:47:24.000Z","Id":"a0I0o000019bWjyEAE","LastModifiedById":"0050o00000WkyGGAAZ","State__c":"Failed","Namef__c":"vy 4"},{"LastModifiedDate":"2019-06-06T07:47:24.000Z","StudentId__c":"HS100155","IsDeleted":false,"Score1__c":4.00,"Score2__c":0.00,"Gender__c":true,"Score3__c":9.00,"Class__c":"a0H0o00000fKa5EEAS","Name":"truong vy 5","SystemModstamp":"2019-06-06T07:47:24.000Z","AverageScore__c":4.33,"CreatedById":"0050o00000WkyGGAAZ","Birthday__c":"2011-03-21T00:00:00.000Z","Namel__c":"truong","CreatedDate":"2019-06-06T07:47:24.000Z","Id":"a0I0o000019bWjzEAE","LastModifiedById":"0050o00000WkyGGAAZ","State__c":"Failed","Namef__c":"vy 5"}]|0x9aa8d21
14:47:24.28 (114412891)|SYSTEM_MODE_ENTER|false
14:47:24.28 (114422817)|HEAP_ALLOCATE|[46]|Bytes:5
14:47:24.28 (114428513)|STATEMENT_EXECUTE|[45]
14:47:24.28 (114430515)|STATEMENT_EXECUTE|[46]
14:47:24.28 (114438729)|VARIABLE_SCOPE_BEGIN|[46]|sp|System.Savepoint|true|false
14:47:24.28 (114456266)|VARIABLE_ASSIGNMENT|[46]|sp|null|
14:47:24.28 (114460521)|STATEMENT_EXECUTE|[47]
14:47:24.28 (114462111)|STATEMENT_EXECUTE|[48]
14:47:24.28 (114463572)|STATEMENT_EXECUTE|[49]
14:47:24.28 (115682720)|USER_DEBUG|[49]|DEBUG|(Student__c:{Id=a0I0o000019bWjvEAE, IsDeleted=false, Name=truong vy 1, CreatedDate=2019-06-06 07:47:24, CreatedById=0050o00000WkyGGAAZ, LastModifiedDate=2019-06-06 07:47:24, LastModifiedById=0050o00000WkyGGAAZ, SystemModstamp=2019-06-06 07:47:24, StudentId__c=HS100151, Namef__c=vy 1, Namel__c=truong, Birthday__c=2011-03-21 00:00:00, Gender__c=true, Score1__c=4.00, Score2__c=7.00, Score3__c=9.00, AverageScore__c=6.67, State__c=Passed, StudentCode__c=null, Class__c=a0H0o00000fKa5EEAS}, Student__c:{Id=a0I0o000019bWjwEAE, IsDeleted=false, Name=truong vy 2, CreatedDate=2019-06-06 07:47:24, CreatedById=0050o00000WkyGGAAZ, LastModifiedDate=2019-06-06 07:47:24, LastModifiedById=0050o00000WkyGGAAZ, SystemModstamp=2019-06-06 07:47:24, StudentId__c=HS100152, Namef__c=vy 2, Namel__c=truong, Birthday__c=2011-03-21 00:00:00, Gender__c=true, Score1__c=4.00, Score2__c=7.00, Score3__c=9.00, AverageScore__c=6.67, State__c=Passed, StudentCode__c=null, Class__c=a0H0o00000fKa5EEAS}, Student__c:{Id=a0I0o000019bWjxEAE, IsDeleted=false, Name=truong vy 3, CreatedDate=2019-06-06 07:47:24, CreatedById=0050o00000WkyGGAAZ, LastModifiedDate=2019-06-06 07:47:24, LastModifiedById=0050o00000WkyGGAAZ, SystemModstamp=2019-06-06 07:47:24, StudentId__c=HS100153, Namef__c=vy 3, Namel__c=truong, Birthday__c=2011-03-21 00:00:00, Gender__c=true, Score1__c=4.00, Score2__c=7.00, Score3__c=9.00, AverageScore__c=6.67, State__c=Passed, StudentCode__c=null, Class__c=a0H0o00000fKa5EEAS}, Student__c:{Id=a0I0o000019bWjyEAE, IsDeleted=false, Name=truong vy 4, CreatedDate=2019-06-06 07:47:24, CreatedById=0050o00000WkyGGAAZ, LastModifiedDate=2019-06-06 07:47:24, LastModifiedById=0050o00000WkyGGAAZ, SystemModstamp=2019-06-06 07:47:24, StudentId__c=HS100154, Namef__c=vy 4, Namel__c=truong, Birthday__c=2011-03-21 00:00:00, Gender__c=true, Score1__c=4.00, Score2__c=7.00, Score3__c=0.00, AverageScore__c=3.67, State__c=Failed, StudentCode__c=null, Class__c=a0H0o00000fKa5EEAS}, Student__c:{Id=a0I0o000019bWjzEAE, IsDeleted=false, Name=truong vy 5, CreatedDate=2019-06-06 07:47:24, CreatedById=0050o00000WkyGGAAZ, LastModifiedDate=2019-06-06 07:47:24, LastModifiedById=0050o00000WkyGGAAZ, SystemModstamp=2019-06-06 07:47:24, StudentId__c=HS100155, Namef__c=vy 5, Namel__c=truong, Birthday__c=2011-03-21 00:00:00, Gender__c=true, Score1__c=4.00, Score2__c=0.00, Score3__c=9.00, AverageScore__c=4.33, State__c=Failed, StudentCode__c=null, Class__c=a0H0o00000fKa5EEAS})
14:47:24.28 (115724818)|STATEMENT_EXECUTE|[50]
14:47:24.28 (115976615)|SAVEPOINT_SET|[50]|SavepointValue0
14:47:24.28 (115992143)|HEAP_ALLOCATE|[50]|Bytes:16
14:47:24.28 (116303245)|VARIABLE_ASSIGNMENT|[50]|sp|"common.apex.runtime.impl.ApexUserSavepoint@7b150040"|0x7b150040
14:47:24.28 (116313309)|STATEMENT_EXECUTE|[51]
14:47:24.28 (116318690)|HEAP_ALLOCATE|[51]|Bytes:6
14:47:24.28 (116343116)|METHOD_ENTRY|[51]|01p0o00000GMOB6|TriggerHandle.executeNOStudentsUpdate(List<Student__c>, String)
14:47:24.28 (116374067)|VARIABLE_SCOPE_BEGIN|[191]|this|TriggerHandle|true|false
14:47:24.28 (116392662)|VARIABLE_ASSIGNMENT|[191]|this|{}|0x54b777a7
14:47:24.28 (116399410)|VARIABLE_SCOPE_BEGIN|[191]|studentList|List<Student__c>|true|false
14:47:24.28 (117092417)|VARIABLE_ASSIGNMENT|[191]|studentList|[{"LastModifiedDate":"2019-06-06T07:47:24.000Z","StudentId__c":"HS100151","IsDeleted":false,"Score1__c":4.00,"Score2__c":7.00,"Gender__c":true,"Score3__c":9.00,"Class__c":"a0H0o00000fKa5EEAS","Name":"truong vy 1","SystemModstamp":"2019-06-06T07:47:24.000Z","AverageScore__c":6.67,"CreatedById":"0050o00000WkyGGAAZ","Birthday__c":"2011-03-21T00:00:00.000Z","Namel__c":"truong","CreatedDate":"2019-06-06T07:47:24.000Z","Id":"a0I0o000019bWjvEAE","LastModifiedById":"0050o00000WkyGGAAZ","State__c":"Passed","Namef__c":"vy 1"},{"LastModifiedDate":"2019-06-06T07:47:24.000Z","StudentId__c":"HS100152","IsDeleted":false,"Score1__c":4.00,"Score2__c":7.00,"Gender__c":true,"Score3__c":9.00,"Class__c":"a0H0o00000fKa5EEAS","Name":"truong vy 2","SystemModstamp":"2019-06-06T07:47:24.000Z","AverageScore__c":6.67,"CreatedById":"0050o00000WkyGGAAZ","Birthday__c":"2011-03-21T00:00:00.000Z","Namel__c":"truong","CreatedDate":"2019-06-06T07:47:24.000Z","Id":"a0I0o000019bWjwEAE","LastModifiedById":"0050o00000WkyGGAAZ","State__c":"Passed","Namef__c":"vy 2"},{"LastModifiedDate":"2019-06-06T07:47:24.000Z","StudentId__c":"HS100153","IsDeleted":false,"Score1__c":4.00,"Score2__c":7.00,"Gender__c":true,"Score3__c":9.00,"Class__c":"a0H0o00000fKa5EEAS","Name":"truong vy 3","SystemModstamp":"2019-06-06T07:47:24.000Z","AverageScore__c":6.67,"CreatedById":"0050o00000WkyGGAAZ","Birthday__c":"2011-03-21T00:00:00.000Z","Namel__c":"truong","CreatedDate":"2019-06-06T07:47:24.000Z","Id":"a0I0o000019bWjxEAE","LastModifiedById":"0050o00000WkyGGAAZ","State__c":"Passed","Namef__c":"vy 3"},{"LastModifiedDate":"2019-06-06T07:47:24.000Z","StudentId__c":"HS100154","IsDeleted":false,"Score1__c":4.00,"Score2__c":7.00,"Gender__c":true,"Score3__c":0.00,"Class__c":"a0H0o00000fKa5EEAS","Name":"truong vy 4","SystemModstamp":"2019-06-06T07:47:24.000Z","AverageScore__c":3.67,"CreatedById":"0050o00000WkyGGAAZ","Birthday__c":"2011-03-21T00:00:00.000Z","Namel__c":"truong","CreatedDate":"2019-06-06T07:47:24.000Z","Id":"a0I0o000019bWjyEAE","LastModifiedById":"0050o00000WkyGGAAZ","State__c":"Failed","Namef__c":"vy 4"},{"LastModifiedDate":"2019-06-06T07:47:24.000Z","StudentId__c":"HS100155","IsDeleted":false,"Score1__c":4.00,"Score2__c":0.00,"Gender__c":true,"Score3__c":9.00,"Class__c":"a0H0o00000fKa5EEAS","Name":"truong vy 5","SystemModstamp":"2019-06-06T07:47:24.000Z","AverageScore__c":4.33,"CreatedById":"0050o00000WkyGGAAZ","Birthday__c":"2011-03-21T00:00:00.000Z","Namel__c":"truong","CreatedDate":"2019-06-06T07:47:24.000Z","Id":"a0I0o000019bWjzEAE","LastModifiedById":"0050o00000WkyGGAAZ","State__c":"Failed","Namef__c":"vy 5"}]|0x9aa8d21
14:47:24.28 (117130645)|VARIABLE_SCOPE_BEGIN|[191]|action|String|false|false
14:47:24.28 (117140600)|VARIABLE_ASSIGNMENT|[191]|action|"insert"
14:47:24.28 (117159064)|HEAP_ALLOCATE|[193]|Bytes:5
14:47:24.28 (117165350)|STATEMENT_EXECUTE|[192]
14:47:24.28 (117167287)|STATEMENT_EXECUTE|[193]
14:47:24.28 (117184004)|HEAP_ALLOCATE|[193]|Bytes:4
14:47:24.28 (117202199)|VARIABLE_SCOPE_BEGIN|[193]|classIDMap|Map<Id,Integer>|true|false
14:47:24.28 (117221111)|VARIABLE_ASSIGNMENT|[193]|classIDMap|{}|0x643b7735
14:47:24.28 (117272395)|HEAP_ALLOCATE|[196]|Bytes:5
14:47:24.28 (117291583)|VARIABLE_SCOPE_BEGIN|[196]|s|Student__c|true|false
14:47:24.28 (117448171)|VARIABLE_ASSIGNMENT|[196]|s|{"LastModifiedDate":"2019-06-06T07:47:24.000Z","StudentId__c":"HS100151","IsDeleted":false,"Score1__c":4.00,"Score2__c":7.00,"Gender__c":true,"Score3__c":9.00,"Class__c":"a0H0o00000fKa5EEAS","Name":"truong vy 1","SystemModstamp":"2019-06-06T07:47:24.000Z","AverageScore__c":6.67,"CreatedById":"0050o00000WkyGGAAZ","Birthday__c":"2011-03-21T00:00:00.000Z","Namel__c":"truong","CreatedDate":"2019-06-06T07:47:24.000Z","Id":"a0I0o000019bWjvEAE","LastModifiedById":"0050o00000WkyGGAAZ","State__c":"Passed","Namef__c":"vy 1"}|0x39a53d16
14:47:24.28 (117461800)|STATEMENT_EXECUTE|[197]
14:47:24.28 (117533767)|STATEMENT_EXECUTE|[203]
14:47:24.28 (117536366)|STATEMENT_EXECUTE|[204]
14:47:24.28 (117559267)|HEAP_ALLOCATE|[204]|Bytes:4
14:47:24.28 (117570462)|HEAP_ALLOCATE|[EXTERNAL]|Bytes:-4
14:47:24.28 (117586697)|HEAP_ALLOCATE|[196]|Bytes:5
14:47:24.28 (117601360)|VARIABLE_SCOPE_BEGIN|[196]|s|Student__c|true|false
14:47:24.28 (117754632)|VARIABLE_ASSIGNMENT|[196]|s|{"LastModifiedDate":"2019-06-06T07:47:24.000Z","StudentId__c":"HS100152","IsDeleted":false,"Score1__c":4.00,"Score2__c":7.00,"Gender__c":true,"Score3__c":9.00,"Class__c":"a0H0o00000fKa5EEAS","Name":"truong vy 2","SystemModstamp":"2019-06-06T07:47:24.000Z","AverageScore__c":6.67,"CreatedById":"0050o00000WkyGGAAZ","Birthday__c":"2011-03-21T00:00:00.000Z","Namel__c":"truong","CreatedDate":"2019-06-06T07:47:24.000Z","Id":"a0I0o000019bWjwEAE","LastModifiedById":"0050o00000WkyGGAAZ","State__c":"Passed","Namef__c":"vy 2"}|0x6ae12d62
14:47:24.28 (117767429)|STATEMENT_EXECUTE|[197]
14:47:24.28 (117783628)|STATEMENT_EXECUTE|[199]
14:47:24.28 (117785632)|STATEMENT_EXECUTE|[200]
14:47:24.28 (117816517)|HEAP_ALLOCATE|[200]|Bytes:4
14:47:24.28 (117833963)|HEAP_ALLOCATE|[196]|Bytes:5
14:47:24.28 (117847636)|VARIABLE_SCOPE_BEGIN|[196]|s|Student__c|true|false
14:47:24.28 (117993995)|VARIABLE_ASSIGNMENT|[196]|s|{"LastModifiedDate":"2019-06-06T07:47:24.000Z","StudentId__c":"HS100153","IsDeleted":false,"Score1__c":4.00,"Score2__c":7.00,"Gender__c":true,"Score3__c":9.00,"Class__c":"a0H0o00000fKa5EEAS","Name":"truong vy 3","SystemModstamp":"2019-06-06T07:47:24.000Z","AverageScore__c":6.67,"CreatedById":"0050o00000WkyGGAAZ","Birthday__c":"2011-03-21T00:00:00.000Z","Namel__c":"truong","CreatedDate":"2019-06-06T07:47:24.000Z","Id":"a0I0o000019bWjxEAE","LastModifiedById":"0050o00000WkyGGAAZ","State__c":"Passed","Namef__c":"vy 3"}|0x7c510cfe
14:47:24.28 (118006785)|STATEMENT_EXECUTE|[197]
14:47:24.28 (118021577)|STATEMENT_EXECUTE|[199]
14:47:24.28 (118023406)|STATEMENT_EXECUTE|[200]
14:47:24.28 (118035552)|HEAP_ALLOCATE|[200]|Bytes:4
14:47:24.28 (118050197)|HEAP_ALLOCATE|[196]|Bytes:5
14:47:24.28 (118062401)|VARIABLE_SCOPE_BEGIN|[196]|s|Student__c|true|false
14:47:24.28 (118205719)|VARIABLE_ASSIGNMENT|[196]|s|{"LastModifiedDate":"2019-06-06T07:47:24.000Z","StudentId__c":"HS100154","IsDeleted":false,"Score1__c":4.00,"Score2__c":7.00,"Gender__c":true,"Score3__c":0.00,"Class__c":"a0H0o00000fKa5EEAS","Name":"truong vy 4","SystemModstamp":"2019-06-06T07:47:24.000Z","AverageScore__c":3.67,"CreatedById":"0050o00000WkyGGAAZ","Birthday__c":"2011-03-21T00:00:00.000Z","Namel__c":"truong","CreatedDate":"2019-06-06T07:47:24.000Z","Id":"a0I0o000019bWjyEAE","LastModifiedById":"0050o00000WkyGGAAZ","State__c":"Failed","Namef__c":"vy 4"}|0x436c4e9e
14:47:24.28 (118218022)|STATEMENT_EXECUTE|[197]
14:47:24.28 (118231386)|STATEMENT_EXECUTE|[199]
14:47:24.28 (118233251)|STATEMENT_EXECUTE|[200]
14:47:24.28 (118245335)|HEAP_ALLOCATE|[200]|Bytes:4
14:47:24.28 (118267162)|HEAP_ALLOCATE|[196]|Bytes:5
14:47:24.28 (118285079)|VARIABLE_SCOPE_BEGIN|[196]|s|Student__c|true|false
14:47:24.28 (118431777)|VARIABLE_ASSIGNMENT|[196]|s|{"LastModifiedDate":"2019-06-06T07:47:24.000Z","StudentId__c":"HS100155","IsDeleted":false,"Score1__c":4.00,"Score2__c":0.00,"Gender__c":true,"Score3__c":9.00,"Class__c":"a0H0o00000fKa5EEAS","Name":"truong vy 5","SystemModstamp":"2019-06-06T07:47:24.000Z","AverageScore__c":4.33,"CreatedById":"0050o00000WkyGGAAZ","Birthday__c":"2011-03-21T00:00:00.000Z","Namel__c":"truong","CreatedDate":"2019-06-06T07:47:24.000Z","Id":"a0I0o000019bWjzEAE","LastModifiedById":"0050o00000WkyGGAAZ","State__c":"Failed","Namef__c":"vy 5"}|0x53318668
14:47:24.28 (118443518)|STATEMENT_EXECUTE|[197]
14:47:24.28 (118456478)|STATEMENT_EXECUTE|[199]
14:47:24.28 (118458637)|STATEMENT_EXECUTE|[200]
14:47:24.28 (118470598)|HEAP_ALLOCATE|[200]|Bytes:4
14:47:24.28 (118484469)|HEAP_ALLOCATE|[196]|Bytes:5
14:47:24.28 (118495395)|VARIABLE_ASSIGNMENT|[196]|s|null|
14:47:24.28 (118501491)|STATEMENT_EXECUTE|[207]
14:47:24.28 (118505163)|HEAP_ALLOCATE|[207]|Bytes:44
14:47:24.28 (118520221)|HEAP_ALLOCATE|[207]|Bytes:4
14:47:24.28 (118769769)|SOQL_EXECUTE_BEGIN|[207]|Aggregations:0|SELECT id, NumberOfStudents__c FROM Class__c
14:47:24.28 (121643167)|SOQL_EXECUTE_END|[207]|Rows:4
14:47:24.28 (121669421)|HEAP_ALLOCATE|[207]|Bytes:20
14:47:24.28 (121689666)|HEAP_ALLOCATE|[207]|Bytes:352
14:47:24.28 (121717005)|HEAP_ALLOCATE|[207]|Bytes:20
14:47:24.28 (121729600)|VARIABLE_SCOPE_BEGIN|[207]|classList|List<Class__c>|true|false
14:47:24.28 (121766952)|VARIABLE_ASSIGNMENT|[207]|classList|[{"Id":"a0H0o00000fKa5DEAS","NumberOfStudents__c":0},{"Id":"a0H0o00000fKa5EEAS","NumberOfStudents__c":0},{"Id":"a0H0o00000fKa5FEAS","NumberOfStudents__c":0},{"Id":"a0H0o00000fKa5GEAS","NumberOfStudents__c":0}]|0x7ba042f4
14:47:24.28 (121775652)|STATEMENT_EXECUTE|[208]
14:47:24.28 (121822702)|HEAP_ALLOCATE|[208]|Bytes:12
14:47:24.28 (121880569)|HEAP_ALLOCATE|[208]|Bytes:28
14:47:24.28 (121902087)|USER_DEBUG|[208]|DEBUG|0
14:47:24.28 (122025609)|HEAP_ALLOCATE|[210]|Bytes:5
14:47:24.28 (122040830)|HEAP_ALLOCATE|[210]|Bytes:12
14:47:24.28 (122049803)|VARIABLE_SCOPE_BEGIN|[210]|c|Class__c|true|false
14:47:24.28 (122067111)|VARIABLE_ASSIGNMENT|[210]|c|{"Id":"a0H0o00000fKa5DEAS","NumberOfStudents__c":0}|0x7dac1b20
14:47:24.28 (122073867)|STATEMENT_EXECUTE|[211]
14:47:24.28 (122107482)|STATEMENT_EXECUTE|[212]
14:47:24.28 (122116760)|HEAP_ALLOCATE|[210]|Bytes:5
14:47:24.28 (122126858)|HEAP_ALLOCATE|[210]|Bytes:12
14:47:24.28 (122132735)|VARIABLE_SCOPE_BEGIN|[210]|c|Class__c|true|false
14:47:24.28 (122146547)|VARIABLE_ASSIGNMENT|[210]|c|{"Id":"a0H0o00000fKa5EEAS","NumberOfStudents__c":0}|0x26b69d8e
14:47:24.28 (122152101)|STATEMENT_EXECUTE|[211]
14:47:24.28 (122164390)|STATEMENT_EXECUTE|[213]
14:47:24.28 (122203782)|STATEMENT_EXECUTE|[215]
14:47:24.28 (122206169)|STATEMENT_EXECUTE|[216]
14:47:24.28 (122235171)|HEAP_ALLOCATE|[216]|Bytes:28
14:47:24.28 (122240667)|HEAP_ALLOCATE|[216]|Bytes:28
14:47:24.28 (122247815)|HEAP_ALLOCATE|[216]|Bytes:28
14:47:24.28 (122288804)|HEAP_ALLOCATE|[216]|Bytes:28
14:47:24.28 (122293181)|HEAP_ALLOCATE|[216]|Bytes:28
14:47:24.28 (122362405)|VARIABLE_ASSIGNMENT|[216]|this.NumberOfStudents__c|5|0x26b69d8e
14:47:24.28 (122369977)|STATEMENT_EXECUTE|[224]
14:47:24.28 (122403930)|HEAP_ALLOCATE|[224]|Bytes:8
14:47:24.28 (122420114)|DML_BEGIN|[224]|Op:Update|Type:Class__c|Rows:1
14:47:24.28 (122449215)|HEAP_ALLOCATE|[EXTERNAL]|Bytes:8
14:47:24.28 (136694840)|DML_END|[224]
14:47:24.28 (136717193)|STATEMENT_EXECUTE|[226]
14:47:24.28 (136808495)|HEAP_ALLOCATE|[210]|Bytes:5
14:47:24.28 (136831571)|HEAP_ALLOCATE|[210]|Bytes:12
14:47:24.28 (136842486)|VARIABLE_SCOPE_BEGIN|[210]|c|Class__c|true|false
14:47:24.28 (136875250)|VARIABLE_ASSIGNMENT|[210]|c|{"Id":"a0H0o00000fKa5FEAS","NumberOfStudents__c":0}|0x5af0b97f
14:47:24.28 (136882620)|STATEMENT_EXECUTE|[211]
14:47:24.28 (136901531)|STATEMENT_EXECUTE|[212]
14:47:24.28 (136909443)|HEAP_ALLOCATE|[210]|Bytes:5
14:47:24.28 (136919718)|HEAP_ALLOCATE|[210]|Bytes:12
14:47:24.28 (136925793)|VARIABLE_SCOPE_BEGIN|[210]|c|Class__c|true|false
14:47:24.28 (136939735)|VARIABLE_ASSIGNMENT|[210]|c|{"Id":"a0H0o00000fKa5GEAS","NumberOfStudents__c":0}|0x22663b95
14:47:24.28 (136944897)|STATEMENT_EXECUTE|[211]
14:47:24.28 (136955486)|STATEMENT_EXECUTE|[212]
14:47:24.28 (136962271)|HEAP_ALLOCATE|[210]|Bytes:5
14:47:24.28 (136972649)|VARIABLE_ASSIGNMENT|[210]|c|null|
14:47:24.28 (136990568)|METHOD_EXIT|[51]|01p0o00000GMOB6|TriggerHandle.executeNOStudentsUpdate(List<Student__c>, String)
14:47:24.28 (136997136)|STATEMENT_EXECUTE|[52]
14:47:24.28 (137017454)|METHOD_ENTRY|[52]|01p0o00000GMOB6|TriggerHandle.executeNOFAPStudentsUpdate(List<Student__c>, String)
14:47:24.28 (137043826)|VARIABLE_SCOPE_BEGIN|[118]|this|TriggerHandle|true|false
14:47:24.28 (137066394)|VARIABLE_ASSIGNMENT|[118]|this|{}|0x54b777a7
14:47:24.28 (137072939)|VARIABLE_SCOPE_BEGIN|[118]|studentList|List<Student__c>|true|false
14:47:24.28 (137829864)|VARIABLE_ASSIGNMENT|[118]|studentList|[{"LastModifiedDate":"2019-06-06T07:47:24.000Z","StudentId__c":"HS100151","IsDeleted":false,"Score1__c":4.00,"Score2__c":7.00,"Gender__c":true,"Score3__c":9.00,"Class__c":"a0H0o00000fKa5EEAS","Name":"truong vy 1","SystemModstamp":"2019-06-06T07:47:24.000Z","AverageScore__c":6.67,"CreatedById":"0050o00000WkyGGAAZ","Birthday__c":"2011-03-21T00:00:00.000Z","Namel__c":"truong","CreatedDate":"2019-06-06T07:47:24.000Z","Id":"a0I0o000019bWjvEAE","LastModifiedById":"0050o00000WkyGGAAZ","State__c":"Passed","Namef__c":"vy 1"},{"LastModifiedDate":"2019-06-06T07:47:24.000Z","StudentId__c":"HS100152","IsDeleted":false,"Score1__c":4.00,"Score2__c":7.00,"Gender__c":true,"Score3__c":9.00,"Class__c":"a0H0o00000fKa5EEAS","Name":"truong vy 2","SystemModstamp":"2019-06-06T07:47:24.000Z","AverageScore__c":6.67,"CreatedById":"0050o00000WkyGGAAZ","Birthday__c":"2011-03-21T00:00:00.000Z","Namel__c":"truong","CreatedDate":"2019-06-06T07:47:24.000Z","Id":"a0I0o000019bWjwEAE","LastModifiedById":"0050o00000WkyGGAAZ","State__c":"Passed","Namef__c":"vy 2"},{"LastModifiedDate":"2019-06-06T07:47:24.000Z","StudentId__c":"HS100153","IsDeleted":false,"Score1__c":4.00,"Score2__c":7.00,"Gender__c":true,"Score3__c":9.00,"Class__c":"a0H0o00000fKa5EEAS","Name":"truong vy 3","SystemModstamp":"2019-06-06T07:47:24.000Z","AverageScore__c":6.67,"CreatedById":"0050o00000WkyGGAAZ","Birthday__c":"2011-03-21T00:00:00.000Z","Namel__c":"truong","CreatedDate":"2019-06-06T07:47:24.000Z","Id":"a0I0o000019bWjxEAE","LastModifiedById":"0050o00000WkyGGAAZ","State__c":"Passed","Namef__c":"vy 3"},{"LastModifiedDate":"2019-06-06T07:47:24.000Z","StudentId__c":"HS100154","IsDeleted":false,"Score1__c":4.00,"Score2__c":7.00,"Gender__c":true,"Score3__c":0.00,"Class__c":"a0H0o00000fKa5EEAS","Name":"truong vy 4","SystemModstamp":"2019-06-06T07:47:24.000Z","AverageScore__c":3.67,"CreatedById":"0050o00000WkyGGAAZ","Birthday__c":"2011-03-21T00:00:00.000Z","Namel__c":"truong","CreatedDate":"2019-06-06T07:47:24.000Z","Id":"a0I0o000019bWjyEAE","LastModifiedById":"0050o00000WkyGGAAZ","State__c":"Failed","Namef__c":"vy 4"},{"LastModifiedDate":"2019-06-06T07:47:24.000Z","StudentId__c":"HS100155","IsDeleted":false,"Score1__c":4.00,"Score2__c":0.00,"Gender__c":true,"Score3__c":9.00,"Class__c":"a0H0o00000fKa5EEAS","Name":"truong vy 5","SystemModstamp":"2019-06-06T07:47:24.000Z","AverageScore__c":4.33,"CreatedById":"0050o00000WkyGGAAZ","Birthday__c":"2011-03-21T00:00:00.000Z","Namel__c":"truong","CreatedDate":"2019-06-06T07:47:24.000Z","Id":"a0I0o000019bWjzEAE","LastModifiedById":"0050o00000WkyGGAAZ","State__c":"Failed","Namef__c":"vy 5"}]|0x9aa8d21
14:47:24.28 (137868362)|VARIABLE_SCOPE_BEGIN|[118]|action|String|false|false
14:47:24.28 (137879057)|VARIABLE_ASSIGNMENT|[118]|action|"insert"
14:47:24.28 (137906294)|HEAP_ALLOCATE|[120]|Bytes:5
14:47:24.28 (137911864)|STATEMENT_EXECUTE|[119]
14:47:24.28 (137913761)|STATEMENT_EXECUTE|[120]
14:47:24.28 (137928950)|HEAP_ALLOCATE|[120]|Bytes:4
14:47:24.28 (137939317)|VARIABLE_SCOPE_BEGIN|[120]|classIDMapWithPassedStudents|Map<Id,Integer>|true|false
14:47:24.28 (137956858)|VARIABLE_ASSIGNMENT|[120]|classIDMapWithPassedStudents|{}|0x5025023b
14:47:24.28 (137961994)|STATEMENT_EXECUTE|[121]
14:47:24.28 (137969086)|HEAP_ALLOCATE|[121]|Bytes:4
14:47:24.28 (137974806)|VARIABLE_SCOPE_BEGIN|[121]|classIDMapWithFaliedStudents|Map<Id,Integer>|true|false
14:47:24.28 (137984730)|VARIABLE_ASSIGNMENT|[121]|classIDMapWithFaliedStudents|{}|0x7f7cf3d3
14:47:24.28 (138024890)|HEAP_ALLOCATE|[124]|Bytes:5
14:47:24.28 (138042702)|VARIABLE_SCOPE_BEGIN|[124]|s|Student__c|true|false
14:47:24.28 (138195611)|VARIABLE_ASSIGNMENT|[124]|s|{"LastModifiedDate":"2019-06-06T07:47:24.000Z","StudentId__c":"HS100151","IsDeleted":false,"Score1__c":4.00,"Score2__c":7.00,"Gender__c":true,"Score3__c":9.00,"Class__c":"a0H0o00000fKa5EEAS","Name":"truong vy 1","SystemModstamp":"2019-06-06T07:47:24.000Z","AverageScore__c":6.67,"CreatedById":"0050o00000WkyGGAAZ","Birthday__c":"2011-03-21T00:00:00.000Z","Namel__c":"truong","CreatedDate":"2019-06-06T07:47:24.000Z","Id":"a0I0o000019bWjvEAE","LastModifiedById":"0050o00000WkyGGAAZ","State__c":"Passed","Namef__c":"vy 1"}|0x39a53d16
14:47:24.28 (138209556)|STATEMENT_EXECUTE|[125]
14:47:24.28 (138234843)|HEAP_ALLOCATE|[127]|Bytes:6
14:47:24.28 (138286055)|STATEMENT_EXECUTE|[128]
14:47:24.28 (138313203)|STATEMENT_EXECUTE|[134]
14:47:24.28 (138315201)|STATEMENT_EXECUTE|[135]
14:47:24.28 (138335865)|HEAP_ALLOCATE|[135]|Bytes:4
14:47:24.28 (138344396)|HEAP_ALLOCATE|[EXTERNAL]|Bytes:-4
14:47:24.28 (138361363)|HEAP_ALLOCATE|[124]|Bytes:5
14:47:24.28 (138376205)|VARIABLE_SCOPE_BEGIN|[124]|s|Student__c|true|false
14:47:24.28 (138537770)|VARIABLE_ASSIGNMENT|[124]|s|{"LastModifiedDate":"2019-06-06T07:47:24.000Z","StudentId__c":"HS100152","IsDeleted":false,"Score1__c":4.00,"Score2__c":7.00,"Gender__c":true,"Score3__c":9.00,"Class__c":"a0H0o00000fKa5EEAS","Name":"truong vy 2","SystemModstamp":"2019-06-06T07:47:24.000Z","AverageScore__c":6.67,"CreatedById":"0050o00000WkyGGAAZ","Birthday__c":"2011-03-21T00:00:00.000Z","Namel__c":"truong","CreatedDate":"2019-06-06T07:47:24.000Z","Id":"a0I0o000019bWjwEAE","LastModifiedById":"0050o00000WkyGGAAZ","State__c":"Passed","Namef__c":"vy 2"}|0x6ae12d62
14:47:24.28 (138550500)|STATEMENT_EXECUTE|[125]
14:47:24.28 (138572543)|STATEMENT_EXECUTE|[128]
14:47:24.28 (138583862)|STATEMENT_EXECUTE|[130]
14:47:24.28 (138585669)|STATEMENT_EXECUTE|[131]
14:47:24.28 (138614312)|HEAP_ALLOCATE|[131]|Bytes:4
14:47:24.28 (138631700)|HEAP_ALLOCATE|[124]|Bytes:5
14:47:24.28 (138645264)|VARIABLE_SCOPE_BEGIN|[124]|s|Student__c|true|false
14:47:24.28 (138802548)|VARIABLE_ASSIGNMENT|[124]|s|{"LastModifiedDate":"2019-06-06T07:47:24.000Z","StudentId__c":"HS100153","IsDeleted":false,"Score1__c":4.00,"Score2__c":7.00,"Gender__c":true,"Score3__c":9.00,"Class__c":"a0H0o00000fKa5EEAS","Name":"truong vy 3","SystemModstamp":"2019-06-06T07:47:24.000Z","AverageScore__c":6.67,"CreatedById":"0050o00000WkyGGAAZ","Birthday__c":"2011-03-21T00:00:00.000Z","Namel__c":"truong","CreatedDate":"2019-06-06T07:47:24.000Z","Id":"a0I0o000019bWjxEAE","LastModifiedById":"0050o00000WkyGGAAZ","State__c":"Passed","Namef__c":"vy 3"}|0x7c510cfe
14:47:24.28 (138814986)|STATEMENT_EXECUTE|[125]
14:47:24.28 (138834422)|STATEMENT_EXECUTE|[128]
14:47:24.28 (138844572)|STATEMENT_EXECUTE|[130]
14:47:24.28 (138846291)|STATEMENT_EXECUTE|[131]
14:47:24.28 (138858223)|HEAP_ALLOCATE|[131]|Bytes:4
14:47:24.28 (138873762)|HEAP_ALLOCATE|[124]|Bytes:5
14:47:24.28 (138886632)|VARIABLE_SCOPE_BEGIN|[124]|s|Student__c|true|false
14:47:24.28 (139032802)|VARIABLE_ASSIGNMENT|[124]|s|{"LastModifiedDate":"2019-06-06T07:47:24.000Z","StudentId__c":"HS100154","IsDeleted":false,"Score1__c":4.00,"Score2__c":7.00,"Gender__c":true,"Score3__c":0.00,"Class__c":"a0H0o00000fKa5EEAS","Name":"truong vy 4","SystemModstamp":"2019-06-06T07:47:24.000Z","AverageScore__c":3.67,"CreatedById":"0050o00000WkyGGAAZ","Birthday__c":"2011-03-21T00:00:00.000Z","Namel__c":"truong","CreatedDate":"2019-06-06T07:47:24.000Z","Id":"a0I0o000019bWjyEAE","LastModifiedById":"0050o00000WkyGGAAZ","State__c":"Failed","Namef__c":"vy 4"}|0x436c4e9e
14:47:24.28 (139045777)|STATEMENT_EXECUTE|[125]
14:47:24.28 (139065133)|STATEMENT_EXECUTE|[140]
14:47:24.28 (139089408)|STATEMENT_EXECUTE|[146]
14:47:24.28 (139091438)|STATEMENT_EXECUTE|[147]
14:47:24.28 (139106880)|HEAP_ALLOCATE|[147]|Bytes:4
14:47:24.28 (139113607)|HEAP_ALLOCATE|[EXTERNAL]|Bytes:-4
14:47:24.28 (139127919)|HEAP_ALLOCATE|[124]|Bytes:5
14:47:24.28 (139140990)|VARIABLE_SCOPE_BEGIN|[124]|s|Student__c|true|false
14:47:24.28 (139299651)|VARIABLE_ASSIGNMENT|[124]|s|{"LastModifiedDate":"2019-06-06T07:47:24.000Z","StudentId__c":"HS100155","IsDeleted":false,"Score1__c":4.00,"Score2__c":0.00,"Gender__c":true,"Score3__c":9.00,"Class__c":"a0H0o00000fKa5EEAS","Name":"truong vy 5","SystemModstamp":"2019-06-06T07:47:24.000Z","AverageScore__c":4.33,"CreatedById":"0050o00000WkyGGAAZ","Birthday__c":"2011-03-21T00:00:00.000Z","Namel__c":"truong","CreatedDate":"2019-06-06T07:47:24.000Z","Id":"a0I0o000019bWjzEAE","LastModifiedById":"0050o00000WkyGGAAZ","State__c":"Failed","Namef__c":"vy 5"}|0x53318668
14:47:24.28 (139312450)|STATEMENT_EXECUTE|[125]
14:47:24.28 (139332228)|STATEMENT_EXECUTE|[140]
14:47:24.28 (139342280)|STATEMENT_EXECUTE|[142]
14:47:24.28 (139343975)|STATEMENT_EXECUTE|[143]
14:47:24.28 (139369952)|HEAP_ALLOCATE|[143]|Bytes:4
14:47:24.28 (139386686)|HEAP_ALLOCATE|[124]|Bytes:5
14:47:24.28 (139398311)|VARIABLE_ASSIGNMENT|[124]|s|null|
14:47:24.28 (139403459)|STATEMENT_EXECUTE|[151]
14:47:24.28 (139407053)|HEAP_ALLOCATE|[151]|Bytes:77
14:47:24.28 (139421844)|HEAP_ALLOCATE|[151]|Bytes:4
14:47:24.28 (139648451)|SOQL_EXECUTE_BEGIN|[151]|Aggregations:0|SELECT id, NumberOfFailedStudents__c, NumberOfPassedStudents__c FROM Class__c
14:47:24.28 (142445445)|SOQL_EXECUTE_END|[151]|Rows:4
14:47:24.28 (142479647)|HEAP_ALLOCATE|[151]|Bytes:20
14:47:24.28 (142510241)|HEAP_ALLOCATE|[151]|Bytes:636
14:47:24.28 (142551864)|HEAP_ALLOCATE|[151]|Bytes:20
14:47:24.28 (142570155)|VARIABLE_SCOPE_BEGIN|[151]|classList|List<Class__c>|true|false
14:47:24.28 (142627321)|VARIABLE_ASSIGNMENT|[151]|classList|[{"Id":"a0H0o00000fKa5DEAS","NumberOfFailedStudents__c":0,"NumberOfPassedStudents__c":0},{"Id":"a0H0o00000fKa5EEAS","NumberOfFailedStudents__c":0,"NumberOfPassedStudents__c":0},{"Id":"a0H0o00000fKa5FEAS","NumberOfFailedStudents__c":0,"NumberOfPassedStudents__c":0},{"Id":"a0H0o00000fKa5GEAS","NumberOfFailedStudents__c":0,"NumberOfPassedStudents__c":0}]|0x723ffba1
14:47:24.28 (142696421)|HEAP_ALLOCATE|[153]|Bytes:5
14:47:24.28 (142717443)|HEAP_ALLOCATE|[153]|Bytes:16
14:47:24.28 (142727730)|VARIABLE_SCOPE_BEGIN|[153]|c|Class__c|true|false
14:47:24.28 (142748944)|VARIABLE_ASSIGNMENT|[153]|c|{"Id":"a0H0o00000fKa5DEAS","NumberOfFailedStudents__c":0,"NumberOfPassedStudents__c":0}|0xf91f076
14:47:24.28 (142758032)|STATEMENT_EXECUTE|[154]
14:47:24.28 (142811041)|STATEMENT_EXECUTE|[156]
14:47:24.28 (142834732)|STATEMENT_EXECUTE|[172]
14:47:24.28 (142846690)|HEAP_ALLOCATE|[153]|Bytes:5
14:47:24.28 (142860730)|HEAP_ALLOCATE|[153]|Bytes:16
14:47:24.28 (142868397)|VARIABLE_SCOPE_BEGIN|[153]|c|Class__c|true|false
14:47:24.28 (142887851)|VARIABLE_ASSIGNMENT|[153]|c|{"Id":"a0H0o00000fKa5EEAS","NumberOfFailedStudents__c":0,"NumberOfPassedStudents__c":0}|0x55b898bc
14:47:24.28 (142895779)|STATEMENT_EXECUTE|[154]
14:47:24.28 (142911222)|STATEMENT_EXECUTE|[157]
14:47:24.28 (142948284)|STATEMENT_EXECUTE|[160]
14:47:24.28 (142950967)|STATEMENT_EXECUTE|[161]
14:47:24.28 (143003992)|HEAP_ALLOCATE|[161]|Bytes:28
14:47:24.28 (143051774)|HEAP_ALLOCATE|[161]|Bytes:28
14:47:24.28 (143057740)|HEAP_ALLOCATE|[161]|Bytes:28
14:47:24.28 (143087850)|HEAP_ALLOCATE|[161]|Bytes:28
14:47:24.28 (143092717)|HEAP_ALLOCATE|[161]|Bytes:28
14:47:24.28 (143190570)|VARIABLE_ASSIGNMENT|[161]|this.NumberOfFailedStudents__c|2|0x55b898bc
14:47:24.28 (143201266)|STATEMENT_EXECUTE|[168]
14:47:24.28 (143261904)|HEAP_ALLOCATE|[168]|Bytes:8
14:47:24.28 (143280914)|DML_BEGIN|[168]|Op:Update|Type:Class__c|Rows:1
14:47:24.28 (143318958)|HEAP_ALLOCATE|[EXTERNAL]|Bytes:8
14:47:24.28 (153655108)|DML_END|[168]
14:47:24.28 (153677672)|STATEMENT_EXECUTE|[169]
14:47:24.28 (153775894)|STATEMENT_EXECUTE|[173]
14:47:24.28 (153814450)|STATEMENT_EXECUTE|[176]
14:47:24.28 (153816874)|STATEMENT_EXECUTE|[177]
14:47:24.28 (153863832)|HEAP_ALLOCATE|[177]|Bytes:28
14:47:24.28 (153912080)|HEAP_ALLOCATE|[177]|Bytes:28
14:47:24.28 (153917541)|HEAP_ALLOCATE|[177]|Bytes:28
14:47:24.28 (153943338)|HEAP_ALLOCATE|[177]|Bytes:28
14:47:24.28 (153947365)|HEAP_ALLOCATE|[177]|Bytes:28
14:47:24.28 (154014001)|VARIABLE_ASSIGNMENT|[177]|this.NumberOfPassedStudents__c|3|0x55b898bc
14:47:24.28 (154023149)|STATEMENT_EXECUTE|[184]
14:47:24.28 (154047020)|HEAP_ALLOCATE|[184]|Bytes:8
14:47:24.28 (154061453)|DML_BEGIN|[184]|Op:Update|Type:Class__c|Rows:1
14:47:24.28 (154099106)|HEAP_ALLOCATE|[EXTERNAL]|Bytes:8
14:47:24.28 (164431452)|DML_END|[184]
14:47:24.28 (164453620)|STATEMENT_EXECUTE|[185]
14:47:24.28 (164541113)|HEAP_ALLOCATE|[153]|Bytes:5
14:47:24.28 (164564815)|HEAP_ALLOCATE|[153]|Bytes:16
14:47:24.28 (164575916)|VARIABLE_SCOPE_BEGIN|[153]|c|Class__c|true|false
14:47:24.28 (164607181)|VARIABLE_ASSIGNMENT|[153]|c|{"Id":"a0H0o00000fKa5FEAS","NumberOfFailedStudents__c":0,"NumberOfPassedStudents__c":0}|0x5f38c6f9
14:47:24.28 (164614467)|STATEMENT_EXECUTE|[154]
14:47:24.28 (164632906)|STATEMENT_EXECUTE|[156]
14:47:24.28 (164641125)|STATEMENT_EXECUTE|[172]
14:47:24.28 (164648961)|HEAP_ALLOCATE|[153]|Bytes:5
14:47:24.28 (164659091)|HEAP_ALLOCATE|[153]|Bytes:16
14:47:24.28 (164664870)|VARIABLE_SCOPE_BEGIN|[153]|c|Class__c|true|false
14:47:24.28 (164679233)|VARIABLE_ASSIGNMENT|[153]|c|{"Id":"a0H0o00000fKa5GEAS","NumberOfFailedStudents__c":0,"NumberOfPassedStudents__c":0}|0x798cc137
14:47:24.28 (164684667)|STATEMENT_EXECUTE|[154]
14:47:24.28 (164695276)|STATEMENT_EXECUTE|[156]
14:47:24.28 (164701908)|STATEMENT_EXECUTE|[172]
14:47:24.28 (164708313)|HEAP_ALLOCATE|[153]|Bytes:5
14:47:24.28 (164718468)|VARIABLE_ASSIGNMENT|[153]|c|null|
14:47:24.28 (164732645)|METHOD_EXIT|[52]|01p0o00000GMOB6|TriggerHandle.executeNOFAPStudentsUpdate(List<Student__c>, String)
14:47:24.28 (164742690)|SYSTEM_MODE_EXIT|false
14:47:24.28 (164752620)|METHOD_EXIT|[20]|01p0o00000GMOB6|TriggerHandle.onAfterInsert(List<Student__c>)
14:47:24.164 (164765529)|CUMULATIVE_LIMIT_USAGE
14:47:24.164 (164765529)|LIMIT_USAGE_FOR_NS|(default)|
  Number of SOQL queries: 3 out of 100
  Number of query rows: 12 out of 50000
  Number of SOSL queries: 0 out of 20
  Number of DML statements: 6 out of 150
  Number of DML rows: 13 out of 10000
  Maximum CPU time: 0 out of 10000
  Maximum heap size: 0 out of 6000000
  Number of callouts: 0 out of 100
  Number of Email Invocations: 0 out of 10
  Number of future calls: 0 out of 50
  Number of queueable jobs added to the queue: 0 out of 50
  Number of Mobile Apex push calls: 0 out of 10

14:47:24.164 (164765529)|CUMULATIVE_LIMIT_USAGE_END

14:47:24.28 (166093706)|CODE_UNIT_FINISHED|triggerStudent on Student trigger event AfterInsert|__sfdc_trigger/triggerStudent
14:47:24.28 (167134093)|DML_END|[63]
14:47:24.28 (167174300)|HEAP_ALLOCATE|[EXTERNAL]|Bytes:24
14:47:24.167 (167195712)|CUMULATIVE_LIMIT_USAGE
14:47:24.167 (167195712)|LIMIT_USAGE_FOR_NS|(default)|
  Number of SOQL queries: 3 out of 100
  Number of query rows: 12 out of 50000
  Number of SOSL queries: 0 out of 20
  Number of DML statements: 6 out of 150
  Number of DML rows: 13 out of 10000
  Maximum CPU time: 0 out of 10000
  Maximum heap size: 0 out of 6000000
  Number of callouts: 0 out of 100
  Number of Email Invocations: 0 out of 10
  Number of future calls: 0 out of 50
  Number of queueable jobs added to the queue: 0 out of 50
  Number of Mobile Apex push calls: 0 out of 10

14:47:24.167 (167195712)|CUMULATIVE_LIMIT_USAGE_END

14:47:24.28 (167231761)|CODE_UNIT_FINISHED|Controller_test.setup()
14:47:24.28 (168193105)|EXECUTION_FINISHED
14:47:24.197 (197567398)|USER_INFO|[EXTERNAL]|0050o00000WkyGG|ttvy@keizu.co.jp|Indochina Time|GMT+07:00
14:47:24.197 (197594160)|EXECUTION_STARTED
14:47:24.197 (197599766)|CODE_UNIT_STARTED|[EXTERNAL]|01p0o00000GMbcn|Controller_test.testGetItems()
14:47:24.197 (197755667)|HEAP_ALLOCATE|[72]|Bytes:3
14:47:24.197 (197788549)|HEAP_ALLOCATE|[77]|Bytes:152
14:47:24.197 (197802182)|HEAP_ALLOCATE|[342]|Bytes:408
14:47:24.197 (197815469)|HEAP_ALLOCATE|[355]|Bytes:408
14:47:24.197 (197828018)|HEAP_ALLOCATE|[467]|Bytes:48
14:47:24.197 (197851618)|HEAP_ALLOCATE|[139]|Bytes:6
14:47:24.197 (197867752)|HEAP_ALLOCATE|[EXTERNAL]|Bytes:257
14:47:24.197 (197880437)|METHOD_ENTRY|[2]|01p0o00000GMbcn|Controller_test.Controller_test()
14:47:24.197 (197886305)|STATEMENT_EXECUTE|[2]
14:47:24.197 (197890940)|STATEMENT_EXECUTE|[2]
14:47:24.197 (197894494)|METHOD_EXIT|[2]|Controller_test
14:47:24.197 (197915719)|HEAP_ALLOCATE|[50]|Bytes:5
14:47:24.197 (197935846)|HEAP_ALLOCATE|[56]|Bytes:5
14:47:24.197 (197944100)|HEAP_ALLOCATE|[64]|Bytes:7
14:47:24.197 (197978573)|STATEMENT_EXECUTE|[68]
14:47:24.197 (197980921)|STATEMENT_EXECUTE|[69]
14:47:24.197 (200337696)|HEAP_ALLOCATE|[69]|Bytes:23
14:47:24.197 (200357715)|HEAP_ALLOCATE|[69]|Bytes:260
14:47:24.197 (200365751)|HEAP_ALLOCATE|[69]|Bytes:55
14:47:24.197 (200388808)|METHOD_ENTRY|[1]|01p0o00000GLKhZ|Controller.Controller()
14:47:24.197 (200396026)|STATEMENT_EXECUTE|[1]
14:47:24.197 (200401806)|STATEMENT_EXECUTE|[1]
14:47:24.197 (200880974)|SYSTEM_MODE_ENTER|false
14:47:24.197 (200899074)|HEAP_ALLOCATE|[69]|Bytes:5
14:47:24.197 (200906091)|STATEMENT_EXECUTE|[16]
14:47:24.197 (200907923)|STATEMENT_EXECUTE|[32]
14:47:24.197 (200912009)|SYSTEM_MODE_EXIT|false
14:47:24.197 (200922664)|METHOD_EXIT|[1]|Controller
14:47:24.197 (203948735)|HEAP_ALLOCATE|[69]|Bytes:36
14:47:24.197 (203976060)|CONSTRUCTOR_ENTRY|[69]|01p0o00000GLKhZ|<init>()|Controller
14:47:24.197 (204014904)|VARIABLE_SCOPE_BEGIN|[11]|this|Controller|true|false
14:47:24.197 (204080707)|VARIABLE_ASSIGNMENT|[11]|this|{}|0x70800ac9
14:47:24.197 (204452135)|SYSTEM_MODE_ENTER|false
14:47:24.197 (204463528)|HEAP_ALLOCATE|[12]|Bytes:5
14:47:24.197 (204470060)|STATEMENT_EXECUTE|[1]
14:47:24.197 (204474474)|HEAP_ALLOCATE|[12]|Bytes:5
14:47:24.197 (204477999)|STATEMENT_EXECUTE|[2]
14:47:24.197 (204479805)|STATEMENT_EXECUTE|[3]
14:47:24.197 (204481181)|STATEMENT_EXECUTE|[4]
14:47:24.197 (204482592)|STATEMENT_EXECUTE|[5]
14:47:24.197 (204483992)|STATEMENT_EXECUTE|[6]
14:47:24.197 (204485434)|STATEMENT_EXECUTE|[7]
14:47:24.197 (204486823)|STATEMENT_EXECUTE|[8]
14:47:24.197 (204488231)|STATEMENT_EXECUTE|[9]
14:47:24.197 (204499623)|HEAP_ALLOCATE|[12]|Bytes:6
14:47:24.197 (204532773)|STATEMENT_EXECUTE|[11]
14:47:24.197 (204534950)|STATEMENT_EXECUTE|[12]
14:47:24.197 (204563794)|HEAP_ALLOCATE|[12]|Bytes:4
14:47:24.197 (204698259)|VARIABLE_ASSIGNMENT|[EXTERNAL]|this|{}|0x70800ac9
14:47:24.197 (204713941)|VARIABLE_ASSIGNMENT|[EXTERNAL]|value|{}|0x2aedc1f4
14:47:24.197 (204728101)|VARIABLE_ASSIGNMENT|[9]|this.student|{}|0x70800ac9
14:47:24.197 (204741382)|STATEMENT_EXECUTE|[13]
14:47:24.197 (204746159)|HEAP_ALLOCATE|[13]|Bytes:184
14:47:24.197 (204752433)|HEAP_ALLOCATE|[13]|Bytes:17
14:47:24.197 (204767764)|HEAP_ALLOCATE|[13]|Bytes:24
14:47:24.197 (204781908)|CONSTRUCTOR_ENTRY|[13]|01p0o00000GLKhZ|<init>()|Controller.KeySearchDTO
14:47:24.197 (204799289)|VARIABLE_SCOPE_BEGIN|[23]|this|Controller.KeySearchDTO|true|false
14:47:24.197 (204826389)|VARIABLE_ASSIGNMENT|[23]|this|{}|0x640fd823
14:47:24.197 (204833237)|STATEMENT_EXECUTE|[16]
14:47:24.197 (204834958)|STATEMENT_EXECUTE|[17]
14:47:24.197 (204836461)|STATEMENT_EXECUTE|[18]
14:47:24.197 (204837869)|STATEMENT_EXECUTE|[19]
14:47:24.197 (204839254)|STATEMENT_EXECUTE|[20]
14:47:24.197 (204840668)|STATEMENT_EXECUTE|[21]
14:47:24.197 (204852029)|STATEMENT_EXECUTE|[23]
14:47:24.197 (204853652)|STATEMENT_EXECUTE|[24]
14:47:24.197 (204871429)|HEAP_ALLOCATE|[24]|Bytes:4
14:47:24.197 (204929957)|VARIABLE_ASSIGNMENT|[EXTERNAL]|this|{}|0x640fd823
14:47:24.197 (204940981)|VARIABLE_ASSIGNMENT|[EXTERNAL]|value|{}|0x74ab2df5
14:47:24.197 (204952282)|VARIABLE_ASSIGNMENT|[21]|this.objStudentFrom|{}|0x640fd823
14:47:24.197 (204961327)|STATEMENT_EXECUTE|[25]
14:47:24.197 (204973912)|HEAP_ALLOCATE|[25]|Bytes:4
14:47:24.197 (205024157)|VARIABLE_ASSIGNMENT|[EXTERNAL]|this|{"objStudentFrom":"0x74ab2df5"}|0x640fd823
14:47:24.197 (205036259)|VARIABLE_ASSIGNMENT|[EXTERNAL]|value|{}|0x4855f94
14:47:24.197 (205045548)|VARIABLE_ASSIGNMENT|[20]|this.objStudentTo|{}|0x640fd823
14:47:24.197 (205053252)|STATEMENT_EXECUTE|[26]
14:47:24.197 (205101163)|VARIABLE_ASSIGNMENT|[EXTERNAL]|this|{"objStudentFrom":"0x74ab2df5","objStudentTo":"0x4855f94"}|0x640fd823
14:47:24.197 (205114978)|VARIABLE_ASSIGNMENT|[EXTERNAL]|value|false
14:47:24.197 (205121441)|HEAP_ALLOCATE|[17]|Bytes:5
14:47:24.197 (205128373)|VARIABLE_ASSIGNMENT|[17]|this.increasing|false|0x640fd823
14:47:24.197 (205136276)|STATEMENT_EXECUTE|[27]
14:47:24.197 (205148751)|HEAP_ALLOCATE|[27]|Bytes:4
14:47:24.197 (205221497)|VARIABLE_ASSIGNMENT|[EXTERNAL]|this|{"increasing":false,"objStudentFrom":"0x74ab2df5","objStudentTo":"0x4855f94"}|0x640fd823
14:47:24.197 (205236320)|VARIABLE_ASSIGNMENT|[EXTERNAL]|value|{}|0x7f5de6
14:47:24.197 (205245974)|VARIABLE_ASSIGNMENT|[18]|this.studentName|{}|0x640fd823
14:47:24.197 (205259204)|STATEMENT_EXECUTE|[28]
14:47:24.197 (205297664)|VARIABLE_ASSIGNMENT|[EXTERNAL]|this|{"increasing":false,"objStudentFrom":"0x74ab2df5","objStudentTo":"0x4855f94","studentName":"0x7f5de6"}|0x640fd823
14:47:24.197 (205308326)|VARIABLE_ASSIGNMENT|[EXTERNAL]|value|""
14:47:24.197 (205316217)|VARIABLE_ASSIGNMENT|[19]|this.className|""|0x640fd823
14:47:24.197 (205326339)|CONSTRUCTOR_EXIT|[13]|01p0o00000GLKhZ|<init>()|Controller.KeySearchDTO
14:47:24.197 (205353289)|VARIABLE_ASSIGNMENT|[EXTERNAL]|this|{"student":"0x2aedc1f4"}|0x70800ac9
14:47:24.197 (205373378)|VARIABLE_ASSIGNMENT|[EXTERNAL]|value|{"className":"","increasing":false,"objStudentFrom":"0x74ab2df5","objStudentTo":"0x4855f94","studentName":"0x7f5de6"}|0x640fd823
14:47:24.197 (205381767)|VARIABLE_ASSIGNMENT|[3]|this.objKeySearch|0x640fd823|0x70800ac9
14:47:24.197 (205391667)|SYSTEM_MODE_EXIT|false
14:47:24.197 (205398731)|CONSTRUCTOR_EXIT|[69]|01p0o00000GLKhZ|<init>()|Controller
14:47:24.197 (205405025)|VARIABLE_SCOPE_BEGIN|[69]|controller|Controller|true|false
14:47:24.197 (205425233)|VARIABLE_ASSIGNMENT|[69]|controller|{"objKeySearch":"0x640fd823","student":"0x2aedc1f4"}|0x70800ac9
14:47:24.197 (205430976)|STATEMENT_EXECUTE|[70]
14:47:24.197 (205446526)|HEAP_ALLOCATE|[70]|Bytes:4
14:47:24.197 (205476788)|VARIABLE_SCOPE_BEGIN|[70]|optionsComparison|List<System.SelectOption>|true|false
14:47:24.197 (205506692)|HEAP_ALLOCATE|[EXTERNAL]|Bytes:4
14:47:24.197 (205518407)|VARIABLE_ASSIGNMENT|[70]|optionsComparison|[]|0x4917c08e
14:47:24.197 (205523623)|STATEMENT_EXECUTE|[71]
14:47:24.197 (205531108)|HEAP_ALLOCATE|[71]|Bytes:4
14:47:24.197 (205546604)|VARIABLE_SCOPE_BEGIN|[71]|optionsQuery|List<System.SelectOption>|true|false
14:47:24.197 (205562088)|HEAP_ALLOCATE|[EXTERNAL]|Bytes:4
14:47:24.197 (205568842)|VARIABLE_ASSIGNMENT|[71]|optionsQuery|[]|0x337d3427
14:47:24.197 (205573792)|STATEMENT_EXECUTE|[72]
14:47:24.197 (205581351)|HEAP_ALLOCATE|[72]|Bytes:7
14:47:24.197 (205632920)|HEAP_ALLOCATE|[EXTERNAL]|Bytes:4
14:47:24.197 (205641679)|STATEMENT_EXECUTE|[73]
14:47:24.197 (205646745)|HEAP_ALLOCATE|[73]|Bytes:4
14:47:24.197 (205671566)|HEAP_ALLOCATE|[EXTERNAL]|Bytes:4
14:47:24.197 (205678170)|STATEMENT_EXECUTE|[74]
14:47:24.197 (205681856)|HEAP_ALLOCATE|[74]|Bytes:7
14:47:24.197 (205703292)|HEAP_ALLOCATE|[EXTERNAL]|Bytes:4
14:47:24.197 (205709434)|STATEMENT_EXECUTE|[75]
14:47:24.197 (205713122)|HEAP_ALLOCATE|[75]|Bytes:9
14:47:24.197 (205732914)|HEAP_ALLOCATE|[EXTERNAL]|Bytes:4
14:47:24.197 (205738946)|STATEMENT_EXECUTE|[77]
14:47:24.197 (205784881)|HEAP_ALLOCATE|[77]|Bytes:70
14:47:24.197 (205797550)|SYSTEM_METHOD_ENTRY|[1]|Test.Test()
14:47:24.197 (205801616)|STATEMENT_EXECUTE|[1]
14:47:24.197 (205807340)|SYSTEM_METHOD_EXIT|[1]|Test
14:47:24.197 (205827400)|METHOD_ENTRY|[77]||System.Test.startTest()
14:47:24.197 (263497531)|METHOD_EXIT|[77]||System.Test.startTest()
14:47:24.197 (263518624)|STATEMENT_EXECUTE|[78]
14:47:24.197 (263558616)|METHOD_ENTRY|[78]|01p0o00000GLKhZ|Controller.getItems()
14:47:24.197 (263625394)|VARIABLE_SCOPE_BEGIN|[65]|this|Controller|true|false
14:47:24.197 (263684144)|VARIABLE_ASSIGNMENT|[65]|this|{"objKeySearch":"0x640fd823","student":"0x2aedc1f4"}|0x70800ac9
14:47:24.197 (264334152)|SYSTEM_MODE_ENTER|false
14:47:24.197 (264349492)|HEAP_ALLOCATE|[66]|Bytes:5
14:47:24.197 (264358466)|STATEMENT_EXECUTE|[65]
14:47:24.197 (264360417)|STATEMENT_EXECUTE|[66]
14:47:24.197 (264375845)|HEAP_ALLOCATE|[66]|Bytes:4
14:47:24.197 (264411137)|VARIABLE_SCOPE_BEGIN|[66]|options|List<System.SelectOption>|true|false
14:47:24.197 (264448203)|HEAP_ALLOCATE|[EXTERNAL]|Bytes:4
14:47:24.197 (264461925)|VARIABLE_ASSIGNMENT|[66]|options|[]|0x355adcff
14:47:24.197 (264471789)|STATEMENT_EXECUTE|[67]
14:47:24.197 (264477676)|HEAP_ALLOCATE|[67]|Bytes:33
14:47:24.197 (264501475)|HEAP_ALLOCATE|[67]|Bytes:4
14:47:24.197 (264795679)|SOQL_EXECUTE_BEGIN|[67]|Aggregations:0|SELECT className__C FROM Class__c
14:47:24.197 (267927385)|SOQL_EXECUTE_END|[67]|Rows:4
14:47:24.197 (268001885)|HEAP_ALLOCATE|[67]|Bytes:20
14:47:24.197 (268156792)|HEAP_ALLOCATE|[67]|Bytes:207
14:47:24.197 (268226458)|HEAP_ALLOCATE|[67]|Bytes:20
14:47:24.197 (268250108)|VARIABLE_SCOPE_BEGIN|[67]|classList|List<Class__c>|true|false
14:47:24.197 (268358707)|VARIABLE_ASSIGNMENT|[67]|classList|[{"className__c":"English","Id":"a0H0o00000fKa5DEAS"},{"className__c":"Math","Id":"a0H0o00000fKa5EEAS"},{"className__c":"Physics","Id":"a0H0o00000fKa5FEAS"},{"className__c":"Chemistry","Id":"a0H0o00000fKa5GEAS"}]|0x5e61f27
14:47:24.197 (268470960)|HEAP_ALLOCATE|[68]|Bytes:5
14:47:24.197 (268509850)|HEAP_ALLOCATE|[68]|Bytes:12
14:47:24.197 (268546184)|VARIABLE_SCOPE_BEGIN|[68]|c|Class__c|true|false
14:47:24.197 (268590815)|VARIABLE_ASSIGNMENT|[68]|c|{"className__c":"English","Id":"a0H0o00000fKa5DEAS"}|0x3fde9ae8
14:47:24.197 (268610712)|STATEMENT_EXECUTE|[68]
14:47:24.197 (268617074)|STATEMENT_EXECUTE|[69]
14:47:24.197 (268632981)|HEAP_ALLOCATE|[69]|Bytes:12
14:47:24.197 (268816518)|HEAP_ALLOCATE|[69]|Bytes:7
14:47:24.197 (268894159)|HEAP_ALLOCATE|[69]|Bytes:7
14:47:24.197 (268987659)|HEAP_ALLOCATE|[EXTERNAL]|Bytes:4
14:47:24.197 (269022850)|HEAP_ALLOCATE|[68]|Bytes:5
14:47:24.197 (269047568)|HEAP_ALLOCATE|[68]|Bytes:12
14:47:24.197 (269061858)|VARIABLE_SCOPE_BEGIN|[68]|c|Class__c|true|false
14:47:24.197 (269102471)|VARIABLE_ASSIGNMENT|[68]|c|{"className__c":"Math","Id":"a0H0o00000fKa5EEAS"}|0x2750fe44
14:47:24.197 (269114547)|STATEMENT_EXECUTE|[68]
14:47:24.197 (269118400)|STATEMENT_EXECUTE|[69]
14:47:24.197 (269200872)|HEAP_ALLOCATE|[69]|Bytes:4
14:47:24.197 (269274303)|HEAP_ALLOCATE|[69]|Bytes:4
14:47:24.197 (269309014)|HEAP_ALLOCATE|[EXTERNAL]|Bytes:4
14:47:24.197 (269335379)|HEAP_ALLOCATE|[68]|Bytes:5
14:47:24.197 (269353844)|HEAP_ALLOCATE|[68]|Bytes:12
14:47:24.197 (269365190)|VARIABLE_SCOPE_BEGIN|[68]|c|Class__c|true|false
14:47:24.197 (269398989)|VARIABLE_ASSIGNMENT|[68]|c|{"className__c":"Physics","Id":"a0H0o00000fKa5FEAS"}|0xb308b3d
14:47:24.197 (269410380)|STATEMENT_EXECUTE|[68]
14:47:24.197 (269413864)|STATEMENT_EXECUTE|[69]
14:47:24.197 (269471805)|HEAP_ALLOCATE|[69]|Bytes:7
14:47:24.197 (269531954)|HEAP_ALLOCATE|[69]|Bytes:7
14:47:24.197 (269562081)|HEAP_ALLOCATE|[EXTERNAL]|Bytes:4
14:47:24.197 (269585679)|HEAP_ALLOCATE|[68]|Bytes:5
14:47:24.197 (269603932)|HEAP_ALLOCATE|[68]|Bytes:12
14:47:24.197 (269615296)|VARIABLE_SCOPE_BEGIN|[68]|c|Class__c|true|false
14:47:24.197 (269642161)|VARIABLE_ASSIGNMENT|[68]|c|{"className__c":"Chemistry","Id":"a0H0o00000fKa5GEAS"}|0x5da5475b
14:47:24.197 (269652971)|STATEMENT_EXECUTE|[68]
14:47:24.197 (269656483)|STATEMENT_EXECUTE|[69]
14:47:24.197 (269706870)|HEAP_ALLOCATE|[69]|Bytes:9
14:47:24.197 (269758289)|HEAP_ALLOCATE|[69]|Bytes:9
14:47:24.197 (269787818)|HEAP_ALLOCATE|[EXTERNAL]|Bytes:4
14:47:24.197 (269809643)|HEAP_ALLOCATE|[68]|Bytes:5
14:47:24.197 (269830782)|VARIABLE_ASSIGNMENT|[68]|c|null|
14:47:24.197 (269840679)|STATEMENT_EXECUTE|[71]
14:47:24.197 (269848365)|SYSTEM_MODE_EXIT|false
14:47:24.197 (269867858)|METHOD_EXIT|[78]|01p0o00000GLKhZ|Controller.getItems()
14:47:24.197 (270697449)|VARIABLE_ASSIGNMENT|[78]|optionsQuery|"common.apex.runtime.impl.ScalarList@f07e28e1"|0x355adcff
14:47:24.197 (270716104)|STATEMENT_EXECUTE|[79]
14:47:24.197 (270744792)|METHOD_ENTRY|[79]||System.Test.stopTest()
14:47:24.197 (272381140)|METHOD_EXIT|[79]||System.Test.stopTest()
14:47:24.197 (272394203)|STATEMENT_EXECUTE|[81]
14:47:24.272 (272503018)|CUMULATIVE_LIMIT_USAGE
14:47:24.272 (272503018)|LIMIT_USAGE_FOR_NS|(default)|
  Number of SOQL queries: 3 out of 100
  Number of query rows: 12 out of 50000
  Number of SOSL queries: 0 out of 20
  Number of DML statements: 6 out of 150
  Number of DML rows: 13 out of 10000
  Maximum CPU time: 0 out of 10000
  Maximum heap size: 0 out of 6000000
  Number of callouts: 0 out of 100
  Number of Email Invocations: 0 out of 10
  Number of future calls: 0 out of 50
  Number of queueable jobs added to the queue: 0 out of 50
  Number of Mobile Apex push calls: 0 out of 10

14:47:24.272 (272503018)|TESTING_LIMITS
14:47:24.272 (272503018)|LIMIT_USAGE_FOR_NS|(default)|
  Number of SOQL queries: 1 out of 100
  Number of query rows: 4 out of 50000
  Number of SOSL queries: 0 out of 20
  Number of DML statements: 0 out of 150
  Number of DML rows: 0 out of 10000
  Maximum CPU time: 0 out of 10000
  Maximum heap size: 0 out of 6000000
  Number of callouts: 0 out of 100
  Number of Email Invocations: 0 out of 10
  Number of future calls: 0 out of 50
  Number of queueable jobs added to the queue: 0 out of 50
  Number of Mobile Apex push calls: 0 out of 10

14:47:24.272 (272503018)|CUMULATIVE_LIMIT_USAGE_END

14:47:24.197 (272564858)|CODE_UNIT_FINISHED|Controller_test.testGetItems()
14:47:24.197 (273483218)|EXECUTION_FINISHED
