45.0 APEX_CODE,FINEST;APEX_PROFILING,INFO;CALLOUT,INFO;DB,INFO;NBA,INFO;SYSTEM,DEBUG;VALIDATION,INFO;VISUALFORCE,INFO;WAVE,INFO;WORKFLOW,INFO
Execute Anonymous: List<Student__c> data = [SELECT id from Student__c];
Execute Anonymous: for(Student__c s : data)
Execute Anonymous: {
Execute Anonymous:     delete s;
Execute Anonymous: }
02:13:19.1 (1345860)|USER_INFO|[EXTERNAL]|0050o00000WkyGG|ttvy@keizu.co.jp|(GMT-07:00) Pacific Daylight Time (America/Los_Angeles)|GMT-07:00
02:13:19.1 (1361669)|EXECUTION_STARTED
02:13:19.1 (1365787)|CODE_UNIT_STARTED|[EXTERNAL]|execute_anonymous_apex
02:13:19.1 (1606650)|VARIABLE_SCOPE_BEGIN|[1]|data|List<Student__c>|true|false
02:13:19.1 (1725193)|HEAP_ALLOCATE|[72]|Bytes:3
02:13:19.1 (1755876)|HEAP_ALLOCATE|[77]|Bytes:152
02:13:19.1 (1768426)|HEAP_ALLOCATE|[342]|Bytes:408
02:13:19.1 (1780280)|HEAP_ALLOCATE|[355]|Bytes:408
02:13:19.1 (1790735)|HEAP_ALLOCATE|[467]|Bytes:48
02:13:19.1 (1814573)|HEAP_ALLOCATE|[139]|Bytes:6
02:13:19.1 (1836802)|HEAP_ALLOCATE|[EXTERNAL]|Bytes:7
02:13:19.1 (1944462)|STATEMENT_EXECUTE|[1]
02:13:19.1 (1947569)|STATEMENT_EXECUTE|[1]
02:13:19.1 (1951109)|HEAP_ALLOCATE|[1]|Bytes:25
02:13:19.1 (1969236)|HEAP_ALLOCATE|[1]|Bytes:4
02:13:19.1 (2003647)|HEAP_ALLOCATE|[50]|Bytes:5
02:13:19.1 (2023432)|HEAP_ALLOCATE|[56]|Bytes:5
02:13:19.1 (2031266)|HEAP_ALLOCATE|[64]|Bytes:7
02:13:19.1 (2234511)|SOQL_EXECUTE_BEGIN|[1]|Aggregations:0|SELECT id FROM Student__c
02:13:19.1 (4869449)|SOQL_EXECUTE_END|[1]|Rows:1
02:13:19.1 (4894691)|HEAP_ALLOCATE|[1]|Bytes:8
02:13:19.1 (4911946)|HEAP_ALLOCATE|[1]|Bytes:29
02:13:19.1 (4938344)|HEAP_ALLOCATE|[1]|Bytes:8
02:13:19.1 (4988320)|VARIABLE_ASSIGNMENT|[1]|data|[{"Id":"a0I0o000013dxJyEAI"}]|0xac76fd2
02:13:19.1 (5143643)|HEAP_ALLOCATE|[2]|Bytes:5
02:13:19.1 (5166427)|HEAP_ALLOCATE|[2]|Bytes:8
02:13:19.1 (5176106)|VARIABLE_SCOPE_BEGIN|[2]|s|Student__c|true|false
02:13:19.1 (5201733)|VARIABLE_ASSIGNMENT|[2]|s|{"Id":"a0I0o000013dxJyEAI"}|0x1eef9c61
02:13:19.1 (5215404)|STATEMENT_EXECUTE|[3]
02:13:19.1 (5217138)|STATEMENT_EXECUTE|[4]
02:13:19.1 (5266076)|HEAP_ALLOCATE|[4]|Bytes:8
02:13:19.1 (5276846)|HEAP_ALLOCATE|[4]|Bytes:8
02:13:19.1 (5302031)|DML_BEGIN|[4]|Op:Delete|Type:Student__c|Rows:1
02:13:19.1 (5331062)|HEAP_ALLOCATE|[EXTERNAL]|Bytes:8
02:13:19.1 (115120983)|CODE_UNIT_STARTED|[EXTERNAL]|01q0o000000jKrN|triggerStudent on Student trigger event AfterDelete|__sfdc_trigger/triggerStudent
02:13:19.1 (115192847)|HEAP_ALLOCATE|[EXTERNAL]|Bytes:8
02:13:19.1 (117462027)|HEAP_ALLOCATE|[EXTERNAL]|Bytes:8
02:13:19.1 (117478788)|VARIABLE_SCOPE_BEGIN|[1]|this|triggerStudent|true|false
02:13:19.1 (117525900)|VARIABLE_ASSIGNMENT|[1]|this|{}|0x49ec3adc
02:13:19.1 (117588644)|HEAP_ALLOCATE|[EXTERNAL]|Bytes:8
02:13:19.1 (117596772)|VARIABLE_SCOPE_BEGIN|[1]|this|triggerStudent|true|false
02:13:19.1 (117611419)|VARIABLE_ASSIGNMENT|[1]|this|{}|0x49ec3adc
02:13:19.1 (117619507)|STATEMENT_EXECUTE|[1]
02:13:19.1 (117621557)|STATEMENT_EXECUTE|[3]
02:13:19.1 (117630671)|HEAP_ALLOCATE|[3]|Bytes:15
02:13:19.1 (117637858)|HEAP_ALLOCATE|[3]|Bytes:19
02:13:19.1 (117642197)|HEAP_ALLOCATE|[3]|Bytes:3
02:13:19.1 (117670535)|METHOD_ENTRY|[1]|01p0o00000GMOB6|TriggerHandle.TriggerHandle()
02:13:19.1 (117676382)|STATEMENT_EXECUTE|[1]
02:13:19.1 (117680513)|STATEMENT_EXECUTE|[1]
02:13:19.1 (118016845)|SYSTEM_MODE_ENTER|false
02:13:19.1 (118033035)|HEAP_ALLOCATE|[3]|Bytes:5
02:13:19.1 (118038496)|STATEMENT_EXECUTE|[169]
02:13:19.1 (118043754)|SYSTEM_MODE_EXIT|false
02:13:19.1 (118054514)|METHOD_EXIT|[1]|TriggerHandle
02:13:19.1 (118068016)|HEAP_ALLOCATE|[3]|Bytes:4
02:13:19.1 (118087012)|CONSTRUCTOR_ENTRY|[3]|01p0o00000GMOB6|<init>()|TriggerHandle
02:13:19.1 (118111851)|VARIABLE_SCOPE_BEGIN|[3]|this|TriggerHandle|true|false
02:13:19.1 (118129692)|VARIABLE_ASSIGNMENT|[3]|this|{}|0x5af5a0f5
02:13:19.1 (118140196)|SYSTEM_MODE_ENTER|false
02:13:19.1 (118145895)|HEAP_ALLOCATE|[EXTERNAL]|Bytes:5
02:13:19.1 (118150245)|STATEMENT_EXECUTE|[1]
02:13:19.1 (118153505)|HEAP_ALLOCATE|[EXTERNAL]|Bytes:5
02:13:19.1 (118162782)|HEAP_ALLOCATE|[EXTERNAL]|Bytes:6
02:13:19.1 (118210555)|STATEMENT_EXECUTE|[4]
02:13:19.1 (118214986)|SYSTEM_MODE_EXIT|false
02:13:19.1 (118223605)|CONSTRUCTOR_EXIT|[3]|01p0o00000GMOB6|<init>()|TriggerHandle
02:13:19.1 (118261578)|VARIABLE_ASSIGNMENT|[3]|this.handle|0x5af5a0f5|0x49ec3adc
02:13:19.1 (118273661)|STATEMENT_EXECUTE|[15]
02:13:19.1 (118281866)|STATEMENT_EXECUTE|[21]
02:13:19.1 (118283365)|STATEMENT_EXECUTE|[22]
02:13:19.1 (118339371)|METHOD_ENTRY|[22]|01p0o00000GMOB6|TriggerHandle.onAfterDelete(List<Student__c>)
02:13:19.1 (118360767)|VARIABLE_SCOPE_BEGIN|[56]|this|TriggerHandle|true|false
02:13:19.1 (118375794)|VARIABLE_ASSIGNMENT|[56]|this|{}|0x5af5a0f5
02:13:19.1 (118382589)|VARIABLE_SCOPE_BEGIN|[56]|newStudentList|List<Student__c>|true|false
02:13:19.1 (119472027)|VARIABLE_ASSIGNMENT|[56]|newStudentList|[{"LastModifiedDate":"2019-05-06T09:12:26.000Z","StudentId__c":"HS0048","IsDeleted":false,"Score1__c":7.00,"Score2__c":6.00,"Gender__c":false,"Score3__c":8.00,"Class__c":"a0H0o00000fJQOvEAO","Name":"aaaa","SystemModstamp":"2019-05-06T09:12:26.000Z","AverageScore__c":7.00,"CreatedById":"0050o00000WkyGGAAZ","Birthday__c":"2019-05-11T00:00:00.000Z","Namel__c":"a","CreatedDate":"2019-05-06T09:12:26.000Z","Id":"a0I0o000013dxJyEAI","LastModifiedById":"0050o00000WkyGGAAZ","State__c":"Passed","Namef__c":"aaa"}]|0xdd5a699
02:13:19.1 (119495215)|SYSTEM_MODE_ENTER|false
02:13:19.1 (119503650)|HEAP_ALLOCATE|[58]|Bytes:5
02:13:19.1 (119509493)|STATEMENT_EXECUTE|[57]
02:13:19.1 (119511259)|STATEMENT_EXECUTE|[58]
02:13:19.1 (119512610)|STATEMENT_EXECUTE|[59]
02:13:19.1 (119513976)|STATEMENT_EXECUTE|[60]
02:13:19.1 (119517467)|HEAP_ALLOCATE|[60]|Bytes:6
02:13:19.1 (119538420)|METHOD_ENTRY|[60]|01p0o00000GMOB6|TriggerHandle.executeNOStudentsUpdate(List<Student__c>, String)
02:13:19.1 (119579370)|VARIABLE_SCOPE_BEGIN|[129]|this|TriggerHandle|true|false
02:13:19.1 (119596993)|VARIABLE_ASSIGNMENT|[129]|this|{}|0x5af5a0f5
02:13:19.1 (119603877)|VARIABLE_SCOPE_BEGIN|[129]|studentList|List<Student__c>|true|false
02:13:19.1 (119788745)|VARIABLE_ASSIGNMENT|[129]|studentList|[{"LastModifiedDate":"2019-05-06T09:12:26.000Z","StudentId__c":"HS0048","IsDeleted":false,"Score1__c":7.00,"Score2__c":6.00,"Gender__c":false,"Score3__c":8.00,"Class__c":"a0H0o00000fJQOvEAO","Name":"aaaa","SystemModstamp":"2019-05-06T09:12:26.000Z","AverageScore__c":7.00,"CreatedById":"0050o00000WkyGGAAZ","Birthday__c":"2019-05-11T00:00:00.000Z","Namel__c":"a","CreatedDate":"2019-05-06T09:12:26.000Z","Id":"a0I0o000013dxJyEAI","LastModifiedById":"0050o00000WkyGGAAZ","State__c":"Passed","Namef__c":"aaa"}]|0xdd5a699
02:13:19.1 (119803480)|VARIABLE_SCOPE_BEGIN|[129]|action|String|false|false
02:13:19.1 (119812776)|VARIABLE_ASSIGNMENT|[129]|action|"delete"
02:13:19.1 (119823995)|HEAP_ALLOCATE|[131]|Bytes:5
02:13:19.1 (119829511)|STATEMENT_EXECUTE|[130]
02:13:19.1 (119831212)|STATEMENT_EXECUTE|[131]
02:13:19.1 (119854421)|HEAP_ALLOCATE|[131]|Bytes:4
02:13:19.1 (119872839)|VARIABLE_SCOPE_BEGIN|[131]|classIDMap|Map<Id,Integer>|true|false
02:13:19.1 (119893732)|VARIABLE_ASSIGNMENT|[131]|classIDMap|{}|0x11582a5c
02:13:19.1 (119943666)|HEAP_ALLOCATE|[134]|Bytes:5
02:13:19.1 (119967658)|VARIABLE_SCOPE_BEGIN|[134]|s|Student__c|true|false
02:13:19.1 (120115423)|VARIABLE_ASSIGNMENT|[134]|s|{"LastModifiedDate":"2019-05-06T09:12:26.000Z","StudentId__c":"HS0048","IsDeleted":false,"Score1__c":7.00,"Score2__c":6.00,"Gender__c":false,"Score3__c":8.00,"Class__c":"a0H0o00000fJQOvEAO","Name":"aaaa","SystemModstamp":"2019-05-06T09:12:26.000Z","AverageScore__c":7.00,"CreatedById":"0050o00000WkyGGAAZ","Birthday__c":"2019-05-11T00:00:00.000Z","Namel__c":"a","CreatedDate":"2019-05-06T09:12:26.000Z","Id":"a0I0o000013dxJyEAI","LastModifiedById":"0050o00000WkyGGAAZ","State__c":"Passed","Namef__c":"aaa"}|0x102f4e36
02:13:19.1 (120129550)|STATEMENT_EXECUTE|[135]
02:13:19.1 (120222402)|STATEMENT_EXECUTE|[141]
02:13:19.1 (120224854)|STATEMENT_EXECUTE|[142]
02:13:19.1 (120250320)|HEAP_ALLOCATE|[142]|Bytes:4
02:13:19.1 (120259894)|HEAP_ALLOCATE|[EXTERNAL]|Bytes:-4
02:13:19.1 (120277321)|HEAP_ALLOCATE|[134]|Bytes:5
02:13:19.1 (120291157)|VARIABLE_ASSIGNMENT|[134]|s|null|
02:13:19.1 (120296722)|STATEMENT_EXECUTE|[146]
02:13:19.1 (120300384)|HEAP_ALLOCATE|[146]|Bytes:44
02:13:19.1 (120314422)|HEAP_ALLOCATE|[146]|Bytes:4
02:13:19.1 (121304788)|SOQL_EXECUTE_BEGIN|[146]|Aggregations:0|SELECT id, NumberOfStudents__c FROM Class__c
02:13:19.1 (123871323)|SOQL_EXECUTE_END|[146]|Rows:2
02:13:19.1 (123894986)|HEAP_ALLOCATE|[146]|Bytes:12
02:13:19.1 (123917948)|HEAP_ALLOCATE|[146]|Bytes:176
02:13:19.1 (123996427)|HEAP_ALLOCATE|[146]|Bytes:12
02:13:19.1 (124013782)|VARIABLE_SCOPE_BEGIN|[146]|classList|List<Class__c>|true|false
02:13:19.1 (124046093)|VARIABLE_ASSIGNMENT|[146]|classList|[{"Id":"a0H0o00000fJQOvEAO","NumberOfStudents__c":1},{"Id":"a0H0o00000fJQOwEAO","NumberOfStudents__c":0}]|0x3cd99d7a
02:13:19.1 (124236139)|HEAP_ALLOCATE|[148]|Bytes:5
02:13:19.1 (124258712)|HEAP_ALLOCATE|[148]|Bytes:12
02:13:19.1 (124269159)|VARIABLE_SCOPE_BEGIN|[148]|c|Class__c|true|false
02:13:19.1 (124286573)|VARIABLE_ASSIGNMENT|[148]|c|{"Id":"a0H0o00000fJQOvEAO","NumberOfStudents__c":1}|0x616d7374
02:13:19.1 (124294125)|STATEMENT_EXECUTE|[149]
02:13:19.1 (124365419)|STATEMENT_EXECUTE|[151]
02:13:19.1 (124367780)|STATEMENT_EXECUTE|[152]
02:13:19.1 (124371799)|HEAP_ALLOCATE|[152]|Bytes:13
02:13:19.1 (124410725)|USER_DEBUG|[152]|DEBUG|run at update
02:13:19.1 (124420796)|HEAP_ALLOCATE|[154]|Bytes:6
02:13:19.1 (124465952)|STATEMENT_EXECUTE|[159]
02:13:19.1 (124468090)|STATEMENT_EXECUTE|[160]
02:13:19.1 (124525427)|HEAP_ALLOCATE|[160]|Bytes:28
02:13:19.1 (124531546)|HEAP_ALLOCATE|[160]|Bytes:28
02:13:19.1 (124610233)|VARIABLE_ASSIGNMENT|[160]|this.NumberOfStudents__c|0|0x616d7374
02:13:19.1 (124617401)|STATEMENT_EXECUTE|[163]
02:13:19.1 (124661893)|HEAP_ALLOCATE|[163]|Bytes:8
02:13:19.1 (124678067)|DML_BEGIN|[163]|Op:Update|Type:Class__c|Rows:1
02:13:19.1 (124706456)|HEAP_ALLOCATE|[EXTERNAL]|Bytes:8
02:13:19.1 (146368993)|DML_END|[163]
02:13:19.1 (146394539)|STATEMENT_EXECUTE|[165]
02:13:19.1 (146493144)|HEAP_ALLOCATE|[148]|Bytes:5
02:13:19.1 (146520105)|HEAP_ALLOCATE|[148]|Bytes:12
02:13:19.1 (146534369)|VARIABLE_SCOPE_BEGIN|[148]|c|Class__c|true|false
02:13:19.1 (146562492)|VARIABLE_ASSIGNMENT|[148]|c|{"Id":"a0H0o00000fJQOwEAO","NumberOfStudents__c":0}|0x50de1802
02:13:19.1 (146569537)|STATEMENT_EXECUTE|[149]
02:13:19.1 (146588046)|STATEMENT_EXECUTE|[150]
02:13:19.1 (146596473)|HEAP_ALLOCATE|[148]|Bytes:5
02:13:19.1 (146607957)|VARIABLE_ASSIGNMENT|[148]|c|null|
02:13:19.1 (146626683)|METHOD_EXIT|[60]|01p0o00000GMOB6|TriggerHandle.executeNOStudentsUpdate(List<Student__c>, String)
02:13:19.1 (146632745)|STATEMENT_EXECUTE|[61]
02:13:19.1 (146637209)|HEAP_ALLOCATE|[61]|Bytes:6
02:13:19.1 (146657881)|METHOD_ENTRY|[61]|01p0o00000GMOB6|TriggerHandle.executeNOFAPStudentsUpdate(List<Student__c>, String)
02:13:19.1 (146685066)|VARIABLE_SCOPE_BEGIN|[74]|this|TriggerHandle|true|false
02:13:19.1 (146709424)|VARIABLE_ASSIGNMENT|[74]|this|{}|0x5af5a0f5
02:13:19.1 (146716442)|VARIABLE_SCOPE_BEGIN|[74]|studentList|List<Student__c>|true|false
02:13:19.1 (146927926)|VARIABLE_ASSIGNMENT|[74]|studentList|[{"LastModifiedDate":"2019-05-06T09:12:26.000Z","StudentId__c":"HS0048","IsDeleted":false,"Score1__c":7.00,"Score2__c":6.00,"Gender__c":false,"Score3__c":8.00,"Class__c":"a0H0o00000fJQOvEAO","Name":"aaaa","SystemModstamp":"2019-05-06T09:12:26.000Z","AverageScore__c":7.00,"CreatedById":"0050o00000WkyGGAAZ","Birthday__c":"2019-05-11T00:00:00.000Z","Namel__c":"a","CreatedDate":"2019-05-06T09:12:26.000Z","Id":"a0I0o000013dxJyEAI","LastModifiedById":"0050o00000WkyGGAAZ","State__c":"Passed","Namef__c":"aaa"}]|0xdd5a699
02:13:19.1 (146941852)|VARIABLE_SCOPE_BEGIN|[74]|action|String|false|false
02:13:19.1 (146950980)|VARIABLE_ASSIGNMENT|[74]|action|"update"
02:13:19.1 (146963845)|HEAP_ALLOCATE|[76]|Bytes:5
02:13:19.1 (146974221)|STATEMENT_EXECUTE|[75]
02:13:19.1 (146976142)|STATEMENT_EXECUTE|[76]
02:13:19.1 (146993867)|HEAP_ALLOCATE|[76]|Bytes:4
02:13:19.1 (147005163)|VARIABLE_SCOPE_BEGIN|[76]|classIDMapWithPassedStudents|Map<Id,Integer>|true|false
02:13:19.1 (147022025)|VARIABLE_ASSIGNMENT|[76]|classIDMapWithPassedStudents|{}|0x7ab4598d
02:13:19.1 (147027755)|STATEMENT_EXECUTE|[77]
02:13:19.1 (147034333)|HEAP_ALLOCATE|[77]|Bytes:4
02:13:19.1 (147040539)|VARIABLE_SCOPE_BEGIN|[77]|classIDMapWithFaliedStudents|Map<Id,Integer>|true|false
02:13:19.1 (147051181)|VARIABLE_ASSIGNMENT|[77]|classIDMapWithFaliedStudents|{}|0x77163ab7
02:13:19.1 (147092874)|HEAP_ALLOCATE|[80]|Bytes:5
02:13:19.1 (147111876)|VARIABLE_SCOPE_BEGIN|[80]|s|Student__c|true|false
02:13:19.1 (147259021)|VARIABLE_ASSIGNMENT|[80]|s|{"LastModifiedDate":"2019-05-06T09:12:26.000Z","StudentId__c":"HS0048","IsDeleted":false,"Score1__c":7.00,"Score2__c":6.00,"Gender__c":false,"Score3__c":8.00,"Class__c":"a0H0o00000fJQOvEAO","Name":"aaaa","SystemModstamp":"2019-05-06T09:12:26.000Z","AverageScore__c":7.00,"CreatedById":"0050o00000WkyGGAAZ","Birthday__c":"2019-05-11T00:00:00.000Z","Namel__c":"a","CreatedDate":"2019-05-06T09:12:26.000Z","Id":"a0I0o000013dxJyEAI","LastModifiedById":"0050o00000WkyGGAAZ","State__c":"Passed","Namef__c":"aaa"}|0x102f4e36
02:13:19.1 (147271098)|STATEMENT_EXECUTE|[81]
02:13:19.1 (147298654)|HEAP_ALLOCATE|[83]|Bytes:6
02:13:19.1 (147344212)|STATEMENT_EXECUTE|[84]
02:13:19.1 (147370695)|STATEMENT_EXECUTE|[90]
02:13:19.1 (147372962)|STATEMENT_EXECUTE|[91]
02:13:19.1 (147391698)|HEAP_ALLOCATE|[91]|Bytes:4
02:13:19.1 (147400890)|HEAP_ALLOCATE|[EXTERNAL]|Bytes:-4
02:13:19.1 (147419282)|HEAP_ALLOCATE|[80]|Bytes:5
02:13:19.1 (147431701)|VARIABLE_ASSIGNMENT|[80]|s|null|
02:13:19.1 (147436732)|STATEMENT_EXECUTE|[107]
02:13:19.1 (147440261)|HEAP_ALLOCATE|[107]|Bytes:77
02:13:19.1 (147455116)|HEAP_ALLOCATE|[107]|Bytes:4
02:13:19.1 (147672905)|SOQL_EXECUTE_BEGIN|[107]|Aggregations:0|SELECT id, NumberOfFailedStudents__c, NumberOfPassedStudents__c FROM Class__c
02:13:19.1 (149687179)|SOQL_EXECUTE_END|[107]|Rows:2
02:13:19.1 (149709227)|HEAP_ALLOCATE|[107]|Bytes:12
02:13:19.1 (149730512)|HEAP_ALLOCATE|[107]|Bytes:318
02:13:19.1 (149764158)|HEAP_ALLOCATE|[107]|Bytes:12
02:13:19.1 (149776352)|VARIABLE_SCOPE_BEGIN|[107]|classList|List<Class__c>|true|false
02:13:19.1 (149805885)|VARIABLE_ASSIGNMENT|[107]|classList|[{"Id":"a0H0o00000fJQOvEAO","NumberOfFailedStudents__c":0,"NumberOfPassedStudents__c":1},{"Id":"a0H0o00000fJQOwEAO","NumberOfFailedStudents__c":0,"NumberOfPassedStudents__c":0}]|0x58c9aed6
02:13:19.1 (149849328)|HEAP_ALLOCATE|[109]|Bytes:5
02:13:19.1 (149863582)|HEAP_ALLOCATE|[109]|Bytes:16
02:13:19.1 (149871227)|VARIABLE_SCOPE_BEGIN|[109]|c|Class__c|true|false
02:13:19.1 (149888719)|VARIABLE_ASSIGNMENT|[109]|c|{"Id":"a0H0o00000fJQOvEAO","NumberOfFailedStudents__c":0,"NumberOfPassedStudents__c":1}|0x16308568
02:13:19.1 (149895014)|STATEMENT_EXECUTE|[110]
02:13:19.1 (149930222)|STATEMENT_EXECUTE|[112]
02:13:19.1 (149949994)|STATEMENT_EXECUTE|[120]
02:13:19.1 (149951927)|STATEMENT_EXECUTE|[121]
02:13:19.1 (149985575)|HEAP_ALLOCATE|[121]|Bytes:28
02:13:19.1 (149991451)|HEAP_ALLOCATE|[121]|Bytes:28
02:13:19.1 (150055331)|VARIABLE_ASSIGNMENT|[121]|this.NumberOfPassedStudents__c|1|0x16308568
02:13:19.1 (150063549)|STATEMENT_EXECUTE|[122]
02:13:19.1 (150093580)|HEAP_ALLOCATE|[122]|Bytes:8
02:13:19.1 (150108752)|DML_BEGIN|[122]|Op:Update|Type:Class__c|Rows:1
02:13:19.1 (150135502)|HEAP_ALLOCATE|[EXTERNAL]|Bytes:8
02:13:19.1 (161630417)|DML_END|[122]
02:13:19.1 (161648892)|STATEMENT_EXECUTE|[123]
02:13:19.1 (161721540)|HEAP_ALLOCATE|[109]|Bytes:5
02:13:19.1 (161741612)|HEAP_ALLOCATE|[109]|Bytes:16
02:13:19.1 (161752542)|VARIABLE_SCOPE_BEGIN|[109]|c|Class__c|true|false
02:13:19.1 (161780607)|VARIABLE_ASSIGNMENT|[109]|c|{"Id":"a0H0o00000fJQOwEAO","NumberOfFailedStudents__c":0,"NumberOfPassedStudents__c":0}|0x457d385d
02:13:19.1 (161787184)|STATEMENT_EXECUTE|[110]
02:13:19.1 (161804360)|STATEMENT_EXECUTE|[112]
02:13:19.1 (161813023)|STATEMENT_EXECUTE|[119]
02:13:19.1 (161821827)|HEAP_ALLOCATE|[109]|Bytes:5
02:13:19.1 (161833332)|VARIABLE_ASSIGNMENT|[109]|c|null|
02:13:19.1 (161848918)|METHOD_EXIT|[61]|01p0o00000GMOB6|TriggerHandle.executeNOFAPStudentsUpdate(List<Student__c>, String)
02:13:19.1 (161857374)|SYSTEM_MODE_EXIT|false
02:13:19.1 (161867267)|METHOD_EXIT|[22]|01p0o00000GMOB6|TriggerHandle.onAfterDelete(List<Student__c>)
02:13:19.161 (161877640)|CUMULATIVE_LIMIT_USAGE
02:13:19.161 (161877640)|LIMIT_USAGE_FOR_NS|(default)|
  Number of SOQL queries: 3 out of 100
  Number of query rows: 5 out of 50000
  Number of SOSL queries: 0 out of 20
  Number of DML statements: 3 out of 150
  Number of DML rows: 3 out of 10000
  Maximum CPU time: 0 out of 10000
  Maximum heap size: 0 out of 6000000
  Number of callouts: 0 out of 100
  Number of Email Invocations: 0 out of 10
  Number of future calls: 0 out of 50
  Number of queueable jobs added to the queue: 0 out of 50
  Number of Mobile Apex push calls: 0 out of 10

02:13:19.161 (161877640)|CUMULATIVE_LIMIT_USAGE_END

02:13:19.1 (163105601)|CODE_UNIT_FINISHED|triggerStudent on Student trigger event AfterDelete|__sfdc_trigger/triggerStudent
02:13:19.1 (164841030)|DML_END|[4]
02:13:19.1 (164873094)|HEAP_ALLOCATE|[2]|Bytes:5
02:13:19.1 (164893842)|VARIABLE_ASSIGNMENT|[2]|s|null|
02:13:19.171 (171803236)|CUMULATIVE_LIMIT_USAGE
02:13:19.171 (171803236)|LIMIT_USAGE_FOR_NS|(default)|
  Number of SOQL queries: 3 out of 100
  Number of query rows: 5 out of 50000
  Number of SOSL queries: 0 out of 20
  Number of DML statements: 3 out of 150
  Number of DML rows: 3 out of 10000
  Maximum CPU time: 0 out of 10000
  Maximum heap size: 0 out of 6000000
  Number of callouts: 0 out of 100
  Number of Email Invocations: 0 out of 10
  Number of future calls: 0 out of 50
  Number of queueable jobs added to the queue: 0 out of 50
  Number of Mobile Apex push calls: 0 out of 10

02:13:19.171 (171803236)|CUMULATIVE_LIMIT_USAGE_END

02:13:19.1 (171843521)|CODE_UNIT_FINISHED|execute_anonymous_apex
02:13:19.1 (172722086)|EXECUTION_FINISHED
