36.0 APEX_CODE,FINEST;APEX_PROFILING,INFO;CALLOUT,INFO;DB,INFO;NBA,INFO;SYSTEM,DEBUG;VALIDATION,INFO;VISUALFORCE,INFO;WAVE,INFO;WORKFLOW,INFO
01:43:58.0 (378450)|USER_INFO|[EXTERNAL]|0050o00000WkyGG|ttvy@keizu.co.jp|Pacific Standard Time|GMT-07:00
01:43:58.0 (409304)|EXECUTION_STARTED
01:43:58.0 (413873)|CODE_UNIT_STARTED|[EXTERNAL]|01p0o00000GMVtN|ImportDataPatch
01:43:58.0 (4036088)|HEAP_ALLOCATE|[EXTERNAL]|Bytes:4
01:43:58.0 (8738069)|HEAP_ALLOCATE|[72]|Bytes:3
01:43:58.0 (8780628)|HEAP_ALLOCATE|[77]|Bytes:152
01:43:58.0 (8795348)|HEAP_ALLOCATE|[342]|Bytes:408
01:43:58.0 (8807277)|HEAP_ALLOCATE|[355]|Bytes:408
01:43:58.0 (8818285)|HEAP_ALLOCATE|[467]|Bytes:48
01:43:58.0 (8848397)|HEAP_ALLOCATE|[139]|Bytes:6
01:43:58.0 (8892398)|HEAP_ALLOCATE|[EXTERNAL]|Bytes:11
01:43:58.0 (8911271)|SYSTEM_METHOD_ENTRY|[15]|BatchableContextImpl.BatchableContextImpl()
01:43:58.0 (8919536)|STATEMENT_EXECUTE|[15]
01:43:58.0 (8934655)|SYSTEM_METHOD_EXIT|[15]|BatchableContextImpl
01:43:58.0 (8942563)|HEAP_ALLOCATE|[EXTERNAL]|Bytes:12
01:43:58.0 (8946867)|HEAP_ALLOCATE|[EXTERNAL]|Bytes:4
01:43:58.0 (8950605)|HEAP_ALLOCATE|[EXTERNAL]|Bytes:4
01:43:58.0 (8964215)|VARIABLE_SCOPE_BEGIN|[31]|this|Database.BatchableContextImpl|true|false
01:43:58.0 (9029753)|VARIABLE_ASSIGNMENT|[31]|this|{}|0x5233b8a0
01:43:58.0 (9038716)|VARIABLE_SCOPE_BEGIN|[31]|jobId|Id|false|false
01:43:58.0 (9171937)|VARIABLE_ASSIGNMENT|[31]|jobId|"7070o0000BzGiWpAQK"
01:43:58.0 (9181968)|VARIABLE_SCOPE_BEGIN|[31]|childJobId|Id|false|false
01:43:58.0 (9216889)|VARIABLE_ASSIGNMENT|[31]|childJobId|"7070o0000BzGilUAQS"
01:43:58.0 (24836201)|HEAP_ALLOCATE|[EXTERNAL]|Bytes:12
01:43:58.166 (166474072)|CUMULATIVE_LIMIT_USAGE
01:43:58.166 (166474072)|LIMIT_USAGE_FOR_NS|(default)|
  Number of SOQL queries: 0 out of 200
  Number of query rows: 0 out of 50000
  Number of SOSL queries: 0 out of 20
  Number of DML statements: 0 out of 150
  Number of DML rows: 0 out of 10000
  Maximum CPU time: 0 out of 60000
  Maximum heap size: 0 out of 12000000
  Number of callouts: 0 out of 0
  Number of Email Invocations: 0 out of 10
  Number of future calls: 0 out of 0
  Number of queueable jobs added to the queue: 0 out of 1
  Number of Mobile Apex push calls: 0 out of 10

01:43:58.166 (166474072)|CUMULATIVE_LIMIT_USAGE_END

01:43:58.0 (166530890)|CODE_UNIT_FINISHED|ImportDataPatch
01:43:58.0 (167416483)|EXECUTION_FINISHED
