36.0 APEX_CODE,FINEST;APEX_PROFILING,INFO;CALLOUT,INFO;DB,INFO;NBA,INFO;SYSTEM,DEBUG;VALIDATION,INFO;VISUALFORCE,INFO;WAVE,INFO;WORKFLOW,INFO
01:04:08.0 (462622)|USER_INFO|[EXTERNAL]|0050o00000WkyGG|ttvy@keizu.co.jp|Pacific Standard Time|GMT-07:00
01:04:08.0 (502305)|EXECUTION_STARTED
01:04:08.0 (507134)|CODE_UNIT_STARTED|[EXTERNAL]|0660o000008sEYc|VF: /apex/MainPage
01:04:08.0 (2872360)|SYSTEM_MODE_ENTER|true
01:04:08.0 (3262383)|HEAP_ALLOCATE|[72]|Bytes:3
01:04:08.0 (3307448)|HEAP_ALLOCATE|[77]|Bytes:152
01:04:08.0 (3323145)|HEAP_ALLOCATE|[342]|Bytes:408
01:04:08.0 (3336762)|HEAP_ALLOCATE|[355]|Bytes:408
01:04:08.0 (3349807)|HEAP_ALLOCATE|[467]|Bytes:48
01:04:08.0 (3377984)|HEAP_ALLOCATE|[139]|Bytes:6
01:04:08.0 (3399242)|HEAP_ALLOCATE|[EXTERNAL]|Bytes:120
01:04:08.0 (3405594)|HEAP_ALLOCATE|[EXTERNAL]|Bytes:13
01:04:08.0 (3416086)|METHOD_ENTRY|[1]|01p0o00000GLKhZ|Controller.Controller()
01:04:08.0 (3422460)|STATEMENT_EXECUTE|[1]
01:04:08.0 (3428481)|STATEMENT_EXECUTE|[1]
01:04:08.0 (3455483)|HEAP_ALLOCATE|[50]|Bytes:5
01:04:08.0 (3475417)|HEAP_ALLOCATE|[56]|Bytes:5
01:04:08.0 (3483549)|HEAP_ALLOCATE|[64]|Bytes:7
01:04:08.0 (3501399)|SYSTEM_MODE_ENTER|false
01:04:08.0 (3514683)|HEAP_ALLOCATE|[EXTERNAL]|Bytes:5
01:04:08.0 (3521606)|SYSTEM_MODE_EXIT|false
01:04:08.0 (3529522)|METHOD_EXIT|[1]|Controller
01:04:08.0 (3548797)|HEAP_ALLOCATE|[EXTERNAL]|Bytes:12
01:04:08.0 (3558597)|VARIABLE_SCOPE_BEGIN|[1]|this|Controller|true|false
01:04:08.0 (3600606)|VARIABLE_ASSIGNMENT|[1]|this|{}|0xd8e89d3
01:04:08.0 (3612869)|SYSTEM_MODE_ENTER|false
01:04:08.0 (3620248)|HEAP_ALLOCATE|[EXTERNAL]|Bytes:5
01:04:08.0 (3629740)|HEAP_ALLOCATE|[EXTERNAL]|Bytes:6
01:04:08.0 (3667174)|SYSTEM_MODE_EXIT|false
01:04:08.0 (3673678)|STATEMENT_EXECUTE|[1]
01:04:08.0 (3678468)|SYSTEM_MODE_ENTER|false
01:04:08.0 (3684573)|HEAP_ALLOCATE|[EXTERNAL]|Bytes:5
01:04:08.0 (3688725)|STATEMENT_EXECUTE|[2]
01:04:08.0 (3691148)|STATEMENT_EXECUTE|[3]
01:04:08.0 (3693679)|SYSTEM_MODE_EXIT|false
01:04:08.3 (3994338)|SYSTEM_MODE_ENTER|true
01:04:08.3 (4027203)|HEAP_ALLOCATE|[EXTERNAL]|Bytes:38
01:04:08.3 (4034395)|HEAP_ALLOCATE|[EXTERNAL]|Bytes:7
01:04:08.4 (4184326)|SYSTEM_MODE_ENTER|true
01:04:08.4 (4261757)|HEAP_ALLOCATE|[EXTERNAL]|Bytes:8
01:04:08.4 (4270953)|VARIABLE_SCOPE_BEGIN|[88]|this|ApexPage.PageMessagesComponentController|true|false
01:04:08.4 (4329502)|VARIABLE_ASSIGNMENT|[88]|this|{}|0x17fabd61
01:04:08.4 (4338786)|VARIABLE_SCOPE_BEGIN|[88]|escape|Boolean|false|false
01:04:08.4 (4349259)|VARIABLE_ASSIGNMENT|[88]|escape|null
01:04:08.4 (4526779)|SYSTEM_MODE_ENTER|true
01:04:08.4 (4583034)|HEAP_ALLOCATE|[EXTERNAL]|Bytes:8
01:04:08.4 (4591719)|VARIABLE_SCOPE_BEGIN|[2]|this|ApexPage.PageMessagesComponentController|true|false
01:04:08.4 (4615174)|VARIABLE_ASSIGNMENT|[2]|this|{}|0x17fabd61
01:04:08.0 (5481795)|SYSTEM_MODE_ENTER|true
01:04:08.0 (6383375)|SYSTEM_MODE_ENTER|true
01:04:08.0 (6592225)|SYSTEM_MODE_ENTER|true
01:04:08.0 (6647149)|HEAP_ALLOCATE|[EXTERNAL]|Bytes:12
01:04:08.0 (6658338)|VARIABLE_SCOPE_BEGIN|[8]|this|Controller|true|false
01:04:08.0 (6681986)|VARIABLE_ASSIGNMENT|[8]|this|{}|0xd8e89d3
01:04:08.0 (6697593)|SYSTEM_MODE_ENTER|false
01:04:08.0 (6706389)|HEAP_ALLOCATE|[9]|Bytes:5
01:04:08.0 (6713092)|STATEMENT_EXECUTE|[8]
01:04:08.0 (6715239)|STATEMENT_EXECUTE|[9]
01:04:08.0 (6728046)|HEAP_ALLOCATE|[9]|Bytes:4
01:04:08.0 (6761692)|VARIABLE_SCOPE_BEGIN|[9]|options|List<System.SelectOption>|true|false
01:04:08.0 (6788990)|HEAP_ALLOCATE|[EXTERNAL]|Bytes:4
01:04:08.0 (6803748)|VARIABLE_ASSIGNMENT|[9]|options|[]|0x743d2f57
01:04:08.0 (6810967)|STATEMENT_EXECUTE|[10]
01:04:08.0 (6815783)|HEAP_ALLOCATE|[10]|Bytes:33
01:04:08.0 (6836575)|HEAP_ALLOCATE|[10]|Bytes:4
01:04:08.0 (7125244)|SOQL_EXECUTE_BEGIN|[10]|Aggregations:0|SELECT className__C FROM Class__c
01:04:08.0 (21824575)|SOQL_EXECUTE_END|[10]|Rows:4
01:04:08.0 (21871356)|HEAP_ALLOCATE|[10]|Bytes:20
01:04:08.0 (21905073)|HEAP_ALLOCATE|[10]|Bytes:193
01:04:08.0 (22027911)|HEAP_ALLOCATE|[10]|Bytes:20
01:04:08.0 (22057257)|VARIABLE_SCOPE_BEGIN|[10]|data|List<Class__c>|true|false
01:04:08.0 (22105310)|VARIABLE_ASSIGNMENT|[10]|data|[{"className__c":"Name","Id":"a0H0o00000fIXZEEA4"},{"className__c":"L02","Id":"a0H0o00000fIXflEAG"},{"className__c":"L01","Id":"a0H0o00000fIXZYEA4"},{"className__c":"L03","Id":"a0H0o00000fIXg0EAG"}]|0x6c7b45dc
01:04:08.0 (22356733)|HEAP_ALLOCATE|[11]|Bytes:5
01:04:08.0 (22394840)|HEAP_ALLOCATE|[11]|Bytes:12
01:04:08.0 (22409025)|VARIABLE_SCOPE_BEGIN|[11]|c|Class__c|true|false
01:04:08.0 (22429193)|VARIABLE_ASSIGNMENT|[11]|c|{"className__c":"Name","Id":"a0H0o00000fIXZEEA4"}|0xa4b7c23
01:04:08.0 (22445335)|STATEMENT_EXECUTE|[11]
01:04:08.0 (22448709)|STATEMENT_EXECUTE|[12]
01:04:08.0 (22463406)|HEAP_ALLOCATE|[12]|Bytes:12
01:04:08.0 (22580851)|HEAP_ALLOCATE|[12]|Bytes:4
01:04:08.0 (22628046)|HEAP_ALLOCATE|[12]|Bytes:4
01:04:08.0 (22688326)|HEAP_ALLOCATE|[EXTERNAL]|Bytes:4
01:04:08.0 (22708770)|HEAP_ALLOCATE|[11]|Bytes:5
01:04:08.0 (22723077)|HEAP_ALLOCATE|[11]|Bytes:12
01:04:08.0 (22734446)|VARIABLE_SCOPE_BEGIN|[11]|c|Class__c|true|false
01:04:08.0 (22752946)|VARIABLE_ASSIGNMENT|[11]|c|{"className__c":"L02","Id":"a0H0o00000fIXflEAG"}|0x1248f9d1
01:04:08.0 (22760566)|STATEMENT_EXECUTE|[11]
01:04:08.0 (22762420)|STATEMENT_EXECUTE|[12]
01:04:08.0 (22802559)|HEAP_ALLOCATE|[12]|Bytes:3
01:04:08.0 (22834565)|HEAP_ALLOCATE|[12]|Bytes:3
01:04:08.0 (22859616)|HEAP_ALLOCATE|[EXTERNAL]|Bytes:4
01:04:08.0 (22875203)|HEAP_ALLOCATE|[11]|Bytes:5
01:04:08.0 (22887267)|HEAP_ALLOCATE|[11]|Bytes:12
01:04:08.0 (22894452)|VARIABLE_SCOPE_BEGIN|[11]|c|Class__c|true|false
01:04:08.0 (22915234)|VARIABLE_ASSIGNMENT|[11]|c|{"className__c":"L01","Id":"a0H0o00000fIXZYEA4"}|0x25278f6a
01:04:08.0 (22922458)|STATEMENT_EXECUTE|[11]
01:04:08.0 (22924318)|STATEMENT_EXECUTE|[12]
01:04:08.0 (22959056)|HEAP_ALLOCATE|[12]|Bytes:3
01:04:08.0 (22992728)|HEAP_ALLOCATE|[12]|Bytes:3
01:04:08.0 (23011869)|HEAP_ALLOCATE|[EXTERNAL]|Bytes:4
01:04:08.0 (23030311)|HEAP_ALLOCATE|[11]|Bytes:5
01:04:08.0 (23042142)|HEAP_ALLOCATE|[11]|Bytes:12
01:04:08.0 (23048567)|VARIABLE_SCOPE_BEGIN|[11]|c|Class__c|true|false
01:04:08.0 (23064216)|VARIABLE_ASSIGNMENT|[11]|c|{"className__c":"L03","Id":"a0H0o00000fIXg0EAG"}|0x167513db
01:04:08.0 (23072557)|STATEMENT_EXECUTE|[11]
01:04:08.0 (23075253)|STATEMENT_EXECUTE|[12]
01:04:08.0 (23106351)|HEAP_ALLOCATE|[12]|Bytes:3
01:04:08.0 (23140476)|HEAP_ALLOCATE|[12]|Bytes:3
01:04:08.0 (23159187)|HEAP_ALLOCATE|[EXTERNAL]|Bytes:4
01:04:08.0 (23172751)|HEAP_ALLOCATE|[11]|Bytes:5
01:04:08.0 (23187623)|VARIABLE_ASSIGNMENT|[11]|c|null|
01:04:08.0 (23197990)|STATEMENT_EXECUTE|[15]
01:04:08.0 (23204623)|SYSTEM_MODE_EXIT|false
01:04:08.24 (24937541)|SYSTEM_MODE_ENTER|true
01:04:08.24 (25040104)|HEAP_ALLOCATE|[EXTERNAL]|Bytes:8
01:04:08.24 (25054091)|VARIABLE_SCOPE_BEGIN|[88]|this|ApexPage.PageMessagesComponentController|true|false
01:04:08.24 (25097687)|VARIABLE_ASSIGNMENT|[88]|this|{}|0x17fabd61
01:04:08.24 (25106601)|VARIABLE_SCOPE_BEGIN|[88]|escape|Boolean|false|false
01:04:08.24 (25119179)|VARIABLE_ASSIGNMENT|[88]|escape|null
01:04:08.25 (25283745)|SYSTEM_MODE_ENTER|true
01:04:08.25 (25346814)|HEAP_ALLOCATE|[EXTERNAL]|Bytes:8
01:04:08.25 (25358723)|VARIABLE_SCOPE_BEGIN|[2]|this|ApexPage.PageMessagesComponentController|true|false
01:04:08.25 (25384145)|VARIABLE_ASSIGNMENT|[2]|this|{}|0x17fabd61
01:04:08.0 (28280750)|VF_SERIALIZE_VIEWSTATE_BEGIN|0660o000008sEYc
01:04:08.0 (38955596)|VF_SERIALIZE_VIEWSTATE_END
01:04:08.0 (41098485)|CODE_UNIT_STARTED|[EXTERNAL]|Generate Metadata
01:04:08.0 (42303942)|CODE_UNIT_FINISHED|Generate Metadata
01:04:08.45 (45969391)|CUMULATIVE_LIMIT_USAGE
01:04:08.45 (45969391)|LIMIT_USAGE_FOR_NS|(default)|
  Number of SOQL queries: 1 out of 100
  Number of query rows: 4 out of 50000
  Number of SOSL queries: 0 out of 20
  Number of DML statements: 0 out of 150
  Number of DML rows: 0 out of 10000
  Maximum CPU time: 0 out of 10000
  Maximum heap size: 0 out of 6000000
  Number of callouts: 0 out of 100
  Number of Email Invocations: 0 out of 10
  Number of future calls: 0 out of 50
  Number of queueable jobs added to the queue: 0 out of 50
  Number of Mobile Apex push calls: 0 out of 10

01:04:08.45 (45969391)|CUMULATIVE_LIMIT_USAGE_END

01:04:08.0 (46035880)|CODE_UNIT_FINISHED|VF: /apex/MainPage
01:04:08.0 (47625738)|EXECUTION_FINISHED
