36.0 APEX_CODE,FINEST;APEX_PROFILING,INFO;CALLOUT,INFO;DB,INFO;NBA,INFO;SYSTEM,DEBUG;VALIDATION,INFO;VISUALFORCE,INFO;WAVE,INFO;WORKFLOW,INFO
02:32:48.0 (476718)|USER_INFO|[EXTERNAL]|0050o00000WkyGG|ttvy@keizu.co.jp|Pacific Standard Time|GMT-07:00
02:32:48.0 (521365)|EXECUTION_STARTED
02:32:48.0 (527371)|CODE_UNIT_STARTED|[EXTERNAL]|0660o000008sEYc|VF: /apex/MainPage
02:32:48.0 (1093772)|VF_DESERIALIZE_VIEWSTATE_BEGIN|0660o000008sEYc
02:32:48.0 (7580611)|HEAP_ALLOCATE|[72]|Bytes:3
02:32:48.0 (7627491)|HEAP_ALLOCATE|[77]|Bytes:152
02:32:48.0 (7640841)|HEAP_ALLOCATE|[342]|Bytes:408
02:32:48.0 (7653753)|HEAP_ALLOCATE|[355]|Bytes:408
02:32:48.0 (7666318)|HEAP_ALLOCATE|[467]|Bytes:48
02:32:48.0 (7692121)|HEAP_ALLOCATE|[139]|Bytes:6
02:32:48.0 (7716136)|HEAP_ALLOCATE|[50]|Bytes:5
02:32:48.0 (7735676)|HEAP_ALLOCATE|[56]|Bytes:5
02:32:48.0 (7743423)|HEAP_ALLOCATE|[64]|Bytes:7
02:32:48.0 (11614631)|VF_DESERIALIZE_VIEWSTATE_END
02:32:48.0 (12431418)|SYSTEM_MODE_ENTER|true
02:32:48.0 (12481376)|HEAP_ALLOCATE|[EXTERNAL]|Bytes:19
02:32:48.0 (12498346)|HEAP_ALLOCATE|[EXTERNAL]|Bytes:252
02:32:48.0 (12505593)|HEAP_ALLOCATE|[EXTERNAL]|Bytes:55
02:32:48.0 (12512204)|HEAP_ALLOCATE|[EXTERNAL]|Bytes:10
02:32:48.0 (12535881)|METHOD_ENTRY|[1]|01p0o00000GLKhZ|Controller.Controller()
02:32:48.0 (12549159)|STATEMENT_EXECUTE|[1]
02:32:48.0 (12561865)|STATEMENT_EXECUTE|[1]
02:32:48.0 (12574392)|SYSTEM_MODE_ENTER|false
02:32:48.0 (12590552)|HEAP_ALLOCATE|[EXTERNAL]|Bytes:5
02:32:48.0 (12598513)|STATEMENT_EXECUTE|[16]
02:32:48.0 (12601283)|STATEMENT_EXECUTE|[32]
02:32:48.0 (12607128)|SYSTEM_MODE_EXIT|false
02:32:48.0 (12622089)|METHOD_EXIT|[1]|Controller
02:32:48.0 (12709958)|HEAP_ALLOCATE|[EXTERNAL]|Bytes:184
02:32:48.0 (12721340)|HEAP_ALLOCATE|[EXTERNAL]|Bytes:17
02:32:48.17 (17203076)|SYSTEM_MODE_ENTER|true
02:32:48.17 (17305759)|HEAP_ALLOCATE|[EXTERNAL]|Bytes:38
02:32:48.17 (17321993)|HEAP_ALLOCATE|[EXTERNAL]|Bytes:7
02:32:48.18 (18517390)|SYSTEM_MODE_ENTER|true
02:32:48.18 (18610801)|HEAP_ALLOCATE|[EXTERNAL]|Bytes:8
02:32:48.18 (18623194)|VARIABLE_SCOPE_BEGIN|[88]|this|ApexPage.PageMessagesComponentController|true|false
02:32:48.18 (18774333)|VARIABLE_ASSIGNMENT|[88]|this|{}|0x268e705a
02:32:48.18 (18787976)|VARIABLE_SCOPE_BEGIN|[88]|escape|Boolean|false|false
02:32:48.18 (18800458)|VARIABLE_ASSIGNMENT|[88]|escape|null
02:32:48.0 (18996327)|SYSTEM_MODE_ENTER|true
02:32:48.0 (20064239)|SYSTEM_MODE_ENTER|true
02:32:48.0 (20272814)|SYSTEM_MODE_ENTER|true
02:32:48.0 (20612907)|HEAP_ALLOCATE|[EXTERNAL]|Bytes:36
02:32:48.0 (20630679)|VARIABLE_SCOPE_BEGIN|[66]|this|Controller|true|false
02:32:48.0 (20720661)|VARIABLE_ASSIGNMENT|[66]|this|{"objKeySearch":"0x39e4c3c4","OutputList":"0x5f2deb10","student":"0x790e9d08","sumstudents":"Total Students : 3"}|0x5af88b59
02:32:48.0 (20749901)|SYSTEM_MODE_ENTER|false
02:32:48.0 (20761849)|HEAP_ALLOCATE|[67]|Bytes:5
02:32:48.0 (20770442)|STATEMENT_EXECUTE|[66]
02:32:48.0 (20773328)|STATEMENT_EXECUTE|[67]
02:32:48.0 (20788707)|HEAP_ALLOCATE|[67]|Bytes:4
02:32:48.0 (20835641)|VARIABLE_SCOPE_BEGIN|[67]|options|List<System.SelectOption>|true|false
02:32:48.0 (20870476)|HEAP_ALLOCATE|[EXTERNAL]|Bytes:4
02:32:48.0 (20885918)|VARIABLE_ASSIGNMENT|[67]|options|[]|0x685d394b
02:32:48.0 (20894965)|STATEMENT_EXECUTE|[68]
02:32:48.0 (20899661)|HEAP_ALLOCATE|[68]|Bytes:33
02:32:48.0 (20920204)|HEAP_ALLOCATE|[68]|Bytes:4
02:32:48.0 (21970215)|SOQL_EXECUTE_BEGIN|[68]|Aggregations:0|SELECT className__C FROM Class__c
02:32:48.0 (24960568)|SOQL_EXECUTE_END|[68]|Rows:2
02:32:48.0 (25000307)|HEAP_ALLOCATE|[68]|Bytes:12
02:32:48.0 (25023323)|HEAP_ALLOCATE|[68]|Bytes:101
02:32:48.0 (25128825)|HEAP_ALLOCATE|[68]|Bytes:12
02:32:48.0 (25148945)|VARIABLE_SCOPE_BEGIN|[68]|data|List<Class__c>|true|false
02:32:48.0 (25181898)|VARIABLE_ASSIGNMENT|[68]|data|[{"className__c":"Math","Id":"a0H0o00000fJhjeEAC"},{"className__c":"English","Id":"a0H0o00000fJhjfEAC"}]|0x6c96670f
02:32:48.0 (25413325)|HEAP_ALLOCATE|[69]|Bytes:5
02:32:48.0 (25438108)|HEAP_ALLOCATE|[69]|Bytes:12
02:32:48.0 (25447650)|VARIABLE_SCOPE_BEGIN|[69]|c|Class__c|true|false
02:32:48.0 (25466254)|VARIABLE_ASSIGNMENT|[69]|c|{"className__c":"Math","Id":"a0H0o00000fJhjeEAC"}|0x788cf62c
02:32:48.0 (25473459)|STATEMENT_EXECUTE|[69]
02:32:48.0 (25475683)|STATEMENT_EXECUTE|[70]
02:32:48.0 (25485635)|HEAP_ALLOCATE|[70]|Bytes:12
02:32:48.0 (25601235)|HEAP_ALLOCATE|[70]|Bytes:4
02:32:48.0 (25671411)|HEAP_ALLOCATE|[70]|Bytes:4
02:32:48.0 (25736263)|HEAP_ALLOCATE|[EXTERNAL]|Bytes:4
02:32:48.0 (25754848)|HEAP_ALLOCATE|[69]|Bytes:5
02:32:48.0 (25768504)|HEAP_ALLOCATE|[69]|Bytes:12
02:32:48.0 (25776328)|VARIABLE_SCOPE_BEGIN|[69]|c|Class__c|true|false
02:32:48.0 (25794537)|VARIABLE_ASSIGNMENT|[69]|c|{"className__c":"English","Id":"a0H0o00000fJhjfEAC"}|0x31503945
02:32:48.0 (25801015)|STATEMENT_EXECUTE|[69]
02:32:48.0 (25802895)|STATEMENT_EXECUTE|[70]
02:32:48.0 (25843308)|HEAP_ALLOCATE|[70]|Bytes:7
02:32:48.0 (25873350)|HEAP_ALLOCATE|[70]|Bytes:7
02:32:48.0 (25890646)|HEAP_ALLOCATE|[EXTERNAL]|Bytes:4
02:32:48.0 (25906964)|HEAP_ALLOCATE|[69]|Bytes:5
02:32:48.0 (25924539)|VARIABLE_ASSIGNMENT|[69]|c|null|
02:32:48.0 (25932394)|STATEMENT_EXECUTE|[73]
02:32:48.0 (25939717)|SYSTEM_MODE_EXIT|false
02:32:48.0 (27266447)|HEAP_ALLOCATE|[EXTERNAL]|Bytes:120
02:32:48.0 (27283370)|HEAP_ALLOCATE|[EXTERNAL]|Bytes:11
02:32:48.0 (28553678)|HEAP_ALLOCATE|[EXTERNAL]|Bytes:5
02:32:48.0 (28576437)|HEAP_ALLOCATE|[EXTERNAL]|Bytes:24
02:32:48.0 (28634539)|VARIABLE_ASSIGNMENT|[EXTERNAL]|this.increasing|false|0x39e4c3c4
02:32:48.0 (28704141)|HEAP_ALLOCATE|[EXTERNAL]|Bytes:7
02:32:48.0 (28711440)|HEAP_ALLOCATE|[EXTERNAL]|Bytes:24
02:32:48.0 (28723509)|VARIABLE_ASSIGNMENT|[EXTERNAL]|this.className|"English"|0x39e4c3c4
02:32:48.29 (29273770)|SYSTEM_MODE_ENTER|true
02:32:48.29 (29361665)|HEAP_ALLOCATE|[EXTERNAL]|Bytes:8
02:32:48.29 (29374506)|VARIABLE_SCOPE_BEGIN|[88]|this|ApexPage.PageMessagesComponentController|true|false
02:32:48.29 (29407650)|VARIABLE_ASSIGNMENT|[88]|this|{}|0x268e705a
02:32:48.29 (29414717)|VARIABLE_SCOPE_BEGIN|[88]|escape|Boolean|false|false
02:32:48.29 (29422555)|VARIABLE_ASSIGNMENT|[88]|escape|null
02:32:48.0 (29775741)|HEAP_ALLOCATE|[EXTERNAL]|Bytes:5
02:32:48.0 (29790494)|HEAP_ALLOCATE|[EXTERNAL]|Bytes:12
02:32:48.0 (29804593)|VARIABLE_ASSIGNMENT|[EXTERNAL]|this.isSelected|false|0xa744c0f
02:32:48.0 (30198279)|HEAP_ALLOCATE|[EXTERNAL]|Bytes:5
02:32:48.0 (30208377)|HEAP_ALLOCATE|[EXTERNAL]|Bytes:12
02:32:48.0 (30221315)|VARIABLE_ASSIGNMENT|[EXTERNAL]|this.isSelected|false|0x404a310b
02:32:48.0 (30571223)|HEAP_ALLOCATE|[EXTERNAL]|Bytes:5
02:32:48.0 (30581331)|HEAP_ALLOCATE|[EXTERNAL]|Bytes:12
02:32:48.0 (30593499)|VARIABLE_ASSIGNMENT|[EXTERNAL]|this.isSelected|false|0x61f7a540
02:32:48.0 (31072101)|HEAP_ALLOCATE|[EXTERNAL]|Bytes:36
02:32:48.0 (31087668)|VARIABLE_SCOPE_BEGIN|[172]|this|Controller|true|false
02:32:48.0 (31139799)|VARIABLE_ASSIGNMENT|[172]|this|{"objKeySearch":"0x39e4c3c4","OutputList":"0x5f2deb10","student":"0x790e9d08","sumstudents":"Total Students : 3"}|0x5af88b59
02:32:48.0 (31161289)|SYSTEM_MODE_ENTER|false
02:32:48.0 (31172283)|HEAP_ALLOCATE|[173]|Bytes:5
02:32:48.0 (31180102)|STATEMENT_EXECUTE|[172]
02:32:48.0 (31182897)|STATEMENT_EXECUTE|[173]
02:32:48.0 (31184982)|STATEMENT_EXECUTE|[173]
02:32:48.0 (31257749)|VARIABLE_ASSIGNMENT|[EXTERNAL]|this|{"objKeySearch":"0x39e4c3c4","OutputList":"0x5f2deb10","student":"0x790e9d08","sumstudents":"Total Students : 3"}|0x5af88b59
02:32:48.0 (31309791)|VARIABLE_ASSIGNMENT|[EXTERNAL]|this|{"className":"English","increasing":false,"objStudentFrom":"0x24d49b98","objStudentTo":"0x3cb59f32","studentName":"0x763175df"}|0x39e4c3c4
02:32:48.0 (31389680)|STATEMENT_EXECUTE|[174]
02:32:48.0 (31392394)|STATEMENT_EXECUTE|[178]
02:32:48.0 (31421994)|METHOD_ENTRY|[178]|01p0o00000GLKhZ|Controller.getStudent()
02:32:48.0 (31443532)|VARIABLE_SCOPE_BEGIN|[76]|this|Controller|true|false
02:32:48.0 (31472235)|VARIABLE_ASSIGNMENT|[76]|this|{"objKeySearch":"0x39e4c3c4","OutputList":"0x5f2deb10","student":"0x790e9d08","sumstudents":"Total Students : 3"}|0x5af88b59
02:32:48.0 (31486776)|HEAP_ALLOCATE|[77]|Bytes:5
02:32:48.0 (31491392)|STATEMENT_EXECUTE|[76]
02:32:48.0 (31493099)|STATEMENT_EXECUTE|[77]
02:32:48.0 (31496506)|HEAP_ALLOCATE|[77]|Bytes:274
02:32:48.0 (31514319)|HEAP_ALLOCATE|[77]|Bytes:4
02:32:48.0 (31523913)|HEAP_ALLOCATE|[77]|Bytes:7
02:32:48.0 (31564609)|VARIABLE_ASSIGNMENT|[EXTERNAL]|this|{"objKeySearch":"0x39e4c3c4","OutputList":"0x5f2deb10","student":"0x790e9d08","sumstudents":"Total Students : 3"}|0x5af88b59
02:32:48.0 (31601190)|VARIABLE_ASSIGNMENT|[EXTERNAL]|this|{"className":"English","increasing":false,"objStudentFrom":"0x24d49b98","objStudentTo":"0x3cb59f32","studentName":"0x763175df"}|0x39e4c3c4
02:32:48.0 (31623663)|HEAP_ALLOCATE|[77]|Bytes:7
02:32:48.0 (31654726)|VARIABLE_ASSIGNMENT|[EXTERNAL]|this|{"objKeySearch":"0x39e4c3c4","OutputList":"0x5f2deb10","student":"0x790e9d08","sumstudents":"Total Students : 3"}|0x5af88b59
02:32:48.0 (31686663)|VARIABLE_ASSIGNMENT|[EXTERNAL]|this|{"className":"English","increasing":false,"objStudentFrom":"0x24d49b98","objStudentTo":"0x3cb59f32","studentName":"0x763175df"}|0x39e4c3c4
02:32:48.0 (31701589)|HEAP_ALLOCATE|[77]|Bytes:7
02:32:48.0 (31729648)|VARIABLE_ASSIGNMENT|[EXTERNAL]|this|{"objKeySearch":"0x39e4c3c4","OutputList":"0x5f2deb10","student":"0x790e9d08","sumstudents":"Total Students : 3"}|0x5af88b59
02:32:48.0 (31757848)|VARIABLE_ASSIGNMENT|[EXTERNAL]|this|{"className":"English","increasing":false,"objStudentFrom":"0x24d49b98","objStudentTo":"0x3cb59f32","studentName":"0x763175df"}|0x39e4c3c4
02:32:48.0 (31773362)|HEAP_ALLOCATE|[77]|Bytes:7
02:32:48.0 (31815590)|VARIABLE_ASSIGNMENT|[EXTERNAL]|this|{"objKeySearch":"0x39e4c3c4","OutputList":"0x5f2deb10","student":"0x790e9d08","sumstudents":"Total Students : 3"}|0x5af88b59
02:32:48.0 (31863562)|VARIABLE_ASSIGNMENT|[EXTERNAL]|this|{"className":"English","increasing":false,"objStudentFrom":"0x24d49b98","objStudentTo":"0x3cb59f32","studentName":"0x763175df"}|0x39e4c3c4
02:32:48.0 (32887859)|SOQL_EXECUTE_BEGIN|[77]|Aggregations:0|SELECT Namef__c, Namel__c, Birthday__c, Gender__c, Score1__c, Score2__c, Score3__c, AverageScore__c, State__c, StudentId__c FROM Student__c WHERE (Name LIKE :tmpVar1 OR Class__r.Name LIKE :tmpVar2 OR (Student__c.Birthday__c > :tmpVar3 AND Student__c.Birthday__c < :tmpVar4))
02:32:48.0 (41485592)|SOQL_EXECUTE_END|[77]|Rows:3
02:32:48.0 (41538610)|HEAP_ALLOCATE|[77]|Bytes:16
02:32:48.0 (41597907)|HEAP_ALLOCATE|[77]|Bytes:1108
02:32:48.0 (41702111)|HEAP_ALLOCATE|[77]|Bytes:16
02:32:48.0 (41731768)|VARIABLE_SCOPE_BEGIN|[77]|studentGetList|List<Student__c>|true|false
02:32:48.0 (41862796)|VARIABLE_ASSIGNMENT|[77]|studentGetList|[{"Namef__c":"luu","Namel__c":"bi","Birthday__c":"2008-05-09T00:00:00.000Z","Gender__c":false,"Score1__c":4.00,"Score2__c":3.00,"Score3__c":4.00,"AverageScore__c":3.67,"State__c":"Failed","StudentId__c":"HS0079","Class__c":"a0H0o00000fJhjeEAC","Id":"a0I0o000019bIZTEA2"},{"Namef__c":"truong tran","Namel__c":"vy","Birthday__c":"2011-05-04T00:00:00.000Z","Gender__c":false,"Score1__c":1.00,"Score2__c":1.00,"Score3__c":2.00,"AverageScore__c":1.33,"State__c":"Failed","StudentId__c":"HS0078","Class__c":"a0H0o00000fJhjeEAC","Id":"a0I0o000019bIZEEA2"},{"Namef__c":"tao","Namel__c":"thao","Birthday__c":"2004-05-20T00:00:00.000Z","Gender__c":false,"Score1__c":8.00,"Score2__c":7.00,"Score3__c":9.00,"AverageScore__c":8.00,"State__c":"Passed","StudentId__c":"HS0080","Class__c":"a0H0o00000fJhjeEAC","Id":"a0I0o000019bIZYEA2"}]|0x29b7ae80
02:32:48.0 (41892664)|STATEMENT_EXECUTE|[92]
02:32:48.0 (41912036)|HEAP_ALLOCATE|[92]|Bytes:4
02:32:48.0 (42033304)|VARIABLE_SCOPE_BEGIN|[92]|result|List<Controller.Output>|true|false
02:32:48.0 (42074081)|HEAP_ALLOCATE|[EXTERNAL]|Bytes:4
02:32:48.0 (42089912)|VARIABLE_ASSIGNMENT|[92]|result|[]|0x6c1a6f9d
02:32:48.0 (42313140)|HEAP_ALLOCATE|[93]|Bytes:5
02:32:48.0 (42347888)|HEAP_ALLOCATE|[93]|Bytes:52
02:32:48.0 (42364603)|VARIABLE_SCOPE_BEGIN|[93]|s|Student__c|true|false
02:32:48.0 (42420476)|VARIABLE_ASSIGNMENT|[93]|s|{"Namef__c":"luu","Namel__c":"bi","Birthday__c":"2008-05-09T00:00:00.000Z","Gender__c":false,"Score1__c":4.00,"Score2__c":3.00,"Score3__c":4.00,"AverageScore__c":3.67,"State__c":"Failed","StudentId__c":"HS0079","Class__c":"a0H0o00000fJhjeEAC","Id":"a0I0o000019bIZTEA2"}|0x31fb45f8
02:32:48.0 (42437120)|STATEMENT_EXECUTE|[93]
02:32:48.0 (42440641)|STATEMENT_EXECUTE|[94]
02:32:48.0 (42450460)|HEAP_ALLOCATE|[94]|Bytes:12
02:32:48.0 (42484850)|CONSTRUCTOR_ENTRY|[94]|01p0o00000GLKhZ|<init>(Student__c)|Controller.Output
02:32:48.0 (42528363)|VARIABLE_SCOPE_BEGIN|[35]|this|Controller.Output|true|false
02:32:48.0 (42585570)|VARIABLE_ASSIGNMENT|[35]|this|{}|0x63a90fc6
02:32:48.0 (42602631)|VARIABLE_SCOPE_BEGIN|[35]|s|Student__c|true|false
02:32:48.0 (42652361)|VARIABLE_ASSIGNMENT|[35]|s|{"Namef__c":"luu","Namel__c":"bi","Birthday__c":"2008-05-09T00:00:00.000Z","Gender__c":false,"Score1__c":4.00,"Score2__c":3.00,"Score3__c":4.00,"AverageScore__c":3.67,"State__c":"Failed","StudentId__c":"HS0079","Class__c":"a0H0o00000fJhjeEAC","Id":"a0I0o000019bIZTEA2"}|0x31fb45f8
02:32:48.0 (42671147)|STATEMENT_EXECUTE|[32]
02:32:48.0 (42673677)|STATEMENT_EXECUTE|[33]
02:32:48.0 (42675969)|STATEMENT_EXECUTE|[34]
02:32:48.0 (42689283)|HEAP_ALLOCATE|[36]|Bytes:6
02:32:48.0 (42746213)|STATEMENT_EXECUTE|[35]
02:32:48.0 (42749720)|STATEMENT_EXECUTE|[36]
02:32:48.0 (42851697)|VARIABLE_ASSIGNMENT|[EXTERNAL]|this|{}|0x63a90fc6
02:32:48.0 (42904702)|VARIABLE_ASSIGNMENT|[EXTERNAL]|value|{"Namef__c":"luu","Namel__c":"bi","Birthday__c":"2008-05-09T00:00:00.000Z","Gender__c":false,"Score1__c":4.00,"Score2__c":3.00,"Score3__c":4.00,"AverageScore__c":3.67,"State__c":"Failed","StudentId__c":"HS0079","Class__c":"a0H0o00000fJhjeEAC","Id":"a0I0o000019bIZTEA2"}|0x31fb45f8
02:32:48.0 (42966112)|VARIABLE_ASSIGNMENT|[33]|this.student|{"Namef__c":"luu","Namel__c":"bi","Birthday__c":"2008-05-09T00:00:00.000Z","Gender__c":false,"Score1__c":4.00,"Score2__c":3.00,"Score3__c":4.00,"AverageScore__c":3.67,"State__c":"Failed","StudentId__c":"HS0079","Class__c":"a0H0o00000fJhjeEAC","Id":"a0I0o000019bIZTEA2"}|0x63a90fc6
02:32:48.0 (42991740)|STATEMENT_EXECUTE|[37]
02:32:48.0 (43058567)|VARIABLE_ASSIGNMENT|[EXTERNAL]|this|{"student":"0x31fb45f8"}|0x63a90fc6
02:32:48.0 (43083166)|VARIABLE_ASSIGNMENT|[EXTERNAL]|value|false
02:32:48.0 (43095910)|HEAP_ALLOCATE|[34]|Bytes:5
02:32:48.0 (43108386)|VARIABLE_ASSIGNMENT|[34]|this.isSelected|false|0x63a90fc6
02:32:48.0 (43129941)|CONSTRUCTOR_EXIT|[94]|01p0o00000GLKhZ|<init>(Student__c)|Controller.Output
02:32:48.0 (43155472)|HEAP_ALLOCATE|[EXTERNAL]|Bytes:4
02:32:48.0 (43180690)|HEAP_ALLOCATE|[93]|Bytes:5
02:32:48.0 (43209429)|HEAP_ALLOCATE|[93]|Bytes:52
02:32:48.0 (43224822)|VARIABLE_SCOPE_BEGIN|[93]|s|Student__c|true|false
02:32:48.0 (43269517)|VARIABLE_ASSIGNMENT|[93]|s|{"Namef__c":"truong tran","Namel__c":"vy","Birthday__c":"2011-05-04T00:00:00.000Z","Gender__c":false,"Score1__c":1.00,"Score2__c":1.00,"Score3__c":2.00,"AverageScore__c":1.33,"State__c":"Failed","StudentId__c":"HS0078","Class__c":"a0H0o00000fJhjeEAC","Id":"a0I0o000019bIZEEA2"}|0x7c4ea876
02:32:48.0 (43286059)|STATEMENT_EXECUTE|[93]
02:32:48.0 (43288887)|STATEMENT_EXECUTE|[94]
02:32:48.0 (43296109)|HEAP_ALLOCATE|[94]|Bytes:12
02:32:48.0 (43312670)|CONSTRUCTOR_ENTRY|[94]|01p0o00000GLKhZ|<init>(Student__c)|Controller.Output
02:32:48.0 (43325351)|VARIABLE_SCOPE_BEGIN|[35]|this|Controller.Output|true|false
02:32:48.0 (43349265)|VARIABLE_ASSIGNMENT|[35]|this|{}|0x489f1ac3
02:32:48.0 (43358627)|VARIABLE_SCOPE_BEGIN|[35]|s|Student__c|true|false
02:32:48.0 (43402890)|VARIABLE_ASSIGNMENT|[35]|s|{"Namef__c":"truong tran","Namel__c":"vy","Birthday__c":"2011-05-04T00:00:00.000Z","Gender__c":false,"Score1__c":1.00,"Score2__c":1.00,"Score3__c":2.00,"AverageScore__c":1.33,"State__c":"Failed","StudentId__c":"HS0078","Class__c":"a0H0o00000fJhjeEAC","Id":"a0I0o000019bIZEEA2"}|0x7c4ea876
02:32:48.0 (43422453)|STATEMENT_EXECUTE|[32]
02:32:48.0 (43425284)|STATEMENT_EXECUTE|[33]
02:32:48.0 (43429067)|STATEMENT_EXECUTE|[34]
02:32:48.0 (43448631)|STATEMENT_EXECUTE|[35]
02:32:48.0 (43452060)|STATEMENT_EXECUTE|[36]
02:32:48.0 (43479722)|VARIABLE_ASSIGNMENT|[EXTERNAL]|this|{}|0x489f1ac3
02:32:48.0 (43527119)|VARIABLE_ASSIGNMENT|[EXTERNAL]|value|{"Namef__c":"truong tran","Namel__c":"vy","Birthday__c":"2011-05-04T00:00:00.000Z","Gender__c":false,"Score1__c":1.00,"Score2__c":1.00,"Score3__c":2.00,"AverageScore__c":1.33,"State__c":"Failed","StudentId__c":"HS0078","Class__c":"a0H0o00000fJhjeEAC","Id":"a0I0o000019bIZEEA2"}|0x7c4ea876
02:32:48.0 (43585065)|VARIABLE_ASSIGNMENT|[33]|this.student|{"Namef__c":"truong tran","Namel__c":"vy","Birthday__c":"2011-05-04T00:00:00.000Z","Gender__c":false,"Score1__c":1.00,"Score2__c":1.00,"Score3__c":2.00,"AverageScore__c":1.33,"State__c":"Failed","StudentId__c":"HS0078","Class__c":"a0H0o00000fJhjeEAC","Id":"a0I0o000019bIZEEA2"}|0x489f1ac3
02:32:48.0 (43609395)|STATEMENT_EXECUTE|[37]
02:32:48.0 (43641830)|VARIABLE_ASSIGNMENT|[EXTERNAL]|this|{"student":"0x7c4ea876"}|0x489f1ac3
02:32:48.0 (43661119)|VARIABLE_ASSIGNMENT|[EXTERNAL]|value|false
02:32:48.0 (43672552)|HEAP_ALLOCATE|[34]|Bytes:5
02:32:48.0 (43684997)|VARIABLE_ASSIGNMENT|[34]|this.isSelected|false|0x489f1ac3
02:32:48.0 (43711377)|CONSTRUCTOR_EXIT|[94]|01p0o00000GLKhZ|<init>(Student__c)|Controller.Output
02:32:48.0 (43734804)|HEAP_ALLOCATE|[EXTERNAL]|Bytes:4
02:32:48.0 (43796825)|HEAP_ALLOCATE|[93]|Bytes:5
02:32:48.0 (43825259)|HEAP_ALLOCATE|[93]|Bytes:52
02:32:48.0 (43838072)|VARIABLE_SCOPE_BEGIN|[93]|s|Student__c|true|false
02:32:48.0 (43886376)|VARIABLE_ASSIGNMENT|[93]|s|{"Namef__c":"tao","Namel__c":"thao","Birthday__c":"2004-05-20T00:00:00.000Z","Gender__c":false,"Score1__c":8.00,"Score2__c":7.00,"Score3__c":9.00,"AverageScore__c":8.00,"State__c":"Passed","StudentId__c":"HS0080","Class__c":"a0H0o00000fJhjeEAC","Id":"a0I0o000019bIZYEA2"}|0x6d4c20f8
02:32:48.0 (43904145)|STATEMENT_EXECUTE|[93]
02:32:48.0 (43907030)|STATEMENT_EXECUTE|[94]
02:32:48.0 (43912994)|HEAP_ALLOCATE|[94]|Bytes:12
02:32:48.0 (43930090)|CONSTRUCTOR_ENTRY|[94]|01p0o00000GLKhZ|<init>(Student__c)|Controller.Output
02:32:48.0 (43944950)|VARIABLE_SCOPE_BEGIN|[35]|this|Controller.Output|true|false
02:32:48.0 (43973836)|VARIABLE_ASSIGNMENT|[35]|this|{}|0x2868ceba
02:32:48.0 (43987769)|VARIABLE_SCOPE_BEGIN|[35]|s|Student__c|true|false
02:32:48.0 (44033847)|VARIABLE_ASSIGNMENT|[35]|s|{"Namef__c":"tao","Namel__c":"thao","Birthday__c":"2004-05-20T00:00:00.000Z","Gender__c":false,"Score1__c":8.00,"Score2__c":7.00,"Score3__c":9.00,"AverageScore__c":8.00,"State__c":"Passed","StudentId__c":"HS0080","Class__c":"a0H0o00000fJhjeEAC","Id":"a0I0o000019bIZYEA2"}|0x6d4c20f8
02:32:48.0 (44050602)|STATEMENT_EXECUTE|[32]
02:32:48.0 (44053341)|STATEMENT_EXECUTE|[33]
02:32:48.0 (44055306)|STATEMENT_EXECUTE|[34]
02:32:48.0 (44075670)|STATEMENT_EXECUTE|[35]
02:32:48.0 (44079277)|STATEMENT_EXECUTE|[36]
02:32:48.0 (44102084)|VARIABLE_ASSIGNMENT|[EXTERNAL]|this|{}|0x2868ceba
02:32:48.0 (44139289)|VARIABLE_ASSIGNMENT|[EXTERNAL]|value|{"Namef__c":"tao","Namel__c":"thao","Birthday__c":"2004-05-20T00:00:00.000Z","Gender__c":false,"Score1__c":8.00,"Score2__c":7.00,"Score3__c":9.00,"AverageScore__c":8.00,"State__c":"Passed","StudentId__c":"HS0080","Class__c":"a0H0o00000fJhjeEAC","Id":"a0I0o000019bIZYEA2"}|0x6d4c20f8
02:32:48.0 (44178989)|VARIABLE_ASSIGNMENT|[33]|this.student|{"Namef__c":"tao","Namel__c":"thao","Birthday__c":"2004-05-20T00:00:00.000Z","Gender__c":false,"Score1__c":8.00,"Score2__c":7.00,"Score3__c":9.00,"AverageScore__c":8.00,"State__c":"Passed","StudentId__c":"HS0080","Class__c":"a0H0o00000fJhjeEAC","Id":"a0I0o000019bIZYEA2"}|0x2868ceba
02:32:48.0 (44200514)|STATEMENT_EXECUTE|[37]
02:32:48.0 (44221377)|VARIABLE_ASSIGNMENT|[EXTERNAL]|this|{"student":"0x6d4c20f8"}|0x2868ceba
02:32:48.0 (44236109)|VARIABLE_ASSIGNMENT|[EXTERNAL]|value|false
02:32:48.0 (44245233)|HEAP_ALLOCATE|[34]|Bytes:5
02:32:48.0 (44254411)|VARIABLE_ASSIGNMENT|[34]|this.isSelected|false|0x2868ceba
02:32:48.0 (44270579)|CONSTRUCTOR_EXIT|[94]|01p0o00000GLKhZ|<init>(Student__c)|Controller.Output
02:32:48.0 (44286625)|HEAP_ALLOCATE|[EXTERNAL]|Bytes:4
02:32:48.0 (44303516)|HEAP_ALLOCATE|[93]|Bytes:5
02:32:48.0 (44317765)|VARIABLE_ASSIGNMENT|[93]|s|null|
02:32:48.0 (44325681)|STATEMENT_EXECUTE|[96]
02:32:48.0 (44381179)|VARIABLE_ASSIGNMENT|[EXTERNAL]|this|{"objKeySearch":"0x39e4c3c4","OutputList":"0x5f2deb10","student":"0x790e9d08","sumstudents":"Total Students : 3"}|0x5af88b59
02:32:48.0 (44434756)|VARIABLE_ASSIGNMENT|[EXTERNAL]|this|{"className":"English","increasing":false,"objStudentFrom":"0x24d49b98","objStudentTo":"0x3cb59f32","studentName":"0x763175df"}|0x39e4c3c4
02:32:48.0 (44473326)|METHOD_ENTRY|[96]|01p0o00000GLKhZ|Controller.sort(List<Controller.Output>, Boolean)
02:32:48.0 (44484036)|VARIABLE_SCOPE_BEGIN|[99]|this|Controller|true|false
02:32:48.0 (44521446)|VARIABLE_ASSIGNMENT|[99]|this|{"objKeySearch":"0x39e4c3c4","OutputList":"0x5f2deb10","student":"0x790e9d08","sumstudents":"Total Students : 3"}|0x5af88b59
02:32:48.0 (44533669)|VARIABLE_SCOPE_BEGIN|[99]|l|List<Controller.Output>|true|false
02:32:48.0 (44578899)|VARIABLE_ASSIGNMENT|[99]|l|[{"isSelected":false,"student":"0x31fb45f8"},{"isSelected":false,"student":"0x7c4ea876"},{"isSelected":false,"student":"0x6d4c20f8"}]|0x6c1a6f9d
02:32:48.0 (44591271)|VARIABLE_SCOPE_BEGIN|[99]|increasing|Boolean|false|false
02:32:48.0 (44602421)|VARIABLE_ASSIGNMENT|[99]|increasing|false
02:32:48.0 (44620676)|HEAP_ALLOCATE|[100]|Bytes:5
02:32:48.0 (44627441)|STATEMENT_EXECUTE|[99]
02:32:48.0 (44630021)|STATEMENT_EXECUTE|[100]
02:32:48.0 (44646408)|HEAP_ALLOCATE|[100]|Bytes:4
02:32:48.0 (44676409)|VARIABLE_SCOPE_BEGIN|[100]|result|List<Controller.Output>|true|false
02:32:48.0 (44708186)|HEAP_ALLOCATE|[EXTERNAL]|Bytes:4
02:32:48.0 (44719562)|VARIABLE_ASSIGNMENT|[100]|result|[]|0x1dd2381f
02:32:48.0 (44730465)|STATEMENT_EXECUTE|[114]
02:32:48.0 (44768557)|STATEMENT_EXECUTE|[115]
02:32:48.0 (44772102)|STATEMENT_EXECUTE|[116]
02:32:48.0 (44818227)|HEAP_ALLOCATE|[116]|Bytes:12
02:32:48.0 (44874158)|VARIABLE_ASSIGNMENT|[EXTERNAL]|this|{"isSelected":false,"student":"0x31fb45f8"}|0x63a90fc6
02:32:48.0 (44949416)|VARIABLE_SCOPE_BEGIN|[116]|min|String|false|false
02:32:48.0 (44967910)|VARIABLE_ASSIGNMENT|[116]|min|"luu"
02:32:48.0 (44975397)|STATEMENT_EXECUTE|[117]
02:32:48.0 (45010976)|HEAP_ALLOCATE|[117]|Bytes:12
02:32:48.0 (45025797)|VARIABLE_SCOPE_BEGIN|[117]|minObj|Controller.Output|true|false
02:32:48.0 (45052026)|VARIABLE_ASSIGNMENT|[117]|minObj|{"isSelected":false,"student":"0x31fb45f8"}|0x63a90fc6
02:32:48.0 (45193916)|HEAP_ALLOCATE|[118]|Bytes:5
02:32:48.0 (45212443)|HEAP_ALLOCATE|[118]|Bytes:12
02:32:48.0 (45222945)|VARIABLE_SCOPE_BEGIN|[118]|o|Controller.Output|true|false
02:32:48.0 (45248642)|VARIABLE_ASSIGNMENT|[118]|o|{"isSelected":false,"student":"0x31fb45f8"}|0x63a90fc6
02:32:48.0 (45258460)|STATEMENT_EXECUTE|[118]
02:32:48.0 (45296046)|VARIABLE_ASSIGNMENT|[EXTERNAL]|this|{"isSelected":false,"student":"0x31fb45f8"}|0x63a90fc6
02:32:48.0 (45349857)|STATEMENT_EXECUTE|[119]
02:32:48.0 (45365119)|HEAP_ALLOCATE|[118]|Bytes:5
02:32:48.0 (45380083)|HEAP_ALLOCATE|[118]|Bytes:12
02:32:48.0 (45388805)|VARIABLE_SCOPE_BEGIN|[118]|o|Controller.Output|true|false
02:32:48.0 (45415500)|VARIABLE_ASSIGNMENT|[118]|o|{"isSelected":false,"student":"0x7c4ea876"}|0x489f1ac3
02:32:48.0 (45425109)|STATEMENT_EXECUTE|[118]
02:32:48.0 (45447117)|VARIABLE_ASSIGNMENT|[EXTERNAL]|this|{"isSelected":false,"student":"0x7c4ea876"}|0x489f1ac3
02:32:48.0 (45486589)|STATEMENT_EXECUTE|[119]
02:32:48.0 (45499102)|HEAP_ALLOCATE|[118]|Bytes:5
02:32:48.0 (45513391)|HEAP_ALLOCATE|[118]|Bytes:12
02:32:48.0 (45521588)|VARIABLE_SCOPE_BEGIN|[118]|o|Controller.Output|true|false
02:32:48.0 (45547231)|VARIABLE_ASSIGNMENT|[118]|o|{"isSelected":false,"student":"0x6d4c20f8"}|0x2868ceba
02:32:48.0 (45562396)|STATEMENT_EXECUTE|[118]
02:32:48.0 (45585069)|VARIABLE_ASSIGNMENT|[EXTERNAL]|this|{"isSelected":false,"student":"0x6d4c20f8"}|0x2868ceba
02:32:48.0 (45625728)|STATEMENT_EXECUTE|[119]
02:32:48.0 (45636090)|HEAP_ALLOCATE|[118]|Bytes:5
02:32:48.0 (45647886)|VARIABLE_ASSIGNMENT|[118]|o|null|
02:32:48.0 (45652779)|STATEMENT_EXECUTE|[124]
02:32:48.0 (45657641)|HEAP_ALLOCATE|[124]|Bytes:12
02:32:48.0 (45686925)|VARIABLE_ASSIGNMENT|[EXTERNAL]|this|{"isSelected":false,"student":"0x31fb45f8"}|0x63a90fc6
02:32:48.0 (45702947)|CONSTRUCTOR_ENTRY|[124]|01p0o00000GLKhZ|<init>(Student__c)|Controller.Output
02:32:48.0 (45710280)|VARIABLE_SCOPE_BEGIN|[35]|this|Controller.Output|true|false
02:32:48.0 (45722191)|VARIABLE_ASSIGNMENT|[35]|this|{}|0x9dd19a9
02:32:48.0 (45727483)|VARIABLE_SCOPE_BEGIN|[35]|s|Student__c|true|false
02:32:48.0 (45758175)|VARIABLE_ASSIGNMENT|[35]|s|{"Namef__c":"luu","Namel__c":"bi","Birthday__c":"2008-05-09T00:00:00.000Z","Gender__c":false,"Score1__c":4.00,"Score2__c":3.00,"Score3__c":4.00,"AverageScore__c":3.67,"State__c":"Failed","StudentId__c":"HS0079","Class__c":"a0H0o00000fJhjeEAC","Id":"a0I0o000019bIZTEA2"}|0x31fb45f8
02:32:48.0 (45766617)|STATEMENT_EXECUTE|[32]
02:32:48.0 (45768382)|STATEMENT_EXECUTE|[33]
02:32:48.0 (45769791)|STATEMENT_EXECUTE|[34]
02:32:48.0 (45781889)|STATEMENT_EXECUTE|[35]
02:32:48.0 (45783488)|STATEMENT_EXECUTE|[36]
02:32:48.0 (45795257)|VARIABLE_ASSIGNMENT|[EXTERNAL]|this|{}|0x9dd19a9
02:32:48.0 (45819667)|VARIABLE_ASSIGNMENT|[EXTERNAL]|value|{"Namef__c":"luu","Namel__c":"bi","Birthday__c":"2008-05-09T00:00:00.000Z","Gender__c":false,"Score1__c":4.00,"Score2__c":3.00,"Score3__c":4.00,"AverageScore__c":3.67,"State__c":"Failed","StudentId__c":"HS0079","Class__c":"a0H0o00000fJhjeEAC","Id":"a0I0o000019bIZTEA2"}|0x31fb45f8
02:32:48.0 (45844879)|VARIABLE_ASSIGNMENT|[33]|this.student|{"Namef__c":"luu","Namel__c":"bi","Birthday__c":"2008-05-09T00:00:00.000Z","Gender__c":false,"Score1__c":4.00,"Score2__c":3.00,"Score3__c":4.00,"AverageScore__c":3.67,"State__c":"Failed","StudentId__c":"HS0079","Class__c":"a0H0o00000fJhjeEAC","Id":"a0I0o000019bIZTEA2"}|0x9dd19a9
02:32:48.0 (45854461)|STATEMENT_EXECUTE|[37]
02:32:48.0 (45867980)|VARIABLE_ASSIGNMENT|[EXTERNAL]|this|{"student":"0x31fb45f8"}|0x9dd19a9
02:32:48.0 (45878345)|VARIABLE_ASSIGNMENT|[EXTERNAL]|value|false
02:32:48.0 (45883640)|HEAP_ALLOCATE|[34]|Bytes:5
02:32:48.0 (45889976)|VARIABLE_ASSIGNMENT|[34]|this.isSelected|false|0x9dd19a9
02:32:48.0 (45900445)|CONSTRUCTOR_EXIT|[124]|01p0o00000GLKhZ|<init>(Student__c)|Controller.Output
02:32:48.0 (45914023)|HEAP_ALLOCATE|[EXTERNAL]|Bytes:4
02:32:48.0 (45920647)|STATEMENT_EXECUTE|[125]
02:32:48.0 (46004765)|VARIABLE_ASSIGNMENT|[EXTERNAL]|this|{"isSelected":false,"student":"0x31fb45f8"}|0x63a90fc6
02:32:48.0 (46019565)|VARIABLE_ASSIGNMENT|[EXTERNAL]|object|{"isSelected":false,"student":"0x31fb45f8"}
02:32:48.0 (46114615)|HEAP_ALLOCATE|[125]|Bytes:12
02:32:48.0 (46131224)|STATEMENT_EXECUTE|[115]
02:32:48.0 (46133146)|STATEMENT_EXECUTE|[116]
02:32:48.0 (46138514)|HEAP_ALLOCATE|[116]|Bytes:12
02:32:48.0 (46160938)|VARIABLE_ASSIGNMENT|[EXTERNAL]|this|{"isSelected":false,"student":"0x7c4ea876"}|0x489f1ac3
02:32:48.0 (46175780)|VARIABLE_SCOPE_BEGIN|[116]|min|String|false|false
02:32:48.0 (46185198)|VARIABLE_ASSIGNMENT|[116]|min|"truong tran"
02:32:48.0 (46189349)|STATEMENT_EXECUTE|[117]
02:32:48.0 (46195620)|HEAP_ALLOCATE|[117]|Bytes:12
02:32:48.0 (46202868)|VARIABLE_SCOPE_BEGIN|[117]|minObj|Controller.Output|true|false
02:32:48.0 (46218266)|VARIABLE_ASSIGNMENT|[117]|minObj|{"isSelected":false,"student":"0x7c4ea876"}|0x489f1ac3
02:32:48.0 (46238130)|HEAP_ALLOCATE|[118]|Bytes:5
02:32:48.0 (46247053)|HEAP_ALLOCATE|[118]|Bytes:12
02:32:48.0 (46252346)|VARIABLE_SCOPE_BEGIN|[118]|o|Controller.Output|true|false
02:32:48.0 (46266822)|VARIABLE_ASSIGNMENT|[118]|o|{"isSelected":false,"student":"0x7c4ea876"}|0x489f1ac3
02:32:48.0 (46273024)|STATEMENT_EXECUTE|[118]
02:32:48.0 (46285889)|VARIABLE_ASSIGNMENT|[EXTERNAL]|this|{"isSelected":false,"student":"0x7c4ea876"}|0x489f1ac3
02:32:48.0 (46310522)|STATEMENT_EXECUTE|[119]
02:32:48.0 (46317823)|HEAP_ALLOCATE|[118]|Bytes:5
02:32:48.0 (46325997)|HEAP_ALLOCATE|[118]|Bytes:12
02:32:48.0 (46330797)|VARIABLE_SCOPE_BEGIN|[118]|o|Controller.Output|true|false
02:32:48.0 (46346156)|VARIABLE_ASSIGNMENT|[118]|o|{"isSelected":false,"student":"0x6d4c20f8"}|0x2868ceba
02:32:48.0 (46351648)|STATEMENT_EXECUTE|[118]
02:32:48.0 (46363913)|VARIABLE_ASSIGNMENT|[EXTERNAL]|this|{"isSelected":false,"student":"0x6d4c20f8"}|0x2868ceba
02:32:48.0 (46384083)|STATEMENT_EXECUTE|[119]
02:32:48.0 (46386465)|STATEMENT_EXECUTE|[120]
02:32:48.0 (46420197)|VARIABLE_ASSIGNMENT|[EXTERNAL]|this|{"isSelected":false,"student":"0x6d4c20f8"}|0x2868ceba
02:32:48.0 (46443656)|VARIABLE_ASSIGNMENT|[120]|min|"tao"
02:32:48.0 (46450020)|STATEMENT_EXECUTE|[121]
02:32:48.0 (46464987)|VARIABLE_ASSIGNMENT|[121]|minObj|{"isSelected":false,"student":"0x6d4c20f8"}|0x2868ceba
02:32:48.0 (46482938)|HEAP_ALLOCATE|[118]|Bytes:5
02:32:48.0 (46496461)|VARIABLE_ASSIGNMENT|[118]|o|null|
02:32:48.0 (46502610)|STATEMENT_EXECUTE|[124]
02:32:48.0 (46507736)|HEAP_ALLOCATE|[124]|Bytes:12
02:32:48.0 (46532552)|VARIABLE_ASSIGNMENT|[EXTERNAL]|this|{"isSelected":false,"student":"0x6d4c20f8"}|0x2868ceba
02:32:48.0 (46551799)|CONSTRUCTOR_ENTRY|[124]|01p0o00000GLKhZ|<init>(Student__c)|Controller.Output
02:32:48.0 (46567737)|VARIABLE_SCOPE_BEGIN|[35]|this|Controller.Output|true|false
02:32:48.0 (46586071)|VARIABLE_ASSIGNMENT|[35]|this|{}|0x543da4d
02:32:48.0 (46593589)|VARIABLE_SCOPE_BEGIN|[35]|s|Student__c|true|false
02:32:48.0 (46631745)|VARIABLE_ASSIGNMENT|[35]|s|{"Namef__c":"tao","Namel__c":"thao","Birthday__c":"2004-05-20T00:00:00.000Z","Gender__c":false,"Score1__c":8.00,"Score2__c":7.00,"Score3__c":9.00,"AverageScore__c":8.00,"State__c":"Passed","StudentId__c":"HS0080","Class__c":"a0H0o00000fJhjeEAC","Id":"a0I0o000019bIZYEA2"}|0x6d4c20f8
02:32:48.0 (46643549)|STATEMENT_EXECUTE|[32]
02:32:48.0 (46645930)|STATEMENT_EXECUTE|[33]
02:32:48.0 (46647746)|STATEMENT_EXECUTE|[34]
02:32:48.0 (46664519)|STATEMENT_EXECUTE|[35]
02:32:48.0 (46667066)|STATEMENT_EXECUTE|[36]
02:32:48.0 (46686297)|VARIABLE_ASSIGNMENT|[EXTERNAL]|this|{}|0x543da4d
02:32:48.0 (46721450)|VARIABLE_ASSIGNMENT|[EXTERNAL]|value|{"Namef__c":"tao","Namel__c":"thao","Birthday__c":"2004-05-20T00:00:00.000Z","Gender__c":false,"Score1__c":8.00,"Score2__c":7.00,"Score3__c":9.00,"AverageScore__c":8.00,"State__c":"Passed","StudentId__c":"HS0080","Class__c":"a0H0o00000fJhjeEAC","Id":"a0I0o000019bIZYEA2"}|0x6d4c20f8
02:32:48.0 (46756917)|VARIABLE_ASSIGNMENT|[33]|this.student|{"Namef__c":"tao","Namel__c":"thao","Birthday__c":"2004-05-20T00:00:00.000Z","Gender__c":false,"Score1__c":8.00,"Score2__c":7.00,"Score3__c":9.00,"AverageScore__c":8.00,"State__c":"Passed","StudentId__c":"HS0080","Class__c":"a0H0o00000fJhjeEAC","Id":"a0I0o000019bIZYEA2"}|0x543da4d
02:32:48.0 (46772363)|STATEMENT_EXECUTE|[37]
02:32:48.0 (46791890)|VARIABLE_ASSIGNMENT|[EXTERNAL]|this|{"student":"0x6d4c20f8"}|0x543da4d
02:32:48.0 (46805376)|VARIABLE_ASSIGNMENT|[EXTERNAL]|value|false
02:32:48.0 (46813435)|HEAP_ALLOCATE|[34]|Bytes:5
02:32:48.0 (46822341)|VARIABLE_ASSIGNMENT|[34]|this.isSelected|false|0x543da4d
02:32:48.0 (46839607)|CONSTRUCTOR_EXIT|[124]|01p0o00000GLKhZ|<init>(Student__c)|Controller.Output
02:32:48.0 (46855250)|HEAP_ALLOCATE|[EXTERNAL]|Bytes:4
02:32:48.0 (46864259)|STATEMENT_EXECUTE|[125]
02:32:48.0 (46893843)|VARIABLE_ASSIGNMENT|[EXTERNAL]|this|{"isSelected":false,"student":"0x7c4ea876"}|0x489f1ac3
02:32:48.0 (46915197)|VARIABLE_ASSIGNMENT|[EXTERNAL]|object|{"isSelected":false,"student":"0x6d4c20f8"}
02:32:48.0 (46964267)|VARIABLE_ASSIGNMENT|[EXTERNAL]|this|{"isSelected":false,"student":"0x6d4c20f8"}|0x2868ceba
02:32:48.0 (46986545)|VARIABLE_ASSIGNMENT|[EXTERNAL]|object|{"isSelected":false,"student":"0x6d4c20f8"}
02:32:48.0 (47029086)|HEAP_ALLOCATE|[125]|Bytes:12
02:32:48.0 (47045843)|STATEMENT_EXECUTE|[115]
02:32:48.0 (47048001)|STATEMENT_EXECUTE|[116]
02:32:48.0 (47053482)|HEAP_ALLOCATE|[116]|Bytes:12
02:32:48.0 (47075556)|VARIABLE_ASSIGNMENT|[EXTERNAL]|this|{"isSelected":false,"student":"0x7c4ea876"}|0x489f1ac3
02:32:48.0 (47091503)|VARIABLE_SCOPE_BEGIN|[116]|min|String|false|false
02:32:48.0 (47102005)|VARIABLE_ASSIGNMENT|[116]|min|"truong tran"
02:32:48.0 (47106457)|STATEMENT_EXECUTE|[117]
02:32:48.0 (47112589)|HEAP_ALLOCATE|[117]|Bytes:12
02:32:48.0 (47119110)|VARIABLE_SCOPE_BEGIN|[117]|minObj|Controller.Output|true|false
02:32:48.0 (47133761)|VARIABLE_ASSIGNMENT|[117]|minObj|{"isSelected":false,"student":"0x7c4ea876"}|0x489f1ac3
02:32:48.0 (47153889)|HEAP_ALLOCATE|[118]|Bytes:5
02:32:48.0 (47163167)|HEAP_ALLOCATE|[118]|Bytes:12
02:32:48.0 (47168805)|VARIABLE_SCOPE_BEGIN|[118]|o|Controller.Output|true|false
02:32:48.0 (47183521)|VARIABLE_ASSIGNMENT|[118]|o|{"isSelected":false,"student":"0x7c4ea876"}|0x489f1ac3
02:32:48.0 (47189101)|STATEMENT_EXECUTE|[118]
02:32:48.0 (47201876)|VARIABLE_ASSIGNMENT|[EXTERNAL]|this|{"isSelected":false,"student":"0x7c4ea876"}|0x489f1ac3
02:32:48.0 (47229483)|STATEMENT_EXECUTE|[119]
02:32:48.0 (47236992)|HEAP_ALLOCATE|[118]|Bytes:5
02:32:48.0 (47247256)|VARIABLE_ASSIGNMENT|[118]|o|null|
02:32:48.0 (47251290)|STATEMENT_EXECUTE|[124]
02:32:48.0 (47255379)|HEAP_ALLOCATE|[124]|Bytes:12
02:32:48.0 (47272589)|VARIABLE_ASSIGNMENT|[EXTERNAL]|this|{"isSelected":false,"student":"0x7c4ea876"}|0x489f1ac3
02:32:48.0 (47285398)|CONSTRUCTOR_ENTRY|[124]|01p0o00000GLKhZ|<init>(Student__c)|Controller.Output
02:32:48.0 (47292143)|VARIABLE_SCOPE_BEGIN|[35]|this|Controller.Output|true|false
02:32:48.0 (47303587)|VARIABLE_ASSIGNMENT|[35]|this|{}|0x7f580bd4
02:32:48.0 (47309347)|VARIABLE_SCOPE_BEGIN|[35]|s|Student__c|true|false
02:32:48.0 (47339371)|VARIABLE_ASSIGNMENT|[35]|s|{"Namef__c":"truong tran","Namel__c":"vy","Birthday__c":"2011-05-04T00:00:00.000Z","Gender__c":false,"Score1__c":1.00,"Score2__c":1.00,"Score3__c":2.00,"AverageScore__c":1.33,"State__c":"Failed","StudentId__c":"HS0078","Class__c":"a0H0o00000fJhjeEAC","Id":"a0I0o000019bIZEEA2"}|0x7c4ea876
02:32:48.0 (47347365)|STATEMENT_EXECUTE|[32]
02:32:48.0 (47349317)|STATEMENT_EXECUTE|[33]
02:32:48.0 (47350820)|STATEMENT_EXECUTE|[34]
02:32:48.0 (47360889)|STATEMENT_EXECUTE|[35]
02:32:48.0 (47362769)|STATEMENT_EXECUTE|[36]
02:32:48.0 (47374012)|VARIABLE_ASSIGNMENT|[EXTERNAL]|this|{}|0x7f580bd4
02:32:48.0 (47398761)|VARIABLE_ASSIGNMENT|[EXTERNAL]|value|{"Namef__c":"truong tran","Namel__c":"vy","Birthday__c":"2011-05-04T00:00:00.000Z","Gender__c":false,"Score1__c":1.00,"Score2__c":1.00,"Score3__c":2.00,"AverageScore__c":1.33,"State__c":"Failed","StudentId__c":"HS0078","Class__c":"a0H0o00000fJhjeEAC","Id":"a0I0o000019bIZEEA2"}|0x7c4ea876
02:32:48.0 (47423655)|VARIABLE_ASSIGNMENT|[33]|this.student|{"Namef__c":"truong tran","Namel__c":"vy","Birthday__c":"2011-05-04T00:00:00.000Z","Gender__c":false,"Score1__c":1.00,"Score2__c":1.00,"Score3__c":2.00,"AverageScore__c":1.33,"State__c":"Failed","StudentId__c":"HS0078","Class__c":"a0H0o00000fJhjeEAC","Id":"a0I0o000019bIZEEA2"}|0x7f580bd4
02:32:48.0 (47433997)|STATEMENT_EXECUTE|[37]
02:32:48.0 (47446745)|VARIABLE_ASSIGNMENT|[EXTERNAL]|this|{"student":"0x7c4ea876"}|0x7f580bd4
02:32:48.0 (47456415)|VARIABLE_ASSIGNMENT|[EXTERNAL]|value|false
02:32:48.0 (47461540)|HEAP_ALLOCATE|[34]|Bytes:5
02:32:48.0 (47467435)|VARIABLE_ASSIGNMENT|[34]|this.isSelected|false|0x7f580bd4
02:32:48.0 (47478155)|CONSTRUCTOR_EXIT|[124]|01p0o00000GLKhZ|<init>(Student__c)|Controller.Output
02:32:48.0 (47488610)|HEAP_ALLOCATE|[EXTERNAL]|Bytes:4
02:32:48.0 (47494380)|STATEMENT_EXECUTE|[125]
02:32:48.0 (47513989)|VARIABLE_ASSIGNMENT|[EXTERNAL]|this|{"isSelected":false,"student":"0x7c4ea876"}|0x489f1ac3
02:32:48.0 (47527328)|VARIABLE_ASSIGNMENT|[EXTERNAL]|object|{"isSelected":false,"student":"0x7c4ea876"}
02:32:48.0 (47554586)|HEAP_ALLOCATE|[125]|Bytes:12
02:32:48.0 (47577877)|STATEMENT_EXECUTE|[128]
02:32:48.0 (47596974)|METHOD_EXIT|[96]|01p0o00000GLKhZ|Controller.sort(List<Controller.Output>, Boolean)
02:32:48.0 (47611216)|METHOD_EXIT|[178]|01p0o00000GLKhZ|Controller.getStudent()
02:32:48.0 (47675078)|VARIABLE_ASSIGNMENT|[EXTERNAL]|this|{"objKeySearch":"0x39e4c3c4","OutputList":"0x5f2deb10","student":"0x790e9d08","sumstudents":"Total Students : 3"}|0x5af88b59
02:32:48.0 (47717174)|VARIABLE_ASSIGNMENT|[EXTERNAL]|value|[{"isSelected":false,"student":"0x31fb45f8"},{"isSelected":false,"student":"0x6d4c20f8"},{"isSelected":false,"student":"0x7c4ea876"}]|0x1dd2381f
02:32:48.0 (47758101)|VARIABLE_ASSIGNMENT|[2]|this.OutputList|[{"isSelected":false,"student":"0x31fb45f8"},{"isSelected":false,"student":"0x6d4c20f8"},{"isSelected":false,"student":"0x7c4ea876"}]|0x5af88b59
02:32:48.0 (47773618)|STATEMENT_EXECUTE|[179]
02:32:48.0 (47780614)|HEAP_ALLOCATE|[179]|Bytes:17
02:32:48.0 (47848423)|VARIABLE_ASSIGNMENT|[EXTERNAL]|this|{"objKeySearch":"0x39e4c3c4","OutputList":"0x1dd2381f","student":"0x790e9d08","sumstudents":"Total Students : 3"}|0x5af88b59
02:32:48.0 (47901964)|HEAP_ALLOCATE|[179]|Bytes:1
02:32:48.0 (47925530)|HEAP_ALLOCATE|[179]|Bytes:18
02:32:48.0 (47975617)|VARIABLE_ASSIGNMENT|[EXTERNAL]|this|{"objKeySearch":"0x39e4c3c4","OutputList":"0x1dd2381f","student":"0x790e9d08","sumstudents":"Total Students : 3"}|0x5af88b59
02:32:48.0 (47990999)|VARIABLE_ASSIGNMENT|[EXTERNAL]|value|"Total Students : 3"
02:32:48.0 (48005094)|VARIABLE_ASSIGNMENT|[7]|this.sumstudents|"Total Students : 3"|0x5af88b59
02:32:48.0 (48022557)|SYSTEM_MODE_EXIT|false
02:32:48.0 (52898688)|SYSTEM_MODE_ENTER|true
02:32:48.0 (53478685)|SYSTEM_MODE_ENTER|true
02:32:48.54 (54264852)|SYSTEM_MODE_ENTER|true
02:32:48.54 (54345892)|HEAP_ALLOCATE|[EXTERNAL]|Bytes:8
02:32:48.54 (54360960)|VARIABLE_SCOPE_BEGIN|[88]|this|ApexPage.PageMessagesComponentController|true|false
02:32:48.54 (54402091)|VARIABLE_ASSIGNMENT|[88]|this|{}|0x268e705a
02:32:48.54 (54413013)|VARIABLE_SCOPE_BEGIN|[88]|escape|Boolean|false|false
02:32:48.54 (54425861)|VARIABLE_ASSIGNMENT|[88]|escape|null
02:32:48.54 (54532909)|SYSTEM_MODE_ENTER|true
02:32:48.54 (54586289)|HEAP_ALLOCATE|[EXTERNAL]|Bytes:8
02:32:48.54 (54593859)|VARIABLE_SCOPE_BEGIN|[2]|this|ApexPage.PageMessagesComponentController|true|false
02:32:48.54 (54615124)|VARIABLE_ASSIGNMENT|[2]|this|{}|0x268e705a
02:32:48.0 (55032087)|SYSTEM_MODE_ENTER|true
02:32:48.0 (57489250)|SYSTEM_MODE_ENTER|true
02:32:48.0 (57551180)|HEAP_ALLOCATE|[EXTERNAL]|Bytes:36
02:32:48.0 (57571674)|VARIABLE_SCOPE_BEGIN|[66]|this|Controller|true|false
02:32:48.0 (57622878)|VARIABLE_ASSIGNMENT|[66]|this|{"objKeySearch":"0x39e4c3c4","OutputList":"0x1dd2381f","student":"0x790e9d08","sumstudents":"Total Students : 3"}|0x5af88b59
02:32:48.0 (57641300)|SYSTEM_MODE_ENTER|false
02:32:48.0 (57649307)|HEAP_ALLOCATE|[67]|Bytes:5
02:32:48.0 (57655511)|STATEMENT_EXECUTE|[66]
02:32:48.0 (57657475)|STATEMENT_EXECUTE|[67]
02:32:48.0 (57674316)|HEAP_ALLOCATE|[67]|Bytes:4
02:32:48.0 (57695046)|VARIABLE_SCOPE_BEGIN|[67]|options|List<System.SelectOption>|true|false
02:32:48.0 (57730091)|HEAP_ALLOCATE|[EXTERNAL]|Bytes:4
02:32:48.0 (57741434)|VARIABLE_ASSIGNMENT|[67]|options|[]|0x55128089
02:32:48.0 (57747101)|STATEMENT_EXECUTE|[68]
02:32:48.0 (57761668)|HEAP_ALLOCATE|[68]|Bytes:4
02:32:48.0 (57923827)|SOQL_EXECUTE_BEGIN|[68]|Aggregations:0|SELECT className__C FROM Class__c
02:32:48.0 (59904676)|SOQL_EXECUTE_END|[68]|Rows:2
02:32:48.0 (59931501)|HEAP_ALLOCATE|[68]|Bytes:12
02:32:48.0 (59949924)|HEAP_ALLOCATE|[68]|Bytes:101
02:32:48.0 (60002991)|HEAP_ALLOCATE|[68]|Bytes:12
02:32:48.0 (60021215)|VARIABLE_SCOPE_BEGIN|[68]|data|List<Class__c>|true|false
02:32:48.0 (60058737)|VARIABLE_ASSIGNMENT|[68]|data|[{"className__c":"Math","Id":"a0H0o00000fJhjeEAC"},{"className__c":"English","Id":"a0H0o00000fJhjfEAC"}]|0xac0917c
02:32:48.0 (60096221)|HEAP_ALLOCATE|[69]|Bytes:5
02:32:48.0 (60111179)|HEAP_ALLOCATE|[69]|Bytes:12
02:32:48.0 (60120080)|VARIABLE_SCOPE_BEGIN|[69]|c|Class__c|true|false
02:32:48.0 (60135750)|VARIABLE_ASSIGNMENT|[69]|c|{"className__c":"Math","Id":"a0H0o00000fJhjeEAC"}|0x5450bdf9
02:32:48.0 (60142362)|STATEMENT_EXECUTE|[69]
02:32:48.0 (60144335)|STATEMENT_EXECUTE|[70]
02:32:48.0 (60208525)|HEAP_ALLOCATE|[70]|Bytes:4
02:32:48.0 (60251448)|HEAP_ALLOCATE|[70]|Bytes:4
02:32:48.0 (60290765)|HEAP_ALLOCATE|[EXTERNAL]|Bytes:4
02:32:48.0 (60307552)|HEAP_ALLOCATE|[69]|Bytes:5
02:32:48.0 (60319570)|HEAP_ALLOCATE|[69]|Bytes:12
02:32:48.0 (60326517)|VARIABLE_SCOPE_BEGIN|[69]|c|Class__c|true|false
02:32:48.0 (60343389)|VARIABLE_ASSIGNMENT|[69]|c|{"className__c":"English","Id":"a0H0o00000fJhjfEAC"}|0x39068c23
02:32:48.0 (60349134)|STATEMENT_EXECUTE|[69]
02:32:48.0 (60350841)|STATEMENT_EXECUTE|[70]
02:32:48.0 (60382962)|HEAP_ALLOCATE|[70]|Bytes:7
02:32:48.0 (60411141)|HEAP_ALLOCATE|[70]|Bytes:7
02:32:48.0 (60427881)|HEAP_ALLOCATE|[EXTERNAL]|Bytes:4
02:32:48.0 (60440334)|HEAP_ALLOCATE|[69]|Bytes:5
02:32:48.0 (60452730)|VARIABLE_ASSIGNMENT|[69]|c|null|
02:32:48.0 (60458132)|STATEMENT_EXECUTE|[73]
02:32:48.0 (60463192)|SYSTEM_MODE_EXIT|false
02:32:48.61 (61916243)|SYSTEM_MODE_ENTER|true
02:32:48.61 (62002780)|HEAP_ALLOCATE|[EXTERNAL]|Bytes:8
02:32:48.61 (62015831)|VARIABLE_SCOPE_BEGIN|[88]|this|ApexPage.PageMessagesComponentController|true|false
02:32:48.61 (62053854)|VARIABLE_ASSIGNMENT|[88]|this|{}|0x268e705a
02:32:48.61 (62061143)|VARIABLE_SCOPE_BEGIN|[88]|escape|Boolean|false|false
02:32:48.61 (62069293)|VARIABLE_ASSIGNMENT|[88]|escape|null
02:32:48.62 (62226772)|SYSTEM_MODE_ENTER|true
02:32:48.62 (62270937)|HEAP_ALLOCATE|[EXTERNAL]|Bytes:8
02:32:48.62 (62278561)|VARIABLE_SCOPE_BEGIN|[2]|this|ApexPage.PageMessagesComponentController|true|false
02:32:48.62 (62299757)|VARIABLE_ASSIGNMENT|[2]|this|{}|0x268e705a
02:32:48.0 (63711917)|SYSTEM_MODE_ENTER|true
02:32:48.0 (85636306)|VF_SERIALIZE_VIEWSTATE_BEGIN|0660o000008sEYc
02:32:48.0 (120744347)|VF_SERIALIZE_VIEWSTATE_END
02:32:48.0 (138871062)|CODE_UNIT_STARTED|[EXTERNAL]|Generate Metadata
02:32:48.0 (144073820)|CODE_UNIT_FINISHED|Generate Metadata
02:32:48.147 (147342228)|CUMULATIVE_LIMIT_USAGE
02:32:48.147 (147342228)|LIMIT_USAGE_FOR_NS|(default)|
  Number of SOQL queries: 3 out of 100
  Number of query rows: 7 out of 50000
  Number of SOSL queries: 0 out of 20
  Number of DML statements: 0 out of 150
  Number of DML rows: 0 out of 10000
  Maximum CPU time: 0 out of 10000
  Maximum heap size: 0 out of 6000000
  Number of callouts: 0 out of 100
  Number of Email Invocations: 0 out of 10
  Number of future calls: 0 out of 50
  Number of queueable jobs added to the queue: 0 out of 50
  Number of Mobile Apex push calls: 0 out of 10

02:32:48.147 (147342228)|CUMULATIVE_LIMIT_USAGE_END

02:32:48.0 (147474933)|CODE_UNIT_FINISHED|VF: /apex/MainPage
02:32:48.0 (148417233)|EXECUTION_FINISHED
