36.0 APEX_CODE,FINEST;APEX_PROFILING,INFO;CALLOUT,INFO;DB,INFO;NBA,INFO;SYSTEM,DEBUG;VALIDATION,INFO;VISUALFORCE,INFO;WAVE,INFO;WORKFLOW,INFO
00:03:55.0 (372881)|USER_INFO|[EXTERNAL]|0050o00000WkyGG|ttvy@keizu.co.jp|Pacific Standard Time|GMT-07:00
00:03:55.0 (406146)|EXECUTION_STARTED
00:03:55.0 (411187)|CODE_UNIT_STARTED|[EXTERNAL]|0660o000008sEYc|VF: /apex/MainPage
00:03:55.0 (897321)|VF_DESERIALIZE_VIEWSTATE_BEGIN|0660o000008sEYc
00:03:55.0 (19059665)|VF_DESERIALIZE_VIEWSTATE_END
00:03:55.0 (20901302)|SYSTEM_MODE_ENTER|true
00:03:55.0 (20967339)|HEAP_ALLOCATE|[72]|Bytes:3
00:03:55.0 (21001023)|HEAP_ALLOCATE|[77]|Bytes:152
00:03:55.0 (21012807)|HEAP_ALLOCATE|[342]|Bytes:408
00:03:55.0 (21024311)|HEAP_ALLOCATE|[355]|Bytes:408
00:03:55.0 (21035719)|HEAP_ALLOCATE|[467]|Bytes:48
00:03:55.0 (21058508)|HEAP_ALLOCATE|[139]|Bytes:6
00:03:55.0 (21074191)|HEAP_ALLOCATE|[EXTERNAL]|Bytes:19
00:03:55.0 (21079637)|HEAP_ALLOCATE|[EXTERNAL]|Bytes:376
00:03:55.0 (21083924)|HEAP_ALLOCATE|[EXTERNAL]|Bytes:63
00:03:55.0 (21088161)|HEAP_ALLOCATE|[EXTERNAL]|Bytes:14
00:03:55.0 (21096206)|METHOD_ENTRY|[1]|01p0o00000GLKhZ|Controller.Controller()
00:03:55.0 (21101868)|STATEMENT_EXECUTE|[1]
00:03:55.0 (21106511)|STATEMENT_EXECUTE|[1]
00:03:55.0 (21127596)|HEAP_ALLOCATE|[50]|Bytes:5
00:03:55.0 (21144381)|HEAP_ALLOCATE|[56]|Bytes:5
00:03:55.0 (21151778)|HEAP_ALLOCATE|[64]|Bytes:7
00:03:55.0 (21165505)|SYSTEM_MODE_ENTER|false
00:03:55.0 (21174609)|HEAP_ALLOCATE|[EXTERNAL]|Bytes:5
00:03:55.0 (21178769)|STATEMENT_EXECUTE|[18]
00:03:55.0 (21180640)|STATEMENT_EXECUTE|[37]
00:03:55.0 (21184184)|SYSTEM_MODE_EXIT|false
00:03:55.0 (21190928)|METHOD_EXIT|[1]|Controller
00:03:55.0 (23657249)|SYSTEM_MODE_ENTER|true
00:03:55.0 (23786200)|SYSTEM_MODE_ENTER|true
00:03:55.0 (24126077)|HEAP_ALLOCATE|[EXTERNAL]|Bytes:64
00:03:55.0 (24138102)|VARIABLE_SCOPE_BEGIN|[56]|this|Controller|true|false
00:03:55.0 (24221229)|VARIABLE_ASSIGNMENT|[56]|this|{}|0x739281c7
00:03:55.0 (24237720)|SYSTEM_MODE_ENTER|false
00:03:55.0 (24244909)|HEAP_ALLOCATE|[57]|Bytes:5
00:03:55.0 (24250191)|STATEMENT_EXECUTE|[56]
00:03:55.0 (24252049)|STATEMENT_EXECUTE|[57]
00:03:55.0 (24263500)|HEAP_ALLOCATE|[57]|Bytes:4
00:03:55.0 (24298316)|VARIABLE_SCOPE_BEGIN|[57]|options|List<System.SelectOption>|true|false
00:03:55.0 (24323543)|HEAP_ALLOCATE|[EXTERNAL]|Bytes:4
00:03:55.0 (24334597)|VARIABLE_ASSIGNMENT|[57]|options|[]|0x520491db
00:03:55.0 (24340903)|STATEMENT_EXECUTE|[58]
00:03:55.0 (24344634)|HEAP_ALLOCATE|[58]|Bytes:33
00:03:55.0 (24358368)|HEAP_ALLOCATE|[58]|Bytes:4
00:03:55.0 (25195406)|SOQL_EXECUTE_BEGIN|[58]|Aggregations:0|SELECT className__C FROM Class__c
00:03:55.0 (27399361)|SOQL_EXECUTE_END|[58]|Rows:2
00:03:55.0 (27422983)|HEAP_ALLOCATE|[58]|Bytes:12
00:03:55.0 (27438871)|HEAP_ALLOCATE|[58]|Bytes:101
00:03:55.0 (27503130)|HEAP_ALLOCATE|[58]|Bytes:12
00:03:55.0 (27516786)|VARIABLE_SCOPE_BEGIN|[58]|data|List<Class__c>|true|false
00:03:55.0 (27550281)|VARIABLE_ASSIGNMENT|[58]|data|[{"className__c":"Math","Id":"a0H0o00000fJQOvEAO"},{"className__c":"English","Id":"a0H0o00000fJQOwEAO"}]|0x71c0f2eb
00:03:55.0 (27734488)|HEAP_ALLOCATE|[59]|Bytes:5
00:03:55.0 (27755010)|HEAP_ALLOCATE|[59]|Bytes:12
00:03:55.0 (27763376)|VARIABLE_SCOPE_BEGIN|[59]|c|Class__c|true|false
00:03:55.0 (27781269)|VARIABLE_ASSIGNMENT|[59]|c|{"className__c":"Math","Id":"a0H0o00000fJQOvEAO"}|0x5ebce38e
00:03:55.0 (27788069)|STATEMENT_EXECUTE|[59]
00:03:55.0 (27790153)|STATEMENT_EXECUTE|[60]
00:03:55.0 (27798048)|HEAP_ALLOCATE|[60]|Bytes:12
00:03:55.0 (27885573)|HEAP_ALLOCATE|[60]|Bytes:4
00:03:55.0 (27930706)|HEAP_ALLOCATE|[60]|Bytes:4
00:03:55.0 (27972864)|HEAP_ALLOCATE|[EXTERNAL]|Bytes:4
00:03:55.0 (27988934)|HEAP_ALLOCATE|[59]|Bytes:5
00:03:55.0 (28022145)|HEAP_ALLOCATE|[59]|Bytes:12
00:03:55.0 (28031926)|VARIABLE_SCOPE_BEGIN|[59]|c|Class__c|true|false
00:03:55.0 (28056642)|VARIABLE_ASSIGNMENT|[59]|c|{"className__c":"English","Id":"a0H0o00000fJQOwEAO"}|0x11440cb4
00:03:55.0 (28063107)|STATEMENT_EXECUTE|[59]
00:03:55.0 (28064858)|STATEMENT_EXECUTE|[60]
00:03:55.0 (28102482)|HEAP_ALLOCATE|[60]|Bytes:7
00:03:55.0 (28133375)|HEAP_ALLOCATE|[60]|Bytes:7
00:03:55.0 (28151039)|HEAP_ALLOCATE|[EXTERNAL]|Bytes:4
00:03:55.0 (28164226)|HEAP_ALLOCATE|[59]|Bytes:5
00:03:55.0 (28176401)|VARIABLE_ASSIGNMENT|[59]|c|null|
00:03:55.0 (28181974)|STATEMENT_EXECUTE|[63]
00:03:55.0 (28186630)|SYSTEM_MODE_EXIT|false
00:03:55.0 (28823932)|HEAP_ALLOCATE|[EXTERNAL]|Bytes:64
00:03:55.0 (28834800)|VARIABLE_SCOPE_BEGIN|[45]|this|Controller|true|false
00:03:55.0 (28867877)|VARIABLE_ASSIGNMENT|[45]|this|{}|0x739281c7
00:03:55.0 (28881716)|SYSTEM_MODE_ENTER|false
00:03:55.0 (28888950)|HEAP_ALLOCATE|[46]|Bytes:5
00:03:55.0 (28894083)|STATEMENT_EXECUTE|[45]
00:03:55.0 (28896014)|STATEMENT_EXECUTE|[46]
00:03:55.0 (28901675)|HEAP_ALLOCATE|[46]|Bytes:19
00:03:55.0 (28934233)|VARIABLE_SCOPE_BEGIN|[46]|pr|System.PageReference|true|false
00:03:55.0 (30412100)|VARIABLE_ASSIGNMENT|[46]|pr|"/apex/AddNewStudent"|0x4f15f864
00:03:55.0 (30424973)|STATEMENT_EXECUTE|[47]
00:03:55.0 (30478316)|STATEMENT_EXECUTE|[48]
00:03:55.0 (30483721)|SYSTEM_MODE_EXIT|false
00:03:55.31 (31932216)|CUMULATIVE_LIMIT_USAGE
00:03:55.31 (31932216)|LIMIT_USAGE_FOR_NS|(default)|
  Number of SOQL queries: 1 out of 100
  Number of query rows: 2 out of 50000
  Number of SOSL queries: 0 out of 20
  Number of DML statements: 0 out of 150
  Number of DML rows: 0 out of 10000
  Maximum CPU time: 0 out of 10000
  Maximum heap size: 0 out of 6000000
  Number of callouts: 0 out of 100
  Number of Email Invocations: 0 out of 10
  Number of future calls: 0 out of 50
  Number of queueable jobs added to the queue: 0 out of 50
  Number of Mobile Apex push calls: 0 out of 10

00:03:55.31 (31932216)|CUMULATIVE_LIMIT_USAGE_END

00:03:55.0 (31973138)|CODE_UNIT_FINISHED|VF: /apex/MainPage
00:03:55.0 (32714368)|EXECUTION_FINISHED
