36.0 APEX_CODE,FINEST;APEX_PROFILING,INFO;CALLOUT,INFO;DB,INFO;NBA,INFO;SYSTEM,DEBUG;VALIDATION,INFO;VISUALFORCE,INFO;WAVE,INFO;WORKFLOW,INFO
00:42:29.0 (356597)|USER_INFO|[EXTERNAL]|0050o00000WkyGG|ttvy@keizu.co.jp|Pacific Standard Time|GMT-07:00
00:42:29.0 (392903)|EXECUTION_STARTED
00:42:29.0 (397503)|CODE_UNIT_STARTED|[EXTERNAL]|0660o000008sEYc|VF: /apex/MainPage
00:42:29.0 (2762011)|SYSTEM_MODE_ENTER|true
00:42:29.0 (3165220)|HEAP_ALLOCATE|[72]|Bytes:3
00:42:29.0 (3213879)|HEAP_ALLOCATE|[77]|Bytes:152
00:42:29.0 (3232414)|HEAP_ALLOCATE|[342]|Bytes:408
00:42:29.0 (3247604)|HEAP_ALLOCATE|[355]|Bytes:408
00:42:29.0 (3259308)|HEAP_ALLOCATE|[467]|Bytes:48
00:42:29.0 (3287673)|HEAP_ALLOCATE|[139]|Bytes:6
00:42:29.0 (3309086)|HEAP_ALLOCATE|[EXTERNAL]|Bytes:176
00:42:29.0 (3314345)|HEAP_ALLOCATE|[EXTERNAL]|Bytes:20
00:42:29.0 (3318038)|HEAP_ALLOCATE|[EXTERNAL]|Bytes:2
00:42:29.0 (3329842)|METHOD_ENTRY|[1]|01p0o00000GLKhZ|Controller.Controller()
00:42:29.0 (3336462)|STATEMENT_EXECUTE|[1]
00:42:29.0 (3341992)|STATEMENT_EXECUTE|[1]
00:42:29.0 (3371682)|HEAP_ALLOCATE|[50]|Bytes:5
00:42:29.0 (3396866)|HEAP_ALLOCATE|[56]|Bytes:5
00:42:29.0 (3404771)|HEAP_ALLOCATE|[64]|Bytes:7
00:42:29.0 (3423489)|SYSTEM_MODE_ENTER|false
00:42:29.0 (3439281)|HEAP_ALLOCATE|[EXTERNAL]|Bytes:5
00:42:29.0 (3446849)|SYSTEM_MODE_EXIT|false
00:42:29.0 (3454853)|METHOD_EXIT|[1]|Controller
00:42:29.0 (3471367)|HEAP_ALLOCATE|[EXTERNAL]|Bytes:24
00:42:29.0 (3479041)|VARIABLE_SCOPE_BEGIN|[1]|this|Controller|true|false
00:42:29.0 (3522180)|VARIABLE_ASSIGNMENT|[1]|this|{}|0x723b5d99
00:42:29.0 (3534603)|SYSTEM_MODE_ENTER|false
00:42:29.0 (3540409)|HEAP_ALLOCATE|[EXTERNAL]|Bytes:5
00:42:29.0 (3548254)|HEAP_ALLOCATE|[EXTERNAL]|Bytes:6
00:42:29.0 (3584188)|SYSTEM_MODE_EXIT|false
00:42:29.0 (3589952)|STATEMENT_EXECUTE|[1]
00:42:29.0 (3594224)|SYSTEM_MODE_ENTER|false
00:42:29.0 (3599281)|HEAP_ALLOCATE|[EXTERNAL]|Bytes:5
00:42:29.0 (3603270)|STATEMENT_EXECUTE|[2]
00:42:29.0 (3605711)|STATEMENT_EXECUTE|[3]
00:42:29.0 (3607049)|STATEMENT_EXECUTE|[4]
00:42:29.0 (3608451)|STATEMENT_EXECUTE|[5]
00:42:29.0 (3609857)|STATEMENT_EXECUTE|[6]
00:42:29.0 (3612342)|SYSTEM_MODE_EXIT|false
00:42:29.0 (3666447)|SYSTEM_MODE_ENTER|true
00:42:29.4 (4098564)|SYSTEM_MODE_ENTER|true
00:42:29.4 (4128600)|HEAP_ALLOCATE|[EXTERNAL]|Bytes:38
00:42:29.4 (4135256)|HEAP_ALLOCATE|[EXTERNAL]|Bytes:7
00:42:29.4 (4291749)|SYSTEM_MODE_ENTER|true
00:42:29.4 (4360096)|HEAP_ALLOCATE|[EXTERNAL]|Bytes:8
00:42:29.4 (4368700)|VARIABLE_SCOPE_BEGIN|[88]|this|ApexPage.PageMessagesComponentController|true|false
00:42:29.4 (4393833)|VARIABLE_ASSIGNMENT|[88]|this|{}|0x56fa03c7
00:42:29.4 (4401111)|VARIABLE_SCOPE_BEGIN|[88]|escape|Boolean|false|false
00:42:29.4 (4410033)|VARIABLE_ASSIGNMENT|[88]|escape|null
00:42:29.4 (4521371)|SYSTEM_MODE_ENTER|true
00:42:29.4 (4562107)|HEAP_ALLOCATE|[EXTERNAL]|Bytes:8
00:42:29.4 (4569602)|VARIABLE_SCOPE_BEGIN|[2]|this|ApexPage.PageMessagesComponentController|true|false
00:42:29.4 (4589617)|VARIABLE_ASSIGNMENT|[2]|this|{}|0x56fa03c7
00:42:29.0 (5395637)|SYSTEM_MODE_ENTER|true
00:42:29.0 (6158692)|SYSTEM_MODE_ENTER|true
00:42:29.0 (6415599)|SYSTEM_MODE_ENTER|true
00:42:29.0 (6478435)|HEAP_ALLOCATE|[EXTERNAL]|Bytes:24
00:42:29.0 (6490452)|VARIABLE_SCOPE_BEGIN|[8]|this|Controller|true|false
00:42:29.0 (6522439)|VARIABLE_ASSIGNMENT|[8]|this|{}|0x723b5d99
00:42:29.0 (6541148)|SYSTEM_MODE_ENTER|false
00:42:29.0 (6550183)|HEAP_ALLOCATE|[9]|Bytes:5
00:42:29.0 (6556955)|STATEMENT_EXECUTE|[8]
00:42:29.0 (6559683)|STATEMENT_EXECUTE|[9]
00:42:29.0 (6573520)|HEAP_ALLOCATE|[9]|Bytes:4
00:42:29.0 (6611913)|VARIABLE_SCOPE_BEGIN|[9]|options|List<System.SelectOption>|true|false
00:42:29.0 (6640295)|HEAP_ALLOCATE|[EXTERNAL]|Bytes:4
00:42:29.0 (6656554)|VARIABLE_ASSIGNMENT|[9]|options|[]|0x3de22698
00:42:29.0 (6664940)|STATEMENT_EXECUTE|[10]
00:42:29.0 (6669681)|HEAP_ALLOCATE|[10]|Bytes:33
00:42:29.0 (6689414)|HEAP_ALLOCATE|[10]|Bytes:4
00:42:29.0 (8017216)|SOQL_EXECUTE_BEGIN|[10]|Aggregations:0|SELECT className__C FROM Class__c
00:42:29.0 (10909593)|SOQL_EXECUTE_END|[10]|Rows:4
00:42:29.0 (10940893)|HEAP_ALLOCATE|[10]|Bytes:20
00:42:29.0 (10970534)|HEAP_ALLOCATE|[10]|Bytes:193
00:42:29.0 (11053180)|HEAP_ALLOCATE|[10]|Bytes:20
00:42:29.0 (11071861)|VARIABLE_SCOPE_BEGIN|[10]|data|List<Class__c>|true|false
00:42:29.0 (11119520)|VARIABLE_ASSIGNMENT|[10]|data|[{"className__c":"Name","Id":"a0H0o00000fIXZEEA4"},{"className__c":"L02","Id":"a0H0o00000fIXflEAG"},{"className__c":"L01","Id":"a0H0o00000fIXZYEA4"},{"className__c":"L03","Id":"a0H0o00000fIXg0EAG"}]|0x6e28a1d
00:42:29.0 (11345045)|HEAP_ALLOCATE|[11]|Bytes:5
00:42:29.0 (11377780)|HEAP_ALLOCATE|[11]|Bytes:12
00:42:29.0 (11390281)|VARIABLE_SCOPE_BEGIN|[11]|c|Class__c|true|false
00:42:29.0 (11412082)|VARIABLE_ASSIGNMENT|[11]|c|{"className__c":"Name","Id":"a0H0o00000fIXZEEA4"}|0x3701ef0
00:42:29.0 (11422630)|STATEMENT_EXECUTE|[11]
00:42:29.0 (11425569)|STATEMENT_EXECUTE|[12]
00:42:29.0 (11435108)|HEAP_ALLOCATE|[12]|Bytes:12
00:42:29.0 (11543706)|HEAP_ALLOCATE|[12]|Bytes:4
00:42:29.0 (11588356)|HEAP_ALLOCATE|[12]|Bytes:4
00:42:29.0 (11651258)|HEAP_ALLOCATE|[EXTERNAL]|Bytes:4
00:42:29.0 (11674042)|HEAP_ALLOCATE|[11]|Bytes:5
00:42:29.0 (11688997)|HEAP_ALLOCATE|[11]|Bytes:12
00:42:29.0 (11697878)|VARIABLE_SCOPE_BEGIN|[11]|c|Class__c|true|false
00:42:29.0 (11720932)|VARIABLE_ASSIGNMENT|[11]|c|{"className__c":"L02","Id":"a0H0o00000fIXflEAG"}|0x664b51a2
00:42:29.0 (11729827)|STATEMENT_EXECUTE|[11]
00:42:29.0 (11732236)|STATEMENT_EXECUTE|[12]
00:42:29.0 (11778295)|HEAP_ALLOCATE|[12]|Bytes:3
00:42:29.0 (11814557)|HEAP_ALLOCATE|[12]|Bytes:3
00:42:29.0 (11837266)|HEAP_ALLOCATE|[EXTERNAL]|Bytes:4
00:42:29.0 (11854081)|HEAP_ALLOCATE|[11]|Bytes:5
00:42:29.0 (11887891)|HEAP_ALLOCATE|[11]|Bytes:12
00:42:29.0 (11896661)|VARIABLE_SCOPE_BEGIN|[11]|c|Class__c|true|false
00:42:29.0 (11917728)|VARIABLE_ASSIGNMENT|[11]|c|{"className__c":"L01","Id":"a0H0o00000fIXZYEA4"}|0x4ebad90e
00:42:29.0 (11926633)|STATEMENT_EXECUTE|[11]
00:42:29.0 (11929019)|STATEMENT_EXECUTE|[12]
00:42:29.0 (11960869)|HEAP_ALLOCATE|[12]|Bytes:3
00:42:29.0 (11993789)|HEAP_ALLOCATE|[12]|Bytes:3
00:42:29.0 (12018580)|HEAP_ALLOCATE|[EXTERNAL]|Bytes:4
00:42:29.0 (12036073)|HEAP_ALLOCATE|[11]|Bytes:5
00:42:29.0 (12048654)|HEAP_ALLOCATE|[11]|Bytes:12
00:42:29.0 (12056305)|VARIABLE_SCOPE_BEGIN|[11]|c|Class__c|true|false
00:42:29.0 (12075188)|VARIABLE_ASSIGNMENT|[11]|c|{"className__c":"L03","Id":"a0H0o00000fIXg0EAG"}|0x641c929f
00:42:29.0 (12098374)|STATEMENT_EXECUTE|[11]
00:42:29.0 (12100810)|STATEMENT_EXECUTE|[12]
00:42:29.0 (12131888)|HEAP_ALLOCATE|[12]|Bytes:3
00:42:29.0 (12166653)|HEAP_ALLOCATE|[12]|Bytes:3
00:42:29.0 (12189049)|HEAP_ALLOCATE|[EXTERNAL]|Bytes:4
00:42:29.0 (12204972)|HEAP_ALLOCATE|[11]|Bytes:5
00:42:29.0 (12220041)|VARIABLE_ASSIGNMENT|[11]|c|null|
00:42:29.0 (12228513)|STATEMENT_EXECUTE|[15]
00:42:29.0 (12236050)|SYSTEM_MODE_EXIT|false
00:42:29.0 (12497796)|SYSTEM_MODE_ENTER|true
00:42:29.14 (14129482)|SYSTEM_MODE_ENTER|true
00:42:29.14 (14229304)|HEAP_ALLOCATE|[EXTERNAL]|Bytes:8
00:42:29.14 (14244600)|VARIABLE_SCOPE_BEGIN|[88]|this|ApexPage.PageMessagesComponentController|true|false
00:42:29.14 (14287676)|VARIABLE_ASSIGNMENT|[88]|this|{}|0x56fa03c7
00:42:29.14 (14297613)|VARIABLE_SCOPE_BEGIN|[88]|escape|Boolean|false|false
00:42:29.14 (14309147)|VARIABLE_ASSIGNMENT|[88]|escape|null
00:42:29.14 (14479548)|SYSTEM_MODE_ENTER|true
00:42:29.14 (14533297)|HEAP_ALLOCATE|[EXTERNAL]|Bytes:8
00:42:29.14 (14543097)|VARIABLE_SCOPE_BEGIN|[2]|this|ApexPage.PageMessagesComponentController|true|false
00:42:29.14 (14570971)|VARIABLE_ASSIGNMENT|[2]|this|{}|0x56fa03c7
00:42:29.0 (15710873)|SYSTEM_MODE_ENTER|true
00:42:29.0 (17587333)|VF_SERIALIZE_VIEWSTATE_BEGIN|0660o000008sEYc
00:42:29.0 (28016085)|VF_SERIALIZE_VIEWSTATE_END
00:42:29.0 (29679841)|CODE_UNIT_STARTED|[EXTERNAL]|Generate Metadata
00:42:29.0 (30335680)|CODE_UNIT_FINISHED|Generate Metadata
00:42:29.33 (33337826)|CUMULATIVE_LIMIT_USAGE
00:42:29.33 (33337826)|LIMIT_USAGE_FOR_NS|(default)|
  Number of SOQL queries: 1 out of 100
  Number of query rows: 4 out of 50000
  Number of SOSL queries: 0 out of 20
  Number of DML statements: 0 out of 150
  Number of DML rows: 0 out of 10000
  Maximum CPU time: 0 out of 10000
  Maximum heap size: 0 out of 6000000
  Number of callouts: 0 out of 100
  Number of Email Invocations: 0 out of 10
  Number of future calls: 0 out of 50
  Number of queueable jobs added to the queue: 0 out of 50
  Number of Mobile Apex push calls: 0 out of 10

00:42:29.33 (33337826)|CUMULATIVE_LIMIT_USAGE_END

00:42:29.0 (33402052)|CODE_UNIT_FINISHED|VF: /apex/MainPage
00:42:29.0 (34296792)|EXECUTION_FINISHED
