36.0 APEX_CODE,FINEST;APEX_PROFILING,INFO;CALLOUT,INFO;DB,INFO;NBA,INFO;SYSTEM,DEBUG;VALIDATION,INFO;VISUALFORCE,INFO;WAVE,INFO;WORKFLOW,INFO
00:27:47.0 (438403)|USER_INFO|[EXTERNAL]|0050o00000WkyGG|ttvy@keizu.co.jp|Pacific Standard Time|GMT-07:00
00:27:47.0 (474324)|EXECUTION_STARTED
00:27:47.0 (479439)|CODE_UNIT_STARTED|[EXTERNAL]|0660o000008sEYc|VF: /apex/MainPage
00:27:47.0 (1040989)|VF_DESERIALIZE_VIEWSTATE_BEGIN|0660o000008sEYc
00:27:47.0 (6795308)|HEAP_ALLOCATE|[72]|Bytes:3
00:27:47.0 (6854858)|HEAP_ALLOCATE|[77]|Bytes:152
00:27:47.0 (6876898)|HEAP_ALLOCATE|[342]|Bytes:408
00:27:47.0 (6889808)|HEAP_ALLOCATE|[355]|Bytes:408
00:27:47.0 (6901510)|HEAP_ALLOCATE|[467]|Bytes:48
00:27:47.0 (6932325)|HEAP_ALLOCATE|[139]|Bytes:6
00:27:47.0 (10593800)|VF_DESERIALIZE_VIEWSTATE_END
00:27:47.11 (11353606)|SYSTEM_MODE_ENTER|true
00:27:47.11 (11444887)|HEAP_ALLOCATE|[EXTERNAL]|Bytes:38
00:27:47.11 (11457994)|HEAP_ALLOCATE|[EXTERNAL]|Bytes:7
00:27:47.12 (12464935)|SYSTEM_MODE_ENTER|true
00:27:47.12 (12534271)|HEAP_ALLOCATE|[EXTERNAL]|Bytes:8
00:27:47.12 (12544762)|VARIABLE_SCOPE_BEGIN|[88]|this|ApexPage.PageMessagesComponentController|true|false
00:27:47.12 (12583366)|VARIABLE_ASSIGNMENT|[88]|this|{}|0x6e8f9d93
00:27:47.12 (12591167)|VARIABLE_SCOPE_BEGIN|[88]|escape|Boolean|false|false
00:27:47.12 (12600224)|VARIABLE_ASSIGNMENT|[88]|escape|null
00:27:47.0 (13654431)|SYSTEM_MODE_ENTER|true
00:27:47.0 (13698767)|HEAP_ALLOCATE|[EXTERNAL]|Bytes:176
00:27:47.0 (13713106)|HEAP_ALLOCATE|[EXTERNAL]|Bytes:20
00:27:47.0 (13720544)|HEAP_ALLOCATE|[EXTERNAL]|Bytes:2
00:27:47.0 (13735396)|METHOD_ENTRY|[1]|01p0o00000GLKhZ|Controller.Controller()
00:27:47.0 (13744500)|STATEMENT_EXECUTE|[1]
00:27:47.0 (13750713)|STATEMENT_EXECUTE|[1]
00:27:47.0 (13762648)|SYSTEM_MODE_ENTER|false
00:27:47.0 (13774651)|HEAP_ALLOCATE|[EXTERNAL]|Bytes:5
00:27:47.0 (13786562)|SYSTEM_MODE_EXIT|false
00:27:47.0 (13798446)|METHOD_EXIT|[1]|Controller
00:27:47.14 (14999777)|SYSTEM_MODE_ENTER|true
00:27:47.14 (15105429)|HEAP_ALLOCATE|[EXTERNAL]|Bytes:8
00:27:47.14 (15121293)|VARIABLE_SCOPE_BEGIN|[88]|this|ApexPage.PageMessagesComponentController|true|false
00:27:47.14 (15169866)|VARIABLE_ASSIGNMENT|[88]|this|{}|0x6e8f9d93
00:27:47.14 (15182158)|VARIABLE_SCOPE_BEGIN|[88]|escape|Boolean|false|false
00:27:47.14 (15195296)|VARIABLE_ASSIGNMENT|[88]|escape|null
00:27:47.0 (16133269)|HEAP_ALLOCATE|[EXTERNAL]|Bytes:24
00:27:47.0 (16152063)|VARIABLE_SCOPE_BEGIN|[34]|this|Controller|true|false
00:27:47.0 (16229363)|VARIABLE_ASSIGNMENT|[34]|this|{"studentList":"0x763e2792","sumstudents":"Total Students : 3","userinput":"a","userselect":"L01"}|0x6d4234af
00:27:47.0 (16257390)|SYSTEM_MODE_ENTER|false
00:27:47.0 (16275295)|HEAP_ALLOCATE|[35]|Bytes:5
00:27:47.0 (16284475)|STATEMENT_EXECUTE|[34]
00:27:47.0 (16288037)|STATEMENT_EXECUTE|[35]
00:27:47.0 (16371561)|VARIABLE_ASSIGNMENT|[EXTERNAL]|this|{"studentList":"0x763e2792","sumstudents":"Total Students : 3","userinput":"a","userselect":"L01"}|0x6d4234af
00:27:47.0 (16436994)|USER_DEBUG|[35]|DEBUG|null
00:27:47.0 (16458315)|SYSTEM_MODE_EXIT|false
00:27:47.21 (21302427)|SYSTEM_MODE_ENTER|true
00:27:47.21 (21427818)|HEAP_ALLOCATE|[EXTERNAL]|Bytes:8
00:27:47.21 (21445166)|VARIABLE_SCOPE_BEGIN|[88]|this|ApexPage.PageMessagesComponentController|true|false
00:27:47.21 (21488009)|VARIABLE_ASSIGNMENT|[88]|this|{}|0x6e8f9d93
00:27:47.21 (21495958)|VARIABLE_SCOPE_BEGIN|[88]|escape|Boolean|false|false
00:27:47.21 (21504500)|VARIABLE_ASSIGNMENT|[88]|escape|null
00:27:47.21 (21628550)|SYSTEM_MODE_ENTER|true
00:27:47.21 (21677233)|HEAP_ALLOCATE|[EXTERNAL]|Bytes:8
00:27:47.21 (21686071)|VARIABLE_SCOPE_BEGIN|[2]|this|ApexPage.PageMessagesComponentController|true|false
00:27:47.21 (21708196)|VARIABLE_ASSIGNMENT|[2]|this|{}|0x6e8f9d93
00:27:47.0 (22131465)|SYSTEM_MODE_ENTER|true
00:27:47.0 (23433369)|SYSTEM_MODE_ENTER|true
00:27:47.0 (23740835)|SYSTEM_MODE_ENTER|true
00:27:47.0 (23814616)|HEAP_ALLOCATE|[EXTERNAL]|Bytes:24
00:27:47.0 (23830730)|VARIABLE_SCOPE_BEGIN|[8]|this|Controller|true|false
00:27:47.0 (23878026)|VARIABLE_ASSIGNMENT|[8]|this|{"studentList":"0x763e2792","sumstudents":"Total Students : 3","userinput":"a","userselect":"L01"}|0x6d4234af
00:27:47.0 (23895923)|SYSTEM_MODE_ENTER|false
00:27:47.0 (23906315)|HEAP_ALLOCATE|[9]|Bytes:5
00:27:47.0 (23913537)|STATEMENT_EXECUTE|[8]
00:27:47.0 (23916456)|STATEMENT_EXECUTE|[9]
00:27:47.0 (23931591)|HEAP_ALLOCATE|[9]|Bytes:4
00:27:47.0 (23976577)|VARIABLE_SCOPE_BEGIN|[9]|options|List<System.SelectOption>|true|false
00:27:47.0 (24004965)|HEAP_ALLOCATE|[EXTERNAL]|Bytes:4
00:27:47.0 (24019550)|VARIABLE_ASSIGNMENT|[9]|options|[]|0x3d59653a
00:27:47.0 (24025861)|STATEMENT_EXECUTE|[10]
00:27:47.0 (24033096)|HEAP_ALLOCATE|[10]|Bytes:33
00:27:47.0 (24053392)|HEAP_ALLOCATE|[10]|Bytes:4
00:27:47.0 (25369129)|SOQL_EXECUTE_BEGIN|[10]|Aggregations:0|SELECT className__C FROM Class__c
00:27:47.0 (28951750)|SOQL_EXECUTE_END|[10]|Rows:4
00:27:47.0 (29001515)|HEAP_ALLOCATE|[10]|Bytes:20
00:27:47.0 (29036887)|HEAP_ALLOCATE|[10]|Bytes:193
00:27:47.0 (29176835)|HEAP_ALLOCATE|[10]|Bytes:20
00:27:47.0 (29208710)|VARIABLE_SCOPE_BEGIN|[10]|data|List<Class__c>|true|false
00:27:47.0 (29275997)|VARIABLE_ASSIGNMENT|[10]|data|[{"className__c":"Name","Id":"a0H0o00000fIXZEEA4"},{"className__c":"L02","Id":"a0H0o00000fIXflEAG"},{"className__c":"L01","Id":"a0H0o00000fIXZYEA4"},{"className__c":"L03","Id":"a0H0o00000fIXg0EAG"}]|0x19ee943b
00:27:47.0 (29572529)|HEAP_ALLOCATE|[11]|Bytes:5
00:27:47.0 (29614063)|HEAP_ALLOCATE|[11]|Bytes:12
00:27:47.0 (29638145)|VARIABLE_SCOPE_BEGIN|[11]|c|Class__c|true|false
00:27:47.0 (29665763)|VARIABLE_ASSIGNMENT|[11]|c|{"className__c":"Name","Id":"a0H0o00000fIXZEEA4"}|0x56838daa
00:27:47.0 (29679183)|STATEMENT_EXECUTE|[11]
00:27:47.0 (29683079)|STATEMENT_EXECUTE|[12]
00:27:47.0 (29701333)|HEAP_ALLOCATE|[12]|Bytes:12
00:27:47.0 (29838560)|HEAP_ALLOCATE|[12]|Bytes:4
00:27:47.0 (29893558)|HEAP_ALLOCATE|[12]|Bytes:4
00:27:47.0 (29969185)|HEAP_ALLOCATE|[EXTERNAL]|Bytes:4
00:27:47.0 (29995148)|HEAP_ALLOCATE|[11]|Bytes:5
00:27:47.0 (30012547)|HEAP_ALLOCATE|[11]|Bytes:12
00:27:47.0 (30024819)|VARIABLE_SCOPE_BEGIN|[11]|c|Class__c|true|false
00:27:47.0 (30054228)|VARIABLE_ASSIGNMENT|[11]|c|{"className__c":"L02","Id":"a0H0o00000fIXflEAG"}|0xca0513
00:27:47.0 (30065379)|STATEMENT_EXECUTE|[11]
00:27:47.0 (30068338)|STATEMENT_EXECUTE|[12]
00:27:47.0 (30115343)|HEAP_ALLOCATE|[12]|Bytes:3
00:27:47.0 (30161631)|HEAP_ALLOCATE|[12]|Bytes:3
00:27:47.0 (30189674)|HEAP_ALLOCATE|[EXTERNAL]|Bytes:4
00:27:47.0 (30209556)|HEAP_ALLOCATE|[11]|Bytes:5
00:27:47.0 (30226813)|HEAP_ALLOCATE|[11]|Bytes:12
00:27:47.0 (30236252)|VARIABLE_SCOPE_BEGIN|[11]|c|Class__c|true|false
00:27:47.0 (30259936)|VARIABLE_ASSIGNMENT|[11]|c|{"className__c":"L01","Id":"a0H0o00000fIXZYEA4"}|0x314a362f
00:27:47.0 (30270098)|STATEMENT_EXECUTE|[11]
00:27:47.0 (30272929)|STATEMENT_EXECUTE|[12]
00:27:47.0 (30313545)|HEAP_ALLOCATE|[12]|Bytes:3
00:27:47.0 (30354971)|HEAP_ALLOCATE|[12]|Bytes:3
00:27:47.0 (30380784)|HEAP_ALLOCATE|[EXTERNAL]|Bytes:4
00:27:47.0 (30399772)|HEAP_ALLOCATE|[11]|Bytes:5
00:27:47.0 (30415350)|HEAP_ALLOCATE|[11]|Bytes:12
00:27:47.0 (30424937)|VARIABLE_SCOPE_BEGIN|[11]|c|Class__c|true|false
00:27:47.0 (30447765)|VARIABLE_ASSIGNMENT|[11]|c|{"className__c":"L03","Id":"a0H0o00000fIXg0EAG"}|0x33a8f72
00:27:47.0 (30457564)|STATEMENT_EXECUTE|[11]
00:27:47.0 (30460261)|STATEMENT_EXECUTE|[12]
00:27:47.0 (30498784)|HEAP_ALLOCATE|[12]|Bytes:3
00:27:47.0 (30538629)|HEAP_ALLOCATE|[12]|Bytes:3
00:27:47.0 (30563414)|HEAP_ALLOCATE|[EXTERNAL]|Bytes:4
00:27:47.0 (30582979)|HEAP_ALLOCATE|[11]|Bytes:5
00:27:47.0 (30601323)|VARIABLE_ASSIGNMENT|[11]|c|null|
00:27:47.0 (30610633)|STATEMENT_EXECUTE|[15]
00:27:47.0 (30619218)|SYSTEM_MODE_EXIT|false
00:27:47.0 (31004146)|SYSTEM_MODE_ENTER|true
00:27:47.32 (32737393)|SYSTEM_MODE_ENTER|true
00:27:47.32 (32859915)|HEAP_ALLOCATE|[EXTERNAL]|Bytes:8
00:27:47.32 (32879318)|VARIABLE_SCOPE_BEGIN|[88]|this|ApexPage.PageMessagesComponentController|true|false
00:27:47.32 (32931738)|VARIABLE_ASSIGNMENT|[88]|this|{}|0x6e8f9d93
00:27:47.32 (32943769)|VARIABLE_SCOPE_BEGIN|[88]|escape|Boolean|false|false
00:27:47.32 (32957888)|VARIABLE_ASSIGNMENT|[88]|escape|null
00:27:47.33 (33152621)|SYSTEM_MODE_ENTER|true
00:27:47.33 (33220472)|HEAP_ALLOCATE|[EXTERNAL]|Bytes:8
00:27:47.33 (33232071)|VARIABLE_SCOPE_BEGIN|[2]|this|ApexPage.PageMessagesComponentController|true|false
00:27:47.33 (33265264)|VARIABLE_ASSIGNMENT|[2]|this|{}|0x6e8f9d93
00:27:47.0 (34497650)|SYSTEM_MODE_ENTER|true
00:27:47.0 (48256860)|VF_SERIALIZE_VIEWSTATE_BEGIN|0660o000008sEYc
00:27:47.0 (66692911)|VF_SERIALIZE_VIEWSTATE_END
00:27:47.0 (80232447)|CODE_UNIT_STARTED|[EXTERNAL]|Generate Metadata
00:27:47.0 (83562479)|CODE_UNIT_FINISHED|Generate Metadata
00:27:47.86 (86936119)|CUMULATIVE_LIMIT_USAGE
00:27:47.86 (86936119)|LIMIT_USAGE_FOR_NS|(default)|
  Number of SOQL queries: 1 out of 100
  Number of query rows: 4 out of 50000
  Number of SOSL queries: 0 out of 20
  Number of DML statements: 0 out of 150
  Number of DML rows: 0 out of 10000
  Maximum CPU time: 0 out of 10000
  Maximum heap size: 0 out of 6000000
  Number of callouts: 0 out of 100
  Number of Email Invocations: 0 out of 10
  Number of future calls: 0 out of 50
  Number of queueable jobs added to the queue: 0 out of 50
  Number of Mobile Apex push calls: 0 out of 10

00:27:47.86 (86936119)|CUMULATIVE_LIMIT_USAGE_END

00:27:47.0 (87008390)|CODE_UNIT_FINISHED|VF: /apex/MainPage
00:27:47.0 (88475411)|EXECUTION_FINISHED
