36.0 APEX_CODE,FINEST;APEX_PROFILING,INFO;CALLOUT,INFO;DB,INFO;NBA,INFO;SYSTEM,DEBUG;VALIDATION,INFO;VISUALFORCE,INFO;WAVE,INFO;WORKFLOW,INFO
00:26:59.0 (399293)|USER_INFO|[EXTERNAL]|0050o00000WkyGG|ttvy@keizu.co.jp|Pacific Standard Time|GMT-07:00
00:26:59.0 (437162)|EXECUTION_STARTED
00:26:59.0 (442459)|CODE_UNIT_STARTED|[EXTERNAL]|0660o000008sbCc|VF: /apex/AddNewStudent
00:26:59.0 (1048405)|VF_DESERIALIZE_VIEWSTATE_BEGIN|0660o000008sbCc
00:26:59.0 (8893050)|VF_DESERIALIZE_VIEWSTATE_END
00:26:59.9 (9491634)|SYSTEM_MODE_ENTER|true
00:26:59.10 (10627195)|SYSTEM_MODE_ENTER|true
00:26:59.10 (10701089)|HEAP_ALLOCATE|[EXTERNAL]|Bytes:8
00:26:59.10 (10712403)|VARIABLE_SCOPE_BEGIN|[88]|this|ApexPage.PageMessagesComponentController|true|false
00:26:59.10 (10754338)|VARIABLE_ASSIGNMENT|[88]|this|{}|0x6f8881df
00:26:59.10 (10762530)|VARIABLE_SCOPE_BEGIN|[88]|escape|Boolean|false|false
00:26:59.10 (10775169)|VARIABLE_ASSIGNMENT|[88]|escape|null
00:26:59.0 (11782455)|SYSTEM_MODE_ENTER|true
00:26:59.0 (11814415)|HEAP_ALLOCATE|[EXTERNAL]|Bytes:19
00:26:59.0 (11824325)|HEAP_ALLOCATE|[EXTERNAL]|Bytes:376
00:26:59.0 (11832891)|HEAP_ALLOCATE|[EXTERNAL]|Bytes:63
00:26:59.0 (11840906)|HEAP_ALLOCATE|[EXTERNAL]|Bytes:14
00:26:59.0 (11856421)|METHOD_ENTRY|[1]|01p0o00000GLKhZ|Controller.Controller()
00:26:59.0 (11864091)|STATEMENT_EXECUTE|[1]
00:26:59.0 (11868588)|STATEMENT_EXECUTE|[1]
00:26:59.0 (11876953)|SYSTEM_MODE_ENTER|false
00:26:59.0 (11885676)|HEAP_ALLOCATE|[EXTERNAL]|Bytes:5
00:26:59.0 (11892037)|STATEMENT_EXECUTE|[18]
00:26:59.0 (11893760)|STATEMENT_EXECUTE|[37]
00:26:59.0 (11898084)|SYSTEM_MODE_EXIT|false
00:26:59.0 (11907150)|METHOD_EXIT|[1]|Controller
00:26:59.0 (12040769)|SYSTEM_MODE_ENTER|true
00:26:59.0 (12118452)|SYSTEM_MODE_ENTER|true
00:26:59.0 (12191905)|SYSTEM_MODE_ENTER|true
00:26:59.0 (12244407)|SYSTEM_MODE_ENTER|true
00:26:59.0 (12290376)|SYSTEM_MODE_ENTER|true
00:26:59.0 (12335614)|SYSTEM_MODE_ENTER|true
00:26:59.0 (12470023)|SYSTEM_MODE_ENTER|true
00:26:59.0 (12756970)|HEAP_ALLOCATE|[EXTERNAL]|Bytes:64
00:26:59.0 (12769634)|VARIABLE_SCOPE_BEGIN|[56]|this|Controller|true|false
00:26:59.0 (12835898)|VARIABLE_ASSIGNMENT|[56]|this|{}|0x7f48999f
00:26:59.0 (12852300)|SYSTEM_MODE_ENTER|false
00:26:59.0 (12861306)|HEAP_ALLOCATE|[57]|Bytes:5
00:26:59.0 (12867000)|STATEMENT_EXECUTE|[56]
00:26:59.0 (12868894)|STATEMENT_EXECUTE|[57]
00:26:59.0 (12881799)|HEAP_ALLOCATE|[57]|Bytes:4
00:26:59.0 (12922999)|VARIABLE_SCOPE_BEGIN|[57]|options|List<System.SelectOption>|true|false
00:26:59.0 (12967033)|HEAP_ALLOCATE|[EXTERNAL]|Bytes:4
00:26:59.0 (12985796)|VARIABLE_ASSIGNMENT|[57]|options|[]|0x5483046f
00:26:59.0 (12996580)|STATEMENT_EXECUTE|[58]
00:26:59.0 (13000886)|HEAP_ALLOCATE|[58]|Bytes:33
00:26:59.0 (13038672)|HEAP_ALLOCATE|[58]|Bytes:4
00:26:59.0 (14211237)|SOQL_EXECUTE_BEGIN|[58]|Aggregations:0|SELECT className__C FROM Class__c
00:26:59.0 (16854430)|SOQL_EXECUTE_END|[58]|Rows:2
00:26:59.0 (16905581)|HEAP_ALLOCATE|[58]|Bytes:12
00:26:59.0 (16927071)|HEAP_ALLOCATE|[58]|Bytes:101
00:26:59.0 (16996842)|HEAP_ALLOCATE|[58]|Bytes:12
00:26:59.0 (17019520)|VARIABLE_SCOPE_BEGIN|[58]|data|List<Class__c>|true|false
00:26:59.0 (17055761)|VARIABLE_ASSIGNMENT|[58]|data|[{"className__c":"Math","Id":"a0H0o00000fJQOvEAO"},{"className__c":"English","Id":"a0H0o00000fJQOwEAO"}]|0x192ed3e8
00:26:59.0 (17233185)|HEAP_ALLOCATE|[59]|Bytes:5
00:26:59.0 (17272592)|HEAP_ALLOCATE|[59]|Bytes:12
00:26:59.0 (17282164)|VARIABLE_SCOPE_BEGIN|[59]|c|Class__c|true|false
00:26:59.0 (17304242)|VARIABLE_ASSIGNMENT|[59]|c|{"className__c":"Math","Id":"a0H0o00000fJQOvEAO"}|0x2aa970cd
00:26:59.0 (17313868)|STATEMENT_EXECUTE|[59]
00:26:59.0 (17315973)|STATEMENT_EXECUTE|[60]
00:26:59.0 (17323466)|HEAP_ALLOCATE|[60]|Bytes:12
00:26:59.0 (17417297)|HEAP_ALLOCATE|[60]|Bytes:4
00:26:59.0 (17459647)|HEAP_ALLOCATE|[60]|Bytes:4
00:26:59.0 (17504451)|HEAP_ALLOCATE|[EXTERNAL]|Bytes:4
00:26:59.0 (17520924)|HEAP_ALLOCATE|[59]|Bytes:5
00:26:59.0 (17534314)|HEAP_ALLOCATE|[59]|Bytes:12
00:26:59.0 (17542001)|VARIABLE_SCOPE_BEGIN|[59]|c|Class__c|true|false
00:26:59.0 (17578115)|VARIABLE_ASSIGNMENT|[59]|c|{"className__c":"English","Id":"a0H0o00000fJQOwEAO"}|0x5d3c0352
00:26:59.0 (17587527)|STATEMENT_EXECUTE|[59]
00:26:59.0 (17589371)|STATEMENT_EXECUTE|[60]
00:26:59.0 (17627857)|HEAP_ALLOCATE|[60]|Bytes:7
00:26:59.0 (17661324)|HEAP_ALLOCATE|[60]|Bytes:7
00:26:59.0 (17679401)|HEAP_ALLOCATE|[EXTERNAL]|Bytes:4
00:26:59.0 (17692763)|HEAP_ALLOCATE|[59]|Bytes:5
00:26:59.0 (17706212)|VARIABLE_ASSIGNMENT|[59]|c|null|
00:26:59.0 (17713073)|STATEMENT_EXECUTE|[63]
00:26:59.0 (17717932)|SYSTEM_MODE_EXIT|false
00:26:59.0 (17838454)|SYSTEM_MODE_ENTER|true
00:26:59.18 (18113019)|SYSTEM_MODE_ENTER|true
00:26:59.18 (18182444)|HEAP_ALLOCATE|[EXTERNAL]|Bytes:8
00:26:59.18 (18192623)|VARIABLE_SCOPE_BEGIN|[88]|this|ApexPage.PageMessagesComponentController|true|false
00:26:59.18 (18223868)|VARIABLE_ASSIGNMENT|[88]|this|{}|0x6f8881df
00:26:59.18 (18232844)|VARIABLE_SCOPE_BEGIN|[88]|escape|Boolean|false|false
00:26:59.18 (18243777)|VARIABLE_ASSIGNMENT|[88]|escape|null
00:26:59.0 (18301378)|SYSTEM_MODE_ENTER|true
00:26:59.0 (18324843)|HEAP_ALLOCATE|[EXTERNAL]|Bytes:64
00:26:59.0 (18339140)|VARIABLE_ASSIGNMENT|[EXTERNAL]|this.namef|""|0x7f48999f
00:26:59.0 (18370896)|SYSTEM_MODE_ENTER|true
00:26:59.0 (18387574)|HEAP_ALLOCATE|[EXTERNAL]|Bytes:64
00:26:59.0 (18396384)|VARIABLE_ASSIGNMENT|[EXTERNAL]|this.namel|""|0x7f48999f
00:26:59.0 (18425427)|SYSTEM_MODE_ENTER|true
00:26:59.0 (18444296)|HEAP_ALLOCATE|[EXTERNAL]|Bytes:5
00:26:59.0 (18448421)|HEAP_ALLOCATE|[EXTERNAL]|Bytes:64
00:26:59.0 (18457481)|VARIABLE_ASSIGNMENT|[EXTERNAL]|this.gender|false|0x7f48999f
00:26:59.0 (18553718)|SYSTEM_MODE_ENTER|true
00:26:59.0 (18572735)|HEAP_ALLOCATE|[EXTERNAL]|Bytes:4
00:26:59.0 (18577367)|HEAP_ALLOCATE|[EXTERNAL]|Bytes:64
00:26:59.0 (18604633)|VARIABLE_ASSIGNMENT|[EXTERNAL]|this.birthday|"2029-06-06T00:00:00.000Z"|0x7f48999f
00:26:59.0 (18640580)|SYSTEM_MODE_ENTER|true
00:26:59.0 (18666688)|HEAP_ALLOCATE|[EXTERNAL]|Bytes:28
00:26:59.0 (18673126)|HEAP_ALLOCATE|[EXTERNAL]|Bytes:64
00:26:59.0 (18683678)|VARIABLE_ASSIGNMENT|[EXTERNAL]|this.score1|1|0x7f48999f
00:26:59.0 (18711758)|SYSTEM_MODE_ENTER|true
00:26:59.0 (18728993)|HEAP_ALLOCATE|[EXTERNAL]|Bytes:28
00:26:59.0 (18733020)|HEAP_ALLOCATE|[EXTERNAL]|Bytes:64
00:26:59.0 (18741059)|VARIABLE_ASSIGNMENT|[EXTERNAL]|this.score2|1|0x7f48999f
00:26:59.0 (18769497)|SYSTEM_MODE_ENTER|true
00:26:59.0 (18784787)|HEAP_ALLOCATE|[EXTERNAL]|Bytes:28
00:26:59.0 (18789839)|HEAP_ALLOCATE|[EXTERNAL]|Bytes:64
00:26:59.0 (18798057)|VARIABLE_ASSIGNMENT|[EXTERNAL]|this.score3|1|0x7f48999f
00:26:59.0 (18827490)|SYSTEM_MODE_ENTER|true
00:26:59.0 (18843894)|HEAP_ALLOCATE|[EXTERNAL]|Bytes:4
00:26:59.0 (18847699)|HEAP_ALLOCATE|[EXTERNAL]|Bytes:64
00:26:59.0 (18856493)|VARIABLE_ASSIGNMENT|[EXTERNAL]|this.userselectSecondpage|"Math"|0x7f48999f
00:26:59.0 (18996997)|HEAP_ALLOCATE|[EXTERNAL]|Bytes:64
00:26:59.0 (19026097)|VARIABLE_SCOPE_BEGIN|[91]|this|Controller|true|false
00:26:59.0 (19080014)|VARIABLE_ASSIGNMENT|[91]|this|{"birthday":"2029-06-06T00:00:00.000Z","gender":false,"namef":"","namel":"","score1":1,"score2":1,"score3":1,"userselectSecondpage":"Math"}|0x7f48999f
00:26:59.0 (19098699)|SYSTEM_MODE_ENTER|false
00:26:59.0 (19107104)|HEAP_ALLOCATE|[92]|Bytes:5
00:26:59.0 (19113185)|STATEMENT_EXECUTE|[91]
00:26:59.0 (19115077)|STATEMENT_EXECUTE|[92]
00:26:59.0 (19119014)|VARIABLE_SCOPE_BEGIN|[92]|ref|System.PageReference|true|false
00:26:59.0 (19131016)|VARIABLE_ASSIGNMENT|[92]|ref|null|
00:26:59.0 (19137326)|STATEMENT_EXECUTE|[93]
00:26:59.0 (19138934)|STATEMENT_EXECUTE|[93]
00:26:59.0 (19140431)|STATEMENT_EXECUTE|[94]
00:26:59.0 (19143670)|HEAP_ALLOCATE|[94]|Bytes:53
00:26:59.0 (19160718)|HEAP_ALLOCATE|[94]|Bytes:4
00:26:59.0 (19171094)|HEAP_ALLOCATE|[94]|Bytes:7
00:26:59.0 (19234613)|VARIABLE_ASSIGNMENT|[EXTERNAL]|this|{"birthday":"2029-06-06T00:00:00.000Z","gender":false,"namef":"","namel":"","score1":1,"score2":1,"score3":1,"userselectSecondpage":"Math"}|0x7f48999f
00:26:59.0 (19487170)|SOQL_EXECUTE_BEGIN|[94]|Aggregations:0|SELECT id FROM Class__c WHERE className__c = :tmpVar1
00:26:59.0 (21946582)|SOQL_EXECUTE_END|[94]|Rows:1
00:26:59.0 (21971992)|HEAP_ALLOCATE|[94]|Bytes:8
00:26:59.0 (21989819)|HEAP_ALLOCATE|[94]|Bytes:29
00:26:59.0 (22032938)|HEAP_ALLOCATE|[94]|Bytes:8
00:26:59.0 (22047857)|HEAP_ALLOCATE|[94]|Bytes:34
00:26:59.0 (22066766)|HEAP_ALLOCATE|[94]|Bytes:8
00:26:59.0 (22075047)|VARIABLE_SCOPE_BEGIN|[94]|c|Class__c|true|false
00:26:59.0 (22098213)|VARIABLE_ASSIGNMENT|[94]|c|{"Id":"a0H0o00000fJQOvEAO"}|0x7949997
00:26:59.0 (22106212)|STATEMENT_EXECUTE|[98]
00:26:59.0 (22179605)|HEAP_ALLOCATE|[98]|Bytes:4
00:26:59.0 (22277598)|VARIABLE_SCOPE_BEGIN|[98]|student|Student__c|true|false
00:26:59.0 (22297656)|VARIABLE_ASSIGNMENT|[98]|student|{}|0xeb61b6d
00:26:59.0 (22307062)|STATEMENT_EXECUTE|[99]
00:26:59.0 (22379060)|VARIABLE_ASSIGNMENT|[EXTERNAL]|this|{"birthday":"2029-06-06T00:00:00.000Z","gender":false,"namef":"","namel":"","score1":1,"score2":1,"score3":1,"userselectSecondpage":"Math"}|0x7f48999f
00:26:59.0 (23550605)|VARIABLE_ASSIGNMENT|[99]|this.Namef__c|""|0xeb61b6d
00:26:59.0 (23564133)|STATEMENT_EXECUTE|[100]
00:26:59.0 (23635914)|VARIABLE_ASSIGNMENT|[EXTERNAL]|this|{"birthday":"2029-06-06T00:00:00.000Z","gender":false,"namef":"","namel":"","score1":1,"score2":1,"score3":1,"userselectSecondpage":"Math"}|0x7f48999f
00:26:59.0 (23705949)|VARIABLE_ASSIGNMENT|[100]|this.Namel__c|""|0xeb61b6d
00:26:59.0 (23715695)|STATEMENT_EXECUTE|[101]
00:26:59.0 (23773389)|VARIABLE_ASSIGNMENT|[EXTERNAL]|this|{"birthday":"2029-06-06T00:00:00.000Z","gender":false,"namef":"","namel":"","score1":1,"score2":1,"score3":1,"userselectSecondpage":"Math"}|0x7f48999f
00:26:59.0 (23833151)|VARIABLE_ASSIGNMENT|[101]|this.Gender__c|false|0xeb61b6d
00:26:59.0 (23842591)|STATEMENT_EXECUTE|[102]
00:26:59.0 (23905462)|VARIABLE_ASSIGNMENT|[EXTERNAL]|this|{"birthday":"2029-06-06T00:00:00.000Z","gender":false,"namef":"","namel":"","score1":1,"score2":1,"score3":1,"userselectSecondpage":"Math"}|0x7f48999f
00:26:59.0 (23942397)|HEAP_ALLOCATE|[102]|Bytes:4
00:26:59.0 (24002386)|VARIABLE_ASSIGNMENT|[102]|this.Birthday__c|"2029-06-06T00:00:00.000Z"|0xeb61b6d
00:26:59.0 (24017685)|STATEMENT_EXECUTE|[103]
00:26:59.0 (24071805)|VARIABLE_ASSIGNMENT|[EXTERNAL]|this|{"birthday":"2029-06-06T00:00:00.000Z","gender":false,"namef":"","namel":"","score1":1,"score2":1,"score3":1,"userselectSecondpage":"Math"}|0x7f48999f
00:26:59.0 (24111648)|HEAP_ALLOCATE|[103]|Bytes:1
00:26:59.0 (24124605)|HEAP_ALLOCATE|[103]|Bytes:7
00:26:59.0 (24136931)|HEAP_ALLOCATE|[103]|Bytes:8
00:26:59.0 (24158728)|USER_DEBUG|[103]|DEBUG|1score 1
00:26:59.0 (24168103)|STATEMENT_EXECUTE|[104]
00:26:59.0 (24213569)|VARIABLE_ASSIGNMENT|[EXTERNAL]|this|{"birthday":"2029-06-06T00:00:00.000Z","gender":false,"namef":"","namel":"","score1":1,"score2":1,"score3":1,"userselectSecondpage":"Math"}|0x7f48999f
00:26:59.0 (24274457)|VARIABLE_ASSIGNMENT|[104]|this.Score1__c|1|0xeb61b6d
00:26:59.0 (24283961)|STATEMENT_EXECUTE|[105]
00:26:59.0 (24334772)|VARIABLE_ASSIGNMENT|[EXTERNAL]|this|{"birthday":"2029-06-06T00:00:00.000Z","gender":false,"namef":"","namel":"","score1":1,"score2":1,"score3":1,"userselectSecondpage":"Math"}|0x7f48999f
00:26:59.0 (24389590)|VARIABLE_ASSIGNMENT|[105]|this.Score2__c|1|0xeb61b6d
00:26:59.0 (24397841)|STATEMENT_EXECUTE|[106]
00:26:59.0 (24452818)|VARIABLE_ASSIGNMENT|[EXTERNAL]|this|{"birthday":"2029-06-06T00:00:00.000Z","gender":false,"namef":"","namel":"","score1":1,"score2":1,"score3":1,"userselectSecondpage":"Math"}|0x7f48999f
00:26:59.0 (24508573)|VARIABLE_ASSIGNMENT|[106]|this.Score3__c|1|0xeb61b6d
00:26:59.0 (24517386)|STATEMENT_EXECUTE|[107]
00:26:59.0 (24561339)|VARIABLE_ASSIGNMENT|[EXTERNAL]|this|{"birthday":"2029-06-06T00:00:00.000Z","gender":false,"namef":"","namel":"","score1":1,"score2":1,"score3":1,"userselectSecondpage":"Math"}|0x7f48999f
00:26:59.0 (24605073)|VARIABLE_ASSIGNMENT|[EXTERNAL]|this|{"birthday":"2029-06-06T00:00:00.000Z","gender":false,"namef":"","namel":"","score1":1,"score2":1,"score3":1,"userselectSecondpage":"Math"}|0x7f48999f
00:26:59.0 (24728531)|VARIABLE_ASSIGNMENT|[107]|this.Name|""|0xeb61b6d
00:26:59.0 (24738468)|STATEMENT_EXECUTE|[108]
00:26:59.0 (24829765)|VARIABLE_ASSIGNMENT|[108]|this.Class__c|"a0H0o00000fJQOvEAO"|0xeb61b6d
00:26:59.0 (24838155)|STATEMENT_EXECUTE|[109]
00:26:59.0 (24861662)|HEAP_ALLOCATE|[109]|Bytes:8
00:26:59.0 (24886585)|DML_BEGIN|[109]|Op:Insert|Type:Student__c|Rows:1
00:26:59.0 (24919159)|HEAP_ALLOCATE|[EXTERNAL]|Bytes:8
00:26:59.0 (30781912)|CODE_UNIT_STARTED|[EXTERNAL]|01q0o000000jKrN|triggerStudent on Student trigger event BeforeInsert|__sfdc_trigger/triggerStudent
00:26:59.0 (30827752)|HEAP_ALLOCATE|[EXTERNAL]|Bytes:8
00:26:59.0 (35915771)|HEAP_ALLOCATE|[EXTERNAL]|Bytes:8
00:26:59.0 (35935144)|VARIABLE_SCOPE_BEGIN|[1]|this|triggerStudent|true|false
00:26:59.0 (35984703)|VARIABLE_ASSIGNMENT|[1]|this|{}|0x466eea38
00:26:59.0 (36059776)|HEAP_ALLOCATE|[EXTERNAL]|Bytes:8
00:26:59.0 (36069254)|VARIABLE_SCOPE_BEGIN|[1]|this|triggerStudent|true|false
00:26:59.0 (36087774)|VARIABLE_ASSIGNMENT|[1]|this|{}|0x466eea38
00:26:59.0 (36097307)|STATEMENT_EXECUTE|[1]
00:26:59.0 (36100924)|STATEMENT_EXECUTE|[3]
00:26:59.0 (36108462)|HEAP_ALLOCATE|[3]|Bytes:15
00:26:59.0 (36117261)|HEAP_ALLOCATE|[3]|Bytes:20
00:26:59.0 (36122634)|HEAP_ALLOCATE|[3]|Bytes:18
00:26:59.0 (36172205)|METHOD_ENTRY|[1]|01p0o00000GMOB6|TriggerHandle.TriggerHandle()
00:26:59.0 (36179295)|STATEMENT_EXECUTE|[1]
00:26:59.0 (36184528)|STATEMENT_EXECUTE|[1]
00:26:59.0 (36600907)|SYSTEM_MODE_ENTER|false
00:26:59.0 (36615195)|HEAP_ALLOCATE|[3]|Bytes:5
00:26:59.0 (36624143)|STATEMENT_EXECUTE|[233]
00:26:59.0 (36628523)|SYSTEM_MODE_EXIT|false
00:26:59.0 (36641314)|METHOD_EXIT|[1]|TriggerHandle
00:26:59.0 (36657328)|HEAP_ALLOCATE|[3]|Bytes:4
00:26:59.0 (36671636)|CONSTRUCTOR_ENTRY|[3]|01p0o00000GMOB6|<init>()|TriggerHandle
00:26:59.0 (36700602)|VARIABLE_SCOPE_BEGIN|[3]|this|TriggerHandle|true|false
00:26:59.0 (36726835)|VARIABLE_ASSIGNMENT|[3]|this|{}|0xd9ad7bf
00:26:59.0 (36739887)|SYSTEM_MODE_ENTER|false
00:26:59.0 (36746973)|HEAP_ALLOCATE|[EXTERNAL]|Bytes:5
00:26:59.0 (36752380)|STATEMENT_EXECUTE|[1]
00:26:59.0 (36755550)|HEAP_ALLOCATE|[EXTERNAL]|Bytes:5
00:26:59.0 (36766743)|HEAP_ALLOCATE|[EXTERNAL]|Bytes:6
00:26:59.0 (36790496)|STATEMENT_EXECUTE|[4]
00:26:59.0 (36793808)|SYSTEM_MODE_EXIT|false
00:26:59.0 (36802544)|CONSTRUCTOR_EXIT|[3]|01p0o00000GMOB6|<init>()|TriggerHandle
00:26:59.0 (36828980)|VARIABLE_ASSIGNMENT|[3]|this.handle|0xd9ad7bf|0x466eea38
00:26:59.0 (36844405)|STATEMENT_EXECUTE|[5]
00:26:59.0 (36852141)|STATEMENT_EXECUTE|[10]
00:26:59.0 (36853976)|STATEMENT_EXECUTE|[11]
00:26:59.0 (36940330)|METHOD_ENTRY|[11]|01p0o00000GMOB6|TriggerHandle.onBeforeInsert(List<Student__c>)
00:26:59.0 (36967892)|VARIABLE_SCOPE_BEGIN|[7]|this|TriggerHandle|true|false
00:26:59.0 (36986616)|VARIABLE_ASSIGNMENT|[7]|this|{}|0xd9ad7bf
00:26:59.0 (36995459)|VARIABLE_SCOPE_BEGIN|[7]|newStudentList|List<Student__c>|true|false
00:26:59.0 (38163140)|VARIABLE_ASSIGNMENT|[7]|newStudentList|[{"AverageScore__c":1.00,"IsDeleted":false,"Score1__c":1.00,"Score2__c":1.00,"Birthday__c":"2029-06-06T00:00:00.000Z","Gender__c":false,"Score3__c":1.00,"Class__c":"a0H0o00000fJQOvEAO","State__c":"Failed"}]|0xcf59432
00:26:59.0 (38184528)|SYSTEM_MODE_ENTER|false
00:26:59.0 (38194095)|HEAP_ALLOCATE|[9]|Bytes:5
00:26:59.0 (38199871)|STATEMENT_EXECUTE|[8]
00:26:59.0 (38203231)|STATEMENT_EXECUTE|[9]
00:26:59.0 (38204664)|STATEMENT_EXECUTE|[10]
00:26:59.0 (38366630)|HEAP_ALLOCATE|[11]|Bytes:5
00:26:59.0 (38386261)|HEAP_ALLOCATE|[11]|Bytes:4
00:26:59.0 (38397747)|VARIABLE_SCOPE_BEGIN|[11]|s|Student__c|true|false
00:26:59.0 (38672582)|VARIABLE_ASSIGNMENT|[11]|s|{"AverageScore__c":1.00,"IsDeleted":false,"Score1__c":1.00,"Score2__c":1.00,"Birthday__c":"2029-06-06T00:00:00.000Z","Gender__c":false,"Score3__c":1.00,"Class__c":"a0H0o00000fJQOvEAO","State__c":"Failed"}|0x56631a95
00:26:59.0 (38687079)|STATEMENT_EXECUTE|[12]
00:26:59.0 (38690132)|STATEMENT_EXECUTE|[13]
00:26:59.0 (38754979)|HEAP_ALLOCATE|[13]|Bytes:4
00:26:59.0 (38770013)|HEAP_ALLOCATE|[14]|Bytes:1
00:26:59.0 (38813255)|HEAP_ALLOCATE|[14]|Bytes:4
00:26:59.0 (38857467)|HEAP_ALLOCATE|[15]|Bytes:4
00:26:59.0 (38876560)|HEAP_ALLOCATE|[13]|Bytes:15
00:26:59.0 (38919929)|HEAP_ALLOCATE|[16]|Bytes:19
00:26:59.0 (38959233)|HEAP_ALLOCATE|[17]|Bytes:4
00:26:59.0 (38993001)|HEAP_ALLOCATE|[17]|Bytes:2
00:26:59.0 (39011362)|HEAP_ALLOCATE|[13]|Bytes:22
00:26:59.0 (39019953)|HEAP_ALLOCATE|[13]|Bytes:37
00:26:59.0 (39033461)|USER_DEBUG|[13]|DEBUG|1.00 1.00 1.00 2029-06-06 00:00:00 10
00:26:59.0 (39055606)|HEAP_ALLOCATE|[19]|Bytes:28
00:26:59.0 (39101377)|STATEMENT_EXECUTE|[36]
00:26:59.0 (39103718)|STATEMENT_EXECUTE|[38]
00:26:59.0 (39124498)|HEAP_ALLOCATE|[38]|Bytes:4
00:26:59.0 (39144584)|VARIABLE_SCOPE_BEGIN|[38]|age|Integer|false|false
00:26:59.0 (39155290)|HEAP_ALLOCATE|[38]|Bytes:4
00:26:59.0 (39164587)|VARIABLE_ASSIGNMENT|[38]|age|10
00:26:59.0 (39174387)|STATEMENT_EXECUTE|[39]
00:26:59.0 (39185460)|HEAP_ALLOCATE|[11]|Bytes:5
00:26:59.0 (39198754)|VARIABLE_ASSIGNMENT|[11]|s|null|
00:26:59.0 (39207601)|SYSTEM_MODE_EXIT|false
00:26:59.0 (39217324)|METHOD_EXIT|[11]|01p0o00000GMOB6|TriggerHandle.onBeforeInsert(List<Student__c>)
00:26:59.39 (39227973)|CUMULATIVE_LIMIT_USAGE
00:26:59.39 (39227973)|LIMIT_USAGE_FOR_NS|(default)|
  Number of SOQL queries: 2 out of 100
  Number of query rows: 3 out of 50000
  Number of SOSL queries: 0 out of 20
  Number of DML statements: 1 out of 150
  Number of DML rows: 1 out of 10000
  Maximum CPU time: 0 out of 10000
  Maximum heap size: 0 out of 6000000
  Number of callouts: 0 out of 100
  Number of Email Invocations: 0 out of 10
  Number of future calls: 0 out of 50
  Number of queueable jobs added to the queue: 0 out of 50
  Number of Mobile Apex push calls: 0 out of 10

00:26:59.39 (39227973)|CUMULATIVE_LIMIT_USAGE_END

00:26:59.0 (40710124)|CODE_UNIT_FINISHED|triggerStudent on Student trigger event BeforeInsert|__sfdc_trigger/triggerStudent
00:26:59.0 (66171825)|CODE_UNIT_STARTED|[EXTERNAL]|01q0o000000jKrN|triggerStudent on Student trigger event AfterInsert|__sfdc_trigger/triggerStudent
00:26:59.0 (66224620)|HEAP_ALLOCATE|[EXTERNAL]|Bytes:8
00:26:59.0 (66319885)|HEAP_ALLOCATE|[EXTERNAL]|Bytes:8
00:26:59.0 (66332927)|VARIABLE_SCOPE_BEGIN|[1]|this|triggerStudent|true|false
00:26:59.0 (66371017)|VARIABLE_ASSIGNMENT|[1]|this|{}|0xa227e27
00:26:59.0 (66417049)|HEAP_ALLOCATE|[EXTERNAL]|Bytes:8
00:26:59.0 (66423780)|VARIABLE_SCOPE_BEGIN|[1]|this|triggerStudent|true|false
00:26:59.0 (66440638)|VARIABLE_ASSIGNMENT|[1]|this|{}|0xa227e27
00:26:59.0 (66450744)|STATEMENT_EXECUTE|[1]
00:26:59.0 (66455016)|STATEMENT_EXECUTE|[3]
00:26:59.0 (66460583)|HEAP_ALLOCATE|[3]|Bytes:4
00:26:59.0 (66475158)|CONSTRUCTOR_ENTRY|[3]|01p0o00000GMOB6|<init>()|TriggerHandle
00:26:59.0 (66487147)|VARIABLE_SCOPE_BEGIN|[3]|this|TriggerHandle|true|false
00:26:59.0 (66504444)|VARIABLE_ASSIGNMENT|[3]|this|{}|0x482ee299
00:26:59.0 (66838739)|SYSTEM_MODE_ENTER|false
00:26:59.0 (66855135)|HEAP_ALLOCATE|[EXTERNAL]|Bytes:5
00:26:59.0 (66862178)|STATEMENT_EXECUTE|[1]
00:26:59.0 (66866540)|HEAP_ALLOCATE|[EXTERNAL]|Bytes:5
00:26:59.0 (66898390)|STATEMENT_EXECUTE|[4]
00:26:59.0 (66902689)|SYSTEM_MODE_EXIT|false
00:26:59.0 (66914061)|CONSTRUCTOR_EXIT|[3]|01p0o00000GMOB6|<init>()|TriggerHandle
00:26:59.0 (66940113)|VARIABLE_ASSIGNMENT|[3]|this.handle|0x482ee299|0xa227e27
00:26:59.0 (66951585)|STATEMENT_EXECUTE|[15]
00:26:59.0 (66962439)|STATEMENT_EXECUTE|[17]
00:26:59.0 (66964103)|STATEMENT_EXECUTE|[18]
00:26:59.0 (67027002)|METHOD_ENTRY|[18]|01p0o00000GMOB6|TriggerHandle.onAfterInsert(List<Student__c>)
00:26:59.0 (67064486)|VARIABLE_SCOPE_BEGIN|[52]|this|TriggerHandle|true|false
00:26:59.0 (67083180)|VARIABLE_ASSIGNMENT|[52]|this|{}|0x482ee299
00:26:59.0 (67093437)|VARIABLE_SCOPE_BEGIN|[52]|newStudentList|List<Student__c>|true|false
00:26:59.0 (67627762)|VARIABLE_ASSIGNMENT|[52]|newStudentList|[{"LastModifiedDate":"2019-05-10T07:26:59.000Z","StudentId__c":"HS0059","IsDeleted":false,"Score1__c":1.00,"Score2__c":1.00,"Gender__c":false,"Score3__c":1.00,"Class__c":"a0H0o00000fJQOvEAO","Name":"a0I0o000013e0vl","SystemModstamp":"2019-05-10T07:26:59.000Z","AverageScore__c":1.00,"CreatedById":"0050o00000WkyGGAAZ","Birthday__c":"2029-06-06T00:00:00.000Z","CreatedDate":"2019-05-10T07:26:59.000Z","Id":"a0I0o000013e0vlEAA","LastModifiedById":"0050o00000WkyGGAAZ","State__c":"Failed"}]|0x6e5bf288
00:26:59.0 (67652667)|SYSTEM_MODE_ENTER|false
00:26:59.0 (67662045)|HEAP_ALLOCATE|[54]|Bytes:5
00:26:59.0 (67668869)|STATEMENT_EXECUTE|[53]
00:26:59.0 (67670805)|STATEMENT_EXECUTE|[54]
00:26:59.0 (67679827)|VARIABLE_SCOPE_BEGIN|[54]|sp|System.Savepoint|true|false
00:26:59.0 (67696406)|VARIABLE_ASSIGNMENT|[54]|sp|null|
00:26:59.0 (67703041)|STATEMENT_EXECUTE|[55]
00:26:59.0 (67704615)|STATEMENT_EXECUTE|[56]
00:26:59.0 (67706216)|STATEMENT_EXECUTE|[57]
00:26:59.0 (67711558)|HEAP_ALLOCATE|[57]|Bytes:6
00:26:59.0 (67734084)|METHOD_ENTRY|[57]|01p0o00000GMOB6|TriggerHandle.executeNOStudentsUpdate(List<Student__c>, String)
00:26:59.0 (67758841)|VARIABLE_SCOPE_BEGIN|[193]|this|TriggerHandle|true|false
00:26:59.0 (67778592)|VARIABLE_ASSIGNMENT|[193]|this|{}|0x482ee299
00:26:59.0 (67787822)|VARIABLE_SCOPE_BEGIN|[193]|studentList|List<Student__c>|true|false
00:26:59.0 (67982690)|VARIABLE_ASSIGNMENT|[193]|studentList|[{"LastModifiedDate":"2019-05-10T07:26:59.000Z","StudentId__c":"HS0059","IsDeleted":false,"Score1__c":1.00,"Score2__c":1.00,"Gender__c":false,"Score3__c":1.00,"Class__c":"a0H0o00000fJQOvEAO","Name":"a0I0o000013e0vl","SystemModstamp":"2019-05-10T07:26:59.000Z","AverageScore__c":1.00,"CreatedById":"0050o00000WkyGGAAZ","Birthday__c":"2029-06-06T00:00:00.000Z","CreatedDate":"2019-05-10T07:26:59.000Z","Id":"a0I0o000013e0vlEAA","LastModifiedById":"0050o00000WkyGGAAZ","State__c":"Failed"}]|0x6e5bf288
00:26:59.0 (68001651)|VARIABLE_SCOPE_BEGIN|[193]|action|String|false|false
00:26:59.0 (68019745)|VARIABLE_ASSIGNMENT|[193]|action|"insert"
00:26:59.0 (68032202)|HEAP_ALLOCATE|[195]|Bytes:5
00:26:59.0 (68038793)|STATEMENT_EXECUTE|[194]
00:26:59.0 (68040763)|STATEMENT_EXECUTE|[195]
00:26:59.0 (68060993)|HEAP_ALLOCATE|[195]|Bytes:4
00:26:59.0 (68079499)|VARIABLE_SCOPE_BEGIN|[195]|classIDMap|Map<Id,Integer>|true|false
00:26:59.0 (68106329)|VARIABLE_ASSIGNMENT|[195]|classIDMap|{}|0x48146473
00:26:59.0 (68159650)|HEAP_ALLOCATE|[198]|Bytes:5
00:26:59.0 (68184466)|VARIABLE_SCOPE_BEGIN|[198]|s|Student__c|true|false
00:26:59.0 (68383847)|VARIABLE_ASSIGNMENT|[198]|s|{"LastModifiedDate":"2019-05-10T07:26:59.000Z","StudentId__c":"HS0059","IsDeleted":false,"Score1__c":1.00,"Score2__c":1.00,"Gender__c":false,"Score3__c":1.00,"Class__c":"a0H0o00000fJQOvEAO","Name":"a0I0o000013e0vl","SystemModstamp":"2019-05-10T07:26:59.000Z","AverageScore__c":1.00,"CreatedById":"0050o00000WkyGGAAZ","Birthday__c":"2029-06-06T00:00:00.000Z","CreatedDate":"2019-05-10T07:26:59.000Z","Id":"a0I0o000013e0vlEAA","LastModifiedById":"0050o00000WkyGGAAZ","State__c":"Failed"}|0x68004742
00:26:59.0 (68400332)|STATEMENT_EXECUTE|[199]
00:26:59.0 (68469843)|STATEMENT_EXECUTE|[205]
00:26:59.0 (68472447)|STATEMENT_EXECUTE|[206]
00:26:59.0 (68498326)|HEAP_ALLOCATE|[206]|Bytes:4
00:26:59.0 (68508712)|HEAP_ALLOCATE|[EXTERNAL]|Bytes:-4
00:26:59.0 (68525352)|HEAP_ALLOCATE|[198]|Bytes:5
00:26:59.0 (68537921)|VARIABLE_ASSIGNMENT|[198]|s|null|
00:26:59.0 (68546531)|STATEMENT_EXECUTE|[210]
00:26:59.0 (68549921)|HEAP_ALLOCATE|[210]|Bytes:44
00:26:59.0 (68567604)|HEAP_ALLOCATE|[210]|Bytes:4
00:26:59.0 (68780871)|SOQL_EXECUTE_BEGIN|[210]|Aggregations:0|SELECT id, NumberOfStudents__c FROM Class__c
00:26:59.0 (71128906)|SOQL_EXECUTE_END|[210]|Rows:2
00:26:59.0 (71153173)|HEAP_ALLOCATE|[210]|Bytes:12
00:26:59.0 (71175367)|HEAP_ALLOCATE|[210]|Bytes:176
00:26:59.0 (71222663)|HEAP_ALLOCATE|[210]|Bytes:12
00:26:59.0 (71235563)|VARIABLE_SCOPE_BEGIN|[210]|classList|List<Class__c>|true|false
00:26:59.0 (71269195)|VARIABLE_ASSIGNMENT|[210]|classList|[{"Id":"a0H0o00000fJQOvEAO","NumberOfStudents__c":1},{"Id":"a0H0o00000fJQOwEAO","NumberOfStudents__c":0}]|0x77af056e
00:26:59.0 (71316830)|HEAP_ALLOCATE|[212]|Bytes:5
00:26:59.0 (71334848)|HEAP_ALLOCATE|[212]|Bytes:12
00:26:59.0 (71344742)|VARIABLE_SCOPE_BEGIN|[212]|c|Class__c|true|false
00:26:59.0 (71364432)|VARIABLE_ASSIGNMENT|[212]|c|{"Id":"a0H0o00000fJQOvEAO","NumberOfStudents__c":1}|0xba68282
00:26:59.0 (71372847)|STATEMENT_EXECUTE|[213]
00:26:59.0 (71416487)|STATEMENT_EXECUTE|[215]
00:26:59.0 (71419045)|STATEMENT_EXECUTE|[216]
00:26:59.0 (71422580)|HEAP_ALLOCATE|[216]|Bytes:13
00:26:59.0 (71467392)|USER_DEBUG|[216]|DEBUG|run at update
00:26:59.0 (71514958)|STATEMENT_EXECUTE|[218]
00:26:59.0 (71517058)|STATEMENT_EXECUTE|[219]
00:26:59.0 (71567785)|HEAP_ALLOCATE|[219]|Bytes:28
00:26:59.0 (71574708)|HEAP_ALLOCATE|[219]|Bytes:28
00:26:59.0 (71646482)|VARIABLE_ASSIGNMENT|[219]|this.NumberOfStudents__c|1|0xba68282
00:26:59.0 (71668875)|STATEMENT_EXECUTE|[227]
00:26:59.0 (71707322)|HEAP_ALLOCATE|[227]|Bytes:8
00:26:59.0 (71723632)|DML_BEGIN|[227]|Op:Update|Type:Class__c|Rows:1
00:26:59.0 (71754447)|HEAP_ALLOCATE|[EXTERNAL]|Bytes:8
00:26:59.0 (88932000)|DML_END|[227]
00:26:59.0 (88954325)|STATEMENT_EXECUTE|[229]
00:26:59.0 (89066276)|HEAP_ALLOCATE|[212]|Bytes:5
00:26:59.0 (89094297)|HEAP_ALLOCATE|[212]|Bytes:12
00:26:59.0 (89107378)|VARIABLE_SCOPE_BEGIN|[212]|c|Class__c|true|false
00:26:59.0 (89144938)|VARIABLE_ASSIGNMENT|[212]|c|{"Id":"a0H0o00000fJQOwEAO","NumberOfStudents__c":0}|0x4e0df569
00:26:59.0 (89154724)|STATEMENT_EXECUTE|[213]
00:26:59.0 (89174430)|STATEMENT_EXECUTE|[214]
00:26:59.0 (89184613)|HEAP_ALLOCATE|[212]|Bytes:5
00:26:59.0 (89196711)|VARIABLE_ASSIGNMENT|[212]|c|null|
00:26:59.0 (89218149)|METHOD_EXIT|[57]|01p0o00000GMOB6|TriggerHandle.executeNOStudentsUpdate(List<Student__c>, String)
00:26:59.0 (89226245)|STATEMENT_EXECUTE|[58]
00:26:59.0 (89246820)|METHOD_ENTRY|[58]|01p0o00000GMOB6|TriggerHandle.executeNOFAPStudentsUpdate(List<Student__c>, String)
00:26:59.0 (89274692)|VARIABLE_SCOPE_BEGIN|[120]|this|TriggerHandle|true|false
00:26:59.0 (89300094)|VARIABLE_ASSIGNMENT|[120]|this|{}|0x482ee299
00:26:59.0 (89307870)|VARIABLE_SCOPE_BEGIN|[120]|studentList|List<Student__c>|true|false
00:26:59.0 (89594441)|VARIABLE_ASSIGNMENT|[120]|studentList|[{"LastModifiedDate":"2019-05-10T07:26:59.000Z","StudentId__c":"HS0059","IsDeleted":false,"Score1__c":1.00,"Score2__c":1.00,"Gender__c":false,"Score3__c":1.00,"Class__c":"a0H0o00000fJQOvEAO","Name":"a0I0o000013e0vl","SystemModstamp":"2019-05-10T07:26:59.000Z","AverageScore__c":1.00,"CreatedById":"0050o00000WkyGGAAZ","Birthday__c":"2029-06-06T00:00:00.000Z","CreatedDate":"2019-05-10T07:26:59.000Z","Id":"a0I0o000013e0vlEAA","LastModifiedById":"0050o00000WkyGGAAZ","State__c":"Failed"}]|0x6e5bf288
00:26:59.0 (89613051)|VARIABLE_SCOPE_BEGIN|[120]|action|String|false|false
00:26:59.0 (89624867)|VARIABLE_ASSIGNMENT|[120]|action|"insert"
00:26:59.0 (89641618)|HEAP_ALLOCATE|[122]|Bytes:5
00:26:59.0 (89648009)|STATEMENT_EXECUTE|[121]
00:26:59.0 (89651603)|STATEMENT_EXECUTE|[122]
00:26:59.0 (89672971)|HEAP_ALLOCATE|[122]|Bytes:4
00:26:59.0 (89685493)|VARIABLE_SCOPE_BEGIN|[122]|classIDMapWithPassedStudents|Map<Id,Integer>|true|false
00:26:59.0 (89707696)|VARIABLE_ASSIGNMENT|[122]|classIDMapWithPassedStudents|{}|0x1679cbc
00:26:59.0 (89715922)|STATEMENT_EXECUTE|[123]
00:26:59.0 (89724597)|HEAP_ALLOCATE|[123]|Bytes:4
00:26:59.0 (89730568)|VARIABLE_SCOPE_BEGIN|[123]|classIDMapWithFaliedStudents|Map<Id,Integer>|true|false
00:26:59.0 (89744989)|VARIABLE_ASSIGNMENT|[123]|classIDMapWithFaliedStudents|{}|0x200e31aa
00:26:59.0 (89794027)|HEAP_ALLOCATE|[126]|Bytes:5
00:26:59.0 (89815517)|VARIABLE_SCOPE_BEGIN|[126]|s|Student__c|true|false
00:26:59.0 (90015891)|VARIABLE_ASSIGNMENT|[126]|s|{"LastModifiedDate":"2019-05-10T07:26:59.000Z","StudentId__c":"HS0059","IsDeleted":false,"Score1__c":1.00,"Score2__c":1.00,"Gender__c":false,"Score3__c":1.00,"Class__c":"a0H0o00000fJQOvEAO","Name":"a0I0o000013e0vl","SystemModstamp":"2019-05-10T07:26:59.000Z","AverageScore__c":1.00,"CreatedById":"0050o00000WkyGGAAZ","Birthday__c":"2029-06-06T00:00:00.000Z","CreatedDate":"2019-05-10T07:26:59.000Z","Id":"a0I0o000013e0vlEAA","LastModifiedById":"0050o00000WkyGGAAZ","State__c":"Failed"}|0x68004742
00:26:59.0 (90033415)|STATEMENT_EXECUTE|[127]
00:26:59.0 (90059695)|HEAP_ALLOCATE|[129]|Bytes:6
00:26:59.0 (90112015)|STATEMENT_EXECUTE|[142]
00:26:59.0 (90141364)|STATEMENT_EXECUTE|[148]
00:26:59.0 (90143520)|STATEMENT_EXECUTE|[149]
00:26:59.0 (90167807)|HEAP_ALLOCATE|[149]|Bytes:4
00:26:59.0 (90177602)|HEAP_ALLOCATE|[EXTERNAL]|Bytes:-4
00:26:59.0 (90194340)|HEAP_ALLOCATE|[126]|Bytes:5
00:26:59.0 (90208669)|VARIABLE_ASSIGNMENT|[126]|s|null|
00:26:59.0 (90215509)|STATEMENT_EXECUTE|[153]
00:26:59.0 (90218848)|HEAP_ALLOCATE|[153]|Bytes:77
00:26:59.0 (90234996)|HEAP_ALLOCATE|[153]|Bytes:4
00:26:59.0 (90492476)|SOQL_EXECUTE_BEGIN|[153]|Aggregations:0|SELECT id, NumberOfFailedStudents__c, NumberOfPassedStudents__c FROM Class__c
00:26:59.0 (94515223)|SOQL_EXECUTE_END|[153]|Rows:2
00:26:59.0 (94551018)|HEAP_ALLOCATE|[153]|Bytes:12
00:26:59.0 (94577692)|HEAP_ALLOCATE|[153]|Bytes:318
00:26:59.0 (94615866)|HEAP_ALLOCATE|[153]|Bytes:12
00:26:59.0 (94633656)|VARIABLE_SCOPE_BEGIN|[153]|classList|List<Class__c>|true|false
00:26:59.0 (94686687)|VARIABLE_ASSIGNMENT|[153]|classList|[{"Id":"a0H0o00000fJQOvEAO","NumberOfFailedStudents__c":1,"NumberOfPassedStudents__c":0},{"Id":"a0H0o00000fJQOwEAO","NumberOfFailedStudents__c":0,"NumberOfPassedStudents__c":0}]|0x260de004
00:26:59.0 (94757637)|HEAP_ALLOCATE|[155]|Bytes:5
00:26:59.0 (94778022)|HEAP_ALLOCATE|[155]|Bytes:16
00:26:59.0 (94789861)|VARIABLE_SCOPE_BEGIN|[155]|c|Class__c|true|false
00:26:59.0 (94813959)|VARIABLE_ASSIGNMENT|[155]|c|{"Id":"a0H0o00000fJQOvEAO","NumberOfFailedStudents__c":1,"NumberOfPassedStudents__c":0}|0x24bf8a0d
00:26:59.0 (94824053)|STATEMENT_EXECUTE|[156]
00:26:59.0 (94879012)|STATEMENT_EXECUTE|[159]
00:26:59.0 (94912828)|STATEMENT_EXECUTE|[162]
00:26:59.0 (94915210)|STATEMENT_EXECUTE|[163]
00:26:59.0 (94959832)|HEAP_ALLOCATE|[163]|Bytes:28
00:26:59.0 (94967164)|HEAP_ALLOCATE|[163]|Bytes:28
00:26:59.0 (95048611)|VARIABLE_ASSIGNMENT|[163]|this.NumberOfFailedStudents__c|1|0x24bf8a0d
00:26:59.0 (95059476)|STATEMENT_EXECUTE|[170]
00:26:59.0 (95098291)|HEAP_ALLOCATE|[170]|Bytes:8
00:26:59.0 (95113868)|DML_BEGIN|[170]|Op:Update|Type:Class__c|Rows:1
00:26:59.0 (95148220)|HEAP_ALLOCATE|[EXTERNAL]|Bytes:8
00:26:59.0 (103982609)|DML_END|[170]
00:26:59.0 (104009326)|STATEMENT_EXECUTE|[171]
00:26:59.0 (104114199)|STATEMENT_EXECUTE|[174]
00:26:59.0 (104132417)|HEAP_ALLOCATE|[155]|Bytes:5
00:26:59.0 (104156635)|HEAP_ALLOCATE|[155]|Bytes:16
00:26:59.0 (104169840)|VARIABLE_SCOPE_BEGIN|[155]|c|Class__c|true|false
00:26:59.0 (104208112)|VARIABLE_ASSIGNMENT|[155]|c|{"Id":"a0H0o00000fJQOwEAO","NumberOfFailedStudents__c":0,"NumberOfPassedStudents__c":0}|0x6a64a784
00:26:59.0 (104217955)|STATEMENT_EXECUTE|[156]
00:26:59.0 (104235222)|STATEMENT_EXECUTE|[158]
00:26:59.0 (104243032)|STATEMENT_EXECUTE|[174]
00:26:59.0 (104251051)|HEAP_ALLOCATE|[155]|Bytes:5
00:26:59.0 (104264118)|VARIABLE_ASSIGNMENT|[155]|c|null|
00:26:59.0 (104282835)|METHOD_EXIT|[58]|01p0o00000GMOB6|TriggerHandle.executeNOFAPStudentsUpdate(List<Student__c>, String)
00:26:59.0 (104290945)|STATEMENT_EXECUTE|[59]
00:26:59.0 (104543837)|SAVEPOINT_SET|[59]|SavepointValue0
00:26:59.0 (104559808)|HEAP_ALLOCATE|[59]|Bytes:16
00:26:59.0 (104916026)|VARIABLE_ASSIGNMENT|[59]|sp|"common.apex.runtime.impl.ApexUserSavepoint@3fed12b2"|0x3fed12b2
00:26:59.0 (104931852)|SYSTEM_MODE_EXIT|false
00:26:59.0 (104946324)|METHOD_EXIT|[18]|01p0o00000GMOB6|TriggerHandle.onAfterInsert(List<Student__c>)
00:26:59.104 (104960181)|CUMULATIVE_LIMIT_USAGE
00:26:59.104 (104960181)|LIMIT_USAGE_FOR_NS|(default)|
  Number of SOQL queries: 4 out of 100
  Number of query rows: 7 out of 50000
  Number of SOSL queries: 0 out of 20
  Number of DML statements: 4 out of 150
  Number of DML rows: 4 out of 10000
  Maximum CPU time: 0 out of 10000
  Maximum heap size: 0 out of 6000000
  Number of callouts: 0 out of 100
  Number of Email Invocations: 0 out of 10
  Number of future calls: 0 out of 50
  Number of queueable jobs added to the queue: 0 out of 50
  Number of Mobile Apex push calls: 0 out of 10

00:26:59.104 (104960181)|CUMULATIVE_LIMIT_USAGE_END

00:26:59.0 (106194987)|CODE_UNIT_FINISHED|triggerStudent on Student trigger event AfterInsert|__sfdc_trigger/triggerStudent
00:26:59.0 (107390491)|DML_END|[109]
00:26:59.0 (107405692)|STATEMENT_EXECUTE|[110]
00:26:59.0 (107416145)|HEAP_ALLOCATE|[110]|Bytes:19
00:26:59.0 (108309030)|VARIABLE_ASSIGNMENT|[110]|ref|"/apex/AddNewStudent"|0x463a2cea
00:26:59.0 (108323015)|STATEMENT_EXECUTE|[111]
00:26:59.0 (108385178)|STATEMENT_EXECUTE|[116]
00:26:59.0 (108390914)|SYSTEM_MODE_EXIT|false
00:26:59.116 (116634471)|CUMULATIVE_LIMIT_USAGE
00:26:59.116 (116634471)|LIMIT_USAGE_FOR_NS|(default)|
  Number of SOQL queries: 4 out of 100
  Number of query rows: 7 out of 50000
  Number of SOSL queries: 0 out of 20
  Number of DML statements: 4 out of 150
  Number of DML rows: 4 out of 10000
  Maximum CPU time: 0 out of 10000
  Maximum heap size: 0 out of 6000000
  Number of callouts: 0 out of 100
  Number of Email Invocations: 0 out of 10
  Number of future calls: 0 out of 50
  Number of queueable jobs added to the queue: 0 out of 50
  Number of Mobile Apex push calls: 0 out of 10

00:26:59.116 (116634471)|CUMULATIVE_LIMIT_USAGE_END

00:26:59.0 (116694046)|CODE_UNIT_FINISHED|VF: /apex/AddNewStudent
00:26:59.0 (117666629)|EXECUTION_FINISHED
