36.0 APEX_CODE,FINEST;APEX_PROFILING,INFO;CALLOUT,INFO;DB,INFO;NBA,INFO;SYSTEM,DEBUG;VALIDATION,INFO;VISUALFORCE,INFO;WAVE,INFO;WORKFLOW,INFO
14:00:53.4 (4163704)|USER_INFO|[EXTERNAL]|0050o00000WkyGG|ttvy@keizu.co.jp|Indochina Time|GMT+07:00
14:00:53.4 (4266569)|EXECUTION_STARTED
14:00:53.4 (4335887)|CODE_UNIT_STARTED|[EXTERNAL]|01p0o00000GMgMG|TriggerStudentTest.TestTriggerHandle()
14:00:53.4 (4659856)|HEAP_ALLOCATE|[72]|Bytes:3
14:00:53.4 (4704932)|HEAP_ALLOCATE|[77]|Bytes:152
14:00:53.4 (4733148)|HEAP_ALLOCATE|[342]|Bytes:408
14:00:53.4 (4766381)|HEAP_ALLOCATE|[355]|Bytes:408
14:00:53.4 (4793949)|HEAP_ALLOCATE|[467]|Bytes:48
14:00:53.4 (4838209)|HEAP_ALLOCATE|[139]|Bytes:6
14:00:53.4 (4864765)|HEAP_ALLOCATE|[EXTERNAL]|Bytes:196
14:00:53.4 (4882987)|METHOD_ENTRY|[2]|01p0o00000GMgMG|TriggerStudentTest.TriggerStudentTest()
14:00:53.4 (4894507)|STATEMENT_EXECUTE|[2]
14:00:53.4 (4900823)|STATEMENT_EXECUTE|[2]
14:00:53.4 (4908416)|METHOD_EXIT|[2]|TriggerStudentTest
14:00:53.4 (4984452)|HEAP_ALLOCATE|[50]|Bytes:5
14:00:53.4 (5014082)|HEAP_ALLOCATE|[56]|Bytes:5
14:00:53.4 (5030036)|HEAP_ALLOCATE|[64]|Bytes:7
14:00:53.4 (5078389)|STATEMENT_EXECUTE|[7]
14:00:53.4 (5081594)|STATEMENT_EXECUTE|[9]
14:00:53.4 (5191710)|HEAP_ALLOCATE|[9]|Bytes:4
14:00:53.4 (5286390)|VARIABLE_SCOPE_BEGIN|[9]|testClass|List<Class__c>|true|false
14:00:53.4 (5310567)|HEAP_ALLOCATE|[EXTERNAL]|Bytes:4
14:00:53.4 (5354032)|VARIABLE_ASSIGNMENT|[9]|testClass|[]|0x1cd184ca
14:00:53.4 (5367505)|STATEMENT_EXECUTE|[10]
14:00:53.4 (5397082)|HEAP_ALLOCATE|[10]|Bytes:4
14:00:53.4 (5502481)|HEAP_ALLOCATE|[10]|Bytes:7
14:00:53.4 (5585527)|VARIABLE_ASSIGNMENT|[10]|this.className__c|"English"|0x1865e15b
14:00:53.4 (5671118)|HEAP_ALLOCATE|[EXTERNAL]|Bytes:4
14:00:53.4 (5694402)|STATEMENT_EXECUTE|[11]
14:00:53.4 (5721860)|HEAP_ALLOCATE|[11]|Bytes:4
14:00:53.4 (5739546)|HEAP_ALLOCATE|[11]|Bytes:4
14:00:53.4 (5799094)|VARIABLE_ASSIGNMENT|[11]|this.className__c|"Math"|0x3a379637
14:00:53.4 (5857781)|HEAP_ALLOCATE|[EXTERNAL]|Bytes:4
14:00:53.4 (5873460)|STATEMENT_EXECUTE|[12]
14:00:53.4 (5899798)|HEAP_ALLOCATE|[12]|Bytes:4
14:00:53.4 (5913366)|HEAP_ALLOCATE|[12]|Bytes:7
14:00:53.4 (5979153)|VARIABLE_ASSIGNMENT|[12]|this.className__c|"Physics"|0x1d08f147
14:00:53.4 (6038706)|HEAP_ALLOCATE|[EXTERNAL]|Bytes:4
14:00:53.4 (6053409)|STATEMENT_EXECUTE|[13]
14:00:53.4 (6081682)|HEAP_ALLOCATE|[13]|Bytes:4
14:00:53.4 (6099026)|HEAP_ALLOCATE|[13]|Bytes:9
14:00:53.4 (6152083)|VARIABLE_ASSIGNMENT|[13]|this.className__c|"Chemistry"|0x50a279a7
14:00:53.4 (6213772)|HEAP_ALLOCATE|[EXTERNAL]|Bytes:4
14:00:53.4 (6229213)|STATEMENT_EXECUTE|[15]
14:00:53.4 (6300055)|DML_BEGIN|[15]|Op:Insert|Type:Class__c|Rows:4
14:00:53.4 (6389032)|HEAP_ALLOCATE|[EXTERNAL]|Bytes:20
14:00:53.4 (54958196)|DML_END|[15]
14:00:53.4 (55027560)|HEAP_ALLOCATE|[EXTERNAL]|Bytes:20
14:00:53.4 (55069366)|STATEMENT_EXECUTE|[17]
14:00:53.4 (55076966)|HEAP_ALLOCATE|[17]|Bytes:56
14:00:53.4 (55103758)|HEAP_ALLOCATE|[17]|Bytes:4
14:00:53.4 (55415560)|SOQL_EXECUTE_BEGIN|[17]|Aggregations:0|SELECT id FROM Class__c WHERE className__c = 'Chemistry'
14:00:53.4 (64054636)|SOQL_EXECUTE_END|[17]|Rows:1
14:00:53.4 (64113708)|HEAP_ALLOCATE|[17]|Bytes:8
14:00:53.4 (64146642)|HEAP_ALLOCATE|[17]|Bytes:29
14:00:53.4 (64193553)|HEAP_ALLOCATE|[17]|Bytes:8
14:00:53.4 (64213929)|HEAP_ALLOCATE|[17]|Bytes:34
14:00:53.4 (64238425)|HEAP_ALLOCATE|[17]|Bytes:8
14:00:53.4 (64250248)|VARIABLE_SCOPE_BEGIN|[17]|classMath|Class__c|true|false
14:00:53.4 (64282061)|VARIABLE_ASSIGNMENT|[17]|classMath|{"Id":"a0H0o00000fKyHpEAK"}|0x438d4314
14:00:53.4 (64296409)|STATEMENT_EXECUTE|[19]
14:00:53.4 (64362590)|HEAP_ALLOCATE|[19]|Bytes:4
14:00:53.4 (64457444)|VARIABLE_SCOPE_BEGIN|[19]|testStudent|List<Student__c>|true|false
14:00:53.4 (64477994)|HEAP_ALLOCATE|[EXTERNAL]|Bytes:4
14:00:53.4 (64491560)|VARIABLE_ASSIGNMENT|[19]|testStudent|[]|0x4eb2a8aa
14:00:53.4 (64500288)|STATEMENT_EXECUTE|[20]
14:00:53.4 (64523808)|HEAP_ALLOCATE|[20]|Bytes:4
14:00:53.4 (64591537)|HEAP_ALLOCATE|[20]|Bytes:11
14:00:53.4 (64653684)|VARIABLE_ASSIGNMENT|[20]|this.Name|"truong vy 1"|0x1ab51016
14:00:53.4 (64670547)|HEAP_ALLOCATE|[21]|Bytes:4
14:00:53.4 (64717172)|VARIABLE_ASSIGNMENT|[20]|this.Namef__c|"vy 1"|0x1ab51016
14:00:53.4 (64726594)|HEAP_ALLOCATE|[22]|Bytes:6
14:00:53.4 (64757875)|VARIABLE_ASSIGNMENT|[20]|this.Namel__c|"truong"|0x1ab51016
14:00:53.4 (64791060)|VARIABLE_ASSIGNMENT|[20]|this.Gender__c|true|0x1ab51016
14:00:53.4 (64878960)|HEAP_ALLOCATE|[24]|Bytes:4
14:00:53.4 (64973059)|VARIABLE_ASSIGNMENT|[20]|this.Birthday__c|"2011-03-21T00:00:00.000Z"|0x1ab51016
14:00:53.4 (65033547)|HEAP_ALLOCATE|[20]|Bytes:28
14:00:53.4 (65042937)|HEAP_ALLOCATE|[20]|Bytes:28
14:00:53.4 (65111176)|VARIABLE_ASSIGNMENT|[20]|this.Score1__c|4|0x1ab51016
14:00:53.4 (65134497)|HEAP_ALLOCATE|[20]|Bytes:28
14:00:53.4 (65141006)|HEAP_ALLOCATE|[20]|Bytes:28
14:00:53.4 (65191332)|VARIABLE_ASSIGNMENT|[20]|this.Score2__c|7|0x1ab51016
14:00:53.4 (65212730)|HEAP_ALLOCATE|[20]|Bytes:28
14:00:53.4 (65218492)|HEAP_ALLOCATE|[20]|Bytes:28
14:00:53.4 (65262419)|VARIABLE_ASSIGNMENT|[20]|this.Score3__c|9|0x1ab51016
14:00:53.4 (65385876)|VARIABLE_ASSIGNMENT|[20]|this.Class__c|"a0H0o00000fKyHpEAK"|0x1ab51016
14:00:53.4 (65473772)|HEAP_ALLOCATE|[EXTERNAL]|Bytes:4
14:00:53.4 (65491690)|STATEMENT_EXECUTE|[30]
14:00:53.4 (65525093)|HEAP_ALLOCATE|[30]|Bytes:4
14:00:53.4 (65543342)|HEAP_ALLOCATE|[30]|Bytes:11
14:00:53.4 (65607123)|VARIABLE_ASSIGNMENT|[30]|this.Name|"truong vy 2"|0x88a961b
14:00:53.4 (65625860)|HEAP_ALLOCATE|[31]|Bytes:4
14:00:53.4 (65678057)|VARIABLE_ASSIGNMENT|[30]|this.Namef__c|"vy 2"|0x88a961b
14:00:53.4 (65732240)|VARIABLE_ASSIGNMENT|[30]|this.Namel__c|"truong"|0x88a961b
14:00:53.4 (65782497)|VARIABLE_ASSIGNMENT|[30]|this.Gender__c|true|0x88a961b
14:00:53.4 (65850657)|HEAP_ALLOCATE|[34]|Bytes:4
14:00:53.4 (65927958)|VARIABLE_ASSIGNMENT|[30]|this.Birthday__c|"2011-03-21T00:00:00.000Z"|0x88a961b
14:00:53.4 (65961406)|HEAP_ALLOCATE|[30]|Bytes:28
14:00:53.4 (65969377)|HEAP_ALLOCATE|[30]|Bytes:28
14:00:53.4 (66014449)|VARIABLE_ASSIGNMENT|[30]|this.Score1__c|4|0x88a961b
14:00:53.4 (66038158)|HEAP_ALLOCATE|[30]|Bytes:28
14:00:53.4 (66044834)|HEAP_ALLOCATE|[30]|Bytes:28
14:00:53.4 (66090182)|VARIABLE_ASSIGNMENT|[30]|this.Score2__c|7|0x88a961b
14:00:53.4 (66113645)|HEAP_ALLOCATE|[30]|Bytes:28
14:00:53.4 (66122922)|HEAP_ALLOCATE|[30]|Bytes:28
14:00:53.4 (66169019)|VARIABLE_ASSIGNMENT|[30]|this.Score3__c|9|0x88a961b
14:00:53.4 (66256653)|VARIABLE_ASSIGNMENT|[30]|this.Class__c|"a0H0o00000fKyHpEAK"|0x88a961b
14:00:53.4 (66326890)|HEAP_ALLOCATE|[EXTERNAL]|Bytes:4
14:00:53.4 (66343922)|STATEMENT_EXECUTE|[40]
14:00:53.4 (66371543)|HEAP_ALLOCATE|[40]|Bytes:4
14:00:53.4 (66389022)|HEAP_ALLOCATE|[40]|Bytes:11
14:00:53.4 (66444691)|VARIABLE_ASSIGNMENT|[40]|this.Name|"truong vy 3"|0x38a02132
14:00:53.4 (66458835)|HEAP_ALLOCATE|[41]|Bytes:4
14:00:53.4 (66505542)|VARIABLE_ASSIGNMENT|[40]|this.Namef__c|"vy 3"|0x38a02132
14:00:53.4 (66549070)|VARIABLE_ASSIGNMENT|[40]|this.Namel__c|"truong"|0x38a02132
14:00:53.4 (66598634)|VARIABLE_ASSIGNMENT|[40]|this.Gender__c|true|0x38a02132
14:00:53.4 (66661816)|HEAP_ALLOCATE|[44]|Bytes:4
14:00:53.4 (66743388)|VARIABLE_ASSIGNMENT|[40]|this.Birthday__c|"2011-03-21T00:00:00.000Z"|0x38a02132
14:00:53.4 (66768985)|HEAP_ALLOCATE|[40]|Bytes:28
14:00:53.4 (66777991)|HEAP_ALLOCATE|[40]|Bytes:28
14:00:53.4 (66816610)|VARIABLE_ASSIGNMENT|[40]|this.Score1__c|4|0x38a02132
14:00:53.4 (66831738)|HEAP_ALLOCATE|[40]|Bytes:28
14:00:53.4 (66837440)|HEAP_ALLOCATE|[40]|Bytes:28
14:00:53.4 (66878570)|VARIABLE_ASSIGNMENT|[40]|this.Score2__c|7|0x38a02132
14:00:53.4 (66899772)|HEAP_ALLOCATE|[40]|Bytes:28
14:00:53.4 (66907819)|HEAP_ALLOCATE|[40]|Bytes:28
14:00:53.4 (66961297)|VARIABLE_ASSIGNMENT|[40]|this.Score3__c|9|0x38a02132
14:00:53.4 (67057165)|VARIABLE_ASSIGNMENT|[40]|this.Class__c|"a0H0o00000fKyHpEAK"|0x38a02132
14:00:53.4 (67127236)|HEAP_ALLOCATE|[EXTERNAL]|Bytes:4
14:00:53.4 (67146622)|STATEMENT_EXECUTE|[50]
14:00:53.4 (67175579)|HEAP_ALLOCATE|[50]|Bytes:4
14:00:53.4 (67193463)|HEAP_ALLOCATE|[50]|Bytes:11
14:00:53.4 (67250094)|VARIABLE_ASSIGNMENT|[50]|this.Name|"truong vy 4"|0x43c049f7
14:00:53.4 (67265442)|HEAP_ALLOCATE|[51]|Bytes:4
14:00:53.4 (67311820)|VARIABLE_ASSIGNMENT|[50]|this.Namef__c|"vy 4"|0x43c049f7
14:00:53.4 (67359582)|VARIABLE_ASSIGNMENT|[50]|this.Namel__c|"truong"|0x43c049f7
14:00:53.4 (67400246)|VARIABLE_ASSIGNMENT|[50]|this.Gender__c|true|0x43c049f7
14:00:53.4 (67462782)|HEAP_ALLOCATE|[54]|Bytes:4
14:00:53.4 (67530336)|VARIABLE_ASSIGNMENT|[50]|this.Birthday__c|"2011-03-21T00:00:00.000Z"|0x43c049f7
14:00:53.4 (67552131)|HEAP_ALLOCATE|[50]|Bytes:28
14:00:53.4 (67560051)|HEAP_ALLOCATE|[50]|Bytes:28
14:00:53.4 (67603570)|VARIABLE_ASSIGNMENT|[50]|this.Score1__c|4|0x43c049f7
14:00:53.4 (67620820)|HEAP_ALLOCATE|[50]|Bytes:28
14:00:53.4 (67628299)|HEAP_ALLOCATE|[50]|Bytes:28
14:00:53.4 (67668946)|VARIABLE_ASSIGNMENT|[50]|this.Score2__c|7|0x43c049f7
14:00:53.4 (67688759)|HEAP_ALLOCATE|[50]|Bytes:28
14:00:53.4 (67694771)|HEAP_ALLOCATE|[50]|Bytes:28
14:00:53.4 (67735340)|VARIABLE_ASSIGNMENT|[50]|this.Score3__c|0|0x43c049f7
14:00:53.4 (67801877)|VARIABLE_ASSIGNMENT|[50]|this.Class__c|"a0H0o00000fKyHpEAK"|0x43c049f7
14:00:53.4 (67857514)|HEAP_ALLOCATE|[EXTERNAL]|Bytes:4
14:00:53.4 (67872842)|STATEMENT_EXECUTE|[60]
14:00:53.4 (67898717)|HEAP_ALLOCATE|[60]|Bytes:4
14:00:53.4 (67914477)|HEAP_ALLOCATE|[60]|Bytes:11
14:00:53.4 (67970631)|VARIABLE_ASSIGNMENT|[60]|this.Name|"truong vy 5"|0x102cf822
14:00:53.4 (67985932)|HEAP_ALLOCATE|[61]|Bytes:4
14:00:53.4 (68027571)|VARIABLE_ASSIGNMENT|[60]|this.Namef__c|"vy 5"|0x102cf822
14:00:53.4 (68074029)|VARIABLE_ASSIGNMENT|[60]|this.Namel__c|"truong"|0x102cf822
14:00:53.4 (68118757)|VARIABLE_ASSIGNMENT|[60]|this.Gender__c|true|0x102cf822
14:00:53.4 (68180106)|HEAP_ALLOCATE|[64]|Bytes:4
14:00:53.4 (68246716)|VARIABLE_ASSIGNMENT|[60]|this.Birthday__c|"2011-03-21T00:00:00.000Z"|0x102cf822
14:00:53.4 (68269330)|HEAP_ALLOCATE|[60]|Bytes:28
14:00:53.4 (68277286)|HEAP_ALLOCATE|[60]|Bytes:28
14:00:53.4 (68318954)|VARIABLE_ASSIGNMENT|[60]|this.Score1__c|4|0x102cf822
14:00:53.4 (68338040)|HEAP_ALLOCATE|[60]|Bytes:28
14:00:53.4 (68345699)|HEAP_ALLOCATE|[60]|Bytes:28
14:00:53.4 (68384926)|VARIABLE_ASSIGNMENT|[60]|this.Score2__c|0|0x102cf822
14:00:53.4 (68407923)|HEAP_ALLOCATE|[60]|Bytes:28
14:00:53.4 (68415060)|HEAP_ALLOCATE|[60]|Bytes:28
14:00:53.4 (68463785)|VARIABLE_ASSIGNMENT|[60]|this.Score3__c|9|0x102cf822
14:00:53.4 (68537524)|VARIABLE_ASSIGNMENT|[60]|this.Class__c|"a0H0o00000fKyHpEAK"|0x102cf822
14:00:53.4 (68593685)|HEAP_ALLOCATE|[EXTERNAL]|Bytes:4
14:00:53.4 (68608358)|STATEMENT_EXECUTE|[69]
14:00:53.4 (68674208)|DML_BEGIN|[69]|Op:Insert|Type:Student__c|Rows:5
14:00:53.4 (68756262)|HEAP_ALLOCATE|[EXTERNAL]|Bytes:24
14:00:53.4 (73765142)|CODE_UNIT_STARTED|[EXTERNAL]|01q0o000000jKrN|triggerStudent on Student trigger event BeforeInsert|__sfdc_trigger/triggerStudent
14:00:53.4 (73856953)|HEAP_ALLOCATE|[EXTERNAL]|Bytes:24
14:00:53.4 (76810674)|HEAP_ALLOCATE|[EXTERNAL]|Bytes:8
14:00:53.4 (76836898)|VARIABLE_SCOPE_BEGIN|[1]|this|triggerStudent|true|false
14:00:53.4 (76933039)|VARIABLE_ASSIGNMENT|[1]|this|{}|0x6760ff2a
14:00:53.4 (77077827)|HEAP_ALLOCATE|[EXTERNAL]|Bytes:8
14:00:53.4 (77151613)|VARIABLE_SCOPE_BEGIN|[1]|this|triggerStudent|true|false
14:00:53.4 (77184613)|VARIABLE_ASSIGNMENT|[1]|this|{}|0x6760ff2a
14:00:53.4 (77201547)|STATEMENT_EXECUTE|[1]
14:00:53.4 (77204624)|STATEMENT_EXECUTE|[3]
14:00:53.4 (77216950)|HEAP_ALLOCATE|[3]|Bytes:15
14:00:53.4 (77230866)|HEAP_ALLOCATE|[3]|Bytes:20
14:00:53.4 (77239353)|HEAP_ALLOCATE|[3]|Bytes:17
14:00:53.4 (77313021)|METHOD_ENTRY|[1]|01p0o00000GMOB6|TriggerHandle.TriggerHandle()
14:00:53.4 (77324428)|STATEMENT_EXECUTE|[1]
14:00:53.4 (77331869)|STATEMENT_EXECUTE|[1]
14:00:53.4 (77933394)|SYSTEM_MODE_ENTER|false
14:00:53.4 (77966825)|HEAP_ALLOCATE|[3]|Bytes:5
14:00:53.4 (77979526)|STATEMENT_EXECUTE|[233]
14:00:53.4 (77986936)|SYSTEM_MODE_EXIT|false
14:00:53.4 (78004346)|METHOD_EXIT|[1]|TriggerHandle
14:00:53.4 (78027861)|HEAP_ALLOCATE|[3]|Bytes:4
14:00:53.4 (78049765)|CONSTRUCTOR_ENTRY|[3]|01p0o00000GMOB6|<init>()|TriggerHandle
14:00:53.4 (78089712)|VARIABLE_SCOPE_BEGIN|[3]|this|TriggerHandle|true|false
14:00:53.4 (78122782)|VARIABLE_ASSIGNMENT|[3]|this|{}|0x6c9b17fc
14:00:53.4 (78165377)|SYSTEM_MODE_ENTER|false
14:00:53.4 (78177990)|HEAP_ALLOCATE|[EXTERNAL]|Bytes:5
14:00:53.4 (78186848)|STATEMENT_EXECUTE|[1]
14:00:53.4 (78191740)|HEAP_ALLOCATE|[EXTERNAL]|Bytes:5
14:00:53.4 (78208414)|HEAP_ALLOCATE|[EXTERNAL]|Bytes:6
14:00:53.4 (89010448)|STATEMENT_EXECUTE|[3]
14:00:53.4 (89025042)|SYSTEM_MODE_EXIT|false
14:00:53.4 (89045683)|CONSTRUCTOR_EXIT|[3]|01p0o00000GMOB6|<init>()|TriggerHandle
14:00:53.4 (89087627)|VARIABLE_ASSIGNMENT|[3]|this.handle|0x6c9b17fc|0x6760ff2a
14:00:53.4 (89105323)|STATEMENT_EXECUTE|[5]
14:00:53.4 (89112930)|STATEMENT_EXECUTE|[10]
14:00:53.4 (89114674)|STATEMENT_EXECUTE|[11]
14:00:53.4 (89195110)|METHOD_ENTRY|[11]|01p0o00000GMOB6|TriggerHandle.onBeforeInsert(List<Student__c>)
14:00:53.4 (89250131)|VARIABLE_SCOPE_BEGIN|[5]|this|TriggerHandle|true|false
14:00:53.4 (89293528)|VARIABLE_ASSIGNMENT|[5]|this|{}|0x6c9b17fc
14:00:53.4 (89309186)|VARIABLE_SCOPE_BEGIN|[5]|newStudentList|List<Student__c>|true|false
14:00:53.4 (96407094)|VARIABLE_ASSIGNMENT|[5]|newStudentList|[{"AverageScore__c":6.67,"IsDeleted":false,"Score1__c":4.00,"Score2__c":7.00,"Birthday__c":"2011-03-21T00:00:00.000Z","Namel__c":"truong","Gender__c":true,"Score3__c":9.00,"Class__c":"a0H0o00000fKyHpEAK","State__c":"Passed","Name":"truong vy 1","Namef__c":"vy 1"},{"AverageScore__c":6.67,"IsDeleted":false,"Score1__c":4.00,"Score2__c":7.00,"Birthday__c":"2011-03-21T00:00:00.000Z","Namel__c":"truong","Gender__c":true,"Score3__c":9.00,"Class__c":"a0H0o00000fKyHpEAK","State__c":"Passed","Name":"truong vy 2","Namef__c":"vy 2"},{"AverageScore__c":6.67,"IsDeleted":false,"Score1__c":4.00,"Score2__c":7.00,"Birthday__c":"2011-03-21T00:00:00.000Z","Namel__c":"truong","Gender__c":true,"Score3__c":9.00,"Class__c":"a0H0o00000fKyHpEAK","State__c":"Passed","Name":"truong vy 3","Namef__c":"vy 3"},{"AverageScore__c":3.67,"IsDeleted":false,"Score1__c":4.00,"Score2__c":7.00,"Birthday__c":"2011-03-21T00:00:00.000Z","Namel__c":"truong","Gender__c":true,"Score3__c":0.00,"Class__c":"a0H0o00000fKyHpEAK","State__c":"Failed","Name":"truong vy 4","Namef__c":"vy 4"},{"AverageScore__c":4.33,"IsDeleted":false,"Score1__c":4.00,"Score2__c":0.00,"Birthday__c":"2011-03-21T00:00:00.000Z","Namel__c":"truong","Gender__c":true,"Score3__c":9.00,"Class__c":"a0H0o00000fKyHpEAK","State__c":"Failed","Name":"truong vy 5","Namef__c":"vy 5"}]|0x624ee4ac
14:00:53.4 (96520361)|SYSTEM_MODE_ENTER|false
14:00:53.4 (96536377)|HEAP_ALLOCATE|[7]|Bytes:5
14:00:53.4 (96547249)|STATEMENT_EXECUTE|[6]
14:00:53.4 (96549575)|STATEMENT_EXECUTE|[7]
14:00:53.4 (96551179)|STATEMENT_EXECUTE|[8]
14:00:53.4 (96836521)|HEAP_ALLOCATE|[9]|Bytes:5
14:00:53.4 (96893806)|HEAP_ALLOCATE|[9]|Bytes:4
14:00:53.4 (96908662)|VARIABLE_SCOPE_BEGIN|[9]|s|Student__c|true|false
14:00:53.4 (97604515)|VARIABLE_ASSIGNMENT|[9]|s|{"AverageScore__c":6.67,"IsDeleted":false,"Score1__c":4.00,"Score2__c":7.00,"Birthday__c":"2011-03-21T00:00:00.000Z","Namel__c":"truong","Gender__c":true,"Score3__c":9.00,"Class__c":"a0H0o00000fKyHpEAK","State__c":"Passed","Name":"truong vy 1","Namef__c":"vy 1"}|0xf991d27
14:00:53.4 (97623088)|STATEMENT_EXECUTE|[10]
14:00:53.4 (97679423)|HEAP_ALLOCATE|[12]|Bytes:28
14:00:53.4 (97803693)|HEAP_ALLOCATE|[16]|Bytes:28
14:00:53.4 (97881646)|HEAP_ALLOCATE|[20]|Bytes:28
14:00:53.4 (97981190)|STATEMENT_EXECUTE|[29]
14:00:53.4 (97984187)|STATEMENT_EXECUTE|[31]
14:00:53.4 (98027343)|HEAP_ALLOCATE|[31]|Bytes:4
14:00:53.4 (98059823)|VARIABLE_SCOPE_BEGIN|[31]|age|Integer|false|false
14:00:53.4 (98071950)|HEAP_ALLOCATE|[31]|Bytes:4
14:00:53.4 (98084064)|VARIABLE_ASSIGNMENT|[31]|age|-8
14:00:53.4 (98100486)|STATEMENT_EXECUTE|[32]
14:00:53.4 (98117527)|HEAP_ALLOCATE|[9]|Bytes:5
14:00:53.4 (98142347)|HEAP_ALLOCATE|[9]|Bytes:4
14:00:53.4 (98151759)|VARIABLE_SCOPE_BEGIN|[9]|s|Student__c|true|false
14:00:53.4 (98674614)|VARIABLE_ASSIGNMENT|[9]|s|{"AverageScore__c":6.67,"IsDeleted":false,"Score1__c":4.00,"Score2__c":7.00,"Birthday__c":"2011-03-21T00:00:00.000Z","Namel__c":"truong","Gender__c":true,"Score3__c":9.00,"Class__c":"a0H0o00000fKyHpEAK","State__c":"Passed","Name":"truong vy 2","Namef__c":"vy 2"}|0x472163d6
14:00:53.4 (98694059)|STATEMENT_EXECUTE|[10]
14:00:53.4 (98713859)|HEAP_ALLOCATE|[12]|Bytes:28
14:00:53.4 (98798799)|HEAP_ALLOCATE|[16]|Bytes:28
14:00:53.4 (98838611)|HEAP_ALLOCATE|[20]|Bytes:28
14:00:53.4 (98869810)|STATEMENT_EXECUTE|[29]
14:00:53.4 (98873007)|STATEMENT_EXECUTE|[31]
14:00:53.4 (98892921)|HEAP_ALLOCATE|[31]|Bytes:4
14:00:53.4 (98924437)|VARIABLE_SCOPE_BEGIN|[31]|age|Integer|false|false
14:00:53.4 (98946888)|HEAP_ALLOCATE|[31]|Bytes:4
14:00:53.4 (98962002)|VARIABLE_ASSIGNMENT|[31]|age|-8
14:00:53.4 (98975023)|STATEMENT_EXECUTE|[32]
14:00:53.4 (98991271)|HEAP_ALLOCATE|[9]|Bytes:5
14:00:53.4 (99009672)|HEAP_ALLOCATE|[9]|Bytes:4
14:00:53.4 (99019978)|VARIABLE_SCOPE_BEGIN|[9]|s|Student__c|true|false
14:00:53.4 (99400703)|VARIABLE_ASSIGNMENT|[9]|s|{"AverageScore__c":6.67,"IsDeleted":false,"Score1__c":4.00,"Score2__c":7.00,"Birthday__c":"2011-03-21T00:00:00.000Z","Namel__c":"truong","Gender__c":true,"Score3__c":9.00,"Class__c":"a0H0o00000fKyHpEAK","State__c":"Passed","Name":"truong vy 3","Namef__c":"vy 3"}|0x2b4c8d0e
14:00:53.4 (99414823)|STATEMENT_EXECUTE|[10]
14:00:53.4 (99429159)|HEAP_ALLOCATE|[12]|Bytes:28
14:00:53.4 (99462033)|HEAP_ALLOCATE|[16]|Bytes:28
14:00:53.4 (99484321)|HEAP_ALLOCATE|[20]|Bytes:28
14:00:53.4 (99502227)|STATEMENT_EXECUTE|[29]
14:00:53.4 (99504044)|STATEMENT_EXECUTE|[31]
14:00:53.4 (99517860)|HEAP_ALLOCATE|[31]|Bytes:4
14:00:53.4 (99537544)|VARIABLE_SCOPE_BEGIN|[31]|age|Integer|false|false
14:00:53.4 (99548545)|HEAP_ALLOCATE|[31]|Bytes:4
14:00:53.4 (99556959)|VARIABLE_ASSIGNMENT|[31]|age|-8
14:00:53.4 (99565163)|STATEMENT_EXECUTE|[32]
14:00:53.4 (99575525)|HEAP_ALLOCATE|[9]|Bytes:5
14:00:53.4 (99588451)|HEAP_ALLOCATE|[9]|Bytes:4
14:00:53.4 (99596175)|VARIABLE_SCOPE_BEGIN|[9]|s|Student__c|true|false
14:00:53.4 (100165486)|VARIABLE_ASSIGNMENT|[9]|s|{"AverageScore__c":3.67,"IsDeleted":false,"Score1__c":4.00,"Score2__c":7.00,"Birthday__c":"2011-03-21T00:00:00.000Z","Namel__c":"truong","Gender__c":true,"Score3__c":0.00,"Class__c":"a0H0o00000fKyHpEAK","State__c":"Failed","Name":"truong vy 4","Namef__c":"vy 4"}|0x40d3b98e
14:00:53.4 (100182136)|STATEMENT_EXECUTE|[10]
14:00:53.4 (100212300)|HEAP_ALLOCATE|[12]|Bytes:28
14:00:53.4 (100250022)|HEAP_ALLOCATE|[16]|Bytes:28
14:00:53.4 (100273657)|HEAP_ALLOCATE|[20]|Bytes:28
14:00:53.4 (100281249)|HEAP_ALLOCATE|[20]|Bytes:28
14:00:53.4 (100302907)|STATEMENT_EXECUTE|[29]
14:00:53.4 (100305375)|STATEMENT_EXECUTE|[31]
14:00:53.4 (100319766)|HEAP_ALLOCATE|[31]|Bytes:4
14:00:53.4 (100340709)|VARIABLE_SCOPE_BEGIN|[31]|age|Integer|false|false
14:00:53.4 (100351359)|HEAP_ALLOCATE|[31]|Bytes:4
14:00:53.4 (100361148)|VARIABLE_ASSIGNMENT|[31]|age|-8
14:00:53.4 (100369663)|STATEMENT_EXECUTE|[32]
14:00:53.4 (100379658)|HEAP_ALLOCATE|[9]|Bytes:5
14:00:53.4 (100394640)|HEAP_ALLOCATE|[9]|Bytes:4
14:00:53.4 (100403015)|VARIABLE_SCOPE_BEGIN|[9]|s|Student__c|true|false
14:00:53.4 (100824998)|VARIABLE_ASSIGNMENT|[9]|s|{"AverageScore__c":4.33,"IsDeleted":false,"Score1__c":4.00,"Score2__c":0.00,"Birthday__c":"2011-03-21T00:00:00.000Z","Namel__c":"truong","Gender__c":true,"Score3__c":9.00,"Class__c":"a0H0o00000fKyHpEAK","State__c":"Failed","Name":"truong vy 5","Namef__c":"vy 5"}|0x4c36963b
14:00:53.4 (100843592)|STATEMENT_EXECUTE|[10]
14:00:53.4 (100859604)|HEAP_ALLOCATE|[12]|Bytes:28
14:00:53.4 (100906520)|HEAP_ALLOCATE|[16]|Bytes:28
14:00:53.4 (100918564)|HEAP_ALLOCATE|[16]|Bytes:28
14:00:53.4 (100960714)|HEAP_ALLOCATE|[20]|Bytes:28
14:00:53.4 (100993627)|STATEMENT_EXECUTE|[29]
14:00:53.4 (100996955)|STATEMENT_EXECUTE|[31]
14:00:53.4 (101012721)|HEAP_ALLOCATE|[31]|Bytes:4
14:00:53.4 (101048385)|VARIABLE_SCOPE_BEGIN|[31]|age|Integer|false|false
14:00:53.4 (101063519)|HEAP_ALLOCATE|[31]|Bytes:4
14:00:53.4 (101075539)|VARIABLE_ASSIGNMENT|[31]|age|-8
14:00:53.4 (101087978)|STATEMENT_EXECUTE|[32]
14:00:53.4 (101101167)|HEAP_ALLOCATE|[9]|Bytes:5
14:00:53.4 (101120812)|VARIABLE_ASSIGNMENT|[9]|s|null|
14:00:53.4 (101135957)|SYSTEM_MODE_EXIT|false
14:00:53.4 (101158831)|METHOD_EXIT|[11]|01p0o00000GMOB6|TriggerHandle.onBeforeInsert(List<Student__c>)
14:00:53.101 (101186334)|CUMULATIVE_LIMIT_USAGE
14:00:53.101 (101186334)|LIMIT_USAGE_FOR_NS|(default)|
  Number of SOQL queries: 1 out of 100
  Number of query rows: 1 out of 50000
  Number of SOSL queries: 0 out of 20
  Number of DML statements: 2 out of 150
  Number of DML rows: 9 out of 10000
  Maximum CPU time: 0 out of 10000
  Maximum heap size: 0 out of 6000000
  Number of callouts: 0 out of 100
  Number of Email Invocations: 0 out of 10
  Number of future calls: 0 out of 50
  Number of queueable jobs added to the queue: 0 out of 50
  Number of Mobile Apex push calls: 0 out of 10

14:00:53.101 (101186334)|CUMULATIVE_LIMIT_USAGE_END

14:00:53.4 (102858991)|CODE_UNIT_FINISHED|triggerStudent on Student trigger event BeforeInsert|__sfdc_trigger/triggerStudent
14:00:53.4 (134673142)|CODE_UNIT_STARTED|[EXTERNAL]|01q0o000000jKrN|triggerStudent on Student trigger event AfterInsert|__sfdc_trigger/triggerStudent
14:00:53.4 (134729667)|HEAP_ALLOCATE|[EXTERNAL]|Bytes:24
14:00:53.4 (134875107)|HEAP_ALLOCATE|[EXTERNAL]|Bytes:8
14:00:53.4 (134889599)|VARIABLE_SCOPE_BEGIN|[1]|this|triggerStudent|true|false
14:00:53.4 (134930735)|VARIABLE_ASSIGNMENT|[1]|this|{}|0x722748f8
14:00:53.4 (134997711)|HEAP_ALLOCATE|[EXTERNAL]|Bytes:8
14:00:53.4 (135006981)|VARIABLE_SCOPE_BEGIN|[1]|this|triggerStudent|true|false
14:00:53.4 (135026945)|VARIABLE_ASSIGNMENT|[1]|this|{}|0x722748f8
14:00:53.4 (135038655)|STATEMENT_EXECUTE|[1]
14:00:53.4 (135041025)|STATEMENT_EXECUTE|[3]
14:00:53.4 (135045664)|HEAP_ALLOCATE|[3]|Bytes:4
14:00:53.4 (135059997)|CONSTRUCTOR_ENTRY|[3]|01p0o00000GMOB6|<init>()|TriggerHandle
14:00:53.4 (135071564)|VARIABLE_SCOPE_BEGIN|[3]|this|TriggerHandle|true|false
14:00:53.4 (135087338)|VARIABLE_ASSIGNMENT|[3]|this|{}|0x5dc94b46
14:00:53.4 (135832824)|SYSTEM_MODE_ENTER|false
14:00:53.4 (135848554)|HEAP_ALLOCATE|[EXTERNAL]|Bytes:5
14:00:53.4 (135856584)|STATEMENT_EXECUTE|[1]
14:00:53.4 (135860978)|HEAP_ALLOCATE|[EXTERNAL]|Bytes:5
14:00:53.4 (135901099)|STATEMENT_EXECUTE|[3]
14:00:53.4 (135905634)|SYSTEM_MODE_EXIT|false
14:00:53.4 (135917718)|CONSTRUCTOR_EXIT|[3]|01p0o00000GMOB6|<init>()|TriggerHandle
14:00:53.4 (135949385)|VARIABLE_ASSIGNMENT|[3]|this.handle|0x5dc94b46|0x722748f8
14:00:53.4 (135961151)|STATEMENT_EXECUTE|[15]
14:00:53.4 (135967935)|STATEMENT_EXECUTE|[19]
14:00:53.4 (135969622)|STATEMENT_EXECUTE|[20]
14:00:53.4 (136025400)|METHOD_ENTRY|[20]|01p0o00000GMOB6|TriggerHandle.onAfterInsert(List<Student__c>)
14:00:53.4 (136063382)|VARIABLE_SCOPE_BEGIN|[44]|this|TriggerHandle|true|false
14:00:53.4 (136083765)|VARIABLE_ASSIGNMENT|[44]|this|{}|0x5dc94b46
14:00:53.4 (136093516)|VARIABLE_SCOPE_BEGIN|[44]|newStudentList|List<Student__c>|true|false
14:00:53.4 (140026703)|VARIABLE_ASSIGNMENT|[44]|newStudentList|[{"LastModifiedDate":"2019-06-18T07:00:53.000Z","StudentId__c":"HS100151","IsDeleted":false,"Score1__c":4.00,"Score2__c":7.00,"Gender__c":true,"Score3__c":9.00,"Class__c":"a0H0o00000fKyHpEAK","Name":"truong vy 1","SystemModstamp":"2019-06-18T07:00:53.000Z","AverageScore__c":6.67,"CreatedById":"0050o00000WkyGGAAZ","Birthday__c":"2011-03-21T00:00:00.000Z","Namel__c":"truong","CreatedDate":"2019-06-18T07:00:53.000Z","Id":"a0I0o000019bceWEAQ","LastModifiedById":"0050o00000WkyGGAAZ","State__c":"Passed","Namef__c":"vy 1"},{"LastModifiedDate":"2019-06-18T07:00:53.000Z","StudentId__c":"HS100152","IsDeleted":false,"Score1__c":4.00,"Score2__c":7.00,"Gender__c":true,"Score3__c":9.00,"Class__c":"a0H0o00000fKyHpEAK","Name":"truong vy 2","SystemModstamp":"2019-06-18T07:00:53.000Z","AverageScore__c":6.67,"CreatedById":"0050o00000WkyGGAAZ","Birthday__c":"2011-03-21T00:00:00.000Z","Namel__c":"truong","CreatedDate":"2019-06-18T07:00:53.000Z","Id":"a0I0o000019bceXEAQ","LastModifiedById":"0050o00000WkyGGAAZ","State__c":"Passed","Namef__c":"vy 2"},{"LastModifiedDate":"2019-06-18T07:00:53.000Z","StudentId__c":"HS100153","IsDeleted":false,"Score1__c":4.00,"Score2__c":7.00,"Gender__c":true,"Score3__c":9.00,"Class__c":"a0H0o00000fKyHpEAK","Name":"truong vy 3","SystemModstamp":"2019-06-18T07:00:53.000Z","AverageScore__c":6.67,"CreatedById":"0050o00000WkyGGAAZ","Birthday__c":"2011-03-21T00:00:00.000Z","Namel__c":"truong","CreatedDate":"2019-06-18T07:00:53.000Z","Id":"a0I0o000019bceYEAQ","LastModifiedById":"0050o00000WkyGGAAZ","State__c":"Passed","Namef__c":"vy 3"},{"LastModifiedDate":"2019-06-18T07:00:53.000Z","StudentId__c":"HS100154","IsDeleted":false,"Score1__c":4.00,"Score2__c":7.00,"Gender__c":true,"Score3__c":0.00,"Class__c":"a0H0o00000fKyHpEAK","Name":"truong vy 4","SystemModstamp":"2019-06-18T07:00:53.000Z","AverageScore__c":3.67,"CreatedById":"0050o00000WkyGGAAZ","Birthday__c":"2011-03-21T00:00:00.000Z","Namel__c":"truong","CreatedDate":"2019-06-18T07:00:53.000Z","Id":"a0I0o000019bceZEAQ","LastModifiedById":"0050o00000WkyGGAAZ","State__c":"Failed","Namef__c":"vy 4"},{"LastModifiedDate":"2019-06-18T07:00:53.000Z","StudentId__c":"HS100155","IsDeleted":false,"Score1__c":4.00,"Score2__c":0.00,"Gender__c":true,"Score3__c":9.00,"Class__c":"a0H0o00000fKyHpEAK","Name":"truong vy 5","SystemModstamp":"2019-06-18T07:00:53.000Z","AverageScore__c":4.33,"CreatedById":"0050o00000WkyGGAAZ","Birthday__c":"2011-03-21T00:00:00.000Z","Namel__c":"truong","CreatedDate":"2019-06-18T07:00:53.000Z","Id":"a0I0o000019bceaEAA","LastModifiedById":"0050o00000WkyGGAAZ","State__c":"Failed","Namef__c":"vy 5"}]|0x50de4aa7
14:00:53.4 (140104022)|SYSTEM_MODE_ENTER|false
14:00:53.4 (140117678)|HEAP_ALLOCATE|[46]|Bytes:5
14:00:53.4 (140127848)|STATEMENT_EXECUTE|[45]
14:00:53.4 (140130648)|STATEMENT_EXECUTE|[46]
14:00:53.4 (140141399)|VARIABLE_SCOPE_BEGIN|[46]|sp|System.Savepoint|true|false
14:00:53.4 (140156882)|VARIABLE_ASSIGNMENT|[46]|sp|null|
14:00:53.4 (140163291)|STATEMENT_EXECUTE|[47]
14:00:53.4 (140165997)|STATEMENT_EXECUTE|[48]
14:00:53.4 (140167420)|STATEMENT_EXECUTE|[49]
14:00:53.4 (142986892)|USER_DEBUG|[49]|DEBUG|(Student__c:{Id=a0I0o000019bceWEAQ, IsDeleted=false, Name=truong vy 1, CreatedDate=2019-06-18 07:00:53, CreatedById=0050o00000WkyGGAAZ, LastModifiedDate=2019-06-18 07:00:53, LastModifiedById=0050o00000WkyGGAAZ, SystemModstamp=2019-06-18 07:00:53, StudentId__c=HS100151, Namef__c=vy 1, Namel__c=truong, Birthday__c=2011-03-21 00:00:00, Gender__c=true, Score1__c=4.00, Score2__c=7.00, Score3__c=9.00, AverageScore__c=6.67, State__c=Passed, StudentCode__c=null, Class__c=a0H0o00000fKyHpEAK}, Student__c:{Id=a0I0o000019bceXEAQ, IsDeleted=false, Name=truong vy 2, CreatedDate=2019-06-18 07:00:53, CreatedById=0050o00000WkyGGAAZ, LastModifiedDate=2019-06-18 07:00:53, LastModifiedById=0050o00000WkyGGAAZ, SystemModstamp=2019-06-18 07:00:53, StudentId__c=HS100152, Namef__c=vy 2, Namel__c=truong, Birthday__c=2011-03-21 00:00:00, Gender__c=true, Score1__c=4.00, Score2__c=7.00, Score3__c=9.00, AverageScore__c=6.67, State__c=Passed, StudentCode__c=null, Class__c=a0H0o00000fKyHpEAK}, Student__c:{Id=a0I0o000019bceYEAQ, IsDeleted=false, Name=truong vy 3, CreatedDate=2019-06-18 07:00:53, CreatedById=0050o00000WkyGGAAZ, LastModifiedDate=2019-06-18 07:00:53, LastModifiedById=0050o00000WkyGGAAZ, SystemModstamp=2019-06-18 07:00:53, StudentId__c=HS100153, Namef__c=vy 3, Namel__c=truong, Birthday__c=2011-03-21 00:00:00, Gender__c=true, Score1__c=4.00, Score2__c=7.00, Score3__c=9.00, AverageScore__c=6.67, State__c=Passed, StudentCode__c=null, Class__c=a0H0o00000fKyHpEAK}, Student__c:{Id=a0I0o000019bceZEAQ, IsDeleted=false, Name=truong vy 4, CreatedDate=2019-06-18 07:00:53, CreatedById=0050o00000WkyGGAAZ, LastModifiedDate=2019-06-18 07:00:53, LastModifiedById=0050o00000WkyGGAAZ, SystemModstamp=2019-06-18 07:00:53, StudentId__c=HS100154, Namef__c=vy 4, Namel__c=truong, Birthday__c=2011-03-21 00:00:00, Gender__c=true, Score1__c=4.00, Score2__c=7.00, Score3__c=0.00, AverageScore__c=3.67, State__c=Failed, StudentCode__c=null, Class__c=a0H0o00000fKyHpEAK}, Student__c:{Id=a0I0o000019bceaEAA, IsDeleted=false, Name=truong vy 5, CreatedDate=2019-06-18 07:00:53, CreatedById=0050o00000WkyGGAAZ, LastModifiedDate=2019-06-18 07:00:53, LastModifiedById=0050o00000WkyGGAAZ, SystemModstamp=2019-06-18 07:00:53, StudentId__c=HS100155, Namef__c=vy 5, Namel__c=truong, Birthday__c=2011-03-21 00:00:00, Gender__c=true, Score1__c=4.00, Score2__c=0.00, Score3__c=9.00, AverageScore__c=4.33, State__c=Failed, StudentCode__c=null, Class__c=a0H0o00000fKyHpEAK})
14:00:53.4 (143051022)|STATEMENT_EXECUTE|[50]
14:00:53.4 (143609029)|SAVEPOINT_SET|[50]|SavepointValue0
14:00:53.4 (143630321)|HEAP_ALLOCATE|[50]|Bytes:16
14:00:53.4 (143917129)|VARIABLE_ASSIGNMENT|[50]|sp|"common.apex.runtime.impl.ApexUserSavepoint@18f6a8cc"|0x18f6a8cc
14:00:53.4 (143931837)|STATEMENT_EXECUTE|[51]
14:00:53.4 (143939793)|HEAP_ALLOCATE|[51]|Bytes:6
14:00:53.4 (143986194)|METHOD_ENTRY|[51]|01p0o00000GMOB6|TriggerHandle.executeNOStudentsUpdate(List<Student__c>, String)
14:00:53.4 (144032083)|VARIABLE_SCOPE_BEGIN|[192]|this|TriggerHandle|true|false
14:00:53.4 (144068593)|VARIABLE_ASSIGNMENT|[192]|this|{}|0x5dc94b46
14:00:53.4 (144079841)|VARIABLE_SCOPE_BEGIN|[192]|studentList|List<Student__c>|true|false
14:00:53.4 (145542357)|VARIABLE_ASSIGNMENT|[192]|studentList|[{"LastModifiedDate":"2019-06-18T07:00:53.000Z","StudentId__c":"HS100151","IsDeleted":false,"Score1__c":4.00,"Score2__c":7.00,"Gender__c":true,"Score3__c":9.00,"Class__c":"a0H0o00000fKyHpEAK","Name":"truong vy 1","SystemModstamp":"2019-06-18T07:00:53.000Z","AverageScore__c":6.67,"CreatedById":"0050o00000WkyGGAAZ","Birthday__c":"2011-03-21T00:00:00.000Z","Namel__c":"truong","CreatedDate":"2019-06-18T07:00:53.000Z","Id":"a0I0o000019bceWEAQ","LastModifiedById":"0050o00000WkyGGAAZ","State__c":"Passed","Namef__c":"vy 1"},{"LastModifiedDate":"2019-06-18T07:00:53.000Z","StudentId__c":"HS100152","IsDeleted":false,"Score1__c":4.00,"Score2__c":7.00,"Gender__c":true,"Score3__c":9.00,"Class__c":"a0H0o00000fKyHpEAK","Name":"truong vy 2","SystemModstamp":"2019-06-18T07:00:53.000Z","AverageScore__c":6.67,"CreatedById":"0050o00000WkyGGAAZ","Birthday__c":"2011-03-21T00:00:00.000Z","Namel__c":"truong","CreatedDate":"2019-06-18T07:00:53.000Z","Id":"a0I0o000019bceXEAQ","LastModifiedById":"0050o00000WkyGGAAZ","State__c":"Passed","Namef__c":"vy 2"},{"LastModifiedDate":"2019-06-18T07:00:53.000Z","StudentId__c":"HS100153","IsDeleted":false,"Score1__c":4.00,"Score2__c":7.00,"Gender__c":true,"Score3__c":9.00,"Class__c":"a0H0o00000fKyHpEAK","Name":"truong vy 3","SystemModstamp":"2019-06-18T07:00:53.000Z","AverageScore__c":6.67,"CreatedById":"0050o00000WkyGGAAZ","Birthday__c":"2011-03-21T00:00:00.000Z","Namel__c":"truong","CreatedDate":"2019-06-18T07:00:53.000Z","Id":"a0I0o000019bceYEAQ","LastModifiedById":"0050o00000WkyGGAAZ","State__c":"Passed","Namef__c":"vy 3"},{"LastModifiedDate":"2019-06-18T07:00:53.000Z","StudentId__c":"HS100154","IsDeleted":false,"Score1__c":4.00,"Score2__c":7.00,"Gender__c":true,"Score3__c":0.00,"Class__c":"a0H0o00000fKyHpEAK","Name":"truong vy 4","SystemModstamp":"2019-06-18T07:00:53.000Z","AverageScore__c":3.67,"CreatedById":"0050o00000WkyGGAAZ","Birthday__c":"2011-03-21T00:00:00.000Z","Namel__c":"truong","CreatedDate":"2019-06-18T07:00:53.000Z","Id":"a0I0o000019bceZEAQ","LastModifiedById":"0050o00000WkyGGAAZ","State__c":"Failed","Namef__c":"vy 4"},{"LastModifiedDate":"2019-06-18T07:00:53.000Z","StudentId__c":"HS100155","IsDeleted":false,"Score1__c":4.00,"Score2__c":0.00,"Gender__c":true,"Score3__c":9.00,"Class__c":"a0H0o00000fKyHpEAK","Name":"truong vy 5","SystemModstamp":"2019-06-18T07:00:53.000Z","AverageScore__c":4.33,"CreatedById":"0050o00000WkyGGAAZ","Birthday__c":"2011-03-21T00:00:00.000Z","Namel__c":"truong","CreatedDate":"2019-06-18T07:00:53.000Z","Id":"a0I0o000019bceaEAA","LastModifiedById":"0050o00000WkyGGAAZ","State__c":"Failed","Namef__c":"vy 5"}]|0x50de4aa7
14:00:53.4 (145595452)|VARIABLE_SCOPE_BEGIN|[192]|action|String|false|false
14:00:53.4 (145608405)|VARIABLE_ASSIGNMENT|[192]|action|"insert"
14:00:53.4 (145637226)|HEAP_ALLOCATE|[194]|Bytes:5
14:00:53.4 (145643472)|STATEMENT_EXECUTE|[193]
14:00:53.4 (145646861)|STATEMENT_EXECUTE|[194]
14:00:53.4 (145672259)|HEAP_ALLOCATE|[194]|Bytes:4
14:00:53.4 (145691844)|VARIABLE_SCOPE_BEGIN|[194]|classIDMap|Map<Id,Integer>|true|false
14:00:53.4 (145716067)|VARIABLE_ASSIGNMENT|[194]|classIDMap|{}|0x496bd20e
14:00:53.4 (145771736)|HEAP_ALLOCATE|[197]|Bytes:5
14:00:53.4 (145797969)|VARIABLE_SCOPE_BEGIN|[197]|s|Student__c|true|false
14:00:53.4 (146115356)|VARIABLE_ASSIGNMENT|[197]|s|{"LastModifiedDate":"2019-06-18T07:00:53.000Z","StudentId__c":"HS100151","IsDeleted":false,"Score1__c":4.00,"Score2__c":7.00,"Gender__c":true,"Score3__c":9.00,"Class__c":"a0H0o00000fKyHpEAK","Name":"truong vy 1","SystemModstamp":"2019-06-18T07:00:53.000Z","AverageScore__c":6.67,"CreatedById":"0050o00000WkyGGAAZ","Birthday__c":"2011-03-21T00:00:00.000Z","Namel__c":"truong","CreatedDate":"2019-06-18T07:00:53.000Z","Id":"a0I0o000019bceWEAQ","LastModifiedById":"0050o00000WkyGGAAZ","State__c":"Passed","Namef__c":"vy 1"}|0x6b4232f6
14:00:53.4 (146134859)|STATEMENT_EXECUTE|[198]
14:00:53.4 (146238377)|STATEMENT_EXECUTE|[204]
14:00:53.4 (146241173)|STATEMENT_EXECUTE|[205]
14:00:53.4 (146267145)|HEAP_ALLOCATE|[205]|Bytes:4
14:00:53.4 (146278095)|HEAP_ALLOCATE|[EXTERNAL]|Bytes:-4
14:00:53.4 (146295991)|HEAP_ALLOCATE|[197]|Bytes:5
14:00:53.4 (146312868)|VARIABLE_SCOPE_BEGIN|[197]|s|Student__c|true|false
14:00:53.4 (146606006)|VARIABLE_ASSIGNMENT|[197]|s|{"LastModifiedDate":"2019-06-18T07:00:53.000Z","StudentId__c":"HS100152","IsDeleted":false,"Score1__c":4.00,"Score2__c":7.00,"Gender__c":true,"Score3__c":9.00,"Class__c":"a0H0o00000fKyHpEAK","Name":"truong vy 2","SystemModstamp":"2019-06-18T07:00:53.000Z","AverageScore__c":6.67,"CreatedById":"0050o00000WkyGGAAZ","Birthday__c":"2011-03-21T00:00:00.000Z","Namel__c":"truong","CreatedDate":"2019-06-18T07:00:53.000Z","Id":"a0I0o000019bceXEAQ","LastModifiedById":"0050o00000WkyGGAAZ","State__c":"Passed","Namef__c":"vy 2"}|0x465f479a
14:00:53.4 (146624146)|STATEMENT_EXECUTE|[198]
14:00:53.4 (146641723)|STATEMENT_EXECUTE|[200]
14:00:53.4 (146644856)|STATEMENT_EXECUTE|[201]
14:00:53.4 (146680857)|HEAP_ALLOCATE|[201]|Bytes:4
14:00:53.4 (146700196)|HEAP_ALLOCATE|[197]|Bytes:5
14:00:53.4 (146715732)|VARIABLE_SCOPE_BEGIN|[197]|s|Student__c|true|false
14:00:53.4 (147025529)|VARIABLE_ASSIGNMENT|[197]|s|{"LastModifiedDate":"2019-06-18T07:00:53.000Z","StudentId__c":"HS100153","IsDeleted":false,"Score1__c":4.00,"Score2__c":7.00,"Gender__c":true,"Score3__c":9.00,"Class__c":"a0H0o00000fKyHpEAK","Name":"truong vy 3","SystemModstamp":"2019-06-18T07:00:53.000Z","AverageScore__c":6.67,"CreatedById":"0050o00000WkyGGAAZ","Birthday__c":"2011-03-21T00:00:00.000Z","Namel__c":"truong","CreatedDate":"2019-06-18T07:00:53.000Z","Id":"a0I0o000019bceYEAQ","LastModifiedById":"0050o00000WkyGGAAZ","State__c":"Passed","Namef__c":"vy 3"}|0x5baf0985
14:00:53.4 (147043551)|STATEMENT_EXECUTE|[198]
14:00:53.4 (147061144)|STATEMENT_EXECUTE|[200]
14:00:53.4 (147063154)|STATEMENT_EXECUTE|[201]
14:00:53.4 (147077951)|HEAP_ALLOCATE|[201]|Bytes:4
14:00:53.4 (147093771)|HEAP_ALLOCATE|[197]|Bytes:5
14:00:53.4 (147107902)|VARIABLE_SCOPE_BEGIN|[197]|s|Student__c|true|false
14:00:53.4 (147390652)|VARIABLE_ASSIGNMENT|[197]|s|{"LastModifiedDate":"2019-06-18T07:00:53.000Z","StudentId__c":"HS100154","IsDeleted":false,"Score1__c":4.00,"Score2__c":7.00,"Gender__c":true,"Score3__c":0.00,"Class__c":"a0H0o00000fKyHpEAK","Name":"truong vy 4","SystemModstamp":"2019-06-18T07:00:53.000Z","AverageScore__c":3.67,"CreatedById":"0050o00000WkyGGAAZ","Birthday__c":"2011-03-21T00:00:00.000Z","Namel__c":"truong","CreatedDate":"2019-06-18T07:00:53.000Z","Id":"a0I0o000019bceZEAQ","LastModifiedById":"0050o00000WkyGGAAZ","State__c":"Failed","Namef__c":"vy 4"}|0x4cc35b5c
14:00:53.4 (147407609)|STATEMENT_EXECUTE|[198]
14:00:53.4 (147421953)|STATEMENT_EXECUTE|[200]
14:00:53.4 (147423720)|STATEMENT_EXECUTE|[201]
14:00:53.4 (147438664)|HEAP_ALLOCATE|[201]|Bytes:4
14:00:53.4 (147455830)|HEAP_ALLOCATE|[197]|Bytes:5
14:00:53.4 (147468214)|VARIABLE_SCOPE_BEGIN|[197]|s|Student__c|true|false
14:00:53.4 (147741219)|VARIABLE_ASSIGNMENT|[197]|s|{"LastModifiedDate":"2019-06-18T07:00:53.000Z","StudentId__c":"HS100155","IsDeleted":false,"Score1__c":4.00,"Score2__c":0.00,"Gender__c":true,"Score3__c":9.00,"Class__c":"a0H0o00000fKyHpEAK","Name":"truong vy 5","SystemModstamp":"2019-06-18T07:00:53.000Z","AverageScore__c":4.33,"CreatedById":"0050o00000WkyGGAAZ","Birthday__c":"2011-03-21T00:00:00.000Z","Namel__c":"truong","CreatedDate":"2019-06-18T07:00:53.000Z","Id":"a0I0o000019bceaEAA","LastModifiedById":"0050o00000WkyGGAAZ","State__c":"Failed","Namef__c":"vy 5"}|0x366c15b0
14:00:53.4 (147757279)|STATEMENT_EXECUTE|[198]
14:00:53.4 (147772099)|STATEMENT_EXECUTE|[200]
14:00:53.4 (147773923)|STATEMENT_EXECUTE|[201]
14:00:53.4 (147786239)|HEAP_ALLOCATE|[201]|Bytes:4
14:00:53.4 (147803521)|HEAP_ALLOCATE|[197]|Bytes:5
14:00:53.4 (147817308)|VARIABLE_ASSIGNMENT|[197]|s|null|
14:00:53.4 (147826869)|STATEMENT_EXECUTE|[208]
14:00:53.4 (147831621)|HEAP_ALLOCATE|[208]|Bytes:44
14:00:53.4 (147854575)|HEAP_ALLOCATE|[208]|Bytes:4
14:00:53.4 (148143604)|SOQL_EXECUTE_BEGIN|[208]|Aggregations:0|SELECT id, NumberOfStudents__c FROM Class__c
14:00:53.4 (151740734)|SOQL_EXECUTE_END|[208]|Rows:4
14:00:53.4 (151787473)|HEAP_ALLOCATE|[208]|Bytes:20
14:00:53.4 (151813912)|HEAP_ALLOCATE|[208]|Bytes:352
14:00:53.4 (151845800)|HEAP_ALLOCATE|[208]|Bytes:20
14:00:53.4 (151865852)|VARIABLE_SCOPE_BEGIN|[208]|classList|List<Class__c>|true|false
14:00:53.4 (151915801)|VARIABLE_ASSIGNMENT|[208]|classList|[{"Id":"a0H0o00000fKyHmEAK","NumberOfStudents__c":0},{"Id":"a0H0o00000fKyHnEAK","NumberOfStudents__c":0},{"Id":"a0H0o00000fKyHoEAK","NumberOfStudents__c":0},{"Id":"a0H0o00000fKyHpEAK","NumberOfStudents__c":0}]|0xb77f638
14:00:53.4 (151929748)|STATEMENT_EXECUTE|[209]
14:00:53.4 (151991102)|HEAP_ALLOCATE|[209]|Bytes:12
14:00:53.4 (152073877)|HEAP_ALLOCATE|[209]|Bytes:28
14:00:53.4 (152098909)|USER_DEBUG|[209]|DEBUG|0
14:00:53.4 (152211580)|HEAP_ALLOCATE|[211]|Bytes:5
14:00:53.4 (152230404)|HEAP_ALLOCATE|[211]|Bytes:12
14:00:53.4 (152239875)|VARIABLE_SCOPE_BEGIN|[211]|c|Class__c|true|false
14:00:53.4 (152261914)|VARIABLE_ASSIGNMENT|[211]|c|{"Id":"a0H0o00000fKyHmEAK","NumberOfStudents__c":0}|0x53a4d6d8
14:00:53.4 (152271495)|STATEMENT_EXECUTE|[212]
14:00:53.4 (152312396)|STATEMENT_EXECUTE|[213]
14:00:53.4 (152323121)|HEAP_ALLOCATE|[211]|Bytes:5
14:00:53.4 (152335701)|HEAP_ALLOCATE|[211]|Bytes:12
14:00:53.4 (152341746)|VARIABLE_SCOPE_BEGIN|[211]|c|Class__c|true|false
14:00:53.4 (152360657)|VARIABLE_ASSIGNMENT|[211]|c|{"Id":"a0H0o00000fKyHnEAK","NumberOfStudents__c":0}|0x5e3927a0
14:00:53.4 (152369187)|STATEMENT_EXECUTE|[212]
14:00:53.4 (152382766)|STATEMENT_EXECUTE|[213]
14:00:53.4 (152390778)|HEAP_ALLOCATE|[211]|Bytes:5
14:00:53.4 (152400836)|HEAP_ALLOCATE|[211]|Bytes:12
14:00:53.4 (152408038)|VARIABLE_SCOPE_BEGIN|[211]|c|Class__c|true|false
14:00:53.4 (152424661)|VARIABLE_ASSIGNMENT|[211]|c|{"Id":"a0H0o00000fKyHoEAK","NumberOfStudents__c":0}|0x7e771b0
14:00:53.4 (152433667)|STATEMENT_EXECUTE|[212]
14:00:53.4 (152444191)|STATEMENT_EXECUTE|[213]
14:00:53.4 (152471550)|HEAP_ALLOCATE|[211]|Bytes:5
14:00:53.4 (152481978)|HEAP_ALLOCATE|[211]|Bytes:12
14:00:53.4 (152489657)|VARIABLE_SCOPE_BEGIN|[211]|c|Class__c|true|false
14:00:53.4 (152507312)|VARIABLE_ASSIGNMENT|[211]|c|{"Id":"a0H0o00000fKyHpEAK","NumberOfStudents__c":0}|0x2dd129df
14:00:53.4 (152514837)|STATEMENT_EXECUTE|[212]
14:00:53.4 (152528528)|STATEMENT_EXECUTE|[214]
14:00:53.4 (152578845)|STATEMENT_EXECUTE|[216]
14:00:53.4 (152582747)|STATEMENT_EXECUTE|[217]
14:00:53.4 (152586315)|HEAP_ALLOCATE|[217]|Bytes:13
14:00:53.4 (152611075)|USER_DEBUG|[217]|DEBUG|insert succed
14:00:53.4 (152622440)|STATEMENT_EXECUTE|[218]
14:00:53.4 (152657339)|HEAP_ALLOCATE|[218]|Bytes:28
14:00:53.4 (152664267)|HEAP_ALLOCATE|[218]|Bytes:28
14:00:53.4 (152674518)|HEAP_ALLOCATE|[218]|Bytes:28
14:00:53.4 (152713751)|HEAP_ALLOCATE|[218]|Bytes:28
14:00:53.4 (152719952)|HEAP_ALLOCATE|[218]|Bytes:28
14:00:53.4 (152830200)|VARIABLE_ASSIGNMENT|[218]|this.NumberOfStudents__c|5|0x2dd129df
14:00:53.4 (152841216)|STATEMENT_EXECUTE|[227]
14:00:53.4 (152900965)|HEAP_ALLOCATE|[227]|Bytes:8
14:00:53.4 (152946098)|DML_BEGIN|[227]|Op:Update|Type:Class__c|Rows:1
14:00:53.4 (153014978)|HEAP_ALLOCATE|[EXTERNAL]|Bytes:8
14:00:53.4 (172853586)|DML_END|[227]
14:00:53.4 (172887129)|STATEMENT_EXECUTE|[229]
14:00:53.4 (173007415)|HEAP_ALLOCATE|[211]|Bytes:5
14:00:53.4 (173042890)|VARIABLE_ASSIGNMENT|[211]|c|null|
14:00:53.4 (173070030)|METHOD_EXIT|[51]|01p0o00000GMOB6|TriggerHandle.executeNOStudentsUpdate(List<Student__c>, String)
14:00:53.4 (173087245)|STATEMENT_EXECUTE|[52]
14:00:53.4 (173116367)|METHOD_ENTRY|[52]|01p0o00000GMOB6|TriggerHandle.executeNOFAPStudentsUpdate(List<Student__c>, String)
14:00:53.4 (173164297)|VARIABLE_SCOPE_BEGIN|[119]|this|TriggerHandle|true|false
14:00:53.4 (173209162)|VARIABLE_ASSIGNMENT|[119]|this|{}|0x5dc94b46
14:00:53.4 (173227166)|VARIABLE_SCOPE_BEGIN|[119]|studentList|List<Student__c>|true|false
14:00:53.4 (175094405)|VARIABLE_ASSIGNMENT|[119]|studentList|[{"LastModifiedDate":"2019-06-18T07:00:53.000Z","StudentId__c":"HS100151","IsDeleted":false,"Score1__c":4.00,"Score2__c":7.00,"Gender__c":true,"Score3__c":9.00,"Class__c":"a0H0o00000fKyHpEAK","Name":"truong vy 1","SystemModstamp":"2019-06-18T07:00:53.000Z","AverageScore__c":6.67,"CreatedById":"0050o00000WkyGGAAZ","Birthday__c":"2011-03-21T00:00:00.000Z","Namel__c":"truong","CreatedDate":"2019-06-18T07:00:53.000Z","Id":"a0I0o000019bceWEAQ","LastModifiedById":"0050o00000WkyGGAAZ","State__c":"Passed","Namef__c":"vy 1"},{"LastModifiedDate":"2019-06-18T07:00:53.000Z","StudentId__c":"HS100152","IsDeleted":false,"Score1__c":4.00,"Score2__c":7.00,"Gender__c":true,"Score3__c":9.00,"Class__c":"a0H0o00000fKyHpEAK","Name":"truong vy 2","SystemModstamp":"2019-06-18T07:00:53.000Z","AverageScore__c":6.67,"CreatedById":"0050o00000WkyGGAAZ","Birthday__c":"2011-03-21T00:00:00.000Z","Namel__c":"truong","CreatedDate":"2019-06-18T07:00:53.000Z","Id":"a0I0o000019bceXEAQ","LastModifiedById":"0050o00000WkyGGAAZ","State__c":"Passed","Namef__c":"vy 2"},{"LastModifiedDate":"2019-06-18T07:00:53.000Z","StudentId__c":"HS100153","IsDeleted":false,"Score1__c":4.00,"Score2__c":7.00,"Gender__c":true,"Score3__c":9.00,"Class__c":"a0H0o00000fKyHpEAK","Name":"truong vy 3","SystemModstamp":"2019-06-18T07:00:53.000Z","AverageScore__c":6.67,"CreatedById":"0050o00000WkyGGAAZ","Birthday__c":"2011-03-21T00:00:00.000Z","Namel__c":"truong","CreatedDate":"2019-06-18T07:00:53.000Z","Id":"a0I0o000019bceYEAQ","LastModifiedById":"0050o00000WkyGGAAZ","State__c":"Passed","Namef__c":"vy 3"},{"LastModifiedDate":"2019-06-18T07:00:53.000Z","StudentId__c":"HS100154","IsDeleted":false,"Score1__c":4.00,"Score2__c":7.00,"Gender__c":true,"Score3__c":0.00,"Class__c":"a0H0o00000fKyHpEAK","Name":"truong vy 4","SystemModstamp":"2019-06-18T07:00:53.000Z","AverageScore__c":3.67,"CreatedById":"0050o00000WkyGGAAZ","Birthday__c":"2011-03-21T00:00:00.000Z","Namel__c":"truong","CreatedDate":"2019-06-18T07:00:53.000Z","Id":"a0I0o000019bceZEAQ","LastModifiedById":"0050o00000WkyGGAAZ","State__c":"Failed","Namef__c":"vy 4"},{"LastModifiedDate":"2019-06-18T07:00:53.000Z","StudentId__c":"HS100155","IsDeleted":false,"Score1__c":4.00,"Score2__c":0.00,"Gender__c":true,"Score3__c":9.00,"Class__c":"a0H0o00000fKyHpEAK","Name":"truong vy 5","SystemModstamp":"2019-06-18T07:00:53.000Z","AverageScore__c":4.33,"CreatedById":"0050o00000WkyGGAAZ","Birthday__c":"2011-03-21T00:00:00.000Z","Namel__c":"truong","CreatedDate":"2019-06-18T07:00:53.000Z","Id":"a0I0o000019bceaEAA","LastModifiedById":"0050o00000WkyGGAAZ","State__c":"Failed","Namef__c":"vy 5"}]|0x50de4aa7
14:00:53.4 (175151964)|VARIABLE_SCOPE_BEGIN|[119]|action|String|false|false
14:00:53.4 (175171005)|VARIABLE_ASSIGNMENT|[119]|action|"insert"
14:00:53.4 (175204497)|HEAP_ALLOCATE|[121]|Bytes:5
14:00:53.4 (175231944)|STATEMENT_EXECUTE|[120]
14:00:53.4 (175235115)|STATEMENT_EXECUTE|[121]
14:00:53.4 (175256600)|HEAP_ALLOCATE|[121]|Bytes:4
14:00:53.4 (175276938)|VARIABLE_SCOPE_BEGIN|[121]|classIDMapWithPassedStudents|Map<Id,Integer>|true|false
14:00:53.4 (175306039)|VARIABLE_ASSIGNMENT|[121]|classIDMapWithPassedStudents|{}|0x3c0996a2
14:00:53.4 (175320818)|STATEMENT_EXECUTE|[122]
14:00:53.4 (175334990)|HEAP_ALLOCATE|[122]|Bytes:4
14:00:53.4 (175347925)|VARIABLE_SCOPE_BEGIN|[122]|classIDMapWithFaliedStudents|Map<Id,Integer>|true|false
14:00:53.4 (175372408)|VARIABLE_ASSIGNMENT|[122]|classIDMapWithFaliedStudents|{}|0x6e4f879e
14:00:53.4 (175431813)|HEAP_ALLOCATE|[125]|Bytes:5
14:00:53.4 (175456654)|VARIABLE_SCOPE_BEGIN|[125]|s|Student__c|true|false
14:00:53.4 (175752164)|VARIABLE_ASSIGNMENT|[125]|s|{"LastModifiedDate":"2019-06-18T07:00:53.000Z","StudentId__c":"HS100151","IsDeleted":false,"Score1__c":4.00,"Score2__c":7.00,"Gender__c":true,"Score3__c":9.00,"Class__c":"a0H0o00000fKyHpEAK","Name":"truong vy 1","SystemModstamp":"2019-06-18T07:00:53.000Z","AverageScore__c":6.67,"CreatedById":"0050o00000WkyGGAAZ","Birthday__c":"2011-03-21T00:00:00.000Z","Namel__c":"truong","CreatedDate":"2019-06-18T07:00:53.000Z","Id":"a0I0o000019bceWEAQ","LastModifiedById":"0050o00000WkyGGAAZ","State__c":"Passed","Namef__c":"vy 1"}|0x6b4232f6
14:00:53.4 (175767473)|STATEMENT_EXECUTE|[126]
14:00:53.4 (175823146)|HEAP_ALLOCATE|[128]|Bytes:6
14:00:53.4 (175879241)|STATEMENT_EXECUTE|[129]
14:00:53.4 (175914419)|STATEMENT_EXECUTE|[135]
14:00:53.4 (175916455)|STATEMENT_EXECUTE|[136]
14:00:53.4 (175935133)|HEAP_ALLOCATE|[136]|Bytes:4
14:00:53.4 (175949708)|HEAP_ALLOCATE|[EXTERNAL]|Bytes:-4
14:00:53.4 (175967518)|HEAP_ALLOCATE|[125]|Bytes:5
14:00:53.4 (175983775)|VARIABLE_SCOPE_BEGIN|[125]|s|Student__c|true|false
14:00:53.4 (176310584)|VARIABLE_ASSIGNMENT|[125]|s|{"LastModifiedDate":"2019-06-18T07:00:53.000Z","StudentId__c":"HS100152","IsDeleted":false,"Score1__c":4.00,"Score2__c":7.00,"Gender__c":true,"Score3__c":9.00,"Class__c":"a0H0o00000fKyHpEAK","Name":"truong vy 2","SystemModstamp":"2019-06-18T07:00:53.000Z","AverageScore__c":6.67,"CreatedById":"0050o00000WkyGGAAZ","Birthday__c":"2011-03-21T00:00:00.000Z","Namel__c":"truong","CreatedDate":"2019-06-18T07:00:53.000Z","Id":"a0I0o000019bceXEAQ","LastModifiedById":"0050o00000WkyGGAAZ","State__c":"Passed","Namef__c":"vy 2"}|0x465f479a
14:00:53.4 (176332368)|STATEMENT_EXECUTE|[126]
14:00:53.4 (176361593)|STATEMENT_EXECUTE|[129]
14:00:53.4 (176374514)|STATEMENT_EXECUTE|[131]
14:00:53.4 (176376526)|STATEMENT_EXECUTE|[132]
14:00:53.4 (176409946)|HEAP_ALLOCATE|[132]|Bytes:4
14:00:53.4 (176429214)|HEAP_ALLOCATE|[125]|Bytes:5
14:00:53.4 (176445492)|VARIABLE_SCOPE_BEGIN|[125]|s|Student__c|true|false
14:00:53.4 (176884212)|VARIABLE_ASSIGNMENT|[125]|s|{"LastModifiedDate":"2019-06-18T07:00:53.000Z","StudentId__c":"HS100153","IsDeleted":false,"Score1__c":4.00,"Score2__c":7.00,"Gender__c":true,"Score3__c":9.00,"Class__c":"a0H0o00000fKyHpEAK","Name":"truong vy 3","SystemModstamp":"2019-06-18T07:00:53.000Z","AverageScore__c":6.67,"CreatedById":"0050o00000WkyGGAAZ","Birthday__c":"2011-03-21T00:00:00.000Z","Namel__c":"truong","CreatedDate":"2019-06-18T07:00:53.000Z","Id":"a0I0o000019bceYEAQ","LastModifiedById":"0050o00000WkyGGAAZ","State__c":"Passed","Namef__c":"vy 3"}|0x5baf0985
14:00:53.4 (176906543)|STATEMENT_EXECUTE|[126]
14:00:53.4 (176940060)|STATEMENT_EXECUTE|[129]
14:00:53.4 (176965513)|STATEMENT_EXECUTE|[131]
14:00:53.4 (176968253)|STATEMENT_EXECUTE|[132]
14:00:53.4 (176987486)|HEAP_ALLOCATE|[132]|Bytes:4
14:00:53.4 (177010827)|HEAP_ALLOCATE|[125]|Bytes:5
14:00:53.4 (177034216)|VARIABLE_SCOPE_BEGIN|[125]|s|Student__c|true|false
14:00:53.4 (177501762)|VARIABLE_ASSIGNMENT|[125]|s|{"LastModifiedDate":"2019-06-18T07:00:53.000Z","StudentId__c":"HS100154","IsDeleted":false,"Score1__c":4.00,"Score2__c":7.00,"Gender__c":true,"Score3__c":0.00,"Class__c":"a0H0o00000fKyHpEAK","Name":"truong vy 4","SystemModstamp":"2019-06-18T07:00:53.000Z","AverageScore__c":3.67,"CreatedById":"0050o00000WkyGGAAZ","Birthday__c":"2011-03-21T00:00:00.000Z","Namel__c":"truong","CreatedDate":"2019-06-18T07:00:53.000Z","Id":"a0I0o000019bceZEAQ","LastModifiedById":"0050o00000WkyGGAAZ","State__c":"Failed","Namef__c":"vy 4"}|0x4cc35b5c
14:00:53.4 (177527537)|STATEMENT_EXECUTE|[126]
14:00:53.4 (177560541)|STATEMENT_EXECUTE|[141]
14:00:53.4 (177600399)|STATEMENT_EXECUTE|[147]
14:00:53.4 (177603752)|STATEMENT_EXECUTE|[148]
14:00:53.4 (177633398)|HEAP_ALLOCATE|[148]|Bytes:4
14:00:53.4 (177645173)|HEAP_ALLOCATE|[EXTERNAL]|Bytes:-4
14:00:53.4 (177667283)|HEAP_ALLOCATE|[125]|Bytes:5
14:00:53.4 (177691130)|VARIABLE_SCOPE_BEGIN|[125]|s|Student__c|true|false
14:00:53.4 (178201760)|VARIABLE_ASSIGNMENT|[125]|s|{"LastModifiedDate":"2019-06-18T07:00:53.000Z","StudentId__c":"HS100155","IsDeleted":false,"Score1__c":4.00,"Score2__c":0.00,"Gender__c":true,"Score3__c":9.00,"Class__c":"a0H0o00000fKyHpEAK","Name":"truong vy 5","SystemModstamp":"2019-06-18T07:00:53.000Z","AverageScore__c":4.33,"CreatedById":"0050o00000WkyGGAAZ","Birthday__c":"2011-03-21T00:00:00.000Z","Namel__c":"truong","CreatedDate":"2019-06-18T07:00:53.000Z","Id":"a0I0o000019bceaEAA","LastModifiedById":"0050o00000WkyGGAAZ","State__c":"Failed","Namef__c":"vy 5"}|0x366c15b0
14:00:53.4 (178229812)|STATEMENT_EXECUTE|[126]
14:00:53.4 (178265534)|STATEMENT_EXECUTE|[141]
14:00:53.4 (178283192)|STATEMENT_EXECUTE|[143]
14:00:53.4 (178285791)|STATEMENT_EXECUTE|[144]
14:00:53.4 (178332067)|HEAP_ALLOCATE|[144]|Bytes:4
14:00:53.4 (178359065)|HEAP_ALLOCATE|[125]|Bytes:5
14:00:53.4 (178379600)|VARIABLE_ASSIGNMENT|[125]|s|null|
14:00:53.4 (178390550)|STATEMENT_EXECUTE|[152]
14:00:53.4 (178396295)|HEAP_ALLOCATE|[152]|Bytes:77
14:00:53.4 (178422774)|HEAP_ALLOCATE|[152]|Bytes:4
14:00:53.4 (178833304)|SOQL_EXECUTE_BEGIN|[152]|Aggregations:0|SELECT id, NumberOfFailedStudents__c, NumberOfPassedStudents__c FROM Class__c
14:00:53.4 (182106084)|SOQL_EXECUTE_END|[152]|Rows:4
14:00:53.4 (182150848)|HEAP_ALLOCATE|[152]|Bytes:20
14:00:53.4 (182184079)|HEAP_ALLOCATE|[152]|Bytes:636
14:00:53.4 (182227828)|HEAP_ALLOCATE|[152]|Bytes:20
14:00:53.4 (182246799)|VARIABLE_SCOPE_BEGIN|[152]|classList|List<Class__c>|true|false
14:00:53.4 (182304015)|VARIABLE_ASSIGNMENT|[152]|classList|[{"Id":"a0H0o00000fKyHmEAK","NumberOfFailedStudents__c":0,"NumberOfPassedStudents__c":0},{"Id":"a0H0o00000fKyHnEAK","NumberOfFailedStudents__c":0,"NumberOfPassedStudents__c":0},{"Id":"a0H0o00000fKyHoEAK","NumberOfFailedStudents__c":0,"NumberOfPassedStudents__c":0},{"Id":"a0H0o00000fKyHpEAK","NumberOfFailedStudents__c":0,"NumberOfPassedStudents__c":0}]|0x15938ce2
14:00:53.4 (182385656)|HEAP_ALLOCATE|[154]|Bytes:5
14:00:53.4 (182408744)|HEAP_ALLOCATE|[154]|Bytes:16
14:00:53.4 (182420868)|VARIABLE_SCOPE_BEGIN|[154]|c|Class__c|true|false
14:00:53.4 (182440203)|VARIABLE_ASSIGNMENT|[154]|c|{"Id":"a0H0o00000fKyHmEAK","NumberOfFailedStudents__c":0,"NumberOfPassedStudents__c":0}|0x1e6e9cb6
14:00:53.4 (182451016)|STATEMENT_EXECUTE|[155]
14:00:53.4 (182504887)|STATEMENT_EXECUTE|[157]
14:00:53.4 (182527051)|STATEMENT_EXECUTE|[173]
14:00:53.4 (182537161)|HEAP_ALLOCATE|[154]|Bytes:5
14:00:53.4 (182550040)|HEAP_ALLOCATE|[154]|Bytes:16
14:00:53.4 (182557629)|VARIABLE_SCOPE_BEGIN|[154]|c|Class__c|true|false
14:00:53.4 (182578095)|VARIABLE_ASSIGNMENT|[154]|c|{"Id":"a0H0o00000fKyHnEAK","NumberOfFailedStudents__c":0,"NumberOfPassedStudents__c":0}|0x2d7a365f
14:00:53.4 (182588026)|STATEMENT_EXECUTE|[155]
14:00:53.4 (182600666)|STATEMENT_EXECUTE|[157]
14:00:53.4 (182607559)|STATEMENT_EXECUTE|[173]
14:00:53.4 (182615724)|HEAP_ALLOCATE|[154]|Bytes:5
14:00:53.4 (182626655)|HEAP_ALLOCATE|[154]|Bytes:16
14:00:53.4 (182632171)|VARIABLE_SCOPE_BEGIN|[154]|c|Class__c|true|false
14:00:53.4 (182650001)|VARIABLE_ASSIGNMENT|[154]|c|{"Id":"a0H0o00000fKyHoEAK","NumberOfFailedStudents__c":0,"NumberOfPassedStudents__c":0}|0x67f940a0
14:00:53.4 (182658309)|STATEMENT_EXECUTE|[155]
14:00:53.4 (182668359)|STATEMENT_EXECUTE|[157]
14:00:53.4 (182676700)|STATEMENT_EXECUTE|[173]
14:00:53.4 (182682941)|HEAP_ALLOCATE|[154]|Bytes:5
14:00:53.4 (182693041)|HEAP_ALLOCATE|[154]|Bytes:16
14:00:53.4 (182699764)|VARIABLE_SCOPE_BEGIN|[154]|c|Class__c|true|false
14:00:53.4 (182718211)|VARIABLE_ASSIGNMENT|[154]|c|{"Id":"a0H0o00000fKyHpEAK","NumberOfFailedStudents__c":0,"NumberOfPassedStudents__c":0}|0x384caee8
14:00:53.4 (182725375)|STATEMENT_EXECUTE|[155]
14:00:53.4 (182736095)|STATEMENT_EXECUTE|[158]
14:00:53.4 (182798728)|STATEMENT_EXECUTE|[161]
14:00:53.4 (182801010)|STATEMENT_EXECUTE|[162]
14:00:53.4 (182875735)|HEAP_ALLOCATE|[162]|Bytes:28
14:00:53.4 (182923430)|HEAP_ALLOCATE|[162]|Bytes:28
14:00:53.4 (182928711)|HEAP_ALLOCATE|[162]|Bytes:28
14:00:53.4 (182974276)|HEAP_ALLOCATE|[162]|Bytes:28
14:00:53.4 (182978902)|HEAP_ALLOCATE|[162]|Bytes:28
14:00:53.4 (183077190)|VARIABLE_ASSIGNMENT|[162]|this.NumberOfFailedStudents__c|2|0x384caee8
14:00:53.4 (183089512)|STATEMENT_EXECUTE|[169]
14:00:53.4 (183147030)|HEAP_ALLOCATE|[169]|Bytes:8
14:00:53.4 (183166245)|DML_BEGIN|[169]|Op:Update|Type:Class__c|Rows:1
14:00:53.4 (183224689)|HEAP_ALLOCATE|[EXTERNAL]|Bytes:8
14:00:53.4 (198822842)|DML_END|[169]
14:00:53.4 (198861707)|STATEMENT_EXECUTE|[170]
14:00:53.4 (198985193)|STATEMENT_EXECUTE|[174]
14:00:53.4 (199048042)|STATEMENT_EXECUTE|[177]
14:00:53.4 (199052138)|STATEMENT_EXECUTE|[178]
14:00:53.4 (199148003)|HEAP_ALLOCATE|[178]|Bytes:28
14:00:53.4 (199222151)|HEAP_ALLOCATE|[178]|Bytes:28
14:00:53.4 (199232753)|HEAP_ALLOCATE|[178]|Bytes:28
14:00:53.4 (199277732)|HEAP_ALLOCATE|[178]|Bytes:28
14:00:53.4 (199284903)|HEAP_ALLOCATE|[178]|Bytes:28
14:00:53.4 (199430208)|VARIABLE_ASSIGNMENT|[178]|this.NumberOfPassedStudents__c|3|0x384caee8
14:00:53.4 (199450169)|STATEMENT_EXECUTE|[185]
14:00:53.4 (199503737)|HEAP_ALLOCATE|[185]|Bytes:8
14:00:53.4 (199531629)|DML_BEGIN|[185]|Op:Update|Type:Class__c|Rows:1
14:00:53.4 (199629520)|HEAP_ALLOCATE|[EXTERNAL]|Bytes:8
14:00:53.4 (213427064)|DML_END|[185]
14:00:53.4 (213455690)|STATEMENT_EXECUTE|[186]
14:00:53.4 (213548774)|HEAP_ALLOCATE|[154]|Bytes:5
14:00:53.4 (213582805)|VARIABLE_ASSIGNMENT|[154]|c|null|
14:00:53.4 (213603052)|METHOD_EXIT|[52]|01p0o00000GMOB6|TriggerHandle.executeNOFAPStudentsUpdate(List<Student__c>, String)
14:00:53.4 (213615067)|SYSTEM_MODE_EXIT|false
14:00:53.4 (213627022)|METHOD_EXIT|[20]|01p0o00000GMOB6|TriggerHandle.onAfterInsert(List<Student__c>)
14:00:53.213 (213642077)|CUMULATIVE_LIMIT_USAGE
14:00:53.213 (213642077)|LIMIT_USAGE_FOR_NS|(default)|
  Number of SOQL queries: 3 out of 100
  Number of query rows: 9 out of 50000
  Number of SOSL queries: 0 out of 20
  Number of DML statements: 6 out of 150
  Number of DML rows: 13 out of 10000
  Maximum CPU time: 0 out of 10000
  Maximum heap size: 0 out of 6000000
  Number of callouts: 0 out of 100
  Number of Email Invocations: 0 out of 10
  Number of future calls: 0 out of 50
  Number of queueable jobs added to the queue: 0 out of 50
  Number of Mobile Apex push calls: 0 out of 10

14:00:53.213 (213642077)|CUMULATIVE_LIMIT_USAGE_END

14:00:53.4 (215301320)|CODE_UNIT_FINISHED|triggerStudent on Student trigger event AfterInsert|__sfdc_trigger/triggerStudent
14:00:53.4 (216767546)|DML_END|[69]
14:00:53.4 (216817765)|HEAP_ALLOCATE|[EXTERNAL]|Bytes:24
14:00:53.4 (216834474)|STATEMENT_EXECUTE|[71]
14:00:53.4 (216883279)|HEAP_ALLOCATE|[71]|Bytes:74
14:00:53.4 (216906315)|SYSTEM_METHOD_ENTRY|[1]|Test.Test()
14:00:53.4 (216910974)|STATEMENT_EXECUTE|[1]
14:00:53.4 (216919844)|SYSTEM_METHOD_EXIT|[1]|Test
14:00:53.4 (216936319)|METHOD_ENTRY|[71]||System.Test.startTest()
14:00:53.4 (218455541)|METHOD_EXIT|[71]||System.Test.startTest()
14:00:53.4 (218474976)|STATEMENT_EXECUTE|[73]
14:00:53.4 (218483402)|HEAP_ALLOCATE|[73]|Bytes:41
14:00:53.4 (218508972)|HEAP_ALLOCATE|[73]|Bytes:4
14:00:53.4 (218812882)|SOQL_EXECUTE_BEGIN|[73]|Aggregations:0|SELECT id, Name, State__c FROM Student__c
14:00:53.4 (223571896)|SOQL_EXECUTE_END|[73]|Rows:5
14:00:53.4 (223621277)|HEAP_ALLOCATE|[73]|Bytes:24
14:00:53.4 (223660215)|HEAP_ALLOCATE|[73]|Bytes:330
14:00:53.4 (223700680)|HEAP_ALLOCATE|[73]|Bytes:24
14:00:53.4 (223727873)|VARIABLE_SCOPE_BEGIN|[73]|studentList|List<Student__c>|true|false
14:00:53.4 (223802663)|VARIABLE_ASSIGNMENT|[73]|studentList|[{"Id":"a0I0o000019bceWEAQ","Name":"truong vy 1","State__c":"Passed"},{"Id":"a0I0o000019bceXEAQ","Name":"truong vy 2","State__c":"Passed"},{"Id":"a0I0o000019bceYEAQ","Name":"truong vy 3","State__c":"Passed"},{"Id":"a0I0o000019bceZEAQ","Name":"truong vy 4","State__c":"Failed"},{"Id":"a0I0o000019bceaEAA","Name":"truong vy 5","State__c":"Failed"}]|0xa0e97f
14:00:53.4 (223897030)|HEAP_ALLOCATE|[75]|Bytes:5
14:00:53.4 (223922142)|HEAP_ALLOCATE|[75]|Bytes:16
14:00:53.4 (223937606)|VARIABLE_SCOPE_BEGIN|[75]|s|Student__c|true|false
14:00:53.4 (223973989)|VARIABLE_ASSIGNMENT|[75]|s|{"Id":"a0I0o000019bceWEAQ","Name":"truong vy 1","State__c":"Passed"}|0xa8d83f5
14:00:53.4 (223989450)|STATEMENT_EXECUTE|[76]
14:00:53.4 (224066685)|STATEMENT_EXECUTE|[78]
14:00:53.4 (224070691)|STATEMENT_EXECUTE|[79]
14:00:53.4 (224143700)|HEAP_ALLOCATE|[79]|Bytes:8
14:00:53.4 (224161501)|HEAP_ALLOCATE|[79]|Bytes:8
14:00:53.4 (224178189)|DML_BEGIN|[79]|Op:Delete|Type:Student__c|Rows:1
14:00:53.4 (224250502)|HEAP_ALLOCATE|[EXTERNAL]|Bytes:8
14:00:53.4 (382139264)|CODE_UNIT_STARTED|[EXTERNAL]|01q0o000000jKrN|triggerStudent on Student trigger event AfterDelete|__sfdc_trigger/triggerStudent
14:00:53.4 (382210829)|HEAP_ALLOCATE|[EXTERNAL]|Bytes:8
14:00:53.4 (382337483)|HEAP_ALLOCATE|[EXTERNAL]|Bytes:8
14:00:53.4 (382353914)|VARIABLE_SCOPE_BEGIN|[1]|this|triggerStudent|true|false
14:00:53.4 (382405854)|VARIABLE_ASSIGNMENT|[1]|this|{}|0x718bbf3f
14:00:53.4 (382458626)|HEAP_ALLOCATE|[EXTERNAL]|Bytes:8
14:00:53.4 (382470027)|VARIABLE_SCOPE_BEGIN|[1]|this|triggerStudent|true|false
14:00:53.4 (382488906)|VARIABLE_ASSIGNMENT|[1]|this|{}|0x718bbf3f
14:00:53.4 (382498043)|STATEMENT_EXECUTE|[1]
14:00:53.4 (382500252)|STATEMENT_EXECUTE|[3]
14:00:53.4 (382506189)|HEAP_ALLOCATE|[3]|Bytes:4
14:00:53.4 (382519602)|CONSTRUCTOR_ENTRY|[3]|01p0o00000GMOB6|<init>()|TriggerHandle
14:00:53.4 (382535008)|VARIABLE_SCOPE_BEGIN|[3]|this|TriggerHandle|true|false
14:00:53.4 (382560241)|VARIABLE_ASSIGNMENT|[3]|this|{}|0xd621f04
14:00:53.4 (383273929)|SYSTEM_MODE_ENTER|false
14:00:53.4 (385741931)|HEAP_ALLOCATE|[EXTERNAL]|Bytes:5
14:00:53.4 (385755911)|STATEMENT_EXECUTE|[1]
14:00:53.4 (385809070)|HEAP_ALLOCATE|[EXTERNAL]|Bytes:5
14:00:53.4 (385852811)|STATEMENT_EXECUTE|[3]
14:00:53.4 (385861317)|SYSTEM_MODE_EXIT|false
14:00:53.4 (385878743)|CONSTRUCTOR_EXIT|[3]|01p0o00000GMOB6|<init>()|TriggerHandle
14:00:53.4 (385915331)|VARIABLE_ASSIGNMENT|[3]|this.handle|0xd621f04|0x718bbf3f
14:00:53.4 (385935214)|STATEMENT_EXECUTE|[15]
14:00:53.4 (385963015)|STATEMENT_EXECUTE|[23]
14:00:53.4 (385966122)|STATEMENT_EXECUTE|[24]
14:00:53.4 (386038388)|METHOD_ENTRY|[24]|01p0o00000GMOB6|TriggerHandle.onAfterDelete(List<Student__c>)
14:00:53.4 (386090859)|VARIABLE_SCOPE_BEGIN|[63]|this|TriggerHandle|true|false
14:00:53.4 (386123086)|VARIABLE_ASSIGNMENT|[63]|this|{}|0xd621f04
14:00:53.4 (386135037)|VARIABLE_SCOPE_BEGIN|[63]|oldStudentList|List<Student__c>|true|false
14:00:53.4 (387642200)|VARIABLE_ASSIGNMENT|[63]|oldStudentList|[{"LastModifiedDate":"2019-06-18T07:00:53.000Z","StudentId__c":"HS100151","IsDeleted":false,"Score1__c":4.00,"Score2__c":7.00,"Gender__c":true,"Score3__c":9.00,"Class__c":"a0H0o00000fKyHpEAK","Name":"truong vy 1","SystemModstamp":"2019-06-18T07:00:53.000Z","AverageScore__c":6.67,"CreatedById":"0050o00000WkyGGAAZ","Birthday__c":"2011-03-21T00:00:00.000Z","Namel__c":"truong","CreatedDate":"2019-06-18T07:00:53.000Z","Id":"a0I0o000019bceWEAQ","LastModifiedById":"0050o00000WkyGGAAZ","State__c":"Passed","Namef__c":"vy 1"}]|0x54d6f8fa
14:00:53.4 (387694975)|SYSTEM_MODE_ENTER|false
14:00:53.4 (387708579)|HEAP_ALLOCATE|[65]|Bytes:5
14:00:53.4 (387720504)|STATEMENT_EXECUTE|[64]
14:00:53.4 (387723463)|STATEMENT_EXECUTE|[65]
14:00:53.4 (387727098)|STATEMENT_EXECUTE|[66]
14:00:53.4 (387729240)|STATEMENT_EXECUTE|[67]
14:00:53.4 (387734660)|HEAP_ALLOCATE|[67]|Bytes:10
14:00:53.4 (387782263)|USER_DEBUG|[67]|DEBUG|delete run
14:00:53.4 (387803465)|STATEMENT_EXECUTE|[68]
14:00:53.4 (387809430)|HEAP_ALLOCATE|[68]|Bytes:6
14:00:53.4 (387828276)|METHOD_ENTRY|[68]|01p0o00000GMOB6|TriggerHandle.executeNOStudentsUpdate(List<Student__c>, String)
14:00:53.4 (387853530)|VARIABLE_SCOPE_BEGIN|[192]|this|TriggerHandle|true|false
14:00:53.4 (387884515)|VARIABLE_ASSIGNMENT|[192]|this|{}|0xd621f04
14:00:53.4 (387895735)|VARIABLE_SCOPE_BEGIN|[192]|studentList|List<Student__c>|true|false
14:00:53.4 (388420957)|VARIABLE_ASSIGNMENT|[192]|studentList|[{"LastModifiedDate":"2019-06-18T07:00:53.000Z","StudentId__c":"HS100151","IsDeleted":false,"Score1__c":4.00,"Score2__c":7.00,"Gender__c":true,"Score3__c":9.00,"Class__c":"a0H0o00000fKyHpEAK","Name":"truong vy 1","SystemModstamp":"2019-06-18T07:00:53.000Z","AverageScore__c":6.67,"CreatedById":"0050o00000WkyGGAAZ","Birthday__c":"2011-03-21T00:00:00.000Z","Namel__c":"truong","CreatedDate":"2019-06-18T07:00:53.000Z","Id":"a0I0o000019bceWEAQ","LastModifiedById":"0050o00000WkyGGAAZ","State__c":"Passed","Namef__c":"vy 1"}]|0x54d6f8fa
14:00:53.4 (388449348)|VARIABLE_SCOPE_BEGIN|[192]|action|String|false|false
14:00:53.4 (388467231)|VARIABLE_ASSIGNMENT|[192]|action|"delete"
14:00:53.4 (388493176)|HEAP_ALLOCATE|[194]|Bytes:5
14:00:53.4 (388504165)|STATEMENT_EXECUTE|[193]
14:00:53.4 (388507209)|STATEMENT_EXECUTE|[194]
14:00:53.4 (388527456)|HEAP_ALLOCATE|[194]|Bytes:4
14:00:53.4 (388543250)|VARIABLE_SCOPE_BEGIN|[194]|classIDMap|Map<Id,Integer>|true|false
14:00:53.4 (388574730)|VARIABLE_ASSIGNMENT|[194]|classIDMap|{}|0x650f7d22
14:00:53.4 (388616572)|HEAP_ALLOCATE|[197]|Bytes:5
14:00:53.4 (388648104)|VARIABLE_SCOPE_BEGIN|[197]|s|Student__c|true|false
14:00:53.4 (389164630)|VARIABLE_ASSIGNMENT|[197]|s|{"LastModifiedDate":"2019-06-18T07:00:53.000Z","StudentId__c":"HS100151","IsDeleted":false,"Score1__c":4.00,"Score2__c":7.00,"Gender__c":true,"Score3__c":9.00,"Class__c":"a0H0o00000fKyHpEAK","Name":"truong vy 1","SystemModstamp":"2019-06-18T07:00:53.000Z","AverageScore__c":6.67,"CreatedById":"0050o00000WkyGGAAZ","Birthday__c":"2011-03-21T00:00:00.000Z","Namel__c":"truong","CreatedDate":"2019-06-18T07:00:53.000Z","Id":"a0I0o000019bceWEAQ","LastModifiedById":"0050o00000WkyGGAAZ","State__c":"Passed","Namef__c":"vy 1"}|0x1e5a4802
14:00:53.4 (389192273)|STATEMENT_EXECUTE|[198]
14:00:53.4 (389224622)|STATEMENT_EXECUTE|[204]
14:00:53.4 (389227550)|STATEMENT_EXECUTE|[205]
14:00:53.4 (389241729)|HEAP_ALLOCATE|[205]|Bytes:4
14:00:53.4 (389256098)|HEAP_ALLOCATE|[EXTERNAL]|Bytes:-4
14:00:53.4 (389281280)|HEAP_ALLOCATE|[197]|Bytes:5
14:00:53.4 (389302260)|VARIABLE_ASSIGNMENT|[197]|s|null|
14:00:53.4 (389313244)|STATEMENT_EXECUTE|[208]
14:00:53.4 (389330055)|HEAP_ALLOCATE|[208]|Bytes:4
14:00:53.4 (389655284)|SOQL_EXECUTE_BEGIN|[208]|Aggregations:0|SELECT id, NumberOfStudents__c FROM Class__c
14:00:53.4 (393313626)|SOQL_EXECUTE_END|[208]|Rows:4
14:00:53.4 (393355438)|HEAP_ALLOCATE|[208]|Bytes:20
14:00:53.4 (393385838)|HEAP_ALLOCATE|[208]|Bytes:352
14:00:53.4 (393438183)|HEAP_ALLOCATE|[208]|Bytes:20
14:00:53.4 (393459596)|VARIABLE_SCOPE_BEGIN|[208]|classList|List<Class__c>|true|false
14:00:53.4 (393503478)|VARIABLE_ASSIGNMENT|[208]|classList|[{"Id":"a0H0o00000fKyHmEAK","NumberOfStudents__c":0},{"Id":"a0H0o00000fKyHnEAK","NumberOfStudents__c":0},{"Id":"a0H0o00000fKyHoEAK","NumberOfStudents__c":0},{"Id":"a0H0o00000fKyHpEAK","NumberOfStudents__c":5}]|0x7ac1ebfe
14:00:53.4 (393517385)|STATEMENT_EXECUTE|[209]
14:00:53.4 (393540876)|HEAP_ALLOCATE|[209]|Bytes:12
14:00:53.4 (393580051)|HEAP_ALLOCATE|[209]|Bytes:28
14:00:53.4 (393598972)|USER_DEBUG|[209]|DEBUG|0
14:00:53.4 (393630125)|HEAP_ALLOCATE|[211]|Bytes:5
14:00:53.4 (393645944)|HEAP_ALLOCATE|[211]|Bytes:12
14:00:53.4 (393656035)|VARIABLE_SCOPE_BEGIN|[211]|c|Class__c|true|false
14:00:53.4 (393673817)|VARIABLE_ASSIGNMENT|[211]|c|{"Id":"a0H0o00000fKyHmEAK","NumberOfStudents__c":0}|0x644291f1
14:00:53.4 (393682253)|STATEMENT_EXECUTE|[212]
14:00:53.4 (393703085)|STATEMENT_EXECUTE|[213]
14:00:53.4 (393710991)|HEAP_ALLOCATE|[211]|Bytes:5
14:00:53.4 (393721852)|HEAP_ALLOCATE|[211]|Bytes:12
14:00:53.4 (393727751)|VARIABLE_SCOPE_BEGIN|[211]|c|Class__c|true|false
14:00:53.4 (393744876)|VARIABLE_ASSIGNMENT|[211]|c|{"Id":"a0H0o00000fKyHnEAK","NumberOfStudents__c":0}|0x71b4803a
14:00:53.4 (393753210)|STATEMENT_EXECUTE|[212]
14:00:53.4 (393779890)|STATEMENT_EXECUTE|[213]
14:00:53.4 (393787024)|HEAP_ALLOCATE|[211]|Bytes:5
14:00:53.4 (393798191)|HEAP_ALLOCATE|[211]|Bytes:12
14:00:53.4 (393803325)|VARIABLE_SCOPE_BEGIN|[211]|c|Class__c|true|false
14:00:53.4 (393820094)|VARIABLE_ASSIGNMENT|[211]|c|{"Id":"a0H0o00000fKyHoEAK","NumberOfStudents__c":0}|0x2dca5ab5
14:00:53.4 (393828388)|STATEMENT_EXECUTE|[212]
14:00:53.4 (393838268)|STATEMENT_EXECUTE|[213]
14:00:53.4 (393845607)|HEAP_ALLOCATE|[211]|Bytes:5
14:00:53.4 (393853962)|HEAP_ALLOCATE|[211]|Bytes:12
14:00:53.4 (393860334)|VARIABLE_SCOPE_BEGIN|[211]|c|Class__c|true|false
14:00:53.4 (393874717)|VARIABLE_ASSIGNMENT|[211]|c|{"Id":"a0H0o00000fKyHpEAK","NumberOfStudents__c":5}|0x53a749a
14:00:53.4 (393882798)|STATEMENT_EXECUTE|[212]
14:00:53.4 (393893202)|STATEMENT_EXECUTE|[214]
14:00:53.4 (393923947)|STATEMENT_EXECUTE|[222]
14:00:53.4 (393925998)|STATEMENT_EXECUTE|[223]
14:00:53.4 (393929778)|HEAP_ALLOCATE|[223]|Bytes:13
14:00:53.4 (393974003)|USER_DEBUG|[223]|DEBUG|delete succed
14:00:53.4 (393984186)|STATEMENT_EXECUTE|[224]
14:00:53.4 (394031542)|HEAP_ALLOCATE|[224]|Bytes:28
14:00:53.4 (394037071)|HEAP_ALLOCATE|[224]|Bytes:28
14:00:53.4 (394069399)|HEAP_ALLOCATE|[224]|Bytes:28
14:00:53.4 (394073762)|HEAP_ALLOCATE|[224]|Bytes:28
14:00:53.4 (394177007)|VARIABLE_ASSIGNMENT|[224]|this.NumberOfStudents__c|4|0x53a749a
14:00:53.4 (394185052)|STATEMENT_EXECUTE|[227]
14:00:53.4 (394229161)|HEAP_ALLOCATE|[227]|Bytes:8
14:00:53.4 (394244220)|DML_BEGIN|[227]|Op:Update|Type:Class__c|Rows:1
14:00:53.4 (394293414)|HEAP_ALLOCATE|[EXTERNAL]|Bytes:8
14:00:53.4 (416358305)|DML_END|[227]
14:00:53.4 (416397273)|STATEMENT_EXECUTE|[229]
14:00:53.4 (416480782)|HEAP_ALLOCATE|[211]|Bytes:5
14:00:53.4 (416522128)|VARIABLE_ASSIGNMENT|[211]|c|null|
14:00:53.4 (416549599)|METHOD_EXIT|[68]|01p0o00000GMOB6|TriggerHandle.executeNOStudentsUpdate(List<Student__c>, String)
14:00:53.4 (416564360)|STATEMENT_EXECUTE|[69]
14:00:53.4 (416581462)|METHOD_ENTRY|[69]|01p0o00000GMOB6|TriggerHandle.executeNOFAPStudentsUpdate(List<Student__c>, String)
14:00:53.4 (416621543)|VARIABLE_SCOPE_BEGIN|[119]|this|TriggerHandle|true|false
14:00:53.4 (416662940)|VARIABLE_ASSIGNMENT|[119]|this|{}|0xd621f04
14:00:53.4 (416675957)|VARIABLE_SCOPE_BEGIN|[119]|studentList|List<Student__c>|true|false
14:00:53.4 (417274386)|VARIABLE_ASSIGNMENT|[119]|studentList|[{"LastModifiedDate":"2019-06-18T07:00:53.000Z","StudentId__c":"HS100151","IsDeleted":false,"Score1__c":4.00,"Score2__c":7.00,"Gender__c":true,"Score3__c":9.00,"Class__c":"a0H0o00000fKyHpEAK","Name":"truong vy 1","SystemModstamp":"2019-06-18T07:00:53.000Z","AverageScore__c":6.67,"CreatedById":"0050o00000WkyGGAAZ","Birthday__c":"2011-03-21T00:00:00.000Z","Namel__c":"truong","CreatedDate":"2019-06-18T07:00:53.000Z","Id":"a0I0o000019bceWEAQ","LastModifiedById":"0050o00000WkyGGAAZ","State__c":"Passed","Namef__c":"vy 1"}]|0x54d6f8fa
14:00:53.4 (417303991)|VARIABLE_SCOPE_BEGIN|[119]|action|String|false|false
14:00:53.4 (417322958)|VARIABLE_ASSIGNMENT|[119]|action|"delete"
14:00:53.4 (417351807)|HEAP_ALLOCATE|[121]|Bytes:5
14:00:53.4 (417362020)|STATEMENT_EXECUTE|[120]
14:00:53.4 (417364457)|STATEMENT_EXECUTE|[121]
14:00:53.4 (417382563)|HEAP_ALLOCATE|[121]|Bytes:4
14:00:53.4 (417398783)|VARIABLE_SCOPE_BEGIN|[121]|classIDMapWithPassedStudents|Map<Id,Integer>|true|false
14:00:53.4 (417428461)|VARIABLE_ASSIGNMENT|[121]|classIDMapWithPassedStudents|{}|0x2d30f2bf
14:00:53.4 (417442853)|STATEMENT_EXECUTE|[122]
14:00:53.4 (417455619)|HEAP_ALLOCATE|[122]|Bytes:4
14:00:53.4 (417466338)|VARIABLE_SCOPE_BEGIN|[122]|classIDMapWithFaliedStudents|Map<Id,Integer>|true|false
14:00:53.4 (417507186)|VARIABLE_ASSIGNMENT|[122]|classIDMapWithFaliedStudents|{}|0x6fd1a65f
14:00:53.4 (417548749)|HEAP_ALLOCATE|[125]|Bytes:5
14:00:53.4 (417575882)|VARIABLE_SCOPE_BEGIN|[125]|s|Student__c|true|false
14:00:53.4 (418105562)|VARIABLE_ASSIGNMENT|[125]|s|{"LastModifiedDate":"2019-06-18T07:00:53.000Z","StudentId__c":"HS100151","IsDeleted":false,"Score1__c":4.00,"Score2__c":7.00,"Gender__c":true,"Score3__c":9.00,"Class__c":"a0H0o00000fKyHpEAK","Name":"truong vy 1","SystemModstamp":"2019-06-18T07:00:53.000Z","AverageScore__c":6.67,"CreatedById":"0050o00000WkyGGAAZ","Birthday__c":"2011-03-21T00:00:00.000Z","Namel__c":"truong","CreatedDate":"2019-06-18T07:00:53.000Z","Id":"a0I0o000019bceWEAQ","LastModifiedById":"0050o00000WkyGGAAZ","State__c":"Passed","Namef__c":"vy 1"}|0x1e5a4802
14:00:53.4 (418132544)|STATEMENT_EXECUTE|[126]
14:00:53.4 (418179288)|STATEMENT_EXECUTE|[129]
14:00:53.4 (418201629)|STATEMENT_EXECUTE|[135]
14:00:53.4 (418204106)|STATEMENT_EXECUTE|[136]
14:00:53.4 (418214319)|HEAP_ALLOCATE|[136]|Bytes:4
14:00:53.4 (418227792)|HEAP_ALLOCATE|[EXTERNAL]|Bytes:-4
14:00:53.4 (418250213)|HEAP_ALLOCATE|[125]|Bytes:5
14:00:53.4 (418271386)|VARIABLE_ASSIGNMENT|[125]|s|null|
14:00:53.4 (418282053)|STATEMENT_EXECUTE|[152]
14:00:53.4 (418299351)|HEAP_ALLOCATE|[152]|Bytes:4
14:00:53.4 (418730946)|SOQL_EXECUTE_BEGIN|[152]|Aggregations:0|SELECT id, NumberOfFailedStudents__c, NumberOfPassedStudents__c FROM Class__c
14:00:53.4 (422572899)|SOQL_EXECUTE_END|[152]|Rows:4
14:00:53.4 (422620534)|HEAP_ALLOCATE|[152]|Bytes:20
14:00:53.4 (422660758)|HEAP_ALLOCATE|[152]|Bytes:636
14:00:53.4 (422703272)|HEAP_ALLOCATE|[152]|Bytes:20
14:00:53.4 (422733273)|VARIABLE_SCOPE_BEGIN|[152]|classList|List<Class__c>|true|false
14:00:53.4 (422810482)|VARIABLE_ASSIGNMENT|[152]|classList|[{"Id":"a0H0o00000fKyHmEAK","NumberOfFailedStudents__c":0,"NumberOfPassedStudents__c":0},{"Id":"a0H0o00000fKyHnEAK","NumberOfFailedStudents__c":0,"NumberOfPassedStudents__c":0},{"Id":"a0H0o00000fKyHoEAK","NumberOfFailedStudents__c":0,"NumberOfPassedStudents__c":0},{"Id":"a0H0o00000fKyHpEAK","NumberOfFailedStudents__c":2,"NumberOfPassedStudents__c":3}]|0x5410fc4e
14:00:53.4 (422865850)|HEAP_ALLOCATE|[154]|Bytes:5
14:00:53.4 (422890515)|HEAP_ALLOCATE|[154]|Bytes:16
14:00:53.4 (422904776)|VARIABLE_SCOPE_BEGIN|[154]|c|Class__c|true|false
14:00:53.4 (422934076)|VARIABLE_ASSIGNMENT|[154]|c|{"Id":"a0H0o00000fKyHmEAK","NumberOfFailedStudents__c":0,"NumberOfPassedStudents__c":0}|0x5fca8ae0
14:00:53.4 (422954516)|STATEMENT_EXECUTE|[155]
14:00:53.4 (422987453)|STATEMENT_EXECUTE|[157]
14:00:53.4 (423001285)|STATEMENT_EXECUTE|[173]
14:00:53.4 (423015469)|HEAP_ALLOCATE|[154]|Bytes:5
14:00:53.4 (423033983)|HEAP_ALLOCATE|[154]|Bytes:16
14:00:53.4 (423043348)|VARIABLE_SCOPE_BEGIN|[154]|c|Class__c|true|false
14:00:53.4 (423070968)|VARIABLE_ASSIGNMENT|[154]|c|{"Id":"a0H0o00000fKyHnEAK","NumberOfFailedStudents__c":0,"NumberOfPassedStudents__c":0}|0x3cce1c72
14:00:53.4 (423083398)|STATEMENT_EXECUTE|[155]
14:00:53.4 (423099931)|STATEMENT_EXECUTE|[157]
14:00:53.4 (423112718)|STATEMENT_EXECUTE|[173]
14:00:53.4 (423123264)|HEAP_ALLOCATE|[154]|Bytes:5
14:00:53.4 (423140278)|HEAP_ALLOCATE|[154]|Bytes:16
14:00:53.4 (423152091)|VARIABLE_SCOPE_BEGIN|[154]|c|Class__c|true|false
14:00:53.4 (423176739)|VARIABLE_ASSIGNMENT|[154]|c|{"Id":"a0H0o00000fKyHoEAK","NumberOfFailedStudents__c":0,"NumberOfPassedStudents__c":0}|0x5abb55d8
14:00:53.4 (423192034)|STATEMENT_EXECUTE|[155]
14:00:53.4 (423209266)|STATEMENT_EXECUTE|[157]
14:00:53.4 (423221069)|STATEMENT_EXECUTE|[173]
14:00:53.4 (423233479)|HEAP_ALLOCATE|[154]|Bytes:5
14:00:53.4 (423249599)|HEAP_ALLOCATE|[154]|Bytes:16
14:00:53.4 (423258995)|VARIABLE_SCOPE_BEGIN|[154]|c|Class__c|true|false
14:00:53.4 (423285518)|VARIABLE_ASSIGNMENT|[154]|c|{"Id":"a0H0o00000fKyHpEAK","NumberOfFailedStudents__c":2,"NumberOfPassedStudents__c":3}|0x73e78f64
14:00:53.4 (423297548)|STATEMENT_EXECUTE|[155]
14:00:53.4 (423313142)|STATEMENT_EXECUTE|[157]
14:00:53.4 (423326529)|STATEMENT_EXECUTE|[174]
14:00:53.4 (423362273)|STATEMENT_EXECUTE|[182]
14:00:53.4 (423365254)|STATEMENT_EXECUTE|[183]
14:00:53.4 (423439800)|HEAP_ALLOCATE|[183]|Bytes:28
14:00:53.4 (423450018)|HEAP_ALLOCATE|[183]|Bytes:28
14:00:53.4 (423504063)|HEAP_ALLOCATE|[183]|Bytes:28
14:00:53.4 (423512598)|HEAP_ALLOCATE|[183]|Bytes:28
14:00:53.4 (423675148)|VARIABLE_ASSIGNMENT|[183]|this.NumberOfPassedStudents__c|2|0x73e78f64
14:00:53.4 (423688926)|STATEMENT_EXECUTE|[185]
14:00:53.4 (423755201)|HEAP_ALLOCATE|[185]|Bytes:8
14:00:53.4 (423777786)|DML_BEGIN|[185]|Op:Update|Type:Class__c|Rows:1
14:00:53.4 (423862779)|HEAP_ALLOCATE|[EXTERNAL]|Bytes:8
14:00:53.4 (439892745)|DML_END|[185]
14:00:53.4 (439929222)|STATEMENT_EXECUTE|[186]
14:00:53.4 (440009979)|HEAP_ALLOCATE|[154]|Bytes:5
14:00:53.4 (440047731)|VARIABLE_ASSIGNMENT|[154]|c|null|
14:00:53.4 (440072364)|METHOD_EXIT|[69]|01p0o00000GMOB6|TriggerHandle.executeNOFAPStudentsUpdate(List<Student__c>, String)
14:00:53.4 (440084449)|SYSTEM_MODE_EXIT|false
14:00:53.4 (440097001)|METHOD_EXIT|[24]|01p0o00000GMOB6|TriggerHandle.onAfterDelete(List<Student__c>)
14:00:53.440 (440113461)|CUMULATIVE_LIMIT_USAGE
14:00:53.440 (440113461)|LIMIT_USAGE_FOR_NS|(default)|
  Number of SOQL queries: 3 out of 100
  Number of query rows: 9 out of 50000
  Number of SOSL queries: 0 out of 20
  Number of DML statements: 6 out of 150
  Number of DML rows: 13 out of 10000
  Maximum CPU time: 0 out of 10000
  Maximum heap size: 0 out of 6000000
  Number of callouts: 0 out of 100
  Number of Email Invocations: 0 out of 10
  Number of future calls: 0 out of 50
  Number of queueable jobs added to the queue: 0 out of 50
  Number of Mobile Apex push calls: 0 out of 10

14:00:53.440 (440113461)|TESTING_LIMITS
14:00:53.440 (440113461)|LIMIT_USAGE_FOR_NS|(default)|
  Number of SOQL queries: 3 out of 100
  Number of query rows: 13 out of 50000
  Number of SOSL queries: 0 out of 20
  Number of DML statements: 3 out of 150
  Number of DML rows: 3 out of 10000
  Maximum CPU time: 0 out of 10000
  Maximum heap size: 0 out of 6000000
  Number of callouts: 0 out of 100
  Number of Email Invocations: 0 out of 10
  Number of future calls: 0 out of 50
  Number of queueable jobs added to the queue: 0 out of 50
  Number of Mobile Apex push calls: 0 out of 10

14:00:53.440 (440113461)|CUMULATIVE_LIMIT_USAGE_END

14:00:53.4 (441535061)|CODE_UNIT_FINISHED|triggerStudent on Student trigger event AfterDelete|__sfdc_trigger/triggerStudent
14:00:53.4 (442569966)|DML_END|[79]
14:00:53.4 (442598815)|STATEMENT_EXECUTE|[80]
14:00:53.4 (442621135)|VARIABLE_ASSIGNMENT|[75]|s|null|
14:00:53.4 (442633333)|STATEMENT_EXECUTE|[83]
14:00:53.4 (442644520)|HEAP_ALLOCATE|[83]|Bytes:131
14:00:53.4 (442675645)|HEAP_ALLOCATE|[83]|Bytes:4
14:00:53.4 (443087654)|SOQL_EXECUTE_BEGIN|[83]|Aggregations:0|SELECT id, NumberOfStudents__c, NumberOfPassedStudents__c, NumberOfFailedStudents__c FROM Class__c WHERE className__c = 'Chemistry'
14:00:53.4 (448743655)|SOQL_EXECUTE_END|[83]|Rows:1
14:00:53.4 (448785001)|HEAP_ALLOCATE|[83]|Bytes:8
14:00:53.4 (448810441)|HEAP_ALLOCATE|[83]|Bytes:218
14:00:53.4 (448850061)|HEAP_ALLOCATE|[83]|Bytes:8
14:00:53.4 (448885452)|HEAP_ALLOCATE|[83]|Bytes:20
14:00:53.4 (448898077)|VARIABLE_SCOPE_BEGIN|[83]|classChemistry|Class__c|true|false
14:00:53.4 (448937314)|VARIABLE_ASSIGNMENT|[83]|classChemistry|{"Id":"a0H0o00000fKyHpEAK","NumberOfStudents__c":4,"NumberOfPassedStudents__c":2,"NumberOfFailedStudents__c":2}|0x40b62b6d
14:00:53.4 (448955126)|STATEMENT_EXECUTE|[90]
14:00:53.4 (449074923)|STATEMENT_EXECUTE|[91]
14:00:53.4 (449114894)|STATEMENT_EXECUTE|[92]
14:00:53.4 (449144743)|STATEMENT_EXECUTE|[95]
14:00:53.4 (449164821)|METHOD_ENTRY|[95]||System.Test.stopTest()
14:00:53.4 (450235242)|METHOD_EXIT|[95]||System.Test.stopTest()
14:00:53.450 (450254883)|CUMULATIVE_LIMIT_USAGE
14:00:53.450 (450254883)|LIMIT_USAGE_FOR_NS|(default)|
  Number of SOQL queries: 3 out of 100
  Number of query rows: 9 out of 50000
  Number of SOSL queries: 0 out of 20
  Number of DML statements: 6 out of 150
  Number of DML rows: 13 out of 10000
  Maximum CPU time: 0 out of 10000
  Maximum heap size: 0 out of 6000000
  Number of callouts: 0 out of 100
  Number of Email Invocations: 0 out of 10
  Number of future calls: 0 out of 50
  Number of queueable jobs added to the queue: 0 out of 50
  Number of Mobile Apex push calls: 0 out of 10

14:00:53.450 (450254883)|TESTING_LIMITS
14:00:53.450 (450254883)|LIMIT_USAGE_FOR_NS|(default)|
  Number of SOQL queries: 4 out of 100
  Number of query rows: 14 out of 50000
  Number of SOSL queries: 0 out of 20
  Number of DML statements: 3 out of 150
  Number of DML rows: 3 out of 10000
  Maximum CPU time: 0 out of 10000
  Maximum heap size: 0 out of 6000000
  Number of callouts: 0 out of 100
  Number of Email Invocations: 0 out of 10
  Number of future calls: 0 out of 50
  Number of queueable jobs added to the queue: 0 out of 50
  Number of Mobile Apex push calls: 0 out of 10

14:00:53.450 (450254883)|CUMULATIVE_LIMIT_USAGE_END

14:00:53.4 (450323506)|CODE_UNIT_FINISHED|TriggerStudentTest.TestTriggerHandle()
14:00:53.4 (451223360)|EXECUTION_FINISHED
