36.0 APEX_CODE,FINEST;APEX_PROFILING,INFO;CALLOUT,INFO;DB,INFO;NBA,INFO;SYSTEM,DEBUG;VALIDATION,INFO;VISUALFORCE,INFO;WAVE,INFO;WORKFLOW,INFO
00:08:42.0 (97365)|USER_INFO|[EXTERNAL]|0050o00000WkyGG|ttvy@keizu.co.jp|Pacific Standard Time|GMT-07:00
00:08:42.0 (133554)|EXECUTION_STARTED
00:08:42.0 (148405)|CODE_UNIT_STARTED|[EXTERNAL]|0660o000008sbCc|VF: /apex/AddNewStudent
00:08:42.5 (5453160)|SYSTEM_MODE_ENTER|true
00:08:42.6 (6116814)|SYSTEM_MODE_ENTER|true
00:08:42.6 (6216444)|HEAP_ALLOCATE|[EXTERNAL]|Bytes:8
00:08:42.6 (6230694)|VARIABLE_SCOPE_BEGIN|[88]|this|ApexPage.PageMessagesComponentController|true|false
00:08:42.6 (6283862)|VARIABLE_ASSIGNMENT|[88]|this|{}|0x511a1daa
00:08:42.6 (6295663)|VARIABLE_SCOPE_BEGIN|[88]|escape|Boolean|false|false
00:08:42.6 (6310210)|VARIABLE_ASSIGNMENT|[88]|escape|null
00:08:42.6 (6538380)|SYSTEM_MODE_ENTER|true
00:08:42.6 (6596210)|HEAP_ALLOCATE|[EXTERNAL]|Bytes:8
00:08:42.6 (6607915)|VARIABLE_SCOPE_BEGIN|[2]|this|ApexPage.PageMessagesComponentController|true|false
00:08:42.6 (6638369)|VARIABLE_ASSIGNMENT|[2]|this|{}|0x511a1daa
00:08:42.0 (8595625)|SYSTEM_MODE_ENTER|true
00:08:42.0 (8861425)|HEAP_ALLOCATE|[EXTERNAL]|Bytes:19
00:08:42.0 (8876048)|HEAP_ALLOCATE|[EXTERNAL]|Bytes:376
00:08:42.0 (8883185)|HEAP_ALLOCATE|[EXTERNAL]|Bytes:63
00:08:42.0 (8888909)|HEAP_ALLOCATE|[EXTERNAL]|Bytes:10
00:08:42.0 (8899736)|METHOD_ENTRY|[1]|01p0o00000GLKhZ|Controller.Controller()
00:08:42.0 (8907645)|STATEMENT_EXECUTE|[1]
00:08:42.0 (8913565)|STATEMENT_EXECUTE|[1]
00:08:42.0 (8924330)|SYSTEM_MODE_ENTER|false
00:08:42.0 (8935932)|HEAP_ALLOCATE|[EXTERNAL]|Bytes:5
00:08:42.0 (8940885)|STATEMENT_EXECUTE|[18]
00:08:42.0 (8942747)|STATEMENT_EXECUTE|[37]
00:08:42.0 (8949122)|SYSTEM_MODE_EXIT|false
00:08:42.0 (8959107)|METHOD_EXIT|[1]|Controller
00:08:42.0 (8970871)|HEAP_ALLOCATE|[EXTERNAL]|Bytes:64
00:08:42.0 (8978576)|VARIABLE_SCOPE_BEGIN|[1]|this|Controller|true|false
00:08:42.0 (9036398)|VARIABLE_ASSIGNMENT|[1]|this|{}|0x6099850a
00:08:42.0 (9050505)|SYSTEM_MODE_ENTER|false
00:08:42.0 (9056418)|HEAP_ALLOCATE|[EXTERNAL]|Bytes:5
00:08:42.0 (9080456)|SYSTEM_MODE_EXIT|false
00:08:42.0 (9085914)|STATEMENT_EXECUTE|[1]
00:08:42.0 (9089089)|SYSTEM_MODE_ENTER|false
00:08:42.0 (9093646)|HEAP_ALLOCATE|[EXTERNAL]|Bytes:5
00:08:42.0 (9097739)|STATEMENT_EXECUTE|[2]
00:08:42.0 (9100014)|STATEMENT_EXECUTE|[3]
00:08:42.0 (9101405)|STATEMENT_EXECUTE|[4]
00:08:42.0 (9102756)|STATEMENT_EXECUTE|[5]
00:08:42.0 (9104111)|STATEMENT_EXECUTE|[6]
00:08:42.0 (9105528)|STATEMENT_EXECUTE|[7]
00:08:42.0 (9106941)|STATEMENT_EXECUTE|[8]
00:08:42.0 (9108616)|STATEMENT_EXECUTE|[9]
00:08:42.0 (9109973)|STATEMENT_EXECUTE|[10]
00:08:42.0 (9111467)|STATEMENT_EXECUTE|[11]
00:08:42.0 (9112961)|STATEMENT_EXECUTE|[12]
00:08:42.0 (9114677)|STATEMENT_EXECUTE|[13]
00:08:42.0 (9116114)|STATEMENT_EXECUTE|[14]
00:08:42.0 (9117562)|STATEMENT_EXECUTE|[15]
00:08:42.0 (9118929)|STATEMENT_EXECUTE|[16]
00:08:42.0 (9121134)|SYSTEM_MODE_EXIT|false
00:08:42.9 (9915493)|SYSTEM_MODE_ENTER|true
00:08:42.9 (9986579)|HEAP_ALLOCATE|[EXTERNAL]|Bytes:8
00:08:42.9 (9995286)|VARIABLE_SCOPE_BEGIN|[88]|this|ApexPage.PageMessagesComponentController|true|false
00:08:42.9 (10020290)|VARIABLE_ASSIGNMENT|[88]|this|{}|0x511a1daa
00:08:42.9 (10027251)|VARIABLE_SCOPE_BEGIN|[88]|escape|Boolean|false|false
00:08:42.9 (10036271)|VARIABLE_ASSIGNMENT|[88]|escape|null
00:08:42.10 (10146227)|SYSTEM_MODE_ENTER|true
00:08:42.10 (10183370)|HEAP_ALLOCATE|[EXTERNAL]|Bytes:8
00:08:42.10 (10190294)|VARIABLE_SCOPE_BEGIN|[2]|this|ApexPage.PageMessagesComponentController|true|false
00:08:42.10 (10209325)|VARIABLE_ASSIGNMENT|[2]|this|{}|0x511a1daa
00:08:42.0 (11179197)|SYSTEM_MODE_ENTER|true
00:08:42.0 (11304644)|SYSTEM_MODE_ENTER|true
00:08:42.0 (11387387)|SYSTEM_MODE_ENTER|true
00:08:42.0 (11482503)|SYSTEM_MODE_ENTER|true
00:08:42.0 (11582804)|SYSTEM_MODE_ENTER|true
00:08:42.0 (11645515)|SYSTEM_MODE_ENTER|true
00:08:42.0 (11705810)|SYSTEM_MODE_ENTER|true
00:08:42.0 (11797336)|SYSTEM_MODE_ENTER|true
00:08:42.0 (11844948)|HEAP_ALLOCATE|[EXTERNAL]|Bytes:64
00:08:42.0 (11856683)|VARIABLE_SCOPE_BEGIN|[56]|this|Controller|true|false
00:08:42.0 (11890701)|VARIABLE_ASSIGNMENT|[56]|this|{}|0x6099850a
00:08:42.0 (11907250)|SYSTEM_MODE_ENTER|false
00:08:42.0 (11915208)|HEAP_ALLOCATE|[57]|Bytes:5
00:08:42.0 (11920979)|STATEMENT_EXECUTE|[56]
00:08:42.0 (11922947)|STATEMENT_EXECUTE|[57]
00:08:42.0 (11940378)|HEAP_ALLOCATE|[57]|Bytes:4
00:08:42.0 (11977903)|VARIABLE_SCOPE_BEGIN|[57]|options|List<System.SelectOption>|true|false
00:08:42.0 (12004548)|HEAP_ALLOCATE|[EXTERNAL]|Bytes:4
00:08:42.0 (12017011)|VARIABLE_ASSIGNMENT|[57]|options|[]|0x5994d5c7
00:08:42.0 (12024096)|STATEMENT_EXECUTE|[58]
00:08:42.0 (12035488)|HEAP_ALLOCATE|[58]|Bytes:33
00:08:42.0 (12053917)|HEAP_ALLOCATE|[58]|Bytes:4
00:08:42.0 (12448941)|SOQL_EXECUTE_BEGIN|[58]|Aggregations:0|SELECT className__C FROM Class__c
00:08:42.0 (14990593)|SOQL_EXECUTE_END|[58]|Rows:2
00:08:42.0 (15024772)|HEAP_ALLOCATE|[58]|Bytes:12
00:08:42.0 (15049228)|HEAP_ALLOCATE|[58]|Bytes:101
00:08:42.0 (15154192)|HEAP_ALLOCATE|[58]|Bytes:12
00:08:42.0 (15176236)|VARIABLE_SCOPE_BEGIN|[58]|data|List<Class__c>|true|false
00:08:42.0 (15215469)|VARIABLE_ASSIGNMENT|[58]|data|[{"className__c":"Math","Id":"a0H0o00000fJQOvEAO"},{"className__c":"English","Id":"a0H0o00000fJQOwEAO"}]|0x79005a38
00:08:42.0 (15434916)|HEAP_ALLOCATE|[59]|Bytes:5
00:08:42.0 (15470752)|HEAP_ALLOCATE|[59]|Bytes:12
00:08:42.0 (15492112)|VARIABLE_SCOPE_BEGIN|[59]|c|Class__c|true|false
00:08:42.0 (15517727)|VARIABLE_ASSIGNMENT|[59]|c|{"className__c":"Math","Id":"a0H0o00000fJQOvEAO"}|0x712d08a8
00:08:42.0 (15529697)|STATEMENT_EXECUTE|[59]
00:08:42.0 (15532873)|STATEMENT_EXECUTE|[60]
00:08:42.0 (15547863)|HEAP_ALLOCATE|[60]|Bytes:12
00:08:42.0 (15662669)|HEAP_ALLOCATE|[60]|Bytes:4
00:08:42.0 (15724744)|HEAP_ALLOCATE|[60]|Bytes:4
00:08:42.0 (15856781)|HEAP_ALLOCATE|[EXTERNAL]|Bytes:4
00:08:42.0 (15901348)|HEAP_ALLOCATE|[59]|Bytes:5
00:08:42.0 (15921280)|HEAP_ALLOCATE|[59]|Bytes:12
00:08:42.0 (15933591)|VARIABLE_SCOPE_BEGIN|[59]|c|Class__c|true|false
00:08:42.0 (15959552)|VARIABLE_ASSIGNMENT|[59]|c|{"className__c":"English","Id":"a0H0o00000fJQOwEAO"}|0x2db82ffc
00:08:42.0 (15970239)|STATEMENT_EXECUTE|[59]
00:08:42.0 (15972750)|STATEMENT_EXECUTE|[60]
00:08:42.0 (16025785)|HEAP_ALLOCATE|[60]|Bytes:7
00:08:42.0 (16077989)|HEAP_ALLOCATE|[60]|Bytes:7
00:08:42.0 (16105905)|HEAP_ALLOCATE|[EXTERNAL]|Bytes:4
00:08:42.0 (16126432)|HEAP_ALLOCATE|[59]|Bytes:5
00:08:42.0 (16144060)|VARIABLE_ASSIGNMENT|[59]|c|null|
00:08:42.0 (16153294)|STATEMENT_EXECUTE|[63]
00:08:42.0 (16161521)|SYSTEM_MODE_EXIT|false
00:08:42.0 (16442556)|SYSTEM_MODE_ENTER|true
00:08:42.0 (18319093)|VF_SERIALIZE_VIEWSTATE_BEGIN|0660o000008sbCc
00:08:42.0 (21390906)|VF_SERIALIZE_VIEWSTATE_END
00:08:42.24 (24214825)|CUMULATIVE_LIMIT_USAGE
00:08:42.24 (24214825)|LIMIT_USAGE_FOR_NS|(default)|
  Number of SOQL queries: 1 out of 100
  Number of query rows: 2 out of 50000
  Number of SOSL queries: 0 out of 20
  Number of DML statements: 0 out of 150
  Number of DML rows: 0 out of 10000
  Maximum CPU time: 0 out of 10000
  Maximum heap size: 0 out of 6000000
  Number of callouts: 0 out of 100
  Number of Email Invocations: 0 out of 10
  Number of future calls: 0 out of 50
  Number of queueable jobs added to the queue: 0 out of 50
  Number of Mobile Apex push calls: 0 out of 10

00:08:42.24 (24214825)|CUMULATIVE_LIMIT_USAGE_END

00:08:42.0 (24282388)|CODE_UNIT_FINISHED|VF: /apex/AddNewStudent
00:08:42.0 (25199632)|EXECUTION_FINISHED
