36.0 APEX_CODE,FINEST;APEX_PROFILING,INFO;CALLOUT,INFO;DB,INFO;NBA,INFO;SYSTEM,DEBUG;VALIDATION,INFO;VISUALFORCE,INFO;WAVE,INFO;WORKFLOW,INFO
01:04:35.0 (400196)|USER_INFO|[EXTERNAL]|0050o00000WkyGG|ttvy@keizu.co.jp|Pacific Standard Time|GMT-07:00
01:04:35.0 (431374)|EXECUTION_STARTED
01:04:35.0 (436496)|CODE_UNIT_STARTED|[EXTERNAL]|0660o000008sEYc|VF: /apex/MainPage
01:04:35.0 (1053397)|VF_DESERIALIZE_VIEWSTATE_BEGIN|0660o000008sEYc
01:04:35.0 (8422709)|HEAP_ALLOCATE|[72]|Bytes:3
01:04:35.0 (8466850)|HEAP_ALLOCATE|[77]|Bytes:152
01:04:35.0 (8480014)|HEAP_ALLOCATE|[342]|Bytes:408
01:04:35.0 (8491230)|HEAP_ALLOCATE|[355]|Bytes:408
01:04:35.0 (8501007)|HEAP_ALLOCATE|[467]|Bytes:48
01:04:35.0 (8525965)|HEAP_ALLOCATE|[139]|Bytes:6
01:04:35.0 (8551566)|HEAP_ALLOCATE|[50]|Bytes:5
01:04:35.0 (8592117)|HEAP_ALLOCATE|[56]|Bytes:5
01:04:35.0 (8600951)|HEAP_ALLOCATE|[64]|Bytes:7
01:04:35.0 (13512297)|VF_DESERIALIZE_VIEWSTATE_END
01:04:35.0 (14594578)|SYSTEM_MODE_ENTER|true
01:04:35.0 (14649392)|HEAP_ALLOCATE|[EXTERNAL]|Bytes:19
01:04:35.0 (14665740)|HEAP_ALLOCATE|[EXTERNAL]|Bytes:280
01:04:35.0 (14672791)|HEAP_ALLOCATE|[EXTERNAL]|Bytes:59
01:04:35.0 (14678672)|HEAP_ALLOCATE|[EXTERNAL]|Bytes:10
01:04:35.0 (14696098)|METHOD_ENTRY|[1]|01p0o00000GLKhZ|Controller.Controller()
01:04:35.0 (14705045)|STATEMENT_EXECUTE|[1]
01:04:35.0 (14712762)|STATEMENT_EXECUTE|[1]
01:04:35.0 (14725491)|SYSTEM_MODE_ENTER|false
01:04:35.0 (14748012)|HEAP_ALLOCATE|[EXTERNAL]|Bytes:5
01:04:35.0 (14755290)|STATEMENT_EXECUTE|[17]
01:04:35.0 (14758431)|STATEMENT_EXECUTE|[33]
01:04:35.0 (14766693)|SYSTEM_MODE_EXIT|false
01:04:35.0 (14781300)|METHOD_EXIT|[1]|Controller
01:04:35.0 (14861143)|HEAP_ALLOCATE|[EXTERNAL]|Bytes:188
01:04:35.0 (14870950)|HEAP_ALLOCATE|[EXTERNAL]|Bytes:17
01:04:35.19 (19256573)|SYSTEM_MODE_ENTER|true
01:04:35.19 (19373435)|HEAP_ALLOCATE|[EXTERNAL]|Bytes:38
01:04:35.19 (19387693)|HEAP_ALLOCATE|[EXTERNAL]|Bytes:7
01:04:35.20 (20494326)|SYSTEM_MODE_ENTER|true
01:04:35.20 (20595021)|HEAP_ALLOCATE|[EXTERNAL]|Bytes:8
01:04:35.20 (20612389)|VARIABLE_SCOPE_BEGIN|[88]|this|ApexPage.PageMessagesComponentController|true|false
01:04:35.20 (20662627)|VARIABLE_ASSIGNMENT|[88]|this|{}|0x42273b15
01:04:35.20 (20674370)|VARIABLE_SCOPE_BEGIN|[88]|escape|Boolean|false|false
01:04:35.20 (20687529)|VARIABLE_ASSIGNMENT|[88]|escape|null
01:04:35.0 (20881836)|SYSTEM_MODE_ENTER|true
01:04:35.0 (21850618)|SYSTEM_MODE_ENTER|true
01:04:35.0 (22052831)|SYSTEM_MODE_ENTER|true
01:04:35.0 (22846079)|HEAP_ALLOCATE|[EXTERNAL]|Bytes:40
01:04:35.0 (22864313)|VARIABLE_SCOPE_BEGIN|[67]|this|Controller|true|false
01:04:35.0 (22966164)|VARIABLE_ASSIGNMENT|[67]|this|{"objKeySearch":"0x3acd9498","OutputList":"0x14dfbdef","student":"0x45a4962c","sumstudents":"Total Students : 2"}|0x36daee15
01:04:35.0 (22990729)|SYSTEM_MODE_ENTER|false
01:04:35.0 (23002147)|HEAP_ALLOCATE|[68]|Bytes:5
01:04:35.0 (23012054)|STATEMENT_EXECUTE|[67]
01:04:35.0 (23015100)|STATEMENT_EXECUTE|[68]
01:04:35.0 (23034900)|HEAP_ALLOCATE|[68]|Bytes:4
01:04:35.0 (23085813)|VARIABLE_SCOPE_BEGIN|[68]|options|List<System.SelectOption>|true|false
01:04:35.0 (23122189)|HEAP_ALLOCATE|[EXTERNAL]|Bytes:4
01:04:35.0 (23140459)|VARIABLE_ASSIGNMENT|[68]|options|[]|0x74d11939
01:04:35.0 (23149251)|STATEMENT_EXECUTE|[69]
01:04:35.0 (23156390)|HEAP_ALLOCATE|[69]|Bytes:33
01:04:35.0 (23191957)|HEAP_ALLOCATE|[69]|Bytes:4
01:04:35.0 (24439510)|SOQL_EXECUTE_BEGIN|[69]|Aggregations:0|SELECT className__C FROM Class__c
01:04:35.0 (27287832)|SOQL_EXECUTE_END|[69]|Rows:2
01:04:35.0 (27330136)|HEAP_ALLOCATE|[69]|Bytes:12
01:04:35.0 (27361490)|HEAP_ALLOCATE|[69]|Bytes:101
01:04:35.0 (27491099)|HEAP_ALLOCATE|[69]|Bytes:12
01:04:35.0 (27518315)|VARIABLE_SCOPE_BEGIN|[69]|data|List<Class__c>|true|false
01:04:35.0 (27573210)|VARIABLE_ASSIGNMENT|[69]|data|[{"className__c":"Math","Id":"a0H0o00000fJQOvEAO"},{"className__c":"English","Id":"a0H0o00000fJQOwEAO"}]|0x50fb2261
01:04:35.0 (27831674)|HEAP_ALLOCATE|[70]|Bytes:5
01:04:35.0 (27865986)|HEAP_ALLOCATE|[70]|Bytes:12
01:04:35.0 (27902349)|VARIABLE_SCOPE_BEGIN|[70]|c|Class__c|true|false
01:04:35.0 (27929117)|VARIABLE_ASSIGNMENT|[70]|c|{"className__c":"Math","Id":"a0H0o00000fJQOvEAO"}|0x5f93f73f
01:04:35.0 (27940686)|STATEMENT_EXECUTE|[70]
01:04:35.0 (27944012)|STATEMENT_EXECUTE|[71]
01:04:35.0 (27957855)|HEAP_ALLOCATE|[71]|Bytes:12
01:04:35.0 (28070185)|HEAP_ALLOCATE|[71]|Bytes:4
01:04:35.0 (28130171)|HEAP_ALLOCATE|[71]|Bytes:4
01:04:35.0 (28199481)|HEAP_ALLOCATE|[EXTERNAL]|Bytes:4
01:04:35.0 (28224155)|HEAP_ALLOCATE|[70]|Bytes:5
01:04:35.0 (28243423)|HEAP_ALLOCATE|[70]|Bytes:12
01:04:35.0 (28254508)|VARIABLE_SCOPE_BEGIN|[70]|c|Class__c|true|false
01:04:35.0 (28278454)|VARIABLE_ASSIGNMENT|[70]|c|{"className__c":"English","Id":"a0H0o00000fJQOwEAO"}|0x427d097d
01:04:35.0 (28289189)|STATEMENT_EXECUTE|[70]
01:04:35.0 (28291763)|STATEMENT_EXECUTE|[71]
01:04:35.0 (28340398)|HEAP_ALLOCATE|[71]|Bytes:7
01:04:35.0 (28390396)|HEAP_ALLOCATE|[71]|Bytes:7
01:04:35.0 (28419139)|HEAP_ALLOCATE|[EXTERNAL]|Bytes:4
01:04:35.0 (28439814)|HEAP_ALLOCATE|[70]|Bytes:5
01:04:35.0 (28458274)|VARIABLE_ASSIGNMENT|[70]|c|null|
01:04:35.0 (28467515)|STATEMENT_EXECUTE|[74]
01:04:35.0 (28475223)|SYSTEM_MODE_EXIT|false
01:04:35.0 (30066246)|HEAP_ALLOCATE|[EXTERNAL]|Bytes:120
01:04:35.0 (30083706)|HEAP_ALLOCATE|[EXTERNAL]|Bytes:11
01:04:35.0 (31512825)|HEAP_ALLOCATE|[EXTERNAL]|Bytes:5
01:04:35.0 (31531004)|HEAP_ALLOCATE|[EXTERNAL]|Bytes:24
01:04:35.0 (31553948)|VARIABLE_ASSIGNMENT|[EXTERNAL]|this.increasing|false|0x3acd9498
01:04:35.0 (31626699)|HEAP_ALLOCATE|[EXTERNAL]|Bytes:4
01:04:35.0 (31634542)|HEAP_ALLOCATE|[EXTERNAL]|Bytes:24
01:04:35.0 (31649164)|VARIABLE_ASSIGNMENT|[EXTERNAL]|this.className|"Math"|0x3acd9498
01:04:35.32 (32205829)|SYSTEM_MODE_ENTER|true
01:04:35.32 (32303560)|HEAP_ALLOCATE|[EXTERNAL]|Bytes:8
01:04:35.32 (32319589)|VARIABLE_SCOPE_BEGIN|[88]|this|ApexPage.PageMessagesComponentController|true|false
01:04:35.32 (32364502)|VARIABLE_ASSIGNMENT|[88]|this|{}|0x42273b15
01:04:35.32 (32376115)|VARIABLE_SCOPE_BEGIN|[88]|escape|Boolean|false|false
01:04:35.32 (32389272)|VARIABLE_ASSIGNMENT|[88]|escape|null
01:04:35.0 (32692890)|HEAP_ALLOCATE|[EXTERNAL]|Bytes:5
01:04:35.0 (32705805)|HEAP_ALLOCATE|[EXTERNAL]|Bytes:12
01:04:35.0 (32718776)|VARIABLE_ASSIGNMENT|[EXTERNAL]|this.isSelected|true|0x6fdbc3f2
01:04:35.0 (33083896)|HEAP_ALLOCATE|[EXTERNAL]|Bytes:5
01:04:35.0 (33094110)|HEAP_ALLOCATE|[EXTERNAL]|Bytes:12
01:04:35.0 (33107066)|VARIABLE_ASSIGNMENT|[EXTERNAL]|this.isSelected|true|0x7dee81bd
01:04:35.0 (33723354)|HEAP_ALLOCATE|[EXTERNAL]|Bytes:40
01:04:35.0 (33753373)|VARIABLE_SCOPE_BEGIN|[149]|this|Controller|true|false
01:04:35.0 (33864938)|VARIABLE_ASSIGNMENT|[149]|this|{"objKeySearch":"0x3acd9498","OutputList":"0x14dfbdef","student":"0x45a4962c","sumstudents":"Total Students : 2"}|0x36daee15
01:04:35.0 (33901940)|SYSTEM_MODE_ENTER|false
01:04:35.0 (33919740)|HEAP_ALLOCATE|[150]|Bytes:5
01:04:35.0 (33935335)|STATEMENT_EXECUTE|[149]
01:04:35.0 (33938916)|STATEMENT_EXECUTE|[150]
01:04:35.0 (33946531)|HEAP_ALLOCATE|[150]|Bytes:6
01:04:35.0 (34025213)|USER_DEBUG|[150]|DEBUG|delete
01:04:35.0 (34150853)|VARIABLE_ASSIGNMENT|[EXTERNAL]|this|{"objKeySearch":"0x3acd9498","OutputList":"0x14dfbdef","student":"0x45a4962c","sumstudents":"Total Students : 2"}|0x36daee15
01:04:35.0 (34457800)|HEAP_ALLOCATE|[151]|Bytes:5
01:04:35.0 (34478788)|HEAP_ALLOCATE|[151]|Bytes:12
01:04:35.0 (34490661)|VARIABLE_SCOPE_BEGIN|[151]|s|Controller.Output|true|false
01:04:35.0 (34527159)|VARIABLE_ASSIGNMENT|[151]|s|{"isSelected":true,"student":"0xbcde162"}|0x6fdbc3f2
01:04:35.0 (34539212)|STATEMENT_EXECUTE|[151]
01:04:35.0 (34542106)|STATEMENT_EXECUTE|[152]
01:04:35.0 (34589587)|VARIABLE_ASSIGNMENT|[EXTERNAL]|this|{"isSelected":true,"student":"0xbcde162"}|0x6fdbc3f2
01:04:35.0 (34646893)|HEAP_ALLOCATE|[152]|Bytes:4
01:04:35.0 (34667889)|HEAP_ALLOCATE|[152]|Bytes:16
01:04:35.0 (34681782)|HEAP_ALLOCATE|[152]|Bytes:20
01:04:35.0 (34698350)|USER_DEBUG|[152]|DEBUG|true result selected
01:04:35.0 (34744791)|VARIABLE_ASSIGNMENT|[EXTERNAL]|this|{"isSelected":true,"student":"0xbcde162"}|0x6fdbc3f2
01:04:35.0 (34765280)|STATEMENT_EXECUTE|[153]
01:04:35.0 (34770428)|STATEMENT_EXECUTE|[154]
01:04:35.0 (34845719)|VARIABLE_ASSIGNMENT|[EXTERNAL]|this|{"isSelected":true,"student":"0xbcde162"}|0x6fdbc3f2
01:04:35.0 (34981447)|HEAP_ALLOCATE|[154]|Bytes:8
01:04:35.0 (35009043)|HEAP_ALLOCATE|[154]|Bytes:8
01:04:35.0 (35065924)|DML_BEGIN|[154]|Op:Delete|Type:Student__c|Rows:1
01:04:35.0 (35151197)|HEAP_ALLOCATE|[EXTERNAL]|Bytes:8
01:04:35.0 (226349139)|CODE_UNIT_STARTED|[EXTERNAL]|01q0o000000jKrN|triggerStudent on Student trigger event AfterDelete|__sfdc_trigger/triggerStudent
01:04:35.0 (226437871)|HEAP_ALLOCATE|[EXTERNAL]|Bytes:8
01:04:35.0 (229895693)|HEAP_ALLOCATE|[EXTERNAL]|Bytes:8
01:04:35.0 (229918828)|VARIABLE_SCOPE_BEGIN|[1]|this|triggerStudent|true|false
01:04:35.0 (230003741)|VARIABLE_ASSIGNMENT|[1]|this|{}|0x45847465
01:04:35.0 (230119580)|HEAP_ALLOCATE|[EXTERNAL]|Bytes:8
01:04:35.0 (230129903)|VARIABLE_SCOPE_BEGIN|[1]|this|triggerStudent|true|false
01:04:35.0 (230151552)|VARIABLE_ASSIGNMENT|[1]|this|{}|0x45847465
01:04:35.0 (230190842)|STATEMENT_EXECUTE|[1]
01:04:35.0 (230193732)|STATEMENT_EXECUTE|[3]
01:04:35.0 (230202350)|HEAP_ALLOCATE|[3]|Bytes:15
01:04:35.0 (230211644)|HEAP_ALLOCATE|[3]|Bytes:20
01:04:35.0 (230251048)|METHOD_ENTRY|[1]|01p0o00000GMOB6|TriggerHandle.TriggerHandle()
01:04:35.0 (230258571)|STATEMENT_EXECUTE|[1]
01:04:35.0 (230263585)|STATEMENT_EXECUTE|[1]
01:04:35.0 (230738540)|SYSTEM_MODE_ENTER|false
01:04:35.0 (230752946)|HEAP_ALLOCATE|[3]|Bytes:5
01:04:35.0 (230760927)|STATEMENT_EXECUTE|[226]
01:04:35.0 (230765516)|SYSTEM_MODE_EXIT|false
01:04:35.0 (230778612)|METHOD_EXIT|[1]|TriggerHandle
01:04:35.0 (230796541)|HEAP_ALLOCATE|[3]|Bytes:4
01:04:35.0 (230814455)|CONSTRUCTOR_ENTRY|[3]|01p0o00000GMOB6|<init>()|TriggerHandle
01:04:35.0 (230851243)|VARIABLE_SCOPE_BEGIN|[3]|this|TriggerHandle|true|false
01:04:35.0 (230878458)|VARIABLE_ASSIGNMENT|[3]|this|{}|0x22996e0c
01:04:35.0 (230892344)|SYSTEM_MODE_ENTER|false
01:04:35.0 (230899500)|HEAP_ALLOCATE|[EXTERNAL]|Bytes:5
01:04:35.0 (230905817)|STATEMENT_EXECUTE|[1]
01:04:35.0 (230909709)|HEAP_ALLOCATE|[EXTERNAL]|Bytes:5
01:04:35.0 (230923167)|HEAP_ALLOCATE|[EXTERNAL]|Bytes:6
01:04:35.0 (230963481)|STATEMENT_EXECUTE|[4]
01:04:35.0 (230969070)|SYSTEM_MODE_EXIT|false
01:04:35.0 (230981627)|CONSTRUCTOR_EXIT|[3]|01p0o00000GMOB6|<init>()|TriggerHandle
01:04:35.0 (231019965)|VARIABLE_ASSIGNMENT|[3]|this.handle|0x22996e0c|0x45847465
01:04:35.0 (231040535)|STATEMENT_EXECUTE|[15]
01:04:35.0 (231055974)|STATEMENT_EXECUTE|[21]
01:04:35.0 (231058214)|STATEMENT_EXECUTE|[22]
01:04:35.0 (231165674)|METHOD_ENTRY|[22]|01p0o00000GMOB6|TriggerHandle.onAfterDelete(List<Student__c>)
01:04:35.0 (231206764)|VARIABLE_SCOPE_BEGIN|[63]|this|TriggerHandle|true|false
01:04:35.0 (231228892)|VARIABLE_ASSIGNMENT|[63]|this|{}|0x22996e0c
01:04:35.0 (231239143)|VARIABLE_SCOPE_BEGIN|[63]|oldStudentList|List<Student__c>|true|false
01:04:35.0 (232949234)|VARIABLE_ASSIGNMENT|[63]|oldStudentList|[{"LastModifiedDate":"2019-05-14T08:02:49.000Z","StudentId__c":"HS0077","IsDeleted":false,"Score1__c":3.00,"Score2__c":4.00,"Gender__c":false,"Score3__c":2.00,"Class__c":"a0H0o00000fJQOwEAO","Name":"a0I0o000019bIUi","SystemModstamp":"2019-05-14T08:02:49.000Z","AverageScore__c":3.00,"CreatedById":"0050o00000WkyGGAAZ","Birthday__c":"2010-05-13T00:00:00.000Z","Namel__c":"tuan","CreatedDate":"2019-05-14T07:59:01.000Z","Id":"a0I0o000019bIUiEAM","LastModifiedById":"0050o00000WkyGGAAZ","State__c":"Failed","Namef__c":"luu minh"}]|0x95b4b87
01:04:35.0 (232990982)|SYSTEM_MODE_ENTER|false
01:04:35.0 (233008042)|HEAP_ALLOCATE|[65]|Bytes:5
01:04:35.0 (233019593)|STATEMENT_EXECUTE|[64]
01:04:35.0 (233022241)|STATEMENT_EXECUTE|[65]
01:04:35.0 (233024185)|STATEMENT_EXECUTE|[66]
01:04:35.0 (233026419)|STATEMENT_EXECUTE|[67]
01:04:35.0 (233071102)|METHOD_ENTRY|[67]|01p0o00000GMOB6|TriggerHandle.executeNOStudentsUpdate(List<Student__c>, String)
01:04:35.0 (233151306)|VARIABLE_SCOPE_BEGIN|[187]|this|TriggerHandle|true|false
01:04:35.0 (233191287)|VARIABLE_ASSIGNMENT|[187]|this|{}|0x22996e0c
01:04:35.0 (233205200)|VARIABLE_SCOPE_BEGIN|[187]|studentList|List<Student__c>|true|false
01:04:35.0 (233588149)|VARIABLE_ASSIGNMENT|[187]|studentList|[{"LastModifiedDate":"2019-05-14T08:02:49.000Z","StudentId__c":"HS0077","IsDeleted":false,"Score1__c":3.00,"Score2__c":4.00,"Gender__c":false,"Score3__c":2.00,"Class__c":"a0H0o00000fJQOwEAO","Name":"a0I0o000019bIUi","SystemModstamp":"2019-05-14T08:02:49.000Z","AverageScore__c":3.00,"CreatedById":"0050o00000WkyGGAAZ","Birthday__c":"2010-05-13T00:00:00.000Z","Namel__c":"tuan","CreatedDate":"2019-05-14T07:59:01.000Z","Id":"a0I0o000019bIUiEAM","LastModifiedById":"0050o00000WkyGGAAZ","State__c":"Failed","Namef__c":"luu minh"}]|0x95b4b87
01:04:35.0 (233610856)|VARIABLE_SCOPE_BEGIN|[187]|action|String|false|false
01:04:35.0 (233626593)|VARIABLE_ASSIGNMENT|[187]|action|"delete"
01:04:35.0 (233647369)|HEAP_ALLOCATE|[189]|Bytes:5
01:04:35.0 (233656201)|STATEMENT_EXECUTE|[188]
01:04:35.0 (233658801)|STATEMENT_EXECUTE|[189]
01:04:35.0 (233690691)|HEAP_ALLOCATE|[189]|Bytes:4
01:04:35.0 (233723077)|VARIABLE_SCOPE_BEGIN|[189]|classIDMap|Map<Id,Integer>|true|false
01:04:35.0 (233759058)|VARIABLE_ASSIGNMENT|[189]|classIDMap|{}|0x243f2ef
01:04:35.0 (234058355)|HEAP_ALLOCATE|[192]|Bytes:5
01:04:35.0 (234129401)|VARIABLE_SCOPE_BEGIN|[192]|s|Student__c|true|false
01:04:35.0 (234441980)|VARIABLE_ASSIGNMENT|[192]|s|{"LastModifiedDate":"2019-05-14T08:02:49.000Z","StudentId__c":"HS0077","IsDeleted":false,"Score1__c":3.00,"Score2__c":4.00,"Gender__c":false,"Score3__c":2.00,"Class__c":"a0H0o00000fJQOwEAO","Name":"a0I0o000019bIUi","SystemModstamp":"2019-05-14T08:02:49.000Z","AverageScore__c":3.00,"CreatedById":"0050o00000WkyGGAAZ","Birthday__c":"2010-05-13T00:00:00.000Z","Namel__c":"tuan","CreatedDate":"2019-05-14T07:59:01.000Z","Id":"a0I0o000019bIUiEAM","LastModifiedById":"0050o00000WkyGGAAZ","State__c":"Failed","Namef__c":"luu minh"}|0x6f75ac1a
01:04:35.0 (234464019)|STATEMENT_EXECUTE|[193]
01:04:35.0 (234609048)|STATEMENT_EXECUTE|[199]
01:04:35.0 (234612597)|STATEMENT_EXECUTE|[200]
01:04:35.0 (234658046)|HEAP_ALLOCATE|[200]|Bytes:4
01:04:35.0 (234677258)|HEAP_ALLOCATE|[EXTERNAL]|Bytes:-4
01:04:35.0 (234703917)|HEAP_ALLOCATE|[192]|Bytes:5
01:04:35.0 (234725862)|VARIABLE_ASSIGNMENT|[192]|s|null|
01:04:35.0 (234736417)|STATEMENT_EXECUTE|[204]
01:04:35.0 (234741895)|HEAP_ALLOCATE|[204]|Bytes:44
01:04:35.0 (234766654)|HEAP_ALLOCATE|[204]|Bytes:4
01:04:35.0 (235110495)|SOQL_EXECUTE_BEGIN|[204]|Aggregations:0|SELECT id, NumberOfStudents__c FROM Class__c
01:04:35.0 (237914827)|SOQL_EXECUTE_END|[204]|Rows:2
01:04:35.0 (237981447)|HEAP_ALLOCATE|[204]|Bytes:12
01:04:35.0 (238015777)|HEAP_ALLOCATE|[204]|Bytes:176
01:04:35.0 (238067804)|HEAP_ALLOCATE|[204]|Bytes:12
01:04:35.0 (238086381)|VARIABLE_SCOPE_BEGIN|[204]|classList|List<Class__c>|true|false
01:04:35.0 (238135309)|VARIABLE_ASSIGNMENT|[204]|classList|[{"Id":"a0H0o00000fJQOvEAO","NumberOfStudents__c":1},{"Id":"a0H0o00000fJQOwEAO","NumberOfStudents__c":1}]|0x69021075
01:04:35.0 (238228998)|HEAP_ALLOCATE|[206]|Bytes:5
01:04:35.0 (238257735)|HEAP_ALLOCATE|[206]|Bytes:12
01:04:35.0 (238272155)|VARIABLE_SCOPE_BEGIN|[206]|c|Class__c|true|false
01:04:35.0 (238297824)|VARIABLE_ASSIGNMENT|[206]|c|{"Id":"a0H0o00000fJQOvEAO","NumberOfStudents__c":1}|0x2ba2bf5c
01:04:35.0 (238310652)|STATEMENT_EXECUTE|[207]
01:04:35.0 (238422479)|STATEMENT_EXECUTE|[208]
01:04:35.0 (238440298)|HEAP_ALLOCATE|[206]|Bytes:5
01:04:35.0 (238461540)|HEAP_ALLOCATE|[206]|Bytes:12
01:04:35.0 (238472165)|VARIABLE_SCOPE_BEGIN|[206]|c|Class__c|true|false
01:04:35.0 (238496858)|VARIABLE_ASSIGNMENT|[206]|c|{"Id":"a0H0o00000fJQOwEAO","NumberOfStudents__c":1}|0x1af9cc00
01:04:35.0 (238507410)|STATEMENT_EXECUTE|[207]
01:04:35.0 (238532681)|STATEMENT_EXECUTE|[209]
01:04:35.0 (238538693)|HEAP_ALLOCATE|[211]|Bytes:6
01:04:35.0 (238611566)|STATEMENT_EXECUTE|[216]
01:04:35.0 (238615395)|STATEMENT_EXECUTE|[217]
01:04:35.0 (238747579)|HEAP_ALLOCATE|[217]|Bytes:28
01:04:35.0 (238756415)|HEAP_ALLOCATE|[217]|Bytes:28
01:04:35.0 (238802574)|HEAP_ALLOCATE|[217]|Bytes:28
01:04:35.0 (238807241)|HEAP_ALLOCATE|[217]|Bytes:28
01:04:35.0 (238891057)|VARIABLE_ASSIGNMENT|[217]|this.NumberOfStudents__c|0|0x1af9cc00
01:04:35.0 (238904830)|STATEMENT_EXECUTE|[220]
01:04:35.0 (238965804)|HEAP_ALLOCATE|[220]|Bytes:8
01:04:35.0 (238987682)|DML_BEGIN|[220]|Op:Update|Type:Class__c|Rows:1
01:04:35.0 (239032483)|HEAP_ALLOCATE|[EXTERNAL]|Bytes:8
01:04:35.0 (268648489)|DML_END|[220]
01:04:35.0 (268677117)|STATEMENT_EXECUTE|[222]
01:04:35.0 (268799140)|HEAP_ALLOCATE|[206]|Bytes:5
01:04:35.0 (268839748)|VARIABLE_ASSIGNMENT|[206]|c|null|
01:04:35.0 (268862958)|METHOD_EXIT|[67]|01p0o00000GMOB6|TriggerHandle.executeNOStudentsUpdate(List<Student__c>, String)
01:04:35.0 (268871977)|STATEMENT_EXECUTE|[68]
01:04:35.0 (268895665)|METHOD_ENTRY|[68]|01p0o00000GMOB6|TriggerHandle.executeNOFAPStudentsUpdate(List<Student__c>, String)
01:04:35.0 (268935306)|VARIABLE_SCOPE_BEGIN|[114]|this|TriggerHandle|true|false
01:04:35.0 (268970857)|VARIABLE_ASSIGNMENT|[114]|this|{}|0x22996e0c
01:04:35.0 (268981670)|VARIABLE_SCOPE_BEGIN|[114]|studentList|List<Student__c>|true|false
01:04:35.0 (269319315)|VARIABLE_ASSIGNMENT|[114]|studentList|[{"LastModifiedDate":"2019-05-14T08:02:49.000Z","StudentId__c":"HS0077","IsDeleted":false,"Score1__c":3.00,"Score2__c":4.00,"Gender__c":false,"Score3__c":2.00,"Class__c":"a0H0o00000fJQOwEAO","Name":"a0I0o000019bIUi","SystemModstamp":"2019-05-14T08:02:49.000Z","AverageScore__c":3.00,"CreatedById":"0050o00000WkyGGAAZ","Birthday__c":"2010-05-13T00:00:00.000Z","Namel__c":"tuan","CreatedDate":"2019-05-14T07:59:01.000Z","Id":"a0I0o000019bIUiEAM","LastModifiedById":"0050o00000WkyGGAAZ","State__c":"Failed","Namef__c":"luu minh"}]|0x95b4b87
01:04:35.0 (269345906)|VARIABLE_SCOPE_BEGIN|[114]|action|String|false|false
01:04:35.0 (269361756)|VARIABLE_ASSIGNMENT|[114]|action|"delete"
01:04:35.0 (269378491)|HEAP_ALLOCATE|[116]|Bytes:5
01:04:35.0 (269386738)|STATEMENT_EXECUTE|[115]
01:04:35.0 (269389575)|STATEMENT_EXECUTE|[116]
01:04:35.0 (269408590)|HEAP_ALLOCATE|[116]|Bytes:4
01:04:35.0 (269424873)|VARIABLE_SCOPE_BEGIN|[116]|classIDMapWithPassedStudents|Map<Id,Integer>|true|false
01:04:35.0 (269447401)|VARIABLE_ASSIGNMENT|[116]|classIDMapWithPassedStudents|{}|0x6aaa4b17
01:04:35.0 (269455967)|STATEMENT_EXECUTE|[117]
01:04:35.0 (269467306)|HEAP_ALLOCATE|[117]|Bytes:4
01:04:35.0 (269477128)|VARIABLE_SCOPE_BEGIN|[117]|classIDMapWithFaliedStudents|Map<Id,Integer>|true|false
01:04:35.0 (269493325)|VARIABLE_ASSIGNMENT|[117]|classIDMapWithFaliedStudents|{}|0x6ccc72f
01:04:35.0 (269552687)|HEAP_ALLOCATE|[120]|Bytes:5
01:04:35.0 (269580524)|VARIABLE_SCOPE_BEGIN|[120]|s|Student__c|true|false
01:04:35.0 (269826162)|VARIABLE_ASSIGNMENT|[120]|s|{"LastModifiedDate":"2019-05-14T08:02:49.000Z","StudentId__c":"HS0077","IsDeleted":false,"Score1__c":3.00,"Score2__c":4.00,"Gender__c":false,"Score3__c":2.00,"Class__c":"a0H0o00000fJQOwEAO","Name":"a0I0o000019bIUi","SystemModstamp":"2019-05-14T08:02:49.000Z","AverageScore__c":3.00,"CreatedById":"0050o00000WkyGGAAZ","Birthday__c":"2010-05-13T00:00:00.000Z","Namel__c":"tuan","CreatedDate":"2019-05-14T07:59:01.000Z","Id":"a0I0o000019bIUiEAM","LastModifiedById":"0050o00000WkyGGAAZ","State__c":"Failed","Namef__c":"luu minh"}|0x6f75ac1a
01:04:35.0 (269848363)|STATEMENT_EXECUTE|[121]
01:04:35.0 (269888527)|HEAP_ALLOCATE|[123]|Bytes:6
01:04:35.0 (269955268)|STATEMENT_EXECUTE|[136]
01:04:35.0 (269998658)|STATEMENT_EXECUTE|[142]
01:04:35.0 (270001901)|STATEMENT_EXECUTE|[143]
01:04:35.0 (270036289)|HEAP_ALLOCATE|[143]|Bytes:4
01:04:35.0 (270049692)|HEAP_ALLOCATE|[EXTERNAL]|Bytes:-4
01:04:35.0 (270073316)|HEAP_ALLOCATE|[120]|Bytes:5
01:04:35.0 (270093046)|VARIABLE_ASSIGNMENT|[120]|s|null|
01:04:35.0 (270100618)|STATEMENT_EXECUTE|[147]
01:04:35.0 (270105378)|HEAP_ALLOCATE|[147]|Bytes:77
01:04:35.0 (270127741)|HEAP_ALLOCATE|[147]|Bytes:4
01:04:35.0 (270428910)|SOQL_EXECUTE_BEGIN|[147]|Aggregations:0|SELECT id, NumberOfFailedStudents__c, NumberOfPassedStudents__c FROM Class__c
01:04:35.0 (272757066)|SOQL_EXECUTE_END|[147]|Rows:2
01:04:35.0 (272785393)|HEAP_ALLOCATE|[147]|Bytes:12
01:04:35.0 (272807595)|HEAP_ALLOCATE|[147]|Bytes:318
01:04:35.0 (272838495)|HEAP_ALLOCATE|[147]|Bytes:12
01:04:35.0 (272853715)|VARIABLE_SCOPE_BEGIN|[147]|classList|List<Class__c>|true|false
01:04:35.0 (272896072)|VARIABLE_ASSIGNMENT|[147]|classList|[{"Id":"a0H0o00000fJQOvEAO","NumberOfFailedStudents__c":-1,"NumberOfPassedStudents__c":1},{"Id":"a0H0o00000fJQOwEAO","NumberOfFailedStudents__c":1,"NumberOfPassedStudents__c":0}]|0x4321d94e
01:04:35.0 (272957015)|HEAP_ALLOCATE|[149]|Bytes:5
01:04:35.0 (272972874)|HEAP_ALLOCATE|[149]|Bytes:16
01:04:35.0 (272981602)|VARIABLE_SCOPE_BEGIN|[149]|c|Class__c|true|false
01:04:35.0 (272998624)|VARIABLE_ASSIGNMENT|[149]|c|{"Id":"a0H0o00000fJQOvEAO","NumberOfFailedStudents__c":-1,"NumberOfPassedStudents__c":1}|0x4f373d64
01:04:35.0 (273006137)|STATEMENT_EXECUTE|[150]
01:04:35.0 (273054237)|STATEMENT_EXECUTE|[152]
01:04:35.0 (273074662)|STATEMENT_EXECUTE|[168]
01:04:35.0 (273084235)|HEAP_ALLOCATE|[149]|Bytes:5
01:04:35.0 (273095791)|HEAP_ALLOCATE|[149]|Bytes:16
01:04:35.0 (273101226)|VARIABLE_SCOPE_BEGIN|[149]|c|Class__c|true|false
01:04:35.0 (273117400)|VARIABLE_ASSIGNMENT|[149]|c|{"Id":"a0H0o00000fJQOwEAO","NumberOfFailedStudents__c":1,"NumberOfPassedStudents__c":0}|0x538f6324
01:04:35.0 (273123094)|STATEMENT_EXECUTE|[150]
01:04:35.0 (273136291)|STATEMENT_EXECUTE|[153]
01:04:35.0 (273178476)|STATEMENT_EXECUTE|[161]
01:04:35.0 (273180620)|STATEMENT_EXECUTE|[162]
01:04:35.0 (273254477)|HEAP_ALLOCATE|[162]|Bytes:28
01:04:35.0 (273260256)|HEAP_ALLOCATE|[162]|Bytes:28
01:04:35.0 (273282847)|HEAP_ALLOCATE|[162]|Bytes:28
01:04:35.0 (273286544)|HEAP_ALLOCATE|[162]|Bytes:28
01:04:35.0 (273346710)|VARIABLE_ASSIGNMENT|[162]|this.NumberOfFailedStudents__c|0|0x538f6324
01:04:35.0 (273354658)|STATEMENT_EXECUTE|[164]
01:04:35.0 (273387678)|HEAP_ALLOCATE|[164]|Bytes:8
01:04:35.0 (273401681)|DML_BEGIN|[164]|Op:Update|Type:Class__c|Rows:1
01:04:35.0 (273429015)|HEAP_ALLOCATE|[EXTERNAL]|Bytes:8
01:04:35.0 (286081877)|DML_END|[164]
01:04:35.0 (286107610)|STATEMENT_EXECUTE|[165]
01:04:35.0 (286221077)|STATEMENT_EXECUTE|[168]
01:04:35.0 (286240172)|HEAP_ALLOCATE|[149]|Bytes:5
01:04:35.0 (286268676)|VARIABLE_ASSIGNMENT|[149]|c|null|
01:04:35.0 (286285613)|METHOD_EXIT|[68]|01p0o00000GMOB6|TriggerHandle.executeNOFAPStudentsUpdate(List<Student__c>, String)
01:04:35.0 (286296460)|SYSTEM_MODE_EXIT|false
01:04:35.0 (286311242)|METHOD_EXIT|[22]|01p0o00000GMOB6|TriggerHandle.onAfterDelete(List<Student__c>)
01:04:35.286 (286330699)|CUMULATIVE_LIMIT_USAGE
01:04:35.286 (286330699)|LIMIT_USAGE_FOR_NS|(default)|
  Number of SOQL queries: 3 out of 100
  Number of query rows: 6 out of 50000
  Number of SOSL queries: 0 out of 20
  Number of DML statements: 3 out of 150
  Number of DML rows: 3 out of 10000
  Maximum CPU time: 0 out of 10000
  Maximum heap size: 0 out of 6000000
  Number of callouts: 0 out of 100
  Number of Email Invocations: 0 out of 10
  Number of future calls: 0 out of 50
  Number of queueable jobs added to the queue: 0 out of 50
  Number of Mobile Apex push calls: 0 out of 10

01:04:35.286 (286330699)|CUMULATIVE_LIMIT_USAGE_END

01:04:35.0 (288108869)|CODE_UNIT_FINISHED|triggerStudent on Student trigger event AfterDelete|__sfdc_trigger/triggerStudent
01:04:35.0 (290327477)|DML_END|[154]
01:04:35.0 (290397810)|HEAP_ALLOCATE|[151]|Bytes:5
01:04:35.0 (290428304)|HEAP_ALLOCATE|[151]|Bytes:12
01:04:35.0 (290443610)|VARIABLE_SCOPE_BEGIN|[151]|s|Controller.Output|true|false
01:04:35.0 (290511043)|VARIABLE_ASSIGNMENT|[151]|s|{"isSelected":true,"student":"0x6690268e"}|0x7dee81bd
01:04:35.0 (290523820)|STATEMENT_EXECUTE|[151]
01:04:35.0 (290527090)|STATEMENT_EXECUTE|[152]
01:04:35.0 (290557719)|VARIABLE_ASSIGNMENT|[EXTERNAL]|this|{"isSelected":true,"student":"0x6690268e"}|0x7dee81bd
01:04:35.0 (290600789)|HEAP_ALLOCATE|[152]|Bytes:4
01:04:35.0 (290625922)|HEAP_ALLOCATE|[152]|Bytes:20
01:04:35.0 (290647298)|USER_DEBUG|[152]|DEBUG|true result selected
01:04:35.0 (290681864)|VARIABLE_ASSIGNMENT|[EXTERNAL]|this|{"isSelected":true,"student":"0x6690268e"}|0x7dee81bd
01:04:35.0 (290694980)|STATEMENT_EXECUTE|[153]
01:04:35.0 (290697448)|STATEMENT_EXECUTE|[154]
01:04:35.0 (290722772)|VARIABLE_ASSIGNMENT|[EXTERNAL]|this|{"isSelected":true,"student":"0x6690268e"}|0x7dee81bd
01:04:35.0 (290808589)|HEAP_ALLOCATE|[154]|Bytes:8
01:04:35.0 (290827010)|HEAP_ALLOCATE|[154]|Bytes:8
01:04:35.0 (291117361)|DML_BEGIN|[154]|Op:Delete|Type:Student__c|Rows:1
01:04:35.0 (291172118)|HEAP_ALLOCATE|[EXTERNAL]|Bytes:8
01:04:35.0 (335318348)|CODE_UNIT_STARTED|[EXTERNAL]|01q0o000000jKrN|triggerStudent on Student trigger event AfterDelete|__sfdc_trigger/triggerStudent
01:04:35.0 (335368152)|HEAP_ALLOCATE|[EXTERNAL]|Bytes:8
01:04:35.0 (335467880)|HEAP_ALLOCATE|[EXTERNAL]|Bytes:8
01:04:35.0 (335483107)|VARIABLE_SCOPE_BEGIN|[1]|this|triggerStudent|true|false
01:04:35.0 (335528744)|VARIABLE_ASSIGNMENT|[1]|this|{}|0x1643b5ca
01:04:35.0 (335582422)|HEAP_ALLOCATE|[EXTERNAL]|Bytes:8
01:04:35.0 (335591138)|VARIABLE_SCOPE_BEGIN|[1]|this|triggerStudent|true|false
01:04:35.0 (335610855)|VARIABLE_ASSIGNMENT|[1]|this|{}|0x1643b5ca
01:04:35.0 (335621707)|STATEMENT_EXECUTE|[1]
01:04:35.0 (335624483)|STATEMENT_EXECUTE|[3]
01:04:35.0 (335629231)|HEAP_ALLOCATE|[3]|Bytes:4
01:04:35.0 (335644368)|CONSTRUCTOR_ENTRY|[3]|01p0o00000GMOB6|<init>()|TriggerHandle
01:04:35.0 (335656527)|VARIABLE_SCOPE_BEGIN|[3]|this|TriggerHandle|true|false
01:04:35.0 (335675117)|VARIABLE_ASSIGNMENT|[3]|this|{}|0x451792d0
01:04:35.0 (336110987)|SYSTEM_MODE_ENTER|false
01:04:35.0 (336126336)|HEAP_ALLOCATE|[EXTERNAL]|Bytes:5
01:04:35.0 (336134638)|STATEMENT_EXECUTE|[1]
01:04:35.0 (336141106)|HEAP_ALLOCATE|[EXTERNAL]|Bytes:5
01:04:35.0 (336178600)|STATEMENT_EXECUTE|[4]
01:04:35.0 (336184072)|SYSTEM_MODE_EXIT|false
01:04:35.0 (336196216)|CONSTRUCTOR_EXIT|[3]|01p0o00000GMOB6|<init>()|TriggerHandle
01:04:35.0 (336222350)|VARIABLE_ASSIGNMENT|[3]|this.handle|0x451792d0|0x1643b5ca
01:04:35.0 (336236450)|STATEMENT_EXECUTE|[15]
01:04:35.0 (336245335)|STATEMENT_EXECUTE|[21]
01:04:35.0 (336247413)|STATEMENT_EXECUTE|[22]
01:04:35.0 (336293644)|METHOD_ENTRY|[22]|01p0o00000GMOB6|TriggerHandle.onAfterDelete(List<Student__c>)
01:04:35.0 (336306479)|VARIABLE_SCOPE_BEGIN|[63]|this|TriggerHandle|true|false
01:04:35.0 (336330183)|VARIABLE_ASSIGNMENT|[63]|this|{}|0x451792d0
01:04:35.0 (336339485)|VARIABLE_SCOPE_BEGIN|[63]|oldStudentList|List<Student__c>|true|false
01:04:35.0 (337129673)|VARIABLE_ASSIGNMENT|[63]|oldStudentList|[{"LastModifiedDate":"2019-05-14T07:37:48.000Z","StudentId__c":"HS0076","IsDeleted":false,"Score1__c":10.00,"Score2__c":10.00,"Gender__c":true,"Score3__c":10.00,"Class__c":"a0H0o00000fJQOvEAO","Name":"a0I0o000013e10M","SystemModstamp":"2019-05-14T07:37:48.000Z","AverageScore__c":10.00,"CreatedById":"0050o00000WkyGGAAZ","Birthday__c":"2010-05-12T00:00:00.000Z","Namel__c":"vy","CreatedDate":"2019-05-10T10:57:14.000Z","Id":"a0I0o000013e10MEAQ","LastModifiedById":"0050o00000WkyGGAAZ","State__c":"Passed","Namef__c":"truong tran"}]|0x5540942d
01:04:35.0 (337165681)|SYSTEM_MODE_ENTER|false
01:04:35.0 (337177275)|HEAP_ALLOCATE|[65]|Bytes:5
01:04:35.0 (337185773)|STATEMENT_EXECUTE|[64]
01:04:35.0 (337188489)|STATEMENT_EXECUTE|[65]
01:04:35.0 (337190730)|STATEMENT_EXECUTE|[66]
01:04:35.0 (337193072)|STATEMENT_EXECUTE|[67]
01:04:35.0 (337207895)|METHOD_ENTRY|[67]|01p0o00000GMOB6|TriggerHandle.executeNOStudentsUpdate(List<Student__c>, String)
01:04:35.0 (337218646)|VARIABLE_SCOPE_BEGIN|[187]|this|TriggerHandle|true|false
01:04:35.0 (337243159)|VARIABLE_ASSIGNMENT|[187]|this|{}|0x451792d0
01:04:35.0 (337251808)|VARIABLE_SCOPE_BEGIN|[187]|studentList|List<Student__c>|true|false
01:04:35.0 (337505754)|VARIABLE_ASSIGNMENT|[187]|studentList|[{"LastModifiedDate":"2019-05-14T07:37:48.000Z","StudentId__c":"HS0076","IsDeleted":false,"Score1__c":10.00,"Score2__c":10.00,"Gender__c":true,"Score3__c":10.00,"Class__c":"a0H0o00000fJQOvEAO","Name":"a0I0o000013e10M","SystemModstamp":"2019-05-14T07:37:48.000Z","AverageScore__c":10.00,"CreatedById":"0050o00000WkyGGAAZ","Birthday__c":"2010-05-12T00:00:00.000Z","Namel__c":"vy","CreatedDate":"2019-05-10T10:57:14.000Z","Id":"a0I0o000013e10MEAQ","LastModifiedById":"0050o00000WkyGGAAZ","State__c":"Passed","Namef__c":"truong tran"}]|0x5540942d
01:04:35.0 (337525863)|VARIABLE_SCOPE_BEGIN|[187]|action|String|false|false
01:04:35.0 (337539902)|VARIABLE_ASSIGNMENT|[187]|action|"delete"
01:04:35.0 (337553839)|HEAP_ALLOCATE|[189]|Bytes:5
01:04:35.0 (337563065)|STATEMENT_EXECUTE|[188]
01:04:35.0 (337565642)|STATEMENT_EXECUTE|[189]
01:04:35.0 (337584060)|HEAP_ALLOCATE|[189]|Bytes:4
01:04:35.0 (337600390)|VARIABLE_SCOPE_BEGIN|[189]|classIDMap|Map<Id,Integer>|true|false
01:04:35.0 (337623681)|VARIABLE_ASSIGNMENT|[189]|classIDMap|{}|0x786fb555
01:04:35.0 (337664925)|HEAP_ALLOCATE|[192]|Bytes:5
01:04:35.0 (337695690)|VARIABLE_SCOPE_BEGIN|[192]|s|Student__c|true|false
01:04:35.0 (337907506)|VARIABLE_ASSIGNMENT|[192]|s|{"LastModifiedDate":"2019-05-14T07:37:48.000Z","StudentId__c":"HS0076","IsDeleted":false,"Score1__c":10.00,"Score2__c":10.00,"Gender__c":true,"Score3__c":10.00,"Class__c":"a0H0o00000fJQOvEAO","Name":"a0I0o000013e10M","SystemModstamp":"2019-05-14T07:37:48.000Z","AverageScore__c":10.00,"CreatedById":"0050o00000WkyGGAAZ","Birthday__c":"2010-05-12T00:00:00.000Z","Namel__c":"vy","CreatedDate":"2019-05-10T10:57:14.000Z","Id":"a0I0o000013e10MEAQ","LastModifiedById":"0050o00000WkyGGAAZ","State__c":"Passed","Namef__c":"truong tran"}|0x7309a277
01:04:35.0 (337922471)|STATEMENT_EXECUTE|[193]
01:04:35.0 (337947826)|STATEMENT_EXECUTE|[199]
01:04:35.0 (337950193)|STATEMENT_EXECUTE|[200]
01:04:35.0 (337959705)|HEAP_ALLOCATE|[200]|Bytes:4
01:04:35.0 (337968391)|HEAP_ALLOCATE|[EXTERNAL]|Bytes:-4
01:04:35.0 (337983655)|HEAP_ALLOCATE|[192]|Bytes:5
01:04:35.0 (337996235)|VARIABLE_ASSIGNMENT|[192]|s|null|
01:04:35.0 (338001526)|STATEMENT_EXECUTE|[204]
01:04:35.0 (338015242)|HEAP_ALLOCATE|[204]|Bytes:4
01:04:35.0 (338201469)|SOQL_EXECUTE_BEGIN|[204]|Aggregations:0|SELECT id, NumberOfStudents__c FROM Class__c
01:04:35.0 (340090734)|SOQL_EXECUTE_END|[204]|Rows:2
01:04:35.0 (340127438)|HEAP_ALLOCATE|[204]|Bytes:12
01:04:35.0 (340171684)|HEAP_ALLOCATE|[204]|Bytes:176
01:04:35.0 (340220973)|HEAP_ALLOCATE|[204]|Bytes:12
01:04:35.0 (340241647)|VARIABLE_SCOPE_BEGIN|[204]|classList|List<Class__c>|true|false
01:04:35.0 (340289821)|VARIABLE_ASSIGNMENT|[204]|classList|[{"Id":"a0H0o00000fJQOvEAO","NumberOfStudents__c":1},{"Id":"a0H0o00000fJQOwEAO","NumberOfStudents__c":0}]|0x612e79da
01:04:35.0 (340337045)|HEAP_ALLOCATE|[206]|Bytes:5
01:04:35.0 (340360284)|HEAP_ALLOCATE|[206]|Bytes:12
01:04:35.0 (340374478)|VARIABLE_SCOPE_BEGIN|[206]|c|Class__c|true|false
01:04:35.0 (340398258)|VARIABLE_ASSIGNMENT|[206]|c|{"Id":"a0H0o00000fJQOvEAO","NumberOfStudents__c":1}|0x38365246
01:04:35.0 (340407606)|STATEMENT_EXECUTE|[207]
01:04:35.0 (340434736)|STATEMENT_EXECUTE|[209]
01:04:35.0 (340463502)|STATEMENT_EXECUTE|[216]
01:04:35.0 (340465385)|STATEMENT_EXECUTE|[217]
01:04:35.0 (340497038)|HEAP_ALLOCATE|[217]|Bytes:28
01:04:35.0 (340507996)|HEAP_ALLOCATE|[217]|Bytes:28
01:04:35.0 (340536228)|HEAP_ALLOCATE|[217]|Bytes:28
01:04:35.0 (340540217)|HEAP_ALLOCATE|[217]|Bytes:28
01:04:35.0 (340613103)|VARIABLE_ASSIGNMENT|[217]|this.NumberOfStudents__c|0|0x38365246
01:04:35.0 (340620751)|STATEMENT_EXECUTE|[220]
01:04:35.0 (340647891)|HEAP_ALLOCATE|[220]|Bytes:8
01:04:35.0 (340690724)|DML_BEGIN|[220]|Op:Update|Type:Class__c|Rows:1
01:04:35.0 (340730834)|HEAP_ALLOCATE|[EXTERNAL]|Bytes:8
01:04:35.0 (356242029)|DML_END|[220]
01:04:35.0 (356271889)|STATEMENT_EXECUTE|[222]
01:04:35.0 (356332494)|HEAP_ALLOCATE|[206]|Bytes:5
01:04:35.0 (356358373)|HEAP_ALLOCATE|[206]|Bytes:12
01:04:35.0 (356372071)|VARIABLE_SCOPE_BEGIN|[206]|c|Class__c|true|false
01:04:35.0 (356407742)|VARIABLE_ASSIGNMENT|[206]|c|{"Id":"a0H0o00000fJQOwEAO","NumberOfStudents__c":0}|0x3b3ba3e6
01:04:35.0 (356415962)|STATEMENT_EXECUTE|[207]
01:04:35.0 (356435282)|STATEMENT_EXECUTE|[208]
01:04:35.0 (356443874)|HEAP_ALLOCATE|[206]|Bytes:5
01:04:35.0 (356455282)|VARIABLE_ASSIGNMENT|[206]|c|null|
01:04:35.0 (356478991)|METHOD_EXIT|[67]|01p0o00000GMOB6|TriggerHandle.executeNOStudentsUpdate(List<Student__c>, String)
01:04:35.0 (356486074)|STATEMENT_EXECUTE|[68]
01:04:35.0 (356495074)|METHOD_ENTRY|[68]|01p0o00000GMOB6|TriggerHandle.executeNOFAPStudentsUpdate(List<Student__c>, String)
01:04:35.0 (356502917)|VARIABLE_SCOPE_BEGIN|[114]|this|TriggerHandle|true|false
01:04:35.0 (356528846)|VARIABLE_ASSIGNMENT|[114]|this|{}|0x451792d0
01:04:35.0 (356534947)|VARIABLE_SCOPE_BEGIN|[114]|studentList|List<Student__c>|true|false
01:04:35.0 (356771816)|VARIABLE_ASSIGNMENT|[114]|studentList|[{"LastModifiedDate":"2019-05-14T07:37:48.000Z","StudentId__c":"HS0076","IsDeleted":false,"Score1__c":10.00,"Score2__c":10.00,"Gender__c":true,"Score3__c":10.00,"Class__c":"a0H0o00000fJQOvEAO","Name":"a0I0o000013e10M","SystemModstamp":"2019-05-14T07:37:48.000Z","AverageScore__c":10.00,"CreatedById":"0050o00000WkyGGAAZ","Birthday__c":"2010-05-12T00:00:00.000Z","Namel__c":"vy","CreatedDate":"2019-05-10T10:57:14.000Z","Id":"a0I0o000013e10MEAQ","LastModifiedById":"0050o00000WkyGGAAZ","State__c":"Passed","Namef__c":"truong tran"}]|0x5540942d
01:04:35.0 (356786107)|VARIABLE_SCOPE_BEGIN|[114]|action|String|false|false
01:04:35.0 (356796371)|VARIABLE_ASSIGNMENT|[114]|action|"delete"
01:04:35.0 (356807515)|HEAP_ALLOCATE|[116]|Bytes:5
01:04:35.0 (356812988)|STATEMENT_EXECUTE|[115]
01:04:35.0 (356814821)|STATEMENT_EXECUTE|[116]
01:04:35.0 (356828271)|HEAP_ALLOCATE|[116]|Bytes:4
01:04:35.0 (356837095)|VARIABLE_SCOPE_BEGIN|[116]|classIDMapWithPassedStudents|Map<Id,Integer>|true|false
01:04:35.0 (356855079)|VARIABLE_ASSIGNMENT|[116]|classIDMapWithPassedStudents|{}|0x335253a5
01:04:35.0 (356860964)|STATEMENT_EXECUTE|[117]
01:04:35.0 (356867873)|HEAP_ALLOCATE|[117]|Bytes:4
01:04:35.0 (356873664)|VARIABLE_SCOPE_BEGIN|[117]|classIDMapWithFaliedStudents|Map<Id,Integer>|true|false
01:04:35.0 (356884060)|VARIABLE_ASSIGNMENT|[117]|classIDMapWithFaliedStudents|{}|0xe891954
01:04:35.0 (356910511)|HEAP_ALLOCATE|[120]|Bytes:5
01:04:35.0 (356928317)|VARIABLE_SCOPE_BEGIN|[120]|s|Student__c|true|false
01:04:35.0 (357070757)|VARIABLE_ASSIGNMENT|[120]|s|{"LastModifiedDate":"2019-05-14T07:37:48.000Z","StudentId__c":"HS0076","IsDeleted":false,"Score1__c":10.00,"Score2__c":10.00,"Gender__c":true,"Score3__c":10.00,"Class__c":"a0H0o00000fJQOvEAO","Name":"a0I0o000013e10M","SystemModstamp":"2019-05-14T07:37:48.000Z","AverageScore__c":10.00,"CreatedById":"0050o00000WkyGGAAZ","Birthday__c":"2010-05-12T00:00:00.000Z","Namel__c":"vy","CreatedDate":"2019-05-10T10:57:14.000Z","Id":"a0I0o000013e10MEAQ","LastModifiedById":"0050o00000WkyGGAAZ","State__c":"Passed","Namef__c":"truong tran"}|0x7309a277
01:04:35.0 (357083773)|STATEMENT_EXECUTE|[121]
01:04:35.0 (357121949)|STATEMENT_EXECUTE|[124]
01:04:35.0 (357180543)|STATEMENT_EXECUTE|[130]
01:04:35.0 (357182788)|STATEMENT_EXECUTE|[131]
01:04:35.0 (357205248)|HEAP_ALLOCATE|[131]|Bytes:4
01:04:35.0 (357214323)|HEAP_ALLOCATE|[EXTERNAL]|Bytes:-4
01:04:35.0 (357231010)|HEAP_ALLOCATE|[120]|Bytes:5
01:04:35.0 (357243412)|VARIABLE_ASSIGNMENT|[120]|s|null|
01:04:35.0 (357248513)|STATEMENT_EXECUTE|[147]
01:04:35.0 (357262738)|HEAP_ALLOCATE|[147]|Bytes:4
01:04:35.0 (357490950)|SOQL_EXECUTE_BEGIN|[147]|Aggregations:0|SELECT id, NumberOfFailedStudents__c, NumberOfPassedStudents__c FROM Class__c
01:04:35.0 (359621452)|SOQL_EXECUTE_END|[147]|Rows:2
01:04:35.0 (359665161)|HEAP_ALLOCATE|[147]|Bytes:12
01:04:35.0 (359693588)|HEAP_ALLOCATE|[147]|Bytes:318
01:04:35.0 (359752809)|HEAP_ALLOCATE|[147]|Bytes:12
01:04:35.0 (359773929)|VARIABLE_SCOPE_BEGIN|[147]|classList|List<Class__c>|true|false
01:04:35.0 (359818009)|VARIABLE_ASSIGNMENT|[147]|classList|[{"Id":"a0H0o00000fJQOvEAO","NumberOfFailedStudents__c":-1,"NumberOfPassedStudents__c":1},{"Id":"a0H0o00000fJQOwEAO","NumberOfFailedStudents__c":0,"NumberOfPassedStudents__c":0}]|0x7e89ee32
01:04:35.0 (359868461)|HEAP_ALLOCATE|[149]|Bytes:5
01:04:35.0 (359886300)|HEAP_ALLOCATE|[149]|Bytes:16
01:04:35.0 (359895928)|VARIABLE_SCOPE_BEGIN|[149]|c|Class__c|true|false
01:04:35.0 (359912940)|VARIABLE_ASSIGNMENT|[149]|c|{"Id":"a0H0o00000fJQOvEAO","NumberOfFailedStudents__c":-1,"NumberOfPassedStudents__c":1}|0x4c1bfaf6
01:04:35.0 (359920571)|STATEMENT_EXECUTE|[150]
01:04:35.0 (359945984)|STATEMENT_EXECUTE|[152]
01:04:35.0 (359959240)|STATEMENT_EXECUTE|[169]
01:04:35.0 (360028531)|STATEMENT_EXECUTE|[177]
01:04:35.0 (360031583)|STATEMENT_EXECUTE|[178]
01:04:35.0 (360122631)|HEAP_ALLOCATE|[178]|Bytes:28
01:04:35.0 (360128634)|HEAP_ALLOCATE|[178]|Bytes:28
01:04:35.0 (360153601)|HEAP_ALLOCATE|[178]|Bytes:28
01:04:35.0 (360157123)|HEAP_ALLOCATE|[178]|Bytes:28
01:04:35.0 (360248628)|VARIABLE_ASSIGNMENT|[178]|this.NumberOfPassedStudents__c|0|0x4c1bfaf6
01:04:35.0 (360256450)|STATEMENT_EXECUTE|[180]
01:04:35.0 (360298038)|HEAP_ALLOCATE|[180]|Bytes:8
01:04:35.0 (360313809)|DML_BEGIN|[180]|Op:Update|Type:Class__c|Rows:1
01:04:35.0 (360347828)|HEAP_ALLOCATE|[EXTERNAL]|Bytes:8
01:04:35.0 (388562333)|DML_END|[180]
01:04:35.0 (388589663)|STATEMENT_EXECUTE|[181]
01:04:35.0 (388721599)|HEAP_ALLOCATE|[149]|Bytes:5
01:04:35.0 (388752753)|HEAP_ALLOCATE|[149]|Bytes:16
01:04:35.0 (388769084)|VARIABLE_SCOPE_BEGIN|[149]|c|Class__c|true|false
01:04:35.0 (388812954)|VARIABLE_ASSIGNMENT|[149]|c|{"Id":"a0H0o00000fJQOwEAO","NumberOfFailedStudents__c":0,"NumberOfPassedStudents__c":0}|0x33004ffe
01:04:35.0 (388823413)|STATEMENT_EXECUTE|[150]
01:04:35.0 (388928329)|STATEMENT_EXECUTE|[152]
01:04:35.0 (388949631)|STATEMENT_EXECUTE|[168]
01:04:35.0 (388963749)|HEAP_ALLOCATE|[149]|Bytes:5
01:04:35.0 (388983576)|VARIABLE_ASSIGNMENT|[149]|c|null|
01:04:35.0 (389010405)|METHOD_EXIT|[68]|01p0o00000GMOB6|TriggerHandle.executeNOFAPStudentsUpdate(List<Student__c>, String)
01:04:35.0 (389024852)|SYSTEM_MODE_EXIT|false
01:04:35.0 (389040799)|METHOD_EXIT|[22]|01p0o00000GMOB6|TriggerHandle.onAfterDelete(List<Student__c>)
01:04:35.389 (389057617)|CUMULATIVE_LIMIT_USAGE
01:04:35.389 (389057617)|LIMIT_USAGE_FOR_NS|(default)|
  Number of SOQL queries: 5 out of 100
  Number of query rows: 10 out of 50000
  Number of SOSL queries: 0 out of 20
  Number of DML statements: 6 out of 150
  Number of DML rows: 6 out of 10000
  Maximum CPU time: 0 out of 10000
  Maximum heap size: 0 out of 6000000
  Number of callouts: 0 out of 100
  Number of Email Invocations: 0 out of 10
  Number of future calls: 0 out of 50
  Number of queueable jobs added to the queue: 0 out of 50
  Number of Mobile Apex push calls: 0 out of 10

01:04:35.389 (389057617)|CUMULATIVE_LIMIT_USAGE_END

01:04:35.0 (391119037)|CODE_UNIT_FINISHED|triggerStudent on Student trigger event AfterDelete|__sfdc_trigger/triggerStudent
01:04:35.0 (392494986)|DML_END|[154]
01:04:35.0 (392552514)|HEAP_ALLOCATE|[151]|Bytes:5
01:04:35.0 (392591640)|VARIABLE_ASSIGNMENT|[151]|s|null|
01:04:35.0 (392602890)|STATEMENT_EXECUTE|[157]
01:04:35.0 (392652513)|METHOD_ENTRY|[157]|01p0o00000GLKhZ|Controller.actionSearch()
01:04:35.0 (392718462)|VARIABLE_SCOPE_BEGIN|[173]|this|Controller|true|false
01:04:35.0 (392806329)|VARIABLE_ASSIGNMENT|[173]|this|{"objKeySearch":"0x3acd9498","OutputList":"0x14dfbdef","student":"0x45a4962c","sumstudents":"Total Students : 2"}|0x36daee15
01:04:35.0 (392833467)|HEAP_ALLOCATE|[174]|Bytes:5
01:04:35.0 (392842164)|STATEMENT_EXECUTE|[173]
01:04:35.0 (392844964)|STATEMENT_EXECUTE|[174]
01:04:35.0 (392846921)|STATEMENT_EXECUTE|[174]
01:04:35.0 (392926378)|VARIABLE_ASSIGNMENT|[EXTERNAL]|this|{"objKeySearch":"0x3acd9498","OutputList":"0x14dfbdef","student":"0x45a4962c","sumstudents":"Total Students : 2"}|0x36daee15
01:04:35.0 (393000436)|VARIABLE_ASSIGNMENT|[EXTERNAL]|this|{"className":"Math","increasing":false,"objStudentFrom":"0x5d0a7bdd","objStudentTo":"0x73537dcc","studentName":"0x1a865d4b"}|0x3acd9498
01:04:35.0 (393118934)|STATEMENT_EXECUTE|[175]
01:04:35.0 (393122776)|STATEMENT_EXECUTE|[179]
01:04:35.0 (393137450)|METHOD_ENTRY|[179]|01p0o00000GLKhZ|Controller.getStudent()
01:04:35.0 (393173546)|VARIABLE_SCOPE_BEGIN|[77]|this|Controller|true|false
01:04:35.0 (393223367)|VARIABLE_ASSIGNMENT|[77]|this|{"objKeySearch":"0x3acd9498","OutputList":"0x14dfbdef","student":"0x45a4962c","sumstudents":"Total Students : 2"}|0x36daee15
01:04:35.0 (393262287)|HEAP_ALLOCATE|[78]|Bytes:5
01:04:35.0 (393271028)|STATEMENT_EXECUTE|[77]
01:04:35.0 (393273642)|STATEMENT_EXECUTE|[78]
01:04:35.0 (393278577)|HEAP_ALLOCATE|[78]|Bytes:274
01:04:35.0 (393302682)|HEAP_ALLOCATE|[78]|Bytes:4
01:04:35.0 (393318832)|HEAP_ALLOCATE|[78]|Bytes:7
01:04:35.0 (393376771)|VARIABLE_ASSIGNMENT|[EXTERNAL]|this|{"objKeySearch":"0x3acd9498","OutputList":"0x14dfbdef","student":"0x45a4962c","sumstudents":"Total Students : 2"}|0x36daee15
01:04:35.0 (393423246)|VARIABLE_ASSIGNMENT|[EXTERNAL]|this|{"className":"Math","increasing":false,"objStudentFrom":"0x5d0a7bdd","objStudentTo":"0x73537dcc","studentName":"0x1a865d4b"}|0x3acd9498
01:04:35.0 (393458836)|HEAP_ALLOCATE|[78]|Bytes:7
01:04:35.0 (393506052)|VARIABLE_ASSIGNMENT|[EXTERNAL]|this|{"objKeySearch":"0x3acd9498","OutputList":"0x14dfbdef","student":"0x45a4962c","sumstudents":"Total Students : 2"}|0x36daee15
01:04:35.0 (393555271)|VARIABLE_ASSIGNMENT|[EXTERNAL]|this|{"className":"Math","increasing":false,"objStudentFrom":"0x5d0a7bdd","objStudentTo":"0x73537dcc","studentName":"0x1a865d4b"}|0x3acd9498
01:04:35.0 (393579523)|HEAP_ALLOCATE|[78]|Bytes:7
01:04:35.0 (393629319)|VARIABLE_ASSIGNMENT|[EXTERNAL]|this|{"objKeySearch":"0x3acd9498","OutputList":"0x14dfbdef","student":"0x45a4962c","sumstudents":"Total Students : 2"}|0x36daee15
01:04:35.0 (393680080)|VARIABLE_ASSIGNMENT|[EXTERNAL]|this|{"className":"Math","increasing":false,"objStudentFrom":"0x5d0a7bdd","objStudentTo":"0x73537dcc","studentName":"0x1a865d4b"}|0x3acd9498
01:04:35.0 (393703350)|HEAP_ALLOCATE|[78]|Bytes:7
01:04:35.0 (393756289)|VARIABLE_ASSIGNMENT|[EXTERNAL]|this|{"objKeySearch":"0x3acd9498","OutputList":"0x14dfbdef","student":"0x45a4962c","sumstudents":"Total Students : 2"}|0x36daee15
01:04:35.0 (393804162)|VARIABLE_ASSIGNMENT|[EXTERNAL]|this|{"className":"Math","increasing":false,"objStudentFrom":"0x5d0a7bdd","objStudentTo":"0x73537dcc","studentName":"0x1a865d4b"}|0x3acd9498
01:04:35.0 (395069217)|SOQL_EXECUTE_BEGIN|[78]|Aggregations:0|SELECT Namef__c, Namel__c, Birthday__c, Gender__c, Score1__c, Score2__c, Score3__c, AverageScore__c, State__c, StudentId__c FROM Student__c WHERE (Name LIKE :tmpVar1 OR Class__r.Name LIKE :tmpVar2 OR (Student__c.Birthday__c > :tmpVar3 AND Student__c.Birthday__c < :tmpVar4))
01:04:35.0 (403714033)|SOQL_EXECUTE_END|[78]|Rows:0
01:04:35.0 (403758077)|HEAP_ALLOCATE|[78]|Bytes:4
01:04:35.0 (403785559)|HEAP_ALLOCATE|[78]|Bytes:0
01:04:35.0 (403825622)|HEAP_ALLOCATE|[78]|Bytes:4
01:04:35.0 (403847557)|VARIABLE_SCOPE_BEGIN|[78]|studentGetList|List<Student__c>|true|false
01:04:35.0 (403880673)|VARIABLE_ASSIGNMENT|[78]|studentGetList|[]|0x503071f
01:04:35.0 (403892648)|STATEMENT_EXECUTE|[93]
01:04:35.0 (403907500)|HEAP_ALLOCATE|[93]|Bytes:4
01:04:35.0 (403966896)|VARIABLE_SCOPE_BEGIN|[93]|result|List<Controller.Output>|true|false
01:04:35.0 (403995942)|HEAP_ALLOCATE|[EXTERNAL]|Bytes:4
01:04:35.0 (404009881)|VARIABLE_ASSIGNMENT|[93]|result|[]|0x1925ea65
01:04:35.0 (404087913)|HEAP_ALLOCATE|[94]|Bytes:5
01:04:35.0 (404113161)|VARIABLE_ASSIGNMENT|[94]|s|null|
01:04:35.0 (404121881)|STATEMENT_EXECUTE|[94]
01:04:35.0 (404124661)|STATEMENT_EXECUTE|[97]
01:04:35.0 (404241273)|VARIABLE_ASSIGNMENT|[EXTERNAL]|this|{"objKeySearch":"0x3acd9498","OutputList":"0x14dfbdef","student":"0x45a4962c","sumstudents":"Total Students : 2"}|0x36daee15
01:04:35.0 (404330766)|VARIABLE_ASSIGNMENT|[EXTERNAL]|this|{"className":"Math","increasing":false,"objStudentFrom":"0x5d0a7bdd","objStudentTo":"0x73537dcc","studentName":"0x1a865d4b"}|0x3acd9498
01:04:35.0 (404374508)|METHOD_ENTRY|[97]|01p0o00000GLKhZ|Controller.sort(List<Controller.Output>, Boolean)
01:04:35.0 (404386977)|VARIABLE_SCOPE_BEGIN|[100]|this|Controller|true|false
01:04:35.0 (404430799)|VARIABLE_ASSIGNMENT|[100]|this|{"objKeySearch":"0x3acd9498","OutputList":"0x14dfbdef","student":"0x45a4962c","sumstudents":"Total Students : 2"}|0x36daee15
01:04:35.0 (404444123)|VARIABLE_SCOPE_BEGIN|[100]|l|List<Controller.Output>|true|false
01:04:35.0 (404462256)|VARIABLE_ASSIGNMENT|[100]|l|[]|0x1925ea65
01:04:35.0 (404471035)|VARIABLE_SCOPE_BEGIN|[100]|increasing|Boolean|false|false
01:04:35.0 (404484471)|VARIABLE_ASSIGNMENT|[100]|increasing|false
01:04:35.0 (404500780)|HEAP_ALLOCATE|[101]|Bytes:5
01:04:35.0 (404507647)|STATEMENT_EXECUTE|[100]
01:04:35.0 (404510243)|STATEMENT_EXECUTE|[101]
01:04:35.0 (404524457)|HEAP_ALLOCATE|[101]|Bytes:4
01:04:35.0 (404555752)|VARIABLE_SCOPE_BEGIN|[101]|result|List<Controller.Output>|true|false
01:04:35.0 (404582901)|HEAP_ALLOCATE|[EXTERNAL]|Bytes:4
01:04:35.0 (404594496)|VARIABLE_ASSIGNMENT|[101]|result|[]|0x1e37aed8
01:04:35.0 (404604867)|STATEMENT_EXECUTE|[115]
01:04:35.0 (404656210)|STATEMENT_EXECUTE|[116]
01:04:35.0 (404659371)|STATEMENT_EXECUTE|[129]
01:04:35.0 (404683513)|METHOD_EXIT|[97]|01p0o00000GLKhZ|Controller.sort(List<Controller.Output>, Boolean)
01:04:35.0 (404698290)|METHOD_EXIT|[179]|01p0o00000GLKhZ|Controller.getStudent()
01:04:35.0 (404766676)|VARIABLE_ASSIGNMENT|[EXTERNAL]|this|{"objKeySearch":"0x3acd9498","OutputList":"0x14dfbdef","student":"0x45a4962c","sumstudents":"Total Students : 2"}|0x36daee15
01:04:35.0 (404789043)|VARIABLE_ASSIGNMENT|[EXTERNAL]|value|[]|0x1e37aed8
01:04:35.0 (404814364)|VARIABLE_ASSIGNMENT|[2]|this.OutputList|[]|0x36daee15
01:04:35.0 (404835155)|STATEMENT_EXECUTE|[180]
01:04:35.0 (404841721)|HEAP_ALLOCATE|[180]|Bytes:17
01:04:35.0 (404927232)|VARIABLE_ASSIGNMENT|[EXTERNAL]|this|{"objKeySearch":"0x3acd9498","OutputList":"0x1e37aed8","student":"0x45a4962c","sumstudents":"Total Students : 2"}|0x36daee15
01:04:35.0 (404987614)|HEAP_ALLOCATE|[180]|Bytes:1
01:04:35.0 (405009814)|HEAP_ALLOCATE|[180]|Bytes:18
01:04:35.0 (405083466)|VARIABLE_ASSIGNMENT|[EXTERNAL]|this|{"objKeySearch":"0x3acd9498","OutputList":"0x1e37aed8","student":"0x45a4962c","sumstudents":"Total Students : 2"}|0x36daee15
01:04:35.0 (405102093)|VARIABLE_ASSIGNMENT|[EXTERNAL]|value|"Total Students : 0"
01:04:35.0 (405121088)|VARIABLE_ASSIGNMENT|[7]|this.sumstudents|"Total Students : 0"|0x36daee15
01:04:35.0 (405142901)|METHOD_EXIT|[157]|01p0o00000GLKhZ|Controller.actionSearch()
01:04:35.0 (405151736)|STATEMENT_EXECUTE|[158]
01:04:35.0 (405157216)|SYSTEM_MODE_EXIT|false
01:04:35.0 (426177966)|SYSTEM_MODE_ENTER|true
01:04:35.0 (426904878)|SYSTEM_MODE_ENTER|true
01:04:35.428 (428073847)|SYSTEM_MODE_ENTER|true
01:04:35.428 (428195067)|HEAP_ALLOCATE|[EXTERNAL]|Bytes:8
01:04:35.428 (428214236)|VARIABLE_SCOPE_BEGIN|[88]|this|ApexPage.PageMessagesComponentController|true|false
01:04:35.428 (428288554)|VARIABLE_ASSIGNMENT|[88]|this|{}|0x42273b15
01:04:35.428 (428303898)|VARIABLE_SCOPE_BEGIN|[88]|escape|Boolean|false|false
01:04:35.428 (428318208)|VARIABLE_ASSIGNMENT|[88]|escape|null
01:04:35.428 (428455687)|SYSTEM_MODE_ENTER|true
01:04:35.428 (428516202)|HEAP_ALLOCATE|[EXTERNAL]|Bytes:8
01:04:35.428 (428526906)|VARIABLE_SCOPE_BEGIN|[2]|this|ApexPage.PageMessagesComponentController|true|false
01:04:35.428 (428556727)|VARIABLE_ASSIGNMENT|[2]|this|{}|0x42273b15
01:04:35.0 (429098413)|SYSTEM_MODE_ENTER|true
01:04:35.0 (431417647)|SYSTEM_MODE_ENTER|true
01:04:35.0 (431474856)|HEAP_ALLOCATE|[EXTERNAL]|Bytes:40
01:04:35.0 (431485584)|VARIABLE_SCOPE_BEGIN|[67]|this|Controller|true|false
01:04:35.0 (431535541)|VARIABLE_ASSIGNMENT|[67]|this|{"objKeySearch":"0x3acd9498","OutputList":"0x1e37aed8","student":"0x45a4962c","sumstudents":"Total Students : 0"}|0x36daee15
01:04:35.0 (431550197)|SYSTEM_MODE_ENTER|false
01:04:35.0 (431557745)|HEAP_ALLOCATE|[68]|Bytes:5
01:04:35.0 (431564180)|STATEMENT_EXECUTE|[67]
01:04:35.0 (431566424)|STATEMENT_EXECUTE|[68]
01:04:35.0 (431579947)|HEAP_ALLOCATE|[68]|Bytes:4
01:04:35.0 (431600253)|VARIABLE_SCOPE_BEGIN|[68]|options|List<System.SelectOption>|true|false
01:04:35.0 (431628111)|HEAP_ALLOCATE|[EXTERNAL]|Bytes:4
01:04:35.0 (431640182)|VARIABLE_ASSIGNMENT|[68]|options|[]|0x1df7cd55
01:04:35.0 (431646503)|STATEMENT_EXECUTE|[69]
01:04:35.0 (431657952)|HEAP_ALLOCATE|[69]|Bytes:4
01:04:35.0 (431833340)|SOQL_EXECUTE_BEGIN|[69]|Aggregations:0|SELECT className__C FROM Class__c
01:04:35.0 (434112038)|SOQL_EXECUTE_END|[69]|Rows:2
01:04:35.0 (434140856)|HEAP_ALLOCATE|[69]|Bytes:12
01:04:35.0 (434168825)|HEAP_ALLOCATE|[69]|Bytes:101
01:04:35.0 (434204185)|HEAP_ALLOCATE|[69]|Bytes:12
01:04:35.0 (434219033)|VARIABLE_SCOPE_BEGIN|[69]|data|List<Class__c>|true|false
01:04:35.0 (434250901)|VARIABLE_ASSIGNMENT|[69]|data|[{"className__c":"Math","Id":"a0H0o00000fJQOvEAO"},{"className__c":"English","Id":"a0H0o00000fJQOwEAO"}]|0x57b22945
01:04:35.0 (434290710)|HEAP_ALLOCATE|[70]|Bytes:5
01:04:35.0 (434308719)|HEAP_ALLOCATE|[70]|Bytes:12
01:04:35.0 (434318253)|VARIABLE_SCOPE_BEGIN|[70]|c|Class__c|true|false
01:04:35.0 (434338795)|VARIABLE_ASSIGNMENT|[70]|c|{"className__c":"Math","Id":"a0H0o00000fJQOvEAO"}|0x11776ed1
01:04:35.0 (434346634)|STATEMENT_EXECUTE|[70]
01:04:35.0 (434348939)|STATEMENT_EXECUTE|[71]
01:04:35.0 (434465130)|HEAP_ALLOCATE|[71]|Bytes:4
01:04:35.0 (434517895)|HEAP_ALLOCATE|[71]|Bytes:4
01:04:35.0 (434546496)|HEAP_ALLOCATE|[EXTERNAL]|Bytes:4
01:04:35.0 (434561993)|HEAP_ALLOCATE|[70]|Bytes:5
01:04:35.0 (434573758)|HEAP_ALLOCATE|[70]|Bytes:12
01:04:35.0 (434580312)|VARIABLE_SCOPE_BEGIN|[70]|c|Class__c|true|false
01:04:35.0 (434596951)|VARIABLE_ASSIGNMENT|[70]|c|{"className__c":"English","Id":"a0H0o00000fJQOwEAO"}|0x25807af4
01:04:35.0 (434602689)|STATEMENT_EXECUTE|[70]
01:04:35.0 (434604450)|STATEMENT_EXECUTE|[71]
01:04:35.0 (434637382)|HEAP_ALLOCATE|[71]|Bytes:7
01:04:35.0 (434667205)|HEAP_ALLOCATE|[71]|Bytes:7
01:04:35.0 (434683252)|HEAP_ALLOCATE|[EXTERNAL]|Bytes:4
01:04:35.0 (434695076)|HEAP_ALLOCATE|[70]|Bytes:5
01:04:35.0 (434706428)|VARIABLE_ASSIGNMENT|[70]|c|null|
01:04:35.0 (434712389)|STATEMENT_EXECUTE|[74]
01:04:35.0 (434717572)|SYSTEM_MODE_EXIT|false
01:04:35.436 (436425765)|SYSTEM_MODE_ENTER|true
01:04:35.436 (436511871)|HEAP_ALLOCATE|[EXTERNAL]|Bytes:8
01:04:35.436 (436523843)|VARIABLE_SCOPE_BEGIN|[88]|this|ApexPage.PageMessagesComponentController|true|false
01:04:35.436 (436558406)|VARIABLE_ASSIGNMENT|[88]|this|{}|0x42273b15
01:04:35.436 (436565928)|VARIABLE_SCOPE_BEGIN|[88]|escape|Boolean|false|false
01:04:35.436 (436579788)|VARIABLE_ASSIGNMENT|[88]|escape|null
01:04:35.436 (436721235)|SYSTEM_MODE_ENTER|true
01:04:35.436 (436782816)|HEAP_ALLOCATE|[EXTERNAL]|Bytes:8
01:04:35.436 (436792352)|VARIABLE_SCOPE_BEGIN|[2]|this|ApexPage.PageMessagesComponentController|true|false
01:04:35.436 (436819657)|VARIABLE_ASSIGNMENT|[2]|this|{}|0x42273b15
01:04:35.0 (438252034)|SYSTEM_MODE_ENTER|true
01:04:35.0 (440868630)|VF_SERIALIZE_VIEWSTATE_BEGIN|0660o000008sEYc
01:04:35.0 (444655118)|VF_SERIALIZE_VIEWSTATE_END
01:04:35.448 (448059858)|CUMULATIVE_LIMIT_USAGE
01:04:35.448 (448059858)|LIMIT_USAGE_FOR_NS|(default)|
  Number of SOQL queries: 7 out of 100
  Number of query rows: 12 out of 50000
  Number of SOSL queries: 0 out of 20
  Number of DML statements: 6 out of 150
  Number of DML rows: 6 out of 10000
  Maximum CPU time: 0 out of 10000
  Maximum heap size: 0 out of 6000000
  Number of callouts: 0 out of 100
  Number of Email Invocations: 0 out of 10
  Number of future calls: 0 out of 50
  Number of queueable jobs added to the queue: 0 out of 50
  Number of Mobile Apex push calls: 0 out of 10

01:04:35.448 (448059858)|CUMULATIVE_LIMIT_USAGE_END

01:04:35.0 (448143241)|CODE_UNIT_FINISHED|VF: /apex/MainPage
01:04:35.0 (449456212)|EXECUTION_FINISHED
