36.0 APEX_CODE,FINEST;APEX_PROFILING,INFO;CALLOUT,INFO;DB,INFO;NBA,INFO;SYSTEM,DEBUG;VALIDATION,INFO;VISUALFORCE,INFO;WAVE,INFO;WORKFLOW,INFO
01:55:09.0 (113338)|USER_INFO|[EXTERNAL]|0050o00000WkyGG|ttvy@keizu.co.jp|Pacific Standard Time|GMT-07:00
01:55:09.0 (150346)|EXECUTION_STARTED
01:55:09.0 (154457)|CODE_UNIT_STARTED|[EXTERNAL]|0660o000008sfSa|VF: /apex/StudentDetails
01:55:09.0 (2118756)|SYSTEM_MODE_ENTER|true
01:55:09.0 (2597728)|HEAP_ALLOCATE|[72]|Bytes:3
01:55:09.0 (2641176)|HEAP_ALLOCATE|[77]|Bytes:152
01:55:09.0 (2657756)|HEAP_ALLOCATE|[342]|Bytes:408
01:55:09.0 (2671147)|HEAP_ALLOCATE|[355]|Bytes:408
01:55:09.0 (2685794)|HEAP_ALLOCATE|[467]|Bytes:48
01:55:09.0 (2722343)|HEAP_ALLOCATE|[139]|Bytes:6
01:55:09.0 (2756399)|HEAP_ALLOCATE|[EXTERNAL]|Bytes:34
01:55:09.0 (2768935)|HEAP_ALLOCATE|[EXTERNAL]|Bytes:308
01:55:09.0 (2792793)|HEAP_ALLOCATE|[EXTERNAL]|Bytes:61
01:55:09.0 (2800758)|HEAP_ALLOCATE|[EXTERNAL]|Bytes:7
01:55:09.0 (2813800)|METHOD_ENTRY|[1]|01p0o00000GLKhZ|Controller.Controller()
01:55:09.0 (2821176)|STATEMENT_EXECUTE|[1]
01:55:09.0 (2838477)|STATEMENT_EXECUTE|[1]
01:55:09.0 (2882809)|HEAP_ALLOCATE|[50]|Bytes:5
01:55:09.0 (2903969)|HEAP_ALLOCATE|[56]|Bytes:5
01:55:09.0 (2912986)|HEAP_ALLOCATE|[64]|Bytes:7
01:55:09.0 (2929738)|SYSTEM_MODE_ENTER|false
01:55:09.0 (2940932)|HEAP_ALLOCATE|[EXTERNAL]|Bytes:5
01:55:09.0 (2946029)|STATEMENT_EXECUTE|[14]
01:55:09.0 (2947930)|STATEMENT_EXECUTE|[49]
01:55:09.0 (2951403)|STATEMENT_EXECUTE|[65]
01:55:09.0 (2957385)|SYSTEM_MODE_EXIT|false
01:55:09.0 (2968327)|METHOD_EXIT|[1]|Controller
01:55:09.0 (2975373)|HEAP_ALLOCATE|[EXTERNAL]|Bytes:44
01:55:09.0 (2983201)|VARIABLE_SCOPE_BEGIN|[43]|this|Controller|true|false
01:55:09.0 (3063693)|VARIABLE_ASSIGNMENT|[43]|this|{}|0x64cd5c96
01:55:09.0 (3078863)|SYSTEM_MODE_ENTER|false
01:55:09.0 (3086381)|HEAP_ALLOCATE|[44]|Bytes:5
01:55:09.0 (3091993)|STATEMENT_EXECUTE|[1]
01:55:09.0 (3094852)|HEAP_ALLOCATE|[44]|Bytes:5
01:55:09.0 (3098995)|STATEMENT_EXECUTE|[2]
01:55:09.0 (3100843)|STATEMENT_EXECUTE|[3]
01:55:09.0 (3102349)|STATEMENT_EXECUTE|[4]
01:55:09.0 (3103683)|STATEMENT_EXECUTE|[5]
01:55:09.0 (3105234)|STATEMENT_EXECUTE|[6]
01:55:09.0 (3106684)|STATEMENT_EXECUTE|[7]
01:55:09.0 (3109599)|STATEMENT_EXECUTE|[8]
01:55:09.0 (3111117)|STATEMENT_EXECUTE|[9]
01:55:09.0 (3112463)|STATEMENT_EXECUTE|[10]
01:55:09.0 (3114130)|STATEMENT_EXECUTE|[11]
01:55:09.0 (3138263)|HEAP_ALLOCATE|[44]|Bytes:6
01:55:09.0 (3177305)|STATEMENT_EXECUTE|[43]
01:55:09.0 (3179398)|STATEMENT_EXECUTE|[44]
01:55:09.0 (3318428)|HEAP_ALLOCATE|[44]|Bytes:4
01:55:09.0 (3493269)|VARIABLE_ASSIGNMENT|[EXTERNAL]|this|{}|0x64cd5c96
01:55:09.0 (3513268)|VARIABLE_ASSIGNMENT|[EXTERNAL]|value|{}|0x2b2cf180
01:55:09.0 (3529948)|VARIABLE_ASSIGNMENT|[11]|this.student|{}|0x64cd5c96
01:55:09.0 (3542899)|STATEMENT_EXECUTE|[45]
01:55:09.0 (3619897)|HEAP_ALLOCATE|[45]|Bytes:188
01:55:09.0 (3628305)|HEAP_ALLOCATE|[45]|Bytes:17
01:55:09.0 (3636687)|HEAP_ALLOCATE|[45]|Bytes:24
01:55:09.0 (3665227)|CONSTRUCTOR_ENTRY|[45]|01p0o00000GLKhZ|<init>()|Controller.KeySearchDTO
01:55:09.0 (3704626)|VARIABLE_SCOPE_BEGIN|[56]|this|Controller.KeySearchDTO|true|false
01:55:09.0 (3732432)|VARIABLE_ASSIGNMENT|[56]|this|{}|0x495fcaf7
01:55:09.0 (3741718)|STATEMENT_EXECUTE|[49]
01:55:09.0 (3743282)|STATEMENT_EXECUTE|[50]
01:55:09.0 (3744877)|STATEMENT_EXECUTE|[51]
01:55:09.0 (3746229)|STATEMENT_EXECUTE|[52]
01:55:09.0 (3749110)|STATEMENT_EXECUTE|[53]
01:55:09.0 (3750599)|STATEMENT_EXECUTE|[54]
01:55:09.0 (3762465)|STATEMENT_EXECUTE|[56]
01:55:09.0 (3764063)|STATEMENT_EXECUTE|[57]
01:55:09.0 (3780421)|HEAP_ALLOCATE|[57]|Bytes:4
01:55:09.0 (3901734)|VARIABLE_ASSIGNMENT|[EXTERNAL]|this|{}|0x495fcaf7
01:55:09.0 (3918051)|VARIABLE_ASSIGNMENT|[EXTERNAL]|value|{}|0x453e0c05
01:55:09.0 (3933400)|VARIABLE_ASSIGNMENT|[54]|this.objStudentFrom|{}|0x495fcaf7
01:55:09.0 (3945110)|STATEMENT_EXECUTE|[58]
01:55:09.0 (3960583)|HEAP_ALLOCATE|[58]|Bytes:4
01:55:09.0 (4050030)|VARIABLE_ASSIGNMENT|[EXTERNAL]|this|{"objStudentFrom":"0x453e0c05"}|0x495fcaf7
01:55:09.0 (4065832)|VARIABLE_ASSIGNMENT|[EXTERNAL]|value|{}|0x75c5b21d
01:55:09.0 (4080232)|VARIABLE_ASSIGNMENT|[53]|this.objStudentTo|{}|0x495fcaf7
01:55:09.0 (4092627)|STATEMENT_EXECUTE|[59]
01:55:09.0 (4136397)|VARIABLE_ASSIGNMENT|[EXTERNAL]|this|{"objStudentFrom":"0x453e0c05","objStudentTo":"0x75c5b21d"}|0x495fcaf7
01:55:09.0 (4152691)|VARIABLE_ASSIGNMENT|[EXTERNAL]|value|false
01:55:09.0 (4161336)|HEAP_ALLOCATE|[50]|Bytes:5
01:55:09.0 (4171525)|VARIABLE_ASSIGNMENT|[50]|this.increasing|false|0x495fcaf7
01:55:09.0 (4182298)|STATEMENT_EXECUTE|[60]
01:55:09.0 (4197467)|HEAP_ALLOCATE|[60]|Bytes:4
01:55:09.0 (4268824)|VARIABLE_ASSIGNMENT|[EXTERNAL]|this|{"increasing":false,"objStudentFrom":"0x453e0c05","objStudentTo":"0x75c5b21d"}|0x495fcaf7
01:55:09.0 (4286557)|VARIABLE_ASSIGNMENT|[EXTERNAL]|value|{}|0x4f6d58e4
01:55:09.0 (4299304)|VARIABLE_ASSIGNMENT|[51]|this.studentName|{}|0x495fcaf7
01:55:09.0 (4310531)|STATEMENT_EXECUTE|[61]
01:55:09.0 (4352630)|VARIABLE_ASSIGNMENT|[EXTERNAL]|this|{"increasing":false,"objStudentFrom":"0x453e0c05","objStudentTo":"0x75c5b21d","studentName":"0x4f6d58e4"}|0x495fcaf7
01:55:09.0 (4368218)|VARIABLE_ASSIGNMENT|[EXTERNAL]|value|""
01:55:09.0 (4377918)|VARIABLE_ASSIGNMENT|[52]|this.className|""|0x495fcaf7
01:55:09.0 (4391127)|CONSTRUCTOR_EXIT|[45]|01p0o00000GLKhZ|<init>()|Controller.KeySearchDTO
01:55:09.0 (4429287)|VARIABLE_ASSIGNMENT|[EXTERNAL]|this|{"student":"0x2b2cf180"}|0x64cd5c96
01:55:09.0 (4454957)|VARIABLE_ASSIGNMENT|[EXTERNAL]|value|{"className":"","increasing":false,"objStudentFrom":"0x453e0c05","objStudentTo":"0x75c5b21d","studentName":"0x4f6d58e4"}|0x495fcaf7
01:55:09.0 (4468203)|VARIABLE_ASSIGNMENT|[3]|this.objKeySearch|0x495fcaf7|0x64cd5c96
01:55:09.0 (4479329)|STATEMENT_EXECUTE|[46]
01:55:09.0 (4558744)|HEAP_ALLOCATE|[46]|Bytes:240
01:55:09.0 (4568257)|HEAP_ALLOCATE|[46]|Bytes:32
01:55:09.0 (4580294)|HEAP_ALLOCATE|[46]|Bytes:40
01:55:09.0 (4597281)|CONSTRUCTOR_ENTRY|[46]|01p0o00000GLKhZ|<init>()|Controller.StudentDetails
01:55:09.0 (4619304)|VARIABLE_SCOPE_BEGIN|[25]|this|Controller.StudentDetails|true|false
01:55:09.0 (4690507)|VARIABLE_ASSIGNMENT|[25]|this|{}|0x5c55536c
01:55:09.0 (4700469)|STATEMENT_EXECUTE|[14]
01:55:09.0 (4703333)|STATEMENT_EXECUTE|[15]
01:55:09.0 (4704791)|STATEMENT_EXECUTE|[16]
01:55:09.0 (4706153)|STATEMENT_EXECUTE|[17]
01:55:09.0 (4707840)|STATEMENT_EXECUTE|[18]
01:55:09.0 (4710503)|STATEMENT_EXECUTE|[19]
01:55:09.0 (4712011)|STATEMENT_EXECUTE|[20]
01:55:09.0 (4714213)|STATEMENT_EXECUTE|[21]
01:55:09.0 (4715584)|STATEMENT_EXECUTE|[22]
01:55:09.0 (4716942)|STATEMENT_EXECUTE|[23]
01:55:09.0 (4731483)|STATEMENT_EXECUTE|[25]
01:55:09.0 (4734786)|CONSTRUCTOR_EXIT|[46]|01p0o00000GLKhZ|<init>()|Controller.StudentDetails
01:55:09.0 (4788486)|VARIABLE_ASSIGNMENT|[EXTERNAL]|this|{"objKeySearch":"0x495fcaf7","student":"0x2b2cf180"}|0x64cd5c96
01:55:09.0 (4810796)|VARIABLE_ASSIGNMENT|[EXTERNAL]|value|{}|0x5c55536c
01:55:09.0 (4824370)|VARIABLE_ASSIGNMENT|[4]|this.studentSelectedById|0x5c55536c|0x64cd5c96
01:55:09.0 (4838939)|SYSTEM_MODE_EXIT|false
01:55:09.0 (4901194)|SYSTEM_MODE_ENTER|true
01:55:09.0 (6894977)|VF_SERIALIZE_VIEWSTATE_BEGIN|0660o000008sfSa
01:55:09.0 (8534441)|VF_SERIALIZE_VIEWSTATE_END
01:55:09.10 (10632089)|CUMULATIVE_LIMIT_USAGE
01:55:09.10 (10632089)|LIMIT_USAGE_FOR_NS|(default)|
  Number of SOQL queries: 0 out of 100
  Number of query rows: 0 out of 50000
  Number of SOSL queries: 0 out of 20
  Number of DML statements: 0 out of 150
  Number of DML rows: 0 out of 10000
  Maximum CPU time: 0 out of 10000
  Maximum heap size: 0 out of 6000000
  Number of callouts: 0 out of 100
  Number of Email Invocations: 0 out of 10
  Number of future calls: 0 out of 50
  Number of queueable jobs added to the queue: 0 out of 50
  Number of Mobile Apex push calls: 0 out of 10

01:55:09.10 (10632089)|CUMULATIVE_LIMIT_USAGE_END

01:55:09.0 (10672846)|CODE_UNIT_FINISHED|VF: /apex/StudentDetails
01:55:09.0 (11437170)|EXECUTION_FINISHED
