36.0 APEX_CODE,FINEST;APEX_PROFILING,INFO;CALLOUT,INFO;DB,INFO;NBA,INFO;SYSTEM,DEBUG;VALIDATION,INFO;VISUALFORCE,INFO;WAVE,INFO;WORKFLOW,INFO
02:50:24.0 (145454)|USER_INFO|[EXTERNAL]|0050o00000WkyGG|ttvy@keizu.co.jp|Pacific Standard Time|GMT-07:00
02:50:24.0 (187728)|EXECUTION_STARTED
02:50:24.0 (194638)|CODE_UNIT_STARTED|[EXTERNAL]|0660o000008sEYc|VF: /apex/MainPage
02:50:24.0 (369161)|VF_DESERIALIZE_VIEWSTATE_BEGIN|0660o000008sEYc
02:50:24.0 (4736994)|HEAP_ALLOCATE|[72]|Bytes:3
02:50:24.0 (4797327)|HEAP_ALLOCATE|[77]|Bytes:152
02:50:24.0 (4816882)|HEAP_ALLOCATE|[342]|Bytes:408
02:50:24.0 (4831761)|HEAP_ALLOCATE|[355]|Bytes:408
02:50:24.0 (4860054)|HEAP_ALLOCATE|[467]|Bytes:48
02:50:24.0 (4894233)|HEAP_ALLOCATE|[139]|Bytes:6
02:50:24.0 (8849776)|VF_DESERIALIZE_VIEWSTATE_END
02:50:24.0 (9734508)|SYSTEM_MODE_ENTER|true
02:50:24.0 (9782945)|HEAP_ALLOCATE|[EXTERNAL]|Bytes:348
02:50:24.0 (9799170)|HEAP_ALLOCATE|[EXTERNAL]|Bytes:55
02:50:24.0 (9816185)|METHOD_ENTRY|[1]|01p0o00000GLKhZ|Controller.Controller()
02:50:24.0 (9822900)|STATEMENT_EXECUTE|[1]
02:50:24.0 (9829318)|STATEMENT_EXECUTE|[1]
02:50:24.0 (9868489)|HEAP_ALLOCATE|[50]|Bytes:5
02:50:24.0 (9902077)|HEAP_ALLOCATE|[56]|Bytes:5
02:50:24.0 (9912174)|HEAP_ALLOCATE|[64]|Bytes:7
02:50:24.0 (9936617)|SYSTEM_MODE_ENTER|false
02:50:24.0 (9950635)|HEAP_ALLOCATE|[EXTERNAL]|Bytes:5
02:50:24.0 (9960375)|SYSTEM_MODE_EXIT|false
02:50:24.0 (9968453)|METHOD_EXIT|[1]|Controller
02:50:24.0 (10104402)|SYSTEM_MODE_ENTER|true
02:50:24.0 (10422340)|HEAP_ALLOCATE|[EXTERNAL]|Bytes:60
02:50:24.0 (10439777)|VARIABLE_SCOPE_BEGIN|[38]|this|Controller|true|false
02:50:24.0 (10537444)|VARIABLE_ASSIGNMENT|[38]|this|{"studentList":"0x3b36933d","sumstudents":"Total Students : 12","userinput":"a","userselect":"L03"}|0x7ca9698
02:50:24.0 (10568643)|SYSTEM_MODE_ENTER|false
02:50:24.0 (10577776)|HEAP_ALLOCATE|[39]|Bytes:5
02:50:24.0 (10584852)|STATEMENT_EXECUTE|[38]
02:50:24.0 (10587026)|STATEMENT_EXECUTE|[39]
02:50:24.0 (10604234)|HEAP_ALLOCATE|[39]|Bytes:4
02:50:24.0 (10655705)|VARIABLE_SCOPE_BEGIN|[39]|options|List<System.SelectOption>|true|false
02:50:24.0 (10689680)|HEAP_ALLOCATE|[EXTERNAL]|Bytes:4
02:50:24.0 (10704091)|VARIABLE_ASSIGNMENT|[39]|options|[]|0x7f9552b4
02:50:24.0 (10714310)|STATEMENT_EXECUTE|[40]
02:50:24.0 (10718575)|HEAP_ALLOCATE|[40]|Bytes:33
02:50:24.0 (10734160)|HEAP_ALLOCATE|[40]|Bytes:4
02:50:24.0 (11111720)|SOQL_EXECUTE_BEGIN|[40]|Aggregations:0|SELECT className__C FROM Class__c
02:50:24.0 (13229336)|SOQL_EXECUTE_END|[40]|Rows:4
02:50:24.0 (13252280)|HEAP_ALLOCATE|[40]|Bytes:20
02:50:24.0 (13275763)|HEAP_ALLOCATE|[40]|Bytes:193
02:50:24.0 (13353166)|HEAP_ALLOCATE|[40]|Bytes:20
02:50:24.0 (13369984)|VARIABLE_SCOPE_BEGIN|[40]|data|List<Class__c>|true|false
02:50:24.0 (13407108)|VARIABLE_ASSIGNMENT|[40]|data|[{"className__c":"Name","Id":"a0H0o00000fIXZEEA4"},{"className__c":"L02","Id":"a0H0o00000fIXflEAG"},{"className__c":"L01","Id":"a0H0o00000fIXZYEA4"},{"className__c":"L03","Id":"a0H0o00000fIXg0EAG"}]|0xac5ed48
02:50:24.0 (13704970)|HEAP_ALLOCATE|[41]|Bytes:5
02:50:24.0 (13739192)|HEAP_ALLOCATE|[41]|Bytes:12
02:50:24.0 (13753477)|VARIABLE_SCOPE_BEGIN|[41]|c|Class__c|true|false
02:50:24.0 (13778042)|VARIABLE_ASSIGNMENT|[41]|c|{"className__c":"Name","Id":"a0H0o00000fIXZEEA4"}|0x1e78af32
02:50:24.0 (13790068)|STATEMENT_EXECUTE|[41]
02:50:24.0 (13792737)|STATEMENT_EXECUTE|[42]
02:50:24.0 (13802430)|HEAP_ALLOCATE|[42]|Bytes:12
02:50:24.0 (13949006)|HEAP_ALLOCATE|[42]|Bytes:4
02:50:24.0 (13998960)|HEAP_ALLOCATE|[42]|Bytes:4
02:50:24.0 (14049619)|HEAP_ALLOCATE|[EXTERNAL]|Bytes:4
02:50:24.0 (14068157)|HEAP_ALLOCATE|[41]|Bytes:5
02:50:24.0 (14081276)|HEAP_ALLOCATE|[41]|Bytes:12
02:50:24.0 (14089678)|VARIABLE_SCOPE_BEGIN|[41]|c|Class__c|true|false
02:50:24.0 (14108138)|VARIABLE_ASSIGNMENT|[41]|c|{"className__c":"L02","Id":"a0H0o00000fIXflEAG"}|0x5a89ca22
02:50:24.0 (14115559)|STATEMENT_EXECUTE|[41]
02:50:24.0 (14117386)|STATEMENT_EXECUTE|[42]
02:50:24.0 (14157286)|HEAP_ALLOCATE|[42]|Bytes:3
02:50:24.0 (14194177)|HEAP_ALLOCATE|[42]|Bytes:3
02:50:24.0 (14214627)|HEAP_ALLOCATE|[EXTERNAL]|Bytes:4
02:50:24.0 (14228453)|HEAP_ALLOCATE|[41]|Bytes:5
02:50:24.0 (14239814)|HEAP_ALLOCATE|[41]|Bytes:12
02:50:24.0 (14246219)|VARIABLE_SCOPE_BEGIN|[41]|c|Class__c|true|false
02:50:24.0 (14262338)|VARIABLE_ASSIGNMENT|[41]|c|{"className__c":"L01","Id":"a0H0o00000fIXZYEA4"}|0x51a5db4d
02:50:24.0 (14268284)|STATEMENT_EXECUTE|[41]
02:50:24.0 (14269963)|STATEMENT_EXECUTE|[42]
02:50:24.0 (14301777)|HEAP_ALLOCATE|[42]|Bytes:3
02:50:24.0 (14359979)|HEAP_ALLOCATE|[42]|Bytes:3
02:50:24.0 (14394230)|HEAP_ALLOCATE|[EXTERNAL]|Bytes:4
02:50:24.0 (14415840)|HEAP_ALLOCATE|[41]|Bytes:5
02:50:24.0 (14432817)|HEAP_ALLOCATE|[41]|Bytes:12
02:50:24.0 (14444515)|VARIABLE_SCOPE_BEGIN|[41]|c|Class__c|true|false
02:50:24.0 (14468333)|VARIABLE_ASSIGNMENT|[41]|c|{"className__c":"L03","Id":"a0H0o00000fIXg0EAG"}|0x431c9a88
02:50:24.0 (14476262)|STATEMENT_EXECUTE|[41]
02:50:24.0 (14477950)|STATEMENT_EXECUTE|[42]
02:50:24.0 (14518539)|HEAP_ALLOCATE|[42]|Bytes:3
02:50:24.0 (14553522)|HEAP_ALLOCATE|[42]|Bytes:3
02:50:24.0 (14572114)|HEAP_ALLOCATE|[EXTERNAL]|Bytes:4
02:50:24.0 (14602775)|HEAP_ALLOCATE|[41]|Bytes:5
02:50:24.0 (14618581)|VARIABLE_ASSIGNMENT|[41]|c|null|
02:50:24.0 (14624495)|STATEMENT_EXECUTE|[45]
02:50:24.0 (14634003)|SYSTEM_MODE_EXIT|false
02:50:24.0 (14797171)|SYSTEM_MODE_ENTER|true
02:50:24.0 (14978221)|SYSTEM_MODE_ENTER|true
02:50:24.0 (15006976)|HEAP_ALLOCATE|[EXTERNAL]|Bytes:1
02:50:24.0 (15014254)|HEAP_ALLOCATE|[EXTERNAL]|Bytes:60
02:50:24.0 (15034548)|VARIABLE_ASSIGNMENT|[EXTERNAL]|this.userinput|"a"|0x7ca9698
02:50:24.0 (15104629)|SYSTEM_MODE_ENTER|true
02:50:24.0 (15127286)|HEAP_ALLOCATE|[EXTERNAL]|Bytes:3
02:50:24.0 (15132482)|HEAP_ALLOCATE|[EXTERNAL]|Bytes:60
02:50:24.0 (15145613)|VARIABLE_ASSIGNMENT|[EXTERNAL]|this.userselect|"L02"|0x7ca9698
02:50:24.0 (15311738)|HEAP_ALLOCATE|[EXTERNAL]|Bytes:60
02:50:24.0 (15321794)|VARIABLE_SCOPE_BEGIN|[101]|this|Controller|true|false
02:50:24.0 (15373184)|VARIABLE_ASSIGNMENT|[101]|this|{"studentList":"0x3b36933d","sumstudents":"Total Students : 12","userinput":"a","userselect":"L02"}|0x7ca9698
02:50:24.0 (15390284)|SYSTEM_MODE_ENTER|false
02:50:24.0 (15398060)|HEAP_ALLOCATE|[102]|Bytes:5
02:50:24.0 (15404269)|STATEMENT_EXECUTE|[101]
02:50:24.0 (15406278)|STATEMENT_EXECUTE|[102]
02:50:24.0 (15407818)|STATEMENT_EXECUTE|[102]
02:50:24.0 (15460601)|VARIABLE_ASSIGNMENT|[EXTERNAL]|this|{"studentList":"0x3b36933d","sumstudents":"Total Students : 12","userinput":"a","userselect":"L02"}|0x7ca9698
02:50:24.0 (15509833)|STATEMENT_EXECUTE|[103]
02:50:24.0 (15512323)|STATEMENT_EXECUTE|[107]
02:50:24.0 (15530709)|METHOD_ENTRY|[107]|01p0o00000GLKhZ|Controller.getStudent()
02:50:24.0 (15545939)|VARIABLE_SCOPE_BEGIN|[47]|this|Controller|true|false
02:50:24.0 (15579529)|VARIABLE_ASSIGNMENT|[47]|this|{"studentList":"0x3b36933d","sumstudents":"Total Students : 12","userinput":"a","userselect":"L02"}|0x7ca9698
02:50:24.0 (15593098)|HEAP_ALLOCATE|[48]|Bytes:5
02:50:24.0 (15599188)|STATEMENT_EXECUTE|[47]
02:50:24.0 (15601103)|STATEMENT_EXECUTE|[48]
02:50:24.0 (15604304)|HEAP_ALLOCATE|[48]|Bytes:1
02:50:24.0 (15641970)|VARIABLE_ASSIGNMENT|[EXTERNAL]|this|{"studentList":"0x3b36933d","sumstudents":"Total Students : 12","userinput":"a","userselect":"L02"}|0x7ca9698
02:50:24.0 (15666556)|HEAP_ALLOCATE|[48]|Bytes:3
02:50:24.0 (15674479)|VARIABLE_SCOPE_BEGIN|[48]|selectName|String|false|false
02:50:24.0 (15686531)|VARIABLE_ASSIGNMENT|[48]|selectName|"%a%"
02:50:24.0 (15692056)|STATEMENT_EXECUTE|[49]
02:50:24.0 (15729352)|VARIABLE_ASSIGNMENT|[EXTERNAL]|this|{"studentList":"0x3b36933d","sumstudents":"Total Students : 12","userinput":"a","userselect":"L02"}|0x7ca9698
02:50:24.0 (15743347)|HEAP_ALLOCATE|[49]|Bytes:5
02:50:24.0 (15749360)|VARIABLE_SCOPE_BEGIN|[49]|selectClass|String|false|false
02:50:24.0 (15760110)|VARIABLE_ASSIGNMENT|[49]|selectClass|"%L02%"
02:50:24.0 (15765170)|STATEMENT_EXECUTE|[50]
02:50:24.0 (15768262)|HEAP_ALLOCATE|[50]|Bytes:197
02:50:24.0 (15783034)|HEAP_ALLOCATE|[50]|Bytes:4
02:50:24.0 (15791403)|HEAP_ALLOCATE|[50]|Bytes:7
02:50:24.0 (15807387)|HEAP_ALLOCATE|[50]|Bytes:7
02:50:24.0 (16821037)|SOQL_EXECUTE_BEGIN|[50]|Aggregations:0|SELECT Namef__c, Namel__c, Birthday__c, Gender__c, Score1__c, Score2__c, Score3__c, AverageScore__c, State__c, StudentId__c FROM Student__c WHERE (Name LIKE :tmpVar1 OR Class__r.Name LIKE :tmpVar2)
02:50:24.0 (28845489)|SOQL_EXECUTE_END|[50]|Rows:12
02:50:24.0 (28898298)|HEAP_ALLOCATE|[50]|Bytes:52
02:50:24.0 (29015186)|HEAP_ALLOCATE|[50]|Bytes:4414
02:50:24.0 (29107126)|HEAP_ALLOCATE|[50]|Bytes:52
02:50:24.0 (29147625)|VARIABLE_SCOPE_BEGIN|[50]|studentGetList|List<Student__c>|true|false
02:50:24.0 (29191524)|VARIABLE_ASSIGNMENT|[50]|studentGetList|"List of size 12 too large to display"|0x57771201
02:50:24.0 (29203736)|STATEMENT_EXECUTE|[62]
02:50:24.0 (29228817)|METHOD_EXIT|[107]|01p0o00000GLKhZ|Controller.getStudent()
02:50:24.0 (29354033)|VARIABLE_ASSIGNMENT|[EXTERNAL]|this|{"studentList":"0x3b36933d","sumstudents":"Total Students : 12","userinput":"a","userselect":"L02"}|0x7ca9698
02:50:24.0 (29372839)|VARIABLE_ASSIGNMENT|[EXTERNAL]|value|"List of size 12 too large to display"|0x57771201
02:50:24.0 (29403725)|VARIABLE_ASSIGNMENT|[2]|this.studentList|"List of size 12 too large to display"|0x7ca9698
02:50:24.0 (29419687)|STATEMENT_EXECUTE|[108]
02:50:24.0 (29427726)|HEAP_ALLOCATE|[108]|Bytes:17
02:50:24.0 (29501763)|VARIABLE_ASSIGNMENT|[EXTERNAL]|this|{"studentList":"0x57771201","sumstudents":"Total Students : 12","userinput":"a","userselect":"L02"}|0x7ca9698
02:50:24.0 (29633746)|HEAP_ALLOCATE|[108]|Bytes:2
02:50:24.0 (29659175)|HEAP_ALLOCATE|[108]|Bytes:19
02:50:24.0 (29710298)|VARIABLE_ASSIGNMENT|[EXTERNAL]|this|{"studentList":"0x57771201","sumstudents":"Total Students : 12","userinput":"a","userselect":"L02"}|0x7ca9698
02:50:24.0 (29725163)|VARIABLE_ASSIGNMENT|[EXTERNAL]|value|"Total Students : 12"
02:50:24.0 (29744685)|VARIABLE_ASSIGNMENT|[6]|this.sumstudents|"Total Students : 12"|0x7ca9698
02:50:24.0 (29762986)|SYSTEM_MODE_EXIT|false
02:50:24.36 (36606336)|SYSTEM_MODE_ENTER|true
02:50:24.36 (36794156)|HEAP_ALLOCATE|[EXTERNAL]|Bytes:38
02:50:24.36 (36816369)|HEAP_ALLOCATE|[EXTERNAL]|Bytes:7
02:50:24.37 (37347344)|SYSTEM_MODE_ENTER|true
02:50:24.37 (37418759)|HEAP_ALLOCATE|[EXTERNAL]|Bytes:8
02:50:24.37 (37432697)|VARIABLE_SCOPE_BEGIN|[2]|this|ApexPage.PageMessagesComponentController|true|false
02:50:24.37 (37492682)|VARIABLE_ASSIGNMENT|[2]|this|{}|0x167e55c7
02:50:24.0 (39083267)|SYSTEM_MODE_ENTER|true
02:50:24.0 (44373481)|SYSTEM_MODE_ENTER|true
02:50:24.0 (44619805)|SYSTEM_MODE_ENTER|true
02:50:24.0 (44731612)|HEAP_ALLOCATE|[EXTERNAL]|Bytes:60
02:50:24.0 (44754467)|VARIABLE_SCOPE_BEGIN|[38]|this|Controller|true|false
02:50:24.0 (44837892)|VARIABLE_ASSIGNMENT|[38]|this|{"studentList":"0x57771201","sumstudents":"Total Students : 12","userinput":"a","userselect":"L02"}|0x7ca9698
02:50:24.0 (44864804)|SYSTEM_MODE_ENTER|false
02:50:24.0 (44878231)|HEAP_ALLOCATE|[39]|Bytes:5
02:50:24.0 (44886997)|STATEMENT_EXECUTE|[38]
02:50:24.0 (44890116)|STATEMENT_EXECUTE|[39]
02:50:24.0 (44913821)|HEAP_ALLOCATE|[39]|Bytes:4
02:50:24.0 (44954618)|VARIABLE_SCOPE_BEGIN|[39]|options|List<System.SelectOption>|true|false
02:50:24.0 (45001455)|HEAP_ALLOCATE|[EXTERNAL]|Bytes:4
02:50:24.0 (45016971)|VARIABLE_ASSIGNMENT|[39]|options|[]|0x563acba9
02:50:24.0 (45024951)|STATEMENT_EXECUTE|[40]
02:50:24.0 (45045093)|HEAP_ALLOCATE|[40]|Bytes:4
02:50:24.0 (45295680)|SOQL_EXECUTE_BEGIN|[40]|Aggregations:0|SELECT className__C FROM Class__c
02:50:24.0 (47866223)|SOQL_EXECUTE_END|[40]|Rows:4
02:50:24.0 (47911633)|HEAP_ALLOCATE|[40]|Bytes:20
02:50:24.0 (47949867)|HEAP_ALLOCATE|[40]|Bytes:193
02:50:24.0 (47992216)|HEAP_ALLOCATE|[40]|Bytes:20
02:50:24.0 (48016879)|VARIABLE_SCOPE_BEGIN|[40]|data|List<Class__c>|true|false
02:50:24.0 (48078031)|VARIABLE_ASSIGNMENT|[40]|data|[{"className__c":"Name","Id":"a0H0o00000fIXZEEA4"},{"className__c":"L02","Id":"a0H0o00000fIXflEAG"},{"className__c":"L01","Id":"a0H0o00000fIXZYEA4"},{"className__c":"L03","Id":"a0H0o00000fIXg0EAG"}]|0x7258b5b2
02:50:24.0 (48135054)|HEAP_ALLOCATE|[41]|Bytes:5
02:50:24.0 (48158989)|HEAP_ALLOCATE|[41]|Bytes:12
02:50:24.0 (48173608)|VARIABLE_SCOPE_BEGIN|[41]|c|Class__c|true|false
02:50:24.0 (48197652)|VARIABLE_ASSIGNMENT|[41]|c|{"className__c":"Name","Id":"a0H0o00000fIXZEEA4"}|0x72ac5b95
02:50:24.0 (48208488)|STATEMENT_EXECUTE|[41]
02:50:24.0 (48211579)|STATEMENT_EXECUTE|[42]
02:50:24.0 (48311541)|HEAP_ALLOCATE|[42]|Bytes:4
02:50:24.0 (48379120)|HEAP_ALLOCATE|[42]|Bytes:4
02:50:24.0 (48423034)|HEAP_ALLOCATE|[EXTERNAL]|Bytes:4
02:50:24.0 (48444671)|HEAP_ALLOCATE|[41]|Bytes:5
02:50:24.0 (48462761)|HEAP_ALLOCATE|[41]|Bytes:12
02:50:24.0 (48473130)|VARIABLE_SCOPE_BEGIN|[41]|c|Class__c|true|false
02:50:24.0 (48495066)|VARIABLE_ASSIGNMENT|[41]|c|{"className__c":"L02","Id":"a0H0o00000fIXflEAG"}|0x118e55b5
02:50:24.0 (48504220)|STATEMENT_EXECUTE|[41]
02:50:24.0 (48506610)|STATEMENT_EXECUTE|[42]
02:50:24.0 (48560299)|HEAP_ALLOCATE|[42]|Bytes:3
02:50:24.0 (48618570)|HEAP_ALLOCATE|[42]|Bytes:3
02:50:24.0 (48648214)|HEAP_ALLOCATE|[EXTERNAL]|Bytes:4
02:50:24.0 (48664671)|HEAP_ALLOCATE|[41]|Bytes:5
02:50:24.0 (48677883)|HEAP_ALLOCATE|[41]|Bytes:12
02:50:24.0 (48685006)|VARIABLE_SCOPE_BEGIN|[41]|c|Class__c|true|false
02:50:24.0 (48702450)|VARIABLE_ASSIGNMENT|[41]|c|{"className__c":"L01","Id":"a0H0o00000fIXZYEA4"}|0x71a1711a
02:50:24.0 (48709214)|STATEMENT_EXECUTE|[41]
02:50:24.0 (48710915)|STATEMENT_EXECUTE|[42]
02:50:24.0 (48752952)|HEAP_ALLOCATE|[42]|Bytes:3
02:50:24.0 (48791935)|HEAP_ALLOCATE|[42]|Bytes:3
02:50:24.0 (48810538)|HEAP_ALLOCATE|[EXTERNAL]|Bytes:4
02:50:24.0 (48823596)|HEAP_ALLOCATE|[41]|Bytes:5
02:50:24.0 (48834955)|HEAP_ALLOCATE|[41]|Bytes:12
02:50:24.0 (48841497)|VARIABLE_SCOPE_BEGIN|[41]|c|Class__c|true|false
02:50:24.0 (48856485)|VARIABLE_ASSIGNMENT|[41]|c|{"className__c":"L03","Id":"a0H0o00000fIXg0EAG"}|0x7ce310a0
02:50:24.0 (48862805)|STATEMENT_EXECUTE|[41]
02:50:24.0 (48864497)|STATEMENT_EXECUTE|[42]
02:50:24.0 (48895665)|HEAP_ALLOCATE|[42]|Bytes:3
02:50:24.0 (48928294)|HEAP_ALLOCATE|[42]|Bytes:3
02:50:24.0 (48945947)|HEAP_ALLOCATE|[EXTERNAL]|Bytes:4
02:50:24.0 (48958435)|HEAP_ALLOCATE|[41]|Bytes:5
02:50:24.0 (48971972)|VARIABLE_ASSIGNMENT|[41]|c|null|
02:50:24.0 (48977920)|STATEMENT_EXECUTE|[45]
02:50:24.0 (48985028)|SYSTEM_MODE_EXIT|false
02:50:24.0 (49271157)|SYSTEM_MODE_ENTER|true
02:50:24.50 (50799368)|SYSTEM_MODE_ENTER|true
02:50:24.50 (50892223)|HEAP_ALLOCATE|[EXTERNAL]|Bytes:8
02:50:24.50 (50904930)|VARIABLE_SCOPE_BEGIN|[88]|this|ApexPage.PageMessagesComponentController|true|false
02:50:24.50 (50942523)|VARIABLE_ASSIGNMENT|[88]|this|{}|0x167e55c7
02:50:24.50 (50949902)|VARIABLE_SCOPE_BEGIN|[88]|escape|Boolean|false|false
02:50:24.50 (50957389)|VARIABLE_ASSIGNMENT|[88]|escape|null
02:50:24.51 (51101226)|SYSTEM_MODE_ENTER|true
02:50:24.51 (51144939)|HEAP_ALLOCATE|[EXTERNAL]|Bytes:8
02:50:24.51 (51152427)|VARIABLE_SCOPE_BEGIN|[2]|this|ApexPage.PageMessagesComponentController|true|false
02:50:24.51 (51176192)|VARIABLE_ASSIGNMENT|[2]|this|{}|0x167e55c7
02:50:24.0 (52034047)|SYSTEM_MODE_ENTER|true
02:50:24.0 (52219220)|SYSTEM_MODE_ENTER|true
02:50:24.0 (91323008)|VF_SERIALIZE_VIEWSTATE_BEGIN|0660o000008sEYc
02:50:24.0 (109516417)|VF_SERIALIZE_VIEWSTATE_END
02:50:24.0 (139849610)|CODE_UNIT_STARTED|[EXTERNAL]|Generate Metadata
02:50:24.0 (147898343)|CODE_UNIT_FINISHED|Generate Metadata
02:50:24.153 (153006654)|CUMULATIVE_LIMIT_USAGE
02:50:24.153 (153006654)|LIMIT_USAGE_FOR_NS|(default)|
  Number of SOQL queries: 3 out of 100
  Number of query rows: 20 out of 50000
  Number of SOSL queries: 0 out of 20
  Number of DML statements: 0 out of 150
  Number of DML rows: 0 out of 10000
  Maximum CPU time: 0 out of 10000
  Maximum heap size: 0 out of 6000000
  Number of callouts: 0 out of 100
  Number of Email Invocations: 0 out of 10
  Number of future calls: 0 out of 50
  Number of queueable jobs added to the queue: 0 out of 50
  Number of Mobile Apex push calls: 0 out of 10

02:50:24.153 (153006654)|CUMULATIVE_LIMIT_USAGE_END

02:50:24.0 (153149222)|CODE_UNIT_FINISHED|VF: /apex/MainPage
02:50:24.0 (154292389)|EXECUTION_FINISHED
