36.0 APEX_CODE,FINEST;APEX_PROFILING,INFO;CALLOUT,INFO;DB,INFO;NBA,INFO;SYSTEM,DEBUG;VALIDATION,INFO;VISUALFORCE,INFO;WAVE,INFO;WORKFLOW,INFO
02:48:39.0 (434101)|USER_INFO|[EXTERNAL]|0050o00000WkyGG|ttvy@keizu.co.jp|Pacific Standard Time|GMT-07:00
02:48:39.0 (476557)|EXECUTION_STARTED
02:48:39.0 (481663)|CODE_UNIT_STARTED|[EXTERNAL]|0660o000008sEYc|VF: /apex/MainPage
02:48:39.0 (3110086)|SYSTEM_MODE_ENTER|true
02:48:39.0 (3488155)|HEAP_ALLOCATE|[72]|Bytes:3
02:48:39.0 (3524920)|HEAP_ALLOCATE|[77]|Bytes:152
02:48:39.0 (3540808)|HEAP_ALLOCATE|[342]|Bytes:408
02:48:39.0 (3555862)|HEAP_ALLOCATE|[355]|Bytes:408
02:48:39.0 (3568529)|HEAP_ALLOCATE|[467]|Bytes:48
02:48:39.0 (3594603)|HEAP_ALLOCATE|[139]|Bytes:6
02:48:39.0 (3613679)|HEAP_ALLOCATE|[EXTERNAL]|Bytes:176
02:48:39.0 (3619595)|HEAP_ALLOCATE|[EXTERNAL]|Bytes:20
02:48:39.0 (3630119)|METHOD_ENTRY|[1]|01p0o00000GLKhZ|Controller.Controller()
02:48:39.0 (3637538)|STATEMENT_EXECUTE|[1]
02:48:39.0 (3642193)|STATEMENT_EXECUTE|[1]
02:48:39.0 (3668050)|HEAP_ALLOCATE|[50]|Bytes:5
02:48:39.0 (3688877)|HEAP_ALLOCATE|[56]|Bytes:5
02:48:39.0 (3696697)|HEAP_ALLOCATE|[64]|Bytes:7
02:48:39.0 (3712836)|SYSTEM_MODE_ENTER|false
02:48:39.0 (3725360)|HEAP_ALLOCATE|[EXTERNAL]|Bytes:5
02:48:39.0 (3739112)|SYSTEM_MODE_EXIT|false
02:48:39.0 (3747381)|METHOD_EXIT|[1]|Controller
02:48:39.0 (3762261)|HEAP_ALLOCATE|[EXTERNAL]|Bytes:24
02:48:39.0 (3769481)|VARIABLE_SCOPE_BEGIN|[1]|this|Controller|true|false
02:48:39.0 (3828296)|VARIABLE_ASSIGNMENT|[1]|this|{}|0x44bdd5f3
02:48:39.0 (3839273)|SYSTEM_MODE_ENTER|false
02:48:39.0 (3845697)|HEAP_ALLOCATE|[EXTERNAL]|Bytes:5
02:48:39.0 (3854638)|HEAP_ALLOCATE|[EXTERNAL]|Bytes:6
02:48:39.0 (3890993)|SYSTEM_MODE_EXIT|false
02:48:39.0 (3897669)|STATEMENT_EXECUTE|[1]
02:48:39.0 (3901838)|SYSTEM_MODE_ENTER|false
02:48:39.0 (3906416)|HEAP_ALLOCATE|[EXTERNAL]|Bytes:5
02:48:39.0 (3910486)|STATEMENT_EXECUTE|[2]
02:48:39.0 (3912061)|STATEMENT_EXECUTE|[3]
02:48:39.0 (3913533)|STATEMENT_EXECUTE|[4]
02:48:39.0 (3914933)|STATEMENT_EXECUTE|[5]
02:48:39.0 (3916353)|STATEMENT_EXECUTE|[6]
02:48:39.0 (3918491)|SYSTEM_MODE_EXIT|false
02:48:39.4 (4180415)|SYSTEM_MODE_ENTER|true
02:48:39.4 (4208979)|HEAP_ALLOCATE|[EXTERNAL]|Bytes:38
02:48:39.4 (4215165)|HEAP_ALLOCATE|[EXTERNAL]|Bytes:7
02:48:39.4 (4344797)|SYSTEM_MODE_ENTER|true
02:48:39.4 (4412480)|HEAP_ALLOCATE|[EXTERNAL]|Bytes:8
02:48:39.4 (4419975)|VARIABLE_SCOPE_BEGIN|[88]|this|ApexPage.PageMessagesComponentController|true|false
02:48:39.4 (4469150)|VARIABLE_ASSIGNMENT|[88]|this|{}|0x295e3d3d
02:48:39.4 (4476802)|VARIABLE_SCOPE_BEGIN|[88]|escape|Boolean|false|false
02:48:39.4 (4486799)|VARIABLE_ASSIGNMENT|[88]|escape|null
02:48:39.4 (4637097)|SYSTEM_MODE_ENTER|true
02:48:39.4 (4679626)|HEAP_ALLOCATE|[EXTERNAL]|Bytes:8
02:48:39.4 (4686864)|VARIABLE_SCOPE_BEGIN|[2]|this|ApexPage.PageMessagesComponentController|true|false
02:48:39.4 (4707245)|VARIABLE_ASSIGNMENT|[2]|this|{}|0x295e3d3d
02:48:39.0 (5504557)|SYSTEM_MODE_ENTER|true
02:48:39.0 (6311191)|SYSTEM_MODE_ENTER|true
02:48:39.0 (6508275)|SYSTEM_MODE_ENTER|true
02:48:39.0 (6558393)|HEAP_ALLOCATE|[EXTERNAL]|Bytes:24
02:48:39.0 (6568188)|VARIABLE_SCOPE_BEGIN|[8]|this|Controller|true|false
02:48:39.0 (6592118)|VARIABLE_ASSIGNMENT|[8]|this|{}|0x44bdd5f3
02:48:39.0 (6606033)|SYSTEM_MODE_ENTER|false
02:48:39.0 (6614040)|HEAP_ALLOCATE|[9]|Bytes:5
02:48:39.0 (6619442)|STATEMENT_EXECUTE|[8]
02:48:39.0 (6621636)|STATEMENT_EXECUTE|[9]
02:48:39.0 (6632473)|HEAP_ALLOCATE|[9]|Bytes:4
02:48:39.0 (6660338)|VARIABLE_SCOPE_BEGIN|[9]|options|List<System.SelectOption>|true|false
02:48:39.0 (6685363)|HEAP_ALLOCATE|[EXTERNAL]|Bytes:4
02:48:39.0 (6700435)|VARIABLE_ASSIGNMENT|[9]|options|[]|0x70d5a170
02:48:39.0 (6707084)|STATEMENT_EXECUTE|[10]
02:48:39.0 (6710836)|HEAP_ALLOCATE|[10]|Bytes:33
02:48:39.0 (6725267)|HEAP_ALLOCATE|[10]|Bytes:4
02:48:39.0 (6903831)|SOQL_EXECUTE_BEGIN|[10]|Aggregations:0|SELECT className__C FROM Class__c
02:48:39.0 (9095178)|SOQL_EXECUTE_END|[10]|Rows:4
02:48:39.0 (9116637)|HEAP_ALLOCATE|[10]|Bytes:20
02:48:39.0 (9134916)|HEAP_ALLOCATE|[10]|Bytes:193
02:48:39.0 (9198864)|HEAP_ALLOCATE|[10]|Bytes:20
02:48:39.0 (9212474)|VARIABLE_SCOPE_BEGIN|[10]|data|List<Class__c>|true|false
02:48:39.0 (9250369)|VARIABLE_ASSIGNMENT|[10]|data|[{"className__c":"Name","Id":"a0H0o00000fIXZEEA4"},{"className__c":"L02","Id":"a0H0o00000fIXflEAG"},{"className__c":"L01","Id":"a0H0o00000fIXZYEA4"},{"className__c":"L03","Id":"a0H0o00000fIXg0EAG"}]|0x48985ddd
02:48:39.0 (9441099)|HEAP_ALLOCATE|[11]|Bytes:5
02:48:39.0 (9464496)|HEAP_ALLOCATE|[11]|Bytes:12
02:48:39.0 (9473797)|VARIABLE_SCOPE_BEGIN|[11]|c|Class__c|true|false
02:48:39.0 (9491450)|VARIABLE_ASSIGNMENT|[11]|c|{"className__c":"Name","Id":"a0H0o00000fIXZEEA4"}|0x3a6d6eec
02:48:39.0 (9499021)|STATEMENT_EXECUTE|[11]
02:48:39.0 (9501354)|STATEMENT_EXECUTE|[12]
02:48:39.0 (9509173)|HEAP_ALLOCATE|[12]|Bytes:12
02:48:39.0 (9597849)|HEAP_ALLOCATE|[12]|Bytes:4
02:48:39.0 (9628987)|HEAP_ALLOCATE|[12]|Bytes:4
02:48:39.0 (9670487)|HEAP_ALLOCATE|[EXTERNAL]|Bytes:4
02:48:39.0 (9686985)|HEAP_ALLOCATE|[11]|Bytes:5
02:48:39.0 (9698390)|HEAP_ALLOCATE|[11]|Bytes:12
02:48:39.0 (9704906)|VARIABLE_SCOPE_BEGIN|[11]|c|Class__c|true|false
02:48:39.0 (9721077)|VARIABLE_ASSIGNMENT|[11]|c|{"className__c":"L02","Id":"a0H0o00000fIXflEAG"}|0x6f408938
02:48:39.0 (9727173)|STATEMENT_EXECUTE|[11]
02:48:39.0 (9734714)|STATEMENT_EXECUTE|[12]
02:48:39.0 (9760472)|HEAP_ALLOCATE|[12]|Bytes:3
02:48:39.0 (9781938)|HEAP_ALLOCATE|[12]|Bytes:3
02:48:39.0 (9797231)|HEAP_ALLOCATE|[EXTERNAL]|Bytes:4
02:48:39.0 (9809699)|HEAP_ALLOCATE|[11]|Bytes:5
02:48:39.0 (9819519)|HEAP_ALLOCATE|[11]|Bytes:12
02:48:39.0 (9824678)|VARIABLE_SCOPE_BEGIN|[11]|c|Class__c|true|false
02:48:39.0 (9839388)|VARIABLE_ASSIGNMENT|[11]|c|{"className__c":"L01","Id":"a0H0o00000fIXZYEA4"}|0x103b74bb
02:48:39.0 (9845933)|STATEMENT_EXECUTE|[11]
02:48:39.0 (9847627)|STATEMENT_EXECUTE|[12]
02:48:39.0 (9867036)|HEAP_ALLOCATE|[12]|Bytes:3
02:48:39.0 (9885747)|HEAP_ALLOCATE|[12]|Bytes:3
02:48:39.0 (9899317)|HEAP_ALLOCATE|[EXTERNAL]|Bytes:4
02:48:39.0 (9910968)|HEAP_ALLOCATE|[11]|Bytes:5
02:48:39.0 (9920136)|HEAP_ALLOCATE|[11]|Bytes:12
02:48:39.0 (9925346)|VARIABLE_SCOPE_BEGIN|[11]|c|Class__c|true|false
02:48:39.0 (9939454)|VARIABLE_ASSIGNMENT|[11]|c|{"className__c":"L03","Id":"a0H0o00000fIXg0EAG"}|0x23300f77
02:48:39.0 (9945337)|STATEMENT_EXECUTE|[11]
02:48:39.0 (9946931)|STATEMENT_EXECUTE|[12]
02:48:39.0 (9965467)|HEAP_ALLOCATE|[12]|Bytes:3
02:48:39.0 (9984749)|HEAP_ALLOCATE|[12]|Bytes:3
02:48:39.0 (9998324)|HEAP_ALLOCATE|[EXTERNAL]|Bytes:4
02:48:39.0 (10009867)|HEAP_ALLOCATE|[11]|Bytes:5
02:48:39.0 (10022147)|VARIABLE_ASSIGNMENT|[11]|c|null|
02:48:39.0 (10028013)|STATEMENT_EXECUTE|[15]
02:48:39.0 (10032378)|SYSTEM_MODE_EXIT|false
02:48:39.0 (10216865)|SYSTEM_MODE_ENTER|true
02:48:39.11 (11378212)|SYSTEM_MODE_ENTER|true
02:48:39.11 (11457435)|HEAP_ALLOCATE|[EXTERNAL]|Bytes:8
02:48:39.11 (11468465)|VARIABLE_SCOPE_BEGIN|[88]|this|ApexPage.PageMessagesComponentController|true|false
02:48:39.11 (11499693)|VARIABLE_ASSIGNMENT|[88]|this|{}|0x295e3d3d
02:48:39.11 (11506721)|VARIABLE_SCOPE_BEGIN|[88]|escape|Boolean|false|false
02:48:39.11 (11515137)|VARIABLE_ASSIGNMENT|[88]|escape|null
02:48:39.11 (11634000)|SYSTEM_MODE_ENTER|true
02:48:39.11 (11675352)|HEAP_ALLOCATE|[EXTERNAL]|Bytes:8
02:48:39.11 (11682671)|VARIABLE_SCOPE_BEGIN|[2]|this|ApexPage.PageMessagesComponentController|true|false
02:48:39.11 (11703794)|VARIABLE_ASSIGNMENT|[2]|this|{}|0x295e3d3d
02:48:39.0 (12516440)|SYSTEM_MODE_ENTER|true
02:48:39.0 (14211672)|VF_SERIALIZE_VIEWSTATE_BEGIN|0660o000008sEYc
02:48:39.0 (24329263)|VF_SERIALIZE_VIEWSTATE_END
02:48:39.0 (25720567)|CODE_UNIT_STARTED|[EXTERNAL]|Generate Metadata
02:48:39.0 (26196156)|CODE_UNIT_FINISHED|Generate Metadata
02:48:39.29 (29014282)|CUMULATIVE_LIMIT_USAGE
02:48:39.29 (29014282)|LIMIT_USAGE_FOR_NS|(default)|
  Number of SOQL queries: 1 out of 100
  Number of query rows: 4 out of 50000
  Number of SOSL queries: 0 out of 20
  Number of DML statements: 0 out of 150
  Number of DML rows: 0 out of 10000
  Maximum CPU time: 0 out of 10000
  Maximum heap size: 0 out of 6000000
  Number of callouts: 0 out of 100
  Number of Email Invocations: 0 out of 10
  Number of future calls: 0 out of 50
  Number of queueable jobs added to the queue: 0 out of 50
  Number of Mobile Apex push calls: 0 out of 10

02:48:39.29 (29014282)|CUMULATIVE_LIMIT_USAGE_END

02:48:39.0 (29067942)|CODE_UNIT_FINISHED|VF: /apex/MainPage
02:48:39.0 (29911896)|EXECUTION_FINISHED
