36.0 APEX_CODE,FINEST;APEX_PROFILING,INFO;CALLOUT,INFO;DB,INFO;NBA,INFO;SYSTEM,DEBUG;VALIDATION,INFO;VISUALFORCE,INFO;WAVE,INFO;WORKFLOW,INFO
03:51:56.0 (417837)|USER_INFO|[EXTERNAL]|0050o00000WkyGG|ttvy@keizu.co.jp|Pacific Standard Time|GMT-07:00
03:51:56.0 (456986)|EXECUTION_STARTED
03:51:56.0 (461409)|CODE_UNIT_STARTED|[EXTERNAL]|0660o000008sEYc|VF: /apex/MainPage
03:51:56.0 (1043770)|VF_DESERIALIZE_VIEWSTATE_BEGIN|0660o000008sEYc
03:51:56.0 (7285836)|HEAP_ALLOCATE|[72]|Bytes:3
03:51:56.0 (7327595)|HEAP_ALLOCATE|[77]|Bytes:152
03:51:56.0 (7340859)|HEAP_ALLOCATE|[342]|Bytes:408
03:51:56.0 (7352810)|HEAP_ALLOCATE|[355]|Bytes:408
03:51:56.0 (7364490)|HEAP_ALLOCATE|[467]|Bytes:48
03:51:56.0 (7390450)|HEAP_ALLOCATE|[139]|Bytes:6
03:51:56.0 (7787315)|HEAP_ALLOCATE|[50]|Bytes:5
03:51:56.0 (7813635)|HEAP_ALLOCATE|[56]|Bytes:5
03:51:56.0 (7822328)|HEAP_ALLOCATE|[64]|Bytes:7
03:51:56.0 (11470417)|VF_DESERIALIZE_VIEWSTATE_END
03:51:56.12 (12100682)|SYSTEM_MODE_ENTER|true
03:51:56.12 (12174823)|HEAP_ALLOCATE|[EXTERNAL]|Bytes:38
03:51:56.12 (12185205)|HEAP_ALLOCATE|[EXTERNAL]|Bytes:7
03:51:56.12 (12964299)|SYSTEM_MODE_ENTER|true
03:51:56.12 (13026424)|HEAP_ALLOCATE|[EXTERNAL]|Bytes:8
03:51:56.12 (13035730)|VARIABLE_SCOPE_BEGIN|[88]|this|ApexPage.PageMessagesComponentController|true|false
03:51:56.12 (13117410)|VARIABLE_ASSIGNMENT|[88]|this|{}|0x350576c6
03:51:56.12 (13127384)|VARIABLE_SCOPE_BEGIN|[88]|escape|Boolean|false|false
03:51:56.12 (13138201)|VARIABLE_ASSIGNMENT|[88]|escape|null
03:51:56.0 (13941414)|SYSTEM_MODE_ENTER|true
03:51:56.0 (13963790)|HEAP_ALLOCATE|[EXTERNAL]|Bytes:10
03:51:56.0 (13973118)|HEAP_ALLOCATE|[EXTERNAL]|Bytes:348
03:51:56.0 (13977682)|HEAP_ALLOCATE|[EXTERNAL]|Bytes:59
03:51:56.0 (13981533)|HEAP_ALLOCATE|[EXTERNAL]|Bytes:2
03:51:56.0 (13989474)|METHOD_ENTRY|[1]|01p0o00000GLKhZ|Controller.Controller()
03:51:56.0 (13995013)|STATEMENT_EXECUTE|[1]
03:51:56.0 (13998938)|STATEMENT_EXECUTE|[1]
03:51:56.0 (14006242)|SYSTEM_MODE_ENTER|false
03:51:56.0 (14014211)|HEAP_ALLOCATE|[EXTERNAL]|Bytes:5
03:51:56.0 (14019292)|STATEMENT_EXECUTE|[17]
03:51:56.0 (14024786)|SYSTEM_MODE_EXIT|false
03:51:56.0 (14033193)|METHOD_EXIT|[1]|Controller
03:51:56.0 (15252702)|HEAP_ALLOCATE|[EXTERNAL]|Bytes:120
03:51:56.0 (15265607)|HEAP_ALLOCATE|[EXTERNAL]|Bytes:8
03:51:56.18 (18253081)|SYSTEM_MODE_ENTER|true
03:51:56.18 (18315550)|HEAP_ALLOCATE|[EXTERNAL]|Bytes:8
03:51:56.18 (18324430)|VARIABLE_SCOPE_BEGIN|[88]|this|ApexPage.PageMessagesComponentController|true|false
03:51:56.18 (18352599)|VARIABLE_ASSIGNMENT|[88]|this|{}|0x350576c6
03:51:56.18 (18359508)|VARIABLE_SCOPE_BEGIN|[88]|escape|Boolean|false|false
03:51:56.18 (18368138)|VARIABLE_ASSIGNMENT|[88]|escape|null
03:51:56.0 (18752238)|HEAP_ALLOCATE|[EXTERNAL]|Bytes:5
03:51:56.0 (18763254)|HEAP_ALLOCATE|[EXTERNAL]|Bytes:12
03:51:56.0 (18776380)|VARIABLE_ASSIGNMENT|[EXTERNAL]|this.isSelected|true|0x5b55d2a3
03:51:56.0 (19082682)|HEAP_ALLOCATE|[EXTERNAL]|Bytes:5
03:51:56.0 (19090234)|HEAP_ALLOCATE|[EXTERNAL]|Bytes:12
03:51:56.0 (19099484)|VARIABLE_ASSIGNMENT|[EXTERNAL]|this.isSelected|true|0x137b5073
03:51:56.0 (19301783)|HEAP_ALLOCATE|[EXTERNAL]|Bytes:5
03:51:56.0 (19308239)|HEAP_ALLOCATE|[EXTERNAL]|Bytes:12
03:51:56.0 (19316845)|VARIABLE_ASSIGNMENT|[EXTERNAL]|this.isSelected|true|0x448cf040
03:51:56.0 (19500459)|HEAP_ALLOCATE|[EXTERNAL]|Bytes:5
03:51:56.0 (19506688)|HEAP_ALLOCATE|[EXTERNAL]|Bytes:12
03:51:56.0 (19515329)|VARIABLE_ASSIGNMENT|[EXTERNAL]|this.isSelected|true|0x7c21a45b
03:51:56.0 (19694015)|HEAP_ALLOCATE|[EXTERNAL]|Bytes:5
03:51:56.0 (19699936)|HEAP_ALLOCATE|[EXTERNAL]|Bytes:12
03:51:56.0 (19708306)|VARIABLE_ASSIGNMENT|[EXTERNAL]|this.isSelected|true|0x914b1b6
03:51:56.0 (19884749)|HEAP_ALLOCATE|[EXTERNAL]|Bytes:5
03:51:56.0 (19890704)|HEAP_ALLOCATE|[EXTERNAL]|Bytes:12
03:51:56.0 (19898335)|VARIABLE_ASSIGNMENT|[EXTERNAL]|this.isSelected|true|0x40a5802f
03:51:56.0 (20072671)|HEAP_ALLOCATE|[EXTERNAL]|Bytes:5
03:51:56.0 (20078904)|HEAP_ALLOCATE|[EXTERNAL]|Bytes:12
03:51:56.0 (20086303)|VARIABLE_ASSIGNMENT|[EXTERNAL]|this.isSelected|false|0x6388768b
03:51:56.0 (20263505)|HEAP_ALLOCATE|[EXTERNAL]|Bytes:5
03:51:56.0 (20269519)|HEAP_ALLOCATE|[EXTERNAL]|Bytes:12
03:51:56.0 (20277529)|VARIABLE_ASSIGNMENT|[EXTERNAL]|this.isSelected|false|0x127a05dd
03:51:56.0 (20457000)|HEAP_ALLOCATE|[EXTERNAL]|Bytes:5
03:51:56.0 (20462862)|HEAP_ALLOCATE|[EXTERNAL]|Bytes:12
03:51:56.0 (20470074)|VARIABLE_ASSIGNMENT|[EXTERNAL]|this.isSelected|false|0x3e4f8f25
03:51:56.0 (20641748)|HEAP_ALLOCATE|[EXTERNAL]|Bytes:5
03:51:56.0 (20647413)|HEAP_ALLOCATE|[EXTERNAL]|Bytes:12
03:51:56.0 (20655486)|VARIABLE_ASSIGNMENT|[EXTERNAL]|this.isSelected|false|0x5287d43b
03:51:56.0 (20828768)|HEAP_ALLOCATE|[EXTERNAL]|Bytes:5
03:51:56.0 (20834324)|HEAP_ALLOCATE|[EXTERNAL]|Bytes:12
03:51:56.0 (20842210)|VARIABLE_ASSIGNMENT|[EXTERNAL]|this.isSelected|false|0x729bccce
03:51:56.0 (21374949)|HEAP_ALLOCATE|[EXTERNAL]|Bytes:60
03:51:56.0 (21385893)|VARIABLE_SCOPE_BEGIN|[92]|this|Controller|true|false
03:51:56.0 (21471678)|VARIABLE_ASSIGNMENT|[92]|this|{"studentList":"0x629b51c3","sumstudents":"Total Students : 11","userinput":"a","userselect":"Name"}|0xed8c7d5
03:51:56.0 (21488637)|SYSTEM_MODE_ENTER|false
03:51:56.0 (21495702)|HEAP_ALLOCATE|[93]|Bytes:5
03:51:56.0 (21501707)|STATEMENT_EXECUTE|[92]
03:51:56.0 (21567317)|VARIABLE_ASSIGNMENT|[EXTERNAL]|this|{"studentList":"0x629b51c3","sumstudents":"Total Students : 11","userinput":"a","userselect":"Name"}|0xed8c7d5
03:51:56.0 (21753599)|HEAP_ALLOCATE|[93]|Bytes:5
03:51:56.0 (21770052)|HEAP_ALLOCATE|[93]|Bytes:12
03:51:56.0 (21777185)|VARIABLE_SCOPE_BEGIN|[93]|s|Controller.OutputList|true|false
03:51:56.0 (21800495)|VARIABLE_ASSIGNMENT|[93]|s|{"isSelected":true,"student":"0x72f9ec3e"}|0x5b55d2a3
03:51:56.0 (21807849)|STATEMENT_EXECUTE|[93]
03:51:56.0 (21837589)|VARIABLE_ASSIGNMENT|[EXTERNAL]|this|{"isSelected":true,"student":"0x72f9ec3e"}|0x5b55d2a3
03:51:56.0 (21851399)|STATEMENT_EXECUTE|[94]
03:51:56.0 (21853113)|STATEMENT_EXECUTE|[95]
03:51:56.0 (21856324)|HEAP_ALLOCATE|[95]|Bytes:8
03:51:56.0 (21892435)|USER_DEBUG|[95]|DEBUG|run here
03:51:56.0 (21901189)|STATEMENT_EXECUTE|[96]
03:51:56.0 (21928874)|VARIABLE_ASSIGNMENT|[EXTERNAL]|this|{"isSelected":true,"student":"0x72f9ec3e"}|0x5b55d2a3
03:51:56.0 (21989586)|HEAP_ALLOCATE|[96]|Bytes:8
03:51:56.0 (21999218)|HEAP_ALLOCATE|[96]|Bytes:8
03:51:56.0 (22009410)|DML_BEGIN|[96]|Op:Delete|Type:Student__c|Rows:1
03:51:56.0 (22046768)|HEAP_ALLOCATE|[EXTERNAL]|Bytes:8
03:51:56.0 (28332647)|DML_END|[96]
03:51:56.0 (28409705)|EXCEPTION_THROWN|[96]|System.DmlException: Delete failed. First exception on row 0 with id a0I0o000013dfskEAA; first error: ENTITY_IS_DELETED, entity is deleted: []
03:51:56.0 (28737209)|HEAP_ALLOCATE|[96]|Bytes:125
03:51:56.0 (28760098)|SYSTEM_MODE_EXIT|false
03:51:56.0 (28834686)|FATAL_ERROR|System.DmlException: Delete failed. First exception on row 0 with id a0I0o000013dfskEAA; first error: ENTITY_IS_DELETED, entity is deleted: []

Class.Controller.actionDeleteStudentBeSelected: line 96, column 1
03:51:56.482 (482273493)|CUMULATIVE_LIMIT_USAGE
03:51:56.482 (482273493)|LIMIT_USAGE_FOR_NS|(default)|
  Number of SOQL queries: 0 out of 100
  Number of query rows: 0 out of 50000
  Number of SOSL queries: 0 out of 20
  Number of DML statements: 1 out of 150
  Number of DML rows: 1 out of 10000
  Maximum CPU time: 0 out of 10000
  Maximum heap size: 0 out of 6000000
  Number of callouts: 0 out of 100
  Number of Email Invocations: 0 out of 10
  Number of future calls: 0 out of 50
  Number of queueable jobs added to the queue: 0 out of 50
  Number of Mobile Apex push calls: 0 out of 10

03:51:56.482 (482273493)|CUMULATIVE_LIMIT_USAGE_END

03:51:56.0 (482344543)|CODE_UNIT_FINISHED|VF: /apex/MainPage
03:51:56.0 (483462466)|EXECUTION_FINISHED
