36.0 APEX_CODE,FINEST;APEX_PROFILING,INFO;CALLOUT,INFO;DB,INFO;NBA,INFO;SYSTEM,DEBUG;VALIDATION,INFO;VISUALFORCE,INFO;WAVE,INFO;WORKFLOW,INFO
02:17:23.0 (448961)|USER_INFO|[EXTERNAL]|0050o00000WkyGG|ttvy@keizu.co.jp|Pacific Standard Time|GMT-07:00
02:17:23.0 (501859)|EXECUTION_STARTED
02:17:23.0 (509928)|CODE_UNIT_STARTED|[EXTERNAL]|0660o000008sbCc|VF: /apex/AddNewStudent
02:17:23.0 (1225996)|VF_DESERIALIZE_VIEWSTATE_BEGIN|0660o000008sbCc
02:17:23.0 (18989639)|VF_DESERIALIZE_VIEWSTATE_END
02:17:23.20 (20372339)|SYSTEM_MODE_ENTER|true
02:17:23.22 (22016222)|SYSTEM_MODE_ENTER|true
02:17:23.22 (22115601)|HEAP_ALLOCATE|[EXTERNAL]|Bytes:8
02:17:23.22 (22131424)|VARIABLE_SCOPE_BEGIN|[88]|this|ApexPage.PageMessagesComponentController|true|false
02:17:23.22 (22187233)|VARIABLE_ASSIGNMENT|[88]|this|{}|0x24dbfa7
02:17:23.22 (22199009)|VARIABLE_SCOPE_BEGIN|[88]|escape|Boolean|false|false
02:17:23.22 (22214014)|VARIABLE_ASSIGNMENT|[88]|escape|null
02:17:23.0 (37315972)|SYSTEM_MODE_ENTER|true
02:17:23.0 (37376754)|HEAP_ALLOCATE|[EXTERNAL]|Bytes:19
02:17:23.0 (37396639)|HEAP_ALLOCATE|[EXTERNAL]|Bytes:376
02:17:23.0 (37404526)|HEAP_ALLOCATE|[EXTERNAL]|Bytes:63
02:17:23.0 (37411621)|HEAP_ALLOCATE|[EXTERNAL]|Bytes:10
02:17:23.0 (37430936)|METHOD_ENTRY|[1]|01p0o00000GLKhZ|Controller.Controller()
02:17:23.0 (37441331)|STATEMENT_EXECUTE|[1]
02:17:23.0 (37448829)|STATEMENT_EXECUTE|[1]
02:17:23.0 (37460780)|SYSTEM_MODE_ENTER|false
02:17:23.0 (37473347)|HEAP_ALLOCATE|[EXTERNAL]|Bytes:5
02:17:23.0 (37482263)|STATEMENT_EXECUTE|[18]
02:17:23.0 (37485634)|STATEMENT_EXECUTE|[37]
02:17:23.0 (37493065)|SYSTEM_MODE_EXIT|false
02:17:23.0 (37506983)|METHOD_EXIT|[1]|Controller
02:17:23.0 (37648866)|SYSTEM_MODE_ENTER|true
02:17:23.0 (37745275)|SYSTEM_MODE_ENTER|true
02:17:23.0 (37841355)|SYSTEM_MODE_ENTER|true
02:17:23.0 (37935914)|SYSTEM_MODE_ENTER|true
02:17:23.0 (38053398)|SYSTEM_MODE_ENTER|true
02:17:23.0 (38127466)|SYSTEM_MODE_ENTER|true
02:17:23.0 (38306397)|SYSTEM_MODE_ENTER|true
02:17:23.0 (38603385)|HEAP_ALLOCATE|[EXTERNAL]|Bytes:64
02:17:23.0 (38621961)|VARIABLE_SCOPE_BEGIN|[56]|this|Controller|true|false
02:17:23.0 (38724051)|VARIABLE_ASSIGNMENT|[56]|this|{}|0x47971368
02:17:23.0 (38746900)|SYSTEM_MODE_ENTER|false
02:17:23.0 (38759227)|HEAP_ALLOCATE|[57]|Bytes:5
02:17:23.0 (38767779)|STATEMENT_EXECUTE|[56]
02:17:23.0 (38771160)|STATEMENT_EXECUTE|[57]
02:17:23.0 (38791574)|HEAP_ALLOCATE|[57]|Bytes:4
02:17:23.0 (38853042)|VARIABLE_SCOPE_BEGIN|[57]|options|List<System.SelectOption>|true|false
02:17:23.0 (38896041)|HEAP_ALLOCATE|[EXTERNAL]|Bytes:4
02:17:23.0 (38922940)|VARIABLE_ASSIGNMENT|[57]|options|[]|0x68f1526d
02:17:23.0 (38933419)|STATEMENT_EXECUTE|[58]
02:17:23.0 (38940012)|HEAP_ALLOCATE|[58]|Bytes:33
02:17:23.0 (38967683)|HEAP_ALLOCATE|[58]|Bytes:4
02:17:23.0 (40496066)|SOQL_EXECUTE_BEGIN|[58]|Aggregations:0|SELECT className__C FROM Class__c
02:17:23.0 (43335987)|SOQL_EXECUTE_END|[58]|Rows:2
02:17:23.0 (43371340)|HEAP_ALLOCATE|[58]|Bytes:12
02:17:23.0 (43396314)|HEAP_ALLOCATE|[58]|Bytes:101
02:17:23.0 (43490122)|HEAP_ALLOCATE|[58]|Bytes:12
02:17:23.0 (43513198)|VARIABLE_SCOPE_BEGIN|[58]|data|List<Class__c>|true|false
02:17:23.0 (43565013)|VARIABLE_ASSIGNMENT|[58]|data|[{"className__c":"Math","Id":"a0H0o00000fJQOvEAO"},{"className__c":"English","Id":"a0H0o00000fJQOwEAO"}]|0x79e6369d
02:17:23.0 (43759436)|HEAP_ALLOCATE|[59]|Bytes:5
02:17:23.0 (43792827)|HEAP_ALLOCATE|[59]|Bytes:12
02:17:23.0 (43806075)|VARIABLE_SCOPE_BEGIN|[59]|c|Class__c|true|false
02:17:23.0 (43831712)|VARIABLE_ASSIGNMENT|[59]|c|{"className__c":"Math","Id":"a0H0o00000fJQOvEAO"}|0x3910ecc5
02:17:23.0 (43842862)|STATEMENT_EXECUTE|[59]
02:17:23.0 (43846464)|STATEMENT_EXECUTE|[60]
02:17:23.0 (43857521)|HEAP_ALLOCATE|[60]|Bytes:12
02:17:23.0 (43986539)|HEAP_ALLOCATE|[60]|Bytes:4
02:17:23.0 (44045555)|HEAP_ALLOCATE|[60]|Bytes:4
02:17:23.0 (44103611)|HEAP_ALLOCATE|[EXTERNAL]|Bytes:4
02:17:23.0 (44128933)|HEAP_ALLOCATE|[59]|Bytes:5
02:17:23.0 (44147279)|HEAP_ALLOCATE|[59]|Bytes:12
02:17:23.0 (44158217)|VARIABLE_SCOPE_BEGIN|[59]|c|Class__c|true|false
02:17:23.0 (44184442)|VARIABLE_ASSIGNMENT|[59]|c|{"className__c":"English","Id":"a0H0o00000fJQOwEAO"}|0x43f22dbe
02:17:23.0 (44194971)|STATEMENT_EXECUTE|[59]
02:17:23.0 (44198125)|STATEMENT_EXECUTE|[60]
02:17:23.0 (44245141)|HEAP_ALLOCATE|[60]|Bytes:7
02:17:23.0 (44289745)|HEAP_ALLOCATE|[60]|Bytes:7
02:17:23.0 (44316165)|HEAP_ALLOCATE|[EXTERNAL]|Bytes:4
02:17:23.0 (44336218)|HEAP_ALLOCATE|[59]|Bytes:5
02:17:23.0 (44354980)|VARIABLE_ASSIGNMENT|[59]|c|null|
02:17:23.0 (44363189)|STATEMENT_EXECUTE|[63]
02:17:23.0 (44370190)|SYSTEM_MODE_EXIT|false
02:17:23.0 (44533768)|SYSTEM_MODE_ENTER|true
02:17:23.44 (44920647)|SYSTEM_MODE_ENTER|true
02:17:23.44 (45011624)|HEAP_ALLOCATE|[EXTERNAL]|Bytes:8
02:17:23.44 (45025920)|VARIABLE_SCOPE_BEGIN|[88]|this|ApexPage.PageMessagesComponentController|true|false
02:17:23.44 (45067448)|VARIABLE_ASSIGNMENT|[88]|this|{}|0x24dbfa7
02:17:23.44 (45078361)|VARIABLE_SCOPE_BEGIN|[88]|escape|Boolean|false|false
02:17:23.44 (45092725)|VARIABLE_ASSIGNMENT|[88]|escape|null
02:17:23.0 (45175865)|SYSTEM_MODE_ENTER|true
02:17:23.0 (45210402)|HEAP_ALLOCATE|[EXTERNAL]|Bytes:1
02:17:23.0 (45217868)|HEAP_ALLOCATE|[EXTERNAL]|Bytes:64
02:17:23.0 (45233459)|VARIABLE_ASSIGNMENT|[EXTERNAL]|this.namef|"a"|0x47971368
02:17:23.0 (45276851)|SYSTEM_MODE_ENTER|true
02:17:23.0 (45297200)|HEAP_ALLOCATE|[EXTERNAL]|Bytes:3
02:17:23.0 (45303925)|HEAP_ALLOCATE|[EXTERNAL]|Bytes:64
02:17:23.0 (45315390)|VARIABLE_ASSIGNMENT|[EXTERNAL]|this.namel|"bbb"|0x47971368
02:17:23.0 (45353937)|SYSTEM_MODE_ENTER|true
02:17:23.0 (45376889)|HEAP_ALLOCATE|[EXTERNAL]|Bytes:5
02:17:23.0 (45382978)|HEAP_ALLOCATE|[EXTERNAL]|Bytes:64
02:17:23.0 (45394036)|VARIABLE_ASSIGNMENT|[EXTERNAL]|this.gender|false|0x47971368
02:17:23.0 (45555303)|SYSTEM_MODE_ENTER|true
02:17:23.0 (45581959)|HEAP_ALLOCATE|[EXTERNAL]|Bytes:4
02:17:23.0 (45588379)|HEAP_ALLOCATE|[EXTERNAL]|Bytes:64
02:17:23.0 (45621134)|VARIABLE_ASSIGNMENT|[EXTERNAL]|this.birthday|"2019-05-10T00:00:00.000Z"|0x47971368
02:17:23.0 (45667285)|SYSTEM_MODE_ENTER|true
02:17:23.0 (45702495)|HEAP_ALLOCATE|[EXTERNAL]|Bytes:28
02:17:23.0 (45709390)|HEAP_ALLOCATE|[EXTERNAL]|Bytes:64
02:17:23.0 (45723454)|VARIABLE_ASSIGNMENT|[EXTERNAL]|this.score1|7|0x47971368
02:17:23.0 (45762086)|SYSTEM_MODE_ENTER|true
02:17:23.0 (45783523)|HEAP_ALLOCATE|[EXTERNAL]|Bytes:28
02:17:23.0 (45789693)|HEAP_ALLOCATE|[EXTERNAL]|Bytes:64
02:17:23.0 (45801096)|VARIABLE_ASSIGNMENT|[EXTERNAL]|this.score2|6|0x47971368
02:17:23.0 (45836599)|SYSTEM_MODE_ENTER|true
02:17:23.0 (45856422)|HEAP_ALLOCATE|[EXTERNAL]|Bytes:28
02:17:23.0 (45862581)|HEAP_ALLOCATE|[EXTERNAL]|Bytes:64
02:17:23.0 (45873071)|VARIABLE_ASSIGNMENT|[EXTERNAL]|this.score3|8|0x47971368
02:17:23.0 (45921411)|SYSTEM_MODE_ENTER|true
02:17:23.0 (45941377)|HEAP_ALLOCATE|[EXTERNAL]|Bytes:4
02:17:23.0 (45955123)|HEAP_ALLOCATE|[EXTERNAL]|Bytes:64
02:17:23.0 (45967427)|VARIABLE_ASSIGNMENT|[EXTERNAL]|this.userselectSecondpage|"Math"|0x47971368
02:17:23.0 (46158656)|HEAP_ALLOCATE|[EXTERNAL]|Bytes:64
02:17:23.0 (46173238)|VARIABLE_SCOPE_BEGIN|[91]|this|Controller|true|false
02:17:23.0 (46250266)|VARIABLE_ASSIGNMENT|[91]|this|{"birthday":"2019-05-10T00:00:00.000Z","gender":false,"namef":"a","namel":"bbb","score1":7,"score2":6,"score3":8,"userselectSecondpage":"Math"}|0x47971368
02:17:23.0 (46273220)|SYSTEM_MODE_ENTER|false
02:17:23.0 (46283850)|HEAP_ALLOCATE|[92]|Bytes:5
02:17:23.0 (46292342)|STATEMENT_EXECUTE|[91]
02:17:23.0 (46295599)|STATEMENT_EXECUTE|[92]
02:17:23.0 (46302221)|VARIABLE_SCOPE_BEGIN|[92]|ref|System.PageReference|true|false
02:17:23.0 (46317489)|VARIABLE_ASSIGNMENT|[92]|ref|null|
02:17:23.0 (46324842)|STATEMENT_EXECUTE|[93]
02:17:23.0 (46327630)|STATEMENT_EXECUTE|[93]
02:17:23.0 (46330143)|STATEMENT_EXECUTE|[94]
02:17:23.0 (46335637)|HEAP_ALLOCATE|[94]|Bytes:53
02:17:23.0 (46360175)|HEAP_ALLOCATE|[94]|Bytes:4
02:17:23.0 (46375268)|HEAP_ALLOCATE|[94]|Bytes:7
02:17:23.0 (46472602)|VARIABLE_ASSIGNMENT|[EXTERNAL]|this|{"birthday":"2019-05-10T00:00:00.000Z","gender":false,"namef":"a","namel":"bbb","score1":7,"score2":6,"score3":8,"userselectSecondpage":"Math"}|0x47971368
02:17:23.0 (46804676)|SOQL_EXECUTE_BEGIN|[94]|Aggregations:0|SELECT id FROM Class__c WHERE className__c = :tmpVar1
02:17:23.0 (49706936)|SOQL_EXECUTE_END|[94]|Rows:1
02:17:23.0 (49741879)|HEAP_ALLOCATE|[94]|Bytes:8
02:17:23.0 (49762645)|HEAP_ALLOCATE|[94]|Bytes:29
02:17:23.0 (49802521)|HEAP_ALLOCATE|[94]|Bytes:8
02:17:23.0 (49819823)|HEAP_ALLOCATE|[94]|Bytes:34
02:17:23.0 (49843926)|HEAP_ALLOCATE|[94]|Bytes:8
02:17:23.0 (49856500)|VARIABLE_SCOPE_BEGIN|[94]|c|Class__c|true|false
02:17:23.0 (49885051)|VARIABLE_ASSIGNMENT|[94]|c|{"Id":"a0H0o00000fJQOvEAO"}|0x51cd2ff4
02:17:23.0 (49895498)|STATEMENT_EXECUTE|[98]
02:17:23.0 (50001717)|HEAP_ALLOCATE|[98]|Bytes:4
02:17:23.0 (50128017)|VARIABLE_SCOPE_BEGIN|[98]|student|Student__c|true|false
02:17:23.0 (50153481)|VARIABLE_ASSIGNMENT|[98]|student|{}|0x2482077f
02:17:23.0 (50162945)|STATEMENT_EXECUTE|[99]
02:17:23.0 (50270996)|VARIABLE_ASSIGNMENT|[EXTERNAL]|this|{"birthday":"2019-05-10T00:00:00.000Z","gender":false,"namef":"a","namel":"bbb","score1":7,"score2":6,"score3":8,"userselectSecondpage":"Math"}|0x47971368
02:17:23.0 (52012634)|VARIABLE_ASSIGNMENT|[99]|this.Namef__c|"a"|0x2482077f
02:17:23.0 (52030164)|STATEMENT_EXECUTE|[100]
02:17:23.0 (52148506)|VARIABLE_ASSIGNMENT|[EXTERNAL]|this|{"birthday":"2019-05-10T00:00:00.000Z","gender":false,"namef":"a","namel":"bbb","score1":7,"score2":6,"score3":8,"userselectSecondpage":"Math"}|0x47971368
02:17:23.0 (52239518)|VARIABLE_ASSIGNMENT|[100]|this.Namel__c|"bbb"|0x2482077f
02:17:23.0 (52250518)|STATEMENT_EXECUTE|[101]
02:17:23.0 (52335224)|VARIABLE_ASSIGNMENT|[EXTERNAL]|this|{"birthday":"2019-05-10T00:00:00.000Z","gender":false,"namef":"a","namel":"bbb","score1":7,"score2":6,"score3":8,"userselectSecondpage":"Math"}|0x47971368
02:17:23.0 (52411254)|VARIABLE_ASSIGNMENT|[101]|this.Gender__c|false|0x2482077f
02:17:23.0 (52421894)|STATEMENT_EXECUTE|[102]
02:17:23.0 (52512459)|VARIABLE_ASSIGNMENT|[EXTERNAL]|this|{"birthday":"2019-05-10T00:00:00.000Z","gender":false,"namef":"a","namel":"bbb","score1":7,"score2":6,"score3":8,"userselectSecondpage":"Math"}|0x47971368
02:17:23.0 (52563383)|HEAP_ALLOCATE|[102]|Bytes:4
02:17:23.0 (52640178)|VARIABLE_ASSIGNMENT|[102]|this.Birthday__c|"2019-05-10T00:00:00.000Z"|0x2482077f
02:17:23.0 (52651406)|STATEMENT_EXECUTE|[103]
02:17:23.0 (52727196)|VARIABLE_ASSIGNMENT|[EXTERNAL]|this|{"birthday":"2019-05-10T00:00:00.000Z","gender":false,"namef":"a","namel":"bbb","score1":7,"score2":6,"score3":8,"userselectSecondpage":"Math"}|0x47971368
02:17:23.0 (52797178)|VARIABLE_ASSIGNMENT|[103]|this.Score1__c|7|0x2482077f
02:17:23.0 (52807510)|STATEMENT_EXECUTE|[104]
02:17:23.0 (52882001)|VARIABLE_ASSIGNMENT|[EXTERNAL]|this|{"birthday":"2019-05-10T00:00:00.000Z","gender":false,"namef":"a","namel":"bbb","score1":7,"score2":6,"score3":8,"userselectSecondpage":"Math"}|0x47971368
02:17:23.0 (52955033)|VARIABLE_ASSIGNMENT|[104]|this.Score2__c|6|0x2482077f
02:17:23.0 (52965856)|STATEMENT_EXECUTE|[105]
02:17:23.0 (53040455)|VARIABLE_ASSIGNMENT|[EXTERNAL]|this|{"birthday":"2019-05-10T00:00:00.000Z","gender":false,"namef":"a","namel":"bbb","score1":7,"score2":6,"score3":8,"userselectSecondpage":"Math"}|0x47971368
02:17:23.0 (53105972)|VARIABLE_ASSIGNMENT|[105]|this.Score3__c|8|0x2482077f
02:17:23.0 (53116449)|STATEMENT_EXECUTE|[106]
02:17:23.0 (53180704)|VARIABLE_ASSIGNMENT|[EXTERNAL]|this|{"birthday":"2019-05-10T00:00:00.000Z","gender":false,"namef":"a","namel":"bbb","score1":7,"score2":6,"score3":8,"userselectSecondpage":"Math"}|0x47971368
02:17:23.0 (53247012)|VARIABLE_ASSIGNMENT|[EXTERNAL]|this|{"birthday":"2019-05-10T00:00:00.000Z","gender":false,"namef":"a","namel":"bbb","score1":7,"score2":6,"score3":8,"userselectSecondpage":"Math"}|0x47971368
02:17:23.0 (53275862)|HEAP_ALLOCATE|[106]|Bytes:4
02:17:23.0 (53413450)|VARIABLE_ASSIGNMENT|[106]|this.Name|"abbb"|0x2482077f
02:17:23.0 (53423916)|STATEMENT_EXECUTE|[107]
02:17:23.0 (53534319)|VARIABLE_ASSIGNMENT|[107]|this.Class__c|"a0H0o00000fJQOvEAO"|0x2482077f
02:17:23.0 (53545359)|STATEMENT_EXECUTE|[108]
02:17:23.0 (53575033)|HEAP_ALLOCATE|[108]|Bytes:8
02:17:23.0 (53613793)|DML_BEGIN|[108]|Op:Insert|Type:Student__c|Rows:1
02:17:23.0 (53653814)|HEAP_ALLOCATE|[EXTERNAL]|Bytes:8
02:17:23.0 (128088853)|CODE_UNIT_STARTED|[EXTERNAL]|01q0o000000jKrN|triggerStudent on Student trigger event BeforeInsert|__sfdc_trigger/triggerStudent
02:17:23.0 (128140548)|HEAP_ALLOCATE|[EXTERNAL]|Bytes:8
02:17:23.0 (138474739)|HEAP_ALLOCATE|[EXTERNAL]|Bytes:8
02:17:23.0 (138495238)|VARIABLE_SCOPE_BEGIN|[1]|this|triggerStudent|true|false
02:17:23.0 (138543519)|VARIABLE_ASSIGNMENT|[1]|this|{}|0xb4e1786
02:17:23.0 (138612987)|HEAP_ALLOCATE|[EXTERNAL]|Bytes:8
02:17:23.0 (138654085)|VARIABLE_SCOPE_BEGIN|[1]|this|triggerStudent|true|false
02:17:23.0 (138670785)|VARIABLE_ASSIGNMENT|[1]|this|{}|0xb4e1786
02:17:23.0 (138679019)|STATEMENT_EXECUTE|[1]
02:17:23.0 (138681326)|STATEMENT_EXECUTE|[3]
02:17:23.0 (138687941)|HEAP_ALLOCATE|[3]|Bytes:15
02:17:23.0 (138695045)|HEAP_ALLOCATE|[3]|Bytes:19
02:17:23.0 (138699247)|HEAP_ALLOCATE|[3]|Bytes:3
02:17:23.0 (138728723)|METHOD_ENTRY|[1]|01p0o00000GMOB6|TriggerHandle.TriggerHandle()
02:17:23.0 (138734660)|STATEMENT_EXECUTE|[1]
02:17:23.0 (138738284)|STATEMENT_EXECUTE|[1]
02:17:23.0 (139156185)|SYSTEM_MODE_ENTER|false
02:17:23.0 (139169864)|HEAP_ALLOCATE|[3]|Bytes:5
02:17:23.0 (139175456)|STATEMENT_EXECUTE|[187]
02:17:23.0 (139180995)|SYSTEM_MODE_EXIT|false
02:17:23.0 (139191725)|METHOD_EXIT|[1]|TriggerHandle
02:17:23.0 (139204662)|HEAP_ALLOCATE|[3]|Bytes:4
02:17:23.0 (139225285)|CONSTRUCTOR_ENTRY|[3]|01p0o00000GMOB6|<init>()|TriggerHandle
02:17:23.0 (139251271)|VARIABLE_SCOPE_BEGIN|[3]|this|TriggerHandle|true|false
02:17:23.0 (139272098)|VARIABLE_ASSIGNMENT|[3]|this|{}|0x60cf654a
02:17:23.0 (139283057)|SYSTEM_MODE_ENTER|false
02:17:23.0 (139288617)|HEAP_ALLOCATE|[EXTERNAL]|Bytes:5
02:17:23.0 (139293294)|STATEMENT_EXECUTE|[1]
02:17:23.0 (139296296)|HEAP_ALLOCATE|[EXTERNAL]|Bytes:5
02:17:23.0 (139306149)|HEAP_ALLOCATE|[EXTERNAL]|Bytes:6
02:17:23.0 (139330532)|STATEMENT_EXECUTE|[4]
02:17:23.0 (139333330)|SYSTEM_MODE_EXIT|false
02:17:23.0 (139340939)|CONSTRUCTOR_EXIT|[3]|01p0o00000GMOB6|<init>()|TriggerHandle
02:17:23.0 (139368159)|VARIABLE_ASSIGNMENT|[3]|this.handle|0x60cf654a|0xb4e1786
02:17:23.0 (139378849)|STATEMENT_EXECUTE|[5]
02:17:23.0 (139383518)|STATEMENT_EXECUTE|[10]
02:17:23.0 (139385175)|STATEMENT_EXECUTE|[11]
02:17:23.0 (139456657)|METHOD_ENTRY|[11]|01p0o00000GMOB6|TriggerHandle.onBeforeInsert(List<Student__c>)
02:17:23.0 (139480094)|VARIABLE_SCOPE_BEGIN|[7]|this|TriggerHandle|true|false
02:17:23.0 (139496512)|VARIABLE_ASSIGNMENT|[7]|this|{}|0x60cf654a
02:17:23.0 (139503468)|VARIABLE_SCOPE_BEGIN|[7]|newStudentList|List<Student__c>|true|false
02:17:23.0 (140546620)|VARIABLE_ASSIGNMENT|[7]|newStudentList|[{"AverageScore__c":7.00,"IsDeleted":false,"Score1__c":7.00,"Score2__c":6.00,"Birthday__c":"2019-05-10T00:00:00.000Z","Namel__c":"bbb","Gender__c":false,"Score3__c":8.00,"Class__c":"a0H0o00000fJQOvEAO","State__c":"Passed","Name":"abbb","Namef__c":"a"}]|0x12817ad9
02:17:23.0 (140570969)|SYSTEM_MODE_ENTER|false
02:17:23.0 (140581741)|HEAP_ALLOCATE|[9]|Bytes:5
02:17:23.0 (140589493)|STATEMENT_EXECUTE|[8]
02:17:23.0 (140592057)|STATEMENT_EXECUTE|[9]
02:17:23.0 (140593850)|STATEMENT_EXECUTE|[10]
02:17:23.0 (140764193)|HEAP_ALLOCATE|[11]|Bytes:5
02:17:23.0 (140785775)|HEAP_ALLOCATE|[11]|Bytes:4
02:17:23.0 (140796003)|VARIABLE_SCOPE_BEGIN|[11]|s|Student__c|true|false
02:17:23.0 (141008957)|VARIABLE_ASSIGNMENT|[11]|s|{"AverageScore__c":7.00,"IsDeleted":false,"Score1__c":7.00,"Score2__c":6.00,"Birthday__c":"2019-05-10T00:00:00.000Z","Namel__c":"bbb","Gender__c":false,"Score3__c":8.00,"Class__c":"a0H0o00000fJQOvEAO","State__c":"Passed","Name":"abbb","Namef__c":"a"}|0x58e7e423
02:17:23.0 (141021346)|STATEMENT_EXECUTE|[12]
02:17:23.0 (141052890)|STATEMENT_EXECUTE|[13]
02:17:23.0 (141065908)|STATEMENT_EXECUTE|[17]
02:17:23.0 (141075706)|STATEMENT_EXECUTE|[21]
02:17:23.0 (141087421)|STATEMENT_EXECUTE|[30]
02:17:23.0 (141089161)|STATEMENT_EXECUTE|[31]
02:17:23.0 (141134760)|HEAP_ALLOCATE|[31]|Bytes:4
02:17:23.0 (141167864)|VARIABLE_SCOPE_BEGIN|[31]|age|Integer|false|false
02:17:23.0 (141176696)|HEAP_ALLOCATE|[31]|Bytes:4
02:17:23.0 (141185859)|VARIABLE_ASSIGNMENT|[31]|age|0
02:17:23.0 (141193187)|STATEMENT_EXECUTE|[32]
02:17:23.0 (141203579)|HEAP_ALLOCATE|[11]|Bytes:5
02:17:23.0 (141215275)|VARIABLE_ASSIGNMENT|[11]|s|null|
02:17:23.0 (141223397)|SYSTEM_MODE_EXIT|false
02:17:23.0 (141232252)|METHOD_EXIT|[11]|01p0o00000GMOB6|TriggerHandle.onBeforeInsert(List<Student__c>)
02:17:23.141 (141242076)|CUMULATIVE_LIMIT_USAGE
02:17:23.141 (141242076)|LIMIT_USAGE_FOR_NS|(default)|
  Number of SOQL queries: 2 out of 100
  Number of query rows: 3 out of 50000
  Number of SOSL queries: 0 out of 20
  Number of DML statements: 1 out of 150
  Number of DML rows: 1 out of 10000
  Maximum CPU time: 0 out of 10000
  Maximum heap size: 0 out of 6000000
  Number of callouts: 0 out of 100
  Number of Email Invocations: 0 out of 10
  Number of future calls: 0 out of 50
  Number of queueable jobs added to the queue: 0 out of 50
  Number of Mobile Apex push calls: 0 out of 10

02:17:23.141 (141242076)|CUMULATIVE_LIMIT_USAGE_END

02:17:23.0 (142600919)|CODE_UNIT_FINISHED|triggerStudent on Student trigger event BeforeInsert|__sfdc_trigger/triggerStudent
02:17:23.0 (219052674)|CODE_UNIT_STARTED|[EXTERNAL]|01q0o000000jKrN|triggerStudent on Student trigger event AfterInsert|__sfdc_trigger/triggerStudent
02:17:23.0 (219132292)|HEAP_ALLOCATE|[EXTERNAL]|Bytes:8
02:17:23.0 (219291271)|HEAP_ALLOCATE|[EXTERNAL]|Bytes:8
02:17:23.0 (219321289)|VARIABLE_SCOPE_BEGIN|[1]|this|triggerStudent|true|false
02:17:23.0 (219377246)|VARIABLE_ASSIGNMENT|[1]|this|{}|0x295cb349
02:17:23.0 (219439808)|HEAP_ALLOCATE|[EXTERNAL]|Bytes:8
02:17:23.0 (219451655)|VARIABLE_SCOPE_BEGIN|[1]|this|triggerStudent|true|false
02:17:23.0 (219478306)|VARIABLE_ASSIGNMENT|[1]|this|{}|0x295cb349
02:17:23.0 (219492749)|STATEMENT_EXECUTE|[1]
02:17:23.0 (219497798)|STATEMENT_EXECUTE|[3]
02:17:23.0 (219508447)|HEAP_ALLOCATE|[3]|Bytes:4
02:17:23.0 (219532602)|CONSTRUCTOR_ENTRY|[3]|01p0o00000GMOB6|<init>()|TriggerHandle
02:17:23.0 (219551577)|VARIABLE_SCOPE_BEGIN|[3]|this|TriggerHandle|true|false
02:17:23.0 (219579559)|VARIABLE_ASSIGNMENT|[3]|this|{}|0x22610044
02:17:23.0 (220231701)|SYSTEM_MODE_ENTER|false
02:17:23.0 (220259853)|HEAP_ALLOCATE|[EXTERNAL]|Bytes:5
02:17:23.0 (220271794)|STATEMENT_EXECUTE|[1]
02:17:23.0 (220280370)|HEAP_ALLOCATE|[EXTERNAL]|Bytes:5
02:17:23.0 (220324891)|STATEMENT_EXECUTE|[4]
02:17:23.0 (220332717)|SYSTEM_MODE_EXIT|false
02:17:23.0 (220349690)|CONSTRUCTOR_EXIT|[3]|01p0o00000GMOB6|<init>()|TriggerHandle
02:17:23.0 (220383045)|VARIABLE_ASSIGNMENT|[3]|this.handle|0x22610044|0x295cb349
02:17:23.0 (220400915)|STATEMENT_EXECUTE|[15]
02:17:23.0 (220412696)|STATEMENT_EXECUTE|[17]
02:17:23.0 (220426124)|STATEMENT_EXECUTE|[18]
02:17:23.0 (220510074)|METHOD_ENTRY|[18]|01p0o00000GMOB6|TriggerHandle.onAfterInsert(List<Student__c>)
02:17:23.0 (220567527)|VARIABLE_SCOPE_BEGIN|[44]|this|TriggerHandle|true|false
02:17:23.0 (220601509)|VARIABLE_ASSIGNMENT|[44]|this|{}|0x22610044
02:17:23.0 (220622573)|VARIABLE_SCOPE_BEGIN|[44]|newStudentList|List<Student__c>|true|false
02:17:23.0 (221609713)|VARIABLE_ASSIGNMENT|[44]|newStudentList|[{"LastModifiedDate":"2019-05-06T09:17:23.000Z","StudentId__c":"HS0049","IsDeleted":false,"Score1__c":7.00,"Score2__c":6.00,"Gender__c":false,"Score3__c":8.00,"Class__c":"a0H0o00000fJQOvEAO","Name":"abbb","SystemModstamp":"2019-05-06T09:17:23.000Z","AverageScore__c":7.00,"CreatedById":"0050o00000WkyGGAAZ","Birthday__c":"2019-05-10T00:00:00.000Z","Namel__c":"bbb","CreatedDate":"2019-05-06T09:17:23.000Z","Id":"a0I0o000013dxK8EAI","LastModifiedById":"0050o00000WkyGGAAZ","State__c":"Passed","Namef__c":"a"}]|0x488a4dec
02:17:23.0 (221658216)|SYSTEM_MODE_ENTER|false
02:17:23.0 (221675149)|HEAP_ALLOCATE|[46]|Bytes:5
02:17:23.0 (221687957)|STATEMENT_EXECUTE|[45]
02:17:23.0 (221692375)|STATEMENT_EXECUTE|[46]
02:17:23.0 (221695839)|STATEMENT_EXECUTE|[47]
02:17:23.0 (221699353)|STATEMENT_EXECUTE|[48]
02:17:23.0 (221707366)|HEAP_ALLOCATE|[48]|Bytes:6
02:17:23.0 (221741138)|METHOD_ENTRY|[48]|01p0o00000GMOB6|TriggerHandle.executeNOStudentsUpdate(List<Student__c>, String)
02:17:23.0 (221789677)|VARIABLE_SCOPE_BEGIN|[147]|this|TriggerHandle|true|false
02:17:23.0 (221824053)|VARIABLE_ASSIGNMENT|[147]|this|{}|0x22610044
02:17:23.0 (221838046)|VARIABLE_SCOPE_BEGIN|[147]|studentList|List<Student__c>|true|false
02:17:23.0 (222152093)|VARIABLE_ASSIGNMENT|[147]|studentList|[{"LastModifiedDate":"2019-05-06T09:17:23.000Z","StudentId__c":"HS0049","IsDeleted":false,"Score1__c":7.00,"Score2__c":6.00,"Gender__c":false,"Score3__c":8.00,"Class__c":"a0H0o00000fJQOvEAO","Name":"abbb","SystemModstamp":"2019-05-06T09:17:23.000Z","AverageScore__c":7.00,"CreatedById":"0050o00000WkyGGAAZ","Birthday__c":"2019-05-10T00:00:00.000Z","Namel__c":"bbb","CreatedDate":"2019-05-06T09:17:23.000Z","Id":"a0I0o000013dxK8EAI","LastModifiedById":"0050o00000WkyGGAAZ","State__c":"Passed","Namef__c":"a"}]|0x488a4dec
02:17:23.0 (222186543)|VARIABLE_SCOPE_BEGIN|[147]|action|String|false|false
02:17:23.0 (222206312)|VARIABLE_ASSIGNMENT|[147]|action|"insert"
02:17:23.0 (222227236)|HEAP_ALLOCATE|[149]|Bytes:5
02:17:23.0 (222237615)|STATEMENT_EXECUTE|[148]
02:17:23.0 (222242026)|STATEMENT_EXECUTE|[149]
02:17:23.0 (222272418)|HEAP_ALLOCATE|[149]|Bytes:4
02:17:23.0 (222300060)|VARIABLE_SCOPE_BEGIN|[149]|classIDMap|Map<Id,Integer>|true|false
02:17:23.0 (222343686)|VARIABLE_ASSIGNMENT|[149]|classIDMap|{}|0x2ec92abb
02:17:23.0 (222431621)|HEAP_ALLOCATE|[152]|Bytes:5
02:17:23.0 (222474653)|VARIABLE_SCOPE_BEGIN|[152]|s|Student__c|true|false
02:17:23.0 (222779897)|VARIABLE_ASSIGNMENT|[152]|s|{"LastModifiedDate":"2019-05-06T09:17:23.000Z","StudentId__c":"HS0049","IsDeleted":false,"Score1__c":7.00,"Score2__c":6.00,"Gender__c":false,"Score3__c":8.00,"Class__c":"a0H0o00000fJQOvEAO","Name":"abbb","SystemModstamp":"2019-05-06T09:17:23.000Z","AverageScore__c":7.00,"CreatedById":"0050o00000WkyGGAAZ","Birthday__c":"2019-05-10T00:00:00.000Z","Namel__c":"bbb","CreatedDate":"2019-05-06T09:17:23.000Z","Id":"a0I0o000013dxK8EAI","LastModifiedById":"0050o00000WkyGGAAZ","State__c":"Passed","Namef__c":"a"}|0x15a5287a
02:17:23.0 (222811457)|STATEMENT_EXECUTE|[153]
02:17:23.0 (222950423)|STATEMENT_EXECUTE|[159]
02:17:23.0 (222955482)|STATEMENT_EXECUTE|[160]
02:17:23.0 (223000267)|HEAP_ALLOCATE|[160]|Bytes:4
02:17:23.0 (223018802)|HEAP_ALLOCATE|[EXTERNAL]|Bytes:-4
02:17:23.0 (223051132)|HEAP_ALLOCATE|[152]|Bytes:5
02:17:23.0 (223077659)|VARIABLE_ASSIGNMENT|[152]|s|null|
02:17:23.0 (223089806)|STATEMENT_EXECUTE|[164]
02:17:23.0 (223097071)|HEAP_ALLOCATE|[164]|Bytes:44
02:17:23.0 (223125291)|HEAP_ALLOCATE|[164]|Bytes:4
02:17:23.0 (223455440)|SOQL_EXECUTE_BEGIN|[164]|Aggregations:0|SELECT id, NumberOfStudents__c FROM Class__c
02:17:23.0 (234192215)|SOQL_EXECUTE_END|[164]|Rows:2
02:17:23.0 (234252399)|HEAP_ALLOCATE|[164]|Bytes:12
02:17:23.0 (234288214)|HEAP_ALLOCATE|[164]|Bytes:176
02:17:23.0 (234340243)|HEAP_ALLOCATE|[164]|Bytes:12
02:17:23.0 (234367835)|VARIABLE_SCOPE_BEGIN|[164]|classList|List<Class__c>|true|false
02:17:23.0 (234427908)|VARIABLE_ASSIGNMENT|[164]|classList|[{"Id":"a0H0o00000fJQOvEAO","NumberOfStudents__c":0},{"Id":"a0H0o00000fJQOwEAO","NumberOfStudents__c":0}]|0x51754072
02:17:23.0 (234539251)|HEAP_ALLOCATE|[166]|Bytes:5
02:17:23.0 (234570398)|HEAP_ALLOCATE|[166]|Bytes:12
02:17:23.0 (234587054)|VARIABLE_SCOPE_BEGIN|[166]|c|Class__c|true|false
02:17:23.0 (234616728)|VARIABLE_ASSIGNMENT|[166]|c|{"Id":"a0H0o00000fJQOvEAO","NumberOfStudents__c":0}|0x3ee86af8
02:17:23.0 (234630207)|STATEMENT_EXECUTE|[167]
02:17:23.0 (234709243)|STATEMENT_EXECUTE|[169]
02:17:23.0 (234713797)|STATEMENT_EXECUTE|[170]
02:17:23.0 (234721154)|HEAP_ALLOCATE|[170]|Bytes:13
02:17:23.0 (234798603)|USER_DEBUG|[170]|DEBUG|run at update
02:17:23.0 (234882016)|STATEMENT_EXECUTE|[172]
02:17:23.0 (234886730)|STATEMENT_EXECUTE|[173]
02:17:23.0 (234987194)|HEAP_ALLOCATE|[173]|Bytes:28
02:17:23.0 (234998418)|HEAP_ALLOCATE|[173]|Bytes:28
02:17:23.0 (235114721)|VARIABLE_ASSIGNMENT|[173]|this.NumberOfStudents__c|1|0x3ee86af8
02:17:23.0 (235131960)|STATEMENT_EXECUTE|[181]
02:17:23.0 (235189669)|HEAP_ALLOCATE|[181]|Bytes:8
02:17:23.0 (235226452)|DML_BEGIN|[181]|Op:Update|Type:Class__c|Rows:1
02:17:23.0 (235276878)|HEAP_ALLOCATE|[EXTERNAL]|Bytes:8
02:17:23.0 (255456006)|DML_END|[181]
02:17:23.0 (255490724)|STATEMENT_EXECUTE|[183]
02:17:23.0 (255649429)|HEAP_ALLOCATE|[166]|Bytes:5
02:17:23.0 (255692979)|HEAP_ALLOCATE|[166]|Bytes:12
02:17:23.0 (255712791)|VARIABLE_SCOPE_BEGIN|[166]|c|Class__c|true|false
02:17:23.0 (255761132)|VARIABLE_ASSIGNMENT|[166]|c|{"Id":"a0H0o00000fJQOwEAO","NumberOfStudents__c":0}|0x470a378a
02:17:23.0 (255773536)|STATEMENT_EXECUTE|[167]
02:17:23.0 (255803908)|STATEMENT_EXECUTE|[168]
02:17:23.0 (255818250)|HEAP_ALLOCATE|[166]|Bytes:5
02:17:23.0 (255838000)|VARIABLE_ASSIGNMENT|[166]|c|null|
02:17:23.0 (255865417)|METHOD_EXIT|[48]|01p0o00000GMOB6|TriggerHandle.executeNOStudentsUpdate(List<Student__c>, String)
02:17:23.0 (255875921)|STATEMENT_EXECUTE|[49]
02:17:23.0 (255914283)|METHOD_ENTRY|[49]|01p0o00000GMOB6|TriggerHandle.executeNOFAPStudentsUpdate(List<Student__c>, String)
02:17:23.0 (255954401)|VARIABLE_SCOPE_BEGIN|[74]|this|TriggerHandle|true|false
02:17:23.0 (255991184)|VARIABLE_ASSIGNMENT|[74]|this|{}|0x22610044
02:17:23.0 (256003423)|VARIABLE_SCOPE_BEGIN|[74]|studentList|List<Student__c>|true|false
02:17:23.0 (256345473)|VARIABLE_ASSIGNMENT|[74]|studentList|[{"LastModifiedDate":"2019-05-06T09:17:23.000Z","StudentId__c":"HS0049","IsDeleted":false,"Score1__c":7.00,"Score2__c":6.00,"Gender__c":false,"Score3__c":8.00,"Class__c":"a0H0o00000fJQOvEAO","Name":"abbb","SystemModstamp":"2019-05-06T09:17:23.000Z","AverageScore__c":7.00,"CreatedById":"0050o00000WkyGGAAZ","Birthday__c":"2019-05-10T00:00:00.000Z","Namel__c":"bbb","CreatedDate":"2019-05-06T09:17:23.000Z","Id":"a0I0o000013dxK8EAI","LastModifiedById":"0050o00000WkyGGAAZ","State__c":"Passed","Namef__c":"a"}]|0x488a4dec
02:17:23.0 (256374288)|VARIABLE_SCOPE_BEGIN|[74]|action|String|false|false
02:17:23.0 (256390467)|VARIABLE_ASSIGNMENT|[74]|action|"insert"
02:17:23.0 (256412099)|HEAP_ALLOCATE|[76]|Bytes:5
02:17:23.0 (256421630)|STATEMENT_EXECUTE|[75]
02:17:23.0 (256425032)|STATEMENT_EXECUTE|[76]
02:17:23.0 (256453332)|HEAP_ALLOCATE|[76]|Bytes:4
02:17:23.0 (256471845)|VARIABLE_SCOPE_BEGIN|[76]|classIDMapWithPassedStudents|Map<Id,Integer>|true|false
02:17:23.0 (256499249)|VARIABLE_ASSIGNMENT|[76]|classIDMapWithPassedStudents|{}|0x5c4120b
02:17:23.0 (256509927)|STATEMENT_EXECUTE|[77]
02:17:23.0 (256521262)|HEAP_ALLOCATE|[77]|Bytes:4
02:17:23.0 (256530981)|VARIABLE_SCOPE_BEGIN|[77]|classIDMapWithFaliedStudents|Map<Id,Integer>|true|false
02:17:23.0 (256550804)|VARIABLE_ASSIGNMENT|[77]|classIDMapWithFaliedStudents|{}|0x203ff1c1
02:17:23.0 (256631704)|HEAP_ALLOCATE|[80]|Bytes:5
02:17:23.0 (256662745)|VARIABLE_SCOPE_BEGIN|[80]|s|Student__c|true|false
02:17:23.0 (256994954)|VARIABLE_ASSIGNMENT|[80]|s|{"LastModifiedDate":"2019-05-06T09:17:23.000Z","StudentId__c":"HS0049","IsDeleted":false,"Score1__c":7.00,"Score2__c":6.00,"Gender__c":false,"Score3__c":8.00,"Class__c":"a0H0o00000fJQOvEAO","Name":"abbb","SystemModstamp":"2019-05-06T09:17:23.000Z","AverageScore__c":7.00,"CreatedById":"0050o00000WkyGGAAZ","Birthday__c":"2019-05-10T00:00:00.000Z","Namel__c":"bbb","CreatedDate":"2019-05-06T09:17:23.000Z","Id":"a0I0o000013dxK8EAI","LastModifiedById":"0050o00000WkyGGAAZ","State__c":"Passed","Namef__c":"a"}|0x15a5287a
02:17:23.0 (257035343)|STATEMENT_EXECUTE|[81]
02:17:23.0 (257083653)|HEAP_ALLOCATE|[83]|Bytes:6
02:17:23.0 (257179546)|STATEMENT_EXECUTE|[84]
02:17:23.0 (257242588)|STATEMENT_EXECUTE|[90]
02:17:23.0 (257247611)|STATEMENT_EXECUTE|[91]
02:17:23.0 (257297193)|HEAP_ALLOCATE|[91]|Bytes:4
02:17:23.0 (257316676)|HEAP_ALLOCATE|[EXTERNAL]|Bytes:-4
02:17:23.0 (257353285)|HEAP_ALLOCATE|[80]|Bytes:5
02:17:23.0 (257384433)|VARIABLE_ASSIGNMENT|[80]|s|null|
02:17:23.0 (257398014)|STATEMENT_EXECUTE|[107]
02:17:23.0 (257405443)|HEAP_ALLOCATE|[107]|Bytes:77
02:17:23.0 (257437912)|HEAP_ALLOCATE|[107]|Bytes:4
02:17:23.0 (257835289)|SOQL_EXECUTE_BEGIN|[107]|Aggregations:0|SELECT id, NumberOfFailedStudents__c, NumberOfPassedStudents__c FROM Class__c
02:17:23.0 (260640535)|SOQL_EXECUTE_END|[107]|Rows:2
02:17:23.0 (260681983)|HEAP_ALLOCATE|[107]|Bytes:12
02:17:23.0 (260712903)|HEAP_ALLOCATE|[107]|Bytes:318
02:17:23.0 (260756321)|HEAP_ALLOCATE|[107]|Bytes:12
02:17:23.0 (260778571)|VARIABLE_SCOPE_BEGIN|[107]|classList|List<Class__c>|true|false
02:17:23.0 (260832551)|VARIABLE_ASSIGNMENT|[107]|classList|[{"Id":"a0H0o00000fJQOvEAO","NumberOfFailedStudents__c":0,"NumberOfPassedStudents__c":1},{"Id":"a0H0o00000fJQOwEAO","NumberOfFailedStudents__c":0,"NumberOfPassedStudents__c":0}]|0x1ff01f67
02:17:23.0 (260924551)|HEAP_ALLOCATE|[109]|Bytes:5
02:17:23.0 (260950954)|HEAP_ALLOCATE|[109]|Bytes:16
02:17:23.0 (260965641)|VARIABLE_SCOPE_BEGIN|[109]|c|Class__c|true|false
02:17:23.0 (260994502)|VARIABLE_ASSIGNMENT|[109]|c|{"Id":"a0H0o00000fJQOvEAO","NumberOfFailedStudents__c":0,"NumberOfPassedStudents__c":1}|0x1d8d55df
02:17:23.0 (261005707)|STATEMENT_EXECUTE|[110]
02:17:23.0 (261071443)|STATEMENT_EXECUTE|[112]
02:17:23.0 (261107554)|STATEMENT_EXECUTE|[129]
02:17:23.0 (261152693)|STATEMENT_EXECUTE|[132]
02:17:23.0 (261156418)|STATEMENT_EXECUTE|[133]
02:17:23.0 (261224789)|HEAP_ALLOCATE|[133]|Bytes:28
02:17:23.0 (261237656)|HEAP_ALLOCATE|[133]|Bytes:28
02:17:23.0 (261356582)|VARIABLE_ASSIGNMENT|[133]|this.NumberOfPassedStudents__c|1|0x1d8d55df
02:17:23.0 (261376030)|STATEMENT_EXECUTE|[140]
02:17:23.0 (261437693)|HEAP_ALLOCATE|[140]|Bytes:8
02:17:23.0 (261476478)|DML_BEGIN|[140]|Op:Update|Type:Class__c|Rows:1
02:17:23.0 (261534289)|HEAP_ALLOCATE|[EXTERNAL]|Bytes:8
02:17:23.0 (271252394)|DML_END|[140]
02:17:23.0 (271281595)|STATEMENT_EXECUTE|[141]
02:17:23.0 (271402056)|HEAP_ALLOCATE|[109]|Bytes:5
02:17:23.0 (271436368)|HEAP_ALLOCATE|[109]|Bytes:16
02:17:23.0 (271452764)|VARIABLE_SCOPE_BEGIN|[109]|c|Class__c|true|false
02:17:23.0 (271497313)|VARIABLE_ASSIGNMENT|[109]|c|{"Id":"a0H0o00000fJQOwEAO","NumberOfFailedStudents__c":0,"NumberOfPassedStudents__c":0}|0xa0cde84
02:17:23.0 (271508994)|STATEMENT_EXECUTE|[110]
02:17:23.0 (271537041)|STATEMENT_EXECUTE|[112]
02:17:23.0 (271551262)|STATEMENT_EXECUTE|[128]
02:17:23.0 (271564833)|HEAP_ALLOCATE|[109]|Bytes:5
02:17:23.0 (271583597)|VARIABLE_ASSIGNMENT|[109]|c|null|
02:17:23.0 (271606628)|METHOD_EXIT|[49]|01p0o00000GMOB6|TriggerHandle.executeNOFAPStudentsUpdate(List<Student__c>, String)
02:17:23.0 (271620041)|SYSTEM_MODE_EXIT|false
02:17:23.0 (271633437)|METHOD_EXIT|[18]|01p0o00000GMOB6|TriggerHandle.onAfterInsert(List<Student__c>)
02:17:23.271 (271648556)|CUMULATIVE_LIMIT_USAGE
02:17:23.271 (271648556)|LIMIT_USAGE_FOR_NS|(default)|
  Number of SOQL queries: 4 out of 100
  Number of query rows: 7 out of 50000
  Number of SOSL queries: 0 out of 20
  Number of DML statements: 3 out of 150
  Number of DML rows: 3 out of 10000
  Maximum CPU time: 0 out of 10000
  Maximum heap size: 0 out of 6000000
  Number of callouts: 0 out of 100
  Number of Email Invocations: 0 out of 10
  Number of future calls: 0 out of 50
  Number of queueable jobs added to the queue: 0 out of 50
  Number of Mobile Apex push calls: 0 out of 10

02:17:23.271 (271648556)|CUMULATIVE_LIMIT_USAGE_END

02:17:23.0 (273042252)|CODE_UNIT_FINISHED|triggerStudent on Student trigger event AfterInsert|__sfdc_trigger/triggerStudent
02:17:23.0 (274687626)|DML_END|[108]
02:17:23.0 (274712297)|STATEMENT_EXECUTE|[109]
02:17:23.0 (274728856)|HEAP_ALLOCATE|[109]|Bytes:19
02:17:23.0 (275977594)|VARIABLE_ASSIGNMENT|[109]|ref|"/apex/AddNewStudent"|0x2126fa26
02:17:23.0 (275996731)|STATEMENT_EXECUTE|[110]
02:17:23.0 (276078350)|STATEMENT_EXECUTE|[115]
02:17:23.0 (276087162)|SYSTEM_MODE_EXIT|false
02:17:23.289 (289429858)|CUMULATIVE_LIMIT_USAGE
02:17:23.289 (289429858)|LIMIT_USAGE_FOR_NS|(default)|
  Number of SOQL queries: 4 out of 100
  Number of query rows: 7 out of 50000
  Number of SOSL queries: 0 out of 20
  Number of DML statements: 3 out of 150
  Number of DML rows: 3 out of 10000
  Maximum CPU time: 0 out of 10000
  Maximum heap size: 0 out of 6000000
  Number of callouts: 0 out of 100
  Number of Email Invocations: 0 out of 10
  Number of future calls: 0 out of 50
  Number of queueable jobs added to the queue: 0 out of 50
  Number of Mobile Apex push calls: 0 out of 10

02:17:23.289 (289429858)|CUMULATIVE_LIMIT_USAGE_END

02:17:23.0 (289497059)|CODE_UNIT_FINISHED|VF: /apex/AddNewStudent
02:17:23.0 (290708378)|EXECUTION_FINISHED
