36.0 APEX_CODE,FINEST;APEX_PROFILING,INFO;CALLOUT,INFO;DB,INFO;NBA,INFO;SYSTEM,DEBUG;VALIDATION,INFO;VISUALFORCE,INFO;WAVE,INFO;WORKFLOW,INFO
01:06:25.0 (757043)|USER_INFO|[EXTERNAL]|0050o00000WkyGG|ttvy@keizu.co.jp|Pacific Standard Time|GMT-07:00
01:06:25.0 (843020)|EXECUTION_STARTED
01:06:25.0 (850793)|CODE_UNIT_STARTED|[EXTERNAL]|0660o000008sEYc|VF: /apex/MainPage
01:06:25.0 (5082867)|SYSTEM_MODE_ENTER|true
01:06:25.0 (5553348)|HEAP_ALLOCATE|[72]|Bytes:3
01:06:25.0 (5609425)|HEAP_ALLOCATE|[77]|Bytes:152
01:06:25.0 (5638868)|HEAP_ALLOCATE|[342]|Bytes:408
01:06:25.0 (5667983)|HEAP_ALLOCATE|[355]|Bytes:408
01:06:25.0 (5694372)|HEAP_ALLOCATE|[467]|Bytes:48
01:06:25.0 (5774384)|HEAP_ALLOCATE|[139]|Bytes:6
01:06:25.0 (5817808)|HEAP_ALLOCATE|[EXTERNAL]|Bytes:176
01:06:25.0 (5826073)|HEAP_ALLOCATE|[EXTERNAL]|Bytes:20
01:06:25.0 (5830874)|HEAP_ALLOCATE|[EXTERNAL]|Bytes:5
01:06:25.0 (5842874)|METHOD_ENTRY|[1]|01p0o00000GLKhZ|Controller.Controller()
01:06:25.0 (5849677)|STATEMENT_EXECUTE|[1]
01:06:25.0 (5856262)|STATEMENT_EXECUTE|[1]
01:06:25.0 (5883099)|HEAP_ALLOCATE|[50]|Bytes:5
01:06:25.0 (5905080)|HEAP_ALLOCATE|[56]|Bytes:5
01:06:25.0 (5913249)|HEAP_ALLOCATE|[64]|Bytes:7
01:06:25.0 (5934075)|SYSTEM_MODE_ENTER|false
01:06:25.0 (5945004)|HEAP_ALLOCATE|[EXTERNAL]|Bytes:5
01:06:25.0 (5952279)|SYSTEM_MODE_EXIT|false
01:06:25.0 (5960401)|METHOD_EXIT|[1]|Controller
01:06:25.0 (5975993)|HEAP_ALLOCATE|[EXTERNAL]|Bytes:24
01:06:25.0 (5984169)|VARIABLE_SCOPE_BEGIN|[1]|this|Controller|true|false
01:06:25.0 (6034748)|VARIABLE_ASSIGNMENT|[1]|this|{}|0x7e9a9092
01:06:25.0 (6048564)|SYSTEM_MODE_ENTER|false
01:06:25.0 (6054741)|HEAP_ALLOCATE|[EXTERNAL]|Bytes:5
01:06:25.0 (6063601)|HEAP_ALLOCATE|[EXTERNAL]|Bytes:6
01:06:25.0 (6110169)|SYSTEM_MODE_EXIT|false
01:06:25.0 (6117267)|STATEMENT_EXECUTE|[1]
01:06:25.0 (6122294)|SYSTEM_MODE_ENTER|false
01:06:25.0 (6127489)|HEAP_ALLOCATE|[EXTERNAL]|Bytes:5
01:06:25.0 (6131295)|STATEMENT_EXECUTE|[2]
01:06:25.0 (6133108)|STATEMENT_EXECUTE|[3]
01:06:25.0 (6134696)|STATEMENT_EXECUTE|[4]
01:06:25.0 (6136240)|STATEMENT_EXECUTE|[5]
01:06:25.0 (6137932)|STATEMENT_EXECUTE|[6]
01:06:25.0 (6140242)|SYSTEM_MODE_EXIT|false
01:06:25.0 (6204680)|SYSTEM_MODE_ENTER|true
01:06:25.6 (6710145)|SYSTEM_MODE_ENTER|true
01:06:25.6 (6756095)|HEAP_ALLOCATE|[EXTERNAL]|Bytes:38
01:06:25.6 (6768151)|HEAP_ALLOCATE|[EXTERNAL]|Bytes:7
01:06:25.6 (6933598)|SYSTEM_MODE_ENTER|true
01:06:25.6 (7028202)|HEAP_ALLOCATE|[EXTERNAL]|Bytes:8
01:06:25.6 (7039861)|VARIABLE_SCOPE_BEGIN|[88]|this|ApexPage.PageMessagesComponentController|true|false
01:06:25.6 (7070131)|VARIABLE_ASSIGNMENT|[88]|this|{}|0x226949c0
01:06:25.6 (7080927)|VARIABLE_SCOPE_BEGIN|[88]|escape|Boolean|false|false
01:06:25.6 (7093997)|VARIABLE_ASSIGNMENT|[88]|escape|null
01:06:25.7 (7241166)|SYSTEM_MODE_ENTER|true
01:06:25.7 (7295146)|HEAP_ALLOCATE|[EXTERNAL]|Bytes:8
01:06:25.7 (7303975)|VARIABLE_SCOPE_BEGIN|[2]|this|ApexPage.PageMessagesComponentController|true|false
01:06:25.7 (7328077)|VARIABLE_ASSIGNMENT|[2]|this|{}|0x226949c0
01:06:25.0 (8152587)|SYSTEM_MODE_ENTER|true
01:06:25.0 (9037723)|SYSTEM_MODE_ENTER|true
01:06:25.0 (9283030)|SYSTEM_MODE_ENTER|true
01:06:25.0 (9358904)|HEAP_ALLOCATE|[EXTERNAL]|Bytes:24
01:06:25.0 (9376471)|VARIABLE_SCOPE_BEGIN|[8]|this|Controller|true|false
01:06:25.0 (9409283)|VARIABLE_ASSIGNMENT|[8]|this|{}|0x7e9a9092
01:06:25.0 (9426731)|SYSTEM_MODE_ENTER|false
01:06:25.0 (9434520)|HEAP_ALLOCATE|[9]|Bytes:5
01:06:25.0 (9439931)|STATEMENT_EXECUTE|[8]
01:06:25.0 (9442201)|STATEMENT_EXECUTE|[9]
01:06:25.0 (9455240)|HEAP_ALLOCATE|[9]|Bytes:4
01:06:25.0 (9490958)|VARIABLE_SCOPE_BEGIN|[9]|options|List<System.SelectOption>|true|false
01:06:25.0 (9518114)|HEAP_ALLOCATE|[EXTERNAL]|Bytes:4
01:06:25.0 (9532402)|VARIABLE_ASSIGNMENT|[9]|options|[]|0x402685f5
01:06:25.0 (9538658)|STATEMENT_EXECUTE|[10]
01:06:25.0 (9542692)|HEAP_ALLOCATE|[10]|Bytes:33
01:06:25.0 (9559778)|HEAP_ALLOCATE|[10]|Bytes:4
01:06:25.0 (10665261)|SOQL_EXECUTE_BEGIN|[10]|Aggregations:0|SELECT className__C FROM Class__c
01:06:25.0 (14897728)|SOQL_EXECUTE_END|[10]|Rows:4
01:06:25.0 (14931712)|HEAP_ALLOCATE|[10]|Bytes:20
01:06:25.0 (14957365)|HEAP_ALLOCATE|[10]|Bytes:193
01:06:25.0 (15049198)|HEAP_ALLOCATE|[10]|Bytes:20
01:06:25.0 (15071118)|VARIABLE_SCOPE_BEGIN|[10]|data|List<Class__c>|true|false
01:06:25.0 (15118019)|VARIABLE_ASSIGNMENT|[10]|data|[{"className__c":"Name","Id":"a0H0o00000fIXZEEA4"},{"className__c":"L02","Id":"a0H0o00000fIXflEAG"},{"className__c":"L01","Id":"a0H0o00000fIXZYEA4"},{"className__c":"L03","Id":"a0H0o00000fIXg0EAG"}]|0x5f4c0367
01:06:25.0 (15325886)|HEAP_ALLOCATE|[11]|Bytes:5
01:06:25.0 (15353954)|HEAP_ALLOCATE|[11]|Bytes:12
01:06:25.0 (15364861)|VARIABLE_SCOPE_BEGIN|[11]|c|Class__c|true|false
01:06:25.0 (15383044)|VARIABLE_ASSIGNMENT|[11]|c|{"className__c":"Name","Id":"a0H0o00000fIXZEEA4"}|0x2155aebc
01:06:25.0 (15390912)|STATEMENT_EXECUTE|[11]
01:06:25.0 (15393653)|STATEMENT_EXECUTE|[12]
01:06:25.0 (15404995)|HEAP_ALLOCATE|[12]|Bytes:12
01:06:25.0 (15502648)|HEAP_ALLOCATE|[12]|Bytes:4
01:06:25.0 (15543505)|HEAP_ALLOCATE|[12]|Bytes:4
01:06:25.0 (15590976)|HEAP_ALLOCATE|[EXTERNAL]|Bytes:4
01:06:25.0 (15609667)|HEAP_ALLOCATE|[11]|Bytes:5
01:06:25.0 (15622969)|HEAP_ALLOCATE|[11]|Bytes:12
01:06:25.0 (15631158)|VARIABLE_SCOPE_BEGIN|[11]|c|Class__c|true|false
01:06:25.0 (15649376)|VARIABLE_ASSIGNMENT|[11]|c|{"className__c":"L02","Id":"a0H0o00000fIXflEAG"}|0x7d10fb31
01:06:25.0 (15655999)|STATEMENT_EXECUTE|[11]
01:06:25.0 (15658021)|STATEMENT_EXECUTE|[12]
01:06:25.0 (15692069)|HEAP_ALLOCATE|[12]|Bytes:3
01:06:25.0 (15721868)|HEAP_ALLOCATE|[12]|Bytes:3
01:06:25.0 (15748521)|HEAP_ALLOCATE|[EXTERNAL]|Bytes:4
01:06:25.0 (15763478)|HEAP_ALLOCATE|[11]|Bytes:5
01:06:25.0 (15775702)|HEAP_ALLOCATE|[11]|Bytes:12
01:06:25.0 (15782465)|VARIABLE_SCOPE_BEGIN|[11]|c|Class__c|true|false
01:06:25.0 (15798613)|VARIABLE_ASSIGNMENT|[11]|c|{"className__c":"L01","Id":"a0H0o00000fIXZYEA4"}|0x24ff7061
01:06:25.0 (15804845)|STATEMENT_EXECUTE|[11]
01:06:25.0 (15806757)|STATEMENT_EXECUTE|[12]
01:06:25.0 (15836350)|HEAP_ALLOCATE|[12]|Bytes:3
01:06:25.0 (15862414)|HEAP_ALLOCATE|[12]|Bytes:3
01:06:25.0 (15878651)|HEAP_ALLOCATE|[EXTERNAL]|Bytes:4
01:06:25.0 (15891884)|HEAP_ALLOCATE|[11]|Bytes:5
01:06:25.0 (15902250)|HEAP_ALLOCATE|[11]|Bytes:12
01:06:25.0 (15908163)|VARIABLE_SCOPE_BEGIN|[11]|c|Class__c|true|false
01:06:25.0 (15922734)|VARIABLE_ASSIGNMENT|[11]|c|{"className__c":"L03","Id":"a0H0o00000fIXg0EAG"}|0x5ebd996e
01:06:25.0 (15928668)|STATEMENT_EXECUTE|[11]
01:06:25.0 (15930473)|STATEMENT_EXECUTE|[12]
01:06:25.0 (15955667)|HEAP_ALLOCATE|[12]|Bytes:3
01:06:25.0 (15980366)|HEAP_ALLOCATE|[12]|Bytes:3
01:06:25.0 (15996194)|HEAP_ALLOCATE|[EXTERNAL]|Bytes:4
01:06:25.0 (16008890)|HEAP_ALLOCATE|[11]|Bytes:5
01:06:25.0 (16022540)|VARIABLE_ASSIGNMENT|[11]|c|null|
01:06:25.0 (16028323)|STATEMENT_EXECUTE|[15]
01:06:25.0 (16034639)|SYSTEM_MODE_EXIT|false
01:06:25.0 (16265990)|SYSTEM_MODE_ENTER|true
01:06:25.17 (17474920)|SYSTEM_MODE_ENTER|true
01:06:25.17 (17565098)|HEAP_ALLOCATE|[EXTERNAL]|Bytes:8
01:06:25.17 (17577014)|VARIABLE_SCOPE_BEGIN|[88]|this|ApexPage.PageMessagesComponentController|true|false
01:06:25.17 (17612420)|VARIABLE_ASSIGNMENT|[88]|this|{}|0x226949c0
01:06:25.17 (17620062)|VARIABLE_SCOPE_BEGIN|[88]|escape|Boolean|false|false
01:06:25.17 (17628663)|VARIABLE_ASSIGNMENT|[88]|escape|null
01:06:25.17 (17778099)|SYSTEM_MODE_ENTER|true
01:06:25.17 (17827980)|HEAP_ALLOCATE|[EXTERNAL]|Bytes:8
01:06:25.17 (17836463)|VARIABLE_SCOPE_BEGIN|[2]|this|ApexPage.PageMessagesComponentController|true|false
01:06:25.17 (17859542)|VARIABLE_ASSIGNMENT|[2]|this|{}|0x226949c0
01:06:25.0 (18672146)|SYSTEM_MODE_ENTER|true
01:06:25.0 (20864194)|VF_SERIALIZE_VIEWSTATE_BEGIN|0660o000008sEYc
01:06:25.0 (31761562)|VF_SERIALIZE_VIEWSTATE_END
01:06:25.0 (33431637)|CODE_UNIT_STARTED|[EXTERNAL]|Generate Metadata
01:06:25.0 (33951170)|CODE_UNIT_FINISHED|Generate Metadata
01:06:25.36 (36638046)|CUMULATIVE_LIMIT_USAGE
01:06:25.36 (36638046)|LIMIT_USAGE_FOR_NS|(default)|
  Number of SOQL queries: 1 out of 100
  Number of query rows: 4 out of 50000
  Number of SOSL queries: 0 out of 20
  Number of DML statements: 0 out of 150
  Number of DML rows: 0 out of 10000
  Maximum CPU time: 0 out of 10000
  Maximum heap size: 0 out of 6000000
  Number of callouts: 0 out of 100
  Number of Email Invocations: 0 out of 10
  Number of future calls: 0 out of 50
  Number of queueable jobs added to the queue: 0 out of 50
  Number of Mobile Apex push calls: 0 out of 10

01:06:25.36 (36638046)|CUMULATIVE_LIMIT_USAGE_END

01:06:25.0 (36730590)|CODE_UNIT_FINISHED|VF: /apex/MainPage
01:06:25.0 (37637650)|EXECUTION_FINISHED
