36.0 APEX_CODE,FINEST;APEX_PROFILING,INFO;CALLOUT,INFO;DB,INFO;NBA,INFO;SYSTEM,DEBUG;VALIDATION,INFO;VISUALFORCE,INFO;WAVE,INFO;WORKFLOW,INFO
01:21:05.0 (423200)|USER_INFO|[EXTERNAL]|0050o00000WkyGG|ttvy@keizu.co.jp|Pacific Standard Time|GMT-07:00
01:21:05.0 (465097)|EXECUTION_STARTED
01:21:05.0 (470929)|CODE_UNIT_STARTED|[EXTERNAL]|0660o000008sEYc|VF: /apex/MainPage
01:21:05.0 (1031691)|VF_DESERIALIZE_VIEWSTATE_BEGIN|0660o000008sEYc
01:21:05.0 (9612077)|HEAP_ALLOCATE|[72]|Bytes:3
01:21:05.0 (9672940)|HEAP_ALLOCATE|[77]|Bytes:152
01:21:05.0 (9692086)|HEAP_ALLOCATE|[342]|Bytes:408
01:21:05.0 (9711637)|HEAP_ALLOCATE|[355]|Bytes:408
01:21:05.0 (9729580)|HEAP_ALLOCATE|[467]|Bytes:48
01:21:05.0 (9764758)|HEAP_ALLOCATE|[139]|Bytes:6
01:21:05.0 (9822409)|HEAP_ALLOCATE|[50]|Bytes:5
01:21:05.0 (9850521)|HEAP_ALLOCATE|[56]|Bytes:5
01:21:05.0 (9862460)|HEAP_ALLOCATE|[64]|Bytes:7
01:21:05.0 (14360803)|VF_DESERIALIZE_VIEWSTATE_END
01:21:05.0 (15254643)|SYSTEM_MODE_ENTER|true
01:21:05.0 (15300236)|HEAP_ALLOCATE|[EXTERNAL]|Bytes:34
01:21:05.0 (15315758)|HEAP_ALLOCATE|[EXTERNAL]|Bytes:308
01:21:05.0 (15327327)|HEAP_ALLOCATE|[EXTERNAL]|Bytes:60
01:21:05.0 (15334497)|HEAP_ALLOCATE|[EXTERNAL]|Bytes:7
01:21:05.0 (15354321)|METHOD_ENTRY|[1]|01p0o00000GLKhZ|Controller.Controller()
01:21:05.0 (15363037)|STATEMENT_EXECUTE|[1]
01:21:05.0 (15369625)|STATEMENT_EXECUTE|[1]
01:21:05.0 (15382467)|SYSTEM_MODE_ENTER|false
01:21:05.0 (15397015)|HEAP_ALLOCATE|[EXTERNAL]|Bytes:5
01:21:05.0 (15404126)|STATEMENT_EXECUTE|[12]
01:21:05.0 (15407115)|STATEMENT_EXECUTE|[44]
01:21:05.0 (15409260)|STATEMENT_EXECUTE|[60]
01:21:05.0 (15416139)|SYSTEM_MODE_EXIT|false
01:21:05.0 (15432652)|METHOD_EXIT|[1]|Controller
01:21:05.0 (15511779)|HEAP_ALLOCATE|[EXTERNAL]|Bytes:188
01:21:05.0 (15521370)|HEAP_ALLOCATE|[EXTERNAL]|Bytes:17
01:21:05.20 (20292139)|SYSTEM_MODE_ENTER|true
01:21:05.20 (20403823)|HEAP_ALLOCATE|[EXTERNAL]|Bytes:38
01:21:05.20 (20422541)|HEAP_ALLOCATE|[EXTERNAL]|Bytes:7
01:21:05.21 (21543260)|SYSTEM_MODE_ENTER|true
01:21:05.21 (21636058)|HEAP_ALLOCATE|[EXTERNAL]|Bytes:8
01:21:05.21 (21650067)|VARIABLE_SCOPE_BEGIN|[88]|this|ApexPage.PageMessagesComponentController|true|false
01:21:05.21 (21713567)|VARIABLE_ASSIGNMENT|[88]|this|{}|0x666596cd
01:21:05.21 (21724889)|VARIABLE_SCOPE_BEGIN|[88]|escape|Boolean|false|false
01:21:05.21 (21737048)|VARIABLE_ASSIGNMENT|[88]|escape|null
01:21:05.0 (21928400)|SYSTEM_MODE_ENTER|true
01:21:05.0 (22611951)|SYSTEM_MODE_ENTER|true
01:21:05.0 (22814563)|SYSTEM_MODE_ENTER|true
01:21:05.0 (23178655)|HEAP_ALLOCATE|[EXTERNAL]|Bytes:44
01:21:05.0 (23194895)|VARIABLE_SCOPE_BEGIN|[99]|this|Controller|true|false
01:21:05.0 (23290366)|VARIABLE_ASSIGNMENT|[99]|this|{"objKeySearch":"0x63a9bcf1","student":"0x4b60d591"}|0xd9017cc
01:21:05.0 (23310986)|SYSTEM_MODE_ENTER|false
01:21:05.0 (23321632)|HEAP_ALLOCATE|[100]|Bytes:5
01:21:05.0 (23329217)|STATEMENT_EXECUTE|[99]
01:21:05.0 (23332138)|STATEMENT_EXECUTE|[100]
01:21:05.0 (23348038)|HEAP_ALLOCATE|[100]|Bytes:4
01:21:05.0 (23396806)|VARIABLE_SCOPE_BEGIN|[100]|options|List<System.SelectOption>|true|false
01:21:05.0 (23439653)|HEAP_ALLOCATE|[EXTERNAL]|Bytes:4
01:21:05.0 (23454362)|VARIABLE_ASSIGNMENT|[100]|options|[]|0x96d60be
01:21:05.0 (23466858)|STATEMENT_EXECUTE|[101]
01:21:05.0 (23471527)|HEAP_ALLOCATE|[101]|Bytes:33
01:21:05.0 (23490498)|HEAP_ALLOCATE|[101]|Bytes:4
01:21:05.0 (24872670)|SOQL_EXECUTE_BEGIN|[101]|Aggregations:0|SELECT className__C FROM Class__c
01:21:05.0 (28055211)|SOQL_EXECUTE_END|[101]|Rows:2
01:21:05.0 (28086873)|HEAP_ALLOCATE|[101]|Bytes:12
01:21:05.0 (28106150)|HEAP_ALLOCATE|[101]|Bytes:101
01:21:05.0 (28192093)|HEAP_ALLOCATE|[101]|Bytes:12
01:21:05.0 (28211980)|VARIABLE_SCOPE_BEGIN|[101]|data|List<Class__c>|true|false
01:21:05.0 (28249094)|VARIABLE_ASSIGNMENT|[101]|data|[{"className__c":"Math","Id":"a0H0o00000fJQOvEAO"},{"className__c":"English","Id":"a0H0o00000fJQOwEAO"}]|0x11bc8cbc
01:21:05.0 (28434567)|HEAP_ALLOCATE|[102]|Bytes:5
01:21:05.0 (28459650)|HEAP_ALLOCATE|[102]|Bytes:12
01:21:05.0 (28469971)|VARIABLE_SCOPE_BEGIN|[102]|c|Class__c|true|false
01:21:05.0 (28488074)|VARIABLE_ASSIGNMENT|[102]|c|{"className__c":"Math","Id":"a0H0o00000fJQOvEAO"}|0x8dbac9
01:21:05.0 (28495019)|STATEMENT_EXECUTE|[102]
01:21:05.0 (28497296)|STATEMENT_EXECUTE|[103]
01:21:05.0 (28506292)|HEAP_ALLOCATE|[103]|Bytes:12
01:21:05.0 (28598733)|HEAP_ALLOCATE|[103]|Bytes:4
01:21:05.0 (28639091)|HEAP_ALLOCATE|[103]|Bytes:4
01:21:05.0 (28685369)|HEAP_ALLOCATE|[EXTERNAL]|Bytes:4
01:21:05.0 (28702587)|HEAP_ALLOCATE|[102]|Bytes:5
01:21:05.0 (28714116)|HEAP_ALLOCATE|[102]|Bytes:12
01:21:05.0 (28720756)|VARIABLE_SCOPE_BEGIN|[102]|c|Class__c|true|false
01:21:05.0 (28741085)|VARIABLE_ASSIGNMENT|[102]|c|{"className__c":"English","Id":"a0H0o00000fJQOwEAO"}|0x71e0228
01:21:05.0 (28748421)|STATEMENT_EXECUTE|[102]
01:21:05.0 (28750217)|STATEMENT_EXECUTE|[103]
01:21:05.0 (28783765)|HEAP_ALLOCATE|[103]|Bytes:7
01:21:05.0 (28814097)|HEAP_ALLOCATE|[103]|Bytes:7
01:21:05.0 (28833605)|HEAP_ALLOCATE|[EXTERNAL]|Bytes:4
01:21:05.0 (28854359)|HEAP_ALLOCATE|[102]|Bytes:5
01:21:05.0 (28877933)|VARIABLE_ASSIGNMENT|[102]|c|null|
01:21:05.0 (28887540)|STATEMENT_EXECUTE|[106]
01:21:05.0 (28908696)|SYSTEM_MODE_EXIT|false
01:21:05.0 (30183603)|HEAP_ALLOCATE|[EXTERNAL]|Bytes:5
01:21:05.0 (30199111)|HEAP_ALLOCATE|[EXTERNAL]|Bytes:24
01:21:05.0 (30212763)|VARIABLE_ASSIGNMENT|[EXTERNAL]|this.increasing|false|0x63a9bcf1
01:21:05.0 (30260855)|HEAP_ALLOCATE|[EXTERNAL]|Bytes:4
01:21:05.0 (30266132)|HEAP_ALLOCATE|[EXTERNAL]|Bytes:24
01:21:05.0 (30275200)|VARIABLE_ASSIGNMENT|[EXTERNAL]|this.className|"Math"|0x63a9bcf1
01:21:05.30 (30675081)|SYSTEM_MODE_ENTER|true
01:21:05.30 (30743595)|HEAP_ALLOCATE|[EXTERNAL]|Bytes:8
01:21:05.30 (30754221)|VARIABLE_SCOPE_BEGIN|[88]|this|ApexPage.PageMessagesComponentController|true|false
01:21:05.30 (30785805)|VARIABLE_ASSIGNMENT|[88]|this|{}|0x666596cd
01:21:05.30 (30793081)|VARIABLE_SCOPE_BEGIN|[88]|escape|Boolean|false|false
01:21:05.30 (30801232)|VARIABLE_ASSIGNMENT|[88]|escape|null
01:21:05.0 (31030250)|HEAP_ALLOCATE|[EXTERNAL]|Bytes:44
01:21:05.0 (31040409)|VARIABLE_SCOPE_BEGIN|[205]|this|Controller|true|false
01:21:05.0 (31081737)|VARIABLE_ASSIGNMENT|[205]|this|{"objKeySearch":"0x63a9bcf1","student":"0x4b60d591"}|0xd9017cc
01:21:05.0 (31099411)|SYSTEM_MODE_ENTER|false
01:21:05.0 (31107418)|HEAP_ALLOCATE|[206]|Bytes:5
01:21:05.0 (31117821)|STATEMENT_EXECUTE|[205]
01:21:05.0 (31119704)|STATEMENT_EXECUTE|[206]
01:21:05.0 (31121064)|STATEMENT_EXECUTE|[206]
01:21:05.0 (31171064)|VARIABLE_ASSIGNMENT|[EXTERNAL]|this|{"objKeySearch":"0x63a9bcf1","student":"0x4b60d591"}|0xd9017cc
01:21:05.0 (31215325)|VARIABLE_ASSIGNMENT|[EXTERNAL]|this|{"className":"Math","increasing":false,"objStudentFrom":"0xd49e5bb","objStudentTo":"0x7f3280b2","studentName":"0x5504a2c7"}|0x63a9bcf1
01:21:05.0 (31323046)|STATEMENT_EXECUTE|[207]
01:21:05.0 (31325818)|STATEMENT_EXECUTE|[211]
01:21:05.0 (31353079)|METHOD_ENTRY|[211]|01p0o00000GLKhZ|Controller.getStudent()
01:21:05.0 (31375449)|VARIABLE_SCOPE_BEGIN|[109]|this|Controller|true|false
01:21:05.0 (31407367)|VARIABLE_ASSIGNMENT|[109]|this|{"objKeySearch":"0x63a9bcf1","student":"0x4b60d591"}|0xd9017cc
01:21:05.0 (31421489)|HEAP_ALLOCATE|[110]|Bytes:5
01:21:05.0 (31426365)|STATEMENT_EXECUTE|[109]
01:21:05.0 (31427994)|STATEMENT_EXECUTE|[110]
01:21:05.0 (31431257)|HEAP_ALLOCATE|[110]|Bytes:274
01:21:05.0 (31451336)|HEAP_ALLOCATE|[110]|Bytes:4
01:21:05.0 (31461213)|HEAP_ALLOCATE|[110]|Bytes:7
01:21:05.0 (31494435)|VARIABLE_ASSIGNMENT|[EXTERNAL]|this|{"objKeySearch":"0x63a9bcf1","student":"0x4b60d591"}|0xd9017cc
01:21:05.0 (31529295)|VARIABLE_ASSIGNMENT|[EXTERNAL]|this|{"className":"Math","increasing":false,"objStudentFrom":"0xd49e5bb","objStudentTo":"0x7f3280b2","studentName":"0x5504a2c7"}|0x63a9bcf1
01:21:05.0 (31554382)|HEAP_ALLOCATE|[110]|Bytes:7
01:21:05.0 (31584753)|VARIABLE_ASSIGNMENT|[EXTERNAL]|this|{"objKeySearch":"0x63a9bcf1","student":"0x4b60d591"}|0xd9017cc
01:21:05.0 (31623447)|VARIABLE_ASSIGNMENT|[EXTERNAL]|this|{"className":"Math","increasing":false,"objStudentFrom":"0xd49e5bb","objStudentTo":"0x7f3280b2","studentName":"0x5504a2c7"}|0x63a9bcf1
01:21:05.0 (31638733)|HEAP_ALLOCATE|[110]|Bytes:7
01:21:05.0 (31666913)|VARIABLE_ASSIGNMENT|[EXTERNAL]|this|{"objKeySearch":"0x63a9bcf1","student":"0x4b60d591"}|0xd9017cc
01:21:05.0 (31696179)|VARIABLE_ASSIGNMENT|[EXTERNAL]|this|{"className":"Math","increasing":false,"objStudentFrom":"0xd49e5bb","objStudentTo":"0x7f3280b2","studentName":"0x5504a2c7"}|0x63a9bcf1
01:21:05.0 (31710238)|HEAP_ALLOCATE|[110]|Bytes:7
01:21:05.0 (31737488)|VARIABLE_ASSIGNMENT|[EXTERNAL]|this|{"objKeySearch":"0x63a9bcf1","student":"0x4b60d591"}|0xd9017cc
01:21:05.0 (31766476)|VARIABLE_ASSIGNMENT|[EXTERNAL]|this|{"className":"Math","increasing":false,"objStudentFrom":"0xd49e5bb","objStudentTo":"0x7f3280b2","studentName":"0x5504a2c7"}|0x63a9bcf1
01:21:05.0 (32538190)|SOQL_EXECUTE_BEGIN|[110]|Aggregations:0|SELECT Namef__c, Namel__c, Birthday__c, Gender__c, Score1__c, Score2__c, Score3__c, AverageScore__c, State__c, StudentId__c FROM Student__c WHERE (Name LIKE :tmpVar1 OR Class__r.Name LIKE :tmpVar2 OR (Student__c.Birthday__c > :tmpVar3 AND Student__c.Birthday__c < :tmpVar4))
01:21:05.0 (59733735)|SOQL_EXECUTE_END|[110]|Rows:2
01:21:05.0 (59766376)|HEAP_ALLOCATE|[110]|Bytes:12
01:21:05.0 (59799793)|HEAP_ALLOCATE|[110]|Bytes:726
01:21:05.0 (59852326)|HEAP_ALLOCATE|[110]|Bytes:12
01:21:05.0 (59873444)|VARIABLE_SCOPE_BEGIN|[110]|studentGetList|List<Student__c>|true|false
01:21:05.0 (59953470)|VARIABLE_ASSIGNMENT|[110]|studentGetList|[{"Namef__c":"b","Namel__c":"b","Birthday__c":"2010-05-21T00:00:00.000Z","Gender__c":true,"Score1__c":2.00,"Score2__c":2.00,"Score3__c":2.00,"AverageScore__c":2.00,"State__c":"Failed","StudentId__c":"HS0076","Class__c":"a0H0o00000fJQOvEAO","Id":"a0I0o000013e10MEAQ"},{"Namef__c":"a","Namel__c":"a","Birthday__c":"2003-05-08T00:00:00.000Z","Gender__c":false,"Score1__c":1.00,"Score2__c":1.00,"Score3__c":1.00,"AverageScore__c":1.00,"State__c":"Failed","StudentId__c":"HS0075","Class__c":"a0H0o00000fJQOvEAO","Id":"a0I0o000013e10HEAQ"}]|0x7cb14ea0
01:21:05.0 (59967954)|STATEMENT_EXECUTE|[125]
01:21:05.0 (59979914)|HEAP_ALLOCATE|[125]|Bytes:4
01:21:05.0 (60044280)|VARIABLE_SCOPE_BEGIN|[125]|result|List<Controller.Output>|true|false
01:21:05.0 (60067106)|HEAP_ALLOCATE|[EXTERNAL]|Bytes:4
01:21:05.0 (60076297)|VARIABLE_ASSIGNMENT|[125]|result|[]|0x597767c
01:21:05.0 (60239752)|HEAP_ALLOCATE|[126]|Bytes:5
01:21:05.0 (60259265)|HEAP_ALLOCATE|[126]|Bytes:52
01:21:05.0 (60267846)|VARIABLE_SCOPE_BEGIN|[126]|s|Student__c|true|false
01:21:05.0 (60303003)|VARIABLE_ASSIGNMENT|[126]|s|{"Namef__c":"b","Namel__c":"b","Birthday__c":"2010-05-21T00:00:00.000Z","Gender__c":true,"Score1__c":2.00,"Score2__c":2.00,"Score3__c":2.00,"AverageScore__c":2.00,"State__c":"Failed","StudentId__c":"HS0076","Class__c":"a0H0o00000fJQOvEAO","Id":"a0I0o000013e10MEAQ"}|0x61dfb6e0
01:21:05.0 (60311869)|STATEMENT_EXECUTE|[126]
01:21:05.0 (60313741)|STATEMENT_EXECUTE|[127]
01:21:05.0 (60371851)|HEAP_ALLOCATE|[127]|Bytes:120
01:21:05.0 (60380143)|HEAP_ALLOCATE|[127]|Bytes:11
01:21:05.0 (60396945)|HEAP_ALLOCATE|[127]|Bytes:12
01:21:05.0 (60420179)|CONSTRUCTOR_ENTRY|[127]|01p0o00000GLKhZ|<init>(Student__c)|Controller.Output
01:21:05.0 (60450043)|VARIABLE_SCOPE_BEGIN|[63]|this|Controller.Output|true|false
01:21:05.0 (60483543)|VARIABLE_ASSIGNMENT|[63]|this|{}|0x60038779
01:21:05.0 (60491190)|VARIABLE_SCOPE_BEGIN|[63]|s|Student__c|true|false
01:21:05.0 (60518234)|VARIABLE_ASSIGNMENT|[63]|s|{"Namef__c":"b","Namel__c":"b","Birthday__c":"2010-05-21T00:00:00.000Z","Gender__c":true,"Score1__c":2.00,"Score2__c":2.00,"Score3__c":2.00,"AverageScore__c":2.00,"State__c":"Failed","StudentId__c":"HS0076","Class__c":"a0H0o00000fJQOvEAO","Id":"a0I0o000013e10MEAQ"}|0x61dfb6e0
01:21:05.0 (60528453)|STATEMENT_EXECUTE|[60]
01:21:05.0 (60530315)|STATEMENT_EXECUTE|[61]
01:21:05.0 (60531906)|STATEMENT_EXECUTE|[62]
01:21:05.0 (60539265)|HEAP_ALLOCATE|[64]|Bytes:6
01:21:05.0 (60575199)|STATEMENT_EXECUTE|[63]
01:21:05.0 (60577245)|STATEMENT_EXECUTE|[64]
01:21:05.0 (60638251)|VARIABLE_ASSIGNMENT|[EXTERNAL]|this|{}|0x60038779
01:21:05.0 (60667262)|VARIABLE_ASSIGNMENT|[EXTERNAL]|value|{"Namef__c":"b","Namel__c":"b","Birthday__c":"2010-05-21T00:00:00.000Z","Gender__c":true,"Score1__c":2.00,"Score2__c":2.00,"Score3__c":2.00,"AverageScore__c":2.00,"State__c":"Failed","StudentId__c":"HS0076","Class__c":"a0H0o00000fJQOvEAO","Id":"a0I0o000013e10MEAQ"}|0x61dfb6e0
01:21:05.0 (60697505)|VARIABLE_ASSIGNMENT|[61]|this.student|{"Namef__c":"b","Namel__c":"b","Birthday__c":"2010-05-21T00:00:00.000Z","Gender__c":true,"Score1__c":2.00,"Score2__c":2.00,"Score3__c":2.00,"AverageScore__c":2.00,"State__c":"Failed","StudentId__c":"HS0076","Class__c":"a0H0o00000fJQOvEAO","Id":"a0I0o000013e10MEAQ"}|0x60038779
01:21:05.0 (60710013)|STATEMENT_EXECUTE|[65]
01:21:05.0 (60745032)|VARIABLE_ASSIGNMENT|[EXTERNAL]|this|{"student":"0x61dfb6e0"}|0x60038779
01:21:05.0 (60758532)|VARIABLE_ASSIGNMENT|[EXTERNAL]|value|false
01:21:05.0 (60765543)|HEAP_ALLOCATE|[62]|Bytes:5
01:21:05.0 (60772738)|VARIABLE_ASSIGNMENT|[62]|this.isSelected|false|0x60038779
01:21:05.0 (60785232)|CONSTRUCTOR_EXIT|[127]|01p0o00000GLKhZ|<init>(Student__c)|Controller.Output
01:21:05.0 (60804611)|HEAP_ALLOCATE|[EXTERNAL]|Bytes:4
01:21:05.0 (60818878)|HEAP_ALLOCATE|[126]|Bytes:5
01:21:05.0 (60831619)|HEAP_ALLOCATE|[126]|Bytes:52
01:21:05.0 (60838843)|VARIABLE_SCOPE_BEGIN|[126]|s|Student__c|true|false
01:21:05.0 (60868994)|VARIABLE_ASSIGNMENT|[126]|s|{"Namef__c":"a","Namel__c":"a","Birthday__c":"2003-05-08T00:00:00.000Z","Gender__c":false,"Score1__c":1.00,"Score2__c":1.00,"Score3__c":1.00,"AverageScore__c":1.00,"State__c":"Failed","StudentId__c":"HS0075","Class__c":"a0H0o00000fJQOvEAO","Id":"a0I0o000013e10HEAQ"}|0x2edd9f90
01:21:05.0 (60878343)|STATEMENT_EXECUTE|[126]
01:21:05.0 (60880200)|STATEMENT_EXECUTE|[127]
01:21:05.0 (60884224)|HEAP_ALLOCATE|[127]|Bytes:12
01:21:05.0 (60892797)|CONSTRUCTOR_ENTRY|[127]|01p0o00000GLKhZ|<init>(Student__c)|Controller.Output
01:21:05.0 (60899692)|VARIABLE_SCOPE_BEGIN|[63]|this|Controller.Output|true|false
01:21:05.0 (60914349)|VARIABLE_ASSIGNMENT|[63]|this|{}|0x338696a7
01:21:05.0 (60922679)|VARIABLE_SCOPE_BEGIN|[63]|s|Student__c|true|false
01:21:05.0 (60954374)|VARIABLE_ASSIGNMENT|[63]|s|{"Namef__c":"a","Namel__c":"a","Birthday__c":"2003-05-08T00:00:00.000Z","Gender__c":false,"Score1__c":1.00,"Score2__c":1.00,"Score3__c":1.00,"AverageScore__c":1.00,"State__c":"Failed","StudentId__c":"HS0075","Class__c":"a0H0o00000fJQOvEAO","Id":"a0I0o000013e10HEAQ"}|0x2edd9f90
01:21:05.0 (60963736)|STATEMENT_EXECUTE|[60]
01:21:05.0 (60965348)|STATEMENT_EXECUTE|[61]
01:21:05.0 (60966782)|STATEMENT_EXECUTE|[62]
01:21:05.0 (60978063)|STATEMENT_EXECUTE|[63]
01:21:05.0 (60979687)|STATEMENT_EXECUTE|[64]
01:21:05.0 (60993003)|VARIABLE_ASSIGNMENT|[EXTERNAL]|this|{}|0x338696a7
01:21:05.0 (61018917)|VARIABLE_ASSIGNMENT|[EXTERNAL]|value|{"Namef__c":"a","Namel__c":"a","Birthday__c":"2003-05-08T00:00:00.000Z","Gender__c":false,"Score1__c":1.00,"Score2__c":1.00,"Score3__c":1.00,"AverageScore__c":1.00,"State__c":"Failed","StudentId__c":"HS0075","Class__c":"a0H0o00000fJQOvEAO","Id":"a0I0o000013e10HEAQ"}|0x2edd9f90
01:21:05.0 (61047274)|VARIABLE_ASSIGNMENT|[61]|this.student|{"Namef__c":"a","Namel__c":"a","Birthday__c":"2003-05-08T00:00:00.000Z","Gender__c":false,"Score1__c":1.00,"Score2__c":1.00,"Score3__c":1.00,"AverageScore__c":1.00,"State__c":"Failed","StudentId__c":"HS0075","Class__c":"a0H0o00000fJQOvEAO","Id":"a0I0o000013e10HEAQ"}|0x338696a7
01:21:05.0 (61057846)|STATEMENT_EXECUTE|[65]
01:21:05.0 (61072056)|VARIABLE_ASSIGNMENT|[EXTERNAL]|this|{"student":"0x2edd9f90"}|0x338696a7
01:21:05.0 (61082373)|VARIABLE_ASSIGNMENT|[EXTERNAL]|value|false
01:21:05.0 (61088325)|HEAP_ALLOCATE|[62]|Bytes:5
01:21:05.0 (61095447)|VARIABLE_ASSIGNMENT|[62]|this.isSelected|false|0x338696a7
01:21:05.0 (61105922)|CONSTRUCTOR_EXIT|[127]|01p0o00000GLKhZ|<init>(Student__c)|Controller.Output
01:21:05.0 (61124613)|HEAP_ALLOCATE|[EXTERNAL]|Bytes:4
01:21:05.0 (61138349)|HEAP_ALLOCATE|[126]|Bytes:5
01:21:05.0 (61149410)|VARIABLE_ASSIGNMENT|[126]|s|null|
01:21:05.0 (61155206)|STATEMENT_EXECUTE|[129]
01:21:05.0 (61213114)|VARIABLE_ASSIGNMENT|[EXTERNAL]|this|{"objKeySearch":"0x63a9bcf1","student":"0x4b60d591"}|0xd9017cc
01:21:05.0 (61258124)|VARIABLE_ASSIGNMENT|[EXTERNAL]|this|{"className":"Math","increasing":false,"objStudentFrom":"0xd49e5bb","objStudentTo":"0x7f3280b2","studentName":"0x5504a2c7"}|0x63a9bcf1
01:21:05.0 (61287212)|METHOD_ENTRY|[129]|01p0o00000GLKhZ|Controller.sort(List<Controller.Output>, Boolean)
01:21:05.0 (61294062)|VARIABLE_SCOPE_BEGIN|[132]|this|Controller|true|false
01:21:05.0 (61317538)|VARIABLE_ASSIGNMENT|[132]|this|{"objKeySearch":"0x63a9bcf1","student":"0x4b60d591"}|0xd9017cc
01:21:05.0 (61323736)|VARIABLE_SCOPE_BEGIN|[132]|l|List<Controller.Output>|true|false
01:21:05.0 (61345853)|VARIABLE_ASSIGNMENT|[132]|l|[{"isSelected":false,"student":"0x61dfb6e0"},{"isSelected":false,"student":"0x2edd9f90"}]|0x597767c
01:21:05.0 (61352315)|VARIABLE_SCOPE_BEGIN|[132]|increasing|Boolean|false|false
01:21:05.0 (61359813)|VARIABLE_ASSIGNMENT|[132]|increasing|false
01:21:05.0 (61371899)|HEAP_ALLOCATE|[133]|Bytes:5
01:21:05.0 (61376836)|STATEMENT_EXECUTE|[132]
01:21:05.0 (61378487)|STATEMENT_EXECUTE|[133]
01:21:05.0 (61387336)|HEAP_ALLOCATE|[133]|Bytes:4
01:21:05.0 (61405952)|VARIABLE_SCOPE_BEGIN|[133]|result|List<Controller.Output>|true|false
01:21:05.0 (61424280)|HEAP_ALLOCATE|[EXTERNAL]|Bytes:4
01:21:05.0 (61431404)|VARIABLE_ASSIGNMENT|[133]|result|[]|0x2eb20a4d
01:21:05.0 (61438186)|STATEMENT_EXECUTE|[147]
01:21:05.0 (61459623)|STATEMENT_EXECUTE|[148]
01:21:05.0 (61461463)|STATEMENT_EXECUTE|[149]
01:21:05.0 (61485360)|HEAP_ALLOCATE|[149]|Bytes:12
01:21:05.0 (61514807)|VARIABLE_ASSIGNMENT|[EXTERNAL]|this|{"isSelected":false,"student":"0x61dfb6e0"}|0x60038779
01:21:05.0 (61568146)|VARIABLE_SCOPE_BEGIN|[149]|min|String|false|false
01:21:05.0 (61579685)|VARIABLE_ASSIGNMENT|[149]|min|"b"
01:21:05.0 (61583914)|STATEMENT_EXECUTE|[150]
01:21:05.0 (61605872)|HEAP_ALLOCATE|[150]|Bytes:12
01:21:05.0 (61614932)|VARIABLE_SCOPE_BEGIN|[150]|minObj|Controller.Output|true|false
01:21:05.0 (61633357)|VARIABLE_ASSIGNMENT|[150]|minObj|{"isSelected":false,"student":"0x61dfb6e0"}|0x60038779
01:21:05.0 (61721161)|HEAP_ALLOCATE|[151]|Bytes:5
01:21:05.0 (61734224)|HEAP_ALLOCATE|[151]|Bytes:12
01:21:05.0 (61741258)|VARIABLE_SCOPE_BEGIN|[151]|o|Controller.Output|true|false
01:21:05.0 (61761262)|VARIABLE_ASSIGNMENT|[151]|o|{"isSelected":false,"student":"0x61dfb6e0"}|0x60038779
01:21:05.0 (61767316)|STATEMENT_EXECUTE|[151]
01:21:05.0 (61792760)|VARIABLE_ASSIGNMENT|[EXTERNAL]|this|{"isSelected":false,"student":"0x61dfb6e0"}|0x60038779
01:21:05.0 (61833052)|STATEMENT_EXECUTE|[152]
01:21:05.0 (61842095)|HEAP_ALLOCATE|[151]|Bytes:5
01:21:05.0 (61851247)|HEAP_ALLOCATE|[151]|Bytes:12
01:21:05.0 (61856870)|VARIABLE_SCOPE_BEGIN|[151]|o|Controller.Output|true|false
01:21:05.0 (61874251)|VARIABLE_ASSIGNMENT|[151]|o|{"isSelected":false,"student":"0x2edd9f90"}|0x338696a7
01:21:05.0 (61879544)|STATEMENT_EXECUTE|[151]
01:21:05.0 (61893150)|VARIABLE_ASSIGNMENT|[EXTERNAL]|this|{"isSelected":false,"student":"0x2edd9f90"}|0x338696a7
01:21:05.0 (61918036)|STATEMENT_EXECUTE|[152]
01:21:05.0 (61919922)|STATEMENT_EXECUTE|[153]
01:21:05.0 (61939897)|VARIABLE_ASSIGNMENT|[EXTERNAL]|this|{"isSelected":false,"student":"0x2edd9f90"}|0x338696a7
01:21:05.0 (61954083)|VARIABLE_ASSIGNMENT|[153]|min|"a"
01:21:05.0 (61958297)|STATEMENT_EXECUTE|[154]
01:21:05.0 (61968262)|VARIABLE_ASSIGNMENT|[154]|minObj|{"isSelected":false,"student":"0x2edd9f90"}|0x338696a7
01:21:05.0 (61979977)|HEAP_ALLOCATE|[151]|Bytes:5
01:21:05.0 (61989505)|VARIABLE_ASSIGNMENT|[151]|o|null|
01:21:05.0 (61994341)|STATEMENT_EXECUTE|[157]
01:21:05.0 (61998610)|HEAP_ALLOCATE|[157]|Bytes:12
01:21:05.0 (62019233)|VARIABLE_ASSIGNMENT|[EXTERNAL]|this|{"isSelected":false,"student":"0x2edd9f90"}|0x338696a7
01:21:05.0 (62033159)|CONSTRUCTOR_ENTRY|[157]|01p0o00000GLKhZ|<init>(Student__c)|Controller.Output
01:21:05.0 (62039801)|VARIABLE_SCOPE_BEGIN|[63]|this|Controller.Output|true|false
01:21:05.0 (62052653)|VARIABLE_ASSIGNMENT|[63]|this|{}|0x3fcb4ae5
01:21:05.0 (62058285)|VARIABLE_SCOPE_BEGIN|[63]|s|Student__c|true|false
01:21:05.0 (62085643)|VARIABLE_ASSIGNMENT|[63]|s|{"Namef__c":"a","Namel__c":"a","Birthday__c":"2003-05-08T00:00:00.000Z","Gender__c":false,"Score1__c":1.00,"Score2__c":1.00,"Score3__c":1.00,"AverageScore__c":1.00,"State__c":"Failed","StudentId__c":"HS0075","Class__c":"a0H0o00000fJQOvEAO","Id":"a0I0o000013e10HEAQ"}|0x2edd9f90
01:21:05.0 (62097685)|STATEMENT_EXECUTE|[60]
01:21:05.0 (62099529)|STATEMENT_EXECUTE|[61]
01:21:05.0 (62100969)|STATEMENT_EXECUTE|[62]
01:21:05.0 (62118081)|STATEMENT_EXECUTE|[63]
01:21:05.0 (62120563)|STATEMENT_EXECUTE|[64]
01:21:05.0 (62135340)|VARIABLE_ASSIGNMENT|[EXTERNAL]|this|{}|0x3fcb4ae5
01:21:05.0 (62160412)|VARIABLE_ASSIGNMENT|[EXTERNAL]|value|{"Namef__c":"a","Namel__c":"a","Birthday__c":"2003-05-08T00:00:00.000Z","Gender__c":false,"Score1__c":1.00,"Score2__c":1.00,"Score3__c":1.00,"AverageScore__c":1.00,"State__c":"Failed","StudentId__c":"HS0075","Class__c":"a0H0o00000fJQOvEAO","Id":"a0I0o000013e10HEAQ"}|0x2edd9f90
01:21:05.0 (62187235)|VARIABLE_ASSIGNMENT|[61]|this.student|{"Namef__c":"a","Namel__c":"a","Birthday__c":"2003-05-08T00:00:00.000Z","Gender__c":false,"Score1__c":1.00,"Score2__c":1.00,"Score3__c":1.00,"AverageScore__c":1.00,"State__c":"Failed","StudentId__c":"HS0075","Class__c":"a0H0o00000fJQOvEAO","Id":"a0I0o000013e10HEAQ"}|0x3fcb4ae5
01:21:05.0 (62197521)|STATEMENT_EXECUTE|[65]
01:21:05.0 (62211743)|VARIABLE_ASSIGNMENT|[EXTERNAL]|this|{"student":"0x2edd9f90"}|0x3fcb4ae5
01:21:05.0 (62221502)|VARIABLE_ASSIGNMENT|[EXTERNAL]|value|false
01:21:05.0 (62226704)|HEAP_ALLOCATE|[62]|Bytes:5
01:21:05.0 (62233327)|VARIABLE_ASSIGNMENT|[62]|this.isSelected|false|0x3fcb4ae5
01:21:05.0 (62244091)|CONSTRUCTOR_EXIT|[157]|01p0o00000GLKhZ|<init>(Student__c)|Controller.Output
01:21:05.0 (62257108)|HEAP_ALLOCATE|[EXTERNAL]|Bytes:4
01:21:05.0 (62263912)|STATEMENT_EXECUTE|[158]
01:21:05.0 (62483639)|VARIABLE_ASSIGNMENT|[EXTERNAL]|this|{"isSelected":false,"student":"0x61dfb6e0"}|0x60038779
01:21:05.0 (62502337)|VARIABLE_ASSIGNMENT|[EXTERNAL]|object|{"isSelected":false,"student":"0x2edd9f90"}
01:21:05.0 (62562758)|VARIABLE_ASSIGNMENT|[EXTERNAL]|this|{"isSelected":false,"student":"0x2edd9f90"}|0x338696a7
01:21:05.0 (62576572)|VARIABLE_ASSIGNMENT|[EXTERNAL]|object|{"isSelected":false,"student":"0x2edd9f90"}
01:21:05.0 (62615818)|HEAP_ALLOCATE|[158]|Bytes:12
01:21:05.0 (62631269)|STATEMENT_EXECUTE|[148]
01:21:05.0 (62632958)|STATEMENT_EXECUTE|[149]
01:21:05.0 (62638430)|HEAP_ALLOCATE|[149]|Bytes:12
01:21:05.0 (62659526)|VARIABLE_ASSIGNMENT|[EXTERNAL]|this|{"isSelected":false,"student":"0x61dfb6e0"}|0x60038779
01:21:05.0 (62674469)|VARIABLE_SCOPE_BEGIN|[149]|min|String|false|false
01:21:05.0 (62684430)|VARIABLE_ASSIGNMENT|[149]|min|"b"
01:21:05.0 (62688606)|STATEMENT_EXECUTE|[150]
01:21:05.0 (62695380)|HEAP_ALLOCATE|[150]|Bytes:12
01:21:05.0 (62702164)|VARIABLE_SCOPE_BEGIN|[150]|minObj|Controller.Output|true|false
01:21:05.0 (62718424)|VARIABLE_ASSIGNMENT|[150]|minObj|{"isSelected":false,"student":"0x61dfb6e0"}|0x60038779
01:21:05.0 (62737585)|HEAP_ALLOCATE|[151]|Bytes:5
01:21:05.0 (62746394)|HEAP_ALLOCATE|[151]|Bytes:12
01:21:05.0 (62751933)|VARIABLE_SCOPE_BEGIN|[151]|o|Controller.Output|true|false
01:21:05.0 (62767499)|VARIABLE_ASSIGNMENT|[151]|o|{"isSelected":false,"student":"0x61dfb6e0"}|0x60038779
01:21:05.0 (62773185)|STATEMENT_EXECUTE|[151]
01:21:05.0 (62786611)|VARIABLE_ASSIGNMENT|[EXTERNAL]|this|{"isSelected":false,"student":"0x61dfb6e0"}|0x60038779
01:21:05.0 (62813424)|STATEMENT_EXECUTE|[152]
01:21:05.0 (62821327)|HEAP_ALLOCATE|[151]|Bytes:5
01:21:05.0 (62831815)|VARIABLE_ASSIGNMENT|[151]|o|null|
01:21:05.0 (62836067)|STATEMENT_EXECUTE|[157]
01:21:05.0 (62840168)|HEAP_ALLOCATE|[157]|Bytes:12
01:21:05.0 (62857306)|VARIABLE_ASSIGNMENT|[EXTERNAL]|this|{"isSelected":false,"student":"0x61dfb6e0"}|0x60038779
01:21:05.0 (62870531)|CONSTRUCTOR_ENTRY|[157]|01p0o00000GLKhZ|<init>(Student__c)|Controller.Output
01:21:05.0 (62876662)|VARIABLE_SCOPE_BEGIN|[63]|this|Controller.Output|true|false
01:21:05.0 (62889401)|VARIABLE_ASSIGNMENT|[63]|this|{}|0x195cf33
01:21:05.0 (62894673)|VARIABLE_SCOPE_BEGIN|[63]|s|Student__c|true|false
01:21:05.0 (62923134)|VARIABLE_ASSIGNMENT|[63]|s|{"Namef__c":"b","Namel__c":"b","Birthday__c":"2010-05-21T00:00:00.000Z","Gender__c":true,"Score1__c":2.00,"Score2__c":2.00,"Score3__c":2.00,"AverageScore__c":2.00,"State__c":"Failed","StudentId__c":"HS0076","Class__c":"a0H0o00000fJQOvEAO","Id":"a0I0o000013e10MEAQ"}|0x61dfb6e0
01:21:05.0 (62932023)|STATEMENT_EXECUTE|[60]
01:21:05.0 (62933817)|STATEMENT_EXECUTE|[61]
01:21:05.0 (62935239)|STATEMENT_EXECUTE|[62]
01:21:05.0 (62945411)|STATEMENT_EXECUTE|[63]
01:21:05.0 (62947262)|STATEMENT_EXECUTE|[64]
01:21:05.0 (62959310)|VARIABLE_ASSIGNMENT|[EXTERNAL]|this|{}|0x195cf33
01:21:05.0 (62983222)|VARIABLE_ASSIGNMENT|[EXTERNAL]|value|{"Namef__c":"b","Namel__c":"b","Birthday__c":"2010-05-21T00:00:00.000Z","Gender__c":true,"Score1__c":2.00,"Score2__c":2.00,"Score3__c":2.00,"AverageScore__c":2.00,"State__c":"Failed","StudentId__c":"HS0076","Class__c":"a0H0o00000fJQOvEAO","Id":"a0I0o000013e10MEAQ"}|0x61dfb6e0
01:21:05.0 (63010112)|VARIABLE_ASSIGNMENT|[61]|this.student|{"Namef__c":"b","Namel__c":"b","Birthday__c":"2010-05-21T00:00:00.000Z","Gender__c":true,"Score1__c":2.00,"Score2__c":2.00,"Score3__c":2.00,"AverageScore__c":2.00,"State__c":"Failed","StudentId__c":"HS0076","Class__c":"a0H0o00000fJQOvEAO","Id":"a0I0o000013e10MEAQ"}|0x195cf33
01:21:05.0 (63021235)|STATEMENT_EXECUTE|[65]
01:21:05.0 (63035236)|VARIABLE_ASSIGNMENT|[EXTERNAL]|this|{"student":"0x61dfb6e0"}|0x195cf33
01:21:05.0 (63044620)|VARIABLE_ASSIGNMENT|[EXTERNAL]|value|false
01:21:05.0 (63049355)|HEAP_ALLOCATE|[62]|Bytes:5
01:21:05.0 (63055767)|VARIABLE_ASSIGNMENT|[62]|this.isSelected|false|0x195cf33
01:21:05.0 (63066111)|CONSTRUCTOR_EXIT|[157]|01p0o00000GLKhZ|<init>(Student__c)|Controller.Output
01:21:05.0 (63076202)|HEAP_ALLOCATE|[EXTERNAL]|Bytes:4
01:21:05.0 (63082034)|STATEMENT_EXECUTE|[158]
01:21:05.0 (63196225)|VARIABLE_ASSIGNMENT|[EXTERNAL]|this|{"isSelected":false,"student":"0x61dfb6e0"}|0x60038779
01:21:05.0 (63211653)|VARIABLE_ASSIGNMENT|[EXTERNAL]|object|{"isSelected":false,"student":"0x61dfb6e0"}
01:21:05.0 (63244643)|HEAP_ALLOCATE|[158]|Bytes:12
01:21:05.0 (63258397)|STATEMENT_EXECUTE|[161]
01:21:05.0 (63269344)|METHOD_EXIT|[129]|01p0o00000GLKhZ|Controller.sort(List<Controller.Output>, Boolean)
01:21:05.0 (63278297)|METHOD_EXIT|[211]|01p0o00000GLKhZ|Controller.getStudent()
01:21:05.0 (63319707)|VARIABLE_ASSIGNMENT|[EXTERNAL]|this|{"objKeySearch":"0x63a9bcf1","student":"0x4b60d591"}|0xd9017cc
01:21:05.0 (63343827)|VARIABLE_ASSIGNMENT|[EXTERNAL]|value|[{"isSelected":false,"student":"0x2edd9f90"},{"isSelected":false,"student":"0x61dfb6e0"}]|0x2eb20a4d
01:21:05.0 (63366147)|VARIABLE_ASSIGNMENT|[2]|this.OutputList|[{"isSelected":false,"student":"0x2edd9f90"},{"isSelected":false,"student":"0x61dfb6e0"}]|0xd9017cc
01:21:05.0 (63375207)|STATEMENT_EXECUTE|[212]
01:21:05.0 (63379375)|HEAP_ALLOCATE|[212]|Bytes:17
01:21:05.0 (63427210)|VARIABLE_ASSIGNMENT|[EXTERNAL]|this|{"objKeySearch":"0x63a9bcf1","OutputList":"0x2eb20a4d","student":"0x4b60d591"}|0xd9017cc
01:21:05.0 (63463636)|HEAP_ALLOCATE|[212]|Bytes:1
01:21:05.0 (63479810)|HEAP_ALLOCATE|[212]|Bytes:18
01:21:05.0 (63514233)|VARIABLE_ASSIGNMENT|[EXTERNAL]|this|{"objKeySearch":"0x63a9bcf1","OutputList":"0x2eb20a4d","student":"0x4b60d591"}|0xd9017cc
01:21:05.0 (63524474)|VARIABLE_ASSIGNMENT|[EXTERNAL]|value|"Total Students : 2"
01:21:05.0 (63534106)|VARIABLE_ASSIGNMENT|[7]|this.sumstudents|"Total Students : 2"|0xd9017cc
01:21:05.0 (63545200)|SYSTEM_MODE_EXIT|false
01:21:05.0 (67366980)|SYSTEM_MODE_ENTER|true
01:21:05.0 (67882198)|SYSTEM_MODE_ENTER|true
01:21:05.68 (68646342)|SYSTEM_MODE_ENTER|true
01:21:05.68 (68722646)|HEAP_ALLOCATE|[EXTERNAL]|Bytes:8
01:21:05.68 (68739200)|VARIABLE_SCOPE_BEGIN|[88]|this|ApexPage.PageMessagesComponentController|true|false
01:21:05.68 (68776997)|VARIABLE_ASSIGNMENT|[88]|this|{}|0x666596cd
01:21:05.68 (68784894)|VARIABLE_SCOPE_BEGIN|[88]|escape|Boolean|false|false
01:21:05.68 (68792964)|VARIABLE_ASSIGNMENT|[88]|escape|null
01:21:05.68 (68883862)|SYSTEM_MODE_ENTER|true
01:21:05.68 (68920651)|HEAP_ALLOCATE|[EXTERNAL]|Bytes:8
01:21:05.68 (68927786)|VARIABLE_SCOPE_BEGIN|[2]|this|ApexPage.PageMessagesComponentController|true|false
01:21:05.68 (68947246)|VARIABLE_ASSIGNMENT|[2]|this|{}|0x666596cd
01:21:05.0 (69336335)|SYSTEM_MODE_ENTER|true
01:21:05.0 (72199591)|SYSTEM_MODE_ENTER|true
01:21:05.0 (72277189)|HEAP_ALLOCATE|[EXTERNAL]|Bytes:44
01:21:05.0 (72296702)|VARIABLE_SCOPE_BEGIN|[99]|this|Controller|true|false
01:21:05.0 (72373072)|VARIABLE_ASSIGNMENT|[99]|this|{"objKeySearch":"0x63a9bcf1","OutputList":"0x2eb20a4d","student":"0x4b60d591","sumstudents":"Total Students : 2"}|0xd9017cc
01:21:05.0 (72393773)|SYSTEM_MODE_ENTER|false
01:21:05.0 (72403205)|HEAP_ALLOCATE|[100]|Bytes:5
01:21:05.0 (72409731)|STATEMENT_EXECUTE|[99]
01:21:05.0 (72411830)|STATEMENT_EXECUTE|[100]
01:21:05.0 (72429509)|HEAP_ALLOCATE|[100]|Bytes:4
01:21:05.0 (72452320)|VARIABLE_SCOPE_BEGIN|[100]|options|List<System.SelectOption>|true|false
01:21:05.0 (72505153)|HEAP_ALLOCATE|[EXTERNAL]|Bytes:4
01:21:05.0 (72521753)|VARIABLE_ASSIGNMENT|[100]|options|[]|0x6d815a17
01:21:05.0 (72530655)|STATEMENT_EXECUTE|[101]
01:21:05.0 (72551492)|HEAP_ALLOCATE|[101]|Bytes:4
01:21:05.0 (72733201)|SOQL_EXECUTE_BEGIN|[101]|Aggregations:0|SELECT className__C FROM Class__c
01:21:05.0 (74939867)|SOQL_EXECUTE_END|[101]|Rows:2
01:21:05.0 (74966383)|HEAP_ALLOCATE|[101]|Bytes:12
01:21:05.0 (74987726)|HEAP_ALLOCATE|[101]|Bytes:101
01:21:05.0 (75016884)|HEAP_ALLOCATE|[101]|Bytes:12
01:21:05.0 (75032619)|VARIABLE_SCOPE_BEGIN|[101]|data|List<Class__c>|true|false
01:21:05.0 (75075331)|VARIABLE_ASSIGNMENT|[101]|data|[{"className__c":"Math","Id":"a0H0o00000fJQOvEAO"},{"className__c":"English","Id":"a0H0o00000fJQOwEAO"}]|0xdd735f1
01:21:05.0 (75131196)|HEAP_ALLOCATE|[102]|Bytes:5
01:21:05.0 (75150872)|HEAP_ALLOCATE|[102]|Bytes:12
01:21:05.0 (75162227)|VARIABLE_SCOPE_BEGIN|[102]|c|Class__c|true|false
01:21:05.0 (75181250)|VARIABLE_ASSIGNMENT|[102]|c|{"className__c":"Math","Id":"a0H0o00000fJQOvEAO"}|0x5f5f6d3b
01:21:05.0 (75192425)|STATEMENT_EXECUTE|[102]
01:21:05.0 (75195210)|STATEMENT_EXECUTE|[103]
01:21:05.0 (75277708)|HEAP_ALLOCATE|[103]|Bytes:4
01:21:05.0 (75342258)|HEAP_ALLOCATE|[103]|Bytes:4
01:21:05.0 (75381558)|HEAP_ALLOCATE|[EXTERNAL]|Bytes:4
01:21:05.0 (75404651)|HEAP_ALLOCATE|[102]|Bytes:5
01:21:05.0 (75423272)|HEAP_ALLOCATE|[102]|Bytes:12
01:21:05.0 (75434946)|VARIABLE_SCOPE_BEGIN|[102]|c|Class__c|true|false
01:21:05.0 (75460650)|VARIABLE_ASSIGNMENT|[102]|c|{"className__c":"English","Id":"a0H0o00000fJQOwEAO"}|0x4cc54dae
01:21:05.0 (75472068)|STATEMENT_EXECUTE|[102]
01:21:05.0 (75475048)|STATEMENT_EXECUTE|[103]
01:21:05.0 (75531303)|HEAP_ALLOCATE|[103]|Bytes:7
01:21:05.0 (75587977)|HEAP_ALLOCATE|[103]|Bytes:7
01:21:05.0 (75617649)|HEAP_ALLOCATE|[EXTERNAL]|Bytes:4
01:21:05.0 (75641564)|HEAP_ALLOCATE|[102]|Bytes:5
01:21:05.0 (75663284)|VARIABLE_ASSIGNMENT|[102]|c|null|
01:21:05.0 (75672822)|STATEMENT_EXECUTE|[106]
01:21:05.0 (75679282)|SYSTEM_MODE_EXIT|false
01:21:05.77 (77105690)|SYSTEM_MODE_ENTER|true
01:21:05.77 (77187407)|HEAP_ALLOCATE|[EXTERNAL]|Bytes:8
01:21:05.77 (77198955)|VARIABLE_SCOPE_BEGIN|[88]|this|ApexPage.PageMessagesComponentController|true|false
01:21:05.77 (77230210)|VARIABLE_ASSIGNMENT|[88]|this|{}|0x666596cd
01:21:05.77 (77237152)|VARIABLE_SCOPE_BEGIN|[88]|escape|Boolean|false|false
01:21:05.77 (77245450)|VARIABLE_ASSIGNMENT|[88]|escape|null
01:21:05.77 (77367442)|SYSTEM_MODE_ENTER|true
01:21:05.77 (77406217)|HEAP_ALLOCATE|[EXTERNAL]|Bytes:8
01:21:05.77 (77413837)|VARIABLE_SCOPE_BEGIN|[2]|this|ApexPage.PageMessagesComponentController|true|false
01:21:05.77 (77433840)|VARIABLE_ASSIGNMENT|[2]|this|{}|0x666596cd
01:21:05.0 (78796462)|SYSTEM_MODE_ENTER|true
01:21:05.0 (90229476)|VF_SERIALIZE_VIEWSTATE_BEGIN|0660o000008sEYc
01:21:05.0 (112159504)|VF_SERIALIZE_VIEWSTATE_END
01:21:05.0 (123123545)|CODE_UNIT_STARTED|[EXTERNAL]|Generate Metadata
01:21:05.0 (126909100)|CODE_UNIT_FINISHED|Generate Metadata
01:21:05.130 (130203315)|CUMULATIVE_LIMIT_USAGE
01:21:05.130 (130203315)|LIMIT_USAGE_FOR_NS|(default)|
  Number of SOQL queries: 3 out of 100
  Number of query rows: 6 out of 50000
  Number of SOSL queries: 0 out of 20
  Number of DML statements: 0 out of 150
  Number of DML rows: 0 out of 10000
  Maximum CPU time: 0 out of 10000
  Maximum heap size: 0 out of 6000000
  Number of callouts: 0 out of 100
  Number of Email Invocations: 0 out of 10
  Number of future calls: 0 out of 50
  Number of queueable jobs added to the queue: 0 out of 50
  Number of Mobile Apex push calls: 0 out of 10

01:21:05.130 (130203315)|CUMULATIVE_LIMIT_USAGE_END

01:21:05.0 (130285602)|CODE_UNIT_FINISHED|VF: /apex/MainPage
01:21:05.0 (131222693)|EXECUTION_FINISHED
