36.0 APEX_CODE,FINEST;APEX_PROFILING,INFO;CALLOUT,INFO;DB,INFO;NBA,INFO;SYSTEM,DEBUG;VALIDATION,INFO;VISUALFORCE,INFO;WAVE,INFO;WORKFLOW,INFO
23:30:40.0 (391321)|USER_INFO|[EXTERNAL]|0050o00000WkyGG|ttvy@keizu.co.jp|Pacific Standard Time|GMT-07:00
23:30:40.0 (429443)|EXECUTION_STARTED
23:30:40.0 (433978)|CODE_UNIT_STARTED|[EXTERNAL]|0660o000008sfSa|VF: /apex/StudentDetails
23:30:40.0 (6730111)|SYSTEM_MODE_ENTER|true
23:30:40.0 (7145967)|HEAP_ALLOCATE|[72]|Bytes:3
23:30:40.0 (7190653)|HEAP_ALLOCATE|[77]|Bytes:152
23:30:40.0 (7204512)|HEAP_ALLOCATE|[342]|Bytes:408
23:30:40.0 (7216585)|HEAP_ALLOCATE|[355]|Bytes:408
23:30:40.0 (7227767)|HEAP_ALLOCATE|[467]|Bytes:48
23:30:40.0 (7251761)|HEAP_ALLOCATE|[139]|Bytes:6
23:30:40.0 (7267803)|HEAP_ALLOCATE|[EXTERNAL]|Bytes:252
23:30:40.0 (7273899)|HEAP_ALLOCATE|[EXTERNAL]|Bytes:27
23:30:40.0 (7283043)|METHOD_ENTRY|[1]|01p0o00000GMTHL|StudentDetailsController.StudentDetailsController()
23:30:40.0 (7290055)|STATEMENT_EXECUTE|[1]
23:30:40.0 (7294930)|STATEMENT_EXECUTE|[1]
23:30:40.0 (7321370)|HEAP_ALLOCATE|[50]|Bytes:5
23:30:40.0 (7343198)|HEAP_ALLOCATE|[56]|Bytes:5
23:30:40.0 (7350454)|HEAP_ALLOCATE|[64]|Bytes:7
23:30:40.0 (7366174)|SYSTEM_MODE_ENTER|false
23:30:40.0 (7380015)|HEAP_ALLOCATE|[EXTERNAL]|Bytes:5
23:30:40.0 (7386940)|SYSTEM_MODE_EXIT|false
23:30:40.0 (7396221)|METHOD_EXIT|[1]|StudentDetailsController
23:30:40.0 (7410027)|HEAP_ALLOCATE|[EXTERNAL]|Bytes:40
23:30:40.0 (7417205)|VARIABLE_SCOPE_BEGIN|[12]|this|StudentDetailsController|true|false
23:30:40.0 (7479353)|VARIABLE_ASSIGNMENT|[12]|this|{}|0xa56cdb3
23:30:40.0 (7492458)|SYSTEM_MODE_ENTER|false
23:30:40.0 (7498084)|HEAP_ALLOCATE|[13]|Bytes:5
23:30:40.0 (7502164)|STATEMENT_EXECUTE|[1]
23:30:40.0 (7504999)|HEAP_ALLOCATE|[13]|Bytes:5
23:30:40.0 (7508000)|STATEMENT_EXECUTE|[2]
23:30:40.0 (7509639)|STATEMENT_EXECUTE|[3]
23:30:40.0 (7510986)|STATEMENT_EXECUTE|[4]
23:30:40.0 (7512310)|STATEMENT_EXECUTE|[5]
23:30:40.0 (7513676)|STATEMENT_EXECUTE|[6]
23:30:40.0 (7515049)|STATEMENT_EXECUTE|[7]
23:30:40.0 (7516394)|STATEMENT_EXECUTE|[8]
23:30:40.0 (7517732)|STATEMENT_EXECUTE|[9]
23:30:40.0 (7519069)|STATEMENT_EXECUTE|[10]
23:30:40.0 (7526650)|HEAP_ALLOCATE|[13]|Bytes:6
23:30:40.0 (7558923)|STATEMENT_EXECUTE|[12]
23:30:40.0 (7560981)|STATEMENT_EXECUTE|[13]
23:30:40.0 (7629205)|HEAP_ALLOCATE|[13]|Bytes:44
23:30:40.0 (7682383)|HEAP_ALLOCATE|[13]|Bytes:20
23:30:40.0 (7710094)|HEAP_ALLOCATE|[13]|Bytes:2
23:30:40.0 (7734688)|VARIABLE_SCOPE_BEGIN|[13]|idStudent|String|false|false
23:30:40.0 (7749751)|VARIABLE_ASSIGNMENT|[13]|idStudent|"a0I0o000013e10MEAQ"
23:30:40.0 (7754423)|STATEMENT_EXECUTE|[14]
23:30:40.0 (7774274)|METHOD_ENTRY|[14]|01p0o00000GMTHL|StudentDetailsController.getStudentDetails(String)
23:30:40.0 (7796339)|VARIABLE_SCOPE_BEGIN|[17]|this|StudentDetailsController|true|false
23:30:40.0 (7818327)|VARIABLE_ASSIGNMENT|[17]|this|{}|0xa56cdb3
23:30:40.0 (7824853)|VARIABLE_SCOPE_BEGIN|[17]|idStudent|String|false|false
23:30:40.0 (7833498)|VARIABLE_ASSIGNMENT|[17]|idStudent|"a0I0o000013e10MEAQ"
23:30:40.0 (7844933)|HEAP_ALLOCATE|[18]|Bytes:5
23:30:40.0 (7849513)|STATEMENT_EXECUTE|[17]
23:30:40.0 (7851067)|STATEMENT_EXECUTE|[18]
23:30:40.0 (7853346)|HEAP_ALLOCATE|[18]|Bytes:145
23:30:40.0 (7866902)|HEAP_ALLOCATE|[18]|Bytes:4
23:30:40.0 (7877886)|HEAP_ALLOCATE|[18]|Bytes:7
23:30:40.0 (9537403)|SOQL_EXECUTE_BEGIN|[18]|Aggregations:0|SELECT AverageScore__c, Birthday__c, Namef__c, Namel__c, Score1__c, Score2__c, Score3__c, State__c, Gender__c FROM Student__c WHERE id = :tmpVar1
23:30:40.0 (32293750)|SOQL_EXECUTE_END|[18]|Rows:1
23:30:40.0 (32331282)|HEAP_ALLOCATE|[18]|Bytes:8
23:30:40.0 (32358781)|HEAP_ALLOCATE|[18]|Bytes:311
23:30:40.0 (32511945)|HEAP_ALLOCATE|[18]|Bytes:8
23:30:40.0 (32531170)|HEAP_ALLOCATE|[18]|Bytes:36
23:30:40.0 (32585442)|HEAP_ALLOCATE|[18]|Bytes:44
23:30:40.0 (32597729)|VARIABLE_SCOPE_BEGIN|[18]|s|Student__c|true|false
23:30:40.0 (32656047)|VARIABLE_ASSIGNMENT|[18]|s|{"AverageScore__c":2.00,"Birthday__c":"2010-05-21T00:00:00.000Z","Namef__c":"b","Namel__c":"b","Score1__c":2.00,"Score2__c":2.00,"Score3__c":2.00,"State__c":"Failed","Gender__c":true,"Id":"a0I0o000013e10MEAQ"}|0x227c3400
23:30:40.0 (32666916)|STATEMENT_EXECUTE|[31]
23:30:40.0 (32820325)|VARIABLE_ASSIGNMENT|[EXTERNAL]|this|{}|0xa56cdb3
23:30:40.0 (32837848)|VARIABLE_ASSIGNMENT|[EXTERNAL]|value|"b"
23:30:40.0 (32858947)|VARIABLE_ASSIGNMENT|[2]|this.lastNameDetails|"b"|0xa56cdb3
23:30:40.0 (32877029)|STATEMENT_EXECUTE|[32]
23:30:40.0 (32984337)|VARIABLE_ASSIGNMENT|[EXTERNAL]|this|{"lastNameDetails":"b"}|0xa56cdb3
23:30:40.0 (33001487)|VARIABLE_ASSIGNMENT|[EXTERNAL]|value|"b"
23:30:40.0 (33014157)|VARIABLE_ASSIGNMENT|[3]|this.firstNameDetails|"b"|0xa56cdb3
23:30:40.0 (33060470)|STATEMENT_EXECUTE|[33]
23:30:40.0 (33062881)|STATEMENT_EXECUTE|[34]
23:30:40.0 (33066250)|HEAP_ALLOCATE|[34]|Bytes:6
23:30:40.0 (33115504)|VARIABLE_ASSIGNMENT|[EXTERNAL]|this|{"firstNameDetails":"b","lastNameDetails":"b"}|0xa56cdb3
23:30:40.0 (33126184)|VARIABLE_ASSIGNMENT|[EXTERNAL]|value|"Female"
23:30:40.0 (33135072)|VARIABLE_ASSIGNMENT|[4]|this.genderDetails|"Female"|0xa56cdb3
23:30:40.0 (33144943)|STATEMENT_EXECUTE|[38]
23:30:40.0 (33222387)|HEAP_ALLOCATE|[38]|Bytes:9
23:30:40.0 (33272127)|VARIABLE_ASSIGNMENT|[EXTERNAL]|this|{"firstNameDetails":"b","genderDetails":"Female","lastNameDetails":"b"}|0xa56cdb3
23:30:40.0 (33291869)|VARIABLE_ASSIGNMENT|[EXTERNAL]|value|"5/21/2010"
23:30:40.0 (33308433)|VARIABLE_ASSIGNMENT|[5]|this.birthdayDetails|"5/21/2010"|0xa56cdb3
23:30:40.0 (33320618)|STATEMENT_EXECUTE|[39]
23:30:40.0 (33368643)|HEAP_ALLOCATE|[39]|Bytes:12
23:30:40.0 (33424779)|VARIABLE_ASSIGNMENT|[EXTERNAL]|this|{"birthdayDetails":"5/21/2010","firstNameDetails":"b","genderDetails":"Female","lastNameDetails":"b"}|0xa56cdb3
23:30:40.0 (33437604)|VARIABLE_ASSIGNMENT|[EXTERNAL]|value|2.0
23:30:40.0 (33447403)|VARIABLE_ASSIGNMENT|[6]|this.score1Details|2.0|0xa56cdb3
23:30:40.0 (33455768)|STATEMENT_EXECUTE|[40]
23:30:40.0 (33480388)|HEAP_ALLOCATE|[40]|Bytes:12
23:30:40.0 (33527042)|VARIABLE_ASSIGNMENT|[EXTERNAL]|this|{"birthdayDetails":"5/21/2010","firstNameDetails":"b","genderDetails":"Female","lastNameDetails":"b","score1Details":2.0}|0xa56cdb3
23:30:40.0 (33537790)|VARIABLE_ASSIGNMENT|[EXTERNAL]|value|2.0
23:30:40.0 (33546800)|VARIABLE_ASSIGNMENT|[7]|this.score2Details|2.0|0xa56cdb3
23:30:40.0 (33554848)|STATEMENT_EXECUTE|[41]
23:30:40.0 (33576363)|HEAP_ALLOCATE|[41]|Bytes:12
23:30:40.0 (33621343)|VARIABLE_ASSIGNMENT|[EXTERNAL]|this|{"birthdayDetails":"5/21/2010","firstNameDetails":"b","genderDetails":"Female","lastNameDetails":"b","score1Details":2.0,"score2Details":2.0}|0xa56cdb3
23:30:40.0 (33632157)|VARIABLE_ASSIGNMENT|[EXTERNAL]|value|2.0
23:30:40.0 (33640474)|VARIABLE_ASSIGNMENT|[8]|this.score3Details|2.0|0xa56cdb3
23:30:40.0 (33648746)|STATEMENT_EXECUTE|[42]
23:30:40.0 (33669371)|HEAP_ALLOCATE|[42]|Bytes:12
23:30:40.0 (33714630)|VARIABLE_ASSIGNMENT|[EXTERNAL]|this|{"birthdayDetails":"5/21/2010","firstNameDetails":"b","genderDetails":"Female","lastNameDetails":"b","score1Details":2.0,"score2Details":2.0,"score3Details":2.0}|0xa56cdb3
23:30:40.0 (33725144)|VARIABLE_ASSIGNMENT|[EXTERNAL]|value|2.0
23:30:40.0 (33733118)|VARIABLE_ASSIGNMENT|[9]|this.averageScoreDetails|2.0|0xa56cdb3
23:30:40.0 (33740995)|STATEMENT_EXECUTE|[43]
23:30:40.0 (33801732)|VARIABLE_ASSIGNMENT|[EXTERNAL]|this|{"averageScoreDetails":2.0,"birthdayDetails":"5/21/2010","firstNameDetails":"b","genderDetails":"Female","lastNameDetails":"b","score1Details":2.0,"score2Details":2.0,"score3Details":2.0}|0xa56cdb3
23:30:40.0 (33813317)|VARIABLE_ASSIGNMENT|[EXTERNAL]|value|"Failed"
23:30:40.0 (33822137)|VARIABLE_ASSIGNMENT|[10]|this.stateDetails|"Failed"|0xa56cdb3
23:30:40.0 (33837383)|METHOD_EXIT|[14]|01p0o00000GMTHL|StudentDetailsController.getStudentDetails(String)
23:30:40.0 (33844644)|SYSTEM_MODE_EXIT|false
23:30:40.0 (34138052)|SYSTEM_MODE_ENTER|true
23:30:40.0 (34230659)|SYSTEM_MODE_ENTER|true
23:30:40.0 (34288902)|SYSTEM_MODE_ENTER|true
23:30:40.0 (34339836)|SYSTEM_MODE_ENTER|true
23:30:40.0 (34392018)|SYSTEM_MODE_ENTER|true
23:30:40.0 (34445261)|SYSTEM_MODE_ENTER|true
23:30:40.0 (34498946)|SYSTEM_MODE_ENTER|true
23:30:40.0 (34574424)|SYSTEM_MODE_ENTER|true
23:30:40.0 (34632446)|SYSTEM_MODE_ENTER|true
23:30:40.0 (36192837)|VF_SERIALIZE_VIEWSTATE_BEGIN|0660o000008sfSa
23:30:40.0 (37893170)|VF_SERIALIZE_VIEWSTATE_END
23:30:40.40 (40167900)|CUMULATIVE_LIMIT_USAGE
23:30:40.40 (40167900)|LIMIT_USAGE_FOR_NS|(default)|
  Number of SOQL queries: 1 out of 100
  Number of query rows: 1 out of 50000
  Number of SOSL queries: 0 out of 20
  Number of DML statements: 0 out of 150
  Number of DML rows: 0 out of 10000
  Maximum CPU time: 0 out of 10000
  Maximum heap size: 0 out of 6000000
  Number of callouts: 0 out of 100
  Number of Email Invocations: 0 out of 10
  Number of future calls: 0 out of 50
  Number of queueable jobs added to the queue: 0 out of 50
  Number of Mobile Apex push calls: 0 out of 10

23:30:40.40 (40167900)|CUMULATIVE_LIMIT_USAGE_END

23:30:40.0 (40227906)|CODE_UNIT_FINISHED|VF: /apex/StudentDetails
23:30:40.0 (41202740)|EXECUTION_FINISHED
