36.0 APEX_CODE,FINEST;APEX_PROFILING,INFO;CALLOUT,INFO;DB,INFO;NBA,INFO;SYSTEM,DEBUG;VALIDATION,INFO;VISUALFORCE,INFO;WAVE,INFO;WORKFLOW,INFO
02:56:51.0 (524727)|USER_INFO|[EXTERNAL]|0050o00000WkyGG|ttvy@keizu.co.jp|Pacific Standard Time|GMT-07:00
02:56:51.0 (568301)|EXECUTION_STARTED
02:56:51.0 (575993)|CODE_UNIT_STARTED|[EXTERNAL]|0660o000008sEYc|VF: /apex/MainPage
02:56:51.0 (1154623)|VF_DESERIALIZE_VIEWSTATE_BEGIN|0660o000008sEYc
02:56:51.0 (7174509)|HEAP_ALLOCATE|[72]|Bytes:3
02:56:51.0 (7221908)|HEAP_ALLOCATE|[77]|Bytes:152
02:56:51.0 (7236051)|HEAP_ALLOCATE|[342]|Bytes:408
02:56:51.0 (7248761)|HEAP_ALLOCATE|[355]|Bytes:408
02:56:51.0 (7260099)|HEAP_ALLOCATE|[467]|Bytes:48
02:56:51.0 (7285163)|HEAP_ALLOCATE|[139]|Bytes:6
02:56:51.0 (10710149)|VF_DESERIALIZE_VIEWSTATE_END
02:56:51.11 (11407034)|SYSTEM_MODE_ENTER|true
02:56:51.11 (11490995)|HEAP_ALLOCATE|[EXTERNAL]|Bytes:38
02:56:51.11 (11501116)|HEAP_ALLOCATE|[EXTERNAL]|Bytes:7
02:56:51.12 (12365089)|SYSTEM_MODE_ENTER|true
02:56:51.12 (12428829)|HEAP_ALLOCATE|[EXTERNAL]|Bytes:8
02:56:51.12 (12437334)|VARIABLE_SCOPE_BEGIN|[88]|this|ApexPage.PageMessagesComponentController|true|false
02:56:51.12 (12499599)|VARIABLE_ASSIGNMENT|[88]|this|{}|0x1342806e
02:56:51.12 (12508344)|VARIABLE_SCOPE_BEGIN|[88]|escape|Boolean|false|false
02:56:51.12 (12517418)|VARIABLE_ASSIGNMENT|[88]|escape|null
02:56:51.0 (13329488)|SYSTEM_MODE_ENTER|true
02:56:51.0 (13352890)|HEAP_ALLOCATE|[EXTERNAL]|Bytes:176
02:56:51.0 (13360485)|HEAP_ALLOCATE|[EXTERNAL]|Bytes:20
02:56:51.0 (13364266)|HEAP_ALLOCATE|[EXTERNAL]|Bytes:2
02:56:51.0 (13372802)|METHOD_ENTRY|[1]|01p0o00000GLKhZ|Controller.Controller()
02:56:51.0 (13379742)|STATEMENT_EXECUTE|[1]
02:56:51.0 (13384464)|STATEMENT_EXECUTE|[1]
02:56:51.0 (13392155)|SYSTEM_MODE_ENTER|false
02:56:51.0 (13398970)|HEAP_ALLOCATE|[EXTERNAL]|Bytes:5
02:56:51.0 (13406881)|SYSTEM_MODE_EXIT|false
02:56:51.0 (13414808)|METHOD_EXIT|[1]|Controller
02:56:51.0 (13836787)|SYSTEM_MODE_ENTER|true
02:56:51.0 (13864622)|HEAP_ALLOCATE|[EXTERNAL]|Bytes:6
02:56:51.0 (13874258)|HEAP_ALLOCATE|[EXTERNAL]|Bytes:24
02:56:51.0 (13904326)|VARIABLE_ASSIGNMENT|[EXTERNAL]|this.idStudent|"HS0004"|0x161a7450
02:56:51.0 (14219569)|HEAP_ALLOCATE|[EXTERNAL]|Bytes:24
02:56:51.0 (14229110)|VARIABLE_SCOPE_BEGIN|[34]|this|Controller|true|false
02:56:51.0 (14270431)|VARIABLE_ASSIGNMENT|[34]|this|{"idStudent":"HS0004","studentList":"0x5f3c33d7","sumstudents":"Total Students : 3","userinput":"a","userselect":"Name"}|0x161a7450
02:56:51.0 (14285058)|SYSTEM_MODE_ENTER|false
02:56:51.0 (14292228)|HEAP_ALLOCATE|[35]|Bytes:5
02:56:51.0 (14297620)|STATEMENT_EXECUTE|[34]
02:56:51.0 (14299594)|STATEMENT_EXECUTE|[35]
02:56:51.0 (14356750)|HEAP_ALLOCATE|[35]|Bytes:374
02:56:51.0 (14404613)|HEAP_ALLOCATE|[35]|Bytes:356
02:56:51.0 (14429292)|HEAP_ALLOCATE|[35]|Bytes:9
02:56:51.0 (14448994)|VARIABLE_SCOPE_BEGIN|[35]|idStudentGet|String|false|false
02:56:51.0 (14460455)|VARIABLE_ASSIGNMENT|[35]|idStudentGet|"HS0004"
02:56:51.0 (14506257)|VARIABLE_ASSIGNMENT|[EXTERNAL]|this|{"idStudent":"HS0004","studentList":"0x5f3c33d7","sumstudents":"Total Students : 3","userinput":"a","userselect":"Name"}|0x161a7450
02:56:51.0 (14654526)|HEAP_ALLOCATE|[36]|Bytes:5
02:56:51.0 (14678653)|HEAP_ALLOCATE|[36]|Bytes:52
02:56:51.0 (14688170)|VARIABLE_SCOPE_BEGIN|[36]|s|Student__c|true|false
02:56:51.0 (14735179)|VARIABLE_ASSIGNMENT|[36]|s|{"Namef__c":"an","Namel__c":"nguyen","Birthday__c":"1993-04-06T00:00:00.000Z","Gender__c":false,"Score1__c":4.00,"Score2__c":4.00,"Score3__c":8.00,"AverageScore__c":5.33,"State__c":"Passed","StudentId__c":"HS0003","Class__c":"a0H0o00000fIXflEAG","Id":"a0I0o000013dfskEAA"}|0x726817db
02:56:51.0 (14751846)|STATEMENT_EXECUTE|[36]
02:56:51.0 (15645752)|HEAP_ALLOCATE|[37]|Bytes:22
02:56:51.0 (15661345)|SYSTEM_MODE_EXIT|false
02:56:51.0 (15744705)|FATAL_ERROR|System.StringException: Invalid id: HS0004

Class.Controller.actionDeleteStudent: line 37, column 1
02:56:51.72 (72269149)|CUMULATIVE_LIMIT_USAGE
02:56:51.72 (72269149)|LIMIT_USAGE_FOR_NS|(default)|
  Number of SOQL queries: 0 out of 100
  Number of query rows: 0 out of 50000
  Number of SOSL queries: 0 out of 20
  Number of DML statements: 0 out of 150
  Number of DML rows: 0 out of 10000
  Maximum CPU time: 0 out of 10000
  Maximum heap size: 0 out of 6000000
  Number of callouts: 0 out of 100
  Number of Email Invocations: 0 out of 10
  Number of future calls: 0 out of 50
  Number of queueable jobs added to the queue: 0 out of 50
  Number of Mobile Apex push calls: 0 out of 10

02:56:51.72 (72269149)|CUMULATIVE_LIMIT_USAGE_END

02:56:51.0 (72328859)|CODE_UNIT_FINISHED|VF: /apex/MainPage
02:56:51.0 (73204394)|EXECUTION_FINISHED
