36.0 APEX_CODE,FINEST;APEX_PROFILING,INFO;CALLOUT,INFO;DB,INFO;NBA,INFO;SYSTEM,DEBUG;VALIDATION,INFO;VISUALFORCE,INFO;WAVE,INFO;WORKFLOW,INFO
02:44:37.0 (349848)|USER_INFO|[EXTERNAL]|0050o00000WkyGG|ttvy@keizu.co.jp|Pacific Standard Time|GMT-07:00
02:44:37.0 (388969)|EXECUTION_STARTED
02:44:37.0 (394190)|CODE_UNIT_STARTED|[EXTERNAL]|0660o000008sEYc|VF: /apex/MainPage
02:44:37.0 (7166484)|SYSTEM_MODE_ENTER|true
02:44:37.0 (7598412)|HEAP_ALLOCATE|[72]|Bytes:3
02:44:37.0 (7636000)|HEAP_ALLOCATE|[77]|Bytes:152
02:44:37.0 (7669563)|HEAP_ALLOCATE|[342]|Bytes:408
02:44:37.0 (7683121)|HEAP_ALLOCATE|[355]|Bytes:408
02:44:37.0 (7694720)|HEAP_ALLOCATE|[467]|Bytes:48
02:44:37.0 (7720846)|HEAP_ALLOCATE|[139]|Bytes:6
02:44:37.0 (7739143)|HEAP_ALLOCATE|[EXTERNAL]|Bytes:136
02:44:37.0 (7745324)|HEAP_ALLOCATE|[EXTERNAL]|Bytes:13
02:44:37.0 (7755872)|METHOD_ENTRY|[1]|01p0o00000GLKhZ|Controller.Controller()
02:44:37.0 (7762534)|STATEMENT_EXECUTE|[1]
02:44:37.0 (7768480)|STATEMENT_EXECUTE|[1]
02:44:37.0 (7793900)|HEAP_ALLOCATE|[50]|Bytes:5
02:44:37.0 (7814023)|HEAP_ALLOCATE|[56]|Bytes:5
02:44:37.0 (7821832)|HEAP_ALLOCATE|[64]|Bytes:7
02:44:37.0 (7838067)|SYSTEM_MODE_ENTER|false
02:44:37.0 (7849272)|HEAP_ALLOCATE|[EXTERNAL]|Bytes:5
02:44:37.0 (7857627)|SYSTEM_MODE_EXIT|false
02:44:37.0 (7865934)|METHOD_EXIT|[1]|Controller
02:44:37.0 (8021298)|HEAP_ALLOCATE|[EXTERNAL]|Bytes:16
02:44:37.0 (8033084)|VARIABLE_SCOPE_BEGIN|[1]|this|Controller|true|false
02:44:37.0 (8085244)|VARIABLE_ASSIGNMENT|[1]|this|{}|0x4505e1b1
02:44:37.0 (8099710)|SYSTEM_MODE_ENTER|false
02:44:37.0 (8107811)|HEAP_ALLOCATE|[EXTERNAL]|Bytes:5
02:44:37.0 (8117442)|HEAP_ALLOCATE|[EXTERNAL]|Bytes:6
02:44:37.0 (8156412)|SYSTEM_MODE_EXIT|false
02:44:37.0 (8163253)|STATEMENT_EXECUTE|[1]
02:44:37.0 (8167743)|SYSTEM_MODE_ENTER|false
02:44:37.0 (8173484)|HEAP_ALLOCATE|[EXTERNAL]|Bytes:5
02:44:37.0 (8177377)|STATEMENT_EXECUTE|[2]
02:44:37.0 (8179276)|STATEMENT_EXECUTE|[3]
02:44:37.0 (8181045)|STATEMENT_EXECUTE|[4]
02:44:37.0 (8183330)|SYSTEM_MODE_EXIT|false
02:44:37.8 (8575093)|SYSTEM_MODE_ENTER|true
02:44:37.8 (8608734)|HEAP_ALLOCATE|[EXTERNAL]|Bytes:38
02:44:37.8 (8616584)|HEAP_ALLOCATE|[EXTERNAL]|Bytes:7
02:44:37.8 (8774203)|SYSTEM_MODE_ENTER|true
02:44:37.8 (8856760)|HEAP_ALLOCATE|[EXTERNAL]|Bytes:8
02:44:37.8 (8866531)|VARIABLE_SCOPE_BEGIN|[88]|this|ApexPage.PageMessagesComponentController|true|false
02:44:37.8 (8919156)|VARIABLE_ASSIGNMENT|[88]|this|{}|0x11c3c524
02:44:37.8 (8927174)|VARIABLE_SCOPE_BEGIN|[88]|escape|Boolean|false|false
02:44:37.8 (8936058)|VARIABLE_ASSIGNMENT|[88]|escape|null
02:44:37.9 (9111453)|SYSTEM_MODE_ENTER|true
02:44:37.9 (9162776)|HEAP_ALLOCATE|[EXTERNAL]|Bytes:8
02:44:37.9 (9170935)|VARIABLE_SCOPE_BEGIN|[2]|this|ApexPage.PageMessagesComponentController|true|false
02:44:37.9 (9193691)|VARIABLE_ASSIGNMENT|[2]|this|{}|0x11c3c524
02:44:37.0 (10738067)|SYSTEM_MODE_ENTER|true
02:44:37.0 (11555572)|SYSTEM_MODE_ENTER|true
02:44:37.0 (11766907)|SYSTEM_MODE_ENTER|true
02:44:37.0 (11825922)|HEAP_ALLOCATE|[EXTERNAL]|Bytes:16
02:44:37.0 (11838562)|VARIABLE_SCOPE_BEGIN|[6]|this|Controller|true|false
02:44:37.0 (11866160)|VARIABLE_ASSIGNMENT|[6]|this|{}|0x4505e1b1
02:44:37.0 (11881031)|SYSTEM_MODE_ENTER|false
02:44:37.0 (11888901)|HEAP_ALLOCATE|[7]|Bytes:5
02:44:37.0 (11894811)|STATEMENT_EXECUTE|[6]
02:44:37.0 (11897696)|STATEMENT_EXECUTE|[7]
02:44:37.0 (11909612)|HEAP_ALLOCATE|[7]|Bytes:4
02:44:37.0 (11972554)|VARIABLE_SCOPE_BEGIN|[7]|options|List<System.SelectOption>|true|false
02:44:37.0 (11999602)|HEAP_ALLOCATE|[EXTERNAL]|Bytes:4
02:44:37.0 (12012186)|VARIABLE_ASSIGNMENT|[7]|options|[]|0x3cda00cd
02:44:37.0 (12019549)|STATEMENT_EXECUTE|[8]
02:44:37.0 (12023762)|HEAP_ALLOCATE|[8]|Bytes:33
02:44:37.0 (12039238)|HEAP_ALLOCATE|[8]|Bytes:4
02:44:37.0 (13147976)|SOQL_EXECUTE_BEGIN|[8]|Aggregations:0|SELECT className__C FROM Class__c
02:44:37.0 (15730697)|SOQL_EXECUTE_END|[8]|Rows:4
02:44:37.0 (15755124)|HEAP_ALLOCATE|[8]|Bytes:20
02:44:37.0 (15774971)|HEAP_ALLOCATE|[8]|Bytes:193
02:44:37.0 (15835678)|HEAP_ALLOCATE|[8]|Bytes:20
02:44:37.0 (15853271)|VARIABLE_SCOPE_BEGIN|[8]|data|List<Class__c>|true|false
02:44:37.0 (15893086)|VARIABLE_ASSIGNMENT|[8]|data|[{"className__c":"Name","Id":"a0H0o00000fIXZEEA4"},{"className__c":"L02","Id":"a0H0o00000fIXflEAG"},{"className__c":"L01","Id":"a0H0o00000fIXZYEA4"},{"className__c":"L03","Id":"a0H0o00000fIXg0EAG"}]|0x6f80a586
02:44:37.0 (16074015)|HEAP_ALLOCATE|[9]|Bytes:5
02:44:37.0 (16099298)|HEAP_ALLOCATE|[9]|Bytes:12
02:44:37.0 (16109727)|VARIABLE_SCOPE_BEGIN|[9]|c|Class__c|true|false
02:44:37.0 (16127816)|VARIABLE_ASSIGNMENT|[9]|c|{"className__c":"Name","Id":"a0H0o00000fIXZEEA4"}|0x6bd92aea
02:44:37.0 (16135317)|STATEMENT_EXECUTE|[9]
02:44:37.0 (16137820)|STATEMENT_EXECUTE|[10]
02:44:37.0 (16146896)|HEAP_ALLOCATE|[10]|Bytes:12
02:44:37.0 (16232493)|HEAP_ALLOCATE|[10]|Bytes:4
02:44:37.0 (16266986)|HEAP_ALLOCATE|[10]|Bytes:4
02:44:37.0 (16312369)|HEAP_ALLOCATE|[EXTERNAL]|Bytes:4
02:44:37.0 (16330492)|HEAP_ALLOCATE|[9]|Bytes:5
02:44:37.0 (16342938)|HEAP_ALLOCATE|[9]|Bytes:12
02:44:37.0 (16350712)|VARIABLE_SCOPE_BEGIN|[9]|c|Class__c|true|false
02:44:37.0 (16368242)|VARIABLE_ASSIGNMENT|[9]|c|{"className__c":"L02","Id":"a0H0o00000fIXflEAG"}|0x59906f2d
02:44:37.0 (16375177)|STATEMENT_EXECUTE|[9]
02:44:37.0 (16377425)|STATEMENT_EXECUTE|[10]
02:44:37.0 (16408761)|HEAP_ALLOCATE|[10]|Bytes:3
02:44:37.0 (16434490)|HEAP_ALLOCATE|[10]|Bytes:3
02:44:37.0 (16452639)|HEAP_ALLOCATE|[EXTERNAL]|Bytes:4
02:44:37.0 (16466967)|HEAP_ALLOCATE|[9]|Bytes:5
02:44:37.0 (16484868)|HEAP_ALLOCATE|[9]|Bytes:12
02:44:37.0 (16491644)|VARIABLE_SCOPE_BEGIN|[9]|c|Class__c|true|false
02:44:37.0 (16507346)|VARIABLE_ASSIGNMENT|[9]|c|{"className__c":"L01","Id":"a0H0o00000fIXZYEA4"}|0x55c216cb
02:44:37.0 (16513833)|STATEMENT_EXECUTE|[9]
02:44:37.0 (16516234)|STATEMENT_EXECUTE|[10]
02:44:37.0 (16543670)|HEAP_ALLOCATE|[10]|Bytes:3
02:44:37.0 (16567463)|HEAP_ALLOCATE|[10]|Bytes:3
02:44:37.0 (16605577)|HEAP_ALLOCATE|[EXTERNAL]|Bytes:4
02:44:37.0 (16620763)|HEAP_ALLOCATE|[9]|Bytes:5
02:44:37.0 (16631465)|HEAP_ALLOCATE|[9]|Bytes:12
02:44:37.0 (16638334)|VARIABLE_SCOPE_BEGIN|[9]|c|Class__c|true|false
02:44:37.0 (16653582)|VARIABLE_ASSIGNMENT|[9]|c|{"className__c":"L03","Id":"a0H0o00000fIXg0EAG"}|0xcf6cb6c
02:44:37.0 (16660392)|STATEMENT_EXECUTE|[9]
02:44:37.0 (16662288)|STATEMENT_EXECUTE|[10]
02:44:37.0 (16693287)|HEAP_ALLOCATE|[10]|Bytes:3
02:44:37.0 (16718710)|HEAP_ALLOCATE|[10]|Bytes:3
02:44:37.0 (16738337)|HEAP_ALLOCATE|[EXTERNAL]|Bytes:4
02:44:37.0 (16752248)|HEAP_ALLOCATE|[9]|Bytes:5
02:44:37.0 (16780319)|VARIABLE_ASSIGNMENT|[9]|c|null|
02:44:37.0 (16786883)|STATEMENT_EXECUTE|[13]
02:44:37.0 (16792571)|SYSTEM_MODE_EXIT|false
02:44:37.0 (17051943)|SYSTEM_MODE_ENTER|true
02:44:37.18 (18345615)|SYSTEM_MODE_ENTER|true
02:44:37.18 (18432155)|HEAP_ALLOCATE|[EXTERNAL]|Bytes:8
02:44:37.18 (18444896)|VARIABLE_SCOPE_BEGIN|[88]|this|ApexPage.PageMessagesComponentController|true|false
02:44:37.18 (18482807)|VARIABLE_ASSIGNMENT|[88]|this|{}|0x11c3c524
02:44:37.18 (18491240)|VARIABLE_SCOPE_BEGIN|[88]|escape|Boolean|false|false
02:44:37.18 (18499310)|VARIABLE_ASSIGNMENT|[88]|escape|null
02:44:37.18 (18635822)|SYSTEM_MODE_ENTER|true
02:44:37.18 (18685305)|HEAP_ALLOCATE|[EXTERNAL]|Bytes:8
02:44:37.18 (18693947)|VARIABLE_SCOPE_BEGIN|[2]|this|ApexPage.PageMessagesComponentController|true|false
02:44:37.18 (18716678)|VARIABLE_ASSIGNMENT|[2]|this|{}|0x11c3c524
02:44:37.0 (20915990)|VF_SERIALIZE_VIEWSTATE_BEGIN|0660o000008sEYc
02:44:37.0 (32451697)|VF_SERIALIZE_VIEWSTATE_END
02:44:37.0 (33849461)|CODE_UNIT_STARTED|[EXTERNAL]|Generate Metadata
02:44:37.0 (34360324)|CODE_UNIT_FINISHED|Generate Metadata
02:44:37.37 (37169340)|CUMULATIVE_LIMIT_USAGE
02:44:37.37 (37169340)|LIMIT_USAGE_FOR_NS|(default)|
  Number of SOQL queries: 1 out of 100
  Number of query rows: 4 out of 50000
  Number of SOSL queries: 0 out of 20
  Number of DML statements: 0 out of 150
  Number of DML rows: 0 out of 10000
  Maximum CPU time: 0 out of 10000
  Maximum heap size: 0 out of 6000000
  Number of callouts: 0 out of 100
  Number of Email Invocations: 0 out of 10
  Number of future calls: 0 out of 50
  Number of queueable jobs added to the queue: 0 out of 50
  Number of Mobile Apex push calls: 0 out of 10

02:44:37.37 (37169340)|CUMULATIVE_LIMIT_USAGE_END

02:44:37.0 (37215027)|CODE_UNIT_FINISHED|VF: /apex/MainPage
02:44:37.0 (38342964)|EXECUTION_FINISHED
