36.0 APEX_CODE,FINEST;APEX_PROFILING,INFO;CALLOUT,INFO;DB,INFO;NBA,INFO;SYSTEM,DEBUG;VALIDATION,INFO;VISUALFORCE,INFO;WAVE,INFO;WORKFLOW,INFO
00:43:00.0 (536438)|USER_INFO|[EXTERNAL]|0050o00000WkyGG|ttvy@keizu.co.jp|Pacific Standard Time|GMT-07:00
00:43:00.0 (589011)|EXECUTION_STARTED
00:43:00.0 (595160)|CODE_UNIT_STARTED|[EXTERNAL]|TRIGGERS
00:43:00.0 (641349)|CODE_UNIT_STARTED|[EXTERNAL]|01q0o000000jKrN|triggerStudent on Student trigger event BeforeInsert|__sfdc_trigger/triggerStudent
00:43:00.0 (704137)|HEAP_ALLOCATE|[EXTERNAL]|Bytes:8
00:43:00.0 (946913)|HEAP_ALLOCATE|[72]|Bytes:3
00:43:00.0 (984713)|HEAP_ALLOCATE|[77]|Bytes:152
00:43:00.0 (1004955)|HEAP_ALLOCATE|[342]|Bytes:408
00:43:00.0 (1028656)|HEAP_ALLOCATE|[355]|Bytes:408
00:43:00.0 (1047941)|HEAP_ALLOCATE|[467]|Bytes:48
00:43:00.0 (1090305)|HEAP_ALLOCATE|[139]|Bytes:6
00:43:00.0 (15686580)|HEAP_ALLOCATE|[EXTERNAL]|Bytes:8
00:43:00.0 (15714026)|VARIABLE_SCOPE_BEGIN|[1]|this|triggerStudent|true|false
00:43:00.0 (15789922)|VARIABLE_ASSIGNMENT|[1]|this|{}|0x1973e89c
00:43:00.0 (15896668)|HEAP_ALLOCATE|[EXTERNAL]|Bytes:8
00:43:00.0 (15965182)|VARIABLE_SCOPE_BEGIN|[1]|this|triggerStudent|true|false
00:43:00.0 (15993117)|VARIABLE_ASSIGNMENT|[1]|this|{}|0x1973e89c
00:43:00.0 (16009316)|STATEMENT_EXECUTE|[1]
00:43:00.0 (16013359)|STATEMENT_EXECUTE|[3]
00:43:00.0 (16021898)|HEAP_ALLOCATE|[3]|Bytes:15
00:43:00.0 (16033112)|HEAP_ALLOCATE|[3]|Bytes:19
00:43:00.0 (16112639)|METHOD_ENTRY|[1]|01p0o00000GMOB6|TriggerHandle.TriggerHandle()
00:43:00.0 (16123147)|STATEMENT_EXECUTE|[1]
00:43:00.0 (16128289)|STATEMENT_EXECUTE|[1]
00:43:00.0 (16194182)|HEAP_ALLOCATE|[50]|Bytes:5
00:43:00.0 (16231847)|HEAP_ALLOCATE|[56]|Bytes:5
00:43:00.0 (16247482)|HEAP_ALLOCATE|[64]|Bytes:7
00:43:00.0 (16953104)|SYSTEM_MODE_ENTER|false
00:43:00.0 (16974874)|HEAP_ALLOCATE|[3]|Bytes:5
00:43:00.0 (16985681)|STATEMENT_EXECUTE|[159]
00:43:00.0 (16991973)|SYSTEM_MODE_EXIT|false
00:43:00.0 (17009235)|METHOD_EXIT|[1]|TriggerHandle
00:43:00.0 (17032141)|HEAP_ALLOCATE|[3]|Bytes:4
00:43:00.0 (17054244)|CONSTRUCTOR_ENTRY|[3]|01p0o00000GMOB6|<init>()|TriggerHandle
00:43:00.0 (17098584)|VARIABLE_SCOPE_BEGIN|[3]|this|TriggerHandle|true|false
00:43:00.0 (17132679)|VARIABLE_ASSIGNMENT|[3]|this|{}|0x102ce76e
00:43:00.0 (17150997)|SYSTEM_MODE_ENTER|false
00:43:00.0 (17162553)|HEAP_ALLOCATE|[EXTERNAL]|Bytes:5
00:43:00.0 (17170955)|STATEMENT_EXECUTE|[1]
00:43:00.0 (17175469)|HEAP_ALLOCATE|[EXTERNAL]|Bytes:5
00:43:00.0 (17190292)|HEAP_ALLOCATE|[EXTERNAL]|Bytes:6
00:43:00.0 (17235172)|STATEMENT_EXECUTE|[4]
00:43:00.0 (17242591)|SYSTEM_MODE_EXIT|false
00:43:00.0 (17257009)|CONSTRUCTOR_EXIT|[3]|01p0o00000GMOB6|<init>()|TriggerHandle
00:43:00.0 (17292977)|VARIABLE_ASSIGNMENT|[3]|this.handle|0x102ce76e|0x1973e89c
00:43:00.0 (17313488)|STATEMENT_EXECUTE|[5]
00:43:00.0 (17323832)|STATEMENT_EXECUTE|[10]
00:43:00.0 (17326831)|STATEMENT_EXECUTE|[11]
00:43:00.0 (17490148)|METHOD_ENTRY|[11]|01p0o00000GMOB6|TriggerHandle.onBeforeInsert(List<Student__c>)
00:43:00.0 (17530891)|VARIABLE_SCOPE_BEGIN|[7]|this|TriggerHandle|true|false
00:43:00.0 (17559383)|VARIABLE_ASSIGNMENT|[7]|this|{}|0x102ce76e
00:43:00.0 (17574067)|VARIABLE_SCOPE_BEGIN|[7]|newStudentList|List<Student__c>|true|false
00:43:00.0 (19096091)|VARIABLE_ASSIGNMENT|[7]|newStudentList|[{"AverageScore__c":9.33,"IsDeleted":false,"Score1__c":9.00,"Score2__c":10.00,"Birthday__c":"1998-01-01T00:00:00.000Z","Namel__c":"truong","Gender__c":true,"Score3__c":9.00,"Class__c":"a0H0o00000fJQDjEAO","State__c":"Passed","Name":"truong vy","Namef__c":"vy"}]|0x340de1fd
00:43:00.0 (19118518)|SYSTEM_MODE_ENTER|false
00:43:00.0 (19128613)|HEAP_ALLOCATE|[9]|Bytes:5
00:43:00.0 (19135716)|STATEMENT_EXECUTE|[8]
00:43:00.0 (19137622)|STATEMENT_EXECUTE|[9]
00:43:00.0 (19138959)|STATEMENT_EXECUTE|[10]
00:43:00.0 (19383203)|HEAP_ALLOCATE|[11]|Bytes:5
00:43:00.0 (19416480)|HEAP_ALLOCATE|[11]|Bytes:4
00:43:00.0 (19433645)|VARIABLE_SCOPE_BEGIN|[11]|s|Student__c|true|false
00:43:00.0 (19824463)|VARIABLE_ASSIGNMENT|[11]|s|{"AverageScore__c":9.33,"IsDeleted":false,"Score1__c":9.00,"Score2__c":10.00,"Birthday__c":"1998-01-01T00:00:00.000Z","Namel__c":"truong","Gender__c":true,"Score3__c":9.00,"Class__c":"a0H0o00000fJQDjEAO","State__c":"Passed","Name":"truong vy","Namef__c":"vy"}|0x411c7c41
00:43:00.0 (19846556)|STATEMENT_EXECUTE|[12]
00:43:00.0 (19894704)|STATEMENT_EXECUTE|[13]
00:43:00.0 (19920962)|STATEMENT_EXECUTE|[17]
00:43:00.0 (19943010)|STATEMENT_EXECUTE|[21]
00:43:00.0 (19967259)|STATEMENT_EXECUTE|[30]
00:43:00.0 (19969913)|STATEMENT_EXECUTE|[31]
00:43:00.0 (20033203)|HEAP_ALLOCATE|[31]|Bytes:4
00:43:00.0 (20088961)|VARIABLE_SCOPE_BEGIN|[31]|age|Integer|false|false
00:43:00.0 (20105738)|HEAP_ALLOCATE|[31]|Bytes:4
00:43:00.0 (20119564)|VARIABLE_ASSIGNMENT|[31]|age|-21
00:43:00.0 (20132204)|STATEMENT_EXECUTE|[32]
00:43:00.0 (20150423)|HEAP_ALLOCATE|[11]|Bytes:5
00:43:00.0 (20171434)|VARIABLE_ASSIGNMENT|[11]|s|null|
00:43:00.0 (20187307)|SYSTEM_MODE_EXIT|false
00:43:00.0 (20200823)|METHOD_EXIT|[11]|01p0o00000GMOB6|TriggerHandle.onBeforeInsert(List<Student__c>)
00:43:00.20 (20218194)|CUMULATIVE_LIMIT_USAGE
00:43:00.20 (20218194)|LIMIT_USAGE_FOR_NS|(default)|
  Number of SOQL queries: 0 out of 100
  Number of query rows: 0 out of 50000
  Number of SOSL queries: 0 out of 20
  Number of DML statements: 0 out of 150
  Number of DML rows: 0 out of 10000
  Maximum CPU time: 0 out of 10000
  Maximum heap size: 0 out of 6000000
  Number of callouts: 0 out of 100
  Number of Email Invocations: 0 out of 10
  Number of future calls: 0 out of 50
  Number of queueable jobs added to the queue: 0 out of 50
  Number of Mobile Apex push calls: 0 out of 10

00:43:00.20 (20218194)|CUMULATIVE_LIMIT_USAGE_END

00:43:00.0 (21747124)|CODE_UNIT_FINISHED|triggerStudent on Student trigger event BeforeInsert|__sfdc_trigger/triggerStudent
00:43:00.0 (57214986)|CODE_UNIT_STARTED|[EXTERNAL]|01q0o000000jKrN|triggerStudent on Student trigger event AfterInsert|__sfdc_trigger/triggerStudent
00:43:00.0 (57276547)|HEAP_ALLOCATE|[EXTERNAL]|Bytes:8
00:43:00.0 (57397387)|HEAP_ALLOCATE|[EXTERNAL]|Bytes:8
00:43:00.0 (57413335)|VARIABLE_SCOPE_BEGIN|[1]|this|triggerStudent|true|false
00:43:00.0 (57461252)|VARIABLE_ASSIGNMENT|[1]|this|{}|0x131d9482
00:43:00.0 (57512126)|HEAP_ALLOCATE|[EXTERNAL]|Bytes:8
00:43:00.0 (57520946)|VARIABLE_SCOPE_BEGIN|[1]|this|triggerStudent|true|false
00:43:00.0 (57542296)|VARIABLE_ASSIGNMENT|[1]|this|{}|0x131d9482
00:43:00.0 (57556833)|STATEMENT_EXECUTE|[1]
00:43:00.0 (57560350)|STATEMENT_EXECUTE|[3]
00:43:00.0 (57565947)|HEAP_ALLOCATE|[3]|Bytes:4
00:43:00.0 (57583789)|CONSTRUCTOR_ENTRY|[3]|01p0o00000GMOB6|<init>()|TriggerHandle
00:43:00.0 (57597685)|VARIABLE_SCOPE_BEGIN|[3]|this|TriggerHandle|true|false
00:43:00.0 (57616973)|VARIABLE_ASSIGNMENT|[3]|this|{}|0x38a79beb
00:43:00.0 (58031956)|SYSTEM_MODE_ENTER|false
00:43:00.0 (58048982)|HEAP_ALLOCATE|[EXTERNAL]|Bytes:5
00:43:00.0 (58058907)|STATEMENT_EXECUTE|[1]
00:43:00.0 (58070255)|HEAP_ALLOCATE|[EXTERNAL]|Bytes:5
00:43:00.0 (58102357)|STATEMENT_EXECUTE|[4]
00:43:00.0 (58107903)|SYSTEM_MODE_EXIT|false
00:43:00.0 (58121708)|CONSTRUCTOR_EXIT|[3]|01p0o00000GMOB6|<init>()|TriggerHandle
00:43:00.0 (58148532)|VARIABLE_ASSIGNMENT|[3]|this.handle|0x38a79beb|0x131d9482
00:43:00.0 (58164384)|STATEMENT_EXECUTE|[15]
00:43:00.0 (58173171)|STATEMENT_EXECUTE|[17]
00:43:00.0 (58175403)|STATEMENT_EXECUTE|[18]
00:43:00.0 (58235891)|METHOD_ENTRY|[18]|01p0o00000GMOB6|TriggerHandle.onAfterInsert(List<Student__c>)
00:43:00.0 (58277421)|VARIABLE_SCOPE_BEGIN|[44]|this|TriggerHandle|true|false
00:43:00.0 (58303109)|VARIABLE_ASSIGNMENT|[44]|this|{}|0x38a79beb
00:43:00.0 (58315488)|VARIABLE_SCOPE_BEGIN|[44]|newStudentList|List<Student__c>|true|false
00:43:00.0 (59038010)|VARIABLE_ASSIGNMENT|[44]|newStudentList|[{"LastModifiedDate":"2019-05-06T07:43:00.000Z","StudentId__c":"HS0036","IsDeleted":false,"Score1__c":9.00,"Score2__c":10.00,"Gender__c":true,"Score3__c":9.00,"Class__c":"a0H0o00000fJQDjEAO","Name":"truong vy","SystemModstamp":"2019-05-06T07:43:00.000Z","AverageScore__c":9.33,"CreatedById":"0050o00000WkyGGAAZ","Birthday__c":"1998-01-01T00:00:00.000Z","Namel__c":"truong","CreatedDate":"2019-05-06T07:43:00.000Z","Id":"a0I0o000013dxAoEAI","LastModifiedById":"0050o00000WkyGGAAZ","State__c":"Passed","Namef__c":"vy"}]|0x79bc92b6
00:43:00.0 (59078364)|SYSTEM_MODE_ENTER|false
00:43:00.0 (59090636)|HEAP_ALLOCATE|[46]|Bytes:5
00:43:00.0 (59098317)|STATEMENT_EXECUTE|[45]
00:43:00.0 (59100912)|STATEMENT_EXECUTE|[46]
00:43:00.0 (59105156)|STATEMENT_EXECUTE|[47]
00:43:00.0 (59107317)|STATEMENT_EXECUTE|[48]
00:43:00.0 (59124601)|METHOD_ENTRY|[48]|01p0o00000GMOB6|TriggerHandle.executeNOStudentsUpdate(List<Student__c>)
00:43:00.0 (59162541)|VARIABLE_SCOPE_BEGIN|[129]|this|TriggerHandle|true|false
00:43:00.0 (59188027)|VARIABLE_ASSIGNMENT|[129]|this|{}|0x38a79beb
00:43:00.0 (59201204)|VARIABLE_SCOPE_BEGIN|[129]|studentList|List<Student__c>|true|false
00:43:00.0 (59457983)|VARIABLE_ASSIGNMENT|[129]|studentList|[{"LastModifiedDate":"2019-05-06T07:43:00.000Z","StudentId__c":"HS0036","IsDeleted":false,"Score1__c":9.00,"Score2__c":10.00,"Gender__c":true,"Score3__c":9.00,"Class__c":"a0H0o00000fJQDjEAO","Name":"truong vy","SystemModstamp":"2019-05-06T07:43:00.000Z","AverageScore__c":9.33,"CreatedById":"0050o00000WkyGGAAZ","Birthday__c":"1998-01-01T00:00:00.000Z","Namel__c":"truong","CreatedDate":"2019-05-06T07:43:00.000Z","Id":"a0I0o000013dxAoEAI","LastModifiedById":"0050o00000WkyGGAAZ","State__c":"Passed","Namef__c":"vy"}]|0x79bc92b6
00:43:00.0 (59487408)|HEAP_ALLOCATE|[131]|Bytes:5
00:43:00.0 (59495763)|STATEMENT_EXECUTE|[130]
00:43:00.0 (59498518)|STATEMENT_EXECUTE|[131]
00:43:00.0 (59521720)|HEAP_ALLOCATE|[131]|Bytes:4
00:43:00.0 (59539767)|VARIABLE_SCOPE_BEGIN|[131]|classIDMap|Map<Id,Integer>|true|false
00:43:00.0 (59568290)|VARIABLE_ASSIGNMENT|[131]|classIDMap|{}|0x2060b70
00:43:00.0 (59640565)|HEAP_ALLOCATE|[134]|Bytes:5
00:43:00.0 (59669404)|VARIABLE_SCOPE_BEGIN|[134]|s|Student__c|true|false
00:43:00.0 (59880768)|VARIABLE_ASSIGNMENT|[134]|s|{"LastModifiedDate":"2019-05-06T07:43:00.000Z","StudentId__c":"HS0036","IsDeleted":false,"Score1__c":9.00,"Score2__c":10.00,"Gender__c":true,"Score3__c":9.00,"Class__c":"a0H0o00000fJQDjEAO","Name":"truong vy","SystemModstamp":"2019-05-06T07:43:00.000Z","AverageScore__c":9.33,"CreatedById":"0050o00000WkyGGAAZ","Birthday__c":"1998-01-01T00:00:00.000Z","Namel__c":"truong","CreatedDate":"2019-05-06T07:43:00.000Z","Id":"a0I0o000013dxAoEAI","LastModifiedById":"0050o00000WkyGGAAZ","State__c":"Passed","Namef__c":"vy"}|0x60054a54
00:43:00.0 (59901776)|STATEMENT_EXECUTE|[135]
00:43:00.0 (60017688)|STATEMENT_EXECUTE|[141]
00:43:00.0 (60021636)|STATEMENT_EXECUTE|[142]
00:43:00.0 (60056455)|HEAP_ALLOCATE|[142]|Bytes:4
00:43:00.0 (60078093)|HEAP_ALLOCATE|[EXTERNAL]|Bytes:-4
00:43:00.0 (60102478)|HEAP_ALLOCATE|[134]|Bytes:5
00:43:00.0 (60120507)|VARIABLE_ASSIGNMENT|[134]|s|null|
00:43:00.0 (60131561)|STATEMENT_EXECUTE|[146]
00:43:00.0 (60136769)|HEAP_ALLOCATE|[146]|Bytes:44
00:43:00.0 (60160014)|HEAP_ALLOCATE|[146]|Bytes:4
00:43:00.0 (60472070)|SOQL_EXECUTE_BEGIN|[146]|Aggregations:0|SELECT id, NumberOfStudents__c FROM Class__c
00:43:00.0 (63788851)|SOQL_EXECUTE_END|[146]|Rows:2
00:43:00.0 (63827274)|HEAP_ALLOCATE|[146]|Bytes:12
00:43:00.0 (63854691)|HEAP_ALLOCATE|[146]|Bytes:176
00:43:00.0 (63954181)|HEAP_ALLOCATE|[146]|Bytes:12
00:43:00.0 (63974633)|VARIABLE_SCOPE_BEGIN|[146]|classList|List<Class__c>|true|false
00:43:00.0 (64020728)|VARIABLE_ASSIGNMENT|[146]|classList|[{"Id":"a0H0o00000fJQDjEAO","NumberOfStudents__c":0},{"Id":"a0H0o00000fJQDkEAO","NumberOfStudents__c":0}]|0x1c5a4123
00:43:00.0 (64242109)|HEAP_ALLOCATE|[148]|Bytes:5
00:43:00.0 (64266263)|HEAP_ALLOCATE|[148]|Bytes:12
00:43:00.0 (64278878)|VARIABLE_SCOPE_BEGIN|[148]|c|Class__c|true|false
00:43:00.0 (64305217)|VARIABLE_ASSIGNMENT|[148]|c|{"Id":"a0H0o00000fJQDjEAO","NumberOfStudents__c":0}|0x3ae26021
00:43:00.0 (64317790)|STATEMENT_EXECUTE|[149]
00:43:00.0 (64415898)|STATEMENT_EXECUTE|[151]
00:43:00.0 (64419235)|STATEMENT_EXECUTE|[152]
00:43:00.0 (64486722)|HEAP_ALLOCATE|[152]|Bytes:28
00:43:00.0 (64494474)|HEAP_ALLOCATE|[152]|Bytes:28
00:43:00.0 (64580300)|VARIABLE_ASSIGNMENT|[152]|this.NumberOfStudents__c|0|0x3ae26021
00:43:00.0 (64590782)|STATEMENT_EXECUTE|[153]
00:43:00.0 (64636578)|HEAP_ALLOCATE|[153]|Bytes:8
00:43:00.0 (64666284)|DML_BEGIN|[153]|Op:Update|Type:Class__c|Rows:1
00:43:00.0 (64706270)|HEAP_ALLOCATE|[EXTERNAL]|Bytes:8
00:43:00.0 (83276524)|DML_END|[153]
00:43:00.0 (83304208)|STATEMENT_EXECUTE|[155]
00:43:00.0 (83431240)|HEAP_ALLOCATE|[148]|Bytes:5
00:43:00.0 (83466291)|HEAP_ALLOCATE|[148]|Bytes:12
00:43:00.0 (83484783)|VARIABLE_SCOPE_BEGIN|[148]|c|Class__c|true|false
00:43:00.0 (83536847)|VARIABLE_ASSIGNMENT|[148]|c|{"Id":"a0H0o00000fJQDkEAO","NumberOfStudents__c":0}|0x4f2d5472
00:43:00.0 (83552197)|STATEMENT_EXECUTE|[149]
00:43:00.0 (83579135)|STATEMENT_EXECUTE|[150]
00:43:00.0 (83592748)|HEAP_ALLOCATE|[148]|Bytes:5
00:43:00.0 (83613279)|VARIABLE_ASSIGNMENT|[148]|c|null|
00:43:00.0 (83637184)|METHOD_EXIT|[48]|01p0o00000GMOB6|TriggerHandle.executeNOStudentsUpdate(List<Student__c>)
00:43:00.0 (83648195)|STATEMENT_EXECUTE|[49]
00:43:00.0 (83689231)|METHOD_ENTRY|[49]|01p0o00000GMOB6|TriggerHandle.executeNOFAPStudentsUpdate(List<Student__c>)
00:43:00.0 (83738242)|VARIABLE_SCOPE_BEGIN|[74]|this|TriggerHandle|true|false
00:43:00.0 (83775337)|VARIABLE_ASSIGNMENT|[74]|this|{}|0x38a79beb
00:43:00.0 (83790697)|VARIABLE_SCOPE_BEGIN|[74]|studentList|List<Student__c>|true|false
00:43:00.0 (84136452)|VARIABLE_ASSIGNMENT|[74]|studentList|[{"LastModifiedDate":"2019-05-06T07:43:00.000Z","StudentId__c":"HS0036","IsDeleted":false,"Score1__c":9.00,"Score2__c":10.00,"Gender__c":true,"Score3__c":9.00,"Class__c":"a0H0o00000fJQDjEAO","Name":"truong vy","SystemModstamp":"2019-05-06T07:43:00.000Z","AverageScore__c":9.33,"CreatedById":"0050o00000WkyGGAAZ","Birthday__c":"1998-01-01T00:00:00.000Z","Namel__c":"truong","CreatedDate":"2019-05-06T07:43:00.000Z","Id":"a0I0o000013dxAoEAI","LastModifiedById":"0050o00000WkyGGAAZ","State__c":"Passed","Namef__c":"vy"}]|0x79bc92b6
00:43:00.0 (84171856)|HEAP_ALLOCATE|[76]|Bytes:5
00:43:00.0 (84182710)|STATEMENT_EXECUTE|[75]
00:43:00.0 (84185324)|STATEMENT_EXECUTE|[76]
00:43:00.0 (84210232)|HEAP_ALLOCATE|[76]|Bytes:4
00:43:00.0 (84228880)|VARIABLE_SCOPE_BEGIN|[76]|classIDMapWithPassedStudents|Map<Id,Integer>|true|false
00:43:00.0 (84258659)|VARIABLE_ASSIGNMENT|[76]|classIDMapWithPassedStudents|{}|0x12a01f7e
00:43:00.0 (84272856)|STATEMENT_EXECUTE|[77]
00:43:00.0 (84286689)|HEAP_ALLOCATE|[77]|Bytes:4
00:43:00.0 (84298883)|VARIABLE_SCOPE_BEGIN|[77]|classIDMapWithFaliedStudents|Map<Id,Integer>|true|false
00:43:00.0 (84322618)|VARIABLE_ASSIGNMENT|[77]|classIDMapWithFaliedStudents|{}|0x353c27f8
00:43:00.0 (84382738)|HEAP_ALLOCATE|[80]|Bytes:5
00:43:00.0 (84413765)|VARIABLE_SCOPE_BEGIN|[80]|s|Student__c|true|false
00:43:00.0 (84680703)|VARIABLE_ASSIGNMENT|[80]|s|{"LastModifiedDate":"2019-05-06T07:43:00.000Z","StudentId__c":"HS0036","IsDeleted":false,"Score1__c":9.00,"Score2__c":10.00,"Gender__c":true,"Score3__c":9.00,"Class__c":"a0H0o00000fJQDjEAO","Name":"truong vy","SystemModstamp":"2019-05-06T07:43:00.000Z","AverageScore__c":9.33,"CreatedById":"0050o00000WkyGGAAZ","Birthday__c":"1998-01-01T00:00:00.000Z","Namel__c":"truong","CreatedDate":"2019-05-06T07:43:00.000Z","Id":"a0I0o000013dxAoEAI","LastModifiedById":"0050o00000WkyGGAAZ","State__c":"Passed","Namef__c":"vy"}|0x60054a54
00:43:00.0 (84707621)|STATEMENT_EXECUTE|[81]
00:43:00.0 (84778136)|HEAP_ALLOCATE|[83]|Bytes:6
00:43:00.0 (84859561)|STATEMENT_EXECUTE|[84]
00:43:00.0 (84904180)|STATEMENT_EXECUTE|[90]
00:43:00.0 (84907181)|STATEMENT_EXECUTE|[91]
00:43:00.0 (84941328)|HEAP_ALLOCATE|[91]|Bytes:4
00:43:00.0 (84955582)|HEAP_ALLOCATE|[EXTERNAL]|Bytes:-4
00:43:00.0 (84979922)|HEAP_ALLOCATE|[80]|Bytes:5
00:43:00.0 (85001857)|VARIABLE_ASSIGNMENT|[80]|s|null|
00:43:00.0 (85012110)|STATEMENT_EXECUTE|[107]
00:43:00.0 (85018888)|HEAP_ALLOCATE|[107]|Bytes:77
00:43:00.0 (85041352)|HEAP_ALLOCATE|[107]|Bytes:4
00:43:00.0 (85378003)|SOQL_EXECUTE_BEGIN|[107]|Aggregations:0|SELECT id, NumberOfFailedStudents__c, NumberOfPassedStudents__c FROM Class__c
00:43:00.0 (88077624)|SOQL_EXECUTE_END|[107]|Rows:2
00:43:00.0 (88131814)|HEAP_ALLOCATE|[107]|Bytes:12
00:43:00.0 (88159065)|HEAP_ALLOCATE|[107]|Bytes:318
00:43:00.0 (88215554)|HEAP_ALLOCATE|[107]|Bytes:12
00:43:00.0 (88239376)|VARIABLE_SCOPE_BEGIN|[107]|classList|List<Class__c>|true|false
00:43:00.0 (88291066)|VARIABLE_ASSIGNMENT|[107]|classList|[{"Id":"a0H0o00000fJQDjEAO","NumberOfFailedStudents__c":0,"NumberOfPassedStudents__c":0},{"Id":"a0H0o00000fJQDkEAO","NumberOfFailedStudents__c":0,"NumberOfPassedStudents__c":0}]|0x5e480d27
00:43:00.0 (88378390)|HEAP_ALLOCATE|[109]|Bytes:5
00:43:00.0 (88398661)|HEAP_ALLOCATE|[109]|Bytes:16
00:43:00.0 (88410813)|VARIABLE_SCOPE_BEGIN|[109]|c|Class__c|true|false
00:43:00.0 (88437609)|VARIABLE_ASSIGNMENT|[109]|c|{"Id":"a0H0o00000fJQDjEAO","NumberOfFailedStudents__c":0,"NumberOfPassedStudents__c":0}|0x98637f8
00:43:00.0 (88450344)|STATEMENT_EXECUTE|[110]
00:43:00.0 (88513724)|STATEMENT_EXECUTE|[112]
00:43:00.0 (88538420)|STATEMENT_EXECUTE|[120]
00:43:00.0 (88540730)|STATEMENT_EXECUTE|[121]
00:43:00.0 (88582889)|HEAP_ALLOCATE|[121]|Bytes:28
00:43:00.0 (88590597)|HEAP_ALLOCATE|[121]|Bytes:28
00:43:00.0 (88669454)|VARIABLE_ASSIGNMENT|[121]|this.NumberOfPassedStudents__c|0|0x98637f8
00:43:00.0 (88681429)|STATEMENT_EXECUTE|[122]
00:43:00.0 (88720261)|HEAP_ALLOCATE|[122]|Bytes:8
00:43:00.0 (88738407)|DML_BEGIN|[122]|Op:Update|Type:Class__c|Rows:1
00:43:00.0 (88775378)|HEAP_ALLOCATE|[EXTERNAL]|Bytes:8
00:43:00.0 (99547218)|DML_END|[122]
00:43:00.0 (99607228)|STATEMENT_EXECUTE|[123]
00:43:00.0 (99758564)|HEAP_ALLOCATE|[109]|Bytes:5
00:43:00.0 (99803401)|HEAP_ALLOCATE|[109]|Bytes:16
00:43:00.0 (99825421)|VARIABLE_SCOPE_BEGIN|[109]|c|Class__c|true|false
00:43:00.0 (99883549)|VARIABLE_ASSIGNMENT|[109]|c|{"Id":"a0H0o00000fJQDkEAO","NumberOfFailedStudents__c":0,"NumberOfPassedStudents__c":0}|0x51510c08
00:43:00.0 (99900393)|STATEMENT_EXECUTE|[110]
00:43:00.0 (99933146)|STATEMENT_EXECUTE|[112]
00:43:00.0 (99949944)|STATEMENT_EXECUTE|[119]
00:43:00.0 (99964881)|HEAP_ALLOCATE|[109]|Bytes:5
00:43:00.0 (99989690)|VARIABLE_ASSIGNMENT|[109]|c|null|
00:43:00.0 (100021273)|METHOD_EXIT|[49]|01p0o00000GMOB6|TriggerHandle.executeNOFAPStudentsUpdate(List<Student__c>)
00:43:00.0 (100039322)|SYSTEM_MODE_EXIT|false
00:43:00.0 (100056313)|METHOD_EXIT|[18]|01p0o00000GMOB6|TriggerHandle.onAfterInsert(List<Student__c>)
00:43:00.100 (100085989)|CUMULATIVE_LIMIT_USAGE
00:43:00.100 (100085989)|LIMIT_USAGE_FOR_NS|(default)|
  Number of SOQL queries: 2 out of 100
  Number of query rows: 4 out of 50000
  Number of SOSL queries: 0 out of 20
  Number of DML statements: 2 out of 150
  Number of DML rows: 2 out of 10000
  Maximum CPU time: 0 out of 10000
  Maximum heap size: 0 out of 6000000
  Number of callouts: 0 out of 100
  Number of Email Invocations: 0 out of 10
  Number of future calls: 0 out of 50
  Number of queueable jobs added to the queue: 0 out of 50
  Number of Mobile Apex push calls: 0 out of 10

00:43:00.100 (100085989)|CUMULATIVE_LIMIT_USAGE_END

00:43:00.0 (101760018)|CODE_UNIT_FINISHED|triggerStudent on Student trigger event AfterInsert|__sfdc_trigger/triggerStudent
00:43:00.0 (162168823)|CODE_UNIT_FINISHED|TRIGGERS
00:43:00.0 (162184157)|EXECUTION_FINISHED
