36.0 APEX_CODE,FINEST;APEX_PROFILING,INFO;CALLOUT,INFO;DB,INFO;NBA,INFO;SYSTEM,DEBUG;VALIDATION,INFO;VISUALFORCE,INFO;WAVE,INFO;WORKFLOW,INFO
00:16:50.0 (425112)|USER_INFO|[EXTERNAL]|0050o00000WkyGG|ttvy@keizu.co.jp|Pacific Standard Time|GMT-07:00
00:16:50.0 (458800)|EXECUTION_STARTED
00:16:50.0 (463869)|CODE_UNIT_STARTED|[EXTERNAL]|0660o000008sEYc|VF: /apex/MainPage
00:16:50.0 (954469)|VF_DESERIALIZE_VIEWSTATE_BEGIN|0660o000008sEYc
00:16:50.0 (56663055)|HEAP_ALLOCATE|[72]|Bytes:3
00:16:50.0 (56702084)|HEAP_ALLOCATE|[77]|Bytes:152
00:16:50.0 (56714209)|HEAP_ALLOCATE|[342]|Bytes:408
00:16:50.0 (56726229)|HEAP_ALLOCATE|[355]|Bytes:408
00:16:50.0 (56737745)|HEAP_ALLOCATE|[467]|Bytes:48
00:16:50.0 (56762012)|HEAP_ALLOCATE|[139]|Bytes:6
00:16:50.0 (56798361)|HEAP_ALLOCATE|[50]|Bytes:5
00:16:50.0 (56818280)|HEAP_ALLOCATE|[56]|Bytes:5
00:16:50.0 (56826899)|HEAP_ALLOCATE|[64]|Bytes:7
00:16:50.0 (59818259)|VF_DESERIALIZE_VIEWSTATE_END
00:16:50.0 (61133617)|SYSTEM_MODE_ENTER|true
00:16:50.0 (61178142)|HEAP_ALLOCATE|[EXTERNAL]|Bytes:19
00:16:50.0 (61192790)|HEAP_ALLOCATE|[EXTERNAL]|Bytes:280
00:16:50.0 (61199431)|HEAP_ALLOCATE|[EXTERNAL]|Bytes:52
00:16:50.0 (61205640)|HEAP_ALLOCATE|[EXTERNAL]|Bytes:10
00:16:50.0 (61222521)|METHOD_ENTRY|[1]|01p0o00000GLKhZ|Controller.Controller()
00:16:50.0 (61231147)|STATEMENT_EXECUTE|[1]
00:16:50.0 (61236614)|STATEMENT_EXECUTE|[1]
00:16:50.0 (61247375)|SYSTEM_MODE_ENTER|false
00:16:50.0 (61261716)|HEAP_ALLOCATE|[EXTERNAL]|Bytes:5
00:16:50.0 (61268804)|STATEMENT_EXECUTE|[16]
00:16:50.0 (61271071)|STATEMENT_EXECUTE|[32]
00:16:50.0 (61276737)|SYSTEM_MODE_EXIT|false
00:16:50.0 (61288584)|METHOD_EXIT|[1]|Controller
00:16:50.0 (61369457)|HEAP_ALLOCATE|[EXTERNAL]|Bytes:184
00:16:50.0 (61379796)|HEAP_ALLOCATE|[EXTERNAL]|Bytes:17
00:16:50.63 (63983570)|SYSTEM_MODE_ENTER|true
00:16:50.63 (64057925)|HEAP_ALLOCATE|[EXTERNAL]|Bytes:38
00:16:50.63 (64068394)|HEAP_ALLOCATE|[EXTERNAL]|Bytes:7
00:16:50.64 (64831989)|SYSTEM_MODE_ENTER|true
00:16:50.64 (64891832)|HEAP_ALLOCATE|[EXTERNAL]|Bytes:8
00:16:50.64 (64900105)|VARIABLE_SCOPE_BEGIN|[88]|this|ApexPage.PageMessagesComponentController|true|false
00:16:50.64 (64930402)|VARIABLE_ASSIGNMENT|[88]|this|{}|0x14386a52
00:16:50.64 (64937517)|VARIABLE_SCOPE_BEGIN|[88]|escape|Boolean|false|false
00:16:50.64 (64946052)|VARIABLE_ASSIGNMENT|[88]|escape|null
00:16:50.0 (65079556)|SYSTEM_MODE_ENTER|true
00:16:50.0 (65547438)|SYSTEM_MODE_ENTER|true
00:16:50.0 (65685218)|SYSTEM_MODE_ENTER|true
00:16:50.0 (65965368)|HEAP_ALLOCATE|[EXTERNAL]|Bytes:40
00:16:50.0 (65975248)|VARIABLE_SCOPE_BEGIN|[54]|this|Controller|true|false
00:16:50.0 (66026577)|VARIABLE_ASSIGNMENT|[54]|this|{"objKeySearch":"0x6511df07","student":"0x4f348e4f"}|0x56ffa308
00:16:50.0 (66043025)|SYSTEM_MODE_ENTER|false
00:16:50.0 (66050077)|HEAP_ALLOCATE|[55]|Bytes:5
00:16:50.0 (66055409)|STATEMENT_EXECUTE|[54]
00:16:50.0 (66057340)|STATEMENT_EXECUTE|[55]
00:16:50.0 (66067994)|HEAP_ALLOCATE|[55]|Bytes:4
00:16:50.0 (66098895)|VARIABLE_SCOPE_BEGIN|[55]|options|List<System.SelectOption>|true|false
00:16:50.0 (66122896)|HEAP_ALLOCATE|[EXTERNAL]|Bytes:4
00:16:50.0 (66133879)|VARIABLE_ASSIGNMENT|[55]|options|[]|0x1c27352b
00:16:50.0 (66140200)|STATEMENT_EXECUTE|[56]
00:16:50.0 (66143749)|HEAP_ALLOCATE|[56]|Bytes:33
00:16:50.0 (66158331)|HEAP_ALLOCATE|[56]|Bytes:4
00:16:50.0 (66329824)|SOQL_EXECUTE_BEGIN|[56]|Aggregations:0|SELECT className__C FROM Class__c
00:16:50.0 (68660761)|SOQL_EXECUTE_END|[56]|Rows:2
00:16:50.0 (68684894)|HEAP_ALLOCATE|[56]|Bytes:12
00:16:50.0 (68701334)|HEAP_ALLOCATE|[56]|Bytes:101
00:16:50.0 (68769116)|HEAP_ALLOCATE|[56]|Bytes:12
00:16:50.0 (68785480)|VARIABLE_SCOPE_BEGIN|[56]|data|List<Class__c>|true|false
00:16:50.0 (68816206)|VARIABLE_ASSIGNMENT|[56]|data|[{"className__c":"Math","Id":"a0H0o00000fJQOvEAO"},{"className__c":"English","Id":"a0H0o00000fJQOwEAO"}]|0x1561397a
00:16:50.0 (68990531)|HEAP_ALLOCATE|[57]|Bytes:5
00:16:50.0 (69015482)|HEAP_ALLOCATE|[57]|Bytes:12
00:16:50.0 (69025142)|VARIABLE_SCOPE_BEGIN|[57]|c|Class__c|true|false
00:16:50.0 (69042036)|VARIABLE_ASSIGNMENT|[57]|c|{"className__c":"Math","Id":"a0H0o00000fJQOvEAO"}|0x5b3e923b
00:16:50.0 (69049103)|STATEMENT_EXECUTE|[57]
00:16:50.0 (69051384)|STATEMENT_EXECUTE|[58]
00:16:50.0 (69060442)|HEAP_ALLOCATE|[58]|Bytes:12
00:16:50.0 (69144057)|HEAP_ALLOCATE|[58]|Bytes:4
00:16:50.0 (69182923)|HEAP_ALLOCATE|[58]|Bytes:4
00:16:50.0 (69231602)|HEAP_ALLOCATE|[EXTERNAL]|Bytes:4
00:16:50.0 (69247125)|HEAP_ALLOCATE|[57]|Bytes:5
00:16:50.0 (69258358)|HEAP_ALLOCATE|[57]|Bytes:12
00:16:50.0 (69265277)|VARIABLE_SCOPE_BEGIN|[57]|c|Class__c|true|false
00:16:50.0 (69282569)|VARIABLE_ASSIGNMENT|[57]|c|{"className__c":"English","Id":"a0H0o00000fJQOwEAO"}|0x4b6a736a
00:16:50.0 (69288909)|STATEMENT_EXECUTE|[57]
00:16:50.0 (69290945)|STATEMENT_EXECUTE|[58]
00:16:50.0 (69325435)|HEAP_ALLOCATE|[58]|Bytes:7
00:16:50.0 (69355839)|HEAP_ALLOCATE|[58]|Bytes:7
00:16:50.0 (69373050)|HEAP_ALLOCATE|[EXTERNAL]|Bytes:4
00:16:50.0 (69384831)|HEAP_ALLOCATE|[57]|Bytes:5
00:16:50.0 (69396390)|VARIABLE_ASSIGNMENT|[57]|c|null|
00:16:50.0 (69401622)|STATEMENT_EXECUTE|[61]
00:16:50.0 (69406003)|SYSTEM_MODE_EXIT|false
00:16:50.0 (70422699)|HEAP_ALLOCATE|[EXTERNAL]|Bytes:5
00:16:50.0 (70436324)|HEAP_ALLOCATE|[EXTERNAL]|Bytes:24
00:16:50.0 (70453880)|VARIABLE_ASSIGNMENT|[EXTERNAL]|this.increasing|false|0x6511df07
00:16:50.0 (70502607)|HEAP_ALLOCATE|[EXTERNAL]|Bytes:7
00:16:50.0 (70507820)|HEAP_ALLOCATE|[EXTERNAL]|Bytes:24
00:16:50.0 (70516550)|VARIABLE_ASSIGNMENT|[EXTERNAL]|this.className|"English"|0x6511df07
00:16:50.70 (70933646)|SYSTEM_MODE_ENTER|true
00:16:50.70 (71003137)|HEAP_ALLOCATE|[EXTERNAL]|Bytes:8
00:16:50.70 (71013659)|VARIABLE_SCOPE_BEGIN|[88]|this|ApexPage.PageMessagesComponentController|true|false
00:16:50.70 (71042272)|VARIABLE_ASSIGNMENT|[88]|this|{}|0x14386a52
00:16:50.70 (71049292)|VARIABLE_SCOPE_BEGIN|[88]|escape|Boolean|false|false
00:16:50.70 (71057447)|VARIABLE_ASSIGNMENT|[88]|escape|null
00:16:50.0 (71279613)|HEAP_ALLOCATE|[EXTERNAL]|Bytes:40
00:16:50.0 (71290386)|VARIABLE_SCOPE_BEGIN|[161]|this|Controller|true|false
00:16:50.0 (71325468)|VARIABLE_ASSIGNMENT|[161]|this|{"objKeySearch":"0x6511df07","student":"0x4f348e4f"}|0x56ffa308
00:16:50.0 (71340409)|SYSTEM_MODE_ENTER|false
00:16:50.0 (71347534)|HEAP_ALLOCATE|[162]|Bytes:5
00:16:50.0 (71352501)|STATEMENT_EXECUTE|[161]
00:16:50.0 (71354437)|STATEMENT_EXECUTE|[162]
00:16:50.0 (71355841)|STATEMENT_EXECUTE|[162]
00:16:50.0 (71400310)|VARIABLE_ASSIGNMENT|[EXTERNAL]|this|{"objKeySearch":"0x6511df07","student":"0x4f348e4f"}|0x56ffa308
00:16:50.0 (71443164)|VARIABLE_ASSIGNMENT|[EXTERNAL]|this|{"className":"English","increasing":false,"objStudentFrom":"0x287bae47","objStudentTo":"0x185a1501","studentName":"0x52d910d3"}|0x6511df07
00:16:50.0 (71518976)|STATEMENT_EXECUTE|[163]
00:16:50.0 (71522056)|STATEMENT_EXECUTE|[167]
00:16:50.0 (71555751)|METHOD_ENTRY|[167]|01p0o00000GLKhZ|Controller.getStudent()
00:16:50.0 (71576310)|VARIABLE_SCOPE_BEGIN|[64]|this|Controller|true|false
00:16:50.0 (71601973)|VARIABLE_ASSIGNMENT|[64]|this|{"objKeySearch":"0x6511df07","student":"0x4f348e4f"}|0x56ffa308
00:16:50.0 (71615396)|HEAP_ALLOCATE|[65]|Bytes:5
00:16:50.0 (71620366)|STATEMENT_EXECUTE|[64]
00:16:50.0 (71622180)|STATEMENT_EXECUTE|[65]
00:16:50.0 (71625249)|HEAP_ALLOCATE|[65]|Bytes:274
00:16:50.0 (71644735)|HEAP_ALLOCATE|[65]|Bytes:4
00:16:50.0 (71656887)|HEAP_ALLOCATE|[65]|Bytes:7
00:16:50.0 (71700891)|VARIABLE_ASSIGNMENT|[EXTERNAL]|this|{"objKeySearch":"0x6511df07","student":"0x4f348e4f"}|0x56ffa308
00:16:50.0 (71735610)|VARIABLE_ASSIGNMENT|[EXTERNAL]|this|{"className":"English","increasing":false,"objStudentFrom":"0x287bae47","objStudentTo":"0x185a1501","studentName":"0x52d910d3"}|0x6511df07
00:16:50.0 (71761140)|HEAP_ALLOCATE|[65]|Bytes:7
00:16:50.0 (71797779)|VARIABLE_ASSIGNMENT|[EXTERNAL]|this|{"objKeySearch":"0x6511df07","student":"0x4f348e4f"}|0x56ffa308
00:16:50.0 (71842555)|VARIABLE_ASSIGNMENT|[EXTERNAL]|this|{"className":"English","increasing":false,"objStudentFrom":"0x287bae47","objStudentTo":"0x185a1501","studentName":"0x52d910d3"}|0x6511df07
00:16:50.0 (71859716)|HEAP_ALLOCATE|[65]|Bytes:7
00:16:50.0 (71887964)|VARIABLE_ASSIGNMENT|[EXTERNAL]|this|{"objKeySearch":"0x6511df07","student":"0x4f348e4f"}|0x56ffa308
00:16:50.0 (71918177)|VARIABLE_ASSIGNMENT|[EXTERNAL]|this|{"className":"English","increasing":false,"objStudentFrom":"0x287bae47","objStudentTo":"0x185a1501","studentName":"0x52d910d3"}|0x6511df07
00:16:50.0 (71933061)|HEAP_ALLOCATE|[65]|Bytes:7
00:16:50.0 (71958591)|VARIABLE_ASSIGNMENT|[EXTERNAL]|this|{"objKeySearch":"0x6511df07","student":"0x4f348e4f"}|0x56ffa308
00:16:50.0 (71988840)|VARIABLE_ASSIGNMENT|[EXTERNAL]|this|{"className":"English","increasing":false,"objStudentFrom":"0x287bae47","objStudentTo":"0x185a1501","studentName":"0x52d910d3"}|0x6511df07
00:16:50.0 (72679062)|SOQL_EXECUTE_BEGIN|[65]|Aggregations:0|SELECT Namef__c, Namel__c, Birthday__c, Gender__c, Score1__c, Score2__c, Score3__c, AverageScore__c, State__c, StudentId__c FROM Student__c WHERE (Name LIKE :tmpVar1 OR Class__r.Name LIKE :tmpVar2 OR (Student__c.Birthday__c > :tmpVar3 AND Student__c.Birthday__c < :tmpVar4))
00:16:50.0 (79853921)|SOQL_EXECUTE_END|[65]|Rows:2
00:16:50.0 (79883583)|HEAP_ALLOCATE|[65]|Bytes:12
00:16:50.0 (79914613)|HEAP_ALLOCATE|[65]|Bytes:726
00:16:50.0 (79968073)|HEAP_ALLOCATE|[65]|Bytes:12
00:16:50.0 (79986450)|VARIABLE_SCOPE_BEGIN|[65]|studentGetList|List<Student__c>|true|false
00:16:50.0 (80079315)|VARIABLE_ASSIGNMENT|[65]|studentGetList|[{"Namef__c":"b","Namel__c":"b","Birthday__c":"2010-05-21T00:00:00.000Z","Gender__c":true,"Score1__c":2.00,"Score2__c":2.00,"Score3__c":2.00,"AverageScore__c":2.00,"State__c":"Failed","StudentId__c":"HS0076","Class__c":"a0H0o00000fJQOvEAO","Id":"a0I0o000013e10MEAQ"},{"Namef__c":"a","Namel__c":"a","Birthday__c":"2003-05-08T00:00:00.000Z","Gender__c":false,"Score1__c":1.00,"Score2__c":1.00,"Score3__c":1.00,"AverageScore__c":1.00,"State__c":"Failed","StudentId__c":"HS0075","Class__c":"a0H0o00000fJQOvEAO","Id":"a0I0o000013e10HEAQ"}]|0x1409e5ce
00:16:50.0 (80102109)|STATEMENT_EXECUTE|[80]
00:16:50.0 (80116311)|HEAP_ALLOCATE|[80]|Bytes:4
00:16:50.0 (80203949)|VARIABLE_SCOPE_BEGIN|[80]|result|List<Controller.Output>|true|false
00:16:50.0 (80225374)|HEAP_ALLOCATE|[EXTERNAL]|Bytes:4
00:16:50.0 (80235210)|VARIABLE_ASSIGNMENT|[80]|result|[]|0x39360919
00:16:50.0 (80393125)|HEAP_ALLOCATE|[81]|Bytes:5
00:16:50.0 (80412477)|HEAP_ALLOCATE|[81]|Bytes:52
00:16:50.0 (80421441)|VARIABLE_SCOPE_BEGIN|[81]|s|Student__c|true|false
00:16:50.0 (80454541)|VARIABLE_ASSIGNMENT|[81]|s|{"Namef__c":"b","Namel__c":"b","Birthday__c":"2010-05-21T00:00:00.000Z","Gender__c":true,"Score1__c":2.00,"Score2__c":2.00,"Score3__c":2.00,"AverageScore__c":2.00,"State__c":"Failed","StudentId__c":"HS0076","Class__c":"a0H0o00000fJQOvEAO","Id":"a0I0o000013e10MEAQ"}|0x2100e9ac
00:16:50.0 (80463582)|STATEMENT_EXECUTE|[81]
00:16:50.0 (80465473)|STATEMENT_EXECUTE|[82]
00:16:50.0 (80532281)|HEAP_ALLOCATE|[82]|Bytes:120
00:16:50.0 (80549284)|HEAP_ALLOCATE|[82]|Bytes:11
00:16:50.0 (80568251)|HEAP_ALLOCATE|[82]|Bytes:12
00:16:50.0 (80592048)|CONSTRUCTOR_ENTRY|[82]|01p0o00000GLKhZ|<init>(Student__c)|Controller.Output
00:16:50.0 (80621914)|VARIABLE_SCOPE_BEGIN|[35]|this|Controller.Output|true|false
00:16:50.0 (80663894)|VARIABLE_ASSIGNMENT|[35]|this|{}|0x317e8a8b
00:16:50.0 (80672272)|VARIABLE_SCOPE_BEGIN|[35]|s|Student__c|true|false
00:16:50.0 (80701705)|VARIABLE_ASSIGNMENT|[35]|s|{"Namef__c":"b","Namel__c":"b","Birthday__c":"2010-05-21T00:00:00.000Z","Gender__c":true,"Score1__c":2.00,"Score2__c":2.00,"Score3__c":2.00,"AverageScore__c":2.00,"State__c":"Failed","StudentId__c":"HS0076","Class__c":"a0H0o00000fJQOvEAO","Id":"a0I0o000013e10MEAQ"}|0x2100e9ac
00:16:50.0 (80712112)|STATEMENT_EXECUTE|[32]
00:16:50.0 (80713944)|STATEMENT_EXECUTE|[33]
00:16:50.0 (80715551)|STATEMENT_EXECUTE|[34]
00:16:50.0 (80722612)|HEAP_ALLOCATE|[36]|Bytes:6
00:16:50.0 (80773505)|STATEMENT_EXECUTE|[35]
00:16:50.0 (80775523)|STATEMENT_EXECUTE|[36]
00:16:50.0 (80840603)|VARIABLE_ASSIGNMENT|[EXTERNAL]|this|{}|0x317e8a8b
00:16:50.0 (80869956)|VARIABLE_ASSIGNMENT|[EXTERNAL]|value|{"Namef__c":"b","Namel__c":"b","Birthday__c":"2010-05-21T00:00:00.000Z","Gender__c":true,"Score1__c":2.00,"Score2__c":2.00,"Score3__c":2.00,"AverageScore__c":2.00,"State__c":"Failed","StudentId__c":"HS0076","Class__c":"a0H0o00000fJQOvEAO","Id":"a0I0o000013e10MEAQ"}|0x2100e9ac
00:16:50.0 (80911371)|VARIABLE_ASSIGNMENT|[33]|this.student|{"Namef__c":"b","Namel__c":"b","Birthday__c":"2010-05-21T00:00:00.000Z","Gender__c":true,"Score1__c":2.00,"Score2__c":2.00,"Score3__c":2.00,"AverageScore__c":2.00,"State__c":"Failed","StudentId__c":"HS0076","Class__c":"a0H0o00000fJQOvEAO","Id":"a0I0o000013e10MEAQ"}|0x317e8a8b
00:16:50.0 (80925253)|STATEMENT_EXECUTE|[37]
00:16:50.0 (80959763)|VARIABLE_ASSIGNMENT|[EXTERNAL]|this|{"student":"0x2100e9ac"}|0x317e8a8b
00:16:50.0 (80972280)|VARIABLE_ASSIGNMENT|[EXTERNAL]|value|false
00:16:50.0 (80979409)|HEAP_ALLOCATE|[34]|Bytes:5
00:16:50.0 (80986769)|VARIABLE_ASSIGNMENT|[34]|this.isSelected|false|0x317e8a8b
00:16:50.0 (81000754)|CONSTRUCTOR_EXIT|[82]|01p0o00000GLKhZ|<init>(Student__c)|Controller.Output
00:16:50.0 (81017752)|HEAP_ALLOCATE|[EXTERNAL]|Bytes:4
00:16:50.0 (81032523)|HEAP_ALLOCATE|[81]|Bytes:5
00:16:50.0 (81046290)|HEAP_ALLOCATE|[81]|Bytes:52
00:16:50.0 (81056906)|VARIABLE_SCOPE_BEGIN|[81]|s|Student__c|true|false
00:16:50.0 (81097170)|VARIABLE_ASSIGNMENT|[81]|s|{"Namef__c":"a","Namel__c":"a","Birthday__c":"2003-05-08T00:00:00.000Z","Gender__c":false,"Score1__c":1.00,"Score2__c":1.00,"Score3__c":1.00,"AverageScore__c":1.00,"State__c":"Failed","StudentId__c":"HS0075","Class__c":"a0H0o00000fJQOvEAO","Id":"a0I0o000013e10HEAQ"}|0xba8c0bb
00:16:50.0 (81111364)|STATEMENT_EXECUTE|[81]
00:16:50.0 (81113813)|STATEMENT_EXECUTE|[82]
00:16:50.0 (81119784)|HEAP_ALLOCATE|[82]|Bytes:12
00:16:50.0 (81131805)|CONSTRUCTOR_ENTRY|[82]|01p0o00000GLKhZ|<init>(Student__c)|Controller.Output
00:16:50.0 (81142917)|VARIABLE_SCOPE_BEGIN|[35]|this|Controller.Output|true|false
00:16:50.0 (81164779)|VARIABLE_ASSIGNMENT|[35]|this|{}|0x2057d594
00:16:50.0 (81171687)|VARIABLE_SCOPE_BEGIN|[35]|s|Student__c|true|false
00:16:50.0 (81195650)|VARIABLE_ASSIGNMENT|[35]|s|{"Namef__c":"a","Namel__c":"a","Birthday__c":"2003-05-08T00:00:00.000Z","Gender__c":false,"Score1__c":1.00,"Score2__c":1.00,"Score3__c":1.00,"AverageScore__c":1.00,"State__c":"Failed","StudentId__c":"HS0075","Class__c":"a0H0o00000fJQOvEAO","Id":"a0I0o000013e10HEAQ"}|0xba8c0bb
00:16:50.0 (81204519)|STATEMENT_EXECUTE|[32]
00:16:50.0 (81206114)|STATEMENT_EXECUTE|[33]
00:16:50.0 (81207550)|STATEMENT_EXECUTE|[34]
00:16:50.0 (81218849)|STATEMENT_EXECUTE|[35]
00:16:50.0 (81220821)|STATEMENT_EXECUTE|[36]
00:16:50.0 (81233530)|VARIABLE_ASSIGNMENT|[EXTERNAL]|this|{}|0x2057d594
00:16:50.0 (81256725)|VARIABLE_ASSIGNMENT|[EXTERNAL]|value|{"Namef__c":"a","Namel__c":"a","Birthday__c":"2003-05-08T00:00:00.000Z","Gender__c":false,"Score1__c":1.00,"Score2__c":1.00,"Score3__c":1.00,"AverageScore__c":1.00,"State__c":"Failed","StudentId__c":"HS0075","Class__c":"a0H0o00000fJQOvEAO","Id":"a0I0o000013e10HEAQ"}|0xba8c0bb
00:16:50.0 (81282720)|VARIABLE_ASSIGNMENT|[33]|this.student|{"Namef__c":"a","Namel__c":"a","Birthday__c":"2003-05-08T00:00:00.000Z","Gender__c":false,"Score1__c":1.00,"Score2__c":1.00,"Score3__c":1.00,"AverageScore__c":1.00,"State__c":"Failed","StudentId__c":"HS0075","Class__c":"a0H0o00000fJQOvEAO","Id":"a0I0o000013e10HEAQ"}|0x2057d594
00:16:50.0 (81293889)|STATEMENT_EXECUTE|[37]
00:16:50.0 (81307666)|VARIABLE_ASSIGNMENT|[EXTERNAL]|this|{"student":"0xba8c0bb"}|0x2057d594
00:16:50.0 (81317726)|VARIABLE_ASSIGNMENT|[EXTERNAL]|value|false
00:16:50.0 (81322826)|HEAP_ALLOCATE|[34]|Bytes:5
00:16:50.0 (81330048)|VARIABLE_ASSIGNMENT|[34]|this.isSelected|false|0x2057d594
00:16:50.0 (81342106)|CONSTRUCTOR_EXIT|[82]|01p0o00000GLKhZ|<init>(Student__c)|Controller.Output
00:16:50.0 (81353129)|HEAP_ALLOCATE|[EXTERNAL]|Bytes:4
00:16:50.0 (81364571)|HEAP_ALLOCATE|[81]|Bytes:5
00:16:50.0 (81375374)|VARIABLE_ASSIGNMENT|[81]|s|null|
00:16:50.0 (81380877)|STATEMENT_EXECUTE|[84]
00:16:50.0 (81417551)|VARIABLE_ASSIGNMENT|[EXTERNAL]|this|{"objKeySearch":"0x6511df07","student":"0x4f348e4f"}|0x56ffa308
00:16:50.0 (81457756)|VARIABLE_ASSIGNMENT|[EXTERNAL]|this|{"className":"English","increasing":false,"objStudentFrom":"0x287bae47","objStudentTo":"0x185a1501","studentName":"0x52d910d3"}|0x6511df07
00:16:50.0 (81483858)|METHOD_ENTRY|[84]|01p0o00000GLKhZ|Controller.sort(List<Controller.Output>, Boolean)
00:16:50.0 (81491251)|VARIABLE_SCOPE_BEGIN|[87]|this|Controller|true|false
00:16:50.0 (81512788)|VARIABLE_ASSIGNMENT|[87]|this|{"objKeySearch":"0x6511df07","student":"0x4f348e4f"}|0x56ffa308
00:16:50.0 (81519342)|VARIABLE_SCOPE_BEGIN|[87]|l|List<Controller.Output>|true|false
00:16:50.0 (81547606)|VARIABLE_ASSIGNMENT|[87]|l|[{"isSelected":false,"student":"0x2100e9ac"},{"isSelected":false,"student":"0xba8c0bb"}]|0x39360919
00:16:50.0 (81555036)|VARIABLE_SCOPE_BEGIN|[87]|increasing|Boolean|false|false
00:16:50.0 (81563211)|VARIABLE_ASSIGNMENT|[87]|increasing|false
00:16:50.0 (81574711)|HEAP_ALLOCATE|[88]|Bytes:5
00:16:50.0 (81579317)|STATEMENT_EXECUTE|[87]
00:16:50.0 (81580872)|STATEMENT_EXECUTE|[88]
00:16:50.0 (81590883)|HEAP_ALLOCATE|[88]|Bytes:4
00:16:50.0 (81610827)|VARIABLE_SCOPE_BEGIN|[88]|result|List<Controller.Output>|true|false
00:16:50.0 (81628958)|HEAP_ALLOCATE|[EXTERNAL]|Bytes:4
00:16:50.0 (81636371)|VARIABLE_ASSIGNMENT|[88]|result|[]|0x573dc0a0
00:16:50.0 (81642149)|STATEMENT_EXECUTE|[89]
00:16:50.0 (81683292)|USER_DEBUG|[89]|DEBUG|2
00:16:50.0 (81694171)|STATEMENT_EXECUTE|[103]
00:16:50.0 (81711043)|STATEMENT_EXECUTE|[104]
00:16:50.0 (81712815)|STATEMENT_EXECUTE|[105]
00:16:50.0 (81734728)|HEAP_ALLOCATE|[105]|Bytes:12
00:16:50.0 (81762796)|VARIABLE_ASSIGNMENT|[EXTERNAL]|this|{"isSelected":false,"student":"0x2100e9ac"}|0x317e8a8b
00:16:50.0 (81816869)|VARIABLE_SCOPE_BEGIN|[105]|min|String|false|false
00:16:50.0 (81828961)|VARIABLE_ASSIGNMENT|[105]|min|"b"
00:16:50.0 (81833752)|STATEMENT_EXECUTE|[106]
00:16:50.0 (81838992)|HEAP_ALLOCATE|[106]|Bytes:12
00:16:50.0 (81848473)|CONSTRUCTOR_ENTRY|[106]|01p0o00000GLKhZ|<init>()|Controller.Output
00:16:50.0 (81865661)|VARIABLE_SCOPE_BEGIN|[39]|this|Controller.Output|true|false
00:16:50.0 (81880897)|VARIABLE_ASSIGNMENT|[39]|this|{}|0x60c6879
00:16:50.0 (81887432)|STATEMENT_EXECUTE|[32]
00:16:50.0 (81888946)|STATEMENT_EXECUTE|[33]
00:16:50.0 (81890358)|STATEMENT_EXECUTE|[34]
00:16:50.0 (81901472)|STATEMENT_EXECUTE|[39]
00:16:50.0 (81905056)|CONSTRUCTOR_EXIT|[106]|01p0o00000GLKhZ|<init>()|Controller.Output
00:16:50.0 (81912382)|VARIABLE_SCOPE_BEGIN|[106]|minObj|Controller.Output|true|false
00:16:50.0 (81925034)|VARIABLE_ASSIGNMENT|[106]|minObj|{}|0x60c6879
00:16:50.0 (82016273)|HEAP_ALLOCATE|[107]|Bytes:5
00:16:50.0 (82030231)|HEAP_ALLOCATE|[107]|Bytes:12
00:16:50.0 (82037524)|VARIABLE_SCOPE_BEGIN|[107]|o|Controller.Output|true|false
00:16:50.0 (82056174)|VARIABLE_ASSIGNMENT|[107]|o|{"isSelected":false,"student":"0x2100e9ac"}|0x317e8a8b
00:16:50.0 (82062795)|STATEMENT_EXECUTE|[107]
00:16:50.0 (82092289)|VARIABLE_ASSIGNMENT|[EXTERNAL]|this|{"isSelected":false,"student":"0x2100e9ac"}|0x317e8a8b
00:16:50.0 (82134350)|STATEMENT_EXECUTE|[108]
00:16:50.0 (82143010)|HEAP_ALLOCATE|[107]|Bytes:5
00:16:50.0 (82152224)|HEAP_ALLOCATE|[107]|Bytes:12
00:16:50.0 (82157559)|VARIABLE_SCOPE_BEGIN|[107]|o|Controller.Output|true|false
00:16:50.0 (82173670)|VARIABLE_ASSIGNMENT|[107]|o|{"isSelected":false,"student":"0xba8c0bb"}|0x2057d594
00:16:50.0 (82179969)|STATEMENT_EXECUTE|[107]
00:16:50.0 (82192907)|VARIABLE_ASSIGNMENT|[EXTERNAL]|this|{"isSelected":false,"student":"0xba8c0bb"}|0x2057d594
00:16:50.0 (82217610)|STATEMENT_EXECUTE|[108]
00:16:50.0 (82220334)|STATEMENT_EXECUTE|[109]
00:16:50.0 (82254393)|VARIABLE_ASSIGNMENT|[EXTERNAL]|this|{"isSelected":false,"student":"0xba8c0bb"}|0x2057d594
00:16:50.0 (82282940)|VARIABLE_ASSIGNMENT|[109]|min|"a"
00:16:50.0 (82288836)|STATEMENT_EXECUTE|[110]
00:16:50.0 (82294530)|HEAP_ALLOCATE|[110]|Bytes:12
00:16:50.0 (82322721)|VARIABLE_ASSIGNMENT|[EXTERNAL]|this|{"isSelected":false,"student":"0xba8c0bb"}|0x2057d594
00:16:50.0 (82337690)|CONSTRUCTOR_ENTRY|[110]|01p0o00000GLKhZ|<init>(Student__c)|Controller.Output
00:16:50.0 (82344985)|VARIABLE_SCOPE_BEGIN|[35]|this|Controller.Output|true|false
00:16:50.0 (82357604)|VARIABLE_ASSIGNMENT|[35]|this|{}|0x34fb0efb
00:16:50.0 (82363219)|VARIABLE_SCOPE_BEGIN|[35]|s|Student__c|true|false
00:16:50.0 (82392699)|VARIABLE_ASSIGNMENT|[35]|s|{"Namef__c":"a","Namel__c":"a","Birthday__c":"2003-05-08T00:00:00.000Z","Gender__c":false,"Score1__c":1.00,"Score2__c":1.00,"Score3__c":1.00,"AverageScore__c":1.00,"State__c":"Failed","StudentId__c":"HS0075","Class__c":"a0H0o00000fJQOvEAO","Id":"a0I0o000013e10HEAQ"}|0xba8c0bb
00:16:50.0 (82401571)|STATEMENT_EXECUTE|[32]
00:16:50.0 (82403244)|STATEMENT_EXECUTE|[33]
00:16:50.0 (82404779)|STATEMENT_EXECUTE|[34]
00:16:50.0 (82415718)|STATEMENT_EXECUTE|[35]
00:16:50.0 (82417209)|STATEMENT_EXECUTE|[36]
00:16:50.0 (82428675)|VARIABLE_ASSIGNMENT|[EXTERNAL]|this|{}|0x34fb0efb
00:16:50.0 (82453344)|VARIABLE_ASSIGNMENT|[EXTERNAL]|value|{"Namef__c":"a","Namel__c":"a","Birthday__c":"2003-05-08T00:00:00.000Z","Gender__c":false,"Score1__c":1.00,"Score2__c":1.00,"Score3__c":1.00,"AverageScore__c":1.00,"State__c":"Failed","StudentId__c":"HS0075","Class__c":"a0H0o00000fJQOvEAO","Id":"a0I0o000013e10HEAQ"}|0xba8c0bb
00:16:50.0 (82478739)|VARIABLE_ASSIGNMENT|[33]|this.student|{"Namef__c":"a","Namel__c":"a","Birthday__c":"2003-05-08T00:00:00.000Z","Gender__c":false,"Score1__c":1.00,"Score2__c":1.00,"Score3__c":1.00,"AverageScore__c":1.00,"State__c":"Failed","StudentId__c":"HS0075","Class__c":"a0H0o00000fJQOvEAO","Id":"a0I0o000013e10HEAQ"}|0x34fb0efb
00:16:50.0 (82489678)|STATEMENT_EXECUTE|[37]
00:16:50.0 (82503078)|VARIABLE_ASSIGNMENT|[EXTERNAL]|this|{"student":"0xba8c0bb"}|0x34fb0efb
00:16:50.0 (82513977)|VARIABLE_ASSIGNMENT|[EXTERNAL]|value|false
00:16:50.0 (82519744)|HEAP_ALLOCATE|[34]|Bytes:5
00:16:50.0 (82526357)|VARIABLE_ASSIGNMENT|[34]|this.isSelected|false|0x34fb0efb
00:16:50.0 (82546781)|CONSTRUCTOR_EXIT|[110]|01p0o00000GLKhZ|<init>(Student__c)|Controller.Output
00:16:50.0 (82564431)|VARIABLE_ASSIGNMENT|[110]|minObj|{"isSelected":false,"student":"0xba8c0bb"}|0x34fb0efb
00:16:50.0 (82578367)|HEAP_ALLOCATE|[107]|Bytes:5
00:16:50.0 (82589534)|VARIABLE_ASSIGNMENT|[107]|o|null|
00:16:50.0 (82594963)|STATEMENT_EXECUTE|[113]
00:16:50.0 (82619757)|HEAP_ALLOCATE|[EXTERNAL]|Bytes:4
00:16:50.0 (82627761)|STATEMENT_EXECUTE|[114]
00:16:50.0 (82786769)|VARIABLE_ASSIGNMENT|[EXTERNAL]|this|{"isSelected":false,"student":"0x2100e9ac"}|0x317e8a8b
00:16:50.0 (82802131)|VARIABLE_ASSIGNMENT|[EXTERNAL]|object|{"isSelected":false,"student":"0xba8c0bb"}
00:16:50.0 (82851586)|VARIABLE_ASSIGNMENT|[EXTERNAL]|this|{"isSelected":false,"student":"0xba8c0bb"}|0x2057d594
00:16:50.0 (82864504)|VARIABLE_ASSIGNMENT|[EXTERNAL]|object|{"isSelected":false,"student":"0xba8c0bb"}
00:16:50.0 (83096128)|HEAP_ALLOCATE|[114]|Bytes:32
00:16:50.0 (83123522)|METHOD_EXIT|[84]|01p0o00000GLKhZ|Controller.sort(List<Controller.Output>, Boolean)
00:16:50.0 (83133384)|METHOD_EXIT|[167]|01p0o00000GLKhZ|Controller.getStudent()
00:16:50.0 (83157643)|VARIABLE_SCOPE_BEGIN|[169]|ex|Exception|true|false
00:16:50.0 (83418923)|VARIABLE_ASSIGNMENT|[169]|ex|"common.apex.runtime.impl.ExecutionException: List index out of bounds: -1"|0x56706686
00:16:50.0 (83427750)|STATEMENT_EXECUTE|[169]
00:16:50.0 (83429745)|STATEMENT_EXECUTE|[170]
00:16:50.0 (83483782)|HEAP_ALLOCATE|[170]|Bytes:28
00:16:50.0 (83553899)|VF_PAGE_MESSAGE|List index out of bounds: -1
00:16:50.0 (83566132)|SYSTEM_MODE_EXIT|false
00:16:50.0 (87253068)|SYSTEM_MODE_ENTER|true
00:16:50.0 (87776330)|SYSTEM_MODE_ENTER|true
00:16:50.88 (88502408)|SYSTEM_MODE_ENTER|true
00:16:50.88 (88606504)|HEAP_ALLOCATE|[EXTERNAL]|Bytes:8
00:16:50.88 (88620682)|VARIABLE_SCOPE_BEGIN|[88]|this|ApexPage.PageMessagesComponentController|true|false
00:16:50.88 (88659453)|VARIABLE_ASSIGNMENT|[88]|this|{}|0x14386a52
00:16:50.88 (88669601)|VARIABLE_SCOPE_BEGIN|[88]|escape|Boolean|false|false
00:16:50.88 (88683178)|VARIABLE_ASSIGNMENT|[88]|escape|null
00:16:50.88 (88776716)|SYSTEM_MODE_ENTER|true
00:16:50.88 (88815890)|HEAP_ALLOCATE|[EXTERNAL]|Bytes:8
00:16:50.88 (88822457)|VARIABLE_SCOPE_BEGIN|[2]|this|ApexPage.PageMessagesComponentController|true|false
00:16:50.88 (88843944)|VARIABLE_ASSIGNMENT|[2]|this|{}|0x14386a52
00:16:50.90 (90004406)|SYSTEM_MODE_ENTER|true
00:16:50.90 (90052447)|HEAP_ALLOCATE|[EXTERNAL]|Bytes:8
00:16:50.90 (90067723)|VARIABLE_SCOPE_BEGIN|[84]|this|ApexPage.PageMessagesComponentController|true|false
00:16:50.90 (90092260)|VARIABLE_ASSIGNMENT|[84]|this|{}|0x14386a52
00:16:50.90 (90172917)|SYSTEM_MODE_ENTER|true
00:16:50.90 (90241147)|HEAP_ALLOCATE|[EXTERNAL]|Bytes:120
00:16:50.90 (90249915)|HEAP_ALLOCATE|[EXTERNAL]|Bytes:10
00:16:50.90 (90416910)|SYSTEM_MODE_ENTER|true
00:16:50.90 (90442826)|HEAP_ALLOCATE|[EXTERNAL]|Bytes:5
00:16:50.90 (90448515)|HEAP_ALLOCATE|[EXTERNAL]|Bytes:16
00:16:50.90 (90467059)|VARIABLE_ASSIGNMENT|[EXTERNAL]|this.conSeverity|"ERROR"|0x63bfdeac
00:16:50.90 (90526109)|SYSTEM_MODE_ENTER|true
00:16:50.90 (90551955)|HEAP_ALLOCATE|[EXTERNAL]|Bytes:8
00:16:50.90 (90556706)|HEAP_ALLOCATE|[EXTERNAL]|Bytes:16
00:16:50.90 (90567401)|VARIABLE_ASSIGNMENT|[EXTERNAL]|this.conStrength|2|0x63bfdeac
00:16:50.90 (90712752)|HEAP_ALLOCATE|[EXTERNAL]|Bytes:28
00:16:50.90 (90750941)|VARIABLE_ASSIGNMENT|[EXTERNAL]|this|{"messages":"0x7179c329","severity":"ERROR"}|0x5a8cc395
00:16:50.0 (90949209)|SYSTEM_MODE_ENTER|true
00:16:50.0 (92883574)|SYSTEM_MODE_ENTER|true
00:16:50.0 (92948075)|HEAP_ALLOCATE|[EXTERNAL]|Bytes:40
00:16:50.0 (92960623)|VARIABLE_SCOPE_BEGIN|[54]|this|Controller|true|false
00:16:50.0 (93018571)|VARIABLE_ASSIGNMENT|[54]|this|{"objKeySearch":"0x6511df07","student":"0x4f348e4f"}|0x56ffa308
00:16:50.0 (93044090)|SYSTEM_MODE_ENTER|false
00:16:50.0 (93055515)|HEAP_ALLOCATE|[55]|Bytes:5
00:16:50.0 (93063277)|STATEMENT_EXECUTE|[54]
00:16:50.0 (93066165)|STATEMENT_EXECUTE|[55]
00:16:50.0 (93082896)|HEAP_ALLOCATE|[55]|Bytes:4
00:16:50.0 (93103402)|VARIABLE_SCOPE_BEGIN|[55]|options|List<System.SelectOption>|true|false
00:16:50.0 (93131925)|HEAP_ALLOCATE|[EXTERNAL]|Bytes:4
00:16:50.0 (93143869)|VARIABLE_ASSIGNMENT|[55]|options|[]|0x56e318b7
00:16:50.0 (93149984)|STATEMENT_EXECUTE|[56]
00:16:50.0 (93162440)|HEAP_ALLOCATE|[56]|Bytes:4
00:16:50.0 (93305164)|SOQL_EXECUTE_BEGIN|[56]|Aggregations:0|SELECT className__C FROM Class__c
00:16:50.0 (95061344)|SOQL_EXECUTE_END|[56]|Rows:2
00:16:50.0 (95083777)|HEAP_ALLOCATE|[56]|Bytes:12
00:16:50.0 (95100057)|HEAP_ALLOCATE|[56]|Bytes:101
00:16:50.0 (95126930)|HEAP_ALLOCATE|[56]|Bytes:12
00:16:50.0 (95140473)|VARIABLE_SCOPE_BEGIN|[56]|data|List<Class__c>|true|false
00:16:50.0 (95171418)|VARIABLE_ASSIGNMENT|[56]|data|[{"className__c":"Math","Id":"a0H0o00000fJQOvEAO"},{"className__c":"English","Id":"a0H0o00000fJQOwEAO"}]|0x3f06bab7
00:16:50.0 (95203507)|HEAP_ALLOCATE|[57]|Bytes:5
00:16:50.0 (95218094)|HEAP_ALLOCATE|[57]|Bytes:12
00:16:50.0 (95225905)|VARIABLE_SCOPE_BEGIN|[57]|c|Class__c|true|false
00:16:50.0 (95240454)|VARIABLE_ASSIGNMENT|[57]|c|{"className__c":"Math","Id":"a0H0o00000fJQOvEAO"}|0x450b5085
00:16:50.0 (95246915)|STATEMENT_EXECUTE|[57]
00:16:50.0 (95248976)|STATEMENT_EXECUTE|[58]
00:16:50.0 (95305997)|HEAP_ALLOCATE|[58]|Bytes:4
00:16:50.0 (95342855)|HEAP_ALLOCATE|[58]|Bytes:4
00:16:50.0 (95368241)|HEAP_ALLOCATE|[EXTERNAL]|Bytes:4
00:16:50.0 (95381921)|HEAP_ALLOCATE|[57]|Bytes:5
00:16:50.0 (95392606)|HEAP_ALLOCATE|[57]|Bytes:12
00:16:50.0 (95398946)|VARIABLE_SCOPE_BEGIN|[57]|c|Class__c|true|false
00:16:50.0 (95415096)|VARIABLE_ASSIGNMENT|[57]|c|{"className__c":"English","Id":"a0H0o00000fJQOwEAO"}|0x60baa4fe
00:16:50.0 (95421201)|STATEMENT_EXECUTE|[57]
00:16:50.0 (95423145)|STATEMENT_EXECUTE|[58]
00:16:50.0 (95454097)|HEAP_ALLOCATE|[58]|Bytes:7
00:16:50.0 (95482797)|HEAP_ALLOCATE|[58]|Bytes:7
00:16:50.0 (95499918)|HEAP_ALLOCATE|[EXTERNAL]|Bytes:4
00:16:50.0 (95512129)|HEAP_ALLOCATE|[57]|Bytes:5
00:16:50.0 (95524025)|VARIABLE_ASSIGNMENT|[57]|c|null|
00:16:50.0 (95529141)|STATEMENT_EXECUTE|[61]
00:16:50.0 (95533177)|SYSTEM_MODE_EXIT|false
00:16:50.96 (96805318)|SYSTEM_MODE_ENTER|true
00:16:50.96 (96876418)|HEAP_ALLOCATE|[EXTERNAL]|Bytes:8
00:16:50.96 (96885609)|VARIABLE_SCOPE_BEGIN|[88]|this|ApexPage.PageMessagesComponentController|true|false
00:16:50.96 (96914447)|VARIABLE_ASSIGNMENT|[88]|this|{}|0x14386a52
00:16:50.96 (96921071)|VARIABLE_SCOPE_BEGIN|[88]|escape|Boolean|false|false
00:16:50.96 (96929028)|VARIABLE_ASSIGNMENT|[88]|escape|null
00:16:50.97 (97045962)|SYSTEM_MODE_ENTER|true
00:16:50.97 (97083379)|HEAP_ALLOCATE|[EXTERNAL]|Bytes:8
00:16:50.97 (97090060)|VARIABLE_SCOPE_BEGIN|[2]|this|ApexPage.PageMessagesComponentController|true|false
00:16:50.97 (97109789)|VARIABLE_ASSIGNMENT|[2]|this|{}|0x14386a52
00:16:50.97 (97913476)|SYSTEM_MODE_ENTER|true
00:16:50.97 (97959010)|HEAP_ALLOCATE|[EXTERNAL]|Bytes:8
00:16:50.97 (97967749)|VARIABLE_SCOPE_BEGIN|[84]|this|ApexPage.PageMessagesComponentController|true|false
00:16:50.97 (97990186)|VARIABLE_ASSIGNMENT|[84]|this|{}|0x14386a52
00:16:50.98 (98064552)|SYSTEM_MODE_ENTER|true
00:16:50.98 (98114377)|HEAP_ALLOCATE|[EXTERNAL]|Bytes:16
00:16:50.98 (98121195)|HEAP_ALLOCATE|[EXTERNAL]|Bytes:5
00:16:50.98 (98126457)|VARIABLE_SCOPE_BEGIN|[9]|this|ApexPage.pagemessagecomponentcontroller|true|false
00:16:50.98 (98158644)|VARIABLE_ASSIGNMENT|[9]|this|{"conSeverity":"ERROR","conStrength":2,"escape":true}|0x63bfdeac
00:16:50.98 (98166073)|VARIABLE_SCOPE_BEGIN|[9]|escape|Boolean|false|false
00:16:50.98 (98174015)|VARIABLE_ASSIGNMENT|[9]|escape|true
00:16:50.98 (98277706)|SYSTEM_MODE_ENTER|true
00:16:50.98 (98303489)|HEAP_ALLOCATE|[EXTERNAL]|Bytes:5
00:16:50.98 (98308735)|HEAP_ALLOCATE|[EXTERNAL]|Bytes:16
00:16:50.98 (98320710)|VARIABLE_ASSIGNMENT|[EXTERNAL]|this.conSeverity|"ERROR"|0x63bfdeac
00:16:50.98 (98365501)|SYSTEM_MODE_ENTER|true
00:16:50.98 (98383288)|HEAP_ALLOCATE|[EXTERNAL]|Bytes:8
00:16:50.98 (98387350)|HEAP_ALLOCATE|[EXTERNAL]|Bytes:16
00:16:50.98 (98396552)|VARIABLE_ASSIGNMENT|[EXTERNAL]|this.conStrength|2|0x63bfdeac
00:16:50.98 (98549815)|SYSTEM_MODE_ENTER|true
00:16:50.98 (98592949)|HEAP_ALLOCATE|[EXTERNAL]|Bytes:16
00:16:50.98 (98609092)|VARIABLE_SCOPE_BEGIN|[13]|this|ApexPage.pagemessagecomponentcontroller|true|false
00:16:50.98 (98641604)|VARIABLE_ASSIGNMENT|[13]|this|{"conSeverity":"ERROR","conStrength":2,"escape":true}|0x63bfdeac
00:16:50.99 (99128894)|HEAP_ALLOCATE|[EXTERNAL]|Bytes:28
00:16:50.99 (99143819)|VARIABLE_SCOPE_BEGIN|[38]|this|ApexPage.PageMessagesComponentController.severityMessages|true|false
00:16:50.99 (99177522)|VARIABLE_ASSIGNMENT|[38]|this|{"messages":"0xad69d35","severity":"ERROR"}|0x20eea090
00:16:50.99 (99403905)|SYSTEM_MODE_ENTER|true
00:16:50.99 (99450971)|HEAP_ALLOCATE|[EXTERNAL]|Bytes:16
00:16:50.99 (99458566)|VARIABLE_SCOPE_BEGIN|[5]|this|ApexPage.pagemessagecomponentcontroller|true|false
00:16:50.99 (99486133)|VARIABLE_ASSIGNMENT|[5]|this|{"conSeverity":"ERROR","conStrength":2,"escape":true}|0x63bfdeac
00:16:50.99 (99621868)|HEAP_ALLOCATE|[EXTERNAL]|Bytes:28
00:16:50.99 (99653576)|VARIABLE_ASSIGNMENT|[EXTERNAL]|this|{"messages":"0xad69d35","severity":"ERROR"}|0x20eea090
00:16:50.99 (99763551)|HEAP_ALLOCATE|[EXTERNAL]|Bytes:28
00:16:50.99 (99793255)|VARIABLE_ASSIGNMENT|[EXTERNAL]|this|{"messages":"0xad69d35","severity":"ERROR"}|0x20eea090
00:16:50.0 (101008197)|SYSTEM_MODE_ENTER|true
00:16:50.0 (103614730)|VF_SERIALIZE_VIEWSTATE_BEGIN|0660o000008sEYc
00:16:50.0 (121891473)|VF_SERIALIZE_VIEWSTATE_END
00:16:50.0 (126479197)|CODE_UNIT_STARTED|[EXTERNAL]|Generate Metadata
00:16:50.0 (127703230)|CODE_UNIT_FINISHED|Generate Metadata
00:16:50.130 (130406829)|CUMULATIVE_LIMIT_USAGE
00:16:50.130 (130406829)|LIMIT_USAGE_FOR_NS|(default)|
  Number of SOQL queries: 3 out of 100
  Number of query rows: 6 out of 50000
  Number of SOSL queries: 0 out of 20
  Number of DML statements: 0 out of 150
  Number of DML rows: 0 out of 10000
  Maximum CPU time: 0 out of 10000
  Maximum heap size: 0 out of 6000000
  Number of callouts: 0 out of 100
  Number of Email Invocations: 0 out of 10
  Number of future calls: 0 out of 50
  Number of queueable jobs added to the queue: 0 out of 50
  Number of Mobile Apex push calls: 0 out of 10

00:16:50.130 (130406829)|CUMULATIVE_LIMIT_USAGE_END

00:16:50.0 (130471936)|CODE_UNIT_FINISHED|VF: /apex/MainPage
00:16:50.0 (131215811)|EXECUTION_FINISHED
