36.0 APEX_CODE,FINEST;APEX_PROFILING,INFO;CALLOUT,INFO;DB,INFO;NBA,INFO;SYSTEM,DEBUG;VALIDATION,INFO;VISUALFORCE,INFO;WAVE,INFO;WORKFLOW,INFO
15:10:08.0 (436325)|USER_INFO|[EXTERNAL]|0050o00000WkyGG|ttvy@keizu.co.jp|Indochina Time|GMT+07:00
15:10:08.0 (475198)|EXECUTION_STARTED
15:10:08.0 (480268)|CODE_UNIT_STARTED|[EXTERNAL]|01p0o00000GMW5U|ImportDataPatch
15:10:08.0 (40570072)|HEAP_ALLOCATE|[72]|Bytes:3
15:10:08.0 (40656074)|HEAP_ALLOCATE|[77]|Bytes:152
15:10:08.0 (40768354)|HEAP_ALLOCATE|[342]|Bytes:408
15:10:08.0 (40799882)|HEAP_ALLOCATE|[355]|Bytes:408
15:10:08.0 (40849086)|HEAP_ALLOCATE|[467]|Bytes:48
15:10:08.0 (40892941)|HEAP_ALLOCATE|[139]|Bytes:6
15:10:08.0 (40930942)|HEAP_ALLOCATE|[EXTERNAL]|Bytes:3
15:10:08.0 (40949644)|SYSTEM_METHOD_ENTRY|[1]|SchedulableContextImpl.SchedulableContextImpl()
15:10:08.0 (40958416)|STATEMENT_EXECUTE|[1]
15:10:08.0 (41048361)|SYSTEM_METHOD_EXIT|[1]|SchedulableContextImpl
15:10:08.0 (41064156)|HEAP_ALLOCATE|[EXTERNAL]|Bytes:8
15:10:08.0 (41071573)|HEAP_ALLOCATE|[EXTERNAL]|Bytes:4
15:10:08.0 (41081064)|VARIABLE_SCOPE_BEGIN|[4]|this|System.SchedulableContextImpl|true|false
15:10:08.0 (41146114)|VARIABLE_ASSIGNMENT|[4]|this|{}|0x4fdd773
15:10:08.0 (41159280)|VARIABLE_SCOPE_BEGIN|[4]|triggerId|Id|false|false
15:10:08.0 (41325350)|VARIABLE_ASSIGNMENT|[4]|triggerId|"08e0o00002eIBphAAG"
15:10:08.0 (41921402)|HEAP_ALLOCATE|[EXTERNAL]|Bytes:1
15:10:08.0 (41934531)|HEAP_ALLOCATE|[EXTERNAL]|Bytes:2
15:10:08.0 (41944123)|METHOD_ENTRY|[1]|01p0o00000GMW5U|ImportDataScheduleBatch.ImportDataScheduleBatch()
15:10:08.0 (41953233)|STATEMENT_EXECUTE|[1]
15:10:08.0 (41956417)|STATEMENT_EXECUTE|[1]
15:10:08.0 (41960034)|METHOD_EXIT|[1]|ImportDataScheduleBatch
15:10:08.0 (41970105)|HEAP_ALLOCATE|[EXTERNAL]|Bytes:8
15:10:08.0 (41975234)|HEAP_ALLOCATE|[EXTERNAL]|Bytes:8
15:10:08.0 (41980424)|VARIABLE_SCOPE_BEGIN|[3]|this|ImportDataScheduleBatch|true|false
15:10:08.0 (42011308)|VARIABLE_ASSIGNMENT|[3]|this|{}|0x10f125db
15:10:08.0 (42021806)|VARIABLE_SCOPE_BEGIN|[3]|context|System.SchedulableContext|true|false
15:10:08.0 (42077786)|VARIABLE_ASSIGNMENT|[3]|context|{"triggerId":"08e0o00002eIBphAAG"}|0x4fdd773
15:10:08.0 (42088940)|STATEMENT_EXECUTE|[3]
15:10:08.0 (42091791)|STATEMENT_EXECUTE|[4]
15:10:08.0 (42093330)|STATEMENT_EXECUTE|[4]
15:10:08.0 (42094842)|STATEMENT_EXECUTE|[5]
15:10:08.0 (47003484)|HEAP_ALLOCATE|[5]|Bytes:75
15:10:08.0 (47028854)|HEAP_ALLOCATE|[5]|Bytes:9
15:10:08.0 (47057695)|METHOD_ENTRY|[1]|01p0o00000GMVtN|ImportDataPatch.ImportDataPatch()
15:10:08.0 (47070396)|STATEMENT_EXECUTE|[1]
15:10:08.0 (47077494)|STATEMENT_EXECUTE|[1]
15:10:08.0 (47103626)|METHOD_EXIT|[1]|ImportDataPatch
15:10:08.0 (47130431)|HEAP_ALLOCATE|[5]|Bytes:4
15:10:08.0 (47173848)|CONSTRUCTOR_ENTRY|[5]|01p0o00000GMVtN|<init>()|ImportDataPatch
15:10:08.0 (47235410)|VARIABLE_SCOPE_BEGIN|[3]|this|ImportDataPatch|true|false
15:10:08.0 (47291000)|VARIABLE_ASSIGNMENT|[3]|this|{}|0x105395ed
15:10:08.0 (47304030)|STATEMENT_EXECUTE|[1]
15:10:08.0 (47330609)|STATEMENT_EXECUTE|[3]
15:10:08.0 (47344311)|CONSTRUCTOR_EXIT|[5]|01p0o00000GMVtN|<init>()|ImportDataPatch
15:10:08.0 (47356621)|VARIABLE_SCOPE_BEGIN|[5]|importDataBatch|ImportDataPatch|true|false
15:10:08.0 (47379092)|VARIABLE_ASSIGNMENT|[5]|importDataBatch|{}|0x105395ed
15:10:08.0 (47388791)|STATEMENT_EXECUTE|[6]
15:10:08.0 (47413153)|HEAP_ALLOCATE|[50]|Bytes:5
15:10:08.0 (47441890)|HEAP_ALLOCATE|[56]|Bytes:5
15:10:08.0 (47456896)|HEAP_ALLOCATE|[64]|Bytes:7
15:10:08.0 (112851436)|STATEMENT_EXECUTE|[8]
15:10:08.0 (112935875)|HEAP_ALLOCATE|[8]|Bytes:56
15:10:08.0 (112986072)|HEAP_ALLOCATE|[8]|Bytes:56
15:10:08.0 (113026556)|VARIABLE_SCOPE_BEGIN|[8]|runtime|Datetime|false|false
15:10:08.0 (113093020)|VARIABLE_ASSIGNMENT|[8]|runtime|"2019-06-11T09:10:08.454Z"
15:10:08.0 (113134502)|HEAP_ALLOCATE|[9]|Bytes:56
15:10:08.0 (113171825)|STATEMENT_EXECUTE|[9]
15:10:08.0 (113175254)|STATEMENT_EXECUTE|[10]
15:10:08.0 (113188782)|VARIABLE_SCOPE_BEGIN|[10]|next|Datetime|false|false
15:10:08.0 (113220220)|VARIABLE_ASSIGNMENT|[10]|next|"2019-06-11T09:10:08.454Z"
15:10:08.0 (113229816)|STATEMENT_EXECUTE|[11]
15:10:08.0 (113309450)|HEAP_ALLOCATE|[11]|Bytes:1
15:10:08.0 (113330414)|HEAP_ALLOCATE|[11]|Bytes:1
15:10:08.0 (113367656)|HEAP_ALLOCATE|[11]|Bytes:2
15:10:08.0 (113383795)|HEAP_ALLOCATE|[11]|Bytes:5
15:10:08.0 (113401539)|HEAP_ALLOCATE|[11]|Bytes:9
15:10:08.0 (113411207)|VARIABLE_SCOPE_BEGIN|[11]|cron|String|false|false
15:10:08.0 (113432950)|VARIABLE_ASSIGNMENT|[11]|cron|"8 10* * *"
15:10:08.0 (113441542)|STATEMENT_EXECUTE|[13]
15:10:08.0 (113447355)|HEAP_ALLOCATE|[13]|Bytes:15
15:10:08.0 (113462087)|HEAP_ALLOCATE|[13]|Bytes:8
15:10:08.0 (113487690)|CONSTRUCTOR_ENTRY|[13]|01p0o00000GMW5U|<init>()|ImportDataScheduleBatch
15:10:08.0 (113529502)|VARIABLE_SCOPE_BEGIN|[1]|this|ImportDataScheduleBatch|true|false
15:10:08.0 (113574699)|VARIABLE_ASSIGNMENT|[1]|this|{}|0x3967ad92
15:10:08.0 (113612614)|STATEMENT_EXECUTE|[1]
15:10:08.0 (113615841)|STATEMENT_EXECUTE|[2]
15:10:08.0 (113630910)|VARIABLE_ASSIGNMENT|[2]|this.runtime|null|0x3967ad92
15:10:08.0 (113651612)|CONSTRUCTOR_EXIT|[13]|01p0o00000GMW5U|<init>()|ImportDataScheduleBatch
15:10:08.0 (118594794)|EXCEPTION_THROWN|[13]|System.AsyncException: The Apex job named "ImportDataPatch" is already scheduled for execution.
15:10:08.0 (118744084)|HEAP_ALLOCATE|[13]|Bytes:76
15:10:08.0 (118828319)|VARIABLE_SCOPE_BEGIN|[15]|ex|Exception|true|false
15:10:08.0 (118930785)|VARIABLE_ASSIGNMENT|[15]|ex|"common.apex.runtime.impl.ExecutionException: The Apex job named \"ImportDataPatch\" is already scheduled for execution."|0x3aaa1e33
15:10:08.0 (118950736)|STATEMENT_EXECUTE|[15]
15:10:08.0 (118954213)|STATEMENT_EXECUTE|[16]
15:10:08.0 (119020730)|HEAP_ALLOCATE|[16]|Bytes:72
15:10:08.0 (119060016)|USER_DEBUG|[16]|DEBUG|The Apex job named "ImportDataPatch" is already scheduled for execution.
15:10:08.120 (120239301)|CUMULATIVE_LIMIT_USAGE
15:10:08.120 (120239301)|LIMIT_USAGE_FOR_NS|(default)|
  Number of SOQL queries: 0 out of 100
  Number of query rows: 0 out of 50000
  Number of SOSL queries: 0 out of 20
  Number of DML statements: 0 out of 150
  Number of DML rows: 0 out of 10000
  Maximum CPU time: 0 out of 10000
  Maximum heap size: 0 out of 6000000
  Number of callouts: 0 out of 100
  Number of Email Invocations: 0 out of 10
  Number of future calls: 0 out of 50
  Number of queueable jobs added to the queue: 0 out of 50
  Number of Mobile Apex push calls: 0 out of 10

15:10:08.120 (120239301)|CUMULATIVE_LIMIT_USAGE_END

15:10:08.0 (120300443)|CODE_UNIT_FINISHED|ImportDataPatch
15:10:08.0 (121675636)|EXECUTION_FINISHED
