36.0 APEX_CODE,FINEST;APEX_PROFILING,INFO;CALLOUT,INFO;DB,INFO;NBA,INFO;SYSTEM,DEBUG;VALIDATION,INFO;VISUALFORCE,INFO;WAVE,INFO;WORKFLOW,INFO
00:27:35.0 (399397)|USER_INFO|[EXTERNAL]|0050o00000WkyGG|ttvy@keizu.co.jp|Pacific Standard Time|GMT-07:00
00:27:35.0 (436468)|EXECUTION_STARTED
00:27:35.0 (443026)|CODE_UNIT_STARTED|[EXTERNAL]|0660o000008sEYc|VF: /apex/MainPage
00:27:35.0 (2852355)|SYSTEM_MODE_ENTER|true
00:27:35.0 (3252741)|HEAP_ALLOCATE|[72]|Bytes:3
00:27:35.0 (3297998)|HEAP_ALLOCATE|[77]|Bytes:152
00:27:35.0 (3315668)|HEAP_ALLOCATE|[342]|Bytes:408
00:27:35.0 (3329873)|HEAP_ALLOCATE|[355]|Bytes:408
00:27:35.0 (3341984)|HEAP_ALLOCATE|[467]|Bytes:48
00:27:35.0 (3369173)|HEAP_ALLOCATE|[139]|Bytes:6
00:27:35.0 (3389597)|HEAP_ALLOCATE|[EXTERNAL]|Bytes:176
00:27:35.0 (3395158)|HEAP_ALLOCATE|[EXTERNAL]|Bytes:20
00:27:35.0 (3399574)|HEAP_ALLOCATE|[EXTERNAL]|Bytes:2
00:27:35.0 (3408979)|METHOD_ENTRY|[1]|01p0o00000GLKhZ|Controller.Controller()
00:27:35.0 (3416269)|STATEMENT_EXECUTE|[1]
00:27:35.0 (3422106)|STATEMENT_EXECUTE|[1]
00:27:35.0 (3450811)|HEAP_ALLOCATE|[50]|Bytes:5
00:27:35.0 (3475539)|HEAP_ALLOCATE|[56]|Bytes:5
00:27:35.0 (3483468)|HEAP_ALLOCATE|[64]|Bytes:7
00:27:35.0 (3499238)|SYSTEM_MODE_ENTER|false
00:27:35.0 (3514741)|HEAP_ALLOCATE|[EXTERNAL]|Bytes:5
00:27:35.0 (3522820)|SYSTEM_MODE_EXIT|false
00:27:35.0 (3530268)|METHOD_EXIT|[1]|Controller
00:27:35.0 (3543942)|HEAP_ALLOCATE|[EXTERNAL]|Bytes:24
00:27:35.0 (3550955)|VARIABLE_SCOPE_BEGIN|[1]|this|Controller|true|false
00:27:35.0 (3612939)|VARIABLE_ASSIGNMENT|[1]|this|{}|0x198f4553
00:27:35.0 (3626837)|SYSTEM_MODE_ENTER|false
00:27:35.0 (3632486)|HEAP_ALLOCATE|[EXTERNAL]|Bytes:5
00:27:35.0 (3641005)|HEAP_ALLOCATE|[EXTERNAL]|Bytes:6
00:27:35.0 (3674020)|SYSTEM_MODE_EXIT|false
00:27:35.0 (3679904)|STATEMENT_EXECUTE|[1]
00:27:35.0 (3683656)|SYSTEM_MODE_ENTER|false
00:27:35.0 (3688450)|HEAP_ALLOCATE|[EXTERNAL]|Bytes:5
00:27:35.0 (3692605)|STATEMENT_EXECUTE|[2]
00:27:35.0 (3694216)|STATEMENT_EXECUTE|[3]
00:27:35.0 (3695567)|STATEMENT_EXECUTE|[4]
00:27:35.0 (3696954)|STATEMENT_EXECUTE|[5]
00:27:35.0 (3698402)|STATEMENT_EXECUTE|[6]
00:27:35.0 (3700842)|SYSTEM_MODE_EXIT|false
00:27:35.3 (3966485)|SYSTEM_MODE_ENTER|true
00:27:35.3 (3991570)|HEAP_ALLOCATE|[EXTERNAL]|Bytes:38
00:27:35.3 (3997929)|HEAP_ALLOCATE|[EXTERNAL]|Bytes:7
00:27:35.4 (4124661)|SYSTEM_MODE_ENTER|true
00:27:35.4 (4194307)|HEAP_ALLOCATE|[EXTERNAL]|Bytes:8
00:27:35.4 (4202555)|VARIABLE_SCOPE_BEGIN|[88]|this|ApexPage.PageMessagesComponentController|true|false
00:27:35.4 (4226817)|VARIABLE_ASSIGNMENT|[88]|this|{}|0x655d04c6
00:27:35.4 (4234298)|VARIABLE_SCOPE_BEGIN|[88]|escape|Boolean|false|false
00:27:35.4 (4243155)|VARIABLE_ASSIGNMENT|[88]|escape|null
00:27:35.4 (4397313)|SYSTEM_MODE_ENTER|true
00:27:35.4 (4438071)|HEAP_ALLOCATE|[EXTERNAL]|Bytes:8
00:27:35.4 (4444981)|VARIABLE_SCOPE_BEGIN|[2]|this|ApexPage.PageMessagesComponentController|true|false
00:27:35.4 (4464885)|VARIABLE_ASSIGNMENT|[2]|this|{}|0x655d04c6
00:27:35.0 (5254059)|SYSTEM_MODE_ENTER|true
00:27:35.0 (5998472)|SYSTEM_MODE_ENTER|true
00:27:35.0 (6186092)|SYSTEM_MODE_ENTER|true
00:27:35.0 (6232177)|HEAP_ALLOCATE|[EXTERNAL]|Bytes:24
00:27:35.0 (6240829)|VARIABLE_SCOPE_BEGIN|[8]|this|Controller|true|false
00:27:35.0 (6264167)|VARIABLE_ASSIGNMENT|[8]|this|{}|0x198f4553
00:27:35.0 (6278382)|SYSTEM_MODE_ENTER|false
00:27:35.0 (6285788)|HEAP_ALLOCATE|[9]|Bytes:5
00:27:35.0 (6291213)|STATEMENT_EXECUTE|[8]
00:27:35.0 (6293098)|STATEMENT_EXECUTE|[9]
00:27:35.0 (6303883)|HEAP_ALLOCATE|[9]|Bytes:4
00:27:35.0 (6331224)|VARIABLE_SCOPE_BEGIN|[9]|options|List<System.SelectOption>|true|false
00:27:35.0 (6353733)|HEAP_ALLOCATE|[EXTERNAL]|Bytes:4
00:27:35.0 (6366173)|VARIABLE_ASSIGNMENT|[9]|options|[]|0x33f5d652
00:27:35.0 (6372519)|STATEMENT_EXECUTE|[10]
00:27:35.0 (6376273)|HEAP_ALLOCATE|[10]|Bytes:33
00:27:35.0 (6391700)|HEAP_ALLOCATE|[10]|Bytes:4
00:27:35.0 (7572027)|SOQL_EXECUTE_BEGIN|[10]|Aggregations:0|SELECT className__C FROM Class__c
00:27:35.0 (10091180)|SOQL_EXECUTE_END|[10]|Rows:4
00:27:35.0 (10115632)|HEAP_ALLOCATE|[10]|Bytes:20
00:27:35.0 (10137835)|HEAP_ALLOCATE|[10]|Bytes:193
00:27:35.0 (10200005)|HEAP_ALLOCATE|[10]|Bytes:20
00:27:35.0 (10215293)|VARIABLE_SCOPE_BEGIN|[10]|data|List<Class__c>|true|false
00:27:35.0 (10251087)|VARIABLE_ASSIGNMENT|[10]|data|[{"className__c":"Name","Id":"a0H0o00000fIXZEEA4"},{"className__c":"L02","Id":"a0H0o00000fIXflEAG"},{"className__c":"L01","Id":"a0H0o00000fIXZYEA4"},{"className__c":"L03","Id":"a0H0o00000fIXg0EAG"}]|0x53afb834
00:27:35.0 (10428408)|HEAP_ALLOCATE|[11]|Bytes:5
00:27:35.0 (10455537)|HEAP_ALLOCATE|[11]|Bytes:12
00:27:35.0 (10465980)|VARIABLE_SCOPE_BEGIN|[11]|c|Class__c|true|false
00:27:35.0 (10483033)|VARIABLE_ASSIGNMENT|[11]|c|{"className__c":"Name","Id":"a0H0o00000fIXZEEA4"}|0x53cd6d8f
00:27:35.0 (10491704)|STATEMENT_EXECUTE|[11]
00:27:35.0 (10493894)|STATEMENT_EXECUTE|[12]
00:27:35.0 (10502572)|HEAP_ALLOCATE|[12]|Bytes:12
00:27:35.0 (10591516)|HEAP_ALLOCATE|[12]|Bytes:4
00:27:35.0 (10623233)|HEAP_ALLOCATE|[12]|Bytes:4
00:27:35.0 (10667590)|HEAP_ALLOCATE|[EXTERNAL]|Bytes:4
00:27:35.0 (10683553)|HEAP_ALLOCATE|[11]|Bytes:5
00:27:35.0 (10694616)|HEAP_ALLOCATE|[11]|Bytes:12
00:27:35.0 (10701030)|VARIABLE_SCOPE_BEGIN|[11]|c|Class__c|true|false
00:27:35.0 (10718100)|VARIABLE_ASSIGNMENT|[11]|c|{"className__c":"L02","Id":"a0H0o00000fIXflEAG"}|0x79e3e052
00:27:35.0 (10726310)|STATEMENT_EXECUTE|[11]
00:27:35.0 (10728084)|STATEMENT_EXECUTE|[12]
00:27:35.0 (10752507)|HEAP_ALLOCATE|[12]|Bytes:3
00:27:35.0 (10772905)|HEAP_ALLOCATE|[12]|Bytes:3
00:27:35.0 (10788070)|HEAP_ALLOCATE|[EXTERNAL]|Bytes:4
00:27:35.0 (10799576)|HEAP_ALLOCATE|[11]|Bytes:5
00:27:35.0 (10809112)|HEAP_ALLOCATE|[11]|Bytes:12
00:27:35.0 (10814744)|VARIABLE_SCOPE_BEGIN|[11]|c|Class__c|true|false
00:27:35.0 (10829678)|VARIABLE_ASSIGNMENT|[11]|c|{"className__c":"L01","Id":"a0H0o00000fIXZYEA4"}|0x5a19d6cd
00:27:35.0 (10835974)|STATEMENT_EXECUTE|[11]
00:27:35.0 (10837677)|STATEMENT_EXECUTE|[12]
00:27:35.0 (10857066)|HEAP_ALLOCATE|[12]|Bytes:3
00:27:35.0 (10875992)|HEAP_ALLOCATE|[12]|Bytes:3
00:27:35.0 (10890032)|HEAP_ALLOCATE|[EXTERNAL]|Bytes:4
00:27:35.0 (10901146)|HEAP_ALLOCATE|[11]|Bytes:5
00:27:35.0 (10909533)|HEAP_ALLOCATE|[11]|Bytes:12
00:27:35.0 (10915154)|VARIABLE_SCOPE_BEGIN|[11]|c|Class__c|true|false
00:27:35.0 (10929207)|VARIABLE_ASSIGNMENT|[11]|c|{"className__c":"L03","Id":"a0H0o00000fIXg0EAG"}|0x119e205
00:27:35.0 (10935129)|STATEMENT_EXECUTE|[11]
00:27:35.0 (10936863)|STATEMENT_EXECUTE|[12]
00:27:35.0 (10954723)|HEAP_ALLOCATE|[12]|Bytes:3
00:27:35.0 (10973831)|HEAP_ALLOCATE|[12]|Bytes:3
00:27:35.0 (10987015)|HEAP_ALLOCATE|[EXTERNAL]|Bytes:4
00:27:35.0 (10997930)|HEAP_ALLOCATE|[11]|Bytes:5
00:27:35.0 (11008481)|VARIABLE_ASSIGNMENT|[11]|c|null|
00:27:35.0 (11016571)|STATEMENT_EXECUTE|[15]
00:27:35.0 (11022123)|SYSTEM_MODE_EXIT|false
00:27:35.0 (11238171)|SYSTEM_MODE_ENTER|true
00:27:35.12 (12389602)|SYSTEM_MODE_ENTER|true
00:27:35.12 (12460711)|HEAP_ALLOCATE|[EXTERNAL]|Bytes:8
00:27:35.12 (12471781)|VARIABLE_SCOPE_BEGIN|[88]|this|ApexPage.PageMessagesComponentController|true|false
00:27:35.12 (12501666)|VARIABLE_ASSIGNMENT|[88]|this|{}|0x655d04c6
00:27:35.12 (12509021)|VARIABLE_SCOPE_BEGIN|[88]|escape|Boolean|false|false
00:27:35.12 (12517817)|VARIABLE_ASSIGNMENT|[88]|escape|null
00:27:35.12 (12644365)|SYSTEM_MODE_ENTER|true
00:27:35.12 (12683271)|HEAP_ALLOCATE|[EXTERNAL]|Bytes:8
00:27:35.12 (12690371)|VARIABLE_SCOPE_BEGIN|[2]|this|ApexPage.PageMessagesComponentController|true|false
00:27:35.12 (12710084)|VARIABLE_ASSIGNMENT|[2]|this|{}|0x655d04c6
00:27:35.0 (13478668)|SYSTEM_MODE_ENTER|true
00:27:35.0 (15643571)|VF_SERIALIZE_VIEWSTATE_BEGIN|0660o000008sEYc
00:27:35.0 (29269619)|VF_SERIALIZE_VIEWSTATE_END
00:27:35.0 (31138811)|CODE_UNIT_STARTED|[EXTERNAL]|Generate Metadata
00:27:35.0 (31808642)|CODE_UNIT_FINISHED|Generate Metadata
00:27:35.35 (35193961)|CUMULATIVE_LIMIT_USAGE
00:27:35.35 (35193961)|LIMIT_USAGE_FOR_NS|(default)|
  Number of SOQL queries: 1 out of 100
  Number of query rows: 4 out of 50000
  Number of SOSL queries: 0 out of 20
  Number of DML statements: 0 out of 150
  Number of DML rows: 0 out of 10000
  Maximum CPU time: 0 out of 10000
  Maximum heap size: 0 out of 6000000
  Number of callouts: 0 out of 100
  Number of Email Invocations: 0 out of 10
  Number of future calls: 0 out of 50
  Number of queueable jobs added to the queue: 0 out of 50
  Number of Mobile Apex push calls: 0 out of 10

00:27:35.35 (35193961)|CUMULATIVE_LIMIT_USAGE_END

00:27:35.0 (35256565)|CODE_UNIT_FINISHED|VF: /apex/MainPage
00:27:35.0 (36981535)|EXECUTION_FINISHED
