36.0 APEX_CODE,FINEST;APEX_PROFILING,INFO;CALLOUT,INFO;DB,INFO;NBA,INFO;SYSTEM,DEBUG;VALIDATION,INFO;VISUALFORCE,INFO;WAVE,INFO;WORKFLOW,INFO
00:57:39.0 (462517)|USER_INFO|[EXTERNAL]|0050o00000WkyGG|ttvy@keizu.co.jp|Pacific Standard Time|GMT-07:00
00:57:39.0 (512340)|EXECUTION_STARTED
00:57:39.0 (518037)|CODE_UNIT_STARTED|[EXTERNAL]|0660o000008sEYc|VF: /apex/MainPage
00:57:39.0 (2929867)|SYSTEM_MODE_ENTER|true
00:57:39.0 (3282217)|HEAP_ALLOCATE|[72]|Bytes:3
00:57:39.0 (3327711)|HEAP_ALLOCATE|[77]|Bytes:152
00:57:39.0 (3341642)|HEAP_ALLOCATE|[342]|Bytes:408
00:57:39.0 (3352522)|HEAP_ALLOCATE|[355]|Bytes:408
00:57:39.0 (3364259)|HEAP_ALLOCATE|[467]|Bytes:48
00:57:39.0 (3390863)|HEAP_ALLOCATE|[139]|Bytes:6
00:57:39.0 (3409144)|HEAP_ALLOCATE|[EXTERNAL]|Bytes:19
00:57:39.0 (3414773)|HEAP_ALLOCATE|[EXTERNAL]|Bytes:280
00:57:39.0 (3418817)|HEAP_ALLOCATE|[EXTERNAL]|Bytes:45
00:57:39.0 (3422898)|HEAP_ALLOCATE|[EXTERNAL]|Bytes:22
00:57:39.0 (3436044)|METHOD_ENTRY|[1]|01p0o00000GLKhZ|Controller.Controller()
00:57:39.0 (3444391)|STATEMENT_EXECUTE|[1]
00:57:39.0 (3454748)|STATEMENT_EXECUTE|[1]
00:57:39.0 (3479377)|HEAP_ALLOCATE|[50]|Bytes:5
00:57:39.0 (3501088)|HEAP_ALLOCATE|[56]|Bytes:5
00:57:39.0 (3508859)|HEAP_ALLOCATE|[64]|Bytes:7
00:57:39.0 (3523618)|SYSTEM_MODE_ENTER|false
00:57:39.0 (3533204)|HEAP_ALLOCATE|[EXTERNAL]|Bytes:5
00:57:39.0 (3537853)|STATEMENT_EXECUTE|[23]
00:57:39.0 (3539700)|STATEMENT_EXECUTE|[42]
00:57:39.0 (3546109)|SYSTEM_MODE_EXIT|false
00:57:39.0 (3559434)|METHOD_EXIT|[1]|Controller
00:57:39.0 (3584882)|HEAP_ALLOCATE|[EXTERNAL]|Bytes:40
00:57:39.0 (3595721)|VARIABLE_SCOPE_BEGIN|[1]|this|Controller|true|false
00:57:39.0 (3676686)|VARIABLE_ASSIGNMENT|[1]|this|{}|0x2ac496ac
00:57:39.0 (3688163)|SYSTEM_MODE_ENTER|false
00:57:39.0 (3693762)|HEAP_ALLOCATE|[EXTERNAL]|Bytes:5
00:57:39.0 (3702434)|HEAP_ALLOCATE|[EXTERNAL]|Bytes:6
00:57:39.0 (3744501)|SYSTEM_MODE_EXIT|false
00:57:39.0 (3749789)|STATEMENT_EXECUTE|[1]
00:57:39.0 (3754096)|SYSTEM_MODE_ENTER|false
00:57:39.0 (3759673)|HEAP_ALLOCATE|[EXTERNAL]|Bytes:5
00:57:39.0 (3763369)|STATEMENT_EXECUTE|[2]
00:57:39.0 (3764853)|STATEMENT_EXECUTE|[3]
00:57:39.0 (3766168)|STATEMENT_EXECUTE|[4]
00:57:39.0 (3767459)|STATEMENT_EXECUTE|[5]
00:57:39.0 (3768769)|STATEMENT_EXECUTE|[6]
00:57:39.0 (3770074)|STATEMENT_EXECUTE|[7]
00:57:39.0 (3771697)|STATEMENT_EXECUTE|[8]
00:57:39.0 (3773002)|STATEMENT_EXECUTE|[9]
00:57:39.0 (3774395)|STATEMENT_EXECUTE|[10]
00:57:39.0 (3776784)|SYSTEM_MODE_EXIT|false
00:57:39.0 (3832773)|SYSTEM_MODE_ENTER|true
00:57:39.0 (3921544)|SYSTEM_MODE_ENTER|true
00:57:39.5 (5527214)|SYSTEM_MODE_ENTER|true
00:57:39.5 (5562125)|HEAP_ALLOCATE|[EXTERNAL]|Bytes:38
00:57:39.5 (5578966)|HEAP_ALLOCATE|[EXTERNAL]|Bytes:7
00:57:39.5 (5721210)|SYSTEM_MODE_ENTER|true
00:57:39.5 (5788570)|HEAP_ALLOCATE|[EXTERNAL]|Bytes:8
00:57:39.5 (5802916)|VARIABLE_SCOPE_BEGIN|[88]|this|ApexPage.PageMessagesComponentController|true|false
00:57:39.5 (5831846)|VARIABLE_ASSIGNMENT|[88]|this|{}|0x613b5dd0
00:57:39.5 (5839214)|VARIABLE_SCOPE_BEGIN|[88]|escape|Boolean|false|false
00:57:39.5 (5847590)|VARIABLE_ASSIGNMENT|[88]|escape|null
00:57:39.5 (5958605)|SYSTEM_MODE_ENTER|true
00:57:39.5 (5998888)|HEAP_ALLOCATE|[EXTERNAL]|Bytes:8
00:57:39.5 (6006237)|VARIABLE_SCOPE_BEGIN|[2]|this|ApexPage.PageMessagesComponentController|true|false
00:57:39.5 (6026197)|VARIABLE_ASSIGNMENT|[2]|this|{}|0x613b5dd0
00:57:39.0 (6787247)|SYSTEM_MODE_ENTER|true
00:57:39.0 (7696498)|SYSTEM_MODE_ENTER|true
00:57:39.0 (7749223)|HEAP_ALLOCATE|[EXTERNAL]|Bytes:40
00:57:39.0 (7758950)|VARIABLE_SCOPE_BEGIN|[61]|this|Controller|true|false
00:57:39.0 (7788196)|VARIABLE_ASSIGNMENT|[61]|this|{}|0x2ac496ac
00:57:39.0 (7803359)|SYSTEM_MODE_ENTER|false
00:57:39.0 (7811005)|HEAP_ALLOCATE|[62]|Bytes:5
00:57:39.0 (7816902)|STATEMENT_EXECUTE|[61]
00:57:39.0 (7819114)|STATEMENT_EXECUTE|[62]
00:57:39.0 (7829435)|HEAP_ALLOCATE|[62]|Bytes:4
00:57:39.0 (7861291)|VARIABLE_SCOPE_BEGIN|[62]|options|List<System.SelectOption>|true|false
00:57:39.0 (7885895)|HEAP_ALLOCATE|[EXTERNAL]|Bytes:4
00:57:39.0 (7897267)|VARIABLE_ASSIGNMENT|[62]|options|[]|0x382702fc
00:57:39.0 (7903216)|STATEMENT_EXECUTE|[63]
00:57:39.0 (7906607)|HEAP_ALLOCATE|[63]|Bytes:33
00:57:39.0 (7921550)|HEAP_ALLOCATE|[63]|Bytes:4
00:57:39.0 (9076839)|SOQL_EXECUTE_BEGIN|[63]|Aggregations:0|SELECT className__C FROM Class__c
00:57:39.0 (11664155)|SOQL_EXECUTE_END|[63]|Rows:2
00:57:39.0 (11700813)|HEAP_ALLOCATE|[63]|Bytes:12
00:57:39.0 (11725808)|HEAP_ALLOCATE|[63]|Bytes:101
00:57:39.0 (11848443)|HEAP_ALLOCATE|[63]|Bytes:12
00:57:39.0 (11867171)|VARIABLE_SCOPE_BEGIN|[63]|data|List<Class__c>|true|false
00:57:39.0 (11908967)|VARIABLE_ASSIGNMENT|[63]|data|[{"className__c":"Math","Id":"a0H0o00000fJQOvEAO"},{"className__c":"English","Id":"a0H0o00000fJQOwEAO"}]|0x99a15dc
00:57:39.0 (12104913)|HEAP_ALLOCATE|[64]|Bytes:5
00:57:39.0 (12134567)|HEAP_ALLOCATE|[64]|Bytes:12
00:57:39.0 (12144411)|VARIABLE_SCOPE_BEGIN|[64]|c|Class__c|true|false
00:57:39.0 (12161504)|VARIABLE_ASSIGNMENT|[64]|c|{"className__c":"Math","Id":"a0H0o00000fJQOvEAO"}|0x429dc7ac
00:57:39.0 (12169090)|STATEMENT_EXECUTE|[64]
00:57:39.0 (12171272)|STATEMENT_EXECUTE|[65]
00:57:39.0 (12179744)|HEAP_ALLOCATE|[65]|Bytes:12
00:57:39.0 (12271486)|HEAP_ALLOCATE|[65]|Bytes:4
00:57:39.0 (12310893)|HEAP_ALLOCATE|[65]|Bytes:4
00:57:39.0 (12357022)|HEAP_ALLOCATE|[EXTERNAL]|Bytes:4
00:57:39.0 (12372680)|HEAP_ALLOCATE|[64]|Bytes:5
00:57:39.0 (12383959)|HEAP_ALLOCATE|[64]|Bytes:12
00:57:39.0 (12391415)|VARIABLE_SCOPE_BEGIN|[64]|c|Class__c|true|false
00:57:39.0 (12408593)|VARIABLE_ASSIGNMENT|[64]|c|{"className__c":"English","Id":"a0H0o00000fJQOwEAO"}|0x7cd99b42
00:57:39.0 (12415303)|STATEMENT_EXECUTE|[64]
00:57:39.0 (12417223)|STATEMENT_EXECUTE|[65]
00:57:39.0 (12450816)|HEAP_ALLOCATE|[65]|Bytes:7
00:57:39.0 (12481499)|HEAP_ALLOCATE|[65]|Bytes:7
00:57:39.0 (12498311)|HEAP_ALLOCATE|[EXTERNAL]|Bytes:4
00:57:39.0 (12511401)|HEAP_ALLOCATE|[64]|Bytes:5
00:57:39.0 (12522881)|VARIABLE_ASSIGNMENT|[64]|c|null|
00:57:39.0 (12528353)|STATEMENT_EXECUTE|[68]
00:57:39.0 (12533269)|SYSTEM_MODE_EXIT|false
00:57:39.14 (14814518)|SYSTEM_MODE_ENTER|true
00:57:39.14 (14899536)|HEAP_ALLOCATE|[EXTERNAL]|Bytes:8
00:57:39.14 (14911426)|VARIABLE_SCOPE_BEGIN|[88]|this|ApexPage.PageMessagesComponentController|true|false
00:57:39.14 (14945093)|VARIABLE_ASSIGNMENT|[88]|this|{}|0x613b5dd0
00:57:39.14 (14952290)|VARIABLE_SCOPE_BEGIN|[88]|escape|Boolean|false|false
00:57:39.14 (14963727)|VARIABLE_ASSIGNMENT|[88]|escape|null
00:57:39.15 (15087632)|SYSTEM_MODE_ENTER|true
00:57:39.15 (15127468)|HEAP_ALLOCATE|[EXTERNAL]|Bytes:8
00:57:39.15 (15134813)|VARIABLE_SCOPE_BEGIN|[2]|this|ApexPage.PageMessagesComponentController|true|false
00:57:39.15 (15154236)|VARIABLE_ASSIGNMENT|[2]|this|{}|0x613b5dd0
00:57:39.0 (15978632)|SYSTEM_MODE_ENTER|true
00:57:39.0 (17836887)|VF_SERIALIZE_VIEWSTATE_BEGIN|0660o000008sEYc
00:57:39.0 (28708343)|VF_SERIALIZE_VIEWSTATE_END
00:57:39.0 (30359441)|CODE_UNIT_STARTED|[EXTERNAL]|Generate Metadata
00:57:39.0 (31168682)|CODE_UNIT_FINISHED|Generate Metadata
00:57:39.33 (33721233)|CUMULATIVE_LIMIT_USAGE
00:57:39.33 (33721233)|LIMIT_USAGE_FOR_NS|(default)|
  Number of SOQL queries: 1 out of 100
  Number of query rows: 2 out of 50000
  Number of SOSL queries: 0 out of 20
  Number of DML statements: 0 out of 150
  Number of DML rows: 0 out of 10000
  Maximum CPU time: 0 out of 10000
  Maximum heap size: 0 out of 6000000
  Number of callouts: 0 out of 100
  Number of Email Invocations: 0 out of 10
  Number of future calls: 0 out of 50
  Number of queueable jobs added to the queue: 0 out of 50
  Number of Mobile Apex push calls: 0 out of 10

00:57:39.33 (33721233)|CUMULATIVE_LIMIT_USAGE_END

00:57:39.0 (33790932)|CODE_UNIT_FINISHED|VF: /apex/MainPage
00:57:39.0 (34806862)|EXECUTION_FINISHED
