36.0 APEX_CODE,FINEST;APEX_PROFILING,INFO;CALLOUT,INFO;DB,INFO;NBA,INFO;SYSTEM,DEBUG;VALIDATION,INFO;VISUALFORCE,INFO;WAVE,INFO;WORKFLOW,INFO
03:49:59.0 (430685)|USER_INFO|[EXTERNAL]|0050o00000WkyGG|ttvy@keizu.co.jp|Pacific Standard Time|GMT-07:00
03:49:59.0 (469327)|EXECUTION_STARTED
03:49:59.0 (474563)|CODE_UNIT_STARTED|[EXTERNAL]|0660o000008sEYc|VF: /apex/MainPage
03:49:59.0 (607244)|VF_DESERIALIZE_VIEWSTATE_BEGIN|0660o000008sEYc
03:49:59.0 (6550793)|HEAP_ALLOCATE|[72]|Bytes:3
03:49:59.0 (6595516)|HEAP_ALLOCATE|[77]|Bytes:152
03:49:59.0 (6608035)|HEAP_ALLOCATE|[342]|Bytes:408
03:49:59.0 (6619717)|HEAP_ALLOCATE|[355]|Bytes:408
03:49:59.0 (6630595)|HEAP_ALLOCATE|[467]|Bytes:48
03:49:59.0 (6655710)|HEAP_ALLOCATE|[139]|Bytes:6
03:49:59.0 (7052599)|HEAP_ALLOCATE|[50]|Bytes:5
03:49:59.0 (7077135)|HEAP_ALLOCATE|[56]|Bytes:5
03:49:59.0 (7086786)|HEAP_ALLOCATE|[64]|Bytes:7
03:49:59.0 (10806623)|VF_DESERIALIZE_VIEWSTATE_END
03:49:59.0 (12154834)|SYSTEM_MODE_ENTER|true
03:49:59.0 (12188760)|HEAP_ALLOCATE|[EXTERNAL]|Bytes:10
03:49:59.0 (12200195)|HEAP_ALLOCATE|[EXTERNAL]|Bytes:348
03:49:59.0 (12204421)|HEAP_ALLOCATE|[EXTERNAL]|Bytes:59
03:49:59.0 (12208527)|HEAP_ALLOCATE|[EXTERNAL]|Bytes:2
03:49:59.0 (12221080)|METHOD_ENTRY|[1]|01p0o00000GLKhZ|Controller.Controller()
03:49:59.0 (12227491)|STATEMENT_EXECUTE|[1]
03:49:59.0 (12233046)|STATEMENT_EXECUTE|[1]
03:49:59.0 (12241911)|SYSTEM_MODE_ENTER|false
03:49:59.0 (12257852)|HEAP_ALLOCATE|[EXTERNAL]|Bytes:5
03:49:59.0 (12263068)|STATEMENT_EXECUTE|[17]
03:49:59.0 (12268974)|SYSTEM_MODE_EXIT|false
03:49:59.0 (12277692)|METHOD_EXIT|[1]|Controller
03:49:59.0 (12414900)|SYSTEM_MODE_ENTER|true
03:49:59.0 (12676171)|HEAP_ALLOCATE|[EXTERNAL]|Bytes:60
03:49:59.0 (12686439)|VARIABLE_SCOPE_BEGIN|[36]|this|Controller|true|false
03:49:59.0 (12777216)|VARIABLE_ASSIGNMENT|[36]|this|{"studentList":"0x5cacf5bc","sumstudents":"Total Students : 11","userinput":"a","userselect":"Name"}|0x1818ead3
03:49:59.0 (12793572)|SYSTEM_MODE_ENTER|false
03:49:59.0 (12801107)|HEAP_ALLOCATE|[37]|Bytes:5
03:49:59.0 (12805918)|STATEMENT_EXECUTE|[36]
03:49:59.0 (12807830)|STATEMENT_EXECUTE|[37]
03:49:59.0 (12820930)|HEAP_ALLOCATE|[37]|Bytes:4
03:49:59.0 (12859954)|VARIABLE_SCOPE_BEGIN|[37]|options|List<System.SelectOption>|true|false
03:49:59.0 (12887224)|HEAP_ALLOCATE|[EXTERNAL]|Bytes:4
03:49:59.0 (12898763)|VARIABLE_ASSIGNMENT|[37]|options|[]|0x3bdd288
03:49:59.0 (12904912)|STATEMENT_EXECUTE|[38]
03:49:59.0 (12908600)|HEAP_ALLOCATE|[38]|Bytes:33
03:49:59.0 (12924253)|HEAP_ALLOCATE|[38]|Bytes:4
03:49:59.0 (14131199)|SOQL_EXECUTE_BEGIN|[38]|Aggregations:0|SELECT className__C FROM Class__c
03:49:59.0 (17900865)|SOQL_EXECUTE_END|[38]|Rows:4
03:49:59.0 (17924934)|HEAP_ALLOCATE|[38]|Bytes:20
03:49:59.0 (17945080)|HEAP_ALLOCATE|[38]|Bytes:193
03:49:59.0 (18006776)|HEAP_ALLOCATE|[38]|Bytes:20
03:49:59.0 (18022643)|VARIABLE_SCOPE_BEGIN|[38]|data|List<Class__c>|true|false
03:49:59.0 (18063488)|VARIABLE_ASSIGNMENT|[38]|data|[{"className__c":"Name","Id":"a0H0o00000fIXZEEA4"},{"className__c":"L02","Id":"a0H0o00000fIXflEAG"},{"className__c":"L01","Id":"a0H0o00000fIXZYEA4"},{"className__c":"L03","Id":"a0H0o00000fIXg0EAG"}]|0x1b3f31a1
03:49:59.0 (18234752)|HEAP_ALLOCATE|[39]|Bytes:5
03:49:59.0 (18260893)|HEAP_ALLOCATE|[39]|Bytes:12
03:49:59.0 (18269953)|VARIABLE_SCOPE_BEGIN|[39]|c|Class__c|true|false
03:49:59.0 (18286862)|VARIABLE_ASSIGNMENT|[39]|c|{"className__c":"Name","Id":"a0H0o00000fIXZEEA4"}|0x40c06de2
03:49:59.0 (18293747)|STATEMENT_EXECUTE|[39]
03:49:59.0 (18295641)|STATEMENT_EXECUTE|[40]
03:49:59.0 (18304383)|HEAP_ALLOCATE|[40]|Bytes:12
03:49:59.0 (18387337)|HEAP_ALLOCATE|[40]|Bytes:4
03:49:59.0 (18427325)|HEAP_ALLOCATE|[40]|Bytes:4
03:49:59.0 (18469180)|HEAP_ALLOCATE|[EXTERNAL]|Bytes:4
03:49:59.0 (18485566)|HEAP_ALLOCATE|[39]|Bytes:5
03:49:59.0 (18497495)|HEAP_ALLOCATE|[39]|Bytes:12
03:49:59.0 (18504362)|VARIABLE_SCOPE_BEGIN|[39]|c|Class__c|true|false
03:49:59.0 (18521447)|VARIABLE_ASSIGNMENT|[39]|c|{"className__c":"L02","Id":"a0H0o00000fIXflEAG"}|0x2c7dca0b
03:49:59.0 (18527631)|STATEMENT_EXECUTE|[39]
03:49:59.0 (18529380)|STATEMENT_EXECUTE|[40]
03:49:59.0 (18563522)|HEAP_ALLOCATE|[40]|Bytes:3
03:49:59.0 (18593422)|HEAP_ALLOCATE|[40]|Bytes:3
03:49:59.0 (18610036)|HEAP_ALLOCATE|[EXTERNAL]|Bytes:4
03:49:59.0 (18622641)|HEAP_ALLOCATE|[39]|Bytes:5
03:49:59.0 (18632797)|HEAP_ALLOCATE|[39]|Bytes:12
03:49:59.0 (18638794)|VARIABLE_SCOPE_BEGIN|[39]|c|Class__c|true|false
03:49:59.0 (18652921)|VARIABLE_ASSIGNMENT|[39]|c|{"className__c":"L01","Id":"a0H0o00000fIXZYEA4"}|0x2451220d
03:49:59.0 (18658947)|STATEMENT_EXECUTE|[39]
03:49:59.0 (18660556)|STATEMENT_EXECUTE|[40]
03:49:59.0 (18690027)|HEAP_ALLOCATE|[40]|Bytes:3
03:49:59.0 (18718143)|HEAP_ALLOCATE|[40]|Bytes:3
03:49:59.0 (18733373)|HEAP_ALLOCATE|[EXTERNAL]|Bytes:4
03:49:59.0 (18745388)|HEAP_ALLOCATE|[39]|Bytes:5
03:49:59.0 (18755005)|HEAP_ALLOCATE|[39]|Bytes:12
03:49:59.0 (18760669)|VARIABLE_SCOPE_BEGIN|[39]|c|Class__c|true|false
03:49:59.0 (18774606)|VARIABLE_ASSIGNMENT|[39]|c|{"className__c":"L03","Id":"a0H0o00000fIXg0EAG"}|0x10f4051a
03:49:59.0 (18780180)|STATEMENT_EXECUTE|[39]
03:49:59.0 (18781746)|STATEMENT_EXECUTE|[40]
03:49:59.0 (18810271)|HEAP_ALLOCATE|[40]|Bytes:3
03:49:59.0 (18838705)|HEAP_ALLOCATE|[40]|Bytes:3
03:49:59.0 (18853874)|HEAP_ALLOCATE|[EXTERNAL]|Bytes:4
03:49:59.0 (18865750)|HEAP_ALLOCATE|[39]|Bytes:5
03:49:59.0 (18876879)|VARIABLE_ASSIGNMENT|[39]|c|null|
03:49:59.0 (18881758)|STATEMENT_EXECUTE|[43]
03:49:59.0 (18885867)|SYSTEM_MODE_EXIT|false
03:49:59.0 (19000196)|SYSTEM_MODE_ENTER|true
03:49:59.0 (19096496)|SYSTEM_MODE_ENTER|true
03:49:59.0 (19119040)|HEAP_ALLOCATE|[EXTERNAL]|Bytes:1
03:49:59.0 (19124355)|HEAP_ALLOCATE|[EXTERNAL]|Bytes:60
03:49:59.0 (19135801)|VARIABLE_ASSIGNMENT|[EXTERNAL]|this.userinput|"a"|0x1818ead3
03:49:59.0 (19169639)|SYSTEM_MODE_ENTER|true
03:49:59.0 (19182705)|HEAP_ALLOCATE|[EXTERNAL]|Bytes:4
03:49:59.0 (19186748)|HEAP_ALLOCATE|[EXTERNAL]|Bytes:60
03:49:59.0 (19194569)|VARIABLE_ASSIGNMENT|[EXTERNAL]|this.userselect|"Name"|0x1818ead3
03:49:59.0 (19346406)|HEAP_ALLOCATE|[EXTERNAL]|Bytes:60
03:49:59.0 (19356218)|VARIABLE_SCOPE_BEGIN|[92]|this|Controller|true|false
03:49:59.0 (19396843)|VARIABLE_ASSIGNMENT|[92]|this|{"studentList":"0x5cacf5bc","sumstudents":"Total Students : 11","userinput":"a","userselect":"Name"}|0x1818ead3
03:49:59.0 (19411223)|SYSTEM_MODE_ENTER|false
03:49:59.0 (19417903)|HEAP_ALLOCATE|[93]|Bytes:5
03:49:59.0 (19422611)|STATEMENT_EXECUTE|[92]
03:49:59.0 (19470778)|VARIABLE_ASSIGNMENT|[EXTERNAL]|this|{"studentList":"0x5cacf5bc","sumstudents":"Total Students : 11","userinput":"a","userselect":"Name"}|0x1818ead3
03:49:59.0 (19569970)|HEAP_ALLOCATE|[93]|Bytes:5
03:49:59.0 (19588588)|HEAP_ALLOCATE|[93]|Bytes:12
03:49:59.0 (19596052)|VARIABLE_SCOPE_BEGIN|[93]|s|Controller.OutputList|true|false
03:49:59.0 (19627175)|HEAP_ALLOCATE|[93]|Bytes:120
03:49:59.0 (19634421)|HEAP_ALLOCATE|[93]|Bytes:8
03:49:59.0 (19658185)|VARIABLE_ASSIGNMENT|[93]|s|{"isSelected":false,"student":"0x50e92a29"}|0xa54aec7
03:49:59.0 (19665716)|STATEMENT_EXECUTE|[93]
03:49:59.0 (19703557)|VARIABLE_ASSIGNMENT|[EXTERNAL]|this|{"isSelected":false,"student":"0x50e92a29"}|0xa54aec7
03:49:59.0 (19718688)|STATEMENT_EXECUTE|[94]
03:49:59.0 (19728530)|HEAP_ALLOCATE|[93]|Bytes:5
03:49:59.0 (19737242)|HEAP_ALLOCATE|[93]|Bytes:12
03:49:59.0 (19743083)|VARIABLE_SCOPE_BEGIN|[93]|s|Controller.OutputList|true|false
03:49:59.0 (19759237)|VARIABLE_ASSIGNMENT|[93]|s|{"isSelected":false,"student":"0x51d60d21"}|0x7e5bb34a
03:49:59.0 (19765369)|STATEMENT_EXECUTE|[93]
03:49:59.0 (19779086)|VARIABLE_ASSIGNMENT|[EXTERNAL]|this|{"isSelected":false,"student":"0x51d60d21"}|0x7e5bb34a
03:49:59.0 (19788870)|STATEMENT_EXECUTE|[94]
03:49:59.0 (19795649)|HEAP_ALLOCATE|[93]|Bytes:5
03:49:59.0 (19803465)|HEAP_ALLOCATE|[93]|Bytes:12
03:49:59.0 (19808560)|VARIABLE_SCOPE_BEGIN|[93]|s|Controller.OutputList|true|false
03:49:59.0 (19823304)|VARIABLE_ASSIGNMENT|[93]|s|{"isSelected":false,"student":"0x45a589ec"}|0x33577b42
03:49:59.0 (19828925)|STATEMENT_EXECUTE|[93]
03:49:59.0 (19841605)|VARIABLE_ASSIGNMENT|[EXTERNAL]|this|{"isSelected":false,"student":"0x45a589ec"}|0x33577b42
03:49:59.0 (19850273)|STATEMENT_EXECUTE|[94]
03:49:59.0 (19856587)|HEAP_ALLOCATE|[93]|Bytes:5
03:49:59.0 (19863968)|HEAP_ALLOCATE|[93]|Bytes:12
03:49:59.0 (19868642)|VARIABLE_SCOPE_BEGIN|[93]|s|Controller.OutputList|true|false
03:49:59.0 (19883438)|VARIABLE_ASSIGNMENT|[93]|s|{"isSelected":false,"student":"0x5209d70c"}|0x71ebffe4
03:49:59.0 (19889092)|STATEMENT_EXECUTE|[93]
03:49:59.0 (19901723)|VARIABLE_ASSIGNMENT|[EXTERNAL]|this|{"isSelected":false,"student":"0x5209d70c"}|0x71ebffe4
03:49:59.0 (19910995)|STATEMENT_EXECUTE|[94]
03:49:59.0 (19917135)|HEAP_ALLOCATE|[93]|Bytes:5
03:49:59.0 (19924422)|HEAP_ALLOCATE|[93]|Bytes:12
03:49:59.0 (19929105)|VARIABLE_SCOPE_BEGIN|[93]|s|Controller.OutputList|true|false
03:49:59.0 (19943866)|VARIABLE_ASSIGNMENT|[93]|s|{"isSelected":false,"student":"0x18e8f2dc"}|0x106d07e8
03:49:59.0 (19949141)|STATEMENT_EXECUTE|[93]
03:49:59.0 (19961159)|VARIABLE_ASSIGNMENT|[EXTERNAL]|this|{"isSelected":false,"student":"0x18e8f2dc"}|0x106d07e8
03:49:59.0 (19969434)|STATEMENT_EXECUTE|[94]
03:49:59.0 (19975927)|HEAP_ALLOCATE|[93]|Bytes:5
03:49:59.0 (19983290)|HEAP_ALLOCATE|[93]|Bytes:12
03:49:59.0 (19988053)|VARIABLE_SCOPE_BEGIN|[93]|s|Controller.OutputList|true|false
03:49:59.0 (20002569)|VARIABLE_ASSIGNMENT|[93]|s|{"isSelected":false,"student":"0xcc0135e"}|0x22fac9fd
03:49:59.0 (20008766)|STATEMENT_EXECUTE|[93]
03:49:59.0 (20021190)|VARIABLE_ASSIGNMENT|[EXTERNAL]|this|{"isSelected":false,"student":"0xcc0135e"}|0x22fac9fd
03:49:59.0 (20029946)|STATEMENT_EXECUTE|[94]
03:49:59.0 (20036335)|HEAP_ALLOCATE|[93]|Bytes:5
03:49:59.0 (20043388)|HEAP_ALLOCATE|[93]|Bytes:12
03:49:59.0 (20047612)|VARIABLE_SCOPE_BEGIN|[93]|s|Controller.OutputList|true|false
03:49:59.0 (20062496)|VARIABLE_ASSIGNMENT|[93]|s|{"isSelected":false,"student":"0x7d5bb16c"}|0x5f1ab68
03:49:59.0 (20068033)|STATEMENT_EXECUTE|[93]
03:49:59.0 (20080042)|VARIABLE_ASSIGNMENT|[EXTERNAL]|this|{"isSelected":false,"student":"0x7d5bb16c"}|0x5f1ab68
03:49:59.0 (20089885)|STATEMENT_EXECUTE|[94]
03:49:59.0 (20096173)|HEAP_ALLOCATE|[93]|Bytes:5
03:49:59.0 (20103223)|HEAP_ALLOCATE|[93]|Bytes:12
03:49:59.0 (20107860)|VARIABLE_SCOPE_BEGIN|[93]|s|Controller.OutputList|true|false
03:49:59.0 (20122479)|VARIABLE_ASSIGNMENT|[93]|s|{"isSelected":false,"student":"0x927026b"}|0x7de69793
03:49:59.0 (20127884)|STATEMENT_EXECUTE|[93]
03:49:59.0 (20139873)|VARIABLE_ASSIGNMENT|[EXTERNAL]|this|{"isSelected":false,"student":"0x927026b"}|0x7de69793
03:49:59.0 (20148027)|STATEMENT_EXECUTE|[94]
03:49:59.0 (20154363)|HEAP_ALLOCATE|[93]|Bytes:5
03:49:59.0 (20161510)|HEAP_ALLOCATE|[93]|Bytes:12
03:49:59.0 (20166167)|VARIABLE_SCOPE_BEGIN|[93]|s|Controller.OutputList|true|false
03:49:59.0 (20180650)|VARIABLE_ASSIGNMENT|[93]|s|{"isSelected":false,"student":"0x5d969992"}|0x5534c3a3
03:49:59.0 (20186291)|STATEMENT_EXECUTE|[93]
03:49:59.0 (20198348)|VARIABLE_ASSIGNMENT|[EXTERNAL]|this|{"isSelected":false,"student":"0x5d969992"}|0x5534c3a3
03:49:59.0 (20207321)|STATEMENT_EXECUTE|[94]
03:49:59.0 (20213809)|HEAP_ALLOCATE|[93]|Bytes:5
03:49:59.0 (20221493)|HEAP_ALLOCATE|[93]|Bytes:12
03:49:59.0 (20226315)|VARIABLE_SCOPE_BEGIN|[93]|s|Controller.OutputList|true|false
03:49:59.0 (20241357)|VARIABLE_ASSIGNMENT|[93]|s|{"isSelected":false,"student":"0x6431b734"}|0x2d22fe2e
03:49:59.0 (20251653)|STATEMENT_EXECUTE|[93]
03:49:59.0 (20264612)|VARIABLE_ASSIGNMENT|[EXTERNAL]|this|{"isSelected":false,"student":"0x6431b734"}|0x2d22fe2e
03:49:59.0 (20273245)|STATEMENT_EXECUTE|[94]
03:49:59.0 (20280017)|HEAP_ALLOCATE|[93]|Bytes:5
03:49:59.0 (20287271)|HEAP_ALLOCATE|[93]|Bytes:12
03:49:59.0 (20292131)|VARIABLE_SCOPE_BEGIN|[93]|s|Controller.OutputList|true|false
03:49:59.0 (20306794)|VARIABLE_ASSIGNMENT|[93]|s|{"isSelected":false,"student":"0x4411b811"}|0x374b52eb
03:49:59.0 (20312118)|STATEMENT_EXECUTE|[93]
03:49:59.0 (20324138)|VARIABLE_ASSIGNMENT|[EXTERNAL]|this|{"isSelected":false,"student":"0x4411b811"}|0x374b52eb
03:49:59.0 (20332661)|STATEMENT_EXECUTE|[94]
03:49:59.0 (20338830)|HEAP_ALLOCATE|[93]|Bytes:5
03:49:59.0 (20348108)|VARIABLE_ASSIGNMENT|[93]|s|null|
03:49:59.0 (20353383)|STATEMENT_EXECUTE|[99]
03:49:59.0 (20357569)|SYSTEM_MODE_EXIT|false
03:49:59.23 (23676207)|SYSTEM_MODE_ENTER|true
03:49:59.23 (23760756)|HEAP_ALLOCATE|[EXTERNAL]|Bytes:38
03:49:59.23 (23770446)|HEAP_ALLOCATE|[EXTERNAL]|Bytes:7
03:49:59.24 (24015557)|SYSTEM_MODE_ENTER|true
03:49:59.24 (24059743)|HEAP_ALLOCATE|[EXTERNAL]|Bytes:8
03:49:59.24 (24067767)|VARIABLE_SCOPE_BEGIN|[2]|this|ApexPage.PageMessagesComponentController|true|false
03:49:59.24 (24098620)|VARIABLE_ASSIGNMENT|[2]|this|{}|0x23425780
03:49:59.0 (24802716)|SYSTEM_MODE_ENTER|true
03:49:59.0 (28816510)|SYSTEM_MODE_ENTER|true
03:49:59.0 (59893045)|VF_SERIALIZE_VIEWSTATE_BEGIN|0660o000008sEYc
03:49:59.0 (74172372)|VF_SERIALIZE_VIEWSTATE_END
03:49:59.0 (112185650)|CODE_UNIT_STARTED|[EXTERNAL]|Generate Metadata
03:49:59.0 (120527553)|CODE_UNIT_FINISHED|Generate Metadata
03:49:59.125 (125158650)|CUMULATIVE_LIMIT_USAGE
03:49:59.125 (125158650)|LIMIT_USAGE_FOR_NS|(default)|
  Number of SOQL queries: 1 out of 100
  Number of query rows: 4 out of 50000
  Number of SOSL queries: 0 out of 20
  Number of DML statements: 0 out of 150
  Number of DML rows: 0 out of 10000
  Maximum CPU time: 0 out of 10000
  Maximum heap size: 0 out of 6000000
  Number of callouts: 0 out of 100
  Number of Email Invocations: 0 out of 10
  Number of future calls: 0 out of 50
  Number of queueable jobs added to the queue: 0 out of 50
  Number of Mobile Apex push calls: 0 out of 10

03:49:59.125 (125158650)|CUMULATIVE_LIMIT_USAGE_END

03:49:59.0 (125275403)|CODE_UNIT_FINISHED|VF: /apex/MainPage
03:49:59.0 (126142514)|EXECUTION_FINISHED
