36.0 APEX_CODE,FINEST;APEX_PROFILING,INFO;CALLOUT,INFO;DB,INFO;NBA,INFO;SYSTEM,DEBUG;VALIDATION,INFO;VISUALFORCE,INFO;WAVE,INFO;WORKFLOW,INFO
23:39:25.0 (474307)|USER_INFO|[EXTERNAL]|0050o00000WkyGG|ttvy@keizu.co.jp|Pacific Standard Time|GMT-07:00
23:39:25.0 (511233)|EXECUTION_STARTED
23:39:25.0 (516945)|CODE_UNIT_STARTED|[EXTERNAL]|0660o000008sEYc|VF: /apex/MainPage
23:39:25.0 (1019415)|VF_DESERIALIZE_VIEWSTATE_BEGIN|0660o000008sEYc
23:39:25.0 (7639132)|HEAP_ALLOCATE|[72]|Bytes:3
23:39:25.0 (7673159)|HEAP_ALLOCATE|[77]|Bytes:152
23:39:25.0 (7686990)|HEAP_ALLOCATE|[342]|Bytes:408
23:39:25.0 (7700631)|HEAP_ALLOCATE|[355]|Bytes:408
23:39:25.0 (7714020)|HEAP_ALLOCATE|[467]|Bytes:48
23:39:25.0 (7739199)|HEAP_ALLOCATE|[139]|Bytes:6
23:39:25.0 (7763645)|HEAP_ALLOCATE|[50]|Bytes:5
23:39:25.0 (7782274)|HEAP_ALLOCATE|[56]|Bytes:5
23:39:25.0 (7792199)|HEAP_ALLOCATE|[64]|Bytes:7
23:39:25.0 (11834885)|VF_DESERIALIZE_VIEWSTATE_END
23:39:25.0 (12584605)|SYSTEM_MODE_ENTER|true
23:39:25.0 (12621280)|HEAP_ALLOCATE|[EXTERNAL]|Bytes:19
23:39:25.0 (12634081)|HEAP_ALLOCATE|[EXTERNAL]|Bytes:280
23:39:25.0 (12640549)|HEAP_ALLOCATE|[EXTERNAL]|Bytes:55
23:39:25.0 (12645813)|HEAP_ALLOCATE|[EXTERNAL]|Bytes:10
23:39:25.0 (12658882)|METHOD_ENTRY|[1]|01p0o00000GLKhZ|Controller.Controller()
23:39:25.0 (12667567)|STATEMENT_EXECUTE|[1]
23:39:25.0 (12672311)|STATEMENT_EXECUTE|[1]
23:39:25.0 (12680498)|SYSTEM_MODE_ENTER|false
23:39:25.0 (12693015)|HEAP_ALLOCATE|[EXTERNAL]|Bytes:5
23:39:25.0 (12700037)|STATEMENT_EXECUTE|[17]
23:39:25.0 (12702035)|STATEMENT_EXECUTE|[33]
23:39:25.0 (12705551)|SYSTEM_MODE_EXIT|false
23:39:25.0 (12715342)|METHOD_EXIT|[1]|Controller
23:39:25.0 (12775881)|HEAP_ALLOCATE|[EXTERNAL]|Bytes:188
23:39:25.0 (12784418)|HEAP_ALLOCATE|[EXTERNAL]|Bytes:17
23:39:25.16 (16478832)|SYSTEM_MODE_ENTER|true
23:39:25.16 (16556072)|HEAP_ALLOCATE|[EXTERNAL]|Bytes:38
23:39:25.16 (16567664)|HEAP_ALLOCATE|[EXTERNAL]|Bytes:7
23:39:25.17 (17344856)|SYSTEM_MODE_ENTER|true
23:39:25.17 (17421692)|HEAP_ALLOCATE|[EXTERNAL]|Bytes:8
23:39:25.17 (17431045)|VARIABLE_SCOPE_BEGIN|[88]|this|ApexPage.PageMessagesComponentController|true|false
23:39:25.17 (17475345)|VARIABLE_ASSIGNMENT|[88]|this|{}|0x214cc820
23:39:25.17 (17485245)|VARIABLE_SCOPE_BEGIN|[88]|escape|Boolean|false|false
23:39:25.17 (17497051)|VARIABLE_ASSIGNMENT|[88]|escape|null
23:39:25.0 (17630686)|SYSTEM_MODE_ENTER|true
23:39:25.0 (18388173)|SYSTEM_MODE_ENTER|true
23:39:25.0 (18544536)|SYSTEM_MODE_ENTER|true
23:39:25.0 (18795211)|HEAP_ALLOCATE|[EXTERNAL]|Bytes:40
23:39:25.0 (18807007)|VARIABLE_SCOPE_BEGIN|[61]|this|Controller|true|false
23:39:25.0 (18890025)|VARIABLE_ASSIGNMENT|[61]|this|{"objKeySearch":"0x45cdedb","OutputList":"0x3d810e51","student":"0x1b1bb062","sumstudents":"Total Students : 2"}|0xec72cd6
23:39:25.0 (18909721)|SYSTEM_MODE_ENTER|false
23:39:25.0 (18919588)|HEAP_ALLOCATE|[62]|Bytes:5
23:39:25.0 (18926327)|STATEMENT_EXECUTE|[61]
23:39:25.0 (18928382)|STATEMENT_EXECUTE|[62]
23:39:25.0 (18940186)|HEAP_ALLOCATE|[62]|Bytes:4
23:39:25.0 (18968489)|VARIABLE_SCOPE_BEGIN|[62]|options|List<System.SelectOption>|true|false
23:39:25.0 (18996436)|HEAP_ALLOCATE|[EXTERNAL]|Bytes:4
23:39:25.0 (19009363)|VARIABLE_ASSIGNMENT|[62]|options|[]|0x3f949c8c
23:39:25.0 (19018498)|STATEMENT_EXECUTE|[63]
23:39:25.0 (19022060)|HEAP_ALLOCATE|[63]|Bytes:33
23:39:25.0 (19037712)|HEAP_ALLOCATE|[63]|Bytes:4
23:39:25.0 (20146711)|SOQL_EXECUTE_BEGIN|[63]|Aggregations:0|SELECT className__C FROM Class__c
23:39:25.0 (22897278)|SOQL_EXECUTE_END|[63]|Rows:2
23:39:25.0 (22930690)|HEAP_ALLOCATE|[63]|Bytes:12
23:39:25.0 (22955163)|HEAP_ALLOCATE|[63]|Bytes:101
23:39:25.0 (23046657)|HEAP_ALLOCATE|[63]|Bytes:12
23:39:25.0 (23072376)|VARIABLE_SCOPE_BEGIN|[63]|data|List<Class__c>|true|false
23:39:25.0 (23130521)|VARIABLE_ASSIGNMENT|[63]|data|[{"className__c":"Math","Id":"a0H0o00000fJQOvEAO"},{"className__c":"English","Id":"a0H0o00000fJQOwEAO"}]|0x1f00be16
23:39:25.0 (23351281)|HEAP_ALLOCATE|[64]|Bytes:5
23:39:25.0 (23377233)|HEAP_ALLOCATE|[64]|Bytes:12
23:39:25.0 (23387450)|VARIABLE_SCOPE_BEGIN|[64]|c|Class__c|true|false
23:39:25.0 (23412034)|VARIABLE_ASSIGNMENT|[64]|c|{"className__c":"Math","Id":"a0H0o00000fJQOvEAO"}|0x51de51a3
23:39:25.0 (23421482)|STATEMENT_EXECUTE|[64]
23:39:25.0 (23423728)|STATEMENT_EXECUTE|[65]
23:39:25.0 (23432869)|HEAP_ALLOCATE|[65]|Bytes:12
23:39:25.0 (23527835)|HEAP_ALLOCATE|[65]|Bytes:4
23:39:25.0 (23571841)|HEAP_ALLOCATE|[65]|Bytes:4
23:39:25.0 (23616534)|HEAP_ALLOCATE|[EXTERNAL]|Bytes:4
23:39:25.0 (23634858)|HEAP_ALLOCATE|[64]|Bytes:5
23:39:25.0 (23648082)|HEAP_ALLOCATE|[64]|Bytes:12
23:39:25.0 (23655450)|VARIABLE_SCOPE_BEGIN|[64]|c|Class__c|true|false
23:39:25.0 (23677036)|VARIABLE_ASSIGNMENT|[64]|c|{"className__c":"English","Id":"a0H0o00000fJQOwEAO"}|0x618f03d4
23:39:25.0 (23686310)|STATEMENT_EXECUTE|[64]
23:39:25.0 (23688077)|STATEMENT_EXECUTE|[65]
23:39:25.0 (23724524)|HEAP_ALLOCATE|[65]|Bytes:7
23:39:25.0 (23758878)|HEAP_ALLOCATE|[65]|Bytes:7
23:39:25.0 (23778866)|HEAP_ALLOCATE|[EXTERNAL]|Bytes:4
23:39:25.0 (23793542)|HEAP_ALLOCATE|[64]|Bytes:5
23:39:25.0 (23806215)|VARIABLE_ASSIGNMENT|[64]|c|null|
23:39:25.0 (23812779)|STATEMENT_EXECUTE|[68]
23:39:25.0 (23816702)|SYSTEM_MODE_EXIT|false
23:39:25.0 (24929455)|HEAP_ALLOCATE|[EXTERNAL]|Bytes:120
23:39:25.0 (24944052)|HEAP_ALLOCATE|[EXTERNAL]|Bytes:11
23:39:25.0 (25716110)|HEAP_ALLOCATE|[EXTERNAL]|Bytes:5
23:39:25.0 (25729334)|HEAP_ALLOCATE|[EXTERNAL]|Bytes:24
23:39:25.0 (25745419)|VARIABLE_ASSIGNMENT|[EXTERNAL]|this.increasing|false|0x45cdedb
23:39:25.0 (25798246)|HEAP_ALLOCATE|[EXTERNAL]|Bytes:4
23:39:25.0 (25805761)|HEAP_ALLOCATE|[EXTERNAL]|Bytes:24
23:39:25.0 (25816699)|VARIABLE_ASSIGNMENT|[EXTERNAL]|this.className|"Math"|0x45cdedb
23:39:25.26 (26297434)|SYSTEM_MODE_ENTER|true
23:39:25.26 (26379362)|HEAP_ALLOCATE|[EXTERNAL]|Bytes:8
23:39:25.26 (26392003)|VARIABLE_SCOPE_BEGIN|[88]|this|ApexPage.PageMessagesComponentController|true|false
23:39:25.26 (26428844)|VARIABLE_ASSIGNMENT|[88]|this|{}|0x214cc820
23:39:25.26 (26438851)|VARIABLE_SCOPE_BEGIN|[88]|escape|Boolean|false|false
23:39:25.26 (26449755)|VARIABLE_ASSIGNMENT|[88]|escape|null
23:39:25.0 (26683881)|HEAP_ALLOCATE|[EXTERNAL]|Bytes:5
23:39:25.0 (26693659)|HEAP_ALLOCATE|[EXTERNAL]|Bytes:12
23:39:25.0 (26705913)|VARIABLE_ASSIGNMENT|[EXTERNAL]|this.isSelected|false|0x7acbcc09
23:39:25.0 (26998974)|HEAP_ALLOCATE|[EXTERNAL]|Bytes:5
23:39:25.0 (27007405)|HEAP_ALLOCATE|[EXTERNAL]|Bytes:12
23:39:25.0 (27019150)|VARIABLE_ASSIGNMENT|[EXTERNAL]|this.isSelected|false|0x51632139
23:39:25.0 (27307042)|SYSTEM_MODE_ENTER|true
23:39:25.0 (27329803)|HEAP_ALLOCATE|[EXTERNAL]|Bytes:18
23:39:25.0 (27337027)|HEAP_ALLOCATE|[EXTERNAL]|Bytes:40
23:39:25.0 (27351178)|VARIABLE_ASSIGNMENT|[EXTERNAL]|this.idStudent|"a0I0o000013e10HEAQ"|0xec72cd6
23:39:25.0 (27488746)|HEAP_ALLOCATE|[EXTERNAL]|Bytes:40
23:39:25.0 (27500810)|VARIABLE_SCOPE_BEGIN|[42]|this|Controller|true|false
23:39:25.0 (27548627)|VARIABLE_ASSIGNMENT|[42]|this|{"idStudent":"a0I0o000013e10HEAQ","objKeySearch":"0x45cdedb","OutputList":"0x3d810e51","student":"0x1b1bb062","sumstudents":"Total Students : 2"}|0xec72cd6
23:39:25.0 (27566162)|SYSTEM_MODE_ENTER|false
23:39:25.0 (27574719)|HEAP_ALLOCATE|[43]|Bytes:5
23:39:25.0 (27581074)|STATEMENT_EXECUTE|[42]
23:39:25.0 (27583041)|STATEMENT_EXECUTE|[43]
23:39:25.0 (27652076)|HEAP_ALLOCATE|[43]|Bytes:493
23:39:25.0 (27698601)|HEAP_ALLOCATE|[43]|Bytes:475
23:39:25.0 (27724535)|HEAP_ALLOCATE|[43]|Bytes:9
23:39:25.0 (27745768)|VARIABLE_SCOPE_BEGIN|[43]|idStudentGet|String|false|false
23:39:25.0 (27762268)|VARIABLE_ASSIGNMENT|[43]|idStudentGet|"a0I0o000013e10HEAQ"
23:39:25.0 (27768279)|STATEMENT_EXECUTE|[44]
23:39:25.0 (27793313)|USER_DEBUG|[44]|DEBUG|a0I0o000013e10HEAQ
23:39:25.0 (27803382)|STATEMENT_EXECUTE|[45]
23:39:25.0 (27809883)|HEAP_ALLOCATE|[45]|Bytes:24
23:39:25.0 (27824600)|HEAP_ALLOCATE|[45]|Bytes:42
23:39:25.0 (27862818)|VARIABLE_SCOPE_BEGIN|[45]|pr|System.PageReference|true|false
23:39:25.0 (33462907)|VARIABLE_ASSIGNMENT|[45]|pr|"/apex/StudentDetails?id=a0I0o000013e10HEAQ"|0x18fcc1b2
23:39:25.0 (33481752)|STATEMENT_EXECUTE|[46]
23:39:25.0 (33503431)|SYSTEM_MODE_EXIT|false
23:39:25.64 (64418409)|CUMULATIVE_LIMIT_USAGE
23:39:25.64 (64418409)|LIMIT_USAGE_FOR_NS|(default)|
  Number of SOQL queries: 1 out of 100
  Number of query rows: 2 out of 50000
  Number of SOSL queries: 0 out of 20
  Number of DML statements: 0 out of 150
  Number of DML rows: 0 out of 10000
  Maximum CPU time: 0 out of 10000
  Maximum heap size: 0 out of 6000000
  Number of callouts: 0 out of 100
  Number of Email Invocations: 0 out of 10
  Number of future calls: 0 out of 50
  Number of queueable jobs added to the queue: 0 out of 50
  Number of Mobile Apex push calls: 0 out of 10

23:39:25.64 (64418409)|CUMULATIVE_LIMIT_USAGE_END

23:39:25.0 (64474826)|CODE_UNIT_FINISHED|VF: /apex/MainPage
23:39:25.0 (65401630)|EXECUTION_FINISHED
