36.0 APEX_CODE,FINEST;APEX_PROFILING,INFO;CALLOUT,INFO;DB,INFO;NBA,INFO;SYSTEM,DEBUG;VALIDATION,INFO;VISUALFORCE,INFO;WAVE,INFO;WORKFLOW,INFO
02:11:10.0 (326596)|USER_INFO|[EXTERNAL]|0050o00000WkyGG|ttvy@keizu.co.jp|Pacific Standard Time|GMT-07:00
02:11:10.0 (358756)|EXECUTION_STARTED
02:11:10.0 (362823)|CODE_UNIT_STARTED|[EXTERNAL]|0660o000008sEYc|VF: /apex/MainPage
02:11:10.0 (865183)|VF_DESERIALIZE_VIEWSTATE_BEGIN|0660o000008sEYc
02:11:10.0 (7253704)|HEAP_ALLOCATE|[72]|Bytes:3
02:11:10.0 (7291513)|HEAP_ALLOCATE|[77]|Bytes:152
02:11:10.0 (7302587)|HEAP_ALLOCATE|[342]|Bytes:408
02:11:10.0 (7314874)|HEAP_ALLOCATE|[355]|Bytes:408
02:11:10.0 (7325934)|HEAP_ALLOCATE|[467]|Bytes:48
02:11:10.0 (7346583)|HEAP_ALLOCATE|[139]|Bytes:6
02:11:10.0 (7370572)|HEAP_ALLOCATE|[50]|Bytes:5
02:11:10.0 (7387649)|HEAP_ALLOCATE|[56]|Bytes:5
02:11:10.0 (7395981)|HEAP_ALLOCATE|[64]|Bytes:7
02:11:10.0 (9989327)|VF_DESERIALIZE_VIEWSTATE_END
02:11:10.0 (10610671)|SYSTEM_MODE_ENTER|true
02:11:10.0 (10642098)|HEAP_ALLOCATE|[EXTERNAL]|Bytes:34
02:11:10.0 (10650430)|HEAP_ALLOCATE|[EXTERNAL]|Bytes:308
02:11:10.0 (10654742)|HEAP_ALLOCATE|[EXTERNAL]|Bytes:61
02:11:10.0 (10658487)|HEAP_ALLOCATE|[EXTERNAL]|Bytes:10
02:11:10.0 (10668939)|METHOD_ENTRY|[1]|01p0o00000GLKhZ|Controller.Controller()
02:11:10.0 (10675137)|STATEMENT_EXECUTE|[1]
02:11:10.0 (10680055)|STATEMENT_EXECUTE|[1]
02:11:10.0 (10687206)|SYSTEM_MODE_ENTER|false
02:11:10.0 (10697160)|HEAP_ALLOCATE|[EXTERNAL]|Bytes:5
02:11:10.0 (10702271)|STATEMENT_EXECUTE|[14]
02:11:10.0 (10704195)|STATEMENT_EXECUTE|[49]
02:11:10.0 (10705732)|STATEMENT_EXECUTE|[65]
02:11:10.0 (10710156)|SYSTEM_MODE_EXIT|false
02:11:10.0 (10718095)|METHOD_EXIT|[1]|Controller
02:11:10.0 (10775501)|HEAP_ALLOCATE|[EXTERNAL]|Bytes:188
02:11:10.0 (10781699)|HEAP_ALLOCATE|[EXTERNAL]|Bytes:17
02:11:10.13 (13748558)|SYSTEM_MODE_ENTER|true
02:11:10.13 (13815023)|HEAP_ALLOCATE|[EXTERNAL]|Bytes:38
02:11:10.13 (13824204)|HEAP_ALLOCATE|[EXTERNAL]|Bytes:7
02:11:10.14 (14649243)|SYSTEM_MODE_ENTER|true
02:11:10.14 (14708712)|HEAP_ALLOCATE|[EXTERNAL]|Bytes:8
02:11:10.14 (14719440)|VARIABLE_SCOPE_BEGIN|[88]|this|ApexPage.PageMessagesComponentController|true|false
02:11:10.14 (14754404)|VARIABLE_ASSIGNMENT|[88]|this|{}|0x515aec66
02:11:10.14 (14761758)|VARIABLE_SCOPE_BEGIN|[88]|escape|Boolean|false|false
02:11:10.14 (14770512)|VARIABLE_ASSIGNMENT|[88]|escape|null
02:11:10.0 (14887309)|SYSTEM_MODE_ENTER|true
02:11:10.0 (15301058)|SYSTEM_MODE_ENTER|true
02:11:10.0 (15430661)|SYSTEM_MODE_ENTER|true
02:11:10.0 (15702603)|HEAP_ALLOCATE|[EXTERNAL]|Bytes:44
02:11:10.0 (15713198)|VARIABLE_SCOPE_BEGIN|[105]|this|Controller|true|false
02:11:10.0 (15766923)|VARIABLE_ASSIGNMENT|[105]|this|{"objKeySearch":"0x47552c93","student":"0x180c530c","studentSelectedById":"0x235e312b"}|0x346c2610
02:11:10.0 (15781798)|SYSTEM_MODE_ENTER|false
02:11:10.0 (15789752)|HEAP_ALLOCATE|[106]|Bytes:5
02:11:10.0 (15795414)|STATEMENT_EXECUTE|[105]
02:11:10.0 (15797268)|STATEMENT_EXECUTE|[106]
02:11:10.0 (15808531)|HEAP_ALLOCATE|[106]|Bytes:4
02:11:10.0 (15837903)|VARIABLE_SCOPE_BEGIN|[106]|options|List<System.SelectOption>|true|false
02:11:10.0 (15860466)|HEAP_ALLOCATE|[EXTERNAL]|Bytes:4
02:11:10.0 (15872454)|VARIABLE_ASSIGNMENT|[106]|options|[]|0x435a877f
02:11:10.0 (15878496)|STATEMENT_EXECUTE|[107]
02:11:10.0 (15881805)|HEAP_ALLOCATE|[107]|Bytes:33
02:11:10.0 (15896548)|HEAP_ALLOCATE|[107]|Bytes:4
02:11:10.0 (16763726)|SOQL_EXECUTE_BEGIN|[107]|Aggregations:0|SELECT className__C FROM Class__c
02:11:10.0 (19095159)|SOQL_EXECUTE_END|[107]|Rows:2
02:11:10.0 (19116319)|HEAP_ALLOCATE|[107]|Bytes:12
02:11:10.0 (19134878)|HEAP_ALLOCATE|[107]|Bytes:101
02:11:10.0 (19191906)|HEAP_ALLOCATE|[107]|Bytes:12
02:11:10.0 (19205050)|VARIABLE_SCOPE_BEGIN|[107]|data|List<Class__c>|true|false
02:11:10.0 (19231292)|VARIABLE_ASSIGNMENT|[107]|data|[{"className__c":"Math","Id":"a0H0o00000fJQOvEAO"},{"className__c":"English","Id":"a0H0o00000fJQOwEAO"}]|0x14c0a433
02:11:10.0 (19362470)|HEAP_ALLOCATE|[108]|Bytes:5
02:11:10.0 (19384122)|HEAP_ALLOCATE|[108]|Bytes:12
02:11:10.0 (19392365)|VARIABLE_SCOPE_BEGIN|[108]|c|Class__c|true|false
02:11:10.0 (19415581)|VARIABLE_ASSIGNMENT|[108]|c|{"className__c":"Math","Id":"a0H0o00000fJQOvEAO"}|0x2d158d0a
02:11:10.0 (19422632)|STATEMENT_EXECUTE|[108]
02:11:10.0 (19424578)|STATEMENT_EXECUTE|[109]
02:11:10.0 (19432823)|HEAP_ALLOCATE|[109]|Bytes:12
02:11:10.0 (19510490)|HEAP_ALLOCATE|[109]|Bytes:4
02:11:10.0 (19547150)|HEAP_ALLOCATE|[109]|Bytes:4
02:11:10.0 (19593241)|HEAP_ALLOCATE|[EXTERNAL]|Bytes:4
02:11:10.0 (19609687)|HEAP_ALLOCATE|[108]|Bytes:5
02:11:10.0 (19621451)|HEAP_ALLOCATE|[108]|Bytes:12
02:11:10.0 (19628482)|VARIABLE_SCOPE_BEGIN|[108]|c|Class__c|true|false
02:11:10.0 (19645819)|VARIABLE_ASSIGNMENT|[108]|c|{"className__c":"English","Id":"a0H0o00000fJQOwEAO"}|0x1d108f82
02:11:10.0 (19652759)|STATEMENT_EXECUTE|[108]
02:11:10.0 (19654461)|STATEMENT_EXECUTE|[109]
02:11:10.0 (19686458)|HEAP_ALLOCATE|[109]|Bytes:7
02:11:10.0 (19715295)|HEAP_ALLOCATE|[109]|Bytes:7
02:11:10.0 (19736249)|HEAP_ALLOCATE|[EXTERNAL]|Bytes:4
02:11:10.0 (19749507)|HEAP_ALLOCATE|[108]|Bytes:5
02:11:10.0 (19761050)|VARIABLE_ASSIGNMENT|[108]|c|null|
02:11:10.0 (19766330)|STATEMENT_EXECUTE|[112]
02:11:10.0 (19771278)|SYSTEM_MODE_EXIT|false
02:11:10.0 (20685686)|HEAP_ALLOCATE|[EXTERNAL]|Bytes:5
02:11:10.0 (20698275)|HEAP_ALLOCATE|[EXTERNAL]|Bytes:24
02:11:10.0 (20748525)|VARIABLE_ASSIGNMENT|[EXTERNAL]|this.increasing|false|0x47552c93
02:11:10.0 (20797457)|HEAP_ALLOCATE|[EXTERNAL]|Bytes:4
02:11:10.0 (20802614)|HEAP_ALLOCATE|[EXTERNAL]|Bytes:24
02:11:10.0 (20811830)|VARIABLE_ASSIGNMENT|[EXTERNAL]|this.className|"Math"|0x47552c93
02:11:10.21 (21153640)|SYSTEM_MODE_ENTER|true
02:11:10.21 (21206173)|HEAP_ALLOCATE|[EXTERNAL]|Bytes:8
02:11:10.21 (21214529)|VARIABLE_SCOPE_BEGIN|[88]|this|ApexPage.PageMessagesComponentController|true|false
02:11:10.21 (21239206)|VARIABLE_ASSIGNMENT|[88]|this|{}|0x515aec66
02:11:10.21 (21245871)|VARIABLE_SCOPE_BEGIN|[88]|escape|Boolean|false|false
02:11:10.21 (21254128)|VARIABLE_ASSIGNMENT|[88]|escape|null
02:11:10.0 (21467594)|HEAP_ALLOCATE|[EXTERNAL]|Bytes:44
02:11:10.0 (21478025)|VARIABLE_SCOPE_BEGIN|[211]|this|Controller|true|false
02:11:10.0 (21513416)|VARIABLE_ASSIGNMENT|[211]|this|{"objKeySearch":"0x47552c93","student":"0x180c530c","studentSelectedById":"0x235e312b"}|0x346c2610
02:11:10.0 (21527519)|SYSTEM_MODE_ENTER|false
02:11:10.0 (21535023)|HEAP_ALLOCATE|[212]|Bytes:5
02:11:10.0 (21539919)|STATEMENT_EXECUTE|[211]
02:11:10.0 (21541741)|STATEMENT_EXECUTE|[212]
02:11:10.0 (21543152)|STATEMENT_EXECUTE|[212]
02:11:10.0 (21586695)|VARIABLE_ASSIGNMENT|[EXTERNAL]|this|{"objKeySearch":"0x47552c93","student":"0x180c530c","studentSelectedById":"0x235e312b"}|0x346c2610
02:11:10.0 (21625904)|VARIABLE_ASSIGNMENT|[EXTERNAL]|this|{"className":"Math","increasing":false,"objStudentFrom":"0x3b1a31ef","objStudentTo":"0x6494dcba","studentName":"0x5f31a326"}|0x47552c93
02:11:10.0 (21693944)|STATEMENT_EXECUTE|[213]
02:11:10.0 (21696655)|STATEMENT_EXECUTE|[217]
02:11:10.0 (21719606)|METHOD_ENTRY|[217]|01p0o00000GLKhZ|Controller.getStudent()
02:11:10.0 (21738129)|VARIABLE_SCOPE_BEGIN|[115]|this|Controller|true|false
02:11:10.0 (21766801)|VARIABLE_ASSIGNMENT|[115]|this|{"objKeySearch":"0x47552c93","student":"0x180c530c","studentSelectedById":"0x235e312b"}|0x346c2610
02:11:10.0 (21779430)|HEAP_ALLOCATE|[116]|Bytes:5
02:11:10.0 (21784201)|STATEMENT_EXECUTE|[115]
02:11:10.0 (21785839)|STATEMENT_EXECUTE|[116]
02:11:10.0 (21789300)|HEAP_ALLOCATE|[116]|Bytes:274
02:11:10.0 (21802133)|HEAP_ALLOCATE|[116]|Bytes:4
02:11:10.0 (21810037)|HEAP_ALLOCATE|[116]|Bytes:7
02:11:10.0 (21842955)|VARIABLE_ASSIGNMENT|[EXTERNAL]|this|{"objKeySearch":"0x47552c93","student":"0x180c530c","studentSelectedById":"0x235e312b"}|0x346c2610
02:11:10.0 (21872578)|VARIABLE_ASSIGNMENT|[EXTERNAL]|this|{"className":"Math","increasing":false,"objStudentFrom":"0x3b1a31ef","objStudentTo":"0x6494dcba","studentName":"0x5f31a326"}|0x47552c93
02:11:10.0 (21894814)|HEAP_ALLOCATE|[116]|Bytes:7
02:11:10.0 (21924574)|VARIABLE_ASSIGNMENT|[EXTERNAL]|this|{"objKeySearch":"0x47552c93","student":"0x180c530c","studentSelectedById":"0x235e312b"}|0x346c2610
02:11:10.0 (21954772)|VARIABLE_ASSIGNMENT|[EXTERNAL]|this|{"className":"Math","increasing":false,"objStudentFrom":"0x3b1a31ef","objStudentTo":"0x6494dcba","studentName":"0x5f31a326"}|0x47552c93
02:11:10.0 (21971098)|HEAP_ALLOCATE|[116]|Bytes:7
02:11:10.0 (22000133)|VARIABLE_ASSIGNMENT|[EXTERNAL]|this|{"objKeySearch":"0x47552c93","student":"0x180c530c","studentSelectedById":"0x235e312b"}|0x346c2610
02:11:10.0 (22029465)|VARIABLE_ASSIGNMENT|[EXTERNAL]|this|{"className":"Math","increasing":false,"objStudentFrom":"0x3b1a31ef","objStudentTo":"0x6494dcba","studentName":"0x5f31a326"}|0x47552c93
02:11:10.0 (22043634)|HEAP_ALLOCATE|[116]|Bytes:7
02:11:10.0 (22071664)|VARIABLE_ASSIGNMENT|[EXTERNAL]|this|{"objKeySearch":"0x47552c93","student":"0x180c530c","studentSelectedById":"0x235e312b"}|0x346c2610
02:11:10.0 (22100308)|VARIABLE_ASSIGNMENT|[EXTERNAL]|this|{"className":"Math","increasing":false,"objStudentFrom":"0x3b1a31ef","objStudentTo":"0x6494dcba","studentName":"0x5f31a326"}|0x47552c93
02:11:10.0 (22853877)|SOQL_EXECUTE_BEGIN|[116]|Aggregations:0|SELECT Namef__c, Namel__c, Birthday__c, Gender__c, Score1__c, Score2__c, Score3__c, AverageScore__c, State__c, StudentId__c FROM Student__c WHERE (Name LIKE :tmpVar1 OR Class__r.Name LIKE :tmpVar2 OR (Student__c.Birthday__c > :tmpVar3 AND Student__c.Birthday__c < :tmpVar4))
02:11:10.0 (29996501)|SOQL_EXECUTE_END|[116]|Rows:2
02:11:10.0 (30020667)|HEAP_ALLOCATE|[116]|Bytes:12
02:11:10.0 (30060360)|HEAP_ALLOCATE|[116]|Bytes:726
02:11:10.0 (30103036)|HEAP_ALLOCATE|[116]|Bytes:12
02:11:10.0 (30118285)|VARIABLE_SCOPE_BEGIN|[116]|studentGetList|List<Student__c>|true|false
02:11:10.0 (30190280)|VARIABLE_ASSIGNMENT|[116]|studentGetList|[{"Namef__c":"b","Namel__c":"b","Birthday__c":"2010-05-21T00:00:00.000Z","Gender__c":true,"Score1__c":2.00,"Score2__c":2.00,"Score3__c":2.00,"AverageScore__c":2.00,"State__c":"Failed","StudentId__c":"HS0076","Class__c":"a0H0o00000fJQOvEAO","Id":"a0I0o000013e10MEAQ"},{"Namef__c":"a","Namel__c":"a","Birthday__c":"2003-05-08T00:00:00.000Z","Gender__c":false,"Score1__c":1.00,"Score2__c":1.00,"Score3__c":1.00,"AverageScore__c":1.00,"State__c":"Failed","StudentId__c":"HS0075","Class__c":"a0H0o00000fJQOvEAO","Id":"a0I0o000013e10HEAQ"}]|0x4d13136d
02:11:10.0 (30204652)|STATEMENT_EXECUTE|[131]
02:11:10.0 (30216008)|HEAP_ALLOCATE|[131]|Bytes:4
02:11:10.0 (30275776)|VARIABLE_SCOPE_BEGIN|[131]|result|List<Controller.Output>|true|false
02:11:10.0 (30295421)|HEAP_ALLOCATE|[EXTERNAL]|Bytes:4
02:11:10.0 (30304517)|VARIABLE_ASSIGNMENT|[131]|result|[]|0x7b2167a8
02:11:10.0 (30442350)|HEAP_ALLOCATE|[132]|Bytes:5
02:11:10.0 (30459593)|HEAP_ALLOCATE|[132]|Bytes:52
02:11:10.0 (30467581)|VARIABLE_SCOPE_BEGIN|[132]|s|Student__c|true|false
02:11:10.0 (30500290)|VARIABLE_ASSIGNMENT|[132]|s|{"Namef__c":"b","Namel__c":"b","Birthday__c":"2010-05-21T00:00:00.000Z","Gender__c":true,"Score1__c":2.00,"Score2__c":2.00,"Score3__c":2.00,"AverageScore__c":2.00,"State__c":"Failed","StudentId__c":"HS0076","Class__c":"a0H0o00000fJQOvEAO","Id":"a0I0o000013e10MEAQ"}|0x26c468e7
02:11:10.0 (30509316)|STATEMENT_EXECUTE|[132]
02:11:10.0 (30511206)|STATEMENT_EXECUTE|[133]
02:11:10.0 (30569233)|HEAP_ALLOCATE|[133]|Bytes:120
02:11:10.0 (30576514)|HEAP_ALLOCATE|[133]|Bytes:11
02:11:10.0 (30589954)|HEAP_ALLOCATE|[133]|Bytes:12
02:11:10.0 (30623775)|CONSTRUCTOR_ENTRY|[133]|01p0o00000GLKhZ|<init>(Student__c)|Controller.Output
02:11:10.0 (30647322)|VARIABLE_SCOPE_BEGIN|[68]|this|Controller.Output|true|false
02:11:10.0 (30674503)|VARIABLE_ASSIGNMENT|[68]|this|{}|0x3efc91bc
02:11:10.0 (30685223)|VARIABLE_SCOPE_BEGIN|[68]|s|Student__c|true|false
02:11:10.0 (30711822)|VARIABLE_ASSIGNMENT|[68]|s|{"Namef__c":"b","Namel__c":"b","Birthday__c":"2010-05-21T00:00:00.000Z","Gender__c":true,"Score1__c":2.00,"Score2__c":2.00,"Score3__c":2.00,"AverageScore__c":2.00,"State__c":"Failed","StudentId__c":"HS0076","Class__c":"a0H0o00000fJQOvEAO","Id":"a0I0o000013e10MEAQ"}|0x26c468e7
02:11:10.0 (30721119)|STATEMENT_EXECUTE|[65]
02:11:10.0 (30723372)|STATEMENT_EXECUTE|[66]
02:11:10.0 (30724971)|STATEMENT_EXECUTE|[67]
02:11:10.0 (30732674)|HEAP_ALLOCATE|[69]|Bytes:6
02:11:10.0 (30759725)|STATEMENT_EXECUTE|[68]
02:11:10.0 (30761797)|STATEMENT_EXECUTE|[69]
02:11:10.0 (30812223)|VARIABLE_ASSIGNMENT|[EXTERNAL]|this|{}|0x3efc91bc
02:11:10.0 (30839313)|VARIABLE_ASSIGNMENT|[EXTERNAL]|value|{"Namef__c":"b","Namel__c":"b","Birthday__c":"2010-05-21T00:00:00.000Z","Gender__c":true,"Score1__c":2.00,"Score2__c":2.00,"Score3__c":2.00,"AverageScore__c":2.00,"State__c":"Failed","StudentId__c":"HS0076","Class__c":"a0H0o00000fJQOvEAO","Id":"a0I0o000013e10MEAQ"}|0x26c468e7
02:11:10.0 (30868008)|VARIABLE_ASSIGNMENT|[66]|this.student|{"Namef__c":"b","Namel__c":"b","Birthday__c":"2010-05-21T00:00:00.000Z","Gender__c":true,"Score1__c":2.00,"Score2__c":2.00,"Score3__c":2.00,"AverageScore__c":2.00,"State__c":"Failed","StudentId__c":"HS0076","Class__c":"a0H0o00000fJQOvEAO","Id":"a0I0o000013e10MEAQ"}|0x3efc91bc
02:11:10.0 (30880965)|STATEMENT_EXECUTE|[70]
02:11:10.0 (30913160)|VARIABLE_ASSIGNMENT|[EXTERNAL]|this|{"student":"0x26c468e7"}|0x3efc91bc
02:11:10.0 (30925756)|VARIABLE_ASSIGNMENT|[EXTERNAL]|value|false
02:11:10.0 (30932348)|HEAP_ALLOCATE|[67]|Bytes:5
02:11:10.0 (30939364)|VARIABLE_ASSIGNMENT|[67]|this.isSelected|false|0x3efc91bc
02:11:10.0 (30950194)|CONSTRUCTOR_EXIT|[133]|01p0o00000GLKhZ|<init>(Student__c)|Controller.Output
02:11:10.0 (30966812)|HEAP_ALLOCATE|[EXTERNAL]|Bytes:4
02:11:10.0 (30981258)|HEAP_ALLOCATE|[132]|Bytes:5
02:11:10.0 (30993240)|HEAP_ALLOCATE|[132]|Bytes:52
02:11:10.0 (31000094)|VARIABLE_SCOPE_BEGIN|[132]|s|Student__c|true|false
02:11:10.0 (31028616)|VARIABLE_ASSIGNMENT|[132]|s|{"Namef__c":"a","Namel__c":"a","Birthday__c":"2003-05-08T00:00:00.000Z","Gender__c":false,"Score1__c":1.00,"Score2__c":1.00,"Score3__c":1.00,"AverageScore__c":1.00,"State__c":"Failed","StudentId__c":"HS0075","Class__c":"a0H0o00000fJQOvEAO","Id":"a0I0o000013e10HEAQ"}|0x7eab7fee
02:11:10.0 (31036872)|STATEMENT_EXECUTE|[132]
02:11:10.0 (31038627)|STATEMENT_EXECUTE|[133]
02:11:10.0 (31042716)|HEAP_ALLOCATE|[133]|Bytes:12
02:11:10.0 (31050872)|CONSTRUCTOR_ENTRY|[133]|01p0o00000GLKhZ|<init>(Student__c)|Controller.Output
02:11:10.0 (31057641)|VARIABLE_SCOPE_BEGIN|[68]|this|Controller.Output|true|false
02:11:10.0 (31071278)|VARIABLE_ASSIGNMENT|[68]|this|{}|0x7973a2db
02:11:10.0 (31081408)|VARIABLE_SCOPE_BEGIN|[68]|s|Student__c|true|false
02:11:10.0 (31103330)|VARIABLE_ASSIGNMENT|[68]|s|{"Namef__c":"a","Namel__c":"a","Birthday__c":"2003-05-08T00:00:00.000Z","Gender__c":false,"Score1__c":1.00,"Score2__c":1.00,"Score3__c":1.00,"AverageScore__c":1.00,"State__c":"Failed","StudentId__c":"HS0075","Class__c":"a0H0o00000fJQOvEAO","Id":"a0I0o000013e10HEAQ"}|0x7eab7fee
02:11:10.0 (31111594)|STATEMENT_EXECUTE|[65]
02:11:10.0 (31113425)|STATEMENT_EXECUTE|[66]
02:11:10.0 (31114808)|STATEMENT_EXECUTE|[67]
02:11:10.0 (31125009)|STATEMENT_EXECUTE|[68]
02:11:10.0 (31126638)|STATEMENT_EXECUTE|[69]
02:11:10.0 (31138037)|VARIABLE_ASSIGNMENT|[EXTERNAL]|this|{}|0x7973a2db
02:11:10.0 (31160933)|VARIABLE_ASSIGNMENT|[EXTERNAL]|value|{"Namef__c":"a","Namel__c":"a","Birthday__c":"2003-05-08T00:00:00.000Z","Gender__c":false,"Score1__c":1.00,"Score2__c":1.00,"Score3__c":1.00,"AverageScore__c":1.00,"State__c":"Failed","StudentId__c":"HS0075","Class__c":"a0H0o00000fJQOvEAO","Id":"a0I0o000013e10HEAQ"}|0x7eab7fee
02:11:10.0 (31185231)|VARIABLE_ASSIGNMENT|[66]|this.student|{"Namef__c":"a","Namel__c":"a","Birthday__c":"2003-05-08T00:00:00.000Z","Gender__c":false,"Score1__c":1.00,"Score2__c":1.00,"Score3__c":1.00,"AverageScore__c":1.00,"State__c":"Failed","StudentId__c":"HS0075","Class__c":"a0H0o00000fJQOvEAO","Id":"a0I0o000013e10HEAQ"}|0x7973a2db
02:11:10.0 (31195416)|STATEMENT_EXECUTE|[70]
02:11:10.0 (31208655)|VARIABLE_ASSIGNMENT|[EXTERNAL]|this|{"student":"0x7eab7fee"}|0x7973a2db
02:11:10.0 (31218352)|VARIABLE_ASSIGNMENT|[EXTERNAL]|value|false
02:11:10.0 (31230786)|HEAP_ALLOCATE|[67]|Bytes:5
02:11:10.0 (31236508)|VARIABLE_ASSIGNMENT|[67]|this.isSelected|false|0x7973a2db
02:11:10.0 (31246588)|CONSTRUCTOR_EXIT|[133]|01p0o00000GLKhZ|<init>(Student__c)|Controller.Output
02:11:10.0 (31256545)|HEAP_ALLOCATE|[EXTERNAL]|Bytes:4
02:11:10.0 (31267598)|HEAP_ALLOCATE|[132]|Bytes:5
02:11:10.0 (31278156)|VARIABLE_ASSIGNMENT|[132]|s|null|
02:11:10.0 (31283263)|STATEMENT_EXECUTE|[135]
02:11:10.0 (31318804)|VARIABLE_ASSIGNMENT|[EXTERNAL]|this|{"objKeySearch":"0x47552c93","student":"0x180c530c","studentSelectedById":"0x235e312b"}|0x346c2610
02:11:10.0 (31356033)|VARIABLE_ASSIGNMENT|[EXTERNAL]|this|{"className":"Math","increasing":false,"objStudentFrom":"0x3b1a31ef","objStudentTo":"0x6494dcba","studentName":"0x5f31a326"}|0x47552c93
02:11:10.0 (31381256)|METHOD_ENTRY|[135]|01p0o00000GLKhZ|Controller.sort(List<Controller.Output>, Boolean)
02:11:10.0 (31389011)|VARIABLE_SCOPE_BEGIN|[138]|this|Controller|true|false
02:11:10.0 (31419498)|VARIABLE_ASSIGNMENT|[138]|this|{"objKeySearch":"0x47552c93","student":"0x180c530c","studentSelectedById":"0x235e312b"}|0x346c2610
02:11:10.0 (31426134)|VARIABLE_SCOPE_BEGIN|[138]|l|List<Controller.Output>|true|false
02:11:10.0 (31445569)|VARIABLE_ASSIGNMENT|[138]|l|[{"isSelected":false,"student":"0x26c468e7"},{"isSelected":false,"student":"0x7eab7fee"}]|0x7b2167a8
02:11:10.0 (31452243)|VARIABLE_SCOPE_BEGIN|[138]|increasing|Boolean|false|false
02:11:10.0 (31459993)|VARIABLE_ASSIGNMENT|[138]|increasing|false
02:11:10.0 (31470045)|HEAP_ALLOCATE|[139]|Bytes:5
02:11:10.0 (31475162)|STATEMENT_EXECUTE|[138]
02:11:10.0 (31477130)|STATEMENT_EXECUTE|[139]
02:11:10.0 (31485834)|HEAP_ALLOCATE|[139]|Bytes:4
02:11:10.0 (31505981)|VARIABLE_SCOPE_BEGIN|[139]|result|List<Controller.Output>|true|false
02:11:10.0 (31522755)|HEAP_ALLOCATE|[EXTERNAL]|Bytes:4
02:11:10.0 (31530183)|VARIABLE_ASSIGNMENT|[139]|result|[]|0x5e3d4220
02:11:10.0 (31537753)|STATEMENT_EXECUTE|[153]
02:11:10.0 (31559026)|STATEMENT_EXECUTE|[154]
02:11:10.0 (31560934)|STATEMENT_EXECUTE|[155]
02:11:10.0 (31581668)|HEAP_ALLOCATE|[155]|Bytes:12
02:11:10.0 (31610682)|VARIABLE_ASSIGNMENT|[EXTERNAL]|this|{"isSelected":false,"student":"0x26c468e7"}|0x3efc91bc
02:11:10.0 (31655436)|VARIABLE_SCOPE_BEGIN|[155]|min|String|false|false
02:11:10.0 (31667628)|VARIABLE_ASSIGNMENT|[155]|min|"b"
02:11:10.0 (31672146)|STATEMENT_EXECUTE|[156]
02:11:10.0 (31693114)|HEAP_ALLOCATE|[156]|Bytes:12
02:11:10.0 (31703821)|VARIABLE_SCOPE_BEGIN|[156]|minObj|Controller.Output|true|false
02:11:10.0 (31722812)|VARIABLE_ASSIGNMENT|[156]|minObj|{"isSelected":false,"student":"0x26c468e7"}|0x3efc91bc
02:11:10.0 (31801182)|HEAP_ALLOCATE|[157]|Bytes:5
02:11:10.0 (31813610)|HEAP_ALLOCATE|[157]|Bytes:12
02:11:10.0 (31819919)|VARIABLE_SCOPE_BEGIN|[157]|o|Controller.Output|true|false
02:11:10.0 (31838982)|VARIABLE_ASSIGNMENT|[157]|o|{"isSelected":false,"student":"0x26c468e7"}|0x3efc91bc
02:11:10.0 (31845159)|STATEMENT_EXECUTE|[157]
02:11:10.0 (31868575)|VARIABLE_ASSIGNMENT|[EXTERNAL]|this|{"isSelected":false,"student":"0x26c468e7"}|0x3efc91bc
02:11:10.0 (31908329)|STATEMENT_EXECUTE|[158]
02:11:10.0 (31917633)|HEAP_ALLOCATE|[157]|Bytes:5
02:11:10.0 (31927228)|HEAP_ALLOCATE|[157]|Bytes:12
02:11:10.0 (31932790)|VARIABLE_SCOPE_BEGIN|[157]|o|Controller.Output|true|false
02:11:10.0 (31949293)|VARIABLE_ASSIGNMENT|[157]|o|{"isSelected":false,"student":"0x7eab7fee"}|0x7973a2db
02:11:10.0 (31955160)|STATEMENT_EXECUTE|[157]
02:11:10.0 (31968431)|VARIABLE_ASSIGNMENT|[EXTERNAL]|this|{"isSelected":false,"student":"0x7eab7fee"}|0x7973a2db
02:11:10.0 (31992441)|STATEMENT_EXECUTE|[158]
02:11:10.0 (31995091)|STATEMENT_EXECUTE|[159]
02:11:10.0 (32014365)|VARIABLE_ASSIGNMENT|[EXTERNAL]|this|{"isSelected":false,"student":"0x7eab7fee"}|0x7973a2db
02:11:10.0 (32029704)|VARIABLE_ASSIGNMENT|[159]|min|"a"
02:11:10.0 (32034183)|STATEMENT_EXECUTE|[160]
02:11:10.0 (32043324)|VARIABLE_ASSIGNMENT|[160]|minObj|{"isSelected":false,"student":"0x7eab7fee"}|0x7973a2db
02:11:10.0 (32055325)|HEAP_ALLOCATE|[157]|Bytes:5
02:11:10.0 (32066428)|VARIABLE_ASSIGNMENT|[157]|o|null|
02:11:10.0 (32071545)|STATEMENT_EXECUTE|[163]
02:11:10.0 (32076224)|HEAP_ALLOCATE|[163]|Bytes:12
02:11:10.0 (32095524)|VARIABLE_ASSIGNMENT|[EXTERNAL]|this|{"isSelected":false,"student":"0x7eab7fee"}|0x7973a2db
02:11:10.0 (32109076)|CONSTRUCTOR_ENTRY|[163]|01p0o00000GLKhZ|<init>(Student__c)|Controller.Output
02:11:10.0 (32115801)|VARIABLE_SCOPE_BEGIN|[68]|this|Controller.Output|true|false
02:11:10.0 (32128310)|VARIABLE_ASSIGNMENT|[68]|this|{}|0x5a9d1d75
02:11:10.0 (32133823)|VARIABLE_SCOPE_BEGIN|[68]|s|Student__c|true|false
02:11:10.0 (32161248)|VARIABLE_ASSIGNMENT|[68]|s|{"Namef__c":"a","Namel__c":"a","Birthday__c":"2003-05-08T00:00:00.000Z","Gender__c":false,"Score1__c":1.00,"Score2__c":1.00,"Score3__c":1.00,"AverageScore__c":1.00,"State__c":"Failed","StudentId__c":"HS0075","Class__c":"a0H0o00000fJQOvEAO","Id":"a0I0o000013e10HEAQ"}|0x7eab7fee
02:11:10.0 (32169985)|STATEMENT_EXECUTE|[65]
02:11:10.0 (32171774)|STATEMENT_EXECUTE|[66]
02:11:10.0 (32173233)|STATEMENT_EXECUTE|[67]
02:11:10.0 (32184399)|STATEMENT_EXECUTE|[68]
02:11:10.0 (32186123)|STATEMENT_EXECUTE|[69]
02:11:10.0 (32197421)|VARIABLE_ASSIGNMENT|[EXTERNAL]|this|{}|0x5a9d1d75
02:11:10.0 (32221625)|VARIABLE_ASSIGNMENT|[EXTERNAL]|value|{"Namef__c":"a","Namel__c":"a","Birthday__c":"2003-05-08T00:00:00.000Z","Gender__c":false,"Score1__c":1.00,"Score2__c":1.00,"Score3__c":1.00,"AverageScore__c":1.00,"State__c":"Failed","StudentId__c":"HS0075","Class__c":"a0H0o00000fJQOvEAO","Id":"a0I0o000013e10HEAQ"}|0x7eab7fee
02:11:10.0 (32246049)|VARIABLE_ASSIGNMENT|[66]|this.student|{"Namef__c":"a","Namel__c":"a","Birthday__c":"2003-05-08T00:00:00.000Z","Gender__c":false,"Score1__c":1.00,"Score2__c":1.00,"Score3__c":1.00,"AverageScore__c":1.00,"State__c":"Failed","StudentId__c":"HS0075","Class__c":"a0H0o00000fJQOvEAO","Id":"a0I0o000013e10HEAQ"}|0x5a9d1d75
02:11:10.0 (32256338)|STATEMENT_EXECUTE|[70]
02:11:10.0 (32269451)|VARIABLE_ASSIGNMENT|[EXTERNAL]|this|{"student":"0x7eab7fee"}|0x5a9d1d75
02:11:10.0 (32279709)|VARIABLE_ASSIGNMENT|[EXTERNAL]|value|false
02:11:10.0 (32284953)|HEAP_ALLOCATE|[67]|Bytes:5
02:11:10.0 (32291183)|VARIABLE_ASSIGNMENT|[67]|this.isSelected|false|0x5a9d1d75
02:11:10.0 (32301160)|CONSTRUCTOR_EXIT|[163]|01p0o00000GLKhZ|<init>(Student__c)|Controller.Output
02:11:10.0 (32313835)|HEAP_ALLOCATE|[EXTERNAL]|Bytes:4
02:11:10.0 (32320755)|STATEMENT_EXECUTE|[164]
02:11:10.0 (32593105)|VARIABLE_ASSIGNMENT|[EXTERNAL]|this|{"isSelected":false,"student":"0x26c468e7"}|0x3efc91bc
02:11:10.0 (32609510)|VARIABLE_ASSIGNMENT|[EXTERNAL]|object|{"isSelected":false,"student":"0x7eab7fee"}
02:11:10.0 (32665034)|VARIABLE_ASSIGNMENT|[EXTERNAL]|this|{"isSelected":false,"student":"0x7eab7fee"}|0x7973a2db
02:11:10.0 (32678001)|VARIABLE_ASSIGNMENT|[EXTERNAL]|object|{"isSelected":false,"student":"0x7eab7fee"}
02:11:10.0 (32715138)|HEAP_ALLOCATE|[164]|Bytes:12
02:11:10.0 (32729185)|STATEMENT_EXECUTE|[154]
02:11:10.0 (32731047)|STATEMENT_EXECUTE|[155]
02:11:10.0 (32736261)|HEAP_ALLOCATE|[155]|Bytes:12
02:11:10.0 (32755649)|VARIABLE_ASSIGNMENT|[EXTERNAL]|this|{"isSelected":false,"student":"0x26c468e7"}|0x3efc91bc
02:11:10.0 (32770306)|VARIABLE_SCOPE_BEGIN|[155]|min|String|false|false
02:11:10.0 (32780712)|VARIABLE_ASSIGNMENT|[155]|min|"b"
02:11:10.0 (32785441)|STATEMENT_EXECUTE|[156]
02:11:10.0 (32791323)|HEAP_ALLOCATE|[156]|Bytes:12
02:11:10.0 (32798141)|VARIABLE_SCOPE_BEGIN|[156]|minObj|Controller.Output|true|false
02:11:10.0 (32813713)|VARIABLE_ASSIGNMENT|[156]|minObj|{"isSelected":false,"student":"0x26c468e7"}|0x3efc91bc
02:11:10.0 (32833320)|HEAP_ALLOCATE|[157]|Bytes:5
02:11:10.0 (32843119)|HEAP_ALLOCATE|[157]|Bytes:12
02:11:10.0 (32848768)|VARIABLE_SCOPE_BEGIN|[157]|o|Controller.Output|true|false
02:11:10.0 (32864456)|VARIABLE_ASSIGNMENT|[157]|o|{"isSelected":false,"student":"0x26c468e7"}|0x3efc91bc
02:11:10.0 (32870583)|STATEMENT_EXECUTE|[157]
02:11:10.0 (32882637)|VARIABLE_ASSIGNMENT|[EXTERNAL]|this|{"isSelected":false,"student":"0x26c468e7"}|0x3efc91bc
02:11:10.0 (32909303)|STATEMENT_EXECUTE|[158]
02:11:10.0 (32916994)|HEAP_ALLOCATE|[157]|Bytes:5
02:11:10.0 (32927253)|VARIABLE_ASSIGNMENT|[157]|o|null|
02:11:10.0 (32931961)|STATEMENT_EXECUTE|[163]
02:11:10.0 (32936497)|HEAP_ALLOCATE|[163]|Bytes:12
02:11:10.0 (32953406)|VARIABLE_ASSIGNMENT|[EXTERNAL]|this|{"isSelected":false,"student":"0x26c468e7"}|0x3efc91bc
02:11:10.0 (32966277)|CONSTRUCTOR_ENTRY|[163]|01p0o00000GLKhZ|<init>(Student__c)|Controller.Output
02:11:10.0 (32973285)|VARIABLE_SCOPE_BEGIN|[68]|this|Controller.Output|true|false
02:11:10.0 (32985297)|VARIABLE_ASSIGNMENT|[68]|this|{}|0x6e057844
02:11:10.0 (32990936)|VARIABLE_SCOPE_BEGIN|[68]|s|Student__c|true|false
02:11:10.0 (33028112)|VARIABLE_ASSIGNMENT|[68]|s|{"Namef__c":"b","Namel__c":"b","Birthday__c":"2010-05-21T00:00:00.000Z","Gender__c":true,"Score1__c":2.00,"Score2__c":2.00,"Score3__c":2.00,"AverageScore__c":2.00,"State__c":"Failed","StudentId__c":"HS0076","Class__c":"a0H0o00000fJQOvEAO","Id":"a0I0o000013e10MEAQ"}|0x26c468e7
02:11:10.0 (33037440)|STATEMENT_EXECUTE|[65]
02:11:10.0 (33039252)|STATEMENT_EXECUTE|[66]
02:11:10.0 (33040707)|STATEMENT_EXECUTE|[67]
02:11:10.0 (33050975)|STATEMENT_EXECUTE|[68]
02:11:10.0 (33052562)|STATEMENT_EXECUTE|[69]
02:11:10.0 (33063719)|VARIABLE_ASSIGNMENT|[EXTERNAL]|this|{}|0x6e057844
02:11:10.0 (33088238)|VARIABLE_ASSIGNMENT|[EXTERNAL]|value|{"Namef__c":"b","Namel__c":"b","Birthday__c":"2010-05-21T00:00:00.000Z","Gender__c":true,"Score1__c":2.00,"Score2__c":2.00,"Score3__c":2.00,"AverageScore__c":2.00,"State__c":"Failed","StudentId__c":"HS0076","Class__c":"a0H0o00000fJQOvEAO","Id":"a0I0o000013e10MEAQ"}|0x26c468e7
02:11:10.0 (33112111)|VARIABLE_ASSIGNMENT|[66]|this.student|{"Namef__c":"b","Namel__c":"b","Birthday__c":"2010-05-21T00:00:00.000Z","Gender__c":true,"Score1__c":2.00,"Score2__c":2.00,"Score3__c":2.00,"AverageScore__c":2.00,"State__c":"Failed","StudentId__c":"HS0076","Class__c":"a0H0o00000fJQOvEAO","Id":"a0I0o000013e10MEAQ"}|0x6e057844
02:11:10.0 (33122846)|STATEMENT_EXECUTE|[70]
02:11:10.0 (33135383)|VARIABLE_ASSIGNMENT|[EXTERNAL]|this|{"student":"0x26c468e7"}|0x6e057844
02:11:10.0 (33145122)|VARIABLE_ASSIGNMENT|[EXTERNAL]|value|false
02:11:10.0 (33150906)|HEAP_ALLOCATE|[67]|Bytes:5
02:11:10.0 (33156916)|VARIABLE_ASSIGNMENT|[67]|this.isSelected|false|0x6e057844
02:11:10.0 (33167314)|CONSTRUCTOR_EXIT|[163]|01p0o00000GLKhZ|<init>(Student__c)|Controller.Output
02:11:10.0 (33178007)|HEAP_ALLOCATE|[EXTERNAL]|Bytes:4
02:11:10.0 (33184325)|STATEMENT_EXECUTE|[164]
02:11:10.0 (33224216)|VARIABLE_ASSIGNMENT|[EXTERNAL]|this|{"isSelected":false,"student":"0x26c468e7"}|0x3efc91bc
02:11:10.0 (33237073)|VARIABLE_ASSIGNMENT|[EXTERNAL]|object|{"isSelected":false,"student":"0x26c468e7"}
02:11:10.0 (33266751)|HEAP_ALLOCATE|[164]|Bytes:12
02:11:10.0 (33279771)|STATEMENT_EXECUTE|[167]
02:11:10.0 (33288376)|METHOD_EXIT|[135]|01p0o00000GLKhZ|Controller.sort(List<Controller.Output>, Boolean)
02:11:10.0 (33297603)|METHOD_EXIT|[217]|01p0o00000GLKhZ|Controller.getStudent()
02:11:10.0 (33332564)|VARIABLE_ASSIGNMENT|[EXTERNAL]|this|{"objKeySearch":"0x47552c93","student":"0x180c530c","studentSelectedById":"0x235e312b"}|0x346c2610
02:11:10.0 (33354491)|VARIABLE_ASSIGNMENT|[EXTERNAL]|value|[{"isSelected":false,"student":"0x7eab7fee"},{"isSelected":false,"student":"0x26c468e7"}]|0x5e3d4220
02:11:10.0 (33374177)|VARIABLE_ASSIGNMENT|[2]|this.OutputList|[{"isSelected":false,"student":"0x7eab7fee"},{"isSelected":false,"student":"0x26c468e7"}]|0x346c2610
02:11:10.0 (33383301)|STATEMENT_EXECUTE|[218]
02:11:10.0 (33386923)|HEAP_ALLOCATE|[218]|Bytes:17
02:11:10.0 (33436549)|VARIABLE_ASSIGNMENT|[EXTERNAL]|this|{"objKeySearch":"0x47552c93","OutputList":"0x5e3d4220","student":"0x180c530c","studentSelectedById":"0x235e312b"}|0x346c2610
02:11:10.0 (33469962)|HEAP_ALLOCATE|[218]|Bytes:1
02:11:10.0 (33483484)|HEAP_ALLOCATE|[218]|Bytes:18
02:11:10.0 (33516619)|VARIABLE_ASSIGNMENT|[EXTERNAL]|this|{"objKeySearch":"0x47552c93","OutputList":"0x5e3d4220","student":"0x180c530c","studentSelectedById":"0x235e312b"}|0x346c2610
02:11:10.0 (33527195)|VARIABLE_ASSIGNMENT|[EXTERNAL]|value|"Total Students : 2"
02:11:10.0 (33536134)|VARIABLE_ASSIGNMENT|[8]|this.sumstudents|"Total Students : 2"|0x346c2610
02:11:10.0 (33547636)|SYSTEM_MODE_EXIT|false
02:11:10.0 (36906368)|SYSTEM_MODE_ENTER|true
02:11:10.0 (37381756)|SYSTEM_MODE_ENTER|true
02:11:10.38 (38094591)|SYSTEM_MODE_ENTER|true
02:11:10.38 (38160064)|HEAP_ALLOCATE|[EXTERNAL]|Bytes:8
02:11:10.38 (38169580)|VARIABLE_SCOPE_BEGIN|[88]|this|ApexPage.PageMessagesComponentController|true|false
02:11:10.38 (38197091)|VARIABLE_ASSIGNMENT|[88]|this|{}|0x515aec66
02:11:10.38 (38203999)|VARIABLE_SCOPE_BEGIN|[88]|escape|Boolean|false|false
02:11:10.38 (38212821)|VARIABLE_ASSIGNMENT|[88]|escape|null
02:11:10.38 (38291038)|SYSTEM_MODE_ENTER|true
02:11:10.38 (38325975)|HEAP_ALLOCATE|[EXTERNAL]|Bytes:8
02:11:10.38 (38332904)|VARIABLE_SCOPE_BEGIN|[2]|this|ApexPage.PageMessagesComponentController|true|false
02:11:10.38 (38353094)|VARIABLE_ASSIGNMENT|[2]|this|{}|0x515aec66
02:11:10.0 (38683048)|SYSTEM_MODE_ENTER|true
02:11:10.0 (40737886)|SYSTEM_MODE_ENTER|true
02:11:10.0 (40779358)|HEAP_ALLOCATE|[EXTERNAL]|Bytes:44
02:11:10.0 (40787788)|VARIABLE_SCOPE_BEGIN|[105]|this|Controller|true|false
02:11:10.0 (40829006)|VARIABLE_ASSIGNMENT|[105]|this|{"objKeySearch":"0x47552c93","OutputList":"0x5e3d4220","student":"0x180c530c","studentSelectedById":"0x235e312b","sumstudents":"Total Students : 2"}|0x346c2610
02:11:10.0 (40844898)|SYSTEM_MODE_ENTER|false
02:11:10.0 (40852488)|HEAP_ALLOCATE|[106]|Bytes:5
02:11:10.0 (40857910)|STATEMENT_EXECUTE|[105]
02:11:10.0 (40859750)|STATEMENT_EXECUTE|[106]
02:11:10.0 (40873066)|HEAP_ALLOCATE|[106]|Bytes:4
02:11:10.0 (40887850)|VARIABLE_SCOPE_BEGIN|[106]|options|List<System.SelectOption>|true|false
02:11:10.0 (40911206)|HEAP_ALLOCATE|[EXTERNAL]|Bytes:4
02:11:10.0 (40920816)|VARIABLE_ASSIGNMENT|[106]|options|[]|0x68196c66
02:11:10.0 (40926768)|STATEMENT_EXECUTE|[107]
02:11:10.0 (40937690)|HEAP_ALLOCATE|[107]|Bytes:4
02:11:10.0 (41078669)|SOQL_EXECUTE_BEGIN|[107]|Aggregations:0|SELECT className__C FROM Class__c
02:11:10.0 (43218022)|SOQL_EXECUTE_END|[107]|Rows:2
02:11:10.0 (43239272)|HEAP_ALLOCATE|[107]|Bytes:12
02:11:10.0 (43256941)|HEAP_ALLOCATE|[107]|Bytes:101
02:11:10.0 (43284284)|HEAP_ALLOCATE|[107]|Bytes:12
02:11:10.0 (43296691)|VARIABLE_SCOPE_BEGIN|[107]|data|List<Class__c>|true|false
02:11:10.0 (43323201)|VARIABLE_ASSIGNMENT|[107]|data|[{"className__c":"Math","Id":"a0H0o00000fJQOvEAO"},{"className__c":"English","Id":"a0H0o00000fJQOwEAO"}]|0x490574ab
02:11:10.0 (43354289)|HEAP_ALLOCATE|[108]|Bytes:5
02:11:10.0 (43369831)|HEAP_ALLOCATE|[108]|Bytes:12
02:11:10.0 (43378371)|VARIABLE_SCOPE_BEGIN|[108]|c|Class__c|true|false
02:11:10.0 (43392985)|VARIABLE_ASSIGNMENT|[108]|c|{"className__c":"Math","Id":"a0H0o00000fJQOvEAO"}|0x2ea5ddea
02:11:10.0 (43408523)|STATEMENT_EXECUTE|[108]
02:11:10.0 (43410627)|STATEMENT_EXECUTE|[109]
02:11:10.0 (43469557)|HEAP_ALLOCATE|[109]|Bytes:4
02:11:10.0 (43505161)|HEAP_ALLOCATE|[109]|Bytes:4
02:11:10.0 (43530698)|HEAP_ALLOCATE|[EXTERNAL]|Bytes:4
02:11:10.0 (43545710)|HEAP_ALLOCATE|[108]|Bytes:5
02:11:10.0 (43557172)|HEAP_ALLOCATE|[108]|Bytes:12
02:11:10.0 (43563999)|VARIABLE_SCOPE_BEGIN|[108]|c|Class__c|true|false
02:11:10.0 (43580356)|VARIABLE_ASSIGNMENT|[108]|c|{"className__c":"English","Id":"a0H0o00000fJQOwEAO"}|0x1d475bee
02:11:10.0 (43586926)|STATEMENT_EXECUTE|[108]
02:11:10.0 (43588696)|STATEMENT_EXECUTE|[109]
02:11:10.0 (43618501)|HEAP_ALLOCATE|[109]|Bytes:7
02:11:10.0 (43646862)|HEAP_ALLOCATE|[109]|Bytes:7
02:11:10.0 (43662729)|HEAP_ALLOCATE|[EXTERNAL]|Bytes:4
02:11:10.0 (43675986)|HEAP_ALLOCATE|[108]|Bytes:5
02:11:10.0 (43688080)|VARIABLE_ASSIGNMENT|[108]|c|null|
02:11:10.0 (43693334)|STATEMENT_EXECUTE|[112]
02:11:10.0 (43703638)|SYSTEM_MODE_EXIT|false
02:11:10.44 (44813499)|SYSTEM_MODE_ENTER|true
02:11:10.44 (44871848)|HEAP_ALLOCATE|[EXTERNAL]|Bytes:8
02:11:10.44 (44880488)|VARIABLE_SCOPE_BEGIN|[88]|this|ApexPage.PageMessagesComponentController|true|false
02:11:10.44 (44905260)|VARIABLE_ASSIGNMENT|[88]|this|{}|0x515aec66
02:11:10.44 (44911776)|VARIABLE_SCOPE_BEGIN|[88]|escape|Boolean|false|false
02:11:10.44 (44919744)|VARIABLE_ASSIGNMENT|[88]|escape|null
02:11:10.45 (45023765)|SYSTEM_MODE_ENTER|true
02:11:10.45 (45060186)|HEAP_ALLOCATE|[EXTERNAL]|Bytes:8
02:11:10.45 (45067388)|VARIABLE_SCOPE_BEGIN|[2]|this|ApexPage.PageMessagesComponentController|true|false
02:11:10.45 (45086416)|VARIABLE_ASSIGNMENT|[2]|this|{}|0x515aec66
02:11:10.0 (46172132)|SYSTEM_MODE_ENTER|true
02:11:10.0 (56224300)|VF_SERIALIZE_VIEWSTATE_BEGIN|0660o000008sEYc
02:11:10.0 (73270926)|VF_SERIALIZE_VIEWSTATE_END
02:11:10.0 (83009439)|HEAP_ALLOCATE|[EXTERNAL]|Bytes:240
02:11:10.0 (83029834)|HEAP_ALLOCATE|[EXTERNAL]|Bytes:32
02:11:10.0 (83645597)|CODE_UNIT_STARTED|[EXTERNAL]|Generate Metadata
02:11:10.0 (86313100)|CODE_UNIT_FINISHED|Generate Metadata
02:11:10.89 (89352028)|CUMULATIVE_LIMIT_USAGE
02:11:10.89 (89352028)|LIMIT_USAGE_FOR_NS|(default)|
  Number of SOQL queries: 3 out of 100
  Number of query rows: 6 out of 50000
  Number of SOSL queries: 0 out of 20
  Number of DML statements: 0 out of 150
  Number of DML rows: 0 out of 10000
  Maximum CPU time: 0 out of 10000
  Maximum heap size: 0 out of 6000000
  Number of callouts: 0 out of 100
  Number of Email Invocations: 0 out of 10
  Number of future calls: 0 out of 50
  Number of queueable jobs added to the queue: 0 out of 50
  Number of Mobile Apex push calls: 0 out of 10

02:11:10.89 (89352028)|CUMULATIVE_LIMIT_USAGE_END

02:11:10.0 (89420489)|CODE_UNIT_FINISHED|VF: /apex/MainPage
02:11:10.0 (90233430)|EXECUTION_FINISHED
