36.0 APEX_CODE,FINEST;APEX_PROFILING,INFO;CALLOUT,INFO;DB,INFO;NBA,INFO;SYSTEM,DEBUG;VALIDATION,INFO;VISUALFORCE,INFO;WAVE,INFO;WORKFLOW,INFO
23:43:10.0 (364878)|USER_INFO|[EXTERNAL]|0050o00000WkyGG|ttvy@keizu.co.jp|Pacific Standard Time|GMT-07:00
23:43:10.0 (398344)|EXECUTION_STARTED
23:43:10.0 (403040)|CODE_UNIT_STARTED|[EXTERNAL]|0660o000008sfSa|VF: /apex/StudentDetails
23:43:10.0 (919187)|VF_DESERIALIZE_VIEWSTATE_BEGIN|0660o000008sfSa
23:43:10.0 (5563314)|HEAP_ALLOCATE|[72]|Bytes:3
23:43:10.0 (5603583)|HEAP_ALLOCATE|[77]|Bytes:152
23:43:10.0 (5619990)|HEAP_ALLOCATE|[342]|Bytes:408
23:43:10.0 (5633543)|HEAP_ALLOCATE|[355]|Bytes:408
23:43:10.0 (5646806)|HEAP_ALLOCATE|[467]|Bytes:48
23:43:10.0 (5672225)|HEAP_ALLOCATE|[139]|Bytes:6
23:43:10.0 (6686786)|VF_DESERIALIZE_VIEWSTATE_END
23:43:10.0 (7307659)|HEAP_ALLOCATE|[EXTERNAL]|Bytes:252
23:43:10.0 (7328658)|HEAP_ALLOCATE|[EXTERNAL]|Bytes:27
23:43:10.0 (7340324)|METHOD_ENTRY|[1]|01p0o00000GMTHL|StudentDetailsController.StudentDetailsController()
23:43:10.0 (7347537)|STATEMENT_EXECUTE|[1]
23:43:10.0 (7353307)|STATEMENT_EXECUTE|[1]
23:43:10.0 (7381822)|HEAP_ALLOCATE|[50]|Bytes:5
23:43:10.0 (7407747)|HEAP_ALLOCATE|[56]|Bytes:5
23:43:10.0 (7416425)|HEAP_ALLOCATE|[64]|Bytes:7
23:43:10.0 (7434277)|SYSTEM_MODE_ENTER|false
23:43:10.0 (7445779)|HEAP_ALLOCATE|[EXTERNAL]|Bytes:5
23:43:10.0 (7452632)|SYSTEM_MODE_EXIT|false
23:43:10.0 (7461220)|METHOD_EXIT|[1]|StudentDetailsController
23:43:10.0 (7472449)|HEAP_ALLOCATE|[EXTERNAL]|Bytes:40
23:43:10.0 (7483677)|VARIABLE_SCOPE_BEGIN|[46]|this|StudentDetailsController|true|false
23:43:10.0 (7591379)|VARIABLE_ASSIGNMENT|[46]|this|{"averageScoreDetails":2.0,"birthdayDetails":"5/21/2010","firstNameDetails":"b","genderDetails":"Female","lastNameDetails":"b","score1Details":2.0,"score2Details":2.0,"score3Details":2.0,"stateDetails":"Failed"}|0xcf4301e
23:43:10.0 (7611109)|SYSTEM_MODE_ENTER|false
23:43:10.0 (7618875)|HEAP_ALLOCATE|[47]|Bytes:5
23:43:10.0 (7623548)|STATEMENT_EXECUTE|[46]
23:43:10.0 (7625299)|STATEMENT_EXECUTE|[47]
23:43:10.0 (7631190)|HEAP_ALLOCATE|[47]|Bytes:14
23:43:10.0 (7670126)|VARIABLE_SCOPE_BEGIN|[47]|pg|System.PageReference|true|false
23:43:10.0 (9391310)|VARIABLE_ASSIGNMENT|[47]|pg|"/apex/MainPage"|0x1b4c2137
23:43:10.0 (9407631)|STATEMENT_EXECUTE|[48]
23:43:10.0 (9506914)|STATEMENT_EXECUTE|[49]
23:43:10.0 (9515436)|SYSTEM_MODE_EXIT|false
23:43:10.11 (11352171)|CUMULATIVE_LIMIT_USAGE
23:43:10.11 (11352171)|LIMIT_USAGE_FOR_NS|(default)|
  Number of SOQL queries: 0 out of 100
  Number of query rows: 0 out of 50000
  Number of SOSL queries: 0 out of 20
  Number of DML statements: 0 out of 150
  Number of DML rows: 0 out of 10000
  Maximum CPU time: 0 out of 10000
  Maximum heap size: 0 out of 6000000
  Number of callouts: 0 out of 100
  Number of Email Invocations: 0 out of 10
  Number of future calls: 0 out of 50
  Number of queueable jobs added to the queue: 0 out of 50
  Number of Mobile Apex push calls: 0 out of 10

23:43:10.11 (11352171)|CUMULATIVE_LIMIT_USAGE_END

23:43:10.0 (11387364)|CODE_UNIT_FINISHED|VF: /apex/StudentDetails
23:43:10.0 (12199471)|EXECUTION_FINISHED
