36.0 APEX_CODE,FINEST;APEX_PROFILING,INFO;CALLOUT,INFO;DB,INFO;NBA,INFO;SYSTEM,DEBUG;VALIDATION,INFO;VISUALFORCE,INFO;WAVE,INFO;WORKFLOW,INFO
03:30:58.0 (432576)|USER_INFO|[EXTERNAL]|0050o00000WkyGG|ttvy@keizu.co.jp|Pacific Standard Time|GMT-07:00
03:30:58.0 (505545)|EXECUTION_STARTED
03:30:58.0 (511863)|CODE_UNIT_STARTED|[EXTERNAL]|0660o000008sEYc|VF: /apex/MainPage
03:30:58.0 (1025239)|VF_DESERIALIZE_VIEWSTATE_BEGIN|0660o000008sEYc
03:30:58.0 (9282067)|HEAP_ALLOCATE|[72]|Bytes:3
03:30:58.0 (9354416)|HEAP_ALLOCATE|[77]|Bytes:152
03:30:58.0 (9379447)|HEAP_ALLOCATE|[342]|Bytes:408
03:30:58.0 (9410674)|HEAP_ALLOCATE|[355]|Bytes:408
03:30:58.0 (9444085)|HEAP_ALLOCATE|[467]|Bytes:48
03:30:58.0 (9481812)|HEAP_ALLOCATE|[139]|Bytes:6
03:30:58.0 (9521613)|HEAP_ALLOCATE|[50]|Bytes:5
03:30:58.0 (9552958)|HEAP_ALLOCATE|[56]|Bytes:5
03:30:58.0 (9568443)|HEAP_ALLOCATE|[64]|Bytes:7
03:30:58.0 (14778421)|VF_DESERIALIZE_VIEWSTATE_END
03:30:58.15 (15779016)|SYSTEM_MODE_ENTER|true
03:30:58.15 (15914778)|HEAP_ALLOCATE|[EXTERNAL]|Bytes:38
03:30:58.15 (15934211)|HEAP_ALLOCATE|[EXTERNAL]|Bytes:7
03:30:58.17 (17081294)|SYSTEM_MODE_ENTER|true
03:30:58.17 (17155653)|HEAP_ALLOCATE|[EXTERNAL]|Bytes:8
03:30:58.17 (17164968)|VARIABLE_SCOPE_BEGIN|[88]|this|ApexPage.PageMessagesComponentController|true|false
03:30:58.17 (17243711)|VARIABLE_ASSIGNMENT|[88]|this|{}|0x2ddde1aa
03:30:58.17 (17255220)|VARIABLE_SCOPE_BEGIN|[88]|escape|Boolean|false|false
03:30:58.17 (17268546)|VARIABLE_ASSIGNMENT|[88]|escape|null
03:30:58.0 (17568671)|SYSTEM_MODE_ENTER|true
03:30:58.0 (17598605)|HEAP_ALLOCATE|[EXTERNAL]|Bytes:19
03:30:58.0 (17608966)|HEAP_ALLOCATE|[EXTERNAL]|Bytes:280
03:30:58.0 (17615948)|HEAP_ALLOCATE|[EXTERNAL]|Bytes:48
03:30:58.0 (17621856)|HEAP_ALLOCATE|[EXTERNAL]|Bytes:7
03:30:58.0 (17633489)|METHOD_ENTRY|[1]|01p0o00000GLKhZ|Controller.Controller()
03:30:58.0 (17658437)|STATEMENT_EXECUTE|[1]
03:30:58.0 (17663269)|STATEMENT_EXECUTE|[1]
03:30:58.0 (17672534)|SYSTEM_MODE_ENTER|false
03:30:58.0 (17683147)|HEAP_ALLOCATE|[EXTERNAL]|Bytes:5
03:30:58.0 (17690683)|STATEMENT_EXECUTE|[16]
03:30:58.0 (17692882)|STATEMENT_EXECUTE|[32]
03:30:58.0 (17697652)|SYSTEM_MODE_EXIT|false
03:30:58.0 (17708104)|METHOD_EXIT|[1]|Controller
03:30:58.0 (18525499)|HEAP_ALLOCATE|[EXTERNAL]|Bytes:120
03:30:58.0 (18539176)|HEAP_ALLOCATE|[EXTERNAL]|Bytes:8
03:30:58.21 (21714005)|SYSTEM_MODE_ENTER|true
03:30:58.21 (21800484)|HEAP_ALLOCATE|[EXTERNAL]|Bytes:8
03:30:58.21 (21813110)|VARIABLE_SCOPE_BEGIN|[88]|this|ApexPage.PageMessagesComponentController|true|false
03:30:58.21 (21853018)|VARIABLE_ASSIGNMENT|[88]|this|{}|0x2ddde1aa
03:30:58.21 (21863065)|VARIABLE_SCOPE_BEGIN|[88]|escape|Boolean|false|false
03:30:58.21 (21876042)|VARIABLE_ASSIGNMENT|[88]|escape|null
03:30:58.0 (22151348)|HEAP_ALLOCATE|[EXTERNAL]|Bytes:5
03:30:58.0 (22166396)|HEAP_ALLOCATE|[EXTERNAL]|Bytes:12
03:30:58.0 (22183362)|VARIABLE_ASSIGNMENT|[EXTERNAL]|this.isSelected|false|0x438fc0b0
03:30:58.0 (22625423)|HEAP_ALLOCATE|[EXTERNAL]|Bytes:5
03:30:58.0 (22634767)|HEAP_ALLOCATE|[EXTERNAL]|Bytes:12
03:30:58.0 (22647417)|VARIABLE_ASSIGNMENT|[EXTERNAL]|this.isSelected|true|0x75845fa1
03:30:58.0 (23298813)|HEAP_ALLOCATE|[EXTERNAL]|Bytes:40
03:30:58.0 (23317330)|VARIABLE_SCOPE_BEGIN|[107]|this|Controller|true|false
03:30:58.0 (23399464)|VARIABLE_ASSIGNMENT|[107]|this|{"objKeySearch":"0x473c800d","OutputList":"0x34700e05","student":"0x36224b72","sumstudents":"Total Students : 2"}|0x69ebfaca
03:30:58.0 (23418888)|SYSTEM_MODE_ENTER|false
03:30:58.0 (23428829)|HEAP_ALLOCATE|[108]|Bytes:5
03:30:58.0 (23436472)|STATEMENT_EXECUTE|[107]
03:30:58.0 (23439624)|STATEMENT_EXECUTE|[108]
03:30:58.0 (23444438)|HEAP_ALLOCATE|[108]|Bytes:6
03:30:58.0 (23491371)|USER_DEBUG|[108]|DEBUG|delete
03:30:58.0 (23563140)|VARIABLE_ASSIGNMENT|[EXTERNAL]|this|{"objKeySearch":"0x473c800d","OutputList":"0x34700e05","student":"0x36224b72","sumstudents":"Total Students : 2"}|0x69ebfaca
03:30:58.0 (23783067)|HEAP_ALLOCATE|[109]|Bytes:5
03:30:58.0 (23805837)|HEAP_ALLOCATE|[109]|Bytes:12
03:30:58.0 (23817061)|VARIABLE_SCOPE_BEGIN|[109]|s|Controller.Output|true|false
03:30:58.0 (23848975)|VARIABLE_ASSIGNMENT|[109]|s|{"isSelected":false,"student":"0x383951d3"}|0x438fc0b0
03:30:58.0 (23860154)|STATEMENT_EXECUTE|[109]
03:30:58.0 (23862685)|STATEMENT_EXECUTE|[110]
03:30:58.0 (23899617)|VARIABLE_ASSIGNMENT|[EXTERNAL]|this|{"isSelected":false,"student":"0x383951d3"}|0x438fc0b0
03:30:58.0 (23949393)|HEAP_ALLOCATE|[110]|Bytes:5
03:30:58.0 (23965077)|HEAP_ALLOCATE|[110]|Bytes:16
03:30:58.0 (23979836)|HEAP_ALLOCATE|[110]|Bytes:21
03:30:58.0 (23993592)|USER_DEBUG|[110]|DEBUG|false result selected
03:30:58.0 (24030070)|VARIABLE_ASSIGNMENT|[EXTERNAL]|this|{"isSelected":false,"student":"0x383951d3"}|0x438fc0b0
03:30:58.0 (24047529)|STATEMENT_EXECUTE|[111]
03:30:58.0 (24059364)|HEAP_ALLOCATE|[109]|Bytes:5
03:30:58.0 (24071822)|HEAP_ALLOCATE|[109]|Bytes:12
03:30:58.0 (24079265)|VARIABLE_SCOPE_BEGIN|[109]|s|Controller.Output|true|false
03:30:58.0 (24102752)|VARIABLE_ASSIGNMENT|[109]|s|{"isSelected":true,"student":"0x52a0b263"}|0x75845fa1
03:30:58.0 (24118168)|STATEMENT_EXECUTE|[109]
03:30:58.0 (24120458)|STATEMENT_EXECUTE|[110]
03:30:58.0 (24140081)|VARIABLE_ASSIGNMENT|[EXTERNAL]|this|{"isSelected":true,"student":"0x52a0b263"}|0x75845fa1
03:30:58.0 (24164417)|HEAP_ALLOCATE|[110]|Bytes:4
03:30:58.0 (24179287)|HEAP_ALLOCATE|[110]|Bytes:20
03:30:58.0 (24189698)|USER_DEBUG|[110]|DEBUG|true result selected
03:30:58.0 (24216104)|VARIABLE_ASSIGNMENT|[EXTERNAL]|this|{"isSelected":true,"student":"0x52a0b263"}|0x75845fa1
03:30:58.0 (24229454)|STATEMENT_EXECUTE|[111]
03:30:58.0 (24231782)|STATEMENT_EXECUTE|[112]
03:30:58.0 (24264393)|VARIABLE_ASSIGNMENT|[EXTERNAL]|this|{"isSelected":true,"student":"0x52a0b263"}|0x75845fa1
03:30:58.0 (24341915)|HEAP_ALLOCATE|[112]|Bytes:8
03:30:58.0 (24354094)|HEAP_ALLOCATE|[112]|Bytes:8
03:30:58.0 (24367895)|DML_BEGIN|[112]|Op:Delete|Type:Student__c|Rows:1
03:30:58.0 (24408045)|HEAP_ALLOCATE|[EXTERNAL]|Bytes:8
03:30:58.0 (219987982)|CODE_UNIT_STARTED|[EXTERNAL]|01q0o000000jKrN|triggerStudent on Student trigger event AfterDelete|__sfdc_trigger/triggerStudent
03:30:58.0 (220054394)|HEAP_ALLOCATE|[EXTERNAL]|Bytes:8
03:30:58.0 (225553376)|HEAP_ALLOCATE|[EXTERNAL]|Bytes:8
03:30:58.0 (225577924)|VARIABLE_SCOPE_BEGIN|[1]|this|triggerStudent|true|false
03:30:58.0 (225637111)|VARIABLE_ASSIGNMENT|[1]|this|{}|0x61701771
03:30:58.0 (225733175)|HEAP_ALLOCATE|[EXTERNAL]|Bytes:8
03:30:58.0 (225745961)|VARIABLE_SCOPE_BEGIN|[1]|this|triggerStudent|true|false
03:30:58.0 (225768505)|VARIABLE_ASSIGNMENT|[1]|this|{}|0x61701771
03:30:58.0 (225777332)|STATEMENT_EXECUTE|[1]
03:30:58.0 (225779333)|STATEMENT_EXECUTE|[3]
03:30:58.0 (225785005)|HEAP_ALLOCATE|[3]|Bytes:15
03:30:58.0 (225791387)|HEAP_ALLOCATE|[3]|Bytes:20
03:30:58.0 (225826236)|METHOD_ENTRY|[1]|01p0o00000GMOB6|TriggerHandle.TriggerHandle()
03:30:58.0 (225833253)|STATEMENT_EXECUTE|[1]
03:30:58.0 (225837384)|STATEMENT_EXECUTE|[1]
03:30:58.0 (226309130)|SYSTEM_MODE_ENTER|false
03:30:58.0 (226325890)|HEAP_ALLOCATE|[3]|Bytes:5
03:30:58.0 (226337007)|STATEMENT_EXECUTE|[226]
03:30:58.0 (226342673)|SYSTEM_MODE_EXIT|false
03:30:58.0 (226358098)|METHOD_EXIT|[1]|TriggerHandle
03:30:58.0 (226376122)|HEAP_ALLOCATE|[3]|Bytes:4
03:30:58.0 (226394941)|CONSTRUCTOR_ENTRY|[3]|01p0o00000GMOB6|<init>()|TriggerHandle
03:30:58.0 (226433396)|VARIABLE_SCOPE_BEGIN|[3]|this|TriggerHandle|true|false
03:30:58.0 (226462001)|VARIABLE_ASSIGNMENT|[3]|this|{}|0x6a2bd5f1
03:30:58.0 (226478604)|SYSTEM_MODE_ENTER|false
03:30:58.0 (226488637)|HEAP_ALLOCATE|[EXTERNAL]|Bytes:5
03:30:58.0 (226495671)|STATEMENT_EXECUTE|[1]
03:30:58.0 (226500534)|HEAP_ALLOCATE|[EXTERNAL]|Bytes:5
03:30:58.0 (226516654)|HEAP_ALLOCATE|[EXTERNAL]|Bytes:6
03:30:58.0 (226553976)|STATEMENT_EXECUTE|[4]
03:30:58.0 (226558959)|SYSTEM_MODE_EXIT|false
03:30:58.0 (226570543)|CONSTRUCTOR_EXIT|[3]|01p0o00000GMOB6|<init>()|TriggerHandle
03:30:58.0 (226609086)|VARIABLE_ASSIGNMENT|[3]|this.handle|0x6a2bd5f1|0x61701771
03:30:58.0 (226628776)|STATEMENT_EXECUTE|[15]
03:30:58.0 (226641322)|STATEMENT_EXECUTE|[21]
03:30:58.0 (226643880)|STATEMENT_EXECUTE|[22]
03:30:58.0 (226736125)|METHOD_ENTRY|[22]|01p0o00000GMOB6|TriggerHandle.onAfterDelete(List<Student__c>)
03:30:58.0 (226762933)|VARIABLE_SCOPE_BEGIN|[63]|this|TriggerHandle|true|false
03:30:58.0 (226781189)|VARIABLE_ASSIGNMENT|[63]|this|{}|0x6a2bd5f1
03:30:58.0 (226788789)|VARIABLE_SCOPE_BEGIN|[63]|oldStudentList|List<Student__c>|true|false
03:30:58.0 (227930763)|VARIABLE_ASSIGNMENT|[63]|oldStudentList|[{"LastModifiedDate":"2019-05-10T10:11:53.000Z","StudentId__c":"HS0068","IsDeleted":false,"Score1__c":5.00,"Score2__c":5.00,"Gender__c":true,"Score3__c":6.00,"Class__c":"a0H0o00000fJQOvEAO","Name":"a0I0o000013e0zJ","SystemModstamp":"2019-05-10T10:11:53.000Z","AverageScore__c":5.33,"CreatedById":"0050o00000WkyGGAAZ","Birthday__c":"2010-05-06T00:00:00.000Z","Namel__c":"pp","CreatedDate":"2019-05-10T10:11:53.000Z","Id":"a0I0o000013e0zJEAQ","LastModifiedById":"0050o00000WkyGGAAZ","State__c":"Passed","Namef__c":"aaa"}]|0x2c4182bc
03:30:58.0 (227967013)|SYSTEM_MODE_ENTER|false
03:30:58.0 (227978485)|HEAP_ALLOCATE|[65]|Bytes:5
03:30:58.0 (227986730)|STATEMENT_EXECUTE|[64]
03:30:58.0 (227989216)|STATEMENT_EXECUTE|[65]
03:30:58.0 (227991218)|STATEMENT_EXECUTE|[66]
03:30:58.0 (227993213)|STATEMENT_EXECUTE|[67]
03:30:58.0 (228020824)|METHOD_ENTRY|[67]|01p0o00000GMOB6|TriggerHandle.executeNOStudentsUpdate(List<Student__c>, String)
03:30:58.0 (228085555)|VARIABLE_SCOPE_BEGIN|[187]|this|TriggerHandle|true|false
03:30:58.0 (228119103)|VARIABLE_ASSIGNMENT|[187]|this|{}|0x6a2bd5f1
03:30:58.0 (228131452)|VARIABLE_SCOPE_BEGIN|[187]|studentList|List<Student__c>|true|false
03:30:58.0 (228355780)|VARIABLE_ASSIGNMENT|[187]|studentList|[{"LastModifiedDate":"2019-05-10T10:11:53.000Z","StudentId__c":"HS0068","IsDeleted":false,"Score1__c":5.00,"Score2__c":5.00,"Gender__c":true,"Score3__c":6.00,"Class__c":"a0H0o00000fJQOvEAO","Name":"a0I0o000013e0zJ","SystemModstamp":"2019-05-10T10:11:53.000Z","AverageScore__c":5.33,"CreatedById":"0050o00000WkyGGAAZ","Birthday__c":"2010-05-06T00:00:00.000Z","Namel__c":"pp","CreatedDate":"2019-05-10T10:11:53.000Z","Id":"a0I0o000013e0zJEAQ","LastModifiedById":"0050o00000WkyGGAAZ","State__c":"Passed","Namef__c":"aaa"}]|0x2c4182bc
03:30:58.0 (228380487)|VARIABLE_SCOPE_BEGIN|[187]|action|String|false|false
03:30:58.0 (228397105)|VARIABLE_ASSIGNMENT|[187]|action|"delete"
03:30:58.0 (228413825)|HEAP_ALLOCATE|[189]|Bytes:5
03:30:58.0 (228422130)|STATEMENT_EXECUTE|[188]
03:30:58.0 (228424482)|STATEMENT_EXECUTE|[189]
03:30:58.0 (228441988)|HEAP_ALLOCATE|[189]|Bytes:4
03:30:58.0 (228457361)|VARIABLE_SCOPE_BEGIN|[189]|classIDMap|Map<Id,Integer>|true|false
03:30:58.0 (228475125)|VARIABLE_ASSIGNMENT|[189]|classIDMap|{}|0x55c4bd18
03:30:58.0 (228676444)|HEAP_ALLOCATE|[192]|Bytes:5
03:30:58.0 (228707488)|VARIABLE_SCOPE_BEGIN|[192]|s|Student__c|true|false
03:30:58.0 (228882828)|VARIABLE_ASSIGNMENT|[192]|s|{"LastModifiedDate":"2019-05-10T10:11:53.000Z","StudentId__c":"HS0068","IsDeleted":false,"Score1__c":5.00,"Score2__c":5.00,"Gender__c":true,"Score3__c":6.00,"Class__c":"a0H0o00000fJQOvEAO","Name":"a0I0o000013e0zJ","SystemModstamp":"2019-05-10T10:11:53.000Z","AverageScore__c":5.33,"CreatedById":"0050o00000WkyGGAAZ","Birthday__c":"2010-05-06T00:00:00.000Z","Namel__c":"pp","CreatedDate":"2019-05-10T10:11:53.000Z","Id":"a0I0o000013e0zJEAQ","LastModifiedById":"0050o00000WkyGGAAZ","State__c":"Passed","Namef__c":"aaa"}|0x7d46ae86
03:30:58.0 (228903591)|STATEMENT_EXECUTE|[193]
03:30:58.0 (229023151)|STATEMENT_EXECUTE|[199]
03:30:58.0 (229027634)|STATEMENT_EXECUTE|[200]
03:30:58.0 (229066506)|HEAP_ALLOCATE|[200]|Bytes:4
03:30:58.0 (229081718)|HEAP_ALLOCATE|[EXTERNAL]|Bytes:-4
03:30:58.0 (229106437)|HEAP_ALLOCATE|[192]|Bytes:5
03:30:58.0 (229135610)|VARIABLE_ASSIGNMENT|[192]|s|null|
03:30:58.0 (229144371)|STATEMENT_EXECUTE|[204]
03:30:58.0 (229149115)|HEAP_ALLOCATE|[204]|Bytes:44
03:30:58.0 (229171705)|HEAP_ALLOCATE|[204]|Bytes:4
03:30:58.0 (230251558)|SOQL_EXECUTE_BEGIN|[204]|Aggregations:0|SELECT id, NumberOfStudents__c FROM Class__c
03:30:58.0 (234392605)|SOQL_EXECUTE_END|[204]|Rows:2
03:30:58.0 (234422047)|HEAP_ALLOCATE|[204]|Bytes:12
03:30:58.0 (234443704)|HEAP_ALLOCATE|[204]|Bytes:176
03:30:58.0 (234524175)|HEAP_ALLOCATE|[204]|Bytes:12
03:30:58.0 (234541822)|VARIABLE_SCOPE_BEGIN|[204]|classList|List<Class__c>|true|false
03:30:58.0 (234594793)|VARIABLE_ASSIGNMENT|[204]|classList|[{"Id":"a0H0o00000fJQOvEAO","NumberOfStudents__c":1},{"Id":"a0H0o00000fJQOwEAO","NumberOfStudents__c":0}]|0x5f19e357
03:30:58.0 (234768478)|HEAP_ALLOCATE|[206]|Bytes:5
03:30:58.0 (234792133)|HEAP_ALLOCATE|[206]|Bytes:12
03:30:58.0 (234803679)|VARIABLE_SCOPE_BEGIN|[206]|c|Class__c|true|false
03:30:58.0 (234821676)|VARIABLE_ASSIGNMENT|[206]|c|{"Id":"a0H0o00000fJQOvEAO","NumberOfStudents__c":1}|0x3ba6086a
03:30:58.0 (234828957)|STATEMENT_EXECUTE|[207]
03:30:58.0 (234906367)|STATEMENT_EXECUTE|[209]
03:30:58.0 (234924517)|HEAP_ALLOCATE|[211]|Bytes:6
03:30:58.0 (234978670)|STATEMENT_EXECUTE|[216]
03:30:58.0 (234980936)|STATEMENT_EXECUTE|[217]
03:30:58.0 (235036674)|HEAP_ALLOCATE|[217]|Bytes:28
03:30:58.0 (235043138)|HEAP_ALLOCATE|[217]|Bytes:28
03:30:58.0 (235135100)|VARIABLE_ASSIGNMENT|[217]|this.NumberOfStudents__c|0|0x3ba6086a
03:30:58.0 (235142945)|STATEMENT_EXECUTE|[220]
03:30:58.0 (235181278)|HEAP_ALLOCATE|[220]|Bytes:8
03:30:58.0 (235193825)|DML_BEGIN|[220]|Op:Update|Type:Class__c|Rows:1
03:30:58.0 (235219868)|HEAP_ALLOCATE|[EXTERNAL]|Bytes:8
03:30:58.0 (258000392)|DML_END|[220]
03:30:58.0 (258021938)|STATEMENT_EXECUTE|[222]
03:30:58.0 (258121781)|HEAP_ALLOCATE|[206]|Bytes:5
03:30:58.0 (258146203)|HEAP_ALLOCATE|[206]|Bytes:12
03:30:58.0 (258157988)|VARIABLE_SCOPE_BEGIN|[206]|c|Class__c|true|false
03:30:58.0 (258194057)|VARIABLE_ASSIGNMENT|[206]|c|{"Id":"a0H0o00000fJQOwEAO","NumberOfStudents__c":0}|0x338ef056
03:30:58.0 (258202135)|STATEMENT_EXECUTE|[207]
03:30:58.0 (258221520)|STATEMENT_EXECUTE|[208]
03:30:58.0 (258230184)|HEAP_ALLOCATE|[206]|Bytes:5
03:30:58.0 (258241251)|VARIABLE_ASSIGNMENT|[206]|c|null|
03:30:58.0 (258256141)|METHOD_EXIT|[67]|01p0o00000GMOB6|TriggerHandle.executeNOStudentsUpdate(List<Student__c>, String)
03:30:58.0 (258262095)|STATEMENT_EXECUTE|[68]
03:30:58.0 (258278793)|METHOD_ENTRY|[68]|01p0o00000GMOB6|TriggerHandle.executeNOFAPStudentsUpdate(List<Student__c>, String)
03:30:58.0 (258304268)|VARIABLE_SCOPE_BEGIN|[114]|this|TriggerHandle|true|false
03:30:58.0 (258324790)|VARIABLE_ASSIGNMENT|[114]|this|{}|0x6a2bd5f1
03:30:58.0 (258331546)|VARIABLE_SCOPE_BEGIN|[114]|studentList|List<Student__c>|true|false
03:30:58.0 (258549924)|VARIABLE_ASSIGNMENT|[114]|studentList|[{"LastModifiedDate":"2019-05-10T10:11:53.000Z","StudentId__c":"HS0068","IsDeleted":false,"Score1__c":5.00,"Score2__c":5.00,"Gender__c":true,"Score3__c":6.00,"Class__c":"a0H0o00000fJQOvEAO","Name":"a0I0o000013e0zJ","SystemModstamp":"2019-05-10T10:11:53.000Z","AverageScore__c":5.33,"CreatedById":"0050o00000WkyGGAAZ","Birthday__c":"2010-05-06T00:00:00.000Z","Namel__c":"pp","CreatedDate":"2019-05-10T10:11:53.000Z","Id":"a0I0o000013e0zJEAQ","LastModifiedById":"0050o00000WkyGGAAZ","State__c":"Passed","Namef__c":"aaa"}]|0x2c4182bc
03:30:58.0 (258564905)|VARIABLE_SCOPE_BEGIN|[114]|action|String|false|false
03:30:58.0 (258575023)|VARIABLE_ASSIGNMENT|[114]|action|"delete"
03:30:58.0 (258587357)|HEAP_ALLOCATE|[116]|Bytes:5
03:30:58.0 (258593190)|STATEMENT_EXECUTE|[115]
03:30:58.0 (258594923)|STATEMENT_EXECUTE|[116]
03:30:58.0 (258609240)|HEAP_ALLOCATE|[116]|Bytes:4
03:30:58.0 (258619549)|VARIABLE_SCOPE_BEGIN|[116]|classIDMapWithPassedStudents|Map<Id,Integer>|true|false
03:30:58.0 (258636978)|VARIABLE_ASSIGNMENT|[116]|classIDMapWithPassedStudents|{}|0x78eae1e9
03:30:58.0 (258643143)|STATEMENT_EXECUTE|[117]
03:30:58.0 (258649691)|HEAP_ALLOCATE|[117]|Bytes:4
03:30:58.0 (258654999)|VARIABLE_SCOPE_BEGIN|[117]|classIDMapWithFaliedStudents|Map<Id,Integer>|true|false
03:30:58.0 (258665706)|VARIABLE_ASSIGNMENT|[117]|classIDMapWithFaliedStudents|{}|0x24e8da27
03:30:58.0 (258707469)|HEAP_ALLOCATE|[120]|Bytes:5
03:30:58.0 (258726634)|VARIABLE_SCOPE_BEGIN|[120]|s|Student__c|true|false
03:30:58.0 (258869347)|VARIABLE_ASSIGNMENT|[120]|s|{"LastModifiedDate":"2019-05-10T10:11:53.000Z","StudentId__c":"HS0068","IsDeleted":false,"Score1__c":5.00,"Score2__c":5.00,"Gender__c":true,"Score3__c":6.00,"Class__c":"a0H0o00000fJQOvEAO","Name":"a0I0o000013e0zJ","SystemModstamp":"2019-05-10T10:11:53.000Z","AverageScore__c":5.33,"CreatedById":"0050o00000WkyGGAAZ","Birthday__c":"2010-05-06T00:00:00.000Z","Namel__c":"pp","CreatedDate":"2019-05-10T10:11:53.000Z","Id":"a0I0o000013e0zJEAQ","LastModifiedById":"0050o00000WkyGGAAZ","State__c":"Passed","Namef__c":"aaa"}|0x7d46ae86
03:30:58.0 (258882588)|STATEMENT_EXECUTE|[121]
03:30:58.0 (258907390)|HEAP_ALLOCATE|[123]|Bytes:6
03:30:58.0 (258952098)|STATEMENT_EXECUTE|[124]
03:30:58.0 (258977292)|STATEMENT_EXECUTE|[130]
03:30:58.0 (258979458)|STATEMENT_EXECUTE|[131]
03:30:58.0 (258997918)|HEAP_ALLOCATE|[131]|Bytes:4
03:30:58.0 (259007337)|HEAP_ALLOCATE|[EXTERNAL]|Bytes:-4
03:30:58.0 (259024087)|HEAP_ALLOCATE|[120]|Bytes:5
03:30:58.0 (259037366)|VARIABLE_ASSIGNMENT|[120]|s|null|
03:30:58.0 (259043560)|STATEMENT_EXECUTE|[147]
03:30:58.0 (259046337)|HEAP_ALLOCATE|[147]|Bytes:77
03:30:58.0 (259061256)|HEAP_ALLOCATE|[147]|Bytes:4
03:30:58.0 (259244811)|SOQL_EXECUTE_BEGIN|[147]|Aggregations:0|SELECT id, NumberOfFailedStudents__c, NumberOfPassedStudents__c FROM Class__c
03:30:58.0 (261440032)|SOQL_EXECUTE_END|[147]|Rows:2
03:30:58.0 (261470065)|HEAP_ALLOCATE|[147]|Bytes:12
03:30:58.0 (261494812)|HEAP_ALLOCATE|[147]|Bytes:318
03:30:58.0 (261525507)|HEAP_ALLOCATE|[147]|Bytes:12
03:30:58.0 (261538630)|VARIABLE_SCOPE_BEGIN|[147]|classList|List<Class__c>|true|false
03:30:58.0 (261573550)|VARIABLE_ASSIGNMENT|[147]|classList|[{"Id":"a0H0o00000fJQOvEAO","NumberOfFailedStudents__c":1,"NumberOfPassedStudents__c":1},{"Id":"a0H0o00000fJQOwEAO","NumberOfFailedStudents__c":0,"NumberOfPassedStudents__c":0}]|0x6ec9f9f3
03:30:58.0 (261619225)|HEAP_ALLOCATE|[149]|Bytes:5
03:30:58.0 (261634288)|HEAP_ALLOCATE|[149]|Bytes:16
03:30:58.0 (261642546)|VARIABLE_SCOPE_BEGIN|[149]|c|Class__c|true|false
03:30:58.0 (261659959)|VARIABLE_ASSIGNMENT|[149]|c|{"Id":"a0H0o00000fJQOvEAO","NumberOfFailedStudents__c":1,"NumberOfPassedStudents__c":1}|0x31148209
03:30:58.0 (261667688)|STATEMENT_EXECUTE|[150]
03:30:58.0 (261702404)|STATEMENT_EXECUTE|[152]
03:30:58.0 (261720566)|STATEMENT_EXECUTE|[169]
03:30:58.0 (261746245)|STATEMENT_EXECUTE|[177]
03:30:58.0 (261748329)|STATEMENT_EXECUTE|[178]
03:30:58.0 (261782730)|HEAP_ALLOCATE|[178]|Bytes:28
03:30:58.0 (261788249)|HEAP_ALLOCATE|[178]|Bytes:28
03:30:58.0 (261845694)|VARIABLE_ASSIGNMENT|[178]|this.NumberOfPassedStudents__c|0|0x31148209
03:30:58.0 (261853018)|STATEMENT_EXECUTE|[180]
03:30:58.0 (261881551)|HEAP_ALLOCATE|[180]|Bytes:8
03:30:58.0 (261892862)|DML_BEGIN|[180]|Op:Update|Type:Class__c|Rows:1
03:30:58.0 (261918770)|HEAP_ALLOCATE|[EXTERNAL]|Bytes:8
03:30:58.0 (274314349)|DML_END|[180]
03:30:58.0 (274336034)|STATEMENT_EXECUTE|[181]
03:30:58.0 (274443942)|HEAP_ALLOCATE|[149]|Bytes:5
03:30:58.0 (274468866)|HEAP_ALLOCATE|[149]|Bytes:16
03:30:58.0 (274482181)|VARIABLE_SCOPE_BEGIN|[149]|c|Class__c|true|false
03:30:58.0 (274520185)|VARIABLE_ASSIGNMENT|[149]|c|{"Id":"a0H0o00000fJQOwEAO","NumberOfFailedStudents__c":0,"NumberOfPassedStudents__c":0}|0x7db344fa
03:30:58.0 (274527873)|STATEMENT_EXECUTE|[150]
03:30:58.0 (274548607)|STATEMENT_EXECUTE|[152]
03:30:58.0 (274557732)|STATEMENT_EXECUTE|[168]
03:30:58.0 (274565972)|HEAP_ALLOCATE|[149]|Bytes:5
03:30:58.0 (274577611)|VARIABLE_ASSIGNMENT|[149]|c|null|
03:30:58.0 (274594118)|METHOD_EXIT|[68]|01p0o00000GMOB6|TriggerHandle.executeNOFAPStudentsUpdate(List<Student__c>, String)
03:30:58.0 (274603131)|SYSTEM_MODE_EXIT|false
03:30:58.0 (274612009)|METHOD_EXIT|[22]|01p0o00000GMOB6|TriggerHandle.onAfterDelete(List<Student__c>)
03:30:58.274 (274625835)|CUMULATIVE_LIMIT_USAGE
03:30:58.274 (274625835)|LIMIT_USAGE_FOR_NS|(default)|
  Number of SOQL queries: 2 out of 100
  Number of query rows: 4 out of 50000
  Number of SOSL queries: 0 out of 20
  Number of DML statements: 3 out of 150
  Number of DML rows: 3 out of 10000
  Maximum CPU time: 0 out of 10000
  Maximum heap size: 0 out of 6000000
  Number of callouts: 0 out of 100
  Number of Email Invocations: 0 out of 10
  Number of future calls: 0 out of 50
  Number of queueable jobs added to the queue: 0 out of 50
  Number of Mobile Apex push calls: 0 out of 10

03:30:58.274 (274625835)|CUMULATIVE_LIMIT_USAGE_END

03:30:58.0 (275914535)|CODE_UNIT_FINISHED|triggerStudent on Student trigger event AfterDelete|__sfdc_trigger/triggerStudent
03:30:58.0 (277912160)|DML_END|[112]
03:30:58.0 (277955677)|HEAP_ALLOCATE|[109]|Bytes:5
03:30:58.0 (277981433)|VARIABLE_ASSIGNMENT|[109]|s|null|
03:30:58.0 (277988603)|STATEMENT_EXECUTE|[115]
03:30:58.0 (278021423)|METHOD_ENTRY|[115]|01p0o00000GLKhZ|Controller.actionSearch()
03:30:58.0 (278058318)|VARIABLE_SCOPE_BEGIN|[131]|this|Controller|true|false
03:30:58.0 (278118812)|VARIABLE_ASSIGNMENT|[131]|this|{"objKeySearch":"0x473c800d","OutputList":"0x34700e05","student":"0x36224b72","sumstudents":"Total Students : 2"}|0x69ebfaca
03:30:58.0 (278135193)|HEAP_ALLOCATE|[132]|Bytes:5
03:30:58.0 (278140695)|STATEMENT_EXECUTE|[131]
03:30:58.0 (278142393)|STATEMENT_EXECUTE|[132]
03:30:58.0 (278144013)|STATEMENT_EXECUTE|[132]
03:30:58.0 (278188315)|VARIABLE_ASSIGNMENT|[EXTERNAL]|this|{"objKeySearch":"0x473c800d","OutputList":"0x34700e05","student":"0x36224b72","sumstudents":"Total Students : 2"}|0x69ebfaca
03:30:58.0 (278211698)|HEAP_ALLOCATE|[133]|Bytes:184
03:30:58.0 (278219758)|HEAP_ALLOCATE|[133]|Bytes:17
03:30:58.0 (278277559)|VARIABLE_ASSIGNMENT|[EXTERNAL]|this|{"className":"Math","increasing":false,"objStudentFrom":"0x40ccd73d","objStudentTo":"0x7a6cd376","studentName":"0x42e0c854"}|0x473c800d
03:30:58.0 (278358296)|STATEMENT_EXECUTE|[133]
03:30:58.0 (278361142)|STATEMENT_EXECUTE|[137]
03:30:58.0 (278371110)|METHOD_ENTRY|[137]|01p0o00000GLKhZ|Controller.getStudent()
03:30:58.0 (278388889)|VARIABLE_SCOPE_BEGIN|[63]|this|Controller|true|false
03:30:58.0 (278418931)|VARIABLE_ASSIGNMENT|[63]|this|{"objKeySearch":"0x473c800d","OutputList":"0x34700e05","student":"0x36224b72","sumstudents":"Total Students : 2"}|0x69ebfaca
03:30:58.0 (278432663)|HEAP_ALLOCATE|[64]|Bytes:5
03:30:58.0 (278437764)|STATEMENT_EXECUTE|[63]
03:30:58.0 (278439399)|STATEMENT_EXECUTE|[64]
03:30:58.0 (278443191)|HEAP_ALLOCATE|[64]|Bytes:274
03:30:58.0 (278461470)|HEAP_ALLOCATE|[64]|Bytes:4
03:30:58.0 (278471726)|HEAP_ALLOCATE|[64]|Bytes:7
03:30:58.0 (278507111)|VARIABLE_ASSIGNMENT|[EXTERNAL]|this|{"objKeySearch":"0x473c800d","OutputList":"0x34700e05","student":"0x36224b72","sumstudents":"Total Students : 2"}|0x69ebfaca
03:30:58.0 (278537541)|VARIABLE_ASSIGNMENT|[EXTERNAL]|this|{"className":"Math","increasing":false,"objStudentFrom":"0x40ccd73d","objStudentTo":"0x7a6cd376","studentName":"0x42e0c854"}|0x473c800d
03:30:58.0 (278563443)|HEAP_ALLOCATE|[64]|Bytes:7
03:30:58.0 (278594399)|VARIABLE_ASSIGNMENT|[EXTERNAL]|this|{"objKeySearch":"0x473c800d","OutputList":"0x34700e05","student":"0x36224b72","sumstudents":"Total Students : 2"}|0x69ebfaca
03:30:58.0 (278624472)|VARIABLE_ASSIGNMENT|[EXTERNAL]|this|{"className":"Math","increasing":false,"objStudentFrom":"0x40ccd73d","objStudentTo":"0x7a6cd376","studentName":"0x42e0c854"}|0x473c800d
03:30:58.0 (278638767)|HEAP_ALLOCATE|[64]|Bytes:7
03:30:58.0 (278666814)|VARIABLE_ASSIGNMENT|[EXTERNAL]|this|{"objKeySearch":"0x473c800d","OutputList":"0x34700e05","student":"0x36224b72","sumstudents":"Total Students : 2"}|0x69ebfaca
03:30:58.0 (278694905)|VARIABLE_ASSIGNMENT|[EXTERNAL]|this|{"className":"Math","increasing":false,"objStudentFrom":"0x40ccd73d","objStudentTo":"0x7a6cd376","studentName":"0x42e0c854"}|0x473c800d
03:30:58.0 (278708522)|HEAP_ALLOCATE|[64]|Bytes:7
03:30:58.0 (278737152)|VARIABLE_ASSIGNMENT|[EXTERNAL]|this|{"objKeySearch":"0x473c800d","OutputList":"0x34700e05","student":"0x36224b72","sumstudents":"Total Students : 2"}|0x69ebfaca
03:30:58.0 (278762677)|VARIABLE_ASSIGNMENT|[EXTERNAL]|this|{"className":"Math","increasing":false,"objStudentFrom":"0x40ccd73d","objStudentTo":"0x7a6cd376","studentName":"0x42e0c854"}|0x473c800d
03:30:58.0 (279484656)|SOQL_EXECUTE_BEGIN|[64]|Aggregations:0|SELECT Namef__c, Namel__c, Birthday__c, Gender__c, Score1__c, Score2__c, Score3__c, AverageScore__c, State__c, StudentId__c FROM Student__c WHERE (Name LIKE :tmpVar1 OR Class__r.Name LIKE :tmpVar2 OR (Student__c.Birthday__c > :tmpVar3 AND Student__c.Birthday__c < :tmpVar4))
03:30:58.0 (286088692)|SOQL_EXECUTE_END|[64]|Rows:1
03:30:58.0 (286132143)|HEAP_ALLOCATE|[64]|Bytes:8
03:30:58.0 (286166468)|HEAP_ALLOCATE|[64]|Bytes:367
03:30:58.0 (286203914)|HEAP_ALLOCATE|[64]|Bytes:8
03:30:58.0 (286227131)|VARIABLE_SCOPE_BEGIN|[64]|studentGetList|List<Student__c>|true|false
03:30:58.0 (286314971)|VARIABLE_ASSIGNMENT|[64]|studentGetList|[{"Namef__c":"aaa","Namel__c":"bbb","Birthday__c":"2012-05-10T00:00:00.000Z","Gender__c":false,"Score1__c":1.00,"Score2__c":2.00,"Score3__c":3.00,"AverageScore__c":2.00,"State__c":"Failed","StudentId__c":"HS0067","Class__c":"a0H0o00000fJQOvEAO","Id":"a0I0o000013e0yVEAQ"}]|0x7f4b9390
03:30:58.0 (286331818)|STATEMENT_EXECUTE|[79]
03:30:58.0 (286348426)|HEAP_ALLOCATE|[79]|Bytes:4
03:30:58.0 (286402741)|VARIABLE_SCOPE_BEGIN|[79]|result|List<Controller.Output>|true|false
03:30:58.0 (286434190)|HEAP_ALLOCATE|[EXTERNAL]|Bytes:4
03:30:58.0 (286448561)|VARIABLE_ASSIGNMENT|[79]|result|[]|0x25077e8
03:30:58.0 (286516097)|HEAP_ALLOCATE|[80]|Bytes:5
03:30:58.0 (286541382)|HEAP_ALLOCATE|[80]|Bytes:52
03:30:58.0 (286555383)|VARIABLE_SCOPE_BEGIN|[80]|s|Student__c|true|false
03:30:58.0 (286608669)|VARIABLE_ASSIGNMENT|[80]|s|{"Namef__c":"aaa","Namel__c":"bbb","Birthday__c":"2012-05-10T00:00:00.000Z","Gender__c":false,"Score1__c":1.00,"Score2__c":2.00,"Score3__c":3.00,"AverageScore__c":2.00,"State__c":"Failed","StudentId__c":"HS0067","Class__c":"a0H0o00000fJQOvEAO","Id":"a0I0o000013e0yVEAQ"}|0x7ec96441
03:30:58.0 (286626337)|STATEMENT_EXECUTE|[80]
03:30:58.0 (286628911)|STATEMENT_EXECUTE|[81]
03:30:58.0 (286637907)|HEAP_ALLOCATE|[81]|Bytes:12
03:30:58.0 (286661392)|CONSTRUCTOR_ENTRY|[81]|01p0o00000GLKhZ|<init>(Student__c)|Controller.Output
03:30:58.0 (286701849)|VARIABLE_SCOPE_BEGIN|[35]|this|Controller.Output|true|false
03:30:58.0 (286741016)|VARIABLE_ASSIGNMENT|[35]|this|{}|0x1f33c5fa
03:30:58.0 (286754411)|VARIABLE_SCOPE_BEGIN|[35]|s|Student__c|true|false
03:30:58.0 (286805013)|VARIABLE_ASSIGNMENT|[35]|s|{"Namef__c":"aaa","Namel__c":"bbb","Birthday__c":"2012-05-10T00:00:00.000Z","Gender__c":false,"Score1__c":1.00,"Score2__c":2.00,"Score3__c":3.00,"AverageScore__c":2.00,"State__c":"Failed","StudentId__c":"HS0067","Class__c":"a0H0o00000fJQOvEAO","Id":"a0I0o000013e0yVEAQ"}|0x7ec96441
03:30:58.0 (286822464)|STATEMENT_EXECUTE|[32]
03:30:58.0 (286825133)|STATEMENT_EXECUTE|[33]
03:30:58.0 (286827268)|STATEMENT_EXECUTE|[34]
03:30:58.0 (286852354)|STATEMENT_EXECUTE|[35]
03:30:58.0 (286854997)|STATEMENT_EXECUTE|[36]
03:30:58.0 (286937651)|VARIABLE_ASSIGNMENT|[EXTERNAL]|this|{}|0x1f33c5fa
03:30:58.0 (286984094)|VARIABLE_ASSIGNMENT|[EXTERNAL]|value|{"Namef__c":"aaa","Namel__c":"bbb","Birthday__c":"2012-05-10T00:00:00.000Z","Gender__c":false,"Score1__c":1.00,"Score2__c":2.00,"Score3__c":3.00,"AverageScore__c":2.00,"State__c":"Failed","StudentId__c":"HS0067","Class__c":"a0H0o00000fJQOvEAO","Id":"a0I0o000013e0yVEAQ"}|0x7ec96441
03:30:58.0 (287035500)|VARIABLE_ASSIGNMENT|[33]|this.student|{"Namef__c":"aaa","Namel__c":"bbb","Birthday__c":"2012-05-10T00:00:00.000Z","Gender__c":false,"Score1__c":1.00,"Score2__c":2.00,"Score3__c":3.00,"AverageScore__c":2.00,"State__c":"Failed","StudentId__c":"HS0067","Class__c":"a0H0o00000fJQOvEAO","Id":"a0I0o000013e0yVEAQ"}|0x1f33c5fa
03:30:58.0 (287059102)|STATEMENT_EXECUTE|[37]
03:30:58.0 (287126938)|VARIABLE_ASSIGNMENT|[EXTERNAL]|this|{"student":"0x7ec96441"}|0x1f33c5fa
03:30:58.0 (287149083)|VARIABLE_ASSIGNMENT|[EXTERNAL]|value|false
03:30:58.0 (287160973)|HEAP_ALLOCATE|[34]|Bytes:5
03:30:58.0 (287172840)|VARIABLE_ASSIGNMENT|[34]|this.isSelected|false|0x1f33c5fa
03:30:58.0 (287193366)|CONSTRUCTOR_EXIT|[81]|01p0o00000GLKhZ|<init>(Student__c)|Controller.Output
03:30:58.0 (287222999)|HEAP_ALLOCATE|[EXTERNAL]|Bytes:4
03:30:58.0 (287244780)|HEAP_ALLOCATE|[80]|Bytes:5
03:30:58.0 (287261910)|VARIABLE_ASSIGNMENT|[80]|s|null|
03:30:58.0 (287322955)|VARIABLE_ASSIGNMENT|[EXTERNAL]|this|{"objKeySearch":"0x473c800d","OutputList":"0x34700e05","student":"0x36224b72","sumstudents":"Total Students : 2"}|0x69ebfaca
03:30:58.0 (287380752)|VARIABLE_ASSIGNMENT|[EXTERNAL]|this|{"className":"Math","increasing":false,"objStudentFrom":"0x40ccd73d","objStudentTo":"0x7a6cd376","studentName":"0x42e0c854"}|0x473c800d
03:30:58.0 (287403013)|STATEMENT_EXECUTE|[83]
03:30:58.0 (287406118)|STATEMENT_EXECUTE|[86]
03:30:58.0 (287418136)|METHOD_EXIT|[137]|01p0o00000GLKhZ|Controller.getStudent()
03:30:58.0 (287473813)|VARIABLE_ASSIGNMENT|[EXTERNAL]|this|{"objKeySearch":"0x473c800d","OutputList":"0x34700e05","student":"0x36224b72","sumstudents":"Total Students : 2"}|0x69ebfaca
03:30:58.0 (287505191)|VARIABLE_ASSIGNMENT|[EXTERNAL]|value|[{"isSelected":false,"student":"0x7ec96441"}]|0x25077e8
03:30:58.0 (287534991)|VARIABLE_ASSIGNMENT|[2]|this.OutputList|[{"isSelected":false,"student":"0x7ec96441"}]|0x69ebfaca
03:30:58.0 (287550701)|STATEMENT_EXECUTE|[138]
03:30:58.0 (287557712)|HEAP_ALLOCATE|[138]|Bytes:17
03:30:58.0 (287608549)|VARIABLE_ASSIGNMENT|[EXTERNAL]|this|{"objKeySearch":"0x473c800d","OutputList":"0x25077e8","student":"0x36224b72","sumstudents":"Total Students : 2"}|0x69ebfaca
03:30:58.0 (287659347)|HEAP_ALLOCATE|[138]|Bytes:1
03:30:58.0 (287677105)|HEAP_ALLOCATE|[138]|Bytes:18
03:30:58.0 (287727861)|VARIABLE_ASSIGNMENT|[EXTERNAL]|this|{"objKeySearch":"0x473c800d","OutputList":"0x25077e8","student":"0x36224b72","sumstudents":"Total Students : 2"}|0x69ebfaca
03:30:58.0 (287744609)|VARIABLE_ASSIGNMENT|[EXTERNAL]|value|"Total Students : 1"
03:30:58.0 (287760072)|VARIABLE_ASSIGNMENT|[7]|this.sumstudents|"Total Students : 1"|0x69ebfaca
03:30:58.0 (287780291)|METHOD_EXIT|[115]|01p0o00000GLKhZ|Controller.actionSearch()
03:30:58.0 (287790705)|STATEMENT_EXECUTE|[116]
03:30:58.0 (287795956)|SYSTEM_MODE_EXIT|false
03:30:58.0 (301188653)|SYSTEM_MODE_ENTER|true
03:30:58.0 (302124737)|SYSTEM_MODE_ENTER|true
03:30:58.303 (303001548)|SYSTEM_MODE_ENTER|true
03:30:58.303 (303082230)|HEAP_ALLOCATE|[EXTERNAL]|Bytes:8
03:30:58.303 (303095908)|VARIABLE_SCOPE_BEGIN|[88]|this|ApexPage.PageMessagesComponentController|true|false
03:30:58.303 (303142388)|VARIABLE_ASSIGNMENT|[88]|this|{}|0x2ddde1aa
03:30:58.303 (303150170)|VARIABLE_SCOPE_BEGIN|[88]|escape|Boolean|false|false
03:30:58.303 (303159203)|VARIABLE_ASSIGNMENT|[88]|escape|null
03:30:58.303 (303252595)|SYSTEM_MODE_ENTER|true
03:30:58.303 (303291599)|HEAP_ALLOCATE|[EXTERNAL]|Bytes:8
03:30:58.303 (303298933)|VARIABLE_SCOPE_BEGIN|[2]|this|ApexPage.PageMessagesComponentController|true|false
03:30:58.303 (303318517)|VARIABLE_ASSIGNMENT|[2]|this|{}|0x2ddde1aa
03:30:58.0 (303692437)|SYSTEM_MODE_ENTER|true
03:30:58.0 (305787201)|SYSTEM_MODE_ENTER|true
03:30:58.0 (305856522)|HEAP_ALLOCATE|[EXTERNAL]|Bytes:40
03:30:58.0 (305868849)|VARIABLE_SCOPE_BEGIN|[53]|this|Controller|true|false
03:30:58.0 (305913883)|VARIABLE_ASSIGNMENT|[53]|this|{"objKeySearch":"0x473c800d","OutputList":"0x25077e8","student":"0x36224b72","sumstudents":"Total Students : 1"}|0x69ebfaca
03:30:58.0 (305929669)|SYSTEM_MODE_ENTER|false
03:30:58.0 (305940533)|HEAP_ALLOCATE|[54]|Bytes:5
03:30:58.0 (305947141)|STATEMENT_EXECUTE|[53]
03:30:58.0 (305949159)|STATEMENT_EXECUTE|[54]
03:30:58.0 (305963901)|HEAP_ALLOCATE|[54]|Bytes:4
03:30:58.0 (306004095)|VARIABLE_SCOPE_BEGIN|[54]|options|List<System.SelectOption>|true|false
03:30:58.0 (306033297)|HEAP_ALLOCATE|[EXTERNAL]|Bytes:4
03:30:58.0 (306044535)|VARIABLE_ASSIGNMENT|[54]|options|[]|0x1d34670b
03:30:58.0 (306050988)|STATEMENT_EXECUTE|[55]
03:30:58.0 (306056378)|HEAP_ALLOCATE|[55]|Bytes:33
03:30:58.0 (306074547)|HEAP_ALLOCATE|[55]|Bytes:4
03:30:58.0 (306273399)|SOQL_EXECUTE_BEGIN|[55]|Aggregations:0|SELECT className__C FROM Class__c
03:30:58.0 (308652785)|SOQL_EXECUTE_END|[55]|Rows:2
03:30:58.0 (308682813)|HEAP_ALLOCATE|[55]|Bytes:12
03:30:58.0 (308703163)|HEAP_ALLOCATE|[55]|Bytes:101
03:30:58.0 (308739083)|HEAP_ALLOCATE|[55]|Bytes:12
03:30:58.0 (308753906)|VARIABLE_SCOPE_BEGIN|[55]|data|List<Class__c>|true|false
03:30:58.0 (308788454)|VARIABLE_ASSIGNMENT|[55]|data|[{"className__c":"Math","Id":"a0H0o00000fJQOvEAO"},{"className__c":"English","Id":"a0H0o00000fJQOwEAO"}]|0x1deda9ec
03:30:58.0 (308853352)|HEAP_ALLOCATE|[56]|Bytes:5
03:30:58.0 (308874085)|HEAP_ALLOCATE|[56]|Bytes:12
03:30:58.0 (308885288)|VARIABLE_SCOPE_BEGIN|[56]|c|Class__c|true|false
03:30:58.0 (308901943)|VARIABLE_ASSIGNMENT|[56]|c|{"className__c":"Math","Id":"a0H0o00000fJQOvEAO"}|0x6f7186ae
03:30:58.0 (308909923)|STATEMENT_EXECUTE|[56]
03:30:58.0 (308912203)|STATEMENT_EXECUTE|[57]
03:30:58.0 (308924414)|HEAP_ALLOCATE|[57]|Bytes:12
03:30:58.0 (309052726)|HEAP_ALLOCATE|[57]|Bytes:4
03:30:58.0 (309101409)|HEAP_ALLOCATE|[57]|Bytes:4
03:30:58.0 (309160329)|HEAP_ALLOCATE|[EXTERNAL]|Bytes:4
03:30:58.0 (309178759)|HEAP_ALLOCATE|[56]|Bytes:5
03:30:58.0 (309191166)|HEAP_ALLOCATE|[56]|Bytes:12
03:30:58.0 (309199123)|VARIABLE_SCOPE_BEGIN|[56]|c|Class__c|true|false
03:30:58.0 (309218412)|VARIABLE_ASSIGNMENT|[56]|c|{"className__c":"English","Id":"a0H0o00000fJQOwEAO"}|0x3b454925
03:30:58.0 (309224466)|STATEMENT_EXECUTE|[56]
03:30:58.0 (309226074)|STATEMENT_EXECUTE|[57]
03:30:58.0 (309260585)|HEAP_ALLOCATE|[57]|Bytes:7
03:30:58.0 (309290337)|HEAP_ALLOCATE|[57]|Bytes:7
03:30:58.0 (309311736)|HEAP_ALLOCATE|[EXTERNAL]|Bytes:4
03:30:58.0 (309330922)|HEAP_ALLOCATE|[56]|Bytes:5
03:30:58.0 (309350228)|VARIABLE_ASSIGNMENT|[56]|c|null|
03:30:58.0 (309358949)|STATEMENT_EXECUTE|[60]
03:30:58.0 (309365953)|SYSTEM_MODE_EXIT|false
03:30:58.311 (311475101)|SYSTEM_MODE_ENTER|true
03:30:58.311 (311556558)|HEAP_ALLOCATE|[EXTERNAL]|Bytes:8
03:30:58.311 (311567331)|VARIABLE_SCOPE_BEGIN|[88]|this|ApexPage.PageMessagesComponentController|true|false
03:30:58.311 (311600875)|VARIABLE_ASSIGNMENT|[88]|this|{}|0x2ddde1aa
03:30:58.311 (311608076)|VARIABLE_SCOPE_BEGIN|[88]|escape|Boolean|false|false
03:30:58.311 (311616809)|VARIABLE_ASSIGNMENT|[88]|escape|null
03:30:58.311 (311740644)|SYSTEM_MODE_ENTER|true
03:30:58.311 (311782415)|HEAP_ALLOCATE|[EXTERNAL]|Bytes:8
03:30:58.311 (311792056)|VARIABLE_SCOPE_BEGIN|[2]|this|ApexPage.PageMessagesComponentController|true|false
03:30:58.311 (311822078)|VARIABLE_ASSIGNMENT|[2]|this|{}|0x2ddde1aa
03:30:58.0 (312808188)|SYSTEM_MODE_ENTER|true
03:30:58.0 (318889548)|VF_SERIALIZE_VIEWSTATE_BEGIN|0660o000008sEYc
03:30:58.0 (335304586)|VF_SERIALIZE_VIEWSTATE_END
03:30:58.0 (346394276)|CODE_UNIT_STARTED|[EXTERNAL]|Generate Metadata
03:30:58.0 (348453603)|CODE_UNIT_FINISHED|Generate Metadata
03:30:58.351 (351465261)|CUMULATIVE_LIMIT_USAGE
03:30:58.351 (351465261)|LIMIT_USAGE_FOR_NS|(default)|
  Number of SOQL queries: 4 out of 100
  Number of query rows: 7 out of 50000
  Number of SOSL queries: 0 out of 20
  Number of DML statements: 3 out of 150
  Number of DML rows: 3 out of 10000
  Maximum CPU time: 0 out of 10000
  Maximum heap size: 0 out of 6000000
  Number of callouts: 0 out of 100
  Number of Email Invocations: 0 out of 10
  Number of future calls: 0 out of 50
  Number of queueable jobs added to the queue: 0 out of 50
  Number of Mobile Apex push calls: 0 out of 10

03:30:58.351 (351465261)|CUMULATIVE_LIMIT_USAGE_END

03:30:58.0 (351534602)|CODE_UNIT_FINISHED|VF: /apex/MainPage
03:30:58.0 (352351709)|EXECUTION_FINISHED
