36.0 APEX_CODE,FINEST;APEX_PROFILING,INFO;CALLOUT,INFO;DB,INFO;NBA,INFO;SYSTEM,DEBUG;VALIDATION,INFO;VISUALFORCE,INFO;WAVE,INFO;WORKFLOW,INFO
01:35:04.3 (3690147)|USER_INFO|[EXTERNAL]|0050o00000WkyGG|ttvy@keizu.co.jp|Pacific Standard Time|GMT-07:00
01:35:04.3 (3726582)|EXECUTION_STARTED
01:35:04.3 (3732011)|CODE_UNIT_STARTED|[EXTERNAL]|0660o000008sEYc|VF: /apex/MainPage
01:35:04.3 (39497181)|SYSTEM_MODE_ENTER|true
01:35:04.3 (39950614)|HEAP_ALLOCATE|[72]|Bytes:3
01:35:04.3 (40000095)|HEAP_ALLOCATE|[77]|Bytes:152
01:35:04.3 (40023153)|HEAP_ALLOCATE|[342]|Bytes:408
01:35:04.3 (40042708)|HEAP_ALLOCATE|[355]|Bytes:408
01:35:04.3 (40054154)|HEAP_ALLOCATE|[467]|Bytes:48
01:35:04.3 (40083386)|HEAP_ALLOCATE|[139]|Bytes:6
01:35:04.3 (40102262)|HEAP_ALLOCATE|[EXTERNAL]|Bytes:136
01:35:04.3 (40109143)|HEAP_ALLOCATE|[EXTERNAL]|Bytes:13
01:35:04.3 (40112795)|HEAP_ALLOCATE|[EXTERNAL]|Bytes:2
01:35:04.3 (40123567)|METHOD_ENTRY|[1]|01p0o00000GLKhZ|Controller.Controller()
01:35:04.3 (40129384)|STATEMENT_EXECUTE|[1]
01:35:04.3 (40134444)|STATEMENT_EXECUTE|[1]
01:35:04.3 (40159110)|HEAP_ALLOCATE|[50]|Bytes:5
01:35:04.3 (40177358)|HEAP_ALLOCATE|[56]|Bytes:5
01:35:04.3 (40185244)|HEAP_ALLOCATE|[64]|Bytes:7
01:35:04.3 (40201346)|SYSTEM_MODE_ENTER|false
01:35:04.3 (40212209)|HEAP_ALLOCATE|[EXTERNAL]|Bytes:5
01:35:04.3 (40218385)|SYSTEM_MODE_EXIT|false
01:35:04.3 (40226178)|METHOD_EXIT|[1]|Controller
01:35:04.3 (40329025)|HEAP_ALLOCATE|[EXTERNAL]|Bytes:16
01:35:04.3 (40343025)|VARIABLE_SCOPE_BEGIN|[1]|this|Controller|true|false
01:35:04.3 (40419473)|VARIABLE_ASSIGNMENT|[1]|this|{}|0x724c3c3f
01:35:04.3 (40435613)|SYSTEM_MODE_ENTER|false
01:35:04.3 (40442387)|HEAP_ALLOCATE|[EXTERNAL]|Bytes:5
01:35:04.3 (40452681)|HEAP_ALLOCATE|[EXTERNAL]|Bytes:6
01:35:04.3 (40488915)|SYSTEM_MODE_EXIT|false
01:35:04.3 (40495072)|STATEMENT_EXECUTE|[1]
01:35:04.3 (40499162)|SYSTEM_MODE_ENTER|false
01:35:04.3 (40503990)|HEAP_ALLOCATE|[EXTERNAL]|Bytes:5
01:35:04.3 (40507596)|STATEMENT_EXECUTE|[2]
01:35:04.3 (40509400)|STATEMENT_EXECUTE|[3]
01:35:04.3 (40510743)|STATEMENT_EXECUTE|[4]
01:35:04.3 (40512831)|SYSTEM_MODE_EXIT|false
01:35:04.40 (40899552)|SYSTEM_MODE_ENTER|true
01:35:04.40 (40943318)|HEAP_ALLOCATE|[EXTERNAL]|Bytes:38
01:35:04.40 (40953311)|HEAP_ALLOCATE|[EXTERNAL]|Bytes:7
01:35:04.41 (41117377)|SYSTEM_MODE_ENTER|true
01:35:04.41 (41192488)|HEAP_ALLOCATE|[EXTERNAL]|Bytes:8
01:35:04.41 (41201762)|VARIABLE_SCOPE_BEGIN|[88]|this|ApexPage.PageMessagesComponentController|true|false
01:35:04.41 (41249014)|VARIABLE_ASSIGNMENT|[88]|this|{}|0x5907fb9c
01:35:04.41 (41263322)|VARIABLE_SCOPE_BEGIN|[88]|escape|Boolean|false|false
01:35:04.41 (41273348)|VARIABLE_ASSIGNMENT|[88]|escape|null
01:35:04.41 (41431615)|SYSTEM_MODE_ENTER|true
01:35:04.41 (41489786)|HEAP_ALLOCATE|[EXTERNAL]|Bytes:8
01:35:04.41 (41500052)|VARIABLE_SCOPE_BEGIN|[2]|this|ApexPage.PageMessagesComponentController|true|false
01:35:04.41 (41529179)|VARIABLE_ASSIGNMENT|[2]|this|{}|0x5907fb9c
01:35:04.3 (42447093)|SYSTEM_MODE_ENTER|true
01:35:04.3 (43217477)|SYSTEM_MODE_ENTER|true
01:35:04.3 (43428067)|SYSTEM_MODE_ENTER|true
01:35:04.3 (43480381)|HEAP_ALLOCATE|[EXTERNAL]|Bytes:16
01:35:04.3 (43491174)|VARIABLE_SCOPE_BEGIN|[6]|this|Controller|true|false
01:35:04.3 (43518356)|VARIABLE_ASSIGNMENT|[6]|this|{}|0x724c3c3f
01:35:04.3 (43533623)|SYSTEM_MODE_ENTER|false
01:35:04.3 (43541060)|HEAP_ALLOCATE|[7]|Bytes:5
01:35:04.3 (43546746)|STATEMENT_EXECUTE|[6]
01:35:04.3 (43548888)|STATEMENT_EXECUTE|[7]
01:35:04.3 (43560355)|HEAP_ALLOCATE|[7]|Bytes:4
01:35:04.3 (43591429)|VARIABLE_SCOPE_BEGIN|[7]|options|List<System.SelectOption>|true|false
01:35:04.3 (43616388)|HEAP_ALLOCATE|[EXTERNAL]|Bytes:4
01:35:04.3 (43629060)|VARIABLE_ASSIGNMENT|[7]|options|[]|0x6887b22d
01:35:04.3 (43634928)|STATEMENT_EXECUTE|[8]
01:35:04.3 (43638780)|HEAP_ALLOCATE|[8]|Bytes:33
01:35:04.3 (43654496)|HEAP_ALLOCATE|[8]|Bytes:4
01:35:04.3 (43904380)|SOQL_EXECUTE_BEGIN|[8]|Aggregations:0|SELECT className__C FROM Class__c
01:35:04.3 (46303053)|SOQL_EXECUTE_END|[8]|Rows:4
01:35:04.3 (46340088)|HEAP_ALLOCATE|[8]|Bytes:20
01:35:04.3 (46361276)|HEAP_ALLOCATE|[8]|Bytes:193
01:35:04.3 (46431222)|HEAP_ALLOCATE|[8]|Bytes:20
01:35:04.3 (46450456)|VARIABLE_SCOPE_BEGIN|[8]|data|List<Class__c>|true|false
01:35:04.3 (46497115)|VARIABLE_ASSIGNMENT|[8]|data|[{"className__c":"Name","Id":"a0H0o00000fIXZEEA4"},{"className__c":"L02","Id":"a0H0o00000fIXflEAG"},{"className__c":"L01","Id":"a0H0o00000fIXZYEA4"},{"className__c":"L03","Id":"a0H0o00000fIXg0EAG"}]|0x41035678
01:35:04.3 (46698648)|HEAP_ALLOCATE|[9]|Bytes:5
01:35:04.3 (46722229)|HEAP_ALLOCATE|[9]|Bytes:12
01:35:04.3 (46731702)|VARIABLE_SCOPE_BEGIN|[9]|c|Class__c|true|false
01:35:04.3 (46748303)|VARIABLE_ASSIGNMENT|[9]|c|{"className__c":"Name","Id":"a0H0o00000fIXZEEA4"}|0xe69bf33
01:35:04.3 (46757674)|STATEMENT_EXECUTE|[9]
01:35:04.3 (46759905)|STATEMENT_EXECUTE|[10]
01:35:04.3 (46768530)|HEAP_ALLOCATE|[10]|Bytes:12
01:35:04.3 (46850664)|HEAP_ALLOCATE|[10]|Bytes:4
01:35:04.3 (46882532)|HEAP_ALLOCATE|[10]|Bytes:4
01:35:04.3 (46925152)|HEAP_ALLOCATE|[EXTERNAL]|Bytes:4
01:35:04.3 (46940711)|HEAP_ALLOCATE|[9]|Bytes:5
01:35:04.3 (46952321)|HEAP_ALLOCATE|[9]|Bytes:12
01:35:04.3 (46958985)|VARIABLE_SCOPE_BEGIN|[9]|c|Class__c|true|false
01:35:04.3 (46974969)|VARIABLE_ASSIGNMENT|[9]|c|{"className__c":"L02","Id":"a0H0o00000fIXflEAG"}|0x518eb99c
01:35:04.3 (46981600)|STATEMENT_EXECUTE|[9]
01:35:04.3 (46983313)|STATEMENT_EXECUTE|[10]
01:35:04.3 (47009521)|HEAP_ALLOCATE|[10]|Bytes:3
01:35:04.3 (47032674)|HEAP_ALLOCATE|[10]|Bytes:3
01:35:04.3 (47048280)|HEAP_ALLOCATE|[EXTERNAL]|Bytes:4
01:35:04.3 (47059905)|HEAP_ALLOCATE|[9]|Bytes:5
01:35:04.3 (47069568)|HEAP_ALLOCATE|[9]|Bytes:12
01:35:04.3 (47075249)|VARIABLE_SCOPE_BEGIN|[9]|c|Class__c|true|false
01:35:04.3 (47089265)|VARIABLE_ASSIGNMENT|[9]|c|{"className__c":"L01","Id":"a0H0o00000fIXZYEA4"}|0x3a7d3ad
01:35:04.3 (47096029)|STATEMENT_EXECUTE|[9]
01:35:04.3 (47097661)|STATEMENT_EXECUTE|[10]
01:35:04.3 (47118692)|HEAP_ALLOCATE|[10]|Bytes:3
01:35:04.3 (47139334)|HEAP_ALLOCATE|[10]|Bytes:3
01:35:04.3 (47154043)|HEAP_ALLOCATE|[EXTERNAL]|Bytes:4
01:35:04.3 (47165346)|HEAP_ALLOCATE|[9]|Bytes:5
01:35:04.3 (47174211)|HEAP_ALLOCATE|[9]|Bytes:12
01:35:04.3 (47179287)|VARIABLE_SCOPE_BEGIN|[9]|c|Class__c|true|false
01:35:04.3 (47192378)|VARIABLE_ASSIGNMENT|[9]|c|{"className__c":"L03","Id":"a0H0o00000fIXg0EAG"}|0x2a8d8f2e
01:35:04.3 (47198293)|STATEMENT_EXECUTE|[9]
01:35:04.3 (47199895)|STATEMENT_EXECUTE|[10]
01:35:04.3 (47220327)|HEAP_ALLOCATE|[10]|Bytes:3
01:35:04.3 (47240666)|HEAP_ALLOCATE|[10]|Bytes:3
01:35:04.3 (47255146)|HEAP_ALLOCATE|[EXTERNAL]|Bytes:4
01:35:04.3 (47266418)|HEAP_ALLOCATE|[9]|Bytes:5
01:35:04.3 (47277460)|VARIABLE_ASSIGNMENT|[9]|c|null|
01:35:04.3 (47282827)|STATEMENT_EXECUTE|[13]
01:35:04.3 (47286973)|SYSTEM_MODE_EXIT|false
01:35:04.3 (47565996)|SYSTEM_MODE_ENTER|true
01:35:04.48 (48986424)|SYSTEM_MODE_ENTER|true
01:35:04.48 (49093538)|HEAP_ALLOCATE|[EXTERNAL]|Bytes:8
01:35:04.48 (49106218)|VARIABLE_SCOPE_BEGIN|[88]|this|ApexPage.PageMessagesComponentController|true|false
01:35:04.48 (49150518)|VARIABLE_ASSIGNMENT|[88]|this|{}|0x5907fb9c
01:35:04.48 (49158894)|VARIABLE_SCOPE_BEGIN|[88]|escape|Boolean|false|false
01:35:04.48 (49167379)|VARIABLE_ASSIGNMENT|[88]|escape|null
01:35:04.49 (49331410)|SYSTEM_MODE_ENTER|true
01:35:04.49 (49410022)|HEAP_ALLOCATE|[EXTERNAL]|Bytes:8
01:35:04.49 (49436948)|VARIABLE_SCOPE_BEGIN|[2]|this|ApexPage.PageMessagesComponentController|true|false
01:35:04.49 (49471307)|VARIABLE_ASSIGNMENT|[2]|this|{}|0x5907fb9c
01:35:04.3 (51695548)|VF_SERIALIZE_VIEWSTATE_BEGIN|0660o000008sEYc
01:35:04.3 (65595780)|VF_SERIALIZE_VIEWSTATE_END
01:35:04.3 (66896585)|CODE_UNIT_STARTED|[EXTERNAL]|Generate Metadata
01:35:04.3 (67380180)|CODE_UNIT_FINISHED|Generate Metadata
01:35:04.69 (69907712)|CUMULATIVE_LIMIT_USAGE
01:35:04.69 (69907712)|LIMIT_USAGE_FOR_NS|(default)|
  Number of SOQL queries: 1 out of 100
  Number of query rows: 4 out of 50000
  Number of SOSL queries: 0 out of 20
  Number of DML statements: 0 out of 150
  Number of DML rows: 0 out of 10000
  Maximum CPU time: 0 out of 10000
  Maximum heap size: 0 out of 6000000
  Number of callouts: 0 out of 100
  Number of Email Invocations: 0 out of 10
  Number of future calls: 0 out of 50
  Number of queueable jobs added to the queue: 0 out of 50
  Number of Mobile Apex push calls: 0 out of 10

01:35:04.69 (69907712)|CUMULATIVE_LIMIT_USAGE_END

01:35:04.3 (69956439)|CODE_UNIT_FINISHED|VF: /apex/MainPage
01:35:04.3 (70902683)|EXECUTION_FINISHED
