36.0 APEX_CODE,FINEST;APEX_PROFILING,INFO;CALLOUT,INFO;DB,INFO;NBA,INFO;SYSTEM,DEBUG;VALIDATION,INFO;VISUALFORCE,INFO;WAVE,INFO;WORKFLOW,INFO
03:58:47.0 (476655)|USER_INFO|[EXTERNAL]|0050o00000WkyGG|ttvy@keizu.co.jp|Pacific Standard Time|GMT-07:00
03:58:47.0 (533860)|EXECUTION_STARTED
03:58:47.0 (540843)|CODE_UNIT_STARTED|[EXTERNAL]|0660o000008sEYc|VF: /apex/MainPage
03:58:47.0 (1237367)|VF_DESERIALIZE_VIEWSTATE_BEGIN|0660o000008sEYc
03:58:47.0 (8410790)|HEAP_ALLOCATE|[72]|Bytes:3
03:58:47.0 (8465528)|HEAP_ALLOCATE|[77]|Bytes:152
03:58:47.0 (8480970)|HEAP_ALLOCATE|[342]|Bytes:408
03:58:47.0 (8493714)|HEAP_ALLOCATE|[355]|Bytes:408
03:58:47.0 (8505667)|HEAP_ALLOCATE|[467]|Bytes:48
03:58:47.0 (8534733)|HEAP_ALLOCATE|[139]|Bytes:6
03:58:47.0 (9060536)|HEAP_ALLOCATE|[50]|Bytes:5
03:58:47.0 (9108022)|HEAP_ALLOCATE|[56]|Bytes:5
03:58:47.0 (9127796)|HEAP_ALLOCATE|[64]|Bytes:7
03:58:47.0 (13041365)|VF_DESERIALIZE_VIEWSTATE_END
03:58:47.0 (14555509)|SYSTEM_MODE_ENTER|true
03:58:47.0 (14602022)|HEAP_ALLOCATE|[EXTERNAL]|Bytes:10
03:58:47.0 (14615243)|HEAP_ALLOCATE|[EXTERNAL]|Bytes:348
03:58:47.0 (14621095)|HEAP_ALLOCATE|[EXTERNAL]|Bytes:59
03:58:47.0 (14637984)|METHOD_ENTRY|[1]|01p0o00000GLKhZ|Controller.Controller()
03:58:47.0 (14645252)|STATEMENT_EXECUTE|[1]
03:58:47.0 (14653475)|STATEMENT_EXECUTE|[1]
03:58:47.0 (14664544)|SYSTEM_MODE_ENTER|false
03:58:47.0 (14683904)|HEAP_ALLOCATE|[EXTERNAL]|Bytes:5
03:58:47.0 (14690179)|STATEMENT_EXECUTE|[17]
03:58:47.0 (14697924)|SYSTEM_MODE_EXIT|false
03:58:47.0 (14710195)|METHOD_EXIT|[1]|Controller
03:58:47.0 (14888670)|SYSTEM_MODE_ENTER|true
03:58:47.0 (15182729)|HEAP_ALLOCATE|[EXTERNAL]|Bytes:60
03:58:47.0 (15198741)|VARIABLE_SCOPE_BEGIN|[36]|this|Controller|true|false
03:58:47.0 (15306041)|VARIABLE_ASSIGNMENT|[36]|this|{"studentList":"0x50d56b91","sumstudents":"Total Students : 2","userinput":"a","userselect":"L01"}|0x1da5f95e
03:58:47.0 (15327636)|SYSTEM_MODE_ENTER|false
03:58:47.0 (15335256)|HEAP_ALLOCATE|[37]|Bytes:5
03:58:47.0 (15341358)|STATEMENT_EXECUTE|[36]
03:58:47.0 (15343637)|STATEMENT_EXECUTE|[37]
03:58:47.0 (15366635)|HEAP_ALLOCATE|[37]|Bytes:4
03:58:47.0 (15418415)|VARIABLE_SCOPE_BEGIN|[37]|options|List<System.SelectOption>|true|false
03:58:47.0 (15456404)|HEAP_ALLOCATE|[EXTERNAL]|Bytes:4
03:58:47.0 (15469946)|VARIABLE_ASSIGNMENT|[37]|options|[]|0x620817dc
03:58:47.0 (15478636)|STATEMENT_EXECUTE|[38]
03:58:47.0 (15484916)|HEAP_ALLOCATE|[38]|Bytes:33
03:58:47.0 (15516049)|HEAP_ALLOCATE|[38]|Bytes:4
03:58:47.0 (16906366)|SOQL_EXECUTE_BEGIN|[38]|Aggregations:0|SELECT className__C FROM Class__c
03:58:47.0 (19951780)|SOQL_EXECUTE_END|[38]|Rows:4
03:58:47.0 (19986580)|HEAP_ALLOCATE|[38]|Bytes:20
03:58:47.0 (20011910)|HEAP_ALLOCATE|[38]|Bytes:193
03:58:47.0 (20109645)|HEAP_ALLOCATE|[38]|Bytes:20
03:58:47.0 (20132681)|VARIABLE_SCOPE_BEGIN|[38]|data|List<Class__c>|true|false
03:58:47.0 (20175572)|VARIABLE_ASSIGNMENT|[38]|data|[{"className__c":"Name","Id":"a0H0o00000fIXZEEA4"},{"className__c":"L02","Id":"a0H0o00000fIXflEAG"},{"className__c":"L01","Id":"a0H0o00000fIXZYEA4"},{"className__c":"L03","Id":"a0H0o00000fIXg0EAG"}]|0x6140f089
03:58:47.0 (20429973)|HEAP_ALLOCATE|[39]|Bytes:5
03:58:47.0 (20457453)|HEAP_ALLOCATE|[39]|Bytes:12
03:58:47.0 (20468427)|VARIABLE_SCOPE_BEGIN|[39]|c|Class__c|true|false
03:58:47.0 (20486479)|VARIABLE_ASSIGNMENT|[39]|c|{"className__c":"Name","Id":"a0H0o00000fIXZEEA4"}|0x7a95a163
03:58:47.0 (20494185)|STATEMENT_EXECUTE|[39]
03:58:47.0 (20496707)|STATEMENT_EXECUTE|[40]
03:58:47.0 (20508124)|HEAP_ALLOCATE|[40]|Bytes:12
03:58:47.0 (20643063)|HEAP_ALLOCATE|[40]|Bytes:4
03:58:47.0 (20699043)|HEAP_ALLOCATE|[40]|Bytes:4
03:58:47.0 (20751127)|HEAP_ALLOCATE|[EXTERNAL]|Bytes:4
03:58:47.0 (20769574)|HEAP_ALLOCATE|[39]|Bytes:5
03:58:47.0 (20782845)|HEAP_ALLOCATE|[39]|Bytes:12
03:58:47.0 (20790844)|VARIABLE_SCOPE_BEGIN|[39]|c|Class__c|true|false
03:58:47.0 (20808568)|VARIABLE_ASSIGNMENT|[39]|c|{"className__c":"L02","Id":"a0H0o00000fIXflEAG"}|0x250af37d
03:58:47.0 (20815137)|STATEMENT_EXECUTE|[39]
03:58:47.0 (20817289)|STATEMENT_EXECUTE|[40]
03:58:47.0 (20861714)|HEAP_ALLOCATE|[40]|Bytes:3
03:58:47.0 (20913203)|HEAP_ALLOCATE|[40]|Bytes:3
03:58:47.0 (20936934)|HEAP_ALLOCATE|[EXTERNAL]|Bytes:4
03:58:47.0 (20951945)|HEAP_ALLOCATE|[39]|Bytes:5
03:58:47.0 (20963483)|HEAP_ALLOCATE|[39]|Bytes:12
03:58:47.0 (20971960)|VARIABLE_SCOPE_BEGIN|[39]|c|Class__c|true|false
03:58:47.0 (20994804)|VARIABLE_ASSIGNMENT|[39]|c|{"className__c":"L01","Id":"a0H0o00000fIXZYEA4"}|0x214c87a
03:58:47.0 (21004755)|STATEMENT_EXECUTE|[39]
03:58:47.0 (21008402)|STATEMENT_EXECUTE|[40]
03:58:47.0 (21072039)|HEAP_ALLOCATE|[40]|Bytes:3
03:58:47.0 (21145596)|HEAP_ALLOCATE|[40]|Bytes:3
03:58:47.0 (21182604)|HEAP_ALLOCATE|[EXTERNAL]|Bytes:4
03:58:47.0 (21204602)|HEAP_ALLOCATE|[39]|Bytes:5
03:58:47.0 (21217557)|HEAP_ALLOCATE|[39]|Bytes:12
03:58:47.0 (21225382)|VARIABLE_SCOPE_BEGIN|[39]|c|Class__c|true|false
03:58:47.0 (21241542)|VARIABLE_ASSIGNMENT|[39]|c|{"className__c":"L03","Id":"a0H0o00000fIXg0EAG"}|0x6d0efe2c
03:58:47.0 (21247455)|STATEMENT_EXECUTE|[39]
03:58:47.0 (21249390)|STATEMENT_EXECUTE|[40]
03:58:47.0 (21293326)|HEAP_ALLOCATE|[40]|Bytes:3
03:58:47.0 (21347272)|HEAP_ALLOCATE|[40]|Bytes:3
03:58:47.0 (21367528)|HEAP_ALLOCATE|[EXTERNAL]|Bytes:4
03:58:47.0 (21381461)|HEAP_ALLOCATE|[39]|Bytes:5
03:58:47.0 (21395097)|VARIABLE_ASSIGNMENT|[39]|c|null|
03:58:47.0 (21401517)|STATEMENT_EXECUTE|[43]
03:58:47.0 (21407502)|SYSTEM_MODE_EXIT|false
03:58:47.0 (21543136)|SYSTEM_MODE_ENTER|true
03:58:47.0 (21735263)|SYSTEM_MODE_ENTER|true
03:58:47.0 (21761356)|HEAP_ALLOCATE|[EXTERNAL]|Bytes:1
03:58:47.0 (21767453)|HEAP_ALLOCATE|[EXTERNAL]|Bytes:60
03:58:47.0 (21811323)|VARIABLE_ASSIGNMENT|[EXTERNAL]|this.userinput|"a"|0x1da5f95e
03:58:47.0 (21860318)|SYSTEM_MODE_ENTER|true
03:58:47.0 (21883926)|HEAP_ALLOCATE|[EXTERNAL]|Bytes:3
03:58:47.0 (21888890)|HEAP_ALLOCATE|[EXTERNAL]|Bytes:60
03:58:47.0 (21899210)|VARIABLE_ASSIGNMENT|[EXTERNAL]|this.userselect|"L02"|0x1da5f95e
03:58:47.0 (22085222)|HEAP_ALLOCATE|[EXTERNAL]|Bytes:60
03:58:47.0 (22100238)|VARIABLE_SCOPE_BEGIN|[112]|this|Controller|true|false
03:58:47.0 (22147907)|VARIABLE_ASSIGNMENT|[112]|this|{"studentList":"0x50d56b91","sumstudents":"Total Students : 2","userinput":"a","userselect":"L02"}|0x1da5f95e
03:58:47.0 (22165675)|SYSTEM_MODE_ENTER|false
03:58:47.0 (22173417)|HEAP_ALLOCATE|[113]|Bytes:5
03:58:47.0 (22179188)|STATEMENT_EXECUTE|[112]
03:58:47.0 (22181270)|STATEMENT_EXECUTE|[113]
03:58:47.0 (22182878)|STATEMENT_EXECUTE|[113]
03:58:47.0 (22237377)|VARIABLE_ASSIGNMENT|[EXTERNAL]|this|{"studentList":"0x50d56b91","sumstudents":"Total Students : 2","userinput":"a","userselect":"L02"}|0x1da5f95e
03:58:47.0 (22287569)|STATEMENT_EXECUTE|[114]
03:58:47.0 (22290083)|STATEMENT_EXECUTE|[118]
03:58:47.0 (22326917)|METHOD_ENTRY|[118]|01p0o00000GLKhZ|Controller.getStudent()
03:58:47.0 (22348653)|VARIABLE_SCOPE_BEGIN|[45]|this|Controller|true|false
03:58:47.0 (22383188)|VARIABLE_ASSIGNMENT|[45]|this|{"studentList":"0x50d56b91","sumstudents":"Total Students : 2","userinput":"a","userselect":"L02"}|0x1da5f95e
03:58:47.0 (22396977)|HEAP_ALLOCATE|[46]|Bytes:5
03:58:47.0 (22402614)|STATEMENT_EXECUTE|[45]
03:58:47.0 (22404666)|STATEMENT_EXECUTE|[46]
03:58:47.0 (22408410)|HEAP_ALLOCATE|[46]|Bytes:1
03:58:47.0 (22447606)|VARIABLE_ASSIGNMENT|[EXTERNAL]|this|{"studentList":"0x50d56b91","sumstudents":"Total Students : 2","userinput":"a","userselect":"L02"}|0x1da5f95e
03:58:47.0 (22468701)|HEAP_ALLOCATE|[46]|Bytes:3
03:58:47.0 (22475047)|VARIABLE_SCOPE_BEGIN|[46]|selectName|String|false|false
03:58:47.0 (22484899)|VARIABLE_ASSIGNMENT|[46]|selectName|"%a%"
03:58:47.0 (22489556)|STATEMENT_EXECUTE|[47]
03:58:47.0 (22529781)|VARIABLE_ASSIGNMENT|[EXTERNAL]|this|{"studentList":"0x50d56b91","sumstudents":"Total Students : 2","userinput":"a","userselect":"L02"}|0x1da5f95e
03:58:47.0 (22545746)|HEAP_ALLOCATE|[47]|Bytes:5
03:58:47.0 (22551446)|VARIABLE_SCOPE_BEGIN|[47]|selectClass|String|false|false
03:58:47.0 (22560590)|VARIABLE_ASSIGNMENT|[47]|selectClass|"%L02%"
03:58:47.0 (22564592)|STATEMENT_EXECUTE|[48]
03:58:47.0 (22567479)|HEAP_ALLOCATE|[48]|Bytes:197
03:58:47.0 (22589905)|HEAP_ALLOCATE|[48]|Bytes:4
03:58:47.0 (22600177)|HEAP_ALLOCATE|[48]|Bytes:7
03:58:47.0 (22615041)|HEAP_ALLOCATE|[48]|Bytes:7
03:58:47.0 (24316786)|SOQL_EXECUTE_BEGIN|[48]|Aggregations:0|SELECT Namef__c, Namel__c, Birthday__c, Gender__c, Score1__c, Score2__c, Score3__c, AverageScore__c, State__c, StudentId__c FROM Student__c WHERE (Name LIKE :tmpVar1 OR Class__r.Name LIKE :tmpVar2)
03:58:47.0 (36618482)|SOQL_EXECUTE_END|[48]|Rows:3
03:58:47.0 (36670736)|HEAP_ALLOCATE|[48]|Bytes:16
03:58:47.0 (36720700)|HEAP_ALLOCATE|[48]|Bytes:1106
03:58:47.0 (36793371)|HEAP_ALLOCATE|[48]|Bytes:16
03:58:47.0 (36827070)|VARIABLE_SCOPE_BEGIN|[48]|studentGetList|List<Student__c>|true|false
03:58:47.0 (36961764)|VARIABLE_ASSIGNMENT|[48]|studentGetList|[{"Namef__c":"test1","Namel__c":"test","Birthday__c":"2020-12-12T00:00:00.000Z","Gender__c":true,"Score1__c":1.00,"Score2__c":2.00,"Score3__c":3.00,"AverageScore__c":2.00,"State__c":"Failed","StudentId__c":"HS0011","Class__c":"a0H0o00000fIXflEAG","Id":"a0I0o000013doExEAI"},{"Namef__c":"pham","Namel__c":"kieu","Birthday__c":"1997-06-08T00:00:00.000Z","Gender__c":true,"Score1__c":6.00,"Score2__c":5.00,"Score3__c":8.00,"AverageScore__c":6.33,"State__c":"Passed","StudentId__c":"HS0008","Class__c":"a0H0o00000fIXZYEA4","Id":"a0I0o000013doETEAY"},{"Namef__c":"hai","Namel__c":"van","Birthday__c":"2020-04-08T00:00:00.000Z","Gender__c":true,"Score1__c":2.00,"Score2__c":4.00,"Score3__c":7.00,"AverageScore__c":4.33,"State__c":"Failed","StudentId__c":"HS0006","Class__c":"a0H0o00000fIXZYEA4","Id":"a0I0o000013doEJEAY"}]|0x38583e17
03:58:47.0 (36995005)|STATEMENT_EXECUTE|[60]
03:58:47.0 (37013971)|HEAP_ALLOCATE|[60]|Bytes:4
03:58:47.0 (37113585)|VARIABLE_SCOPE_BEGIN|[60]|result|List<Controller.OutputList>|true|false
03:58:47.0 (37151012)|HEAP_ALLOCATE|[EXTERNAL]|Bytes:4
03:58:47.0 (37168371)|VARIABLE_ASSIGNMENT|[60]|result|[]|0x5b308f3d
03:58:47.0 (37381943)|HEAP_ALLOCATE|[61]|Bytes:5
03:58:47.0 (37411876)|HEAP_ALLOCATE|[61]|Bytes:52
03:58:47.0 (37427232)|VARIABLE_SCOPE_BEGIN|[61]|s|Student__c|true|false
03:58:47.0 (37479083)|VARIABLE_ASSIGNMENT|[61]|s|{"Namef__c":"test1","Namel__c":"test","Birthday__c":"2020-12-12T00:00:00.000Z","Gender__c":true,"Score1__c":1.00,"Score2__c":2.00,"Score3__c":3.00,"AverageScore__c":2.00,"State__c":"Failed","StudentId__c":"HS0011","Class__c":"a0H0o00000fIXflEAG","Id":"a0I0o000013doExEAI"}|0x58db3868
03:58:47.0 (37497014)|STATEMENT_EXECUTE|[61]
03:58:47.0 (37500206)|STATEMENT_EXECUTE|[62]
03:58:47.0 (37510842)|HEAP_ALLOCATE|[62]|Bytes:120
03:58:47.0 (37526067)|HEAP_ALLOCATE|[62]|Bytes:8
03:58:47.0 (37543743)|HEAP_ALLOCATE|[62]|Bytes:12
03:58:47.0 (37582808)|CONSTRUCTOR_ENTRY|[62]|01p0o00000GLKhZ|<init>(Student__c)|Controller.OutputList
03:58:47.0 (37632973)|VARIABLE_SCOPE_BEGIN|[20]|this|Controller.OutputList|true|false
03:58:47.0 (37692057)|VARIABLE_ASSIGNMENT|[20]|this|{}|0x6ca2026d
03:58:47.0 (37707430)|VARIABLE_SCOPE_BEGIN|[20]|s|Student__c|true|false
03:58:47.0 (37751383)|VARIABLE_ASSIGNMENT|[20]|s|{"Namef__c":"test1","Namel__c":"test","Birthday__c":"2020-12-12T00:00:00.000Z","Gender__c":true,"Score1__c":1.00,"Score2__c":2.00,"Score3__c":3.00,"AverageScore__c":2.00,"State__c":"Failed","StudentId__c":"HS0011","Class__c":"a0H0o00000fIXflEAG","Id":"a0I0o000013doExEAI"}|0x58db3868
03:58:47.0 (37769006)|STATEMENT_EXECUTE|[17]
03:58:47.0 (37771995)|STATEMENT_EXECUTE|[18]
03:58:47.0 (37774437)|STATEMENT_EXECUTE|[19]
03:58:47.0 (37787013)|HEAP_ALLOCATE|[21]|Bytes:6
03:58:47.0 (37885382)|STATEMENT_EXECUTE|[20]
03:58:47.0 (37889906)|STATEMENT_EXECUTE|[21]
03:58:47.0 (37999476)|VARIABLE_ASSIGNMENT|[EXTERNAL]|this|{}|0x6ca2026d
03:58:47.0 (38049421)|VARIABLE_ASSIGNMENT|[EXTERNAL]|value|{"Namef__c":"test1","Namel__c":"test","Birthday__c":"2020-12-12T00:00:00.000Z","Gender__c":true,"Score1__c":1.00,"Score2__c":2.00,"Score3__c":3.00,"AverageScore__c":2.00,"State__c":"Failed","StudentId__c":"HS0011","Class__c":"a0H0o00000fIXflEAG","Id":"a0I0o000013doExEAI"}|0x58db3868
03:58:47.0 (38105253)|VARIABLE_ASSIGNMENT|[18]|this.student|{"Namef__c":"test1","Namel__c":"test","Birthday__c":"2020-12-12T00:00:00.000Z","Gender__c":true,"Score1__c":1.00,"Score2__c":2.00,"Score3__c":3.00,"AverageScore__c":2.00,"State__c":"Failed","StudentId__c":"HS0011","Class__c":"a0H0o00000fIXflEAG","Id":"a0I0o000013doExEAI"}|0x6ca2026d
03:58:47.0 (38128808)|STATEMENT_EXECUTE|[22]
03:58:47.0 (38193789)|VARIABLE_ASSIGNMENT|[EXTERNAL]|this|{"student":"0x58db3868"}|0x6ca2026d
03:58:47.0 (38215646)|VARIABLE_ASSIGNMENT|[EXTERNAL]|value|false
03:58:47.0 (38227569)|HEAP_ALLOCATE|[19]|Bytes:5
03:58:47.0 (38240092)|VARIABLE_ASSIGNMENT|[19]|this.isSelected|false|0x6ca2026d
03:58:47.0 (38261168)|CONSTRUCTOR_EXIT|[62]|01p0o00000GLKhZ|<init>(Student__c)|Controller.OutputList
03:58:47.0 (38288242)|HEAP_ALLOCATE|[EXTERNAL]|Bytes:4
03:58:47.0 (38314007)|HEAP_ALLOCATE|[61]|Bytes:5
03:58:47.0 (38335541)|HEAP_ALLOCATE|[61]|Bytes:52
03:58:47.0 (38345610)|VARIABLE_SCOPE_BEGIN|[61]|s|Student__c|true|false
03:58:47.0 (38380334)|VARIABLE_ASSIGNMENT|[61]|s|{"Namef__c":"pham","Namel__c":"kieu","Birthday__c":"1997-06-08T00:00:00.000Z","Gender__c":true,"Score1__c":6.00,"Score2__c":5.00,"Score3__c":8.00,"AverageScore__c":6.33,"State__c":"Passed","StudentId__c":"HS0008","Class__c":"a0H0o00000fIXZYEA4","Id":"a0I0o000013doETEAY"}|0x68731998
03:58:47.0 (38397535)|STATEMENT_EXECUTE|[61]
03:58:47.0 (38400388)|STATEMENT_EXECUTE|[62]
03:58:47.0 (38407765)|HEAP_ALLOCATE|[62]|Bytes:12
03:58:47.0 (38424167)|CONSTRUCTOR_ENTRY|[62]|01p0o00000GLKhZ|<init>(Student__c)|Controller.OutputList
03:58:47.0 (38435690)|VARIABLE_SCOPE_BEGIN|[20]|this|Controller.OutputList|true|false
03:58:47.0 (38461272)|VARIABLE_ASSIGNMENT|[20]|this|{}|0x459ea62e
03:58:47.0 (38470398)|VARIABLE_SCOPE_BEGIN|[20]|s|Student__c|true|false
03:58:47.0 (38504234)|VARIABLE_ASSIGNMENT|[20]|s|{"Namef__c":"pham","Namel__c":"kieu","Birthday__c":"1997-06-08T00:00:00.000Z","Gender__c":true,"Score1__c":6.00,"Score2__c":5.00,"Score3__c":8.00,"AverageScore__c":6.33,"State__c":"Passed","StudentId__c":"HS0008","Class__c":"a0H0o00000fIXZYEA4","Id":"a0I0o000013doETEAY"}|0x68731998
03:58:47.0 (38514040)|STATEMENT_EXECUTE|[17]
03:58:47.0 (38515968)|STATEMENT_EXECUTE|[18]
03:58:47.0 (38517632)|STATEMENT_EXECUTE|[19]
03:58:47.0 (38532923)|STATEMENT_EXECUTE|[20]
03:58:47.0 (38534984)|STATEMENT_EXECUTE|[21]
03:58:47.0 (38552869)|VARIABLE_ASSIGNMENT|[EXTERNAL]|this|{}|0x459ea62e
03:58:47.0 (38579154)|VARIABLE_ASSIGNMENT|[EXTERNAL]|value|{"Namef__c":"pham","Namel__c":"kieu","Birthday__c":"1997-06-08T00:00:00.000Z","Gender__c":true,"Score1__c":6.00,"Score2__c":5.00,"Score3__c":8.00,"AverageScore__c":6.33,"State__c":"Passed","StudentId__c":"HS0008","Class__c":"a0H0o00000fIXZYEA4","Id":"a0I0o000013doETEAY"}|0x68731998
03:58:47.0 (38608792)|VARIABLE_ASSIGNMENT|[18]|this.student|{"Namef__c":"pham","Namel__c":"kieu","Birthday__c":"1997-06-08T00:00:00.000Z","Gender__c":true,"Score1__c":6.00,"Score2__c":5.00,"Score3__c":8.00,"AverageScore__c":6.33,"State__c":"Passed","StudentId__c":"HS0008","Class__c":"a0H0o00000fIXZYEA4","Id":"a0I0o000013doETEAY"}|0x459ea62e
03:58:47.0 (38621432)|STATEMENT_EXECUTE|[22]
03:58:47.0 (38637531)|VARIABLE_ASSIGNMENT|[EXTERNAL]|this|{"student":"0x68731998"}|0x459ea62e
03:58:47.0 (38648903)|VARIABLE_ASSIGNMENT|[EXTERNAL]|value|false
03:58:47.0 (38654583)|HEAP_ALLOCATE|[19]|Bytes:5
03:58:47.0 (38661783)|VARIABLE_ASSIGNMENT|[19]|this.isSelected|false|0x459ea62e
03:58:47.0 (38673283)|CONSTRUCTOR_EXIT|[62]|01p0o00000GLKhZ|<init>(Student__c)|Controller.OutputList
03:58:47.0 (38686170)|HEAP_ALLOCATE|[EXTERNAL]|Bytes:4
03:58:47.0 (38700593)|HEAP_ALLOCATE|[61]|Bytes:5
03:58:47.0 (38713369)|HEAP_ALLOCATE|[61]|Bytes:52
03:58:47.0 (38720712)|VARIABLE_SCOPE_BEGIN|[61]|s|Student__c|true|false
03:58:47.0 (38761088)|VARIABLE_ASSIGNMENT|[61]|s|{"Namef__c":"hai","Namel__c":"van","Birthday__c":"2020-04-08T00:00:00.000Z","Gender__c":true,"Score1__c":2.00,"Score2__c":4.00,"Score3__c":7.00,"AverageScore__c":4.33,"State__c":"Failed","StudentId__c":"HS0006","Class__c":"a0H0o00000fIXZYEA4","Id":"a0I0o000013doEJEAY"}|0x581f8291
03:58:47.0 (38777754)|STATEMENT_EXECUTE|[61]
03:58:47.0 (38780475)|STATEMENT_EXECUTE|[62]
03:58:47.0 (38787624)|HEAP_ALLOCATE|[62]|Bytes:12
03:58:47.0 (38804195)|CONSTRUCTOR_ENTRY|[62]|01p0o00000GLKhZ|<init>(Student__c)|Controller.OutputList
03:58:47.0 (38812482)|VARIABLE_SCOPE_BEGIN|[20]|this|Controller.OutputList|true|false
03:58:47.0 (38830674)|VARIABLE_ASSIGNMENT|[20]|this|{}|0x57ea269f
03:58:47.0 (38836400)|VARIABLE_SCOPE_BEGIN|[20]|s|Student__c|true|false
03:58:47.0 (38866908)|VARIABLE_ASSIGNMENT|[20]|s|{"Namef__c":"hai","Namel__c":"van","Birthday__c":"2020-04-08T00:00:00.000Z","Gender__c":true,"Score1__c":2.00,"Score2__c":4.00,"Score3__c":7.00,"AverageScore__c":4.33,"State__c":"Failed","StudentId__c":"HS0006","Class__c":"a0H0o00000fIXZYEA4","Id":"a0I0o000013doEJEAY"}|0x581f8291
03:58:47.0 (38881693)|STATEMENT_EXECUTE|[17]
03:58:47.0 (38883608)|STATEMENT_EXECUTE|[18]
03:58:47.0 (38885171)|STATEMENT_EXECUTE|[19]
03:58:47.0 (38899443)|STATEMENT_EXECUTE|[20]
03:58:47.0 (38901208)|STATEMENT_EXECUTE|[21]
03:58:47.0 (38917104)|VARIABLE_ASSIGNMENT|[EXTERNAL]|this|{}|0x57ea269f
03:58:47.0 (38944905)|VARIABLE_ASSIGNMENT|[EXTERNAL]|value|{"Namef__c":"hai","Namel__c":"van","Birthday__c":"2020-04-08T00:00:00.000Z","Gender__c":true,"Score1__c":2.00,"Score2__c":4.00,"Score3__c":7.00,"AverageScore__c":4.33,"State__c":"Failed","StudentId__c":"HS0006","Class__c":"a0H0o00000fIXZYEA4","Id":"a0I0o000013doEJEAY"}|0x581f8291
03:58:47.0 (38972529)|VARIABLE_ASSIGNMENT|[18]|this.student|{"Namef__c":"hai","Namel__c":"van","Birthday__c":"2020-04-08T00:00:00.000Z","Gender__c":true,"Score1__c":2.00,"Score2__c":4.00,"Score3__c":7.00,"AverageScore__c":4.33,"State__c":"Failed","StudentId__c":"HS0006","Class__c":"a0H0o00000fIXZYEA4","Id":"a0I0o000013doEJEAY"}|0x57ea269f
03:58:47.0 (38984772)|STATEMENT_EXECUTE|[22]
03:58:47.0 (39000420)|VARIABLE_ASSIGNMENT|[EXTERNAL]|this|{"student":"0x581f8291"}|0x57ea269f
03:58:47.0 (39012279)|VARIABLE_ASSIGNMENT|[EXTERNAL]|value|false
03:58:47.0 (39018008)|HEAP_ALLOCATE|[19]|Bytes:5
03:58:47.0 (39024851)|VARIABLE_ASSIGNMENT|[19]|this.isSelected|false|0x57ea269f
03:58:47.0 (39036508)|CONSTRUCTOR_EXIT|[62]|01p0o00000GLKhZ|<init>(Student__c)|Controller.OutputList
03:58:47.0 (39048375)|HEAP_ALLOCATE|[EXTERNAL]|Bytes:4
03:58:47.0 (39062399)|HEAP_ALLOCATE|[61]|Bytes:5
03:58:47.0 (39075095)|VARIABLE_ASSIGNMENT|[61]|s|null|
03:58:47.0 (39080563)|STATEMENT_EXECUTE|[64]
03:58:47.0 (39089830)|METHOD_EXIT|[118]|01p0o00000GLKhZ|Controller.getStudent()
03:58:47.0 (39147215)|VARIABLE_ASSIGNMENT|[EXTERNAL]|this|{"studentList":"0x50d56b91","sumstudents":"Total Students : 2","userinput":"a","userselect":"L02"}|0x1da5f95e
03:58:47.0 (39178112)|VARIABLE_ASSIGNMENT|[EXTERNAL]|value|[{"isSelected":false,"student":"0x58db3868"},{"isSelected":false,"student":"0x68731998"},{"isSelected":false,"student":"0x581f8291"}]|0x5b308f3d
03:58:47.0 (39205310)|VARIABLE_ASSIGNMENT|[2]|this.studentList|[{"isSelected":false,"student":"0x58db3868"},{"isSelected":false,"student":"0x68731998"},{"isSelected":false,"student":"0x581f8291"}]|0x1da5f95e
03:58:47.0 (39215822)|STATEMENT_EXECUTE|[119]
03:58:47.0 (39220189)|HEAP_ALLOCATE|[119]|Bytes:17
03:58:47.0 (39269411)|VARIABLE_ASSIGNMENT|[EXTERNAL]|this|{"studentList":"0x5b308f3d","sumstudents":"Total Students : 2","userinput":"a","userselect":"L02"}|0x1da5f95e
03:58:47.0 (39313261)|HEAP_ALLOCATE|[119]|Bytes:1
03:58:47.0 (39329950)|HEAP_ALLOCATE|[119]|Bytes:18
03:58:47.0 (39371216)|VARIABLE_ASSIGNMENT|[EXTERNAL]|this|{"studentList":"0x5b308f3d","sumstudents":"Total Students : 2","userinput":"a","userselect":"L02"}|0x1da5f95e
03:58:47.0 (39383042)|VARIABLE_ASSIGNMENT|[EXTERNAL]|value|"Total Students : 3"
03:58:47.0 (39393459)|VARIABLE_ASSIGNMENT|[6]|this.sumstudents|"Total Students : 3"|0x1da5f95e
03:58:47.0 (39405758)|SYSTEM_MODE_EXIT|false
03:58:47.43 (43217879)|SYSTEM_MODE_ENTER|true
03:58:47.43 (43328756)|HEAP_ALLOCATE|[EXTERNAL]|Bytes:38
03:58:47.43 (43342942)|HEAP_ALLOCATE|[EXTERNAL]|Bytes:7
03:58:47.43 (43663292)|SYSTEM_MODE_ENTER|true
03:58:47.43 (43727768)|HEAP_ALLOCATE|[EXTERNAL]|Bytes:8
03:58:47.43 (43738997)|VARIABLE_SCOPE_BEGIN|[2]|this|ApexPage.PageMessagesComponentController|true|false
03:58:47.43 (43783466)|VARIABLE_ASSIGNMENT|[2]|this|{}|0x1fe7e30b
03:58:47.0 (44975046)|SYSTEM_MODE_ENTER|true
03:58:47.0 (47445119)|SYSTEM_MODE_ENTER|true
03:58:47.0 (47659614)|SYSTEM_MODE_ENTER|true
03:58:47.0 (47711965)|HEAP_ALLOCATE|[EXTERNAL]|Bytes:60
03:58:47.0 (47723584)|VARIABLE_SCOPE_BEGIN|[36]|this|Controller|true|false
03:58:47.0 (47784178)|VARIABLE_ASSIGNMENT|[36]|this|{"studentList":"0x5b308f3d","sumstudents":"Total Students : 3","userinput":"a","userselect":"L02"}|0x1da5f95e
03:58:47.0 (47814714)|SYSTEM_MODE_ENTER|false
03:58:47.0 (47829221)|HEAP_ALLOCATE|[37]|Bytes:5
03:58:47.0 (47838861)|STATEMENT_EXECUTE|[36]
03:58:47.0 (47842485)|STATEMENT_EXECUTE|[37]
03:58:47.0 (47859898)|HEAP_ALLOCATE|[37]|Bytes:4
03:58:47.0 (47894858)|VARIABLE_SCOPE_BEGIN|[37]|options|List<System.SelectOption>|true|false
03:58:47.0 (47939772)|HEAP_ALLOCATE|[EXTERNAL]|Bytes:4
03:58:47.0 (47959205)|VARIABLE_ASSIGNMENT|[37]|options|[]|0x5055d7e9
03:58:47.0 (47969152)|STATEMENT_EXECUTE|[38]
03:58:47.0 (47988973)|HEAP_ALLOCATE|[38]|Bytes:4
03:58:47.0 (48166841)|SOQL_EXECUTE_BEGIN|[38]|Aggregations:0|SELECT className__C FROM Class__c
03:58:47.0 (49963538)|SOQL_EXECUTE_END|[38]|Rows:4
03:58:47.0 (49990287)|HEAP_ALLOCATE|[38]|Bytes:20
03:58:47.0 (50012048)|HEAP_ALLOCATE|[38]|Bytes:193
03:58:47.0 (50042847)|HEAP_ALLOCATE|[38]|Bytes:20
03:58:47.0 (50056268)|VARIABLE_SCOPE_BEGIN|[38]|data|List<Class__c>|true|false
03:58:47.0 (50089658)|VARIABLE_ASSIGNMENT|[38]|data|[{"className__c":"Name","Id":"a0H0o00000fIXZEEA4"},{"className__c":"L02","Id":"a0H0o00000fIXflEAG"},{"className__c":"L01","Id":"a0H0o00000fIXZYEA4"},{"className__c":"L03","Id":"a0H0o00000fIXg0EAG"}]|0x3b1f2dc9
03:58:47.0 (50125805)|HEAP_ALLOCATE|[39]|Bytes:5
03:58:47.0 (50142022)|HEAP_ALLOCATE|[39]|Bytes:12
03:58:47.0 (50152425)|VARIABLE_SCOPE_BEGIN|[39]|c|Class__c|true|false
03:58:47.0 (50167346)|VARIABLE_ASSIGNMENT|[39]|c|{"className__c":"Name","Id":"a0H0o00000fIXZEEA4"}|0x1b73f9f0
03:58:47.0 (50174197)|STATEMENT_EXECUTE|[39]
03:58:47.0 (50176636)|STATEMENT_EXECUTE|[40]
03:58:47.0 (50247456)|HEAP_ALLOCATE|[40]|Bytes:4
03:58:47.0 (50294377)|HEAP_ALLOCATE|[40]|Bytes:4
03:58:47.0 (50324218)|HEAP_ALLOCATE|[EXTERNAL]|Bytes:4
03:58:47.0 (50340655)|HEAP_ALLOCATE|[39]|Bytes:5
03:58:47.0 (50352150)|HEAP_ALLOCATE|[39]|Bytes:12
03:58:47.0 (50359895)|VARIABLE_SCOPE_BEGIN|[39]|c|Class__c|true|false
03:58:47.0 (50376007)|VARIABLE_ASSIGNMENT|[39]|c|{"className__c":"L02","Id":"a0H0o00000fIXflEAG"}|0x3c29534a
03:58:47.0 (50382005)|STATEMENT_EXECUTE|[39]
03:58:47.0 (50383924)|STATEMENT_EXECUTE|[40]
03:58:47.0 (50424542)|HEAP_ALLOCATE|[40]|Bytes:3
03:58:47.0 (50463092)|HEAP_ALLOCATE|[40]|Bytes:3
03:58:47.0 (50483828)|HEAP_ALLOCATE|[EXTERNAL]|Bytes:4
03:58:47.0 (50497931)|HEAP_ALLOCATE|[39]|Bytes:5
03:58:47.0 (50508404)|HEAP_ALLOCATE|[39]|Bytes:12
03:58:47.0 (50515519)|VARIABLE_SCOPE_BEGIN|[39]|c|Class__c|true|false
03:58:47.0 (50529972)|VARIABLE_ASSIGNMENT|[39]|c|{"className__c":"L01","Id":"a0H0o00000fIXZYEA4"}|0x7fbe2db1
03:58:47.0 (50536235)|STATEMENT_EXECUTE|[39]
03:58:47.0 (50538182)|STATEMENT_EXECUTE|[40]
03:58:47.0 (50575496)|HEAP_ALLOCATE|[40]|Bytes:3
03:58:47.0 (50611840)|HEAP_ALLOCATE|[40]|Bytes:3
03:58:47.0 (50631490)|HEAP_ALLOCATE|[EXTERNAL]|Bytes:4
03:58:47.0 (50644958)|HEAP_ALLOCATE|[39]|Bytes:5
03:58:47.0 (50654865)|HEAP_ALLOCATE|[39]|Bytes:12
03:58:47.0 (50661594)|VARIABLE_SCOPE_BEGIN|[39]|c|Class__c|true|false
03:58:47.0 (50676126)|VARIABLE_ASSIGNMENT|[39]|c|{"className__c":"L03","Id":"a0H0o00000fIXg0EAG"}|0x70639066
03:58:47.0 (50681719)|STATEMENT_EXECUTE|[39]
03:58:47.0 (50683612)|STATEMENT_EXECUTE|[40]
03:58:47.0 (50719640)|HEAP_ALLOCATE|[40]|Bytes:3
03:58:47.0 (50755738)|HEAP_ALLOCATE|[40]|Bytes:3
03:58:47.0 (50774615)|HEAP_ALLOCATE|[EXTERNAL]|Bytes:4
03:58:47.0 (50788099)|HEAP_ALLOCATE|[39]|Bytes:5
03:58:47.0 (50801768)|VARIABLE_ASSIGNMENT|[39]|c|null|
03:58:47.0 (50807564)|STATEMENT_EXECUTE|[43]
03:58:47.0 (50812937)|SYSTEM_MODE_EXIT|false
03:58:47.0 (51038840)|SYSTEM_MODE_ENTER|true
03:58:47.52 (52266349)|SYSTEM_MODE_ENTER|true
03:58:47.52 (52351460)|HEAP_ALLOCATE|[EXTERNAL]|Bytes:8
03:58:47.52 (52363573)|VARIABLE_SCOPE_BEGIN|[88]|this|ApexPage.PageMessagesComponentController|true|false
03:58:47.52 (52396140)|VARIABLE_ASSIGNMENT|[88]|this|{}|0x1fe7e30b
03:58:47.52 (52403594)|VARIABLE_SCOPE_BEGIN|[88]|escape|Boolean|false|false
03:58:47.52 (52412409)|VARIABLE_ASSIGNMENT|[88]|escape|null
03:58:47.52 (52578671)|SYSTEM_MODE_ENTER|true
03:58:47.52 (52644599)|HEAP_ALLOCATE|[EXTERNAL]|Bytes:8
03:58:47.52 (52657240)|VARIABLE_SCOPE_BEGIN|[2]|this|ApexPage.PageMessagesComponentController|true|false
03:58:47.52 (52691099)|VARIABLE_ASSIGNMENT|[2]|this|{}|0x1fe7e30b
03:58:47.0 (54266114)|SYSTEM_MODE_ENTER|true
03:58:47.0 (69569082)|VF_SERIALIZE_VIEWSTATE_BEGIN|0660o000008sEYc
03:58:47.0 (88174619)|VF_SERIALIZE_VIEWSTATE_END
03:58:47.0 (101877011)|CODE_UNIT_STARTED|[EXTERNAL]|Generate Metadata
03:58:47.0 (104918708)|CODE_UNIT_FINISHED|Generate Metadata
03:58:47.108 (108654807)|CUMULATIVE_LIMIT_USAGE
03:58:47.108 (108654807)|LIMIT_USAGE_FOR_NS|(default)|
  Number of SOQL queries: 3 out of 100
  Number of query rows: 11 out of 50000
  Number of SOSL queries: 0 out of 20
  Number of DML statements: 0 out of 150
  Number of DML rows: 0 out of 10000
  Maximum CPU time: 0 out of 10000
  Maximum heap size: 0 out of 6000000
  Number of callouts: 0 out of 100
  Number of Email Invocations: 0 out of 10
  Number of future calls: 0 out of 50
  Number of queueable jobs added to the queue: 0 out of 50
  Number of Mobile Apex push calls: 0 out of 10

03:58:47.108 (108654807)|CUMULATIVE_LIMIT_USAGE_END

03:58:47.0 (108732025)|CODE_UNIT_FINISHED|VF: /apex/MainPage
03:58:47.0 (109616628)|EXECUTION_FINISHED
