45.0 APEX_CODE,FINEST;APEX_PROFILING,INFO;CALLOUT,INFO;DB,INFO;NBA,INFO;SYSTEM,DEBUG;VALIDATION,INFO;VISUALFORCE,INFO;WAVE,INFO;WORKFLOW,INFO
Execute Anonymous: System.schedule('ImportDataPatch', '0 55 * * * ?', new ImportDataScheduleBatch());
02:07:45.1 (1834650)|USER_INFO|[EXTERNAL]|0050o00000WkyGG|ttvy@keizu.co.jp|(GMT-07:00) Pacific Daylight Time (America/Los_Angeles)|GMT-07:00
02:07:45.1 (1864008)|EXECUTION_STARTED
02:07:45.1 (1871016)|CODE_UNIT_STARTED|[EXTERNAL]|execute_anonymous_apex
02:07:45.1 (2162503)|HEAP_ALLOCATE|[72]|Bytes:3
02:07:45.1 (2198713)|HEAP_ALLOCATE|[77]|Bytes:152
02:07:45.1 (2213718)|HEAP_ALLOCATE|[342]|Bytes:408
02:07:45.1 (2227448)|HEAP_ALLOCATE|[355]|Bytes:408
02:07:45.1 (2239042)|HEAP_ALLOCATE|[467]|Bytes:48
02:07:45.1 (2277163)|HEAP_ALLOCATE|[139]|Bytes:6
02:07:45.1 (2315918)|HEAP_ALLOCATE|[EXTERNAL]|Bytes:1
02:07:45.1 (2405044)|STATEMENT_EXECUTE|[1]
02:07:45.1 (2407858)|STATEMENT_EXECUTE|[1]
02:07:45.1 (2412344)|HEAP_ALLOCATE|[1]|Bytes:15
02:07:45.1 (2417421)|HEAP_ALLOCATE|[1]|Bytes:12
02:07:45.1 (12345141)|HEAP_ALLOCATE|[1]|Bytes:1
02:07:45.1 (12363574)|HEAP_ALLOCATE|[1]|Bytes:2
02:07:45.1 (12421680)|METHOD_ENTRY|[1]|01p0o00000GMW5U|ImportDataScheduleBatch.ImportDataScheduleBatch()
02:07:45.1 (12431249)|STATEMENT_EXECUTE|[1]
02:07:45.1 (12435785)|STATEMENT_EXECUTE|[1]
02:07:45.1 (12441156)|METHOD_EXIT|[1]|ImportDataScheduleBatch
02:07:45.1 (12472353)|HEAP_ALLOCATE|[1]|Bytes:8
02:07:45.1 (12507613)|HEAP_ALLOCATE|[50]|Bytes:5
02:07:45.1 (12531529)|HEAP_ALLOCATE|[56]|Bytes:5
02:07:45.1 (12540845)|HEAP_ALLOCATE|[64]|Bytes:7
02:07:45.1 (12561656)|SYSTEM_MODE_ENTER|false
02:07:45.1 (12594564)|HEAP_ALLOCATE|[1]|Bytes:5
02:07:45.1 (12615051)|CONSTRUCTOR_ENTRY|[1]|01p0o00000GMW5U|<init>()|ImportDataScheduleBatch
02:07:45.1 (12651262)|VARIABLE_SCOPE_BEGIN|[1]|this|ImportDataScheduleBatch|true|false
02:07:45.1 (12726608)|VARIABLE_ASSIGNMENT|[1]|this|{}|0x5d6180bd
02:07:45.1 (12741121)|HEAP_ALLOCATE|[2]|Bytes:6
02:07:45.1 (12777656)|STATEMENT_EXECUTE|[1]
02:07:45.1 (12779860)|STATEMENT_EXECUTE|[2]
02:07:45.1 (12795045)|VARIABLE_ASSIGNMENT|[2]|this.runtime|null|0x5d6180bd
02:07:45.1 (12810206)|CONSTRUCTOR_EXIT|[1]|01p0o00000GMW5U|<init>()|ImportDataScheduleBatch
02:07:45.1 (12828667)|SYSTEM_MODE_EXIT|false
02:07:45.54 (54852048)|CUMULATIVE_LIMIT_USAGE
02:07:45.54 (54852048)|LIMIT_USAGE_FOR_NS|(default)|
  Number of SOQL queries: 0 out of 100
  Number of query rows: 0 out of 50000
  Number of SOSL queries: 0 out of 20
  Number of DML statements: 0 out of 150
  Number of DML rows: 0 out of 10000
  Maximum CPU time: 0 out of 10000
  Maximum heap size: 0 out of 6000000
  Number of callouts: 0 out of 100
  Number of Email Invocations: 0 out of 10
  Number of future calls: 0 out of 50
  Number of queueable jobs added to the queue: 0 out of 50
  Number of Mobile Apex push calls: 0 out of 10

02:07:45.54 (54852048)|CUMULATIVE_LIMIT_USAGE_END

02:07:45.1 (54902051)|CODE_UNIT_FINISHED|execute_anonymous_apex
02:07:45.1 (55955958)|EXECUTION_FINISHED
