36.0 APEX_CODE,FINEST;APEX_PROFILING,INFO;CALLOUT,INFO;DB,INFO;NBA,INFO;SYSTEM,DEBUG;VALIDATION,INFO;VISUALFORCE,INFO;WAVE,INFO;WORKFLOW,INFO
14:56:42.3 (3381198)|USER_INFO|[EXTERNAL]|0050o00000WkyGG|ttvy@keizu.co.jp|Indochina Time|GMT+07:00
14:56:42.3 (3423770)|EXECUTION_STARTED
14:56:42.3 (3429727)|CODE_UNIT_STARTED|[EXTERNAL]|0660o000008sfbS|VF: /apex/UpdateStudent
14:56:42.3 (3592792)|VF_DESERIALIZE_VIEWSTATE_BEGIN|0660o000008sfbS
14:56:42.3 (11016678)|HEAP_ALLOCATE|[72]|Bytes:3
14:56:42.3 (11060769)|HEAP_ALLOCATE|[77]|Bytes:152
14:56:42.3 (11080673)|HEAP_ALLOCATE|[342]|Bytes:408
14:56:42.3 (11102115)|HEAP_ALLOCATE|[355]|Bytes:408
14:56:42.3 (11120389)|HEAP_ALLOCATE|[467]|Bytes:48
14:56:42.3 (11154880)|HEAP_ALLOCATE|[139]|Bytes:6
14:56:42.3 (11205051)|HEAP_ALLOCATE|[50]|Bytes:5
14:56:42.3 (11230548)|HEAP_ALLOCATE|[56]|Bytes:5
14:56:42.3 (11245567)|HEAP_ALLOCATE|[64]|Bytes:7
14:56:42.3 (12380473)|VF_DESERIALIZE_VIEWSTATE_END
14:56:42.13 (13026942)|SYSTEM_MODE_ENTER|true
14:56:42.13 (13125735)|HEAP_ALLOCATE|[EXTERNAL]|Bytes:38
14:56:42.13 (13135661)|HEAP_ALLOCATE|[EXTERNAL]|Bytes:7
14:56:42.13 (13992858)|SYSTEM_MODE_ENTER|true
14:56:42.13 (14072116)|HEAP_ALLOCATE|[EXTERNAL]|Bytes:8
14:56:42.13 (14082165)|VARIABLE_SCOPE_BEGIN|[88]|this|ApexPage.PageMessagesComponentController|true|false
14:56:42.13 (14130284)|VARIABLE_ASSIGNMENT|[88]|this|{}|0x74d4364b
14:56:42.13 (14143869)|VARIABLE_SCOPE_BEGIN|[88]|escape|Boolean|false|false
14:56:42.13 (14160071)|VARIABLE_ASSIGNMENT|[88]|escape|null
14:56:42.3 (14423104)|SYSTEM_MODE_ENTER|true
14:56:42.3 (14460152)|HEAP_ALLOCATE|[EXTERNAL]|Bytes:84
14:56:42.3 (14469896)|HEAP_ALLOCATE|[EXTERNAL]|Bytes:9
14:56:42.3 (14480134)|METHOD_ENTRY|[1]|01p0o00000GMTJR|UpdateStudentController.UpdateStudentController()
14:56:42.3 (14487076)|STATEMENT_EXECUTE|[1]
14:56:42.3 (14490430)|STATEMENT_EXECUTE|[1]
14:56:42.3 (14497723)|SYSTEM_MODE_ENTER|false
14:56:42.3 (14505829)|HEAP_ALLOCATE|[EXTERNAL]|Bytes:5
14:56:42.3 (14515866)|SYSTEM_MODE_EXIT|false
14:56:42.3 (14524087)|METHOD_EXIT|[1]|UpdateStudentController
14:56:42.21 (21890001)|SYSTEM_MODE_ENTER|true
14:56:42.21 (21978615)|HEAP_ALLOCATE|[EXTERNAL]|Bytes:8
14:56:42.21 (21992116)|VARIABLE_SCOPE_BEGIN|[88]|this|ApexPage.PageMessagesComponentController|true|false
14:56:42.21 (22036329)|VARIABLE_ASSIGNMENT|[88]|this|{}|0x74d4364b
14:56:42.21 (22047834)|VARIABLE_SCOPE_BEGIN|[88]|escape|Boolean|false|false
14:56:42.21 (22059214)|VARIABLE_ASSIGNMENT|[88]|escape|null
14:56:42.3 (23230547)|HEAP_ALLOCATE|[EXTERNAL]|Bytes:8
14:56:42.3 (23243795)|VARIABLE_SCOPE_BEGIN|[29]|this|UpdateStudentController|true|false
14:56:42.3 (23284721)|VARIABLE_ASSIGNMENT|[29]|this|{"student":"0x68ef2af4"}|0x152f25dd
14:56:42.3 (23300067)|SYSTEM_MODE_ENTER|false
14:56:42.3 (23309941)|HEAP_ALLOCATE|[30]|Bytes:5
14:56:42.3 (23316342)|STATEMENT_EXECUTE|[29]
14:56:42.3 (23318671)|STATEMENT_EXECUTE|[30]
14:56:42.3 (23324581)|HEAP_ALLOCATE|[30]|Bytes:14
14:56:42.3 (23365896)|VARIABLE_SCOPE_BEGIN|[30]|pg|System.PageReference|true|false
14:56:42.3 (26049629)|VARIABLE_ASSIGNMENT|[30]|pg|"/apex/MainPage"|0x3b48c52
14:56:42.3 (26066813)|STATEMENT_EXECUTE|[31]
14:56:42.3 (26140997)|STATEMENT_EXECUTE|[32]
14:56:42.3 (26146653)|SYSTEM_MODE_EXIT|false
14:56:42.27 (27962831)|CUMULATIVE_LIMIT_USAGE
14:56:42.27 (27962831)|LIMIT_USAGE_FOR_NS|(default)|
  Number of SOQL queries: 0 out of 100
  Number of query rows: 0 out of 50000
  Number of SOSL queries: 0 out of 20
  Number of DML statements: 0 out of 150
  Number of DML rows: 0 out of 10000
  Maximum CPU time: 0 out of 10000
  Maximum heap size: 0 out of 6000000
  Number of callouts: 0 out of 100
  Number of Email Invocations: 0 out of 10
  Number of future calls: 0 out of 50
  Number of queueable jobs added to the queue: 0 out of 50
  Number of Mobile Apex push calls: 0 out of 10

14:56:42.27 (27962831)|CUMULATIVE_LIMIT_USAGE_END

14:56:42.3 (28012144)|CODE_UNIT_FINISHED|VF: /apex/UpdateStudent
14:56:42.3 (28843436)|EXECUTION_FINISHED
