36.0 APEX_CODE,FINEST;APEX_PROFILING,INFO;CALLOUT,INFO;DB,INFO;NBA,INFO;SYSTEM,DEBUG;VALIDATION,INFO;VISUALFORCE,INFO;WAVE,INFO;WORKFLOW,INFO
02:12:26.0 (386197)|USER_INFO|[EXTERNAL]|0050o00000WkyGG|ttvy@keizu.co.jp|Pacific Standard Time|GMT-07:00
02:12:26.0 (422061)|EXECUTION_STARTED
02:12:26.0 (426363)|CODE_UNIT_STARTED|[EXTERNAL]|0660o000008sbCc|VF: /apex/AddNewStudent
02:12:26.6 (6305860)|SYSTEM_MODE_ENTER|true
02:12:26.7 (7049568)|SYSTEM_MODE_ENTER|true
02:12:26.7 (7160911)|HEAP_ALLOCATE|[EXTERNAL]|Bytes:8
02:12:26.7 (7186647)|VARIABLE_SCOPE_BEGIN|[88]|this|ApexPage.PageMessagesComponentController|true|false
02:12:26.7 (7263121)|VARIABLE_ASSIGNMENT|[88]|this|{}|0x4ffb8b37
02:12:26.7 (7275289)|VARIABLE_SCOPE_BEGIN|[88]|escape|Boolean|false|false
02:12:26.7 (7288229)|VARIABLE_ASSIGNMENT|[88]|escape|null
02:12:26.7 (7515049)|SYSTEM_MODE_ENTER|true
02:12:26.7 (7578495)|HEAP_ALLOCATE|[EXTERNAL]|Bytes:8
02:12:26.7 (7590848)|VARIABLE_SCOPE_BEGIN|[2]|this|ApexPage.PageMessagesComponentController|true|false
02:12:26.7 (7621677)|VARIABLE_ASSIGNMENT|[2]|this|{}|0x4ffb8b37
02:12:26.0 (12641027)|SYSTEM_MODE_ENTER|true
02:12:26.0 (12983491)|HEAP_ALLOCATE|[EXTERNAL]|Bytes:19
02:12:26.0 (13001304)|HEAP_ALLOCATE|[EXTERNAL]|Bytes:376
02:12:26.0 (13010694)|HEAP_ALLOCATE|[EXTERNAL]|Bytes:63
02:12:26.0 (13017143)|HEAP_ALLOCATE|[EXTERNAL]|Bytes:10
02:12:26.0 (13032976)|METHOD_ENTRY|[1]|01p0o00000GLKhZ|Controller.Controller()
02:12:26.0 (13042429)|STATEMENT_EXECUTE|[1]
02:12:26.0 (13050135)|STATEMENT_EXECUTE|[1]
02:12:26.0 (13062901)|SYSTEM_MODE_ENTER|false
02:12:26.0 (13079233)|HEAP_ALLOCATE|[EXTERNAL]|Bytes:5
02:12:26.0 (13091884)|STATEMENT_EXECUTE|[18]
02:12:26.0 (13094595)|STATEMENT_EXECUTE|[37]
02:12:26.0 (13103805)|SYSTEM_MODE_EXIT|false
02:12:26.0 (13122080)|METHOD_EXIT|[1]|Controller
02:12:26.0 (13945395)|HEAP_ALLOCATE|[EXTERNAL]|Bytes:64
02:12:26.0 (13961511)|VARIABLE_SCOPE_BEGIN|[1]|this|Controller|true|false
02:12:26.0 (14089817)|VARIABLE_ASSIGNMENT|[1]|this|{}|0x5a825dee
02:12:26.0 (14111826)|SYSTEM_MODE_ENTER|false
02:12:26.0 (14123721)|HEAP_ALLOCATE|[EXTERNAL]|Bytes:5
02:12:26.0 (14163288)|SYSTEM_MODE_EXIT|false
02:12:26.0 (14172413)|STATEMENT_EXECUTE|[1]
02:12:26.0 (14179035)|SYSTEM_MODE_ENTER|false
02:12:26.0 (14187565)|HEAP_ALLOCATE|[EXTERNAL]|Bytes:5
02:12:26.0 (14194090)|STATEMENT_EXECUTE|[2]
02:12:26.0 (14196631)|STATEMENT_EXECUTE|[3]
02:12:26.0 (14198654)|STATEMENT_EXECUTE|[4]
02:12:26.0 (14200711)|STATEMENT_EXECUTE|[5]
02:12:26.0 (14202633)|STATEMENT_EXECUTE|[6]
02:12:26.0 (14204521)|STATEMENT_EXECUTE|[7]
02:12:26.0 (14206987)|STATEMENT_EXECUTE|[8]
02:12:26.0 (14209259)|STATEMENT_EXECUTE|[9]
02:12:26.0 (14211409)|STATEMENT_EXECUTE|[10]
02:12:26.0 (14213515)|STATEMENT_EXECUTE|[11]
02:12:26.0 (14215612)|STATEMENT_EXECUTE|[12]
02:12:26.0 (14217648)|STATEMENT_EXECUTE|[13]
02:12:26.0 (14219933)|STATEMENT_EXECUTE|[14]
02:12:26.0 (14222086)|STATEMENT_EXECUTE|[15]
02:12:26.0 (14224411)|STATEMENT_EXECUTE|[16]
02:12:26.0 (14228453)|SYSTEM_MODE_EXIT|false
02:12:26.16 (16140773)|SYSTEM_MODE_ENTER|true
02:12:26.16 (16250585)|HEAP_ALLOCATE|[EXTERNAL]|Bytes:8
02:12:26.16 (16266560)|VARIABLE_SCOPE_BEGIN|[88]|this|ApexPage.PageMessagesComponentController|true|false
02:12:26.16 (16302998)|VARIABLE_ASSIGNMENT|[88]|this|{}|0x4ffb8b37
02:12:26.16 (16314494)|VARIABLE_SCOPE_BEGIN|[88]|escape|Boolean|false|false
02:12:26.16 (16328470)|VARIABLE_ASSIGNMENT|[88]|escape|null
02:12:26.16 (16504596)|SYSTEM_MODE_ENTER|true
02:12:26.16 (16574456)|HEAP_ALLOCATE|[EXTERNAL]|Bytes:8
02:12:26.16 (16586570)|VARIABLE_SCOPE_BEGIN|[2]|this|ApexPage.PageMessagesComponentController|true|false
02:12:26.16 (16617647)|VARIABLE_ASSIGNMENT|[2]|this|{}|0x4ffb8b37
02:12:26.0 (18019998)|SYSTEM_MODE_ENTER|true
02:12:26.0 (18192252)|SYSTEM_MODE_ENTER|true
02:12:26.0 (18319212)|SYSTEM_MODE_ENTER|true
02:12:26.0 (18469180)|SYSTEM_MODE_ENTER|true
02:12:26.0 (18662595)|SYSTEM_MODE_ENTER|true
02:12:26.0 (18778669)|SYSTEM_MODE_ENTER|true
02:12:26.0 (18894716)|SYSTEM_MODE_ENTER|true
02:12:26.0 (19054766)|SYSTEM_MODE_ENTER|true
02:12:26.0 (19113070)|HEAP_ALLOCATE|[EXTERNAL]|Bytes:64
02:12:26.0 (19126669)|VARIABLE_SCOPE_BEGIN|[56]|this|Controller|true|false
02:12:26.0 (19171346)|VARIABLE_ASSIGNMENT|[56]|this|{}|0x5a825dee
02:12:26.0 (19191403)|SYSTEM_MODE_ENTER|false
02:12:26.0 (19202271)|HEAP_ALLOCATE|[57]|Bytes:5
02:12:26.0 (19210580)|STATEMENT_EXECUTE|[56]
02:12:26.0 (19213587)|STATEMENT_EXECUTE|[57]
02:12:26.0 (19228240)|HEAP_ALLOCATE|[57]|Bytes:4
02:12:26.0 (19280850)|VARIABLE_SCOPE_BEGIN|[57]|options|List<System.SelectOption>|true|false
02:12:26.0 (19315585)|HEAP_ALLOCATE|[EXTERNAL]|Bytes:4
02:12:26.0 (19330896)|VARIABLE_ASSIGNMENT|[57]|options|[]|0x41a4042a
02:12:26.0 (19340634)|STATEMENT_EXECUTE|[58]
02:12:26.0 (19346573)|HEAP_ALLOCATE|[58]|Bytes:33
02:12:26.0 (19368245)|HEAP_ALLOCATE|[58]|Bytes:4
02:12:26.0 (20660753)|SOQL_EXECUTE_BEGIN|[58]|Aggregations:0|SELECT className__C FROM Class__c
02:12:26.0 (23389031)|SOQL_EXECUTE_END|[58]|Rows:2
02:12:26.0 (23416590)|HEAP_ALLOCATE|[58]|Bytes:12
02:12:26.0 (23436691)|HEAP_ALLOCATE|[58]|Bytes:101
02:12:26.0 (23517349)|HEAP_ALLOCATE|[58]|Bytes:12
02:12:26.0 (23534985)|VARIABLE_SCOPE_BEGIN|[58]|data|List<Class__c>|true|false
02:12:26.0 (23570381)|VARIABLE_ASSIGNMENT|[58]|data|[{"className__c":"Math","Id":"a0H0o00000fJQOvEAO"},{"className__c":"English","Id":"a0H0o00000fJQOwEAO"}]|0x5e7ae769
02:12:26.0 (23762221)|HEAP_ALLOCATE|[59]|Bytes:5
02:12:26.0 (23800438)|HEAP_ALLOCATE|[59]|Bytes:12
02:12:26.0 (23813539)|VARIABLE_SCOPE_BEGIN|[59]|c|Class__c|true|false
02:12:26.0 (23831480)|VARIABLE_ASSIGNMENT|[59]|c|{"className__c":"Math","Id":"a0H0o00000fJQOvEAO"}|0x3123762c
02:12:26.0 (23839131)|STATEMENT_EXECUTE|[59]
02:12:26.0 (23842081)|STATEMENT_EXECUTE|[60]
02:12:26.0 (23854112)|HEAP_ALLOCATE|[60]|Bytes:12
02:12:26.0 (23963319)|HEAP_ALLOCATE|[60]|Bytes:4
02:12:26.0 (24003870)|HEAP_ALLOCATE|[60]|Bytes:4
02:12:26.0 (24052140)|HEAP_ALLOCATE|[EXTERNAL]|Bytes:4
02:12:26.0 (24068787)|HEAP_ALLOCATE|[59]|Bytes:5
02:12:26.0 (24080358)|HEAP_ALLOCATE|[59]|Bytes:12
02:12:26.0 (24088006)|VARIABLE_SCOPE_BEGIN|[59]|c|Class__c|true|false
02:12:26.0 (24105474)|VARIABLE_ASSIGNMENT|[59]|c|{"className__c":"English","Id":"a0H0o00000fJQOwEAO"}|0x1b7931fd
02:12:26.0 (24111703)|STATEMENT_EXECUTE|[59]
02:12:26.0 (24113350)|STATEMENT_EXECUTE|[60]
02:12:26.0 (24147944)|HEAP_ALLOCATE|[60]|Bytes:7
02:12:26.0 (24176636)|HEAP_ALLOCATE|[60]|Bytes:7
02:12:26.0 (24192924)|HEAP_ALLOCATE|[EXTERNAL]|Bytes:4
02:12:26.0 (24205917)|HEAP_ALLOCATE|[59]|Bytes:5
02:12:26.0 (24217511)|VARIABLE_ASSIGNMENT|[59]|c|null|
02:12:26.0 (24223818)|STATEMENT_EXECUTE|[63]
02:12:26.0 (24229959)|SYSTEM_MODE_EXIT|false
02:12:26.0 (24462174)|SYSTEM_MODE_ENTER|true
02:12:26.0 (25987093)|VF_SERIALIZE_VIEWSTATE_BEGIN|0660o000008sbCc
02:12:26.0 (28157159)|VF_SERIALIZE_VIEWSTATE_END
02:12:26.30 (30279426)|CUMULATIVE_LIMIT_USAGE
02:12:26.30 (30279426)|LIMIT_USAGE_FOR_NS|(default)|
  Number of SOQL queries: 1 out of 100
  Number of query rows: 2 out of 50000
  Number of SOSL queries: 0 out of 20
  Number of DML statements: 0 out of 150
  Number of DML rows: 0 out of 10000
  Maximum CPU time: 0 out of 10000
  Maximum heap size: 0 out of 6000000
  Number of callouts: 0 out of 100
  Number of Email Invocations: 0 out of 10
  Number of future calls: 0 out of 50
  Number of queueable jobs added to the queue: 0 out of 50
  Number of Mobile Apex push calls: 0 out of 10

02:12:26.30 (30279426)|CUMULATIVE_LIMIT_USAGE_END

02:12:26.0 (30325213)|CODE_UNIT_FINISHED|VF: /apex/AddNewStudent
02:12:26.0 (31084317)|EXECUTION_FINISHED
