36.0 APEX_CODE,FINEST;APEX_PROFILING,INFO;CALLOUT,INFO;DB,INFO;NBA,INFO;SYSTEM,DEBUG;VALIDATION,INFO;VISUALFORCE,INFO;WAVE,INFO;WORKFLOW,INFO
00:12:56.0 (375346)|USER_INFO|[EXTERNAL]|0050o00000WkyGG|ttvy@keizu.co.jp|Pacific Standard Time|GMT-07:00
00:12:56.0 (409296)|EXECUTION_STARTED
00:12:56.0 (417283)|CODE_UNIT_STARTED|[EXTERNAL]|0660o000008sbCc|VF: /apex/AddNewStudent
00:12:56.0 (855409)|VF_DESERIALIZE_VIEWSTATE_BEGIN|0660o000008sbCc
00:12:56.0 (8338538)|VF_DESERIALIZE_VIEWSTATE_END
00:12:56.8 (8846623)|SYSTEM_MODE_ENTER|true
00:12:56.9 (9827251)|SYSTEM_MODE_ENTER|true
00:12:56.9 (9883844)|HEAP_ALLOCATE|[EXTERNAL]|Bytes:8
00:12:56.9 (9893409)|VARIABLE_SCOPE_BEGIN|[88]|this|ApexPage.PageMessagesComponentController|true|false
00:12:56.9 (9932409)|VARIABLE_ASSIGNMENT|[88]|this|{}|0x2dee2090
00:12:56.9 (9939899)|VARIABLE_SCOPE_BEGIN|[88]|escape|Boolean|false|false
00:12:56.9 (9948560)|VARIABLE_ASSIGNMENT|[88]|escape|null
00:12:56.0 (10819052)|SYSTEM_MODE_ENTER|true
00:12:56.0 (10842674)|HEAP_ALLOCATE|[EXTERNAL]|Bytes:19
00:12:56.0 (10851501)|HEAP_ALLOCATE|[EXTERNAL]|Bytes:376
00:12:56.0 (10855806)|HEAP_ALLOCATE|[EXTERNAL]|Bytes:63
00:12:56.0 (10859261)|HEAP_ALLOCATE|[EXTERNAL]|Bytes:10
00:12:56.0 (10867531)|METHOD_ENTRY|[1]|01p0o00000GLKhZ|Controller.Controller()
00:12:56.0 (10872924)|STATEMENT_EXECUTE|[1]
00:12:56.0 (10878762)|STATEMENT_EXECUTE|[1]
00:12:56.0 (10886173)|SYSTEM_MODE_ENTER|false
00:12:56.0 (10893273)|HEAP_ALLOCATE|[EXTERNAL]|Bytes:5
00:12:56.0 (10898375)|STATEMENT_EXECUTE|[18]
00:12:56.0 (10900320)|STATEMENT_EXECUTE|[37]
00:12:56.0 (10905647)|SYSTEM_MODE_EXIT|false
00:12:56.0 (10912838)|METHOD_EXIT|[1]|Controller
00:12:56.0 (10975816)|SYSTEM_MODE_ENTER|true
00:12:56.0 (11027508)|SYSTEM_MODE_ENTER|true
00:12:56.0 (11086091)|SYSTEM_MODE_ENTER|true
00:12:56.0 (11131887)|SYSTEM_MODE_ENTER|true
00:12:56.0 (11171740)|SYSTEM_MODE_ENTER|true
00:12:56.0 (11210334)|SYSTEM_MODE_ENTER|true
00:12:56.0 (11313457)|SYSTEM_MODE_ENTER|true
00:12:56.0 (11550002)|HEAP_ALLOCATE|[EXTERNAL]|Bytes:64
00:12:56.0 (11559096)|VARIABLE_SCOPE_BEGIN|[56]|this|Controller|true|false
00:12:56.0 (11608947)|VARIABLE_ASSIGNMENT|[56]|this|{}|0xd907fae
00:12:56.0 (11621989)|SYSTEM_MODE_ENTER|false
00:12:56.0 (11628930)|HEAP_ALLOCATE|[57]|Bytes:5
00:12:56.0 (11633790)|STATEMENT_EXECUTE|[56]
00:12:56.0 (11635644)|STATEMENT_EXECUTE|[57]
00:12:56.0 (11646298)|HEAP_ALLOCATE|[57]|Bytes:4
00:12:56.0 (11673925)|VARIABLE_SCOPE_BEGIN|[57]|options|List<System.SelectOption>|true|false
00:12:56.0 (11701995)|HEAP_ALLOCATE|[EXTERNAL]|Bytes:4
00:12:56.0 (11713531)|VARIABLE_ASSIGNMENT|[57]|options|[]|0x8dec3d0
00:12:56.0 (11720131)|STATEMENT_EXECUTE|[58]
00:12:56.0 (11723189)|HEAP_ALLOCATE|[58]|Bytes:33
00:12:56.0 (11738195)|HEAP_ALLOCATE|[58]|Bytes:4
00:12:56.0 (12812224)|SOQL_EXECUTE_BEGIN|[58]|Aggregations:0|SELECT className__C FROM Class__c
00:12:56.0 (15314255)|SOQL_EXECUTE_END|[58]|Rows:2
00:12:56.0 (15335744)|HEAP_ALLOCATE|[58]|Bytes:12
00:12:56.0 (15350257)|HEAP_ALLOCATE|[58]|Bytes:101
00:12:56.0 (15418253)|HEAP_ALLOCATE|[58]|Bytes:12
00:12:56.0 (15433730)|VARIABLE_SCOPE_BEGIN|[58]|data|List<Class__c>|true|false
00:12:56.0 (15466524)|VARIABLE_ASSIGNMENT|[58]|data|[{"className__c":"Math","Id":"a0H0o00000fJQOvEAO"},{"className__c":"English","Id":"a0H0o00000fJQOwEAO"}]|0x31d3b6f3
00:12:56.0 (15633252)|HEAP_ALLOCATE|[59]|Bytes:5
00:12:56.0 (15654605)|HEAP_ALLOCATE|[59]|Bytes:12
00:12:56.0 (15663419)|VARIABLE_SCOPE_BEGIN|[59]|c|Class__c|true|false
00:12:56.0 (15679778)|VARIABLE_ASSIGNMENT|[59]|c|{"className__c":"Math","Id":"a0H0o00000fJQOvEAO"}|0x311c9ef7
00:12:56.0 (15686747)|STATEMENT_EXECUTE|[59]
00:12:56.0 (15688718)|STATEMENT_EXECUTE|[60]
00:12:56.0 (15695925)|HEAP_ALLOCATE|[60]|Bytes:12
00:12:56.0 (15778773)|HEAP_ALLOCATE|[60]|Bytes:4
00:12:56.0 (15822235)|HEAP_ALLOCATE|[60]|Bytes:4
00:12:56.0 (15865673)|HEAP_ALLOCATE|[EXTERNAL]|Bytes:4
00:12:56.0 (15880652)|HEAP_ALLOCATE|[59]|Bytes:5
00:12:56.0 (15891620)|HEAP_ALLOCATE|[59]|Bytes:12
00:12:56.0 (15899044)|VARIABLE_SCOPE_BEGIN|[59]|c|Class__c|true|false
00:12:56.0 (15915532)|VARIABLE_ASSIGNMENT|[59]|c|{"className__c":"English","Id":"a0H0o00000fJQOwEAO"}|0x44a13ea7
00:12:56.0 (15921395)|STATEMENT_EXECUTE|[59]
00:12:56.0 (15922994)|STATEMENT_EXECUTE|[60]
00:12:56.0 (15954530)|HEAP_ALLOCATE|[60]|Bytes:7
00:12:56.0 (15981884)|HEAP_ALLOCATE|[60]|Bytes:7
00:12:56.0 (15998137)|HEAP_ALLOCATE|[EXTERNAL]|Bytes:4
00:12:56.0 (16010241)|HEAP_ALLOCATE|[59]|Bytes:5
00:12:56.0 (16021374)|VARIABLE_ASSIGNMENT|[59]|c|null|
00:12:56.0 (16026178)|STATEMENT_EXECUTE|[63]
00:12:56.0 (16030690)|SYSTEM_MODE_EXIT|false
00:12:56.0 (16139159)|SYSTEM_MODE_ENTER|true
00:12:56.16 (16381763)|SYSTEM_MODE_ENTER|true
00:12:56.16 (16444829)|HEAP_ALLOCATE|[EXTERNAL]|Bytes:8
00:12:56.16 (16454887)|VARIABLE_SCOPE_BEGIN|[88]|this|ApexPage.PageMessagesComponentController|true|false
00:12:56.16 (16483961)|VARIABLE_ASSIGNMENT|[88]|this|{}|0x2dee2090
00:12:56.16 (16491739)|VARIABLE_SCOPE_BEGIN|[88]|escape|Boolean|false|false
00:12:56.16 (16499998)|VARIABLE_ASSIGNMENT|[88]|escape|null
00:12:56.0 (16551217)|SYSTEM_MODE_ENTER|true
00:12:56.0 (16573417)|HEAP_ALLOCATE|[EXTERNAL]|Bytes:64
00:12:56.0 (16584442)|VARIABLE_ASSIGNMENT|[EXTERNAL]|this.namef|""|0xd907fae
00:12:56.0 (16613160)|SYSTEM_MODE_ENTER|true
00:12:56.0 (16626098)|HEAP_ALLOCATE|[EXTERNAL]|Bytes:64
00:12:56.0 (16634547)|VARIABLE_ASSIGNMENT|[EXTERNAL]|this.namel|""|0xd907fae
00:12:56.0 (16659564)|SYSTEM_MODE_ENTER|true
00:12:56.0 (16674521)|HEAP_ALLOCATE|[EXTERNAL]|Bytes:5
00:12:56.0 (16678731)|HEAP_ALLOCATE|[EXTERNAL]|Bytes:64
00:12:56.0 (16685941)|VARIABLE_ASSIGNMENT|[EXTERNAL]|this.gender|false|0xd907fae
00:12:56.0 (16778424)|SYSTEM_MODE_ENTER|true
00:12:56.0 (16801032)|HEAP_ALLOCATE|[EXTERNAL]|Bytes:4
00:12:56.0 (16805962)|HEAP_ALLOCATE|[EXTERNAL]|Bytes:64
00:12:56.0 (16831588)|VARIABLE_ASSIGNMENT|[EXTERNAL]|this.birthday|"2072-06-15T00:00:00.000Z"|0xd907fae
00:12:56.0 (16862008)|SYSTEM_MODE_ENTER|true
00:12:56.0 (16884115)|HEAP_ALLOCATE|[EXTERNAL]|Bytes:28
00:12:56.0 (16888412)|HEAP_ALLOCATE|[EXTERNAL]|Bytes:64
00:12:56.0 (16897883)|VARIABLE_ASSIGNMENT|[EXTERNAL]|this.score1|0|0xd907fae
00:12:56.0 (16923057)|SYSTEM_MODE_ENTER|true
00:12:56.0 (16936361)|HEAP_ALLOCATE|[EXTERNAL]|Bytes:28
00:12:56.0 (16940605)|HEAP_ALLOCATE|[EXTERNAL]|Bytes:64
00:12:56.0 (16947054)|VARIABLE_ASSIGNMENT|[EXTERNAL]|this.score2|0|0xd907fae
00:12:56.0 (16971368)|SYSTEM_MODE_ENTER|true
00:12:56.0 (16983648)|HEAP_ALLOCATE|[EXTERNAL]|Bytes:28
00:12:56.0 (16988006)|HEAP_ALLOCATE|[EXTERNAL]|Bytes:64
00:12:56.0 (16994672)|VARIABLE_ASSIGNMENT|[EXTERNAL]|this.score3|0|0xd907fae
00:12:56.0 (17020720)|SYSTEM_MODE_ENTER|true
00:12:56.0 (17034057)|HEAP_ALLOCATE|[EXTERNAL]|Bytes:4
00:12:56.0 (17038155)|HEAP_ALLOCATE|[EXTERNAL]|Bytes:64
00:12:56.0 (17045781)|VARIABLE_ASSIGNMENT|[EXTERNAL]|this.userselectSecondpage|"Math"|0xd907fae
00:12:56.0 (17173981)|HEAP_ALLOCATE|[EXTERNAL]|Bytes:64
00:12:56.0 (17182277)|VARIABLE_SCOPE_BEGIN|[91]|this|Controller|true|false
00:12:56.0 (17228646)|VARIABLE_ASSIGNMENT|[91]|this|{"birthday":"2072-06-15T00:00:00.000Z","gender":false,"namef":"","namel":"","score1":0,"score2":0,"score3":0,"userselectSecondpage":"Math"}|0xd907fae
00:12:56.0 (17242298)|SYSTEM_MODE_ENTER|false
00:12:56.0 (17248929)|HEAP_ALLOCATE|[92]|Bytes:5
00:12:56.0 (17253852)|STATEMENT_EXECUTE|[91]
00:12:56.0 (17255696)|STATEMENT_EXECUTE|[92]
00:12:56.0 (17259746)|VARIABLE_SCOPE_BEGIN|[92]|ref|System.PageReference|true|false
00:12:56.0 (17268319)|VARIABLE_ASSIGNMENT|[92]|ref|null|
00:12:56.0 (17272533)|STATEMENT_EXECUTE|[93]
00:12:56.0 (17273944)|STATEMENT_EXECUTE|[93]
00:12:56.0 (17275685)|STATEMENT_EXECUTE|[94]
00:12:56.0 (17278439)|HEAP_ALLOCATE|[94]|Bytes:53
00:12:56.0 (17292018)|HEAP_ALLOCATE|[94]|Bytes:4
00:12:56.0 (17300394)|HEAP_ALLOCATE|[94]|Bytes:7
00:12:56.0 (17359150)|VARIABLE_ASSIGNMENT|[EXTERNAL]|this|{"birthday":"2072-06-15T00:00:00.000Z","gender":false,"namef":"","namel":"","score1":0,"score2":0,"score3":0,"userselectSecondpage":"Math"}|0xd907fae
00:12:56.0 (17579740)|SOQL_EXECUTE_BEGIN|[94]|Aggregations:0|SELECT id FROM Class__c WHERE className__c = :tmpVar1
00:12:56.0 (19988995)|SOQL_EXECUTE_END|[94]|Rows:1
00:12:56.0 (20010178)|HEAP_ALLOCATE|[94]|Bytes:8
00:12:56.0 (20022833)|HEAP_ALLOCATE|[94]|Bytes:29
00:12:56.0 (20049716)|HEAP_ALLOCATE|[94]|Bytes:8
00:12:56.0 (20059490)|HEAP_ALLOCATE|[94]|Bytes:34
00:12:56.0 (20074262)|HEAP_ALLOCATE|[94]|Bytes:8
00:12:56.0 (20080702)|VARIABLE_SCOPE_BEGIN|[94]|c|Class__c|true|false
00:12:56.0 (20099717)|VARIABLE_ASSIGNMENT|[94]|c|{"Id":"a0H0o00000fJQOvEAO"}|0x52b25c2f
00:12:56.0 (20107014)|STATEMENT_EXECUTE|[98]
00:12:56.0 (20164635)|HEAP_ALLOCATE|[98]|Bytes:4
00:12:56.0 (20239169)|VARIABLE_SCOPE_BEGIN|[98]|student|Student__c|true|false
00:12:56.0 (20255977)|VARIABLE_ASSIGNMENT|[98]|student|{}|0x7df50bb
00:12:56.0 (20262751)|STATEMENT_EXECUTE|[99]
00:12:56.0 (20331393)|VARIABLE_ASSIGNMENT|[EXTERNAL]|this|{"birthday":"2072-06-15T00:00:00.000Z","gender":false,"namef":"","namel":"","score1":0,"score2":0,"score3":0,"userselectSecondpage":"Math"}|0xd907fae
00:12:56.0 (21630716)|VARIABLE_ASSIGNMENT|[99]|this.Namef__c|""|0x7df50bb
00:12:56.0 (21640632)|STATEMENT_EXECUTE|[100]
00:12:56.0 (21705763)|VARIABLE_ASSIGNMENT|[EXTERNAL]|this|{"birthday":"2072-06-15T00:00:00.000Z","gender":false,"namef":"","namel":"","score1":0,"score2":0,"score3":0,"userselectSecondpage":"Math"}|0xd907fae
00:12:56.0 (21793037)|VARIABLE_ASSIGNMENT|[100]|this.Namel__c|""|0x7df50bb
00:12:56.0 (21800620)|STATEMENT_EXECUTE|[101]
00:12:56.0 (21856098)|VARIABLE_ASSIGNMENT|[EXTERNAL]|this|{"birthday":"2072-06-15T00:00:00.000Z","gender":false,"namef":"","namel":"","score1":0,"score2":0,"score3":0,"userselectSecondpage":"Math"}|0xd907fae
00:12:56.0 (21909603)|VARIABLE_ASSIGNMENT|[101]|this.Gender__c|false|0x7df50bb
00:12:56.0 (21916103)|STATEMENT_EXECUTE|[102]
00:12:56.0 (21977719)|VARIABLE_ASSIGNMENT|[EXTERNAL]|this|{"birthday":"2072-06-15T00:00:00.000Z","gender":false,"namef":"","namel":"","score1":0,"score2":0,"score3":0,"userselectSecondpage":"Math"}|0xd907fae
00:12:56.0 (22011908)|HEAP_ALLOCATE|[102]|Bytes:4
00:12:56.0 (22070198)|VARIABLE_ASSIGNMENT|[102]|this.Birthday__c|"2072-06-15T00:00:00.000Z"|0x7df50bb
00:12:56.0 (22077194)|STATEMENT_EXECUTE|[103]
00:12:56.0 (22131241)|VARIABLE_ASSIGNMENT|[EXTERNAL]|this|{"birthday":"2072-06-15T00:00:00.000Z","gender":false,"namef":"","namel":"","score1":0,"score2":0,"score3":0,"userselectSecondpage":"Math"}|0xd907fae
00:12:56.0 (22179772)|VARIABLE_ASSIGNMENT|[103]|this.Score1__c|0|0x7df50bb
00:12:56.0 (22186373)|STATEMENT_EXECUTE|[104]
00:12:56.0 (22232674)|VARIABLE_ASSIGNMENT|[EXTERNAL]|this|{"birthday":"2072-06-15T00:00:00.000Z","gender":false,"namef":"","namel":"","score1":0,"score2":0,"score3":0,"userselectSecondpage":"Math"}|0xd907fae
00:12:56.0 (22277228)|VARIABLE_ASSIGNMENT|[104]|this.Score2__c|0|0x7df50bb
00:12:56.0 (22283927)|STATEMENT_EXECUTE|[105]
00:12:56.0 (22332384)|VARIABLE_ASSIGNMENT|[EXTERNAL]|this|{"birthday":"2072-06-15T00:00:00.000Z","gender":false,"namef":"","namel":"","score1":0,"score2":0,"score3":0,"userselectSecondpage":"Math"}|0xd907fae
00:12:56.0 (22378694)|VARIABLE_ASSIGNMENT|[105]|this.Score3__c|0|0x7df50bb
00:12:56.0 (22385279)|STATEMENT_EXECUTE|[106]
00:12:56.0 (22425743)|VARIABLE_ASSIGNMENT|[EXTERNAL]|this|{"birthday":"2072-06-15T00:00:00.000Z","gender":false,"namef":"","namel":"","score1":0,"score2":0,"score3":0,"userselectSecondpage":"Math"}|0xd907fae
00:12:56.0 (22469603)|VARIABLE_ASSIGNMENT|[EXTERNAL]|this|{"birthday":"2072-06-15T00:00:00.000Z","gender":false,"namef":"","namel":"","score1":0,"score2":0,"score3":0,"userselectSecondpage":"Math"}|0xd907fae
00:12:56.0 (22594207)|VARIABLE_ASSIGNMENT|[106]|this.Name|""|0x7df50bb
00:12:56.0 (22601210)|STATEMENT_EXECUTE|[107]
00:12:56.0 (22676056)|VARIABLE_ASSIGNMENT|[107]|this.Class__c|"a0H0o00000fJQOvEAO"|0x7df50bb
00:12:56.0 (22682977)|STATEMENT_EXECUTE|[108]
00:12:56.0 (22705097)|HEAP_ALLOCATE|[108]|Bytes:8
00:12:56.0 (22719338)|DML_BEGIN|[108]|Op:Insert|Type:Student__c|Rows:1
00:12:56.0 (22748543)|HEAP_ALLOCATE|[EXTERNAL]|Bytes:8
00:12:56.0 (98741808)|CODE_UNIT_STARTED|[EXTERNAL]|01q0o000000jKrN|triggerStudent on Student trigger event BeforeInsert|__sfdc_trigger/triggerStudent
00:12:56.0 (98820409)|HEAP_ALLOCATE|[EXTERNAL]|Bytes:8
00:12:56.0 (120501674)|HEAP_ALLOCATE|[EXTERNAL]|Bytes:8
00:12:56.0 (120521632)|VARIABLE_SCOPE_BEGIN|[1]|this|triggerStudent|true|false
00:12:56.0 (120569747)|VARIABLE_ASSIGNMENT|[1]|this|{}|0x3e5ec7f1
00:12:56.0 (120643966)|HEAP_ALLOCATE|[EXTERNAL]|Bytes:8
00:12:56.0 (120688717)|VARIABLE_SCOPE_BEGIN|[1]|this|triggerStudent|true|false
00:12:56.0 (120704794)|VARIABLE_ASSIGNMENT|[1]|this|{}|0x3e5ec7f1
00:12:56.0 (120712425)|STATEMENT_EXECUTE|[1]
00:12:56.0 (120714695)|STATEMENT_EXECUTE|[3]
00:12:56.0 (120720821)|HEAP_ALLOCATE|[3]|Bytes:15
00:12:56.0 (120727196)|HEAP_ALLOCATE|[3]|Bytes:20
00:12:56.0 (120731178)|HEAP_ALLOCATE|[3]|Bytes:18
00:12:56.0 (120762542)|METHOD_ENTRY|[1]|01p0o00000GMOB6|TriggerHandle.TriggerHandle()
00:12:56.0 (120769139)|STATEMENT_EXECUTE|[1]
00:12:56.0 (120772795)|STATEMENT_EXECUTE|[1]
00:12:56.0 (121233053)|SYSTEM_MODE_ENTER|false
00:12:56.0 (121248230)|HEAP_ALLOCATE|[3]|Bytes:5
00:12:56.0 (121256345)|STATEMENT_EXECUTE|[233]
00:12:56.0 (121261368)|SYSTEM_MODE_EXIT|false
00:12:56.0 (121271921)|METHOD_EXIT|[1]|TriggerHandle
00:12:56.0 (121284849)|HEAP_ALLOCATE|[3]|Bytes:4
00:12:56.0 (121300298)|CONSTRUCTOR_ENTRY|[3]|01p0o00000GMOB6|<init>()|TriggerHandle
00:12:56.0 (121325759)|VARIABLE_SCOPE_BEGIN|[3]|this|TriggerHandle|true|false
00:12:56.0 (121349123)|VARIABLE_ASSIGNMENT|[3]|this|{}|0x3fa4241d
00:12:56.0 (121360588)|SYSTEM_MODE_ENTER|false
00:12:56.0 (121366917)|HEAP_ALLOCATE|[EXTERNAL]|Bytes:5
00:12:56.0 (121372172)|STATEMENT_EXECUTE|[1]
00:12:56.0 (121375042)|HEAP_ALLOCATE|[EXTERNAL]|Bytes:5
00:12:56.0 (121384852)|HEAP_ALLOCATE|[EXTERNAL]|Bytes:6
00:12:56.0 (121411186)|STATEMENT_EXECUTE|[4]
00:12:56.0 (121414635)|SYSTEM_MODE_EXIT|false
00:12:56.0 (121422550)|CONSTRUCTOR_EXIT|[3]|01p0o00000GMOB6|<init>()|TriggerHandle
00:12:56.0 (121447010)|VARIABLE_ASSIGNMENT|[3]|this.handle|0x3fa4241d|0x3e5ec7f1
00:12:56.0 (121457930)|STATEMENT_EXECUTE|[5]
00:12:56.0 (121462627)|STATEMENT_EXECUTE|[10]
00:12:56.0 (121464220)|STATEMENT_EXECUTE|[11]
00:12:56.0 (121527392)|METHOD_ENTRY|[11]|01p0o00000GMOB6|TriggerHandle.onBeforeInsert(List<Student__c>)
00:12:56.0 (121552474)|VARIABLE_SCOPE_BEGIN|[7]|this|TriggerHandle|true|false
00:12:56.0 (121568587)|VARIABLE_ASSIGNMENT|[7]|this|{}|0x3fa4241d
00:12:56.0 (121575806)|VARIABLE_SCOPE_BEGIN|[7]|newStudentList|List<Student__c>|true|false
00:12:56.0 (122551760)|VARIABLE_ASSIGNMENT|[7]|newStudentList|[{"AverageScore__c":0.00,"IsDeleted":false,"Score1__c":0.00,"Score2__c":0.00,"Birthday__c":"2072-06-15T00:00:00.000Z","Gender__c":false,"Score3__c":0.00,"Class__c":"a0H0o00000fJQOvEAO","State__c":"Failed"}]|0x53fbea0b
00:12:56.0 (122570217)|SYSTEM_MODE_ENTER|false
00:12:56.0 (122579495)|HEAP_ALLOCATE|[9]|Bytes:5
00:12:56.0 (122584992)|STATEMENT_EXECUTE|[8]
00:12:56.0 (122586719)|STATEMENT_EXECUTE|[9]
00:12:56.0 (122588331)|STATEMENT_EXECUTE|[10]
00:12:56.0 (122741123)|HEAP_ALLOCATE|[11]|Bytes:5
00:12:56.0 (122759463)|HEAP_ALLOCATE|[11]|Bytes:4
00:12:56.0 (122768670)|VARIABLE_SCOPE_BEGIN|[11]|s|Student__c|true|false
00:12:56.0 (123010602)|VARIABLE_ASSIGNMENT|[11]|s|{"AverageScore__c":0.00,"IsDeleted":false,"Score1__c":0.00,"Score2__c":0.00,"Birthday__c":"2072-06-15T00:00:00.000Z","Gender__c":false,"Score3__c":0.00,"Class__c":"a0H0o00000fJQOvEAO","State__c":"Failed"}|0x6a0e4d4d
00:12:56.0 (123021217)|STATEMENT_EXECUTE|[12]
00:12:56.0 (123023041)|STATEMENT_EXECUTE|[13]
00:12:56.0 (123064813)|HEAP_ALLOCATE|[13]|Bytes:28
00:12:56.0 (123116926)|HEAP_ALLOCATE|[13]|Bytes:4
00:12:56.0 (123130125)|HEAP_ALLOCATE|[14]|Bytes:1
00:12:56.0 (123156363)|HEAP_ALLOCATE|[14]|Bytes:28
00:12:56.0 (123179801)|HEAP_ALLOCATE|[14]|Bytes:4
00:12:56.0 (123206349)|HEAP_ALLOCATE|[15]|Bytes:28
00:12:56.0 (123226351)|HEAP_ALLOCATE|[15]|Bytes:4
00:12:56.0 (123243022)|HEAP_ALLOCATE|[13]|Bytes:15
00:12:56.0 (123284207)|HEAP_ALLOCATE|[16]|Bytes:19
00:12:56.0 (123320803)|HEAP_ALLOCATE|[17]|Bytes:4
00:12:56.0 (123354877)|HEAP_ALLOCATE|[17]|Bytes:2
00:12:56.0 (123366817)|HEAP_ALLOCATE|[13]|Bytes:22
00:12:56.0 (123373152)|HEAP_ALLOCATE|[13]|Bytes:37
00:12:56.0 (123391381)|USER_DEBUG|[13]|DEBUG|0.00 0.00 0.00 2072-06-15 00:00:00 53
00:12:56.0 (123405809)|HEAP_ALLOCATE|[19]|Bytes:28
00:12:56.0 (123412769)|HEAP_ALLOCATE|[23]|Bytes:28
00:12:56.0 (123418636)|HEAP_ALLOCATE|[27]|Bytes:28
00:12:56.0 (123424505)|STATEMENT_EXECUTE|[36]
00:12:56.0 (123426272)|STATEMENT_EXECUTE|[38]
00:12:56.0 (123446153)|HEAP_ALLOCATE|[38]|Bytes:4
00:12:56.0 (123465745)|VARIABLE_SCOPE_BEGIN|[38]|age|Integer|false|false
00:12:56.0 (123474467)|HEAP_ALLOCATE|[38]|Bytes:4
00:12:56.0 (123482884)|VARIABLE_ASSIGNMENT|[38]|age|53
00:12:56.0 (123492071)|STATEMENT_EXECUTE|[39]
00:12:56.0 (123504795)|HEAP_ALLOCATE|[11]|Bytes:5
00:12:56.0 (123522639)|VARIABLE_ASSIGNMENT|[11]|s|null|
00:12:56.0 (123535100)|SYSTEM_MODE_EXIT|false
00:12:56.0 (123547400)|METHOD_EXIT|[11]|01p0o00000GMOB6|TriggerHandle.onBeforeInsert(List<Student__c>)
00:12:56.123 (123557128)|CUMULATIVE_LIMIT_USAGE
00:12:56.123 (123557128)|LIMIT_USAGE_FOR_NS|(default)|
  Number of SOQL queries: 2 out of 100
  Number of query rows: 3 out of 50000
  Number of SOSL queries: 0 out of 20
  Number of DML statements: 1 out of 150
  Number of DML rows: 1 out of 10000
  Maximum CPU time: 0 out of 10000
  Maximum heap size: 0 out of 6000000
  Number of callouts: 0 out of 100
  Number of Email Invocations: 0 out of 10
  Number of future calls: 0 out of 50
  Number of queueable jobs added to the queue: 0 out of 50
  Number of Mobile Apex push calls: 0 out of 10

00:12:56.123 (123557128)|CUMULATIVE_LIMIT_USAGE_END

00:12:56.0 (124882890)|CODE_UNIT_FINISHED|triggerStudent on Student trigger event BeforeInsert|__sfdc_trigger/triggerStudent
00:12:56.0 (173745503)|CODE_UNIT_STARTED|[EXTERNAL]|01q0o000000jKrN|triggerStudent on Student trigger event AfterInsert|__sfdc_trigger/triggerStudent
00:12:56.0 (173798672)|HEAP_ALLOCATE|[EXTERNAL]|Bytes:8
00:12:56.0 (173883250)|HEAP_ALLOCATE|[EXTERNAL]|Bytes:8
00:12:56.0 (173894523)|VARIABLE_SCOPE_BEGIN|[1]|this|triggerStudent|true|false
00:12:56.0 (173929098)|VARIABLE_ASSIGNMENT|[1]|this|{}|0x19aea74
00:12:56.0 (173963800)|HEAP_ALLOCATE|[EXTERNAL]|Bytes:8
00:12:56.0 (173970378)|VARIABLE_SCOPE_BEGIN|[1]|this|triggerStudent|true|false
00:12:56.0 (173983377)|VARIABLE_ASSIGNMENT|[1]|this|{}|0x19aea74
00:12:56.0 (173990537)|STATEMENT_EXECUTE|[1]
00:12:56.0 (173992828)|STATEMENT_EXECUTE|[3]
00:12:56.0 (173997294)|HEAP_ALLOCATE|[3]|Bytes:4
00:12:56.0 (174007655)|CONSTRUCTOR_ENTRY|[3]|01p0o00000GMOB6|<init>()|TriggerHandle
00:12:56.0 (174017056)|VARIABLE_SCOPE_BEGIN|[3]|this|TriggerHandle|true|false
00:12:56.0 (174029422)|VARIABLE_ASSIGNMENT|[3]|this|{}|0x4c38a32e
00:12:56.0 (174330724)|SYSTEM_MODE_ENTER|false
00:12:56.0 (174341853)|HEAP_ALLOCATE|[EXTERNAL]|Bytes:5
00:12:56.0 (174347661)|STATEMENT_EXECUTE|[1]
00:12:56.0 (174351456)|HEAP_ALLOCATE|[EXTERNAL]|Bytes:5
00:12:56.0 (174380310)|STATEMENT_EXECUTE|[4]
00:12:56.0 (174384264)|SYSTEM_MODE_EXIT|false
00:12:56.0 (174393091)|CONSTRUCTOR_EXIT|[3]|01p0o00000GMOB6|<init>()|TriggerHandle
00:12:56.0 (174411305)|VARIABLE_ASSIGNMENT|[3]|this.handle|0x4c38a32e|0x19aea74
00:12:56.0 (174420557)|STATEMENT_EXECUTE|[15]
00:12:56.0 (174427923)|STATEMENT_EXECUTE|[17]
00:12:56.0 (174429458)|STATEMENT_EXECUTE|[18]
00:12:56.0 (174476449)|METHOD_ENTRY|[18]|01p0o00000GMOB6|TriggerHandle.onAfterInsert(List<Student__c>)
00:12:56.0 (174514404)|VARIABLE_SCOPE_BEGIN|[52]|this|TriggerHandle|true|false
00:12:56.0 (174531260)|VARIABLE_ASSIGNMENT|[52]|this|{}|0x4c38a32e
00:12:56.0 (174538986)|VARIABLE_SCOPE_BEGIN|[52]|newStudentList|List<Student__c>|true|false
00:12:56.0 (175027521)|VARIABLE_ASSIGNMENT|[52]|newStudentList|[{"LastModifiedDate":"2019-05-10T07:12:57.000Z","StudentId__c":"HS0056","IsDeleted":false,"Score1__c":0.00,"Score2__c":0.00,"Gender__c":false,"Score3__c":0.00,"Class__c":"a0H0o00000fJQOvEAO","Name":"a0I0o000013e0vR","SystemModstamp":"2019-05-10T07:12:57.000Z","AverageScore__c":0.00,"CreatedById":"0050o00000WkyGGAAZ","Birthday__c":"2072-06-15T00:00:00.000Z","CreatedDate":"2019-05-10T07:12:57.000Z","Id":"a0I0o000013e0vREAQ","LastModifiedById":"0050o00000WkyGGAAZ","State__c":"Failed"}]|0x38ad3253
00:12:56.0 (175048014)|SYSTEM_MODE_ENTER|false
00:12:56.0 (175055374)|HEAP_ALLOCATE|[54]|Bytes:5
00:12:56.0 (175061718)|STATEMENT_EXECUTE|[53]
00:12:56.0 (175063473)|STATEMENT_EXECUTE|[54]
00:12:56.0 (175076478)|VARIABLE_SCOPE_BEGIN|[54]|sp|System.Savepoint|true|false
00:12:56.0 (175088051)|VARIABLE_ASSIGNMENT|[54]|sp|null|
00:12:56.0 (175092482)|STATEMENT_EXECUTE|[55]
00:12:56.0 (175093897)|STATEMENT_EXECUTE|[56]
00:12:56.0 (175095365)|STATEMENT_EXECUTE|[57]
00:12:56.0 (175099158)|HEAP_ALLOCATE|[57]|Bytes:6
00:12:56.0 (175117737)|METHOD_ENTRY|[57]|01p0o00000GMOB6|TriggerHandle.executeNOStudentsUpdate(List<Student__c>, String)
00:12:56.0 (175141411)|VARIABLE_SCOPE_BEGIN|[193]|this|TriggerHandle|true|false
00:12:56.0 (175158165)|VARIABLE_ASSIGNMENT|[193]|this|{}|0x4c38a32e
00:12:56.0 (175164828)|VARIABLE_SCOPE_BEGIN|[193]|studentList|List<Student__c>|true|false
00:12:56.0 (175322518)|VARIABLE_ASSIGNMENT|[193]|studentList|[{"LastModifiedDate":"2019-05-10T07:12:57.000Z","StudentId__c":"HS0056","IsDeleted":false,"Score1__c":0.00,"Score2__c":0.00,"Gender__c":false,"Score3__c":0.00,"Class__c":"a0H0o00000fJQOvEAO","Name":"a0I0o000013e0vR","SystemModstamp":"2019-05-10T07:12:57.000Z","AverageScore__c":0.00,"CreatedById":"0050o00000WkyGGAAZ","Birthday__c":"2072-06-15T00:00:00.000Z","CreatedDate":"2019-05-10T07:12:57.000Z","Id":"a0I0o000013e0vREAQ","LastModifiedById":"0050o00000WkyGGAAZ","State__c":"Failed"}]|0x38ad3253
00:12:56.0 (175336261)|VARIABLE_SCOPE_BEGIN|[193]|action|String|false|false
00:12:56.0 (175346079)|VARIABLE_ASSIGNMENT|[193]|action|"insert"
00:12:56.0 (175356314)|HEAP_ALLOCATE|[195]|Bytes:5
00:12:56.0 (175361045)|STATEMENT_EXECUTE|[194]
00:12:56.0 (175362887)|STATEMENT_EXECUTE|[195]
00:12:56.0 (175383502)|HEAP_ALLOCATE|[195]|Bytes:4
00:12:56.0 (175403413)|VARIABLE_SCOPE_BEGIN|[195]|classIDMap|Map<Id,Integer>|true|false
00:12:56.0 (175420823)|VARIABLE_ASSIGNMENT|[195]|classIDMap|{}|0x671a5953
00:12:56.0 (175470031)|HEAP_ALLOCATE|[198]|Bytes:5
00:12:56.0 (175490298)|VARIABLE_SCOPE_BEGIN|[198]|s|Student__c|true|false
00:12:56.0 (175651062)|VARIABLE_ASSIGNMENT|[198]|s|{"LastModifiedDate":"2019-05-10T07:12:57.000Z","StudentId__c":"HS0056","IsDeleted":false,"Score1__c":0.00,"Score2__c":0.00,"Gender__c":false,"Score3__c":0.00,"Class__c":"a0H0o00000fJQOvEAO","Name":"a0I0o000013e0vR","SystemModstamp":"2019-05-10T07:12:57.000Z","AverageScore__c":0.00,"CreatedById":"0050o00000WkyGGAAZ","Birthday__c":"2072-06-15T00:00:00.000Z","CreatedDate":"2019-05-10T07:12:57.000Z","Id":"a0I0o000013e0vREAQ","LastModifiedById":"0050o00000WkyGGAAZ","State__c":"Failed"}|0xf8d3c3f
00:12:56.0 (175664094)|STATEMENT_EXECUTE|[199]
00:12:56.0 (175731158)|STATEMENT_EXECUTE|[205]
00:12:56.0 (175733325)|STATEMENT_EXECUTE|[206]
00:12:56.0 (175754902)|HEAP_ALLOCATE|[206]|Bytes:4
00:12:56.0 (175764474)|HEAP_ALLOCATE|[EXTERNAL]|Bytes:-4
00:12:56.0 (175780281)|HEAP_ALLOCATE|[198]|Bytes:5
00:12:56.0 (175799172)|VARIABLE_ASSIGNMENT|[198]|s|null|
00:12:56.0 (175805254)|STATEMENT_EXECUTE|[210]
00:12:56.0 (175808697)|HEAP_ALLOCATE|[210]|Bytes:44
00:12:56.0 (175826250)|HEAP_ALLOCATE|[210]|Bytes:4
00:12:56.0 (176005013)|SOQL_EXECUTE_BEGIN|[210]|Aggregations:0|SELECT id, NumberOfStudents__c FROM Class__c
00:12:56.0 (186475059)|SOQL_EXECUTE_END|[210]|Rows:2
00:12:56.0 (186509210)|HEAP_ALLOCATE|[210]|Bytes:12
00:12:56.0 (186531968)|HEAP_ALLOCATE|[210]|Bytes:176
00:12:56.0 (186576968)|HEAP_ALLOCATE|[210]|Bytes:12
00:12:56.0 (186594845)|VARIABLE_SCOPE_BEGIN|[210]|classList|List<Class__c>|true|false
00:12:56.0 (186635252)|VARIABLE_ASSIGNMENT|[210]|classList|[{"Id":"a0H0o00000fJQOvEAO","NumberOfStudents__c":1},{"Id":"a0H0o00000fJQOwEAO","NumberOfStudents__c":0}]|0x26d39b67
00:12:56.0 (186708340)|HEAP_ALLOCATE|[212]|Bytes:5
00:12:56.0 (186726606)|HEAP_ALLOCATE|[212]|Bytes:12
00:12:56.0 (186736658)|VARIABLE_SCOPE_BEGIN|[212]|c|Class__c|true|false
00:12:56.0 (186752450)|VARIABLE_ASSIGNMENT|[212]|c|{"Id":"a0H0o00000fJQOvEAO","NumberOfStudents__c":1}|0x1e772339
00:12:56.0 (186760070)|STATEMENT_EXECUTE|[213]
00:12:56.0 (186822878)|STATEMENT_EXECUTE|[215]
00:12:56.0 (186824971)|STATEMENT_EXECUTE|[216]
00:12:56.0 (186828499)|HEAP_ALLOCATE|[216]|Bytes:13
00:12:56.0 (186857712)|USER_DEBUG|[216]|DEBUG|run at update
00:12:56.0 (186904835)|STATEMENT_EXECUTE|[218]
00:12:56.0 (186906892)|STATEMENT_EXECUTE|[219]
00:12:56.0 (186953657)|HEAP_ALLOCATE|[219]|Bytes:28
00:12:56.0 (186959809)|HEAP_ALLOCATE|[219]|Bytes:28
00:12:56.0 (187025624)|VARIABLE_ASSIGNMENT|[219]|this.NumberOfStudents__c|1|0x1e772339
00:12:56.0 (187034913)|STATEMENT_EXECUTE|[227]
00:12:56.0 (187072448)|HEAP_ALLOCATE|[227]|Bytes:8
00:12:56.0 (187087487)|DML_BEGIN|[227]|Op:Update|Type:Class__c|Rows:1
00:12:56.0 (187116054)|HEAP_ALLOCATE|[EXTERNAL]|Bytes:8
00:12:56.0 (204351536)|DML_END|[227]
00:12:56.0 (204371310)|STATEMENT_EXECUTE|[229]
00:12:56.0 (204475241)|HEAP_ALLOCATE|[212]|Bytes:5
00:12:56.0 (204500639)|HEAP_ALLOCATE|[212]|Bytes:12
00:12:56.0 (204513851)|VARIABLE_SCOPE_BEGIN|[212]|c|Class__c|true|false
00:12:56.0 (204542888)|VARIABLE_ASSIGNMENT|[212]|c|{"Id":"a0H0o00000fJQOwEAO","NumberOfStudents__c":0}|0x105cc4c5
00:12:56.0 (204550084)|STATEMENT_EXECUTE|[213]
00:12:56.0 (204568311)|STATEMENT_EXECUTE|[214]
00:12:56.0 (204576463)|HEAP_ALLOCATE|[212]|Bytes:5
00:12:56.0 (204587402)|VARIABLE_ASSIGNMENT|[212]|c|null|
00:12:56.0 (204604055)|METHOD_EXIT|[57]|01p0o00000GMOB6|TriggerHandle.executeNOStudentsUpdate(List<Student__c>, String)
00:12:56.0 (204610607)|STATEMENT_EXECUTE|[58]
00:12:56.0 (204630399)|METHOD_ENTRY|[58]|01p0o00000GMOB6|TriggerHandle.executeNOFAPStudentsUpdate(List<Student__c>, String)
00:12:56.0 (204656000)|VARIABLE_SCOPE_BEGIN|[120]|this|TriggerHandle|true|false
00:12:56.0 (204676839)|VARIABLE_ASSIGNMENT|[120]|this|{}|0x4c38a32e
00:12:56.0 (204685656)|VARIABLE_SCOPE_BEGIN|[120]|studentList|List<Student__c>|true|false
00:12:56.0 (204922035)|VARIABLE_ASSIGNMENT|[120]|studentList|[{"LastModifiedDate":"2019-05-10T07:12:57.000Z","StudentId__c":"HS0056","IsDeleted":false,"Score1__c":0.00,"Score2__c":0.00,"Gender__c":false,"Score3__c":0.00,"Class__c":"a0H0o00000fJQOvEAO","Name":"a0I0o000013e0vR","SystemModstamp":"2019-05-10T07:12:57.000Z","AverageScore__c":0.00,"CreatedById":"0050o00000WkyGGAAZ","Birthday__c":"2072-06-15T00:00:00.000Z","CreatedDate":"2019-05-10T07:12:57.000Z","Id":"a0I0o000013e0vREAQ","LastModifiedById":"0050o00000WkyGGAAZ","State__c":"Failed"}]|0x38ad3253
00:12:56.0 (204936977)|VARIABLE_SCOPE_BEGIN|[120]|action|String|false|false
00:12:56.0 (204946234)|VARIABLE_ASSIGNMENT|[120]|action|"insert"
00:12:56.0 (204958990)|HEAP_ALLOCATE|[122]|Bytes:5
00:12:56.0 (204983693)|STATEMENT_EXECUTE|[121]
00:12:56.0 (204985451)|STATEMENT_EXECUTE|[122]
00:12:56.0 (205003781)|HEAP_ALLOCATE|[122]|Bytes:4
00:12:56.0 (205016636)|VARIABLE_SCOPE_BEGIN|[122]|classIDMapWithPassedStudents|Map<Id,Integer>|true|false
00:12:56.0 (205033793)|VARIABLE_ASSIGNMENT|[122]|classIDMapWithPassedStudents|{}|0x64a17582
00:12:56.0 (205039721)|STATEMENT_EXECUTE|[123]
00:12:56.0 (205046191)|HEAP_ALLOCATE|[123]|Bytes:4
00:12:56.0 (205052012)|VARIABLE_SCOPE_BEGIN|[123]|classIDMapWithFaliedStudents|Map<Id,Integer>|true|false
00:12:56.0 (205061917)|VARIABLE_ASSIGNMENT|[123]|classIDMapWithFaliedStudents|{}|0x192da5e0
00:12:56.0 (205105582)|HEAP_ALLOCATE|[126]|Bytes:5
00:12:56.0 (205125075)|VARIABLE_SCOPE_BEGIN|[126]|s|Student__c|true|false
00:12:56.0 (205315422)|VARIABLE_ASSIGNMENT|[126]|s|{"LastModifiedDate":"2019-05-10T07:12:57.000Z","StudentId__c":"HS0056","IsDeleted":false,"Score1__c":0.00,"Score2__c":0.00,"Gender__c":false,"Score3__c":0.00,"Class__c":"a0H0o00000fJQOvEAO","Name":"a0I0o000013e0vR","SystemModstamp":"2019-05-10T07:12:57.000Z","AverageScore__c":0.00,"CreatedById":"0050o00000WkyGGAAZ","Birthday__c":"2072-06-15T00:00:00.000Z","CreatedDate":"2019-05-10T07:12:57.000Z","Id":"a0I0o000013e0vREAQ","LastModifiedById":"0050o00000WkyGGAAZ","State__c":"Failed"}|0xf8d3c3f
00:12:56.0 (205329672)|STATEMENT_EXECUTE|[127]
00:12:56.0 (205354741)|HEAP_ALLOCATE|[129]|Bytes:6
00:12:56.0 (205404260)|STATEMENT_EXECUTE|[142]
00:12:56.0 (205431903)|STATEMENT_EXECUTE|[148]
00:12:56.0 (205433991)|STATEMENT_EXECUTE|[149]
00:12:56.0 (205452094)|HEAP_ALLOCATE|[149]|Bytes:4
00:12:56.0 (205461176)|HEAP_ALLOCATE|[EXTERNAL]|Bytes:-4
00:12:56.0 (205477532)|HEAP_ALLOCATE|[126]|Bytes:5
00:12:56.0 (205490694)|VARIABLE_ASSIGNMENT|[126]|s|null|
00:12:56.0 (205496217)|STATEMENT_EXECUTE|[153]
00:12:56.0 (205499266)|HEAP_ALLOCATE|[153]|Bytes:77
00:12:56.0 (205515248)|HEAP_ALLOCATE|[153]|Bytes:4
00:12:56.0 (205726290)|SOQL_EXECUTE_BEGIN|[153]|Aggregations:0|SELECT id, NumberOfFailedStudents__c, NumberOfPassedStudents__c FROM Class__c
00:12:56.0 (215150439)|SOQL_EXECUTE_END|[153]|Rows:2
00:12:56.0 (215189876)|HEAP_ALLOCATE|[153]|Bytes:12
00:12:56.0 (215220377)|HEAP_ALLOCATE|[153]|Bytes:318
00:12:56.0 (215264494)|HEAP_ALLOCATE|[153]|Bytes:12
00:12:56.0 (215287885)|VARIABLE_SCOPE_BEGIN|[153]|classList|List<Class__c>|true|false
00:12:56.0 (215342153)|VARIABLE_ASSIGNMENT|[153]|classList|[{"Id":"a0H0o00000fJQOvEAO","NumberOfFailedStudents__c":1,"NumberOfPassedStudents__c":0},{"Id":"a0H0o00000fJQOwEAO","NumberOfFailedStudents__c":0,"NumberOfPassedStudents__c":0}]|0x56fbb765
00:12:56.0 (215438518)|HEAP_ALLOCATE|[155]|Bytes:5
00:12:56.0 (215463186)|HEAP_ALLOCATE|[155]|Bytes:16
00:12:56.0 (215476826)|VARIABLE_SCOPE_BEGIN|[155]|c|Class__c|true|false
00:12:56.0 (215504787)|VARIABLE_ASSIGNMENT|[155]|c|{"Id":"a0H0o00000fJQOvEAO","NumberOfFailedStudents__c":1,"NumberOfPassedStudents__c":0}|0x1684ae81
00:12:56.0 (215516148)|STATEMENT_EXECUTE|[156]
00:12:56.0 (215584216)|STATEMENT_EXECUTE|[159]
00:12:56.0 (215633040)|STATEMENT_EXECUTE|[162]
00:12:56.0 (215636109)|STATEMENT_EXECUTE|[163]
00:12:56.0 (215690159)|HEAP_ALLOCATE|[163]|Bytes:28
00:12:56.0 (215699605)|HEAP_ALLOCATE|[163]|Bytes:28
00:12:56.0 (215790321)|VARIABLE_ASSIGNMENT|[163]|this.NumberOfFailedStudents__c|1|0x1684ae81
00:12:56.0 (215803297)|STATEMENT_EXECUTE|[170]
00:12:56.0 (215849727)|HEAP_ALLOCATE|[170]|Bytes:8
00:12:56.0 (215870615)|DML_BEGIN|[170]|Op:Update|Type:Class__c|Rows:1
00:12:56.0 (215912894)|HEAP_ALLOCATE|[EXTERNAL]|Bytes:8
00:12:56.0 (224884863)|DML_END|[170]
00:12:56.0 (224905310)|STATEMENT_EXECUTE|[171]
00:12:56.0 (225010244)|STATEMENT_EXECUTE|[174]
00:12:56.0 (225028221)|HEAP_ALLOCATE|[155]|Bytes:5
00:12:56.0 (225051846)|HEAP_ALLOCATE|[155]|Bytes:16
00:12:56.0 (225063592)|VARIABLE_SCOPE_BEGIN|[155]|c|Class__c|true|false
00:12:56.0 (225096371)|VARIABLE_ASSIGNMENT|[155]|c|{"Id":"a0H0o00000fJQOwEAO","NumberOfFailedStudents__c":0,"NumberOfPassedStudents__c":0}|0x10f5498c
00:12:56.0 (225103528)|STATEMENT_EXECUTE|[156]
00:12:56.0 (225118559)|STATEMENT_EXECUTE|[158]
00:12:56.0 (225125811)|STATEMENT_EXECUTE|[174]
00:12:56.0 (225133625)|HEAP_ALLOCATE|[155]|Bytes:5
00:12:56.0 (225145251)|VARIABLE_ASSIGNMENT|[155]|c|null|
00:12:56.0 (225162607)|METHOD_EXIT|[58]|01p0o00000GMOB6|TriggerHandle.executeNOFAPStudentsUpdate(List<Student__c>, String)
00:12:56.0 (225169562)|STATEMENT_EXECUTE|[59]
00:12:56.0 (225416005)|SAVEPOINT_SET|[59]|SavepointValue0
00:12:56.0 (225429259)|HEAP_ALLOCATE|[59]|Bytes:16
00:12:56.0 (225681263)|VARIABLE_ASSIGNMENT|[59]|sp|"common.apex.runtime.impl.ApexUserSavepoint@3e15856"|0x3e15856
00:12:56.0 (225694805)|SYSTEM_MODE_EXIT|false
00:12:56.0 (225706206)|METHOD_EXIT|[18]|01p0o00000GMOB6|TriggerHandle.onAfterInsert(List<Student__c>)
00:12:56.225 (225718229)|CUMULATIVE_LIMIT_USAGE
00:12:56.225 (225718229)|LIMIT_USAGE_FOR_NS|(default)|
  Number of SOQL queries: 4 out of 100
  Number of query rows: 7 out of 50000
  Number of SOSL queries: 0 out of 20
  Number of DML statements: 4 out of 150
  Number of DML rows: 4 out of 10000
  Maximum CPU time: 0 out of 10000
  Maximum heap size: 0 out of 6000000
  Number of callouts: 0 out of 100
  Number of Email Invocations: 0 out of 10
  Number of future calls: 0 out of 50
  Number of queueable jobs added to the queue: 0 out of 50
  Number of Mobile Apex push calls: 0 out of 10

00:12:56.225 (225718229)|CUMULATIVE_LIMIT_USAGE_END

00:12:56.0 (227006811)|CODE_UNIT_FINISHED|triggerStudent on Student trigger event AfterInsert|__sfdc_trigger/triggerStudent
00:12:56.0 (228225279)|DML_END|[108]
00:12:56.0 (228240574)|STATEMENT_EXECUTE|[109]
00:12:56.0 (228251590)|HEAP_ALLOCATE|[109]|Bytes:19
00:12:56.0 (229076910)|VARIABLE_ASSIGNMENT|[109]|ref|"/apex/AddNewStudent"|0x59f3e9f0
00:12:56.0 (229087753)|STATEMENT_EXECUTE|[110]
00:12:56.0 (229142259)|STATEMENT_EXECUTE|[115]
00:12:56.0 (229147624)|SYSTEM_MODE_EXIT|false
00:12:56.240 (240540960)|CUMULATIVE_LIMIT_USAGE
00:12:56.240 (240540960)|LIMIT_USAGE_FOR_NS|(default)|
  Number of SOQL queries: 4 out of 100
  Number of query rows: 7 out of 50000
  Number of SOSL queries: 0 out of 20
  Number of DML statements: 4 out of 150
  Number of DML rows: 4 out of 10000
  Maximum CPU time: 0 out of 10000
  Maximum heap size: 0 out of 6000000
  Number of callouts: 0 out of 100
  Number of Email Invocations: 0 out of 10
  Number of future calls: 0 out of 50
  Number of queueable jobs added to the queue: 0 out of 50
  Number of Mobile Apex push calls: 0 out of 10

00:12:56.240 (240540960)|CUMULATIVE_LIMIT_USAGE_END

00:12:56.0 (240598076)|CODE_UNIT_FINISHED|VF: /apex/AddNewStudent
00:12:56.0 (241381689)|EXECUTION_FINISHED
