36.0 APEX_CODE,FINEST;APEX_PROFILING,INFO;CALLOUT,INFO;DB,INFO;NBA,INFO;SYSTEM,DEBUG;VALIDATION,INFO;VISUALFORCE,INFO;WAVE,INFO;WORKFLOW,INFO
01:43:41.0 (420705)|USER_INFO|[EXTERNAL]|0050o00000WkyGG|ttvy@keizu.co.jp|Pacific Standard Time|GMT-07:00
01:43:41.0 (464537)|EXECUTION_STARTED
01:43:41.0 (470512)|CODE_UNIT_STARTED|[EXTERNAL]|0660o000008sbCc|VF: /apex/AddNewStudent
01:43:41.4 (4502476)|SYSTEM_MODE_ENTER|true
01:43:41.5 (5026226)|SYSTEM_MODE_ENTER|true
01:43:41.5 (5104597)|HEAP_ALLOCATE|[EXTERNAL]|Bytes:8
01:43:41.5 (5117558)|VARIABLE_SCOPE_BEGIN|[88]|this|ApexPage.PageMessagesComponentController|true|false
01:43:41.5 (5215030)|VARIABLE_ASSIGNMENT|[88]|this|{}|0x68ab26dc
01:43:41.5 (5224091)|VARIABLE_SCOPE_BEGIN|[88]|escape|Boolean|false|false
01:43:41.5 (5234228)|VARIABLE_ASSIGNMENT|[88]|escape|null
01:43:41.5 (5402157)|SYSTEM_MODE_ENTER|true
01:43:41.5 (5460564)|HEAP_ALLOCATE|[EXTERNAL]|Bytes:8
01:43:41.5 (5469779)|VARIABLE_SCOPE_BEGIN|[2]|this|ApexPage.PageMessagesComponentController|true|false
01:43:41.5 (5494428)|VARIABLE_ASSIGNMENT|[2]|this|{}|0x68ab26dc
01:43:41.0 (9241285)|SYSTEM_MODE_ENTER|true
01:43:41.0 (9563973)|HEAP_ALLOCATE|[EXTERNAL]|Bytes:348
01:43:41.0 (9575995)|HEAP_ALLOCATE|[EXTERNAL]|Bytes:51
01:43:41.0 (9588772)|METHOD_ENTRY|[1]|01p0o00000GLKhZ|Controller.Controller()
01:43:41.0 (9596920)|STATEMENT_EXECUTE|[1]
01:43:41.0 (9601769)|STATEMENT_EXECUTE|[1]
01:43:41.0 (9610480)|SYSTEM_MODE_ENTER|false
01:43:41.0 (9618651)|HEAP_ALLOCATE|[EXTERNAL]|Bytes:5
01:43:41.0 (9626991)|SYSTEM_MODE_EXIT|false
01:43:41.0 (9636051)|METHOD_EXIT|[1]|Controller
01:43:41.0 (9799180)|HEAP_ALLOCATE|[EXTERNAL]|Bytes:60
01:43:41.0 (9811218)|VARIABLE_SCOPE_BEGIN|[1]|this|Controller|true|false
01:43:41.0 (9895051)|VARIABLE_ASSIGNMENT|[1]|this|{}|0x7cfb813a
01:43:41.0 (9910287)|SYSTEM_MODE_ENTER|false
01:43:41.0 (9917928)|HEAP_ALLOCATE|[EXTERNAL]|Bytes:5
01:43:41.0 (9944782)|SYSTEM_MODE_EXIT|false
01:43:41.0 (9950727)|STATEMENT_EXECUTE|[1]
01:43:41.0 (9954706)|SYSTEM_MODE_ENTER|false
01:43:41.0 (9959479)|HEAP_ALLOCATE|[EXTERNAL]|Bytes:5
01:43:41.0 (9963131)|STATEMENT_EXECUTE|[2]
01:43:41.0 (9968316)|STATEMENT_EXECUTE|[3]
01:43:41.0 (9969861)|STATEMENT_EXECUTE|[4]
01:43:41.0 (9971433)|STATEMENT_EXECUTE|[5]
01:43:41.0 (9973008)|STATEMENT_EXECUTE|[6]
01:43:41.0 (9974758)|STATEMENT_EXECUTE|[7]
01:43:41.0 (9976302)|STATEMENT_EXECUTE|[8]
01:43:41.0 (9977858)|STATEMENT_EXECUTE|[9]
01:43:41.0 (9979405)|STATEMENT_EXECUTE|[10]
01:43:41.0 (9981132)|STATEMENT_EXECUTE|[11]
01:43:41.0 (9982770)|STATEMENT_EXECUTE|[12]
01:43:41.0 (9984366)|STATEMENT_EXECUTE|[13]
01:43:41.0 (9986180)|STATEMENT_EXECUTE|[14]
01:43:41.0 (9987812)|STATEMENT_EXECUTE|[15]
01:43:41.0 (9990275)|SYSTEM_MODE_EXIT|false
01:43:41.11 (11600926)|SYSTEM_MODE_ENTER|true
01:43:41.11 (11690048)|HEAP_ALLOCATE|[EXTERNAL]|Bytes:8
01:43:41.11 (11720428)|VARIABLE_SCOPE_BEGIN|[88]|this|ApexPage.PageMessagesComponentController|true|false
01:43:41.11 (11758568)|VARIABLE_ASSIGNMENT|[88]|this|{}|0x68ab26dc
01:43:41.11 (11766727)|VARIABLE_SCOPE_BEGIN|[88]|escape|Boolean|false|false
01:43:41.11 (11775742)|VARIABLE_ASSIGNMENT|[88]|escape|null
01:43:41.11 (11918399)|SYSTEM_MODE_ENTER|true
01:43:41.11 (11987176)|HEAP_ALLOCATE|[EXTERNAL]|Bytes:8
01:43:41.11 (11996763)|VARIABLE_SCOPE_BEGIN|[2]|this|ApexPage.PageMessagesComponentController|true|false
01:43:41.11 (12021542)|VARIABLE_ASSIGNMENT|[2]|this|{}|0x68ab26dc
01:43:41.0 (13161518)|SYSTEM_MODE_ENTER|true
01:43:41.0 (13303817)|SYSTEM_MODE_ENTER|true
01:43:41.0 (13397549)|SYSTEM_MODE_ENTER|true
01:43:41.0 (13520359)|SYSTEM_MODE_ENTER|true
01:43:41.0 (13604957)|SYSTEM_MODE_ENTER|true
01:43:41.0 (13683604)|SYSTEM_MODE_ENTER|true
01:43:41.0 (13761103)|SYSTEM_MODE_ENTER|true
01:43:41.0 (13884558)|SYSTEM_MODE_ENTER|true
01:43:41.0 (13954458)|HEAP_ALLOCATE|[EXTERNAL]|Bytes:60
01:43:41.0 (13967314)|VARIABLE_SCOPE_BEGIN|[33]|this|Controller|true|false
01:43:41.0 (14015751)|VARIABLE_ASSIGNMENT|[33]|this|{}|0x7cfb813a
01:43:41.0 (14033309)|SYSTEM_MODE_ENTER|false
01:43:41.0 (14045204)|HEAP_ALLOCATE|[34]|Bytes:5
01:43:41.0 (14054938)|STATEMENT_EXECUTE|[33]
01:43:41.0 (14058476)|STATEMENT_EXECUTE|[34]
01:43:41.0 (14075858)|HEAP_ALLOCATE|[34]|Bytes:4
01:43:41.0 (14134225)|VARIABLE_SCOPE_BEGIN|[34]|options|List<System.SelectOption>|true|false
01:43:41.0 (14172749)|HEAP_ALLOCATE|[EXTERNAL]|Bytes:4
01:43:41.0 (14187421)|VARIABLE_ASSIGNMENT|[34]|options|[]|0x7b3df9c9
01:43:41.0 (14193812)|STATEMENT_EXECUTE|[35]
01:43:41.0 (14198416)|HEAP_ALLOCATE|[35]|Bytes:33
01:43:41.0 (14220165)|HEAP_ALLOCATE|[35]|Bytes:4
01:43:41.0 (15895544)|SOQL_EXECUTE_BEGIN|[35]|Aggregations:0|SELECT className__C FROM Class__c
01:43:41.0 (19251538)|SOQL_EXECUTE_END|[35]|Rows:4
01:43:41.0 (19291957)|HEAP_ALLOCATE|[35]|Bytes:20
01:43:41.0 (19321072)|HEAP_ALLOCATE|[35]|Bytes:193
01:43:41.0 (19404629)|HEAP_ALLOCATE|[35]|Bytes:20
01:43:41.0 (19429918)|VARIABLE_SCOPE_BEGIN|[35]|data|List<Class__c>|true|false
01:43:41.0 (19476323)|VARIABLE_ASSIGNMENT|[35]|data|[{"className__c":"Name","Id":"a0H0o00000fIXZEEA4"},{"className__c":"L02","Id":"a0H0o00000fIXflEAG"},{"className__c":"L01","Id":"a0H0o00000fIXZYEA4"},{"className__c":"L03","Id":"a0H0o00000fIXg0EAG"}]|0x5a69386f
01:43:41.0 (19671726)|HEAP_ALLOCATE|[36]|Bytes:5
01:43:41.0 (19703958)|HEAP_ALLOCATE|[36]|Bytes:12
01:43:41.0 (19716196)|VARIABLE_SCOPE_BEGIN|[36]|c|Class__c|true|false
01:43:41.0 (19734439)|VARIABLE_ASSIGNMENT|[36]|c|{"className__c":"Name","Id":"a0H0o00000fIXZEEA4"}|0x20c3f6c4
01:43:41.0 (19742076)|STATEMENT_EXECUTE|[36]
01:43:41.0 (19744786)|STATEMENT_EXECUTE|[37]
01:43:41.0 (19754414)|HEAP_ALLOCATE|[37]|Bytes:12
01:43:41.0 (19857889)|HEAP_ALLOCATE|[37]|Bytes:4
01:43:41.0 (19911764)|HEAP_ALLOCATE|[37]|Bytes:4
01:43:41.0 (19961618)|HEAP_ALLOCATE|[EXTERNAL]|Bytes:4
01:43:41.0 (19980886)|HEAP_ALLOCATE|[36]|Bytes:5
01:43:41.0 (19993859)|HEAP_ALLOCATE|[36]|Bytes:12
01:43:41.0 (20001896)|VARIABLE_SCOPE_BEGIN|[36]|c|Class__c|true|false
01:43:41.0 (20019951)|VARIABLE_ASSIGNMENT|[36]|c|{"className__c":"L02","Id":"a0H0o00000fIXflEAG"}|0x49df694d
01:43:41.0 (20027209)|STATEMENT_EXECUTE|[36]
01:43:41.0 (20029103)|STATEMENT_EXECUTE|[37]
01:43:41.0 (20074086)|HEAP_ALLOCATE|[37]|Bytes:3
01:43:41.0 (20115873)|HEAP_ALLOCATE|[37]|Bytes:3
01:43:41.0 (20137176)|HEAP_ALLOCATE|[EXTERNAL]|Bytes:4
01:43:41.0 (20152811)|HEAP_ALLOCATE|[36]|Bytes:5
01:43:41.0 (20181748)|HEAP_ALLOCATE|[36]|Bytes:12
01:43:41.0 (20192861)|VARIABLE_SCOPE_BEGIN|[36]|c|Class__c|true|false
01:43:41.0 (20208486)|VARIABLE_ASSIGNMENT|[36]|c|{"className__c":"L01","Id":"a0H0o00000fIXZYEA4"}|0x5f56ce60
01:43:41.0 (20215263)|STATEMENT_EXECUTE|[36]
01:43:41.0 (20217057)|STATEMENT_EXECUTE|[37]
01:43:41.0 (20262368)|HEAP_ALLOCATE|[37]|Bytes:3
01:43:41.0 (20304162)|HEAP_ALLOCATE|[37]|Bytes:3
01:43:41.0 (20324233)|HEAP_ALLOCATE|[EXTERNAL]|Bytes:4
01:43:41.0 (20339170)|HEAP_ALLOCATE|[36]|Bytes:5
01:43:41.0 (20349927)|HEAP_ALLOCATE|[36]|Bytes:12
01:43:41.0 (20356522)|VARIABLE_SCOPE_BEGIN|[36]|c|Class__c|true|false
01:43:41.0 (20371765)|VARIABLE_ASSIGNMENT|[36]|c|{"className__c":"L03","Id":"a0H0o00000fIXg0EAG"}|0x3f1ed45f
01:43:41.0 (20377547)|STATEMENT_EXECUTE|[36]
01:43:41.0 (20379268)|STATEMENT_EXECUTE|[37]
01:43:41.0 (20417807)|HEAP_ALLOCATE|[37]|Bytes:3
01:43:41.0 (20461119)|HEAP_ALLOCATE|[37]|Bytes:3
01:43:41.0 (20481806)|HEAP_ALLOCATE|[EXTERNAL]|Bytes:4
01:43:41.0 (20496212)|HEAP_ALLOCATE|[36]|Bytes:5
01:43:41.0 (20509408)|VARIABLE_ASSIGNMENT|[36]|c|null|
01:43:41.0 (20515234)|STATEMENT_EXECUTE|[40]
01:43:41.0 (20521367)|SYSTEM_MODE_EXIT|false
01:43:41.0 (20742207)|SYSTEM_MODE_ENTER|true
01:43:41.0 (22448386)|VF_SERIALIZE_VIEWSTATE_BEGIN|0660o000008sbCc
01:43:41.0 (25071281)|VF_SERIALIZE_VIEWSTATE_END
01:43:41.27 (27331240)|CUMULATIVE_LIMIT_USAGE
01:43:41.27 (27331240)|LIMIT_USAGE_FOR_NS|(default)|
  Number of SOQL queries: 1 out of 100
  Number of query rows: 4 out of 50000
  Number of SOSL queries: 0 out of 20
  Number of DML statements: 0 out of 150
  Number of DML rows: 0 out of 10000
  Maximum CPU time: 0 out of 10000
  Maximum heap size: 0 out of 6000000
  Number of callouts: 0 out of 100
  Number of Email Invocations: 0 out of 10
  Number of future calls: 0 out of 50
  Number of queueable jobs added to the queue: 0 out of 50
  Number of Mobile Apex push calls: 0 out of 10

01:43:41.27 (27331240)|CUMULATIVE_LIMIT_USAGE_END

01:43:41.0 (27383781)|CODE_UNIT_FINISHED|VF: /apex/AddNewStudent
01:43:41.0 (28192797)|EXECUTION_FINISHED
