36.0 APEX_CODE,FINEST;APEX_PROFILING,INFO;CALLOUT,INFO;DB,INFO;NBA,INFO;SYSTEM,DEBUG;VALIDATION,INFO;VISUALFORCE,INFO;WAVE,INFO;WORKFLOW,INFO
03:46:22.0 (387567)|USER_INFO|[EXTERNAL]|0050o00000WkyGG|ttvy@keizu.co.jp|Pacific Standard Time|GMT-07:00
03:46:22.0 (422810)|EXECUTION_STARTED
03:46:22.0 (427856)|CODE_UNIT_STARTED|[EXTERNAL]|0660o000008sEYc|VF: /apex/MainPage
03:46:22.0 (580181)|VF_DESERIALIZE_VIEWSTATE_BEGIN|0660o000008sEYc
03:46:22.0 (9767248)|VF_DESERIALIZE_VIEWSTATE_END
03:46:22.0 (11221308)|SYSTEM_MODE_ENTER|true
03:46:22.0 (11310746)|HEAP_ALLOCATE|[72]|Bytes:3
03:46:22.0 (11350284)|HEAP_ALLOCATE|[77]|Bytes:152
03:46:22.0 (11365718)|HEAP_ALLOCATE|[342]|Bytes:408
03:46:22.0 (11378877)|HEAP_ALLOCATE|[355]|Bytes:408
03:46:22.0 (11390412)|HEAP_ALLOCATE|[467]|Bytes:48
03:46:22.0 (11418303)|HEAP_ALLOCATE|[139]|Bytes:6
03:46:22.0 (11437840)|HEAP_ALLOCATE|[EXTERNAL]|Bytes:10
03:46:22.0 (11444039)|HEAP_ALLOCATE|[EXTERNAL]|Bytes:348
03:46:22.0 (11447915)|HEAP_ALLOCATE|[EXTERNAL]|Bytes:59
03:46:22.0 (11452337)|HEAP_ALLOCATE|[EXTERNAL]|Bytes:2
03:46:22.0 (11461715)|METHOD_ENTRY|[1]|01p0o00000GLKhZ|Controller.Controller()
03:46:22.0 (11467579)|STATEMENT_EXECUTE|[1]
03:46:22.0 (11474432)|STATEMENT_EXECUTE|[1]
03:46:22.0 (11501487)|HEAP_ALLOCATE|[50]|Bytes:5
03:46:22.0 (11525641)|HEAP_ALLOCATE|[56]|Bytes:5
03:46:22.0 (11534279)|HEAP_ALLOCATE|[64]|Bytes:7
03:46:22.0 (11550292)|SYSTEM_MODE_ENTER|false
03:46:22.0 (11564040)|HEAP_ALLOCATE|[EXTERNAL]|Bytes:5
03:46:22.0 (11568694)|STATEMENT_EXECUTE|[17]
03:46:22.0 (11574599)|SYSTEM_MODE_EXIT|false
03:46:22.0 (11583182)|METHOD_EXIT|[1]|Controller
03:46:22.0 (11745685)|SYSTEM_MODE_ENTER|true
03:46:22.0 (12047734)|HEAP_ALLOCATE|[EXTERNAL]|Bytes:60
03:46:22.0 (12059972)|VARIABLE_SCOPE_BEGIN|[36]|this|Controller|true|false
03:46:22.0 (12139665)|VARIABLE_ASSIGNMENT|[36]|this|{}|0x5978ef3f
03:46:22.0 (12158175)|SYSTEM_MODE_ENTER|false
03:46:22.0 (12165513)|HEAP_ALLOCATE|[37]|Bytes:5
03:46:22.0 (12170533)|STATEMENT_EXECUTE|[36]
03:46:22.0 (12172491)|STATEMENT_EXECUTE|[37]
03:46:22.0 (12189463)|HEAP_ALLOCATE|[37]|Bytes:4
03:46:22.0 (12234814)|VARIABLE_SCOPE_BEGIN|[37]|options|List<System.SelectOption>|true|false
03:46:22.0 (12269650)|HEAP_ALLOCATE|[EXTERNAL]|Bytes:4
03:46:22.0 (12283406)|VARIABLE_ASSIGNMENT|[37]|options|[]|0xe963ce
03:46:22.0 (12289778)|STATEMENT_EXECUTE|[38]
03:46:22.0 (12293279)|HEAP_ALLOCATE|[38]|Bytes:33
03:46:22.0 (12313399)|HEAP_ALLOCATE|[38]|Bytes:4
03:46:22.0 (13548873)|SOQL_EXECUTE_BEGIN|[38]|Aggregations:0|SELECT className__C FROM Class__c
03:46:22.0 (16410728)|SOQL_EXECUTE_END|[38]|Rows:4
03:46:22.0 (16437848)|HEAP_ALLOCATE|[38]|Bytes:20
03:46:22.0 (16461111)|HEAP_ALLOCATE|[38]|Bytes:193
03:46:22.0 (16543010)|HEAP_ALLOCATE|[38]|Bytes:20
03:46:22.0 (16560140)|VARIABLE_SCOPE_BEGIN|[38]|data|List<Class__c>|true|false
03:46:22.0 (16594320)|VARIABLE_ASSIGNMENT|[38]|data|[{"className__c":"Name","Id":"a0H0o00000fIXZEEA4"},{"className__c":"L02","Id":"a0H0o00000fIXflEAG"},{"className__c":"L01","Id":"a0H0o00000fIXZYEA4"},{"className__c":"L03","Id":"a0H0o00000fIXg0EAG"}]|0x72bcc28a
03:46:22.0 (16830152)|HEAP_ALLOCATE|[39]|Bytes:5
03:46:22.0 (16859214)|HEAP_ALLOCATE|[39]|Bytes:12
03:46:22.0 (16870493)|VARIABLE_SCOPE_BEGIN|[39]|c|Class__c|true|false
03:46:22.0 (16894455)|VARIABLE_ASSIGNMENT|[39]|c|{"className__c":"Name","Id":"a0H0o00000fIXZEEA4"}|0x1333114a
03:46:22.0 (16901756)|STATEMENT_EXECUTE|[39]
03:46:22.0 (16903936)|STATEMENT_EXECUTE|[40]
03:46:22.0 (16912984)|HEAP_ALLOCATE|[40]|Bytes:12
03:46:22.0 (17012306)|HEAP_ALLOCATE|[40]|Bytes:4
03:46:22.0 (17072131)|HEAP_ALLOCATE|[40]|Bytes:4
03:46:22.0 (17122072)|HEAP_ALLOCATE|[EXTERNAL]|Bytes:4
03:46:22.0 (17139493)|HEAP_ALLOCATE|[39]|Bytes:5
03:46:22.0 (17152816)|HEAP_ALLOCATE|[39]|Bytes:12
03:46:22.0 (17160514)|VARIABLE_SCOPE_BEGIN|[39]|c|Class__c|true|false
03:46:22.0 (17177333)|VARIABLE_ASSIGNMENT|[39]|c|{"className__c":"L02","Id":"a0H0o00000fIXflEAG"}|0x6ad08595
03:46:22.0 (17183219)|STATEMENT_EXECUTE|[39]
03:46:22.0 (17185152)|STATEMENT_EXECUTE|[40]
03:46:22.0 (17228548)|HEAP_ALLOCATE|[40]|Bytes:3
03:46:22.0 (17266106)|HEAP_ALLOCATE|[40]|Bytes:3
03:46:22.0 (17286385)|HEAP_ALLOCATE|[EXTERNAL]|Bytes:4
03:46:22.0 (17299808)|HEAP_ALLOCATE|[39]|Bytes:5
03:46:22.0 (17311333)|HEAP_ALLOCATE|[39]|Bytes:12
03:46:22.0 (17318427)|VARIABLE_SCOPE_BEGIN|[39]|c|Class__c|true|false
03:46:22.0 (17333719)|VARIABLE_ASSIGNMENT|[39]|c|{"className__c":"L01","Id":"a0H0o00000fIXZYEA4"}|0x44921f08
03:46:22.0 (17339232)|STATEMENT_EXECUTE|[39]
03:46:22.0 (17341038)|STATEMENT_EXECUTE|[40]
03:46:22.0 (17377767)|HEAP_ALLOCATE|[40]|Bytes:3
03:46:22.0 (17412704)|HEAP_ALLOCATE|[40]|Bytes:3
03:46:22.0 (17431258)|HEAP_ALLOCATE|[EXTERNAL]|Bytes:4
03:46:22.0 (17443844)|HEAP_ALLOCATE|[39]|Bytes:5
03:46:22.0 (17454391)|HEAP_ALLOCATE|[39]|Bytes:12
03:46:22.0 (17460641)|VARIABLE_SCOPE_BEGIN|[39]|c|Class__c|true|false
03:46:22.0 (17475156)|VARIABLE_ASSIGNMENT|[39]|c|{"className__c":"L03","Id":"a0H0o00000fIXg0EAG"}|0x2f8a0f6a
03:46:22.0 (17480645)|STATEMENT_EXECUTE|[39]
03:46:22.0 (17482358)|STATEMENT_EXECUTE|[40]
03:46:22.0 (17517662)|HEAP_ALLOCATE|[40]|Bytes:3
03:46:22.0 (17552272)|HEAP_ALLOCATE|[40]|Bytes:3
03:46:22.0 (17570351)|HEAP_ALLOCATE|[EXTERNAL]|Bytes:4
03:46:22.0 (17582660)|HEAP_ALLOCATE|[39]|Bytes:5
03:46:22.0 (17594547)|VARIABLE_ASSIGNMENT|[39]|c|null|
03:46:22.0 (17600286)|STATEMENT_EXECUTE|[43]
03:46:22.0 (17605284)|SYSTEM_MODE_EXIT|false
03:46:22.0 (17725719)|SYSTEM_MODE_ENTER|true
03:46:22.0 (17900236)|SYSTEM_MODE_ENTER|true
03:46:22.0 (17931170)|HEAP_ALLOCATE|[EXTERNAL]|Bytes:1
03:46:22.0 (17936790)|HEAP_ALLOCATE|[EXTERNAL]|Bytes:60
03:46:22.0 (17949509)|VARIABLE_ASSIGNMENT|[EXTERNAL]|this.userinput|"a"|0x5978ef3f
03:46:22.0 (17989720)|SYSTEM_MODE_ENTER|true
03:46:22.0 (18005044)|HEAP_ALLOCATE|[EXTERNAL]|Bytes:4
03:46:22.0 (18010883)|HEAP_ALLOCATE|[EXTERNAL]|Bytes:60
03:46:22.0 (18019401)|VARIABLE_ASSIGNMENT|[EXTERNAL]|this.userselect|"Name"|0x5978ef3f
03:46:22.0 (18185614)|HEAP_ALLOCATE|[EXTERNAL]|Bytes:60
03:46:22.0 (18196417)|VARIABLE_SCOPE_BEGIN|[112]|this|Controller|true|false
03:46:22.0 (18232392)|VARIABLE_ASSIGNMENT|[112]|this|{"userinput":"a","userselect":"Name"}|0x5978ef3f
03:46:22.0 (18247497)|SYSTEM_MODE_ENTER|false
03:46:22.0 (18254570)|HEAP_ALLOCATE|[113]|Bytes:5
03:46:22.0 (18259645)|STATEMENT_EXECUTE|[112]
03:46:22.0 (18262056)|STATEMENT_EXECUTE|[113]
03:46:22.0 (18263692)|STATEMENT_EXECUTE|[113]
03:46:22.0 (18308280)|VARIABLE_ASSIGNMENT|[EXTERNAL]|this|{"userinput":"a","userselect":"Name"}|0x5978ef3f
03:46:22.0 (18352236)|STATEMENT_EXECUTE|[114]
03:46:22.0 (18354743)|STATEMENT_EXECUTE|[118]
03:46:22.0 (18383194)|METHOD_ENTRY|[118]|01p0o00000GLKhZ|Controller.getStudent()
03:46:22.0 (18402611)|VARIABLE_SCOPE_BEGIN|[45]|this|Controller|true|false
03:46:22.0 (18430404)|VARIABLE_ASSIGNMENT|[45]|this|{"userinput":"a","userselect":"Name"}|0x5978ef3f
03:46:22.0 (18442577)|HEAP_ALLOCATE|[46]|Bytes:5
03:46:22.0 (18447466)|STATEMENT_EXECUTE|[45]
03:46:22.0 (18449474)|STATEMENT_EXECUTE|[46]
03:46:22.0 (18452713)|HEAP_ALLOCATE|[46]|Bytes:1
03:46:22.0 (18485189)|VARIABLE_ASSIGNMENT|[EXTERNAL]|this|{"userinput":"a","userselect":"Name"}|0x5978ef3f
03:46:22.0 (18504777)|HEAP_ALLOCATE|[46]|Bytes:3
03:46:22.0 (18510923)|VARIABLE_SCOPE_BEGIN|[46]|selectName|String|false|false
03:46:22.0 (18520693)|VARIABLE_ASSIGNMENT|[46]|selectName|"%a%"
03:46:22.0 (18525315)|STATEMENT_EXECUTE|[47]
03:46:22.0 (18558462)|VARIABLE_ASSIGNMENT|[EXTERNAL]|this|{"userinput":"a","userselect":"Name"}|0x5978ef3f
03:46:22.0 (18572831)|HEAP_ALLOCATE|[47]|Bytes:6
03:46:22.0 (18577894)|VARIABLE_SCOPE_BEGIN|[47]|selectClass|String|false|false
03:46:22.0 (18586721)|VARIABLE_ASSIGNMENT|[47]|selectClass|"%Name%"
03:46:22.0 (18591047)|STATEMENT_EXECUTE|[48]
03:46:22.0 (18593821)|HEAP_ALLOCATE|[48]|Bytes:197
03:46:22.0 (18610021)|HEAP_ALLOCATE|[48]|Bytes:4
03:46:22.0 (18617757)|HEAP_ALLOCATE|[48]|Bytes:7
03:46:22.0 (18632539)|HEAP_ALLOCATE|[48]|Bytes:7
03:46:22.0 (20153065)|SOQL_EXECUTE_BEGIN|[48]|Aggregations:0|SELECT Namef__c, Namel__c, Birthday__c, Gender__c, Score1__c, Score2__c, Score3__c, AverageScore__c, State__c, StudentId__c FROM Student__c WHERE (Name LIKE :tmpVar1 OR Class__r.Name LIKE :tmpVar2)
03:46:22.0 (32893420)|SOQL_EXECUTE_END|[48]|Rows:11
03:46:22.0 (32927935)|HEAP_ALLOCATE|[48]|Bytes:48
03:46:22.0 (33012458)|HEAP_ALLOCATE|[48]|Bytes:4044
03:46:22.0 (33099248)|HEAP_ALLOCATE|[48]|Bytes:48
03:46:22.0 (33122182)|VARIABLE_SCOPE_BEGIN|[48]|studentGetList|List<Student__c>|true|false
03:46:22.0 (33151736)|VARIABLE_ASSIGNMENT|[48]|studentGetList|"List of size 11 too large to display"|0x297e4bcf
03:46:22.0 (33159322)|STATEMENT_EXECUTE|[60]
03:46:22.0 (33173182)|HEAP_ALLOCATE|[60]|Bytes:4
03:46:22.0 (33251638)|VARIABLE_SCOPE_BEGIN|[60]|result|List<Controller.OutputList>|true|false
03:46:22.0 (33273559)|HEAP_ALLOCATE|[EXTERNAL]|Bytes:4
03:46:22.0 (33288021)|VARIABLE_ASSIGNMENT|[60]|result|[]|0x6dac4fed
03:46:22.0 (33475219)|HEAP_ALLOCATE|[61]|Bytes:5
03:46:22.0 (33499721)|HEAP_ALLOCATE|[61]|Bytes:52
03:46:22.0 (33508977)|VARIABLE_SCOPE_BEGIN|[61]|s|Student__c|true|false
03:46:22.0 (33562643)|VARIABLE_ASSIGNMENT|[61]|s|{"Namef__c":"an","Namel__c":"nguyen","Birthday__c":"1993-04-06T00:00:00.000Z","Gender__c":false,"Score1__c":4.00,"Score2__c":4.00,"Score3__c":8.00,"AverageScore__c":5.33,"State__c":"Passed","StudentId__c":"HS0003","Class__c":"a0H0o00000fIXflEAG","Id":"a0I0o000013dfskEAA"}|0x35ed79b3
03:46:22.0 (33573174)|STATEMENT_EXECUTE|[61]
03:46:22.0 (33575369)|STATEMENT_EXECUTE|[62]
03:46:22.0 (33647644)|HEAP_ALLOCATE|[62]|Bytes:120
03:46:22.0 (33656305)|HEAP_ALLOCATE|[62]|Bytes:8
03:46:22.0 (33673493)|HEAP_ALLOCATE|[62]|Bytes:12
03:46:22.0 (33699031)|CONSTRUCTOR_ENTRY|[62]|01p0o00000GLKhZ|<init>(Student__c)|Controller.OutputList
03:46:22.0 (33731349)|VARIABLE_SCOPE_BEGIN|[20]|this|Controller.OutputList|true|false
03:46:22.0 (33764273)|VARIABLE_ASSIGNMENT|[20]|this|{}|0x468ed86
03:46:22.0 (33771358)|VARIABLE_SCOPE_BEGIN|[20]|s|Student__c|true|false
03:46:22.0 (33799891)|VARIABLE_ASSIGNMENT|[20]|s|{"Namef__c":"an","Namel__c":"nguyen","Birthday__c":"1993-04-06T00:00:00.000Z","Gender__c":false,"Score1__c":4.00,"Score2__c":4.00,"Score3__c":8.00,"AverageScore__c":5.33,"State__c":"Passed","StudentId__c":"HS0003","Class__c":"a0H0o00000fIXflEAG","Id":"a0I0o000013dfskEAA"}|0x35ed79b3
03:46:22.0 (33809490)|STATEMENT_EXECUTE|[17]
03:46:22.0 (33811763)|STATEMENT_EXECUTE|[18]
03:46:22.0 (33813716)|STATEMENT_EXECUTE|[19]
03:46:22.0 (33821963)|HEAP_ALLOCATE|[21]|Bytes:6
03:46:22.0 (33865758)|STATEMENT_EXECUTE|[20]
03:46:22.0 (33868375)|STATEMENT_EXECUTE|[21]
03:46:22.0 (33941784)|VARIABLE_ASSIGNMENT|[EXTERNAL]|this|{}|0x468ed86
03:46:22.0 (33973237)|VARIABLE_ASSIGNMENT|[EXTERNAL]|value|{"Namef__c":"an","Namel__c":"nguyen","Birthday__c":"1993-04-06T00:00:00.000Z","Gender__c":false,"Score1__c":4.00,"Score2__c":4.00,"Score3__c":8.00,"AverageScore__c":5.33,"State__c":"Passed","StudentId__c":"HS0003","Class__c":"a0H0o00000fIXflEAG","Id":"a0I0o000013dfskEAA"}|0x35ed79b3
03:46:22.0 (34004223)|VARIABLE_ASSIGNMENT|[18]|this.student|{"Namef__c":"an","Namel__c":"nguyen","Birthday__c":"1993-04-06T00:00:00.000Z","Gender__c":false,"Score1__c":4.00,"Score2__c":4.00,"Score3__c":8.00,"AverageScore__c":5.33,"State__c":"Passed","StudentId__c":"HS0003","Class__c":"a0H0o00000fIXflEAG","Id":"a0I0o000013dfskEAA"}|0x468ed86
03:46:22.0 (34018400)|STATEMENT_EXECUTE|[22]
03:46:22.0 (34056726)|VARIABLE_ASSIGNMENT|[EXTERNAL]|this|{"student":"0x35ed79b3"}|0x468ed86
03:46:22.0 (34070204)|VARIABLE_ASSIGNMENT|[EXTERNAL]|value|false
03:46:22.0 (34081073)|HEAP_ALLOCATE|[19]|Bytes:5
03:46:22.0 (34089313)|VARIABLE_ASSIGNMENT|[19]|this.isSelected|false|0x468ed86
03:46:22.0 (34102609)|CONSTRUCTOR_EXIT|[62]|01p0o00000GLKhZ|<init>(Student__c)|Controller.OutputList
03:46:22.0 (34119868)|HEAP_ALLOCATE|[EXTERNAL]|Bytes:4
03:46:22.0 (34137702)|HEAP_ALLOCATE|[61]|Bytes:5
03:46:22.0 (34150959)|HEAP_ALLOCATE|[61]|Bytes:52
03:46:22.0 (34158506)|VARIABLE_SCOPE_BEGIN|[61]|s|Student__c|true|false
03:46:22.0 (34188546)|VARIABLE_ASSIGNMENT|[61]|s|{"Namef__c":"hai","Namel__c":"van","Birthday__c":"2011-11-11T00:00:00.000Z","Gender__c":true,"Score1__c":2.00,"Score2__c":2.00,"Score3__c":3.00,"AverageScore__c":2.33,"State__c":"Failed","StudentId__c":"HS0014","Class__c":"a0H0o00000fIXg0EAG","Id":"a0I0o000013doFREAY"}|0x1df497f5
03:46:22.0 (34196871)|STATEMENT_EXECUTE|[61]
03:46:22.0 (34198845)|STATEMENT_EXECUTE|[62]
03:46:22.0 (34203749)|HEAP_ALLOCATE|[62]|Bytes:12
03:46:22.0 (34212389)|CONSTRUCTOR_ENTRY|[62]|01p0o00000GLKhZ|<init>(Student__c)|Controller.OutputList
03:46:22.0 (34219041)|VARIABLE_SCOPE_BEGIN|[20]|this|Controller.OutputList|true|false
03:46:22.0 (34232742)|VARIABLE_ASSIGNMENT|[20]|this|{}|0x39496daa
03:46:22.0 (34238077)|VARIABLE_SCOPE_BEGIN|[20]|s|Student__c|true|false
03:46:22.0 (34261292)|VARIABLE_ASSIGNMENT|[20]|s|{"Namef__c":"hai","Namel__c":"van","Birthday__c":"2011-11-11T00:00:00.000Z","Gender__c":true,"Score1__c":2.00,"Score2__c":2.00,"Score3__c":3.00,"AverageScore__c":2.33,"State__c":"Failed","StudentId__c":"HS0014","Class__c":"a0H0o00000fIXg0EAG","Id":"a0I0o000013doFREAY"}|0x1df497f5
03:46:22.0 (34269298)|STATEMENT_EXECUTE|[17]
03:46:22.0 (34271225)|STATEMENT_EXECUTE|[18]
03:46:22.0 (34272907)|STATEMENT_EXECUTE|[19]
03:46:22.0 (34284251)|STATEMENT_EXECUTE|[20]
03:46:22.0 (34286036)|STATEMENT_EXECUTE|[21]
03:46:22.0 (34298561)|VARIABLE_ASSIGNMENT|[EXTERNAL]|this|{}|0x39496daa
03:46:22.0 (34321761)|VARIABLE_ASSIGNMENT|[EXTERNAL]|value|{"Namef__c":"hai","Namel__c":"van","Birthday__c":"2011-11-11T00:00:00.000Z","Gender__c":true,"Score1__c":2.00,"Score2__c":2.00,"Score3__c":3.00,"AverageScore__c":2.33,"State__c":"Failed","StudentId__c":"HS0014","Class__c":"a0H0o00000fIXg0EAG","Id":"a0I0o000013doFREAY"}|0x1df497f5
03:46:22.0 (34346352)|VARIABLE_ASSIGNMENT|[18]|this.student|{"Namef__c":"hai","Namel__c":"van","Birthday__c":"2011-11-11T00:00:00.000Z","Gender__c":true,"Score1__c":2.00,"Score2__c":2.00,"Score3__c":3.00,"AverageScore__c":2.33,"State__c":"Failed","StudentId__c":"HS0014","Class__c":"a0H0o00000fIXg0EAG","Id":"a0I0o000013doFREAY"}|0x39496daa
03:46:22.0 (34356768)|STATEMENT_EXECUTE|[22]
03:46:22.0 (34371098)|VARIABLE_ASSIGNMENT|[EXTERNAL]|this|{"student":"0x1df497f5"}|0x39496daa
03:46:22.0 (34380796)|VARIABLE_ASSIGNMENT|[EXTERNAL]|value|false
03:46:22.0 (34385826)|HEAP_ALLOCATE|[19]|Bytes:5
03:46:22.0 (34395300)|VARIABLE_ASSIGNMENT|[19]|this.isSelected|false|0x39496daa
03:46:22.0 (34405784)|CONSTRUCTOR_EXIT|[62]|01p0o00000GLKhZ|<init>(Student__c)|Controller.OutputList
03:46:22.0 (34416235)|HEAP_ALLOCATE|[EXTERNAL]|Bytes:4
03:46:22.0 (34429308)|HEAP_ALLOCATE|[61]|Bytes:5
03:46:22.0 (34440361)|HEAP_ALLOCATE|[61]|Bytes:52
03:46:22.0 (34446749)|VARIABLE_SCOPE_BEGIN|[61]|s|Student__c|true|false
03:46:22.0 (34473121)|VARIABLE_ASSIGNMENT|[61]|s|{"Namef__c":"nguyen","Namel__c":"van","Birthday__c":"2019-04-09T00:00:00.000Z","Gender__c":true,"Score1__c":7.00,"Score2__c":9.00,"Score3__c":8.00,"AverageScore__c":8.00,"State__c":"Passed","StudentId__c":"HS0007","Class__c":"a0H0o00000fIXflEAG","Id":"a0I0o000013doEOEAY"}|0x17cfe89d
03:46:22.0 (34481008)|STATEMENT_EXECUTE|[61]
03:46:22.0 (34482761)|STATEMENT_EXECUTE|[62]
03:46:22.0 (34486814)|HEAP_ALLOCATE|[62]|Bytes:12
03:46:22.0 (34494202)|CONSTRUCTOR_ENTRY|[62]|01p0o00000GLKhZ|<init>(Student__c)|Controller.OutputList
03:46:22.0 (34500255)|VARIABLE_SCOPE_BEGIN|[20]|this|Controller.OutputList|true|false
03:46:22.0 (34512986)|VARIABLE_ASSIGNMENT|[20]|this|{}|0x66a145aa
03:46:22.0 (34517963)|VARIABLE_SCOPE_BEGIN|[20]|s|Student__c|true|false
03:46:22.0 (34555451)|VARIABLE_ASSIGNMENT|[20]|s|{"Namef__c":"nguyen","Namel__c":"van","Birthday__c":"2019-04-09T00:00:00.000Z","Gender__c":true,"Score1__c":7.00,"Score2__c":9.00,"Score3__c":8.00,"AverageScore__c":8.00,"State__c":"Passed","StudentId__c":"HS0007","Class__c":"a0H0o00000fIXflEAG","Id":"a0I0o000013doEOEAY"}|0x17cfe89d
03:46:22.0 (34564634)|STATEMENT_EXECUTE|[17]
03:46:22.0 (34566448)|STATEMENT_EXECUTE|[18]
03:46:22.0 (34568190)|STATEMENT_EXECUTE|[19]
03:46:22.0 (34579301)|STATEMENT_EXECUTE|[20]
03:46:22.0 (34581061)|STATEMENT_EXECUTE|[21]
03:46:22.0 (34594012)|VARIABLE_ASSIGNMENT|[EXTERNAL]|this|{}|0x66a145aa
03:46:22.0 (34617718)|VARIABLE_ASSIGNMENT|[EXTERNAL]|value|{"Namef__c":"nguyen","Namel__c":"van","Birthday__c":"2019-04-09T00:00:00.000Z","Gender__c":true,"Score1__c":7.00,"Score2__c":9.00,"Score3__c":8.00,"AverageScore__c":8.00,"State__c":"Passed","StudentId__c":"HS0007","Class__c":"a0H0o00000fIXflEAG","Id":"a0I0o000013doEOEAY"}|0x17cfe89d
03:46:22.0 (34642336)|VARIABLE_ASSIGNMENT|[18]|this.student|{"Namef__c":"nguyen","Namel__c":"van","Birthday__c":"2019-04-09T00:00:00.000Z","Gender__c":true,"Score1__c":7.00,"Score2__c":9.00,"Score3__c":8.00,"AverageScore__c":8.00,"State__c":"Passed","StudentId__c":"HS0007","Class__c":"a0H0o00000fIXflEAG","Id":"a0I0o000013doEOEAY"}|0x66a145aa
03:46:22.0 (34652420)|STATEMENT_EXECUTE|[22]
03:46:22.0 (34696074)|VARIABLE_ASSIGNMENT|[EXTERNAL]|this|{"student":"0x17cfe89d"}|0x66a145aa
03:46:22.0 (34718953)|VARIABLE_ASSIGNMENT|[EXTERNAL]|value|false
03:46:22.0 (34725227)|HEAP_ALLOCATE|[19]|Bytes:5
03:46:22.0 (34732638)|VARIABLE_ASSIGNMENT|[19]|this.isSelected|false|0x66a145aa
03:46:22.0 (34745047)|CONSTRUCTOR_EXIT|[62]|01p0o00000GLKhZ|<init>(Student__c)|Controller.OutputList
03:46:22.0 (34755289)|HEAP_ALLOCATE|[EXTERNAL]|Bytes:4
03:46:22.0 (34767117)|HEAP_ALLOCATE|[61]|Bytes:5
03:46:22.0 (34777744)|HEAP_ALLOCATE|[61]|Bytes:52
03:46:22.0 (34783698)|VARIABLE_SCOPE_BEGIN|[61]|s|Student__c|true|false
03:46:22.0 (34810728)|VARIABLE_ASSIGNMENT|[61]|s|{"Namef__c":"tran","Namel__c":"thanh","Birthday__c":"1990-04-04T00:00:00.000Z","Gender__c":true,"Score1__c":3.00,"Score2__c":6.00,"Score3__c":3.00,"AverageScore__c":4.00,"State__c":"Failed","StudentId__c":"HS0013","Class__c":"a0H0o00000fIXZYEA4","Id":"a0I0o000013doFCEAY"}|0x7955ee64
03:46:22.0 (34818878)|STATEMENT_EXECUTE|[61]
03:46:22.0 (34820783)|STATEMENT_EXECUTE|[62]
03:46:22.0 (34825106)|HEAP_ALLOCATE|[62]|Bytes:12
03:46:22.0 (34832878)|CONSTRUCTOR_ENTRY|[62]|01p0o00000GLKhZ|<init>(Student__c)|Controller.OutputList
03:46:22.0 (34839043)|VARIABLE_SCOPE_BEGIN|[20]|this|Controller.OutputList|true|false
03:46:22.0 (34853000)|VARIABLE_ASSIGNMENT|[20]|this|{}|0x63cd2853
03:46:22.0 (34858123)|VARIABLE_SCOPE_BEGIN|[20]|s|Student__c|true|false
03:46:22.0 (34886097)|VARIABLE_ASSIGNMENT|[20]|s|{"Namef__c":"tran","Namel__c":"thanh","Birthday__c":"1990-04-04T00:00:00.000Z","Gender__c":true,"Score1__c":3.00,"Score2__c":6.00,"Score3__c":3.00,"AverageScore__c":4.00,"State__c":"Failed","StudentId__c":"HS0013","Class__c":"a0H0o00000fIXZYEA4","Id":"a0I0o000013doFCEAY"}|0x7955ee64
03:46:22.0 (34894325)|STATEMENT_EXECUTE|[17]
03:46:22.0 (34896115)|STATEMENT_EXECUTE|[18]
03:46:22.0 (34897714)|STATEMENT_EXECUTE|[19]
03:46:22.0 (34908098)|STATEMENT_EXECUTE|[20]
03:46:22.0 (34910111)|STATEMENT_EXECUTE|[21]
03:46:22.0 (34922380)|VARIABLE_ASSIGNMENT|[EXTERNAL]|this|{}|0x63cd2853
03:46:22.0 (34945598)|VARIABLE_ASSIGNMENT|[EXTERNAL]|value|{"Namef__c":"tran","Namel__c":"thanh","Birthday__c":"1990-04-04T00:00:00.000Z","Gender__c":true,"Score1__c":3.00,"Score2__c":6.00,"Score3__c":3.00,"AverageScore__c":4.00,"State__c":"Failed","StudentId__c":"HS0013","Class__c":"a0H0o00000fIXZYEA4","Id":"a0I0o000013doFCEAY"}|0x7955ee64
03:46:22.0 (34970431)|VARIABLE_ASSIGNMENT|[18]|this.student|{"Namef__c":"tran","Namel__c":"thanh","Birthday__c":"1990-04-04T00:00:00.000Z","Gender__c":true,"Score1__c":3.00,"Score2__c":6.00,"Score3__c":3.00,"AverageScore__c":4.00,"State__c":"Failed","StudentId__c":"HS0013","Class__c":"a0H0o00000fIXZYEA4","Id":"a0I0o000013doFCEAY"}|0x63cd2853
03:46:22.0 (34980825)|STATEMENT_EXECUTE|[22]
03:46:22.0 (34994036)|VARIABLE_ASSIGNMENT|[EXTERNAL]|this|{"student":"0x7955ee64"}|0x63cd2853
03:46:22.0 (35003364)|VARIABLE_ASSIGNMENT|[EXTERNAL]|value|false
03:46:22.0 (35009238)|HEAP_ALLOCATE|[19]|Bytes:5
03:46:22.0 (35015568)|VARIABLE_ASSIGNMENT|[19]|this.isSelected|false|0x63cd2853
03:46:22.0 (35025951)|CONSTRUCTOR_EXIT|[62]|01p0o00000GLKhZ|<init>(Student__c)|Controller.OutputList
03:46:22.0 (35036027)|HEAP_ALLOCATE|[EXTERNAL]|Bytes:4
03:46:22.0 (35047609)|HEAP_ALLOCATE|[61]|Bytes:5
03:46:22.0 (35058403)|HEAP_ALLOCATE|[61]|Bytes:52
03:46:22.0 (35064197)|VARIABLE_SCOPE_BEGIN|[61]|s|Student__c|true|false
03:46:22.0 (35089975)|VARIABLE_ASSIGNMENT|[61]|s|{"Namef__c":"hai","Namel__c":"van","Birthday__c":"2020-04-08T00:00:00.000Z","Gender__c":true,"Score1__c":2.00,"Score2__c":2.00,"Score3__c":3.00,"AverageScore__c":2.33,"State__c":"Failed","StudentId__c":"HS0015","Class__c":"a0H0o00000fIXg0EAG","Id":"a0I0o000013doFWEAY"}|0x27ab301c
03:46:22.0 (35097864)|STATEMENT_EXECUTE|[61]
03:46:22.0 (35099649)|STATEMENT_EXECUTE|[62]
03:46:22.0 (35103681)|HEAP_ALLOCATE|[62]|Bytes:12
03:46:22.0 (35110601)|CONSTRUCTOR_ENTRY|[62]|01p0o00000GLKhZ|<init>(Student__c)|Controller.OutputList
03:46:22.0 (35116498)|VARIABLE_SCOPE_BEGIN|[20]|this|Controller.OutputList|true|false
03:46:22.0 (35129057)|VARIABLE_ASSIGNMENT|[20]|this|{}|0x1b1169a0
03:46:22.0 (35134126)|VARIABLE_SCOPE_BEGIN|[20]|s|Student__c|true|false
03:46:22.0 (35155982)|VARIABLE_ASSIGNMENT|[20]|s|{"Namef__c":"hai","Namel__c":"van","Birthday__c":"2020-04-08T00:00:00.000Z","Gender__c":true,"Score1__c":2.00,"Score2__c":2.00,"Score3__c":3.00,"AverageScore__c":2.33,"State__c":"Failed","StudentId__c":"HS0015","Class__c":"a0H0o00000fIXg0EAG","Id":"a0I0o000013doFWEAY"}|0x27ab301c
03:46:22.0 (35163931)|STATEMENT_EXECUTE|[17]
03:46:22.0 (35165642)|STATEMENT_EXECUTE|[18]
03:46:22.0 (35167344)|STATEMENT_EXECUTE|[19]
03:46:22.0 (35177000)|STATEMENT_EXECUTE|[20]
03:46:22.0 (35178732)|STATEMENT_EXECUTE|[21]
03:46:22.0 (35190166)|VARIABLE_ASSIGNMENT|[EXTERNAL]|this|{}|0x1b1169a0
03:46:22.0 (35230308)|VARIABLE_ASSIGNMENT|[EXTERNAL]|value|{"Namef__c":"hai","Namel__c":"van","Birthday__c":"2020-04-08T00:00:00.000Z","Gender__c":true,"Score1__c":2.00,"Score2__c":2.00,"Score3__c":3.00,"AverageScore__c":2.33,"State__c":"Failed","StudentId__c":"HS0015","Class__c":"a0H0o00000fIXg0EAG","Id":"a0I0o000013doFWEAY"}|0x27ab301c
03:46:22.0 (35254967)|VARIABLE_ASSIGNMENT|[18]|this.student|{"Namef__c":"hai","Namel__c":"van","Birthday__c":"2020-04-08T00:00:00.000Z","Gender__c":true,"Score1__c":2.00,"Score2__c":2.00,"Score3__c":3.00,"AverageScore__c":2.33,"State__c":"Failed","StudentId__c":"HS0015","Class__c":"a0H0o00000fIXg0EAG","Id":"a0I0o000013doFWEAY"}|0x1b1169a0
03:46:22.0 (35266197)|STATEMENT_EXECUTE|[22]
03:46:22.0 (35280137)|VARIABLE_ASSIGNMENT|[EXTERNAL]|this|{"student":"0x27ab301c"}|0x1b1169a0
03:46:22.0 (35290219)|VARIABLE_ASSIGNMENT|[EXTERNAL]|value|false
03:46:22.0 (35295384)|HEAP_ALLOCATE|[19]|Bytes:5
03:46:22.0 (35301531)|VARIABLE_ASSIGNMENT|[19]|this.isSelected|false|0x1b1169a0
03:46:22.0 (35312249)|CONSTRUCTOR_EXIT|[62]|01p0o00000GLKhZ|<init>(Student__c)|Controller.OutputList
03:46:22.0 (35322467)|HEAP_ALLOCATE|[EXTERNAL]|Bytes:4
03:46:22.0 (35334620)|HEAP_ALLOCATE|[61]|Bytes:5
03:46:22.0 (35345027)|HEAP_ALLOCATE|[61]|Bytes:52
03:46:22.0 (35354339)|VARIABLE_SCOPE_BEGIN|[61]|s|Student__c|true|false
03:46:22.0 (35380165)|VARIABLE_ASSIGNMENT|[61]|s|{"Namef__c":"tran","Namel__c":"vy","Birthday__c":"1990-04-04T00:00:00.000Z","Gender__c":true,"Score1__c":3.00,"Score2__c":6.00,"Score3__c":9.00,"AverageScore__c":6.00,"State__c":"Passed","StudentId__c":"HS0012","Class__c":"a0H0o00000fIXflEAG","Id":"a0I0o000013doF2EAI"}|0x1e594023
03:46:22.0 (35388119)|STATEMENT_EXECUTE|[61]
03:46:22.0 (35389935)|STATEMENT_EXECUTE|[62]
03:46:22.0 (35394208)|HEAP_ALLOCATE|[62]|Bytes:12
03:46:22.0 (35401760)|CONSTRUCTOR_ENTRY|[62]|01p0o00000GLKhZ|<init>(Student__c)|Controller.OutputList
03:46:22.0 (35407383)|VARIABLE_SCOPE_BEGIN|[20]|this|Controller.OutputList|true|false
03:46:22.0 (35420529)|VARIABLE_ASSIGNMENT|[20]|this|{}|0x69476355
03:46:22.0 (35425244)|VARIABLE_SCOPE_BEGIN|[20]|s|Student__c|true|false
03:46:22.0 (35446702)|VARIABLE_ASSIGNMENT|[20]|s|{"Namef__c":"tran","Namel__c":"vy","Birthday__c":"1990-04-04T00:00:00.000Z","Gender__c":true,"Score1__c":3.00,"Score2__c":6.00,"Score3__c":9.00,"AverageScore__c":6.00,"State__c":"Passed","StudentId__c":"HS0012","Class__c":"a0H0o00000fIXflEAG","Id":"a0I0o000013doF2EAI"}|0x1e594023
03:46:22.0 (35454316)|STATEMENT_EXECUTE|[17]
03:46:22.0 (35456042)|STATEMENT_EXECUTE|[18]
03:46:22.0 (35457743)|STATEMENT_EXECUTE|[19]
03:46:22.0 (35467192)|STATEMENT_EXECUTE|[20]
03:46:22.0 (35468974)|STATEMENT_EXECUTE|[21]
03:46:22.0 (35480333)|VARIABLE_ASSIGNMENT|[EXTERNAL]|this|{}|0x69476355
03:46:22.0 (35502172)|VARIABLE_ASSIGNMENT|[EXTERNAL]|value|{"Namef__c":"tran","Namel__c":"vy","Birthday__c":"1990-04-04T00:00:00.000Z","Gender__c":true,"Score1__c":3.00,"Score2__c":6.00,"Score3__c":9.00,"AverageScore__c":6.00,"State__c":"Passed","StudentId__c":"HS0012","Class__c":"a0H0o00000fIXflEAG","Id":"a0I0o000013doF2EAI"}|0x1e594023
03:46:22.0 (35525810)|VARIABLE_ASSIGNMENT|[18]|this.student|{"Namef__c":"tran","Namel__c":"vy","Birthday__c":"1990-04-04T00:00:00.000Z","Gender__c":true,"Score1__c":3.00,"Score2__c":6.00,"Score3__c":9.00,"AverageScore__c":6.00,"State__c":"Passed","StudentId__c":"HS0012","Class__c":"a0H0o00000fIXflEAG","Id":"a0I0o000013doF2EAI"}|0x69476355
03:46:22.0 (35539133)|STATEMENT_EXECUTE|[22]
03:46:22.0 (35552863)|VARIABLE_ASSIGNMENT|[EXTERNAL]|this|{"student":"0x1e594023"}|0x69476355
03:46:22.0 (35562536)|VARIABLE_ASSIGNMENT|[EXTERNAL]|value|false
03:46:22.0 (35567668)|HEAP_ALLOCATE|[19]|Bytes:5
03:46:22.0 (35573868)|VARIABLE_ASSIGNMENT|[19]|this.isSelected|false|0x69476355
03:46:22.0 (35583708)|CONSTRUCTOR_EXIT|[62]|01p0o00000GLKhZ|<init>(Student__c)|Controller.OutputList
03:46:22.0 (35593363)|HEAP_ALLOCATE|[EXTERNAL]|Bytes:4
03:46:22.0 (35605007)|HEAP_ALLOCATE|[61]|Bytes:5
03:46:22.0 (35615085)|HEAP_ALLOCATE|[61]|Bytes:52
03:46:22.0 (35621203)|VARIABLE_SCOPE_BEGIN|[61]|s|Student__c|true|false
03:46:22.0 (35647372)|VARIABLE_ASSIGNMENT|[61]|s|{"Namef__c":"A","Namel__c":"A","Birthday__c":"2019-04-08T00:00:00.000Z","Gender__c":true,"Score1__c":2.00,"Score2__c":2.00,"Score3__c":3.00,"AverageScore__c":2.33,"State__c":"Failed","StudentId__c":"HS0005","Class__c":"a0H0o00000fIXflEAG","Id":"a0I0o000013doEEEAY"}|0x763ad875
03:46:22.0 (35655885)|STATEMENT_EXECUTE|[61]
03:46:22.0 (35657632)|STATEMENT_EXECUTE|[62]
03:46:22.0 (35661634)|HEAP_ALLOCATE|[62]|Bytes:12
03:46:22.0 (35668678)|CONSTRUCTOR_ENTRY|[62]|01p0o00000GLKhZ|<init>(Student__c)|Controller.OutputList
03:46:22.0 (35674824)|VARIABLE_SCOPE_BEGIN|[20]|this|Controller.OutputList|true|false
03:46:22.0 (35686930)|VARIABLE_ASSIGNMENT|[20]|this|{}|0x527e7c2
03:46:22.0 (35692606)|VARIABLE_SCOPE_BEGIN|[20]|s|Student__c|true|false
03:46:22.0 (35714713)|VARIABLE_ASSIGNMENT|[20]|s|{"Namef__c":"A","Namel__c":"A","Birthday__c":"2019-04-08T00:00:00.000Z","Gender__c":true,"Score1__c":2.00,"Score2__c":2.00,"Score3__c":3.00,"AverageScore__c":2.33,"State__c":"Failed","StudentId__c":"HS0005","Class__c":"a0H0o00000fIXflEAG","Id":"a0I0o000013doEEEAY"}|0x763ad875
03:46:22.0 (35722813)|STATEMENT_EXECUTE|[17]
03:46:22.0 (35724591)|STATEMENT_EXECUTE|[18]
03:46:22.0 (35726166)|STATEMENT_EXECUTE|[19]
03:46:22.0 (35735417)|STATEMENT_EXECUTE|[20]
03:46:22.0 (35737147)|STATEMENT_EXECUTE|[21]
03:46:22.0 (35748682)|VARIABLE_ASSIGNMENT|[EXTERNAL]|this|{}|0x527e7c2
03:46:22.0 (35771500)|VARIABLE_ASSIGNMENT|[EXTERNAL]|value|{"Namef__c":"A","Namel__c":"A","Birthday__c":"2019-04-08T00:00:00.000Z","Gender__c":true,"Score1__c":2.00,"Score2__c":2.00,"Score3__c":3.00,"AverageScore__c":2.33,"State__c":"Failed","StudentId__c":"HS0005","Class__c":"a0H0o00000fIXflEAG","Id":"a0I0o000013doEEEAY"}|0x763ad875
03:46:22.0 (35798166)|VARIABLE_ASSIGNMENT|[18]|this.student|{"Namef__c":"A","Namel__c":"A","Birthday__c":"2019-04-08T00:00:00.000Z","Gender__c":true,"Score1__c":2.00,"Score2__c":2.00,"Score3__c":3.00,"AverageScore__c":2.33,"State__c":"Failed","StudentId__c":"HS0005","Class__c":"a0H0o00000fIXflEAG","Id":"a0I0o000013doEEEAY"}|0x527e7c2
03:46:22.0 (35809069)|STATEMENT_EXECUTE|[22]
03:46:22.0 (35822748)|VARIABLE_ASSIGNMENT|[EXTERNAL]|this|{"student":"0x763ad875"}|0x527e7c2
03:46:22.0 (35832321)|VARIABLE_ASSIGNMENT|[EXTERNAL]|value|false
03:46:22.0 (35837486)|HEAP_ALLOCATE|[19]|Bytes:5
03:46:22.0 (35843231)|VARIABLE_ASSIGNMENT|[19]|this.isSelected|false|0x527e7c2
03:46:22.0 (35853063)|CONSTRUCTOR_EXIT|[62]|01p0o00000GLKhZ|<init>(Student__c)|Controller.OutputList
03:46:22.0 (35892004)|HEAP_ALLOCATE|[EXTERNAL]|Bytes:4
03:46:22.0 (35905191)|HEAP_ALLOCATE|[61]|Bytes:5
03:46:22.0 (35915773)|HEAP_ALLOCATE|[61]|Bytes:52
03:46:22.0 (35921894)|VARIABLE_SCOPE_BEGIN|[61]|s|Student__c|true|false
03:46:22.0 (35948521)|VARIABLE_ASSIGNMENT|[61]|s|{"Namef__c":"pham","Namel__c":"van","Birthday__c":"2020-04-08T00:00:00.000Z","Gender__c":true,"Score1__c":6.00,"Score2__c":8.00,"Score3__c":8.00,"AverageScore__c":7.33,"State__c":"Passed","StudentId__c":"HS0009","Class__c":"a0H0o00000fIXflEAG","Id":"a0I0o000013doEYEAY"}|0x204a3e18
03:46:22.0 (35956345)|STATEMENT_EXECUTE|[61]
03:46:22.0 (35958064)|STATEMENT_EXECUTE|[62]
03:46:22.0 (35962241)|HEAP_ALLOCATE|[62]|Bytes:12
03:46:22.0 (35970200)|CONSTRUCTOR_ENTRY|[62]|01p0o00000GLKhZ|<init>(Student__c)|Controller.OutputList
03:46:22.0 (35976502)|VARIABLE_SCOPE_BEGIN|[20]|this|Controller.OutputList|true|false
03:46:22.0 (35989836)|VARIABLE_ASSIGNMENT|[20]|this|{}|0xf22d885
03:46:22.0 (35995030)|VARIABLE_SCOPE_BEGIN|[20]|s|Student__c|true|false
03:46:22.0 (36016843)|VARIABLE_ASSIGNMENT|[20]|s|{"Namef__c":"pham","Namel__c":"van","Birthday__c":"2020-04-08T00:00:00.000Z","Gender__c":true,"Score1__c":6.00,"Score2__c":8.00,"Score3__c":8.00,"AverageScore__c":7.33,"State__c":"Passed","StudentId__c":"HS0009","Class__c":"a0H0o00000fIXflEAG","Id":"a0I0o000013doEYEAY"}|0x204a3e18
03:46:22.0 (36025371)|STATEMENT_EXECUTE|[17]
03:46:22.0 (36027243)|STATEMENT_EXECUTE|[18]
03:46:22.0 (36028941)|STATEMENT_EXECUTE|[19]
03:46:22.0 (36038647)|STATEMENT_EXECUTE|[20]
03:46:22.0 (36040408)|STATEMENT_EXECUTE|[21]
03:46:22.0 (36051944)|VARIABLE_ASSIGNMENT|[EXTERNAL]|this|{}|0xf22d885
03:46:22.0 (36074703)|VARIABLE_ASSIGNMENT|[EXTERNAL]|value|{"Namef__c":"pham","Namel__c":"van","Birthday__c":"2020-04-08T00:00:00.000Z","Gender__c":true,"Score1__c":6.00,"Score2__c":8.00,"Score3__c":8.00,"AverageScore__c":7.33,"State__c":"Passed","StudentId__c":"HS0009","Class__c":"a0H0o00000fIXflEAG","Id":"a0I0o000013doEYEAY"}|0x204a3e18
03:46:22.0 (36113508)|VARIABLE_ASSIGNMENT|[18]|this.student|{"Namef__c":"pham","Namel__c":"van","Birthday__c":"2020-04-08T00:00:00.000Z","Gender__c":true,"Score1__c":6.00,"Score2__c":8.00,"Score3__c":8.00,"AverageScore__c":7.33,"State__c":"Passed","StudentId__c":"HS0009","Class__c":"a0H0o00000fIXflEAG","Id":"a0I0o000013doEYEAY"}|0xf22d885
03:46:22.0 (36125358)|STATEMENT_EXECUTE|[22]
03:46:22.0 (36140079)|VARIABLE_ASSIGNMENT|[EXTERNAL]|this|{"student":"0x204a3e18"}|0xf22d885
03:46:22.0 (36149929)|VARIABLE_ASSIGNMENT|[EXTERNAL]|value|false
03:46:22.0 (36154915)|HEAP_ALLOCATE|[19]|Bytes:5
03:46:22.0 (36161368)|VARIABLE_ASSIGNMENT|[19]|this.isSelected|false|0xf22d885
03:46:22.0 (36171992)|CONSTRUCTOR_EXIT|[62]|01p0o00000GLKhZ|<init>(Student__c)|Controller.OutputList
03:46:22.0 (36181582)|HEAP_ALLOCATE|[EXTERNAL]|Bytes:4
03:46:22.0 (36192659)|HEAP_ALLOCATE|[61]|Bytes:5
03:46:22.0 (36202656)|HEAP_ALLOCATE|[61]|Bytes:52
03:46:22.0 (36208313)|VARIABLE_SCOPE_BEGIN|[61]|s|Student__c|true|false
03:46:22.0 (36235028)|VARIABLE_ASSIGNMENT|[61]|s|{"Namef__c":"pham","Namel__c":"kieu","Birthday__c":"1997-06-08T00:00:00.000Z","Gender__c":true,"Score1__c":6.00,"Score2__c":5.00,"Score3__c":8.00,"AverageScore__c":6.33,"State__c":"Passed","StudentId__c":"HS0008","Class__c":"a0H0o00000fIXZYEA4","Id":"a0I0o000013doETEAY"}|0x5e1fc1dd
03:46:22.0 (36242828)|STATEMENT_EXECUTE|[61]
03:46:22.0 (36244535)|STATEMENT_EXECUTE|[62]
03:46:22.0 (36248677)|HEAP_ALLOCATE|[62]|Bytes:12
03:46:22.0 (36255553)|CONSTRUCTOR_ENTRY|[62]|01p0o00000GLKhZ|<init>(Student__c)|Controller.OutputList
03:46:22.0 (36261490)|VARIABLE_SCOPE_BEGIN|[20]|this|Controller.OutputList|true|false
03:46:22.0 (36273733)|VARIABLE_ASSIGNMENT|[20]|this|{}|0x1f6efca8
03:46:22.0 (36279027)|VARIABLE_SCOPE_BEGIN|[20]|s|Student__c|true|false
03:46:22.0 (36301685)|VARIABLE_ASSIGNMENT|[20]|s|{"Namef__c":"pham","Namel__c":"kieu","Birthday__c":"1997-06-08T00:00:00.000Z","Gender__c":true,"Score1__c":6.00,"Score2__c":5.00,"Score3__c":8.00,"AverageScore__c":6.33,"State__c":"Passed","StudentId__c":"HS0008","Class__c":"a0H0o00000fIXZYEA4","Id":"a0I0o000013doETEAY"}|0x5e1fc1dd
03:46:22.0 (36309711)|STATEMENT_EXECUTE|[17]
03:46:22.0 (36311484)|STATEMENT_EXECUTE|[18]
03:46:22.0 (36313124)|STATEMENT_EXECUTE|[19]
03:46:22.0 (36322575)|STATEMENT_EXECUTE|[20]
03:46:22.0 (36324339)|STATEMENT_EXECUTE|[21]
03:46:22.0 (36335752)|VARIABLE_ASSIGNMENT|[EXTERNAL]|this|{}|0x1f6efca8
03:46:22.0 (36357942)|VARIABLE_ASSIGNMENT|[EXTERNAL]|value|{"Namef__c":"pham","Namel__c":"kieu","Birthday__c":"1997-06-08T00:00:00.000Z","Gender__c":true,"Score1__c":6.00,"Score2__c":5.00,"Score3__c":8.00,"AverageScore__c":6.33,"State__c":"Passed","StudentId__c":"HS0008","Class__c":"a0H0o00000fIXZYEA4","Id":"a0I0o000013doETEAY"}|0x5e1fc1dd
03:46:22.0 (36384727)|VARIABLE_ASSIGNMENT|[18]|this.student|{"Namef__c":"pham","Namel__c":"kieu","Birthday__c":"1997-06-08T00:00:00.000Z","Gender__c":true,"Score1__c":6.00,"Score2__c":5.00,"Score3__c":8.00,"AverageScore__c":6.33,"State__c":"Passed","StudentId__c":"HS0008","Class__c":"a0H0o00000fIXZYEA4","Id":"a0I0o000013doETEAY"}|0x1f6efca8
03:46:22.0 (36395129)|STATEMENT_EXECUTE|[22]
03:46:22.0 (36408902)|VARIABLE_ASSIGNMENT|[EXTERNAL]|this|{"student":"0x5e1fc1dd"}|0x1f6efca8
03:46:22.0 (36418716)|VARIABLE_ASSIGNMENT|[EXTERNAL]|value|false
03:46:22.0 (36423679)|HEAP_ALLOCATE|[19]|Bytes:5
03:46:22.0 (36429627)|VARIABLE_ASSIGNMENT|[19]|this.isSelected|false|0x1f6efca8
03:46:22.0 (36439479)|CONSTRUCTOR_EXIT|[62]|01p0o00000GLKhZ|<init>(Student__c)|Controller.OutputList
03:46:22.0 (36462612)|HEAP_ALLOCATE|[EXTERNAL]|Bytes:4
03:46:22.0 (36474826)|HEAP_ALLOCATE|[61]|Bytes:5
03:46:22.0 (36484603)|HEAP_ALLOCATE|[61]|Bytes:52
03:46:22.0 (36490263)|VARIABLE_SCOPE_BEGIN|[61]|s|Student__c|true|false
03:46:22.0 (36517177)|VARIABLE_ASSIGNMENT|[61]|s|{"Namef__c":"hai","Namel__c":"van","Birthday__c":"2020-04-08T00:00:00.000Z","Gender__c":true,"Score1__c":2.00,"Score2__c":4.00,"Score3__c":7.00,"AverageScore__c":4.33,"State__c":"Failed","StudentId__c":"HS0006","Class__c":"a0H0o00000fIXZYEA4","Id":"a0I0o000013doEJEAY"}|0xa13ca65
03:46:22.0 (36525262)|STATEMENT_EXECUTE|[61]
03:46:22.0 (36526993)|STATEMENT_EXECUTE|[62]
03:46:22.0 (36530924)|HEAP_ALLOCATE|[62]|Bytes:12
03:46:22.0 (36538470)|CONSTRUCTOR_ENTRY|[62]|01p0o00000GLKhZ|<init>(Student__c)|Controller.OutputList
03:46:22.0 (36544525)|VARIABLE_SCOPE_BEGIN|[20]|this|Controller.OutputList|true|false
03:46:22.0 (36557131)|VARIABLE_ASSIGNMENT|[20]|this|{}|0x4de179db
03:46:22.0 (36562536)|VARIABLE_SCOPE_BEGIN|[20]|s|Student__c|true|false
03:46:22.0 (36584312)|VARIABLE_ASSIGNMENT|[20]|s|{"Namef__c":"hai","Namel__c":"van","Birthday__c":"2020-04-08T00:00:00.000Z","Gender__c":true,"Score1__c":2.00,"Score2__c":4.00,"Score3__c":7.00,"AverageScore__c":4.33,"State__c":"Failed","StudentId__c":"HS0006","Class__c":"a0H0o00000fIXZYEA4","Id":"a0I0o000013doEJEAY"}|0xa13ca65
03:46:22.0 (36591920)|STATEMENT_EXECUTE|[17]
03:46:22.0 (36593651)|STATEMENT_EXECUTE|[18]
03:46:22.0 (36595274)|STATEMENT_EXECUTE|[19]
03:46:22.0 (36604478)|STATEMENT_EXECUTE|[20]
03:46:22.0 (36606194)|STATEMENT_EXECUTE|[21]
03:46:22.0 (36617888)|VARIABLE_ASSIGNMENT|[EXTERNAL]|this|{}|0x4de179db
03:46:22.0 (36640134)|VARIABLE_ASSIGNMENT|[EXTERNAL]|value|{"Namef__c":"hai","Namel__c":"van","Birthday__c":"2020-04-08T00:00:00.000Z","Gender__c":true,"Score1__c":2.00,"Score2__c":4.00,"Score3__c":7.00,"AverageScore__c":4.33,"State__c":"Failed","StudentId__c":"HS0006","Class__c":"a0H0o00000fIXZYEA4","Id":"a0I0o000013doEJEAY"}|0xa13ca65
03:46:22.0 (36664373)|VARIABLE_ASSIGNMENT|[18]|this.student|{"Namef__c":"hai","Namel__c":"van","Birthday__c":"2020-04-08T00:00:00.000Z","Gender__c":true,"Score1__c":2.00,"Score2__c":4.00,"Score3__c":7.00,"AverageScore__c":4.33,"State__c":"Failed","StudentId__c":"HS0006","Class__c":"a0H0o00000fIXZYEA4","Id":"a0I0o000013doEJEAY"}|0x4de179db
03:46:22.0 (36688107)|STATEMENT_EXECUTE|[22]
03:46:22.0 (36703466)|VARIABLE_ASSIGNMENT|[EXTERNAL]|this|{"student":"0xa13ca65"}|0x4de179db
03:46:22.0 (36713395)|VARIABLE_ASSIGNMENT|[EXTERNAL]|value|false
03:46:22.0 (36718288)|HEAP_ALLOCATE|[19]|Bytes:5
03:46:22.0 (36724627)|VARIABLE_ASSIGNMENT|[19]|this.isSelected|false|0x4de179db
03:46:22.0 (36735037)|CONSTRUCTOR_EXIT|[62]|01p0o00000GLKhZ|<init>(Student__c)|Controller.OutputList
03:46:22.0 (36744709)|HEAP_ALLOCATE|[EXTERNAL]|Bytes:4
03:46:22.0 (36755702)|HEAP_ALLOCATE|[61]|Bytes:5
03:46:22.0 (36765349)|HEAP_ALLOCATE|[61]|Bytes:52
03:46:22.0 (36770879)|VARIABLE_SCOPE_BEGIN|[61]|s|Student__c|true|false
03:46:22.0 (36797657)|VARIABLE_ASSIGNMENT|[61]|s|{"Namef__c":"hai","Namel__c":"van","Birthday__c":"2020-04-08T00:00:00.000Z","Gender__c":true,"Score1__c":2.00,"Score2__c":4.00,"Score3__c":3.00,"AverageScore__c":3.00,"State__c":"Failed","StudentId__c":"HS0010","Class__c":"a0H0o00000fIXg0EAG","Id":"a0I0o000013doEdEAI"}|0x2a4a4222
03:46:22.0 (36805188)|STATEMENT_EXECUTE|[61]
03:46:22.0 (36807000)|STATEMENT_EXECUTE|[62]
03:46:22.0 (36811034)|HEAP_ALLOCATE|[62]|Bytes:12
03:46:22.0 (36817930)|CONSTRUCTOR_ENTRY|[62]|01p0o00000GLKhZ|<init>(Student__c)|Controller.OutputList
03:46:22.0 (36824464)|VARIABLE_SCOPE_BEGIN|[20]|this|Controller.OutputList|true|false
03:46:22.0 (36837317)|VARIABLE_ASSIGNMENT|[20]|this|{}|0x77c29e52
03:46:22.0 (36842250)|VARIABLE_SCOPE_BEGIN|[20]|s|Student__c|true|false
03:46:22.0 (36863915)|VARIABLE_ASSIGNMENT|[20]|s|{"Namef__c":"hai","Namel__c":"van","Birthday__c":"2020-04-08T00:00:00.000Z","Gender__c":true,"Score1__c":2.00,"Score2__c":4.00,"Score3__c":3.00,"AverageScore__c":3.00,"State__c":"Failed","StudentId__c":"HS0010","Class__c":"a0H0o00000fIXg0EAG","Id":"a0I0o000013doEdEAI"}|0x2a4a4222
03:46:22.0 (36875821)|STATEMENT_EXECUTE|[17]
03:46:22.0 (36877566)|STATEMENT_EXECUTE|[18]
03:46:22.0 (36879202)|STATEMENT_EXECUTE|[19]
03:46:22.0 (36888889)|STATEMENT_EXECUTE|[20]
03:46:22.0 (36890605)|STATEMENT_EXECUTE|[21]
03:46:22.0 (36902469)|VARIABLE_ASSIGNMENT|[EXTERNAL]|this|{}|0x77c29e52
03:46:22.0 (36925705)|VARIABLE_ASSIGNMENT|[EXTERNAL]|value|{"Namef__c":"hai","Namel__c":"van","Birthday__c":"2020-04-08T00:00:00.000Z","Gender__c":true,"Score1__c":2.00,"Score2__c":4.00,"Score3__c":3.00,"AverageScore__c":3.00,"State__c":"Failed","StudentId__c":"HS0010","Class__c":"a0H0o00000fIXg0EAG","Id":"a0I0o000013doEdEAI"}|0x2a4a4222
03:46:22.0 (36949134)|VARIABLE_ASSIGNMENT|[18]|this.student|{"Namef__c":"hai","Namel__c":"van","Birthday__c":"2020-04-08T00:00:00.000Z","Gender__c":true,"Score1__c":2.00,"Score2__c":4.00,"Score3__c":3.00,"AverageScore__c":3.00,"State__c":"Failed","StudentId__c":"HS0010","Class__c":"a0H0o00000fIXg0EAG","Id":"a0I0o000013doEdEAI"}|0x77c29e52
03:46:22.0 (36958939)|STATEMENT_EXECUTE|[22]
03:46:22.0 (36972315)|VARIABLE_ASSIGNMENT|[EXTERNAL]|this|{"student":"0x2a4a4222"}|0x77c29e52
03:46:22.0 (36981450)|VARIABLE_ASSIGNMENT|[EXTERNAL]|value|false
03:46:22.0 (36986192)|HEAP_ALLOCATE|[19]|Bytes:5
03:46:22.0 (36991917)|VARIABLE_ASSIGNMENT|[19]|this.isSelected|false|0x77c29e52
03:46:22.0 (37001875)|CONSTRUCTOR_EXIT|[62]|01p0o00000GLKhZ|<init>(Student__c)|Controller.OutputList
03:46:22.0 (37011560)|HEAP_ALLOCATE|[EXTERNAL]|Bytes:4
03:46:22.0 (37023305)|HEAP_ALLOCATE|[61]|Bytes:5
03:46:22.0 (37033661)|VARIABLE_ASSIGNMENT|[61]|s|null|
03:46:22.0 (37042034)|STATEMENT_EXECUTE|[64]
03:46:22.0 (37052350)|METHOD_EXIT|[118]|01p0o00000GLKhZ|Controller.getStudent()
03:46:22.0 (37097756)|VARIABLE_ASSIGNMENT|[EXTERNAL]|this|{"userinput":"a","userselect":"Name"}|0x5978ef3f
03:46:22.0 (37112402)|VARIABLE_ASSIGNMENT|[EXTERNAL]|value|"List of size 11 too large to display"|0x6dac4fed
03:46:22.0 (37125062)|VARIABLE_ASSIGNMENT|[2]|this.studentList|"List of size 11 too large to display"|0x5978ef3f
03:46:22.0 (37133778)|STATEMENT_EXECUTE|[119]
03:46:22.0 (37138386)|HEAP_ALLOCATE|[119]|Bytes:17
03:46:22.0 (37181627)|VARIABLE_ASSIGNMENT|[EXTERNAL]|this|{"studentList":"0x6dac4fed","userinput":"a","userselect":"Name"}|0x5978ef3f
03:46:22.0 (37232625)|HEAP_ALLOCATE|[119]|Bytes:2
03:46:22.0 (37260113)|HEAP_ALLOCATE|[119]|Bytes:19
03:46:22.0 (37307929)|VARIABLE_ASSIGNMENT|[EXTERNAL]|this|{"studentList":"0x6dac4fed","userinput":"a","userselect":"Name"}|0x5978ef3f
03:46:22.0 (37320284)|VARIABLE_ASSIGNMENT|[EXTERNAL]|value|"Total Students : 11"
03:46:22.0 (37360290)|VARIABLE_ASSIGNMENT|[6]|this.sumstudents|"Total Students : 11"|0x5978ef3f
03:46:22.0 (37383529)|SYSTEM_MODE_EXIT|false
03:46:22.41 (41836023)|SYSTEM_MODE_ENTER|true
03:46:22.41 (41986758)|HEAP_ALLOCATE|[EXTERNAL]|Bytes:38
03:46:22.41 (42003643)|HEAP_ALLOCATE|[EXTERNAL]|Bytes:7
03:46:22.42 (42371614)|SYSTEM_MODE_ENTER|true
03:46:22.42 (42433625)|HEAP_ALLOCATE|[EXTERNAL]|Bytes:8
03:46:22.42 (42444379)|VARIABLE_SCOPE_BEGIN|[2]|this|ApexPage.PageMessagesComponentController|true|false
03:46:22.42 (42485681)|VARIABLE_ASSIGNMENT|[2]|this|{}|0x225f76cf
03:46:22.0 (43499778)|SYSTEM_MODE_ENTER|true
03:46:22.0 (47166958)|SYSTEM_MODE_ENTER|true
03:46:22.0 (47358026)|SYSTEM_MODE_ENTER|true
03:46:22.0 (47422278)|HEAP_ALLOCATE|[EXTERNAL]|Bytes:60
03:46:22.0 (47434900)|VARIABLE_SCOPE_BEGIN|[36]|this|Controller|true|false
03:46:22.0 (47491634)|VARIABLE_ASSIGNMENT|[36]|this|{"studentList":"0x6dac4fed","sumstudents":"Total Students : 11","userinput":"a","userselect":"Name"}|0x5978ef3f
03:46:22.0 (47512158)|SYSTEM_MODE_ENTER|false
03:46:22.0 (47524654)|HEAP_ALLOCATE|[37]|Bytes:5
03:46:22.0 (47531003)|STATEMENT_EXECUTE|[36]
03:46:22.0 (47533662)|STATEMENT_EXECUTE|[37]
03:46:22.0 (47555864)|HEAP_ALLOCATE|[37]|Bytes:4
03:46:22.0 (47579355)|VARIABLE_SCOPE_BEGIN|[37]|options|List<System.SelectOption>|true|false
03:46:22.0 (47618022)|HEAP_ALLOCATE|[EXTERNAL]|Bytes:4
03:46:22.0 (47630618)|VARIABLE_ASSIGNMENT|[37]|options|[]|0x6c89356d
03:46:22.0 (47636453)|STATEMENT_EXECUTE|[38]
03:46:22.0 (47653701)|HEAP_ALLOCATE|[38]|Bytes:4
03:46:22.0 (47876126)|SOQL_EXECUTE_BEGIN|[38]|Aggregations:0|SELECT className__C FROM Class__c
03:46:22.0 (52778607)|SOQL_EXECUTE_END|[38]|Rows:4
03:46:22.0 (52817400)|HEAP_ALLOCATE|[38]|Bytes:20
03:46:22.0 (52846069)|HEAP_ALLOCATE|[38]|Bytes:193
03:46:22.0 (52901876)|HEAP_ALLOCATE|[38]|Bytes:20
03:46:22.0 (52923976)|VARIABLE_SCOPE_BEGIN|[38]|data|List<Class__c>|true|false
03:46:22.0 (52975007)|VARIABLE_ASSIGNMENT|[38]|data|[{"className__c":"Name","Id":"a0H0o00000fIXZEEA4"},{"className__c":"L02","Id":"a0H0o00000fIXflEAG"},{"className__c":"L01","Id":"a0H0o00000fIXZYEA4"},{"className__c":"L03","Id":"a0H0o00000fIXg0EAG"}]|0x780b21c4
03:46:22.0 (53029384)|HEAP_ALLOCATE|[39]|Bytes:5
03:46:22.0 (53051871)|HEAP_ALLOCATE|[39]|Bytes:12
03:46:22.0 (53063099)|VARIABLE_SCOPE_BEGIN|[39]|c|Class__c|true|false
03:46:22.0 (53078252)|VARIABLE_ASSIGNMENT|[39]|c|{"className__c":"Name","Id":"a0H0o00000fIXZEEA4"}|0xde2c9d0
03:46:22.0 (53085788)|STATEMENT_EXECUTE|[39]
03:46:22.0 (53088244)|STATEMENT_EXECUTE|[40]
03:46:22.0 (53193696)|HEAP_ALLOCATE|[40]|Bytes:4
03:46:22.0 (53266911)|HEAP_ALLOCATE|[40]|Bytes:4
03:46:22.0 (53315736)|HEAP_ALLOCATE|[EXTERNAL]|Bytes:4
03:46:22.0 (53341673)|HEAP_ALLOCATE|[39]|Bytes:5
03:46:22.0 (53361674)|HEAP_ALLOCATE|[39]|Bytes:12
03:46:22.0 (53396080)|VARIABLE_SCOPE_BEGIN|[39]|c|Class__c|true|false
03:46:22.0 (53421057)|VARIABLE_ASSIGNMENT|[39]|c|{"className__c":"L02","Id":"a0H0o00000fIXflEAG"}|0x76eb5861
03:46:22.0 (53430775)|STATEMENT_EXECUTE|[39]
03:46:22.0 (53433310)|STATEMENT_EXECUTE|[40]
03:46:22.0 (53519291)|HEAP_ALLOCATE|[40]|Bytes:3
03:46:22.0 (53581662)|HEAP_ALLOCATE|[40]|Bytes:3
03:46:22.0 (53605115)|HEAP_ALLOCATE|[EXTERNAL]|Bytes:4
03:46:22.0 (53620584)|HEAP_ALLOCATE|[39]|Bytes:5
03:46:22.0 (53632120)|HEAP_ALLOCATE|[39]|Bytes:12
03:46:22.0 (53639273)|VARIABLE_SCOPE_BEGIN|[39]|c|Class__c|true|false
03:46:22.0 (53656150)|VARIABLE_ASSIGNMENT|[39]|c|{"className__c":"L01","Id":"a0H0o00000fIXZYEA4"}|0x376138a4
03:46:22.0 (53661837)|STATEMENT_EXECUTE|[39]
03:46:22.0 (53663764)|STATEMENT_EXECUTE|[40]
03:46:22.0 (53715157)|HEAP_ALLOCATE|[40]|Bytes:3
03:46:22.0 (53755460)|HEAP_ALLOCATE|[40]|Bytes:3
03:46:22.0 (53775594)|HEAP_ALLOCATE|[EXTERNAL]|Bytes:4
03:46:22.0 (53789445)|HEAP_ALLOCATE|[39]|Bytes:5
03:46:22.0 (53800194)|HEAP_ALLOCATE|[39]|Bytes:12
03:46:22.0 (53806666)|VARIABLE_SCOPE_BEGIN|[39]|c|Class__c|true|false
03:46:22.0 (53822028)|VARIABLE_ASSIGNMENT|[39]|c|{"className__c":"L03","Id":"a0H0o00000fIXg0EAG"}|0x2fb3bab4
03:46:22.0 (53827633)|STATEMENT_EXECUTE|[39]
03:46:22.0 (53829367)|STATEMENT_EXECUTE|[40]
03:46:22.0 (53866266)|HEAP_ALLOCATE|[40]|Bytes:3
03:46:22.0 (53908812)|HEAP_ALLOCATE|[40]|Bytes:3
03:46:22.0 (53928449)|HEAP_ALLOCATE|[EXTERNAL]|Bytes:4
03:46:22.0 (53941555)|HEAP_ALLOCATE|[39]|Bytes:5
03:46:22.0 (53954231)|VARIABLE_ASSIGNMENT|[39]|c|null|
03:46:22.0 (53960950)|STATEMENT_EXECUTE|[43]
03:46:22.0 (53968425)|SYSTEM_MODE_EXIT|false
03:46:22.0 (54285954)|SYSTEM_MODE_ENTER|true
03:46:22.55 (55847050)|SYSTEM_MODE_ENTER|true
03:46:22.55 (55940515)|HEAP_ALLOCATE|[EXTERNAL]|Bytes:8
03:46:22.55 (55952350)|VARIABLE_SCOPE_BEGIN|[88]|this|ApexPage.PageMessagesComponentController|true|false
03:46:22.55 (55983970)|VARIABLE_ASSIGNMENT|[88]|this|{}|0x225f76cf
03:46:22.55 (55990863)|VARIABLE_SCOPE_BEGIN|[88]|escape|Boolean|false|false
03:46:22.55 (55998831)|VARIABLE_ASSIGNMENT|[88]|escape|null
03:46:22.56 (56136278)|SYSTEM_MODE_ENTER|true
03:46:22.56 (56182100)|HEAP_ALLOCATE|[EXTERNAL]|Bytes:8
03:46:22.56 (56190119)|VARIABLE_SCOPE_BEGIN|[2]|this|ApexPage.PageMessagesComponentController|true|false
03:46:22.56 (56210733)|VARIABLE_ASSIGNMENT|[2]|this|{}|0x225f76cf
03:46:22.0 (57116661)|SYSTEM_MODE_ENTER|true
03:46:22.0 (94599199)|VF_SERIALIZE_VIEWSTATE_BEGIN|0660o000008sEYc
03:46:22.0 (113226273)|VF_SERIALIZE_VIEWSTATE_END
03:46:22.0 (152912376)|CODE_UNIT_STARTED|[EXTERNAL]|Generate Metadata
03:46:22.0 (161965953)|CODE_UNIT_FINISHED|Generate Metadata
03:46:22.167 (167265820)|CUMULATIVE_LIMIT_USAGE
03:46:22.167 (167265820)|LIMIT_USAGE_FOR_NS|(default)|
  Number of SOQL queries: 3 out of 100
  Number of query rows: 19 out of 50000
  Number of SOSL queries: 0 out of 20
  Number of DML statements: 0 out of 150
  Number of DML rows: 0 out of 10000
  Maximum CPU time: 0 out of 10000
  Maximum heap size: 0 out of 6000000
  Number of callouts: 0 out of 100
  Number of Email Invocations: 0 out of 10
  Number of future calls: 0 out of 50
  Number of queueable jobs added to the queue: 0 out of 50
  Number of Mobile Apex push calls: 0 out of 10

03:46:22.167 (167265820)|CUMULATIVE_LIMIT_USAGE_END

03:46:22.0 (167380527)|CODE_UNIT_FINISHED|VF: /apex/MainPage
03:46:22.0 (168530702)|EXECUTION_FINISHED
