36.0 APEX_CODE,FINEST;APEX_PROFILING,INFO;CALLOUT,INFO;DB,INFO;NBA,INFO;SYSTEM,DEBUG;VALIDATION,INFO;VISUALFORCE,INFO;WAVE,INFO;WORKFLOW,INFO
23:57:35.0 (368308)|USER_INFO|[EXTERNAL]|0050o00000WkyGG|ttvy@keizu.co.jp|Pacific Standard Time|GMT-07:00
23:57:35.0 (409851)|EXECUTION_STARTED
23:57:35.0 (414823)|CODE_UNIT_STARTED|[EXTERNAL]|0660o000008sEYc|VF: /apex/MainPage
23:57:35.0 (7198326)|SYSTEM_MODE_ENTER|true
23:57:35.0 (7618655)|HEAP_ALLOCATE|[72]|Bytes:3
23:57:35.0 (7660713)|HEAP_ALLOCATE|[77]|Bytes:152
23:57:35.0 (7674426)|HEAP_ALLOCATE|[342]|Bytes:408
23:57:35.0 (7686916)|HEAP_ALLOCATE|[355]|Bytes:408
23:57:35.0 (7697677)|HEAP_ALLOCATE|[467]|Bytes:48
23:57:35.0 (7723556)|HEAP_ALLOCATE|[139]|Bytes:6
23:57:35.0 (7739924)|HEAP_ALLOCATE|[EXTERNAL]|Bytes:136
23:57:35.0 (7745850)|HEAP_ALLOCATE|[EXTERNAL]|Bytes:10
23:57:35.0 (7755817)|METHOD_ENTRY|[1]|01p0o00000GLKhZ|Controller.Controller()
23:57:35.0 (7762516)|STATEMENT_EXECUTE|[1]
23:57:35.0 (7767357)|STATEMENT_EXECUTE|[1]
23:57:35.0 (7796136)|HEAP_ALLOCATE|[50]|Bytes:5
23:57:35.0 (7817254)|HEAP_ALLOCATE|[56]|Bytes:5
23:57:35.0 (7824652)|HEAP_ALLOCATE|[64]|Bytes:7
23:57:35.0 (7841160)|SYSTEM_MODE_ENTER|false
23:57:35.0 (7855221)|HEAP_ALLOCATE|[EXTERNAL]|Bytes:5
23:57:35.0 (7863011)|SYSTEM_MODE_EXIT|false
23:57:35.0 (7871688)|METHOD_EXIT|[1]|Controller
23:57:35.0 (8023206)|HEAP_ALLOCATE|[EXTERNAL]|Bytes:16
23:57:35.0 (8034542)|VARIABLE_SCOPE_BEGIN|[1]|this|Controller|true|false
23:57:35.0 (8085834)|VARIABLE_ASSIGNMENT|[1]|this|{}|0x56026be8
23:57:35.0 (8099835)|SYSTEM_MODE_ENTER|false
23:57:35.0 (8107207)|HEAP_ALLOCATE|[EXTERNAL]|Bytes:5
23:57:35.0 (8116392)|HEAP_ALLOCATE|[EXTERNAL]|Bytes:6
23:57:35.0 (8153780)|SYSTEM_MODE_EXIT|false
23:57:35.0 (8159823)|STATEMENT_EXECUTE|[1]
23:57:35.0 (8164302)|SYSTEM_MODE_ENTER|false
23:57:35.0 (8169079)|HEAP_ALLOCATE|[EXTERNAL]|Bytes:5
23:57:35.0 (8173131)|STATEMENT_EXECUTE|[2]
23:57:35.0 (8174914)|STATEMENT_EXECUTE|[3]
23:57:35.0 (8176247)|STATEMENT_EXECUTE|[4]
23:57:35.0 (8178215)|SYSTEM_MODE_EXIT|false
23:57:35.0 (9037971)|SYSTEM_MODE_ENTER|true
23:57:35.0 (9809903)|SYSTEM_MODE_ENTER|true
23:57:35.0 (10001494)|SYSTEM_MODE_ENTER|true
23:57:35.0 (10056923)|HEAP_ALLOCATE|[EXTERNAL]|Bytes:16
23:57:35.0 (10067175)|VARIABLE_SCOPE_BEGIN|[6]|this|Controller|true|false
23:57:35.0 (10087982)|VARIABLE_ASSIGNMENT|[6]|this|{}|0x56026be8
23:57:35.0 (10103871)|SYSTEM_MODE_ENTER|false
23:57:35.0 (10111256)|HEAP_ALLOCATE|[7]|Bytes:5
23:57:35.0 (10116262)|STATEMENT_EXECUTE|[6]
23:57:35.0 (10118137)|STATEMENT_EXECUTE|[7]
23:57:35.0 (10129663)|HEAP_ALLOCATE|[7]|Bytes:4
23:57:35.0 (10167816)|VARIABLE_SCOPE_BEGIN|[7]|options|List<System.SelectOption>|true|false
23:57:35.0 (10192922)|HEAP_ALLOCATE|[EXTERNAL]|Bytes:4
23:57:35.0 (10205203)|VARIABLE_ASSIGNMENT|[7]|options|[]|0x69238ca4
23:57:35.0 (10211419)|STATEMENT_EXECUTE|[8]
23:57:35.0 (10214818)|HEAP_ALLOCATE|[8]|Bytes:33
23:57:35.0 (10235612)|HEAP_ALLOCATE|[8]|Bytes:4
23:57:35.0 (11271449)|SOQL_EXECUTE_BEGIN|[8]|Aggregations:0|SELECT className__C FROM Class__c
23:57:35.0 (14109982)|SOQL_EXECUTE_END|[8]|Rows:4
23:57:35.0 (14147324)|HEAP_ALLOCATE|[8]|Bytes:20
23:57:35.0 (14171981)|HEAP_ALLOCATE|[8]|Bytes:193
23:57:35.0 (14235343)|HEAP_ALLOCATE|[8]|Bytes:20
23:57:35.0 (14254896)|VARIABLE_SCOPE_BEGIN|[8]|data|List<Class__c>|true|false
23:57:35.0 (14303340)|VARIABLE_ASSIGNMENT|[8]|data|[{"className__c":"Name","Id":"a0H0o00000fIXZEEA4"},{"className__c":"L02","Id":"a0H0o00000fIXflEAG"},{"className__c":"L01","Id":"a0H0o00000fIXZYEA4"},{"className__c":"L03","Id":"a0H0o00000fIXg0EAG"}]|0x7f335fc4
23:57:35.0 (14587763)|HEAP_ALLOCATE|[9]|Bytes:5
23:57:35.0 (14616090)|HEAP_ALLOCATE|[9]|Bytes:12
23:57:35.0 (14630214)|VARIABLE_SCOPE_BEGIN|[9]|c|Class__c|true|false
23:57:35.0 (14651673)|VARIABLE_ASSIGNMENT|[9]|c|{"className__c":"Name","Id":"a0H0o00000fIXZEEA4"}|0x18d1fd18
23:57:35.0 (14660383)|STATEMENT_EXECUTE|[9]
23:57:35.0 (14662743)|STATEMENT_EXECUTE|[10]
23:57:35.0 (14671514)|HEAP_ALLOCATE|[10]|Bytes:12
23:57:35.0 (14760041)|HEAP_ALLOCATE|[10]|Bytes:4
23:57:35.0 (14792197)|HEAP_ALLOCATE|[10]|Bytes:4
23:57:35.0 (14834157)|HEAP_ALLOCATE|[EXTERNAL]|Bytes:4
23:57:35.0 (14851834)|HEAP_ALLOCATE|[9]|Bytes:5
23:57:35.0 (14864314)|HEAP_ALLOCATE|[9]|Bytes:12
23:57:35.0 (14871371)|VARIABLE_SCOPE_BEGIN|[9]|c|Class__c|true|false
23:57:35.0 (14889484)|VARIABLE_ASSIGNMENT|[9]|c|{"className__c":"L02","Id":"a0H0o00000fIXflEAG"}|0x2a995e52
23:57:35.0 (14897243)|STATEMENT_EXECUTE|[9]
23:57:35.0 (14899161)|STATEMENT_EXECUTE|[10]
23:57:35.0 (14925264)|HEAP_ALLOCATE|[10]|Bytes:3
23:57:35.0 (14948338)|HEAP_ALLOCATE|[10]|Bytes:3
23:57:35.0 (14964099)|HEAP_ALLOCATE|[EXTERNAL]|Bytes:4
23:57:35.0 (14975991)|HEAP_ALLOCATE|[9]|Bytes:5
23:57:35.0 (14986893)|HEAP_ALLOCATE|[9]|Bytes:12
23:57:35.0 (14993417)|VARIABLE_SCOPE_BEGIN|[9]|c|Class__c|true|false
23:57:35.0 (15009171)|VARIABLE_ASSIGNMENT|[9]|c|{"className__c":"L01","Id":"a0H0o00000fIXZYEA4"}|0x7698aaa6
23:57:35.0 (15017112)|STATEMENT_EXECUTE|[9]
23:57:35.0 (15018856)|STATEMENT_EXECUTE|[10]
23:57:35.0 (15039908)|HEAP_ALLOCATE|[10]|Bytes:3
23:57:35.0 (15061006)|HEAP_ALLOCATE|[10]|Bytes:3
23:57:35.0 (15075451)|HEAP_ALLOCATE|[EXTERNAL]|Bytes:4
23:57:35.0 (15086794)|HEAP_ALLOCATE|[9]|Bytes:5
23:57:35.0 (15095470)|HEAP_ALLOCATE|[9]|Bytes:12
23:57:35.0 (15100916)|VARIABLE_SCOPE_BEGIN|[9]|c|Class__c|true|false
23:57:35.0 (15123815)|VARIABLE_ASSIGNMENT|[9]|c|{"className__c":"L03","Id":"a0H0o00000fIXg0EAG"}|0xf48be2a
23:57:35.0 (15130937)|STATEMENT_EXECUTE|[9]
23:57:35.0 (15132584)|STATEMENT_EXECUTE|[10]
23:57:35.0 (15153687)|HEAP_ALLOCATE|[10]|Bytes:3
23:57:35.0 (15175685)|HEAP_ALLOCATE|[10]|Bytes:3
23:57:35.0 (15190117)|HEAP_ALLOCATE|[EXTERNAL]|Bytes:4
23:57:35.0 (15200949)|HEAP_ALLOCATE|[9]|Bytes:5
23:57:35.0 (15211320)|VARIABLE_ASSIGNMENT|[9]|c|null|
23:57:35.0 (15217084)|STATEMENT_EXECUTE|[13]
23:57:35.0 (15221712)|SYSTEM_MODE_EXIT|false
23:57:35.0 (18594427)|VF_SERIALIZE_VIEWSTATE_BEGIN|0660o000008sEYc
23:57:35.0 (34850325)|VF_SERIALIZE_VIEWSTATE_END
23:57:35.0 (35884412)|CODE_UNIT_STARTED|[EXTERNAL]|Generate Metadata
23:57:35.0 (36641038)|CODE_UNIT_FINISHED|Generate Metadata
23:57:35.39 (39032988)|CUMULATIVE_LIMIT_USAGE
23:57:35.39 (39032988)|LIMIT_USAGE_FOR_NS|(default)|
  Number of SOQL queries: 1 out of 100
  Number of query rows: 4 out of 50000
  Number of SOSL queries: 0 out of 20
  Number of DML statements: 0 out of 150
  Number of DML rows: 0 out of 10000
  Maximum CPU time: 0 out of 10000
  Maximum heap size: 0 out of 6000000
  Number of callouts: 0 out of 100
  Number of Email Invocations: 0 out of 10
  Number of future calls: 0 out of 50
  Number of queueable jobs added to the queue: 0 out of 50
  Number of Mobile Apex push calls: 0 out of 10

23:57:35.39 (39032988)|CUMULATIVE_LIMIT_USAGE_END

23:57:35.0 (39073175)|CODE_UNIT_FINISHED|VF: /apex/MainPage
23:57:35.0 (39877161)|EXECUTION_FINISHED
