36.0 APEX_CODE,FINEST;APEX_PROFILING,INFO;CALLOUT,INFO;DB,INFO;NBA,INFO;SYSTEM,DEBUG;VALIDATION,INFO;VISUALFORCE,INFO;WAVE,INFO;WORKFLOW,INFO
00:57:32.0 (396228)|USER_INFO|[EXTERNAL]|0050o00000WkyGG|ttvy@keizu.co.jp|Pacific Standard Time|GMT-07:00
00:57:32.0 (449717)|EXECUTION_STARTED
00:57:32.0 (456500)|CODE_UNIT_STARTED|[EXTERNAL]|0660o000008sbCc|VF: /apex/AddNewStudent
00:57:32.0 (591719)|VF_DESERIALIZE_VIEWSTATE_BEGIN|0660o000008sbCc
00:57:32.0 (4912635)|HEAP_ALLOCATE|[72]|Bytes:3
00:57:32.0 (4952765)|HEAP_ALLOCATE|[77]|Bytes:152
00:57:32.0 (4966691)|HEAP_ALLOCATE|[342]|Bytes:408
00:57:32.0 (4978486)|HEAP_ALLOCATE|[355]|Bytes:408
00:57:32.0 (4989717)|HEAP_ALLOCATE|[467]|Bytes:48
00:57:32.0 (5015218)|HEAP_ALLOCATE|[139]|Bytes:6
00:57:32.0 (5037931)|HEAP_ALLOCATE|[50]|Bytes:5
00:57:32.0 (5055575)|HEAP_ALLOCATE|[56]|Bytes:5
00:57:32.0 (5063403)|HEAP_ALLOCATE|[64]|Bytes:7
00:57:32.0 (5892855)|VF_DESERIALIZE_VIEWSTATE_END
00:57:32.64 (64080941)|CUMULATIVE_LIMIT_USAGE
00:57:32.64 (64080941)|LIMIT_USAGE_FOR_NS|(default)|
  Number of SOQL queries: 0 out of 100
  Number of query rows: 0 out of 50000
  Number of SOSL queries: 0 out of 20
  Number of DML statements: 0 out of 150
  Number of DML rows: 0 out of 10000
  Maximum CPU time: 0 out of 10000
  Maximum heap size: 0 out of 6000000
  Number of callouts: 0 out of 100
  Number of Email Invocations: 0 out of 10
  Number of future calls: 0 out of 50
  Number of queueable jobs added to the queue: 0 out of 50
  Number of Mobile Apex push calls: 0 out of 10

00:57:32.64 (64080941)|CUMULATIVE_LIMIT_USAGE_END

00:57:32.0 (64133730)|CODE_UNIT_FINISHED|VF: /apex/AddNewStudent
00:57:32.0 (64963648)|EXECUTION_FINISHED
