45.0 APEX_CODE,FINEST;APEX_PROFILING,INFO;CALLOUT,INFO;DB,INFO;NBA,INFO;SYSTEM,DEBUG;VALIDATION,INFO;VISUALFORCE,INFO;WAVE,INFO;WORKFLOW,INFO
Execute Anonymous: Student__c s = [SELECT id from Student__c ];
Execute Anonymous: 
Execute Anonymous: delete s;
01:46:12.1 (1384204)|USER_INFO|[EXTERNAL]|0050o00000WkyGG|ttvy@keizu.co.jp|(GMT-07:00) Pacific Daylight Time (America/Los_Angeles)|GMT-07:00
01:46:12.1 (1408444)|EXECUTION_STARTED
01:46:12.1 (1415317)|CODE_UNIT_STARTED|[EXTERNAL]|execute_anonymous_apex
01:46:12.1 (1611159)|VARIABLE_SCOPE_BEGIN|[1]|s|Student__c|true|false
01:46:12.1 (1747240)|HEAP_ALLOCATE|[72]|Bytes:3
01:46:12.1 (1792087)|HEAP_ALLOCATE|[77]|Bytes:152
01:46:12.1 (1806541)|HEAP_ALLOCATE|[342]|Bytes:408
01:46:12.1 (1819810)|HEAP_ALLOCATE|[355]|Bytes:408
01:46:12.1 (1831252)|HEAP_ALLOCATE|[467]|Bytes:48
01:46:12.1 (1856246)|HEAP_ALLOCATE|[139]|Bytes:6
01:46:12.1 (1885416)|HEAP_ALLOCATE|[EXTERNAL]|Bytes:3
01:46:12.1 (1982028)|STATEMENT_EXECUTE|[1]
01:46:12.1 (1985054)|STATEMENT_EXECUTE|[1]
01:46:12.1 (1987733)|HEAP_ALLOCATE|[1]|Bytes:25
01:46:12.1 (2016620)|HEAP_ALLOCATE|[1]|Bytes:4
01:46:12.1 (2054143)|HEAP_ALLOCATE|[50]|Bytes:5
01:46:12.1 (2078016)|HEAP_ALLOCATE|[56]|Bytes:5
01:46:12.1 (2085902)|HEAP_ALLOCATE|[64]|Bytes:7
01:46:12.1 (2286098)|SOQL_EXECUTE_BEGIN|[1]|Aggregations:0|SELECT id FROM Student__c
01:46:12.1 (18083195)|SOQL_EXECUTE_END|[1]|Rows:13
01:46:12.1 (18121933)|HEAP_ALLOCATE|[1]|Bytes:56
01:46:12.1 (18157122)|HEAP_ALLOCATE|[1]|Bytes:377
01:46:12.1 (18274747)|HEAP_ALLOCATE|[1]|Bytes:56
01:46:12.1 (18290700)|HEAP_ALLOCATE|[1]|Bytes:36
01:46:12.1 (18394476)|HEAP_ALLOCATE|[1]|Bytes:54
01:46:12.1 (18839666)|FATAL_ERROR|System.QueryException: List has more than 1 row for assignment to SObject

AnonymousBlock: line 1, column 1
01:46:12.18 (18896376)|CUMULATIVE_LIMIT_USAGE
01:46:12.18 (18896376)|LIMIT_USAGE_FOR_NS|(default)|
  Number of SOQL queries: 1 out of 100
  Number of query rows: 13 out of 50000
  Number of SOSL queries: 0 out of 20
  Number of DML statements: 0 out of 150
  Number of DML rows: 0 out of 10000
  Maximum CPU time: 0 out of 10000
  Maximum heap size: 0 out of 6000000
  Number of callouts: 0 out of 100
  Number of Email Invocations: 0 out of 10
  Number of future calls: 0 out of 50
  Number of queueable jobs added to the queue: 0 out of 50
  Number of Mobile Apex push calls: 0 out of 10

01:46:12.18 (18896376)|CUMULATIVE_LIMIT_USAGE_END

01:46:12.1 (18955485)|CODE_UNIT_FINISHED|execute_anonymous_apex
01:46:12.1 (19837202)|EXECUTION_FINISHED
