36.0 APEX_CODE,FINEST;APEX_PROFILING,INFO;CALLOUT,INFO;DB,INFO;NBA,INFO;SYSTEM,DEBUG;VALIDATION,INFO;VISUALFORCE,INFO;WAVE,INFO;WORKFLOW,INFO
23:59:36.0 (467326)|USER_INFO|[EXTERNAL]|0050o00000WkyGG|ttvy@keizu.co.jp|Pacific Standard Time|GMT-07:00
23:59:36.0 (512059)|EXECUTION_STARTED
23:59:36.0 (518716)|CODE_UNIT_STARTED|[EXTERNAL]|0660o000008sfSa|VF: /apex/StudentDetails
23:59:36.0 (1162831)|VF_DESERIALIZE_VIEWSTATE_BEGIN|0660o000008sfSa
23:59:36.0 (6881147)|HEAP_ALLOCATE|[72]|Bytes:3
23:59:36.0 (6921893)|HEAP_ALLOCATE|[77]|Bytes:152
23:59:36.0 (6936396)|HEAP_ALLOCATE|[342]|Bytes:408
23:59:36.0 (6950599)|HEAP_ALLOCATE|[355]|Bytes:408
23:59:36.0 (6964480)|HEAP_ALLOCATE|[467]|Bytes:48
23:59:36.0 (6996215)|HEAP_ALLOCATE|[139]|Bytes:6
23:59:36.0 (8181342)|VF_DESERIALIZE_VIEWSTATE_END
23:59:36.0 (8789967)|HEAP_ALLOCATE|[EXTERNAL]|Bytes:252
23:59:36.0 (8805112)|HEAP_ALLOCATE|[EXTERNAL]|Bytes:33
23:59:36.0 (8817994)|METHOD_ENTRY|[1]|01p0o00000GMTHL|StudentDetailsController.StudentDetailsController()
23:59:36.0 (8826525)|STATEMENT_EXECUTE|[1]
23:59:36.0 (8832193)|STATEMENT_EXECUTE|[1]
23:59:36.0 (8864751)|HEAP_ALLOCATE|[50]|Bytes:5
23:59:36.0 (8897462)|HEAP_ALLOCATE|[56]|Bytes:5
23:59:36.0 (8906603)|HEAP_ALLOCATE|[64]|Bytes:7
23:59:36.0 (8930342)|SYSTEM_MODE_ENTER|false
23:59:36.0 (8944503)|HEAP_ALLOCATE|[EXTERNAL]|Bytes:5
23:59:36.0 (8951636)|SYSTEM_MODE_EXIT|false
23:59:36.0 (8960414)|METHOD_EXIT|[1]|StudentDetailsController
23:59:36.0 (8969897)|HEAP_ALLOCATE|[EXTERNAL]|Bytes:40
23:59:36.0 (8986374)|VARIABLE_SCOPE_BEGIN|[46]|this|StudentDetailsController|true|false
23:59:36.0 (9123155)|VARIABLE_ASSIGNMENT|[46]|this|{"averageScoreDetails":2.0,"birthdayDetails":"5/21/2010","firstNameDetails":"b","genderDetails":"Female","lastNameDetails":"b","score1Details":2.0,"score2Details":2.0,"score3Details":2.0,"stateDetails":"Failed"}|0x56f98cb7
23:59:36.0 (9140766)|SYSTEM_MODE_ENTER|false
23:59:36.0 (9147364)|HEAP_ALLOCATE|[47]|Bytes:5
23:59:36.0 (9152192)|STATEMENT_EXECUTE|[46]
23:59:36.0 (9153998)|STATEMENT_EXECUTE|[47]
23:59:36.0 (9159525)|HEAP_ALLOCATE|[47]|Bytes:14
23:59:36.0 (9212118)|VARIABLE_SCOPE_BEGIN|[47]|pg|System.PageReference|true|false
23:59:36.0 (11891633)|VARIABLE_ASSIGNMENT|[47]|pg|"/apex/MainPage"|0x27aaba5f
23:59:36.0 (11909298)|STATEMENT_EXECUTE|[48]
23:59:36.0 (12001945)|STATEMENT_EXECUTE|[49]
23:59:36.0 (12009114)|SYSTEM_MODE_EXIT|false
23:59:36.14 (14378882)|CUMULATIVE_LIMIT_USAGE
23:59:36.14 (14378882)|LIMIT_USAGE_FOR_NS|(default)|
  Number of SOQL queries: 0 out of 100
  Number of query rows: 0 out of 50000
  Number of SOSL queries: 0 out of 20
  Number of DML statements: 0 out of 150
  Number of DML rows: 0 out of 10000
  Maximum CPU time: 0 out of 10000
  Maximum heap size: 0 out of 6000000
  Number of callouts: 0 out of 100
  Number of Email Invocations: 0 out of 10
  Number of future calls: 0 out of 50
  Number of queueable jobs added to the queue: 0 out of 50
  Number of Mobile Apex push calls: 0 out of 10

23:59:36.14 (14378882)|CUMULATIVE_LIMIT_USAGE_END

23:59:36.0 (14442851)|CODE_UNIT_FINISHED|VF: /apex/StudentDetails
23:59:36.0 (15479655)|EXECUTION_FINISHED
