36.0 APEX_CODE,FINEST;APEX_PROFILING,INFO;CALLOUT,INFO;DB,INFO;NBA,INFO;SYSTEM,DEBUG;VALIDATION,INFO;VISUALFORCE,INFO;WAVE,INFO;WORKFLOW,INFO
16:26:33.20 (20915754)|USER_INFO|[EXTERNAL]|0050o00000WkyGG|ttvy@keizu.co.jp|Indochina Time|GMT+07:00
16:26:33.20 (20965017)|EXECUTION_STARTED
16:26:33.20 (20972597)|CODE_UNIT_STARTED|[EXTERNAL]|01p0o00000GMbcn|Controller_test.setup()
16:26:33.20 (21203485)|HEAP_ALLOCATE|[72]|Bytes:3
16:26:33.20 (21235066)|HEAP_ALLOCATE|[77]|Bytes:152
16:26:33.20 (21250907)|HEAP_ALLOCATE|[342]|Bytes:408
16:26:33.20 (21266382)|HEAP_ALLOCATE|[355]|Bytes:408
16:26:33.20 (21280608)|HEAP_ALLOCATE|[467]|Bytes:48
16:26:33.20 (21307536)|HEAP_ALLOCATE|[139]|Bytes:6
16:26:33.20 (21324088)|HEAP_ALLOCATE|[EXTERNAL]|Bytes:235
16:26:33.20 (21335016)|METHOD_ENTRY|[2]|01p0o00000GMbcn|Controller_test.Controller_test()
16:26:33.20 (21340904)|STATEMENT_EXECUTE|[2]
16:26:33.20 (21345018)|STATEMENT_EXECUTE|[2]
16:26:33.20 (21348405)|METHOD_EXIT|[2]|Controller_test
16:26:33.20 (21378397)|HEAP_ALLOCATE|[50]|Bytes:5
16:26:33.20 (21396389)|HEAP_ALLOCATE|[56]|Bytes:5
16:26:33.20 (21404444)|HEAP_ALLOCATE|[64]|Bytes:7
16:26:33.20 (21437908)|STATEMENT_EXECUTE|[4]
16:26:33.20 (21440107)|STATEMENT_EXECUTE|[6]
16:26:33.20 (21524681)|HEAP_ALLOCATE|[6]|Bytes:4
16:26:33.20 (21595375)|VARIABLE_SCOPE_BEGIN|[6]|testClass|List<Class__c>|true|false
16:26:33.20 (21609713)|HEAP_ALLOCATE|[EXTERNAL]|Bytes:4
16:26:33.20 (21631646)|VARIABLE_ASSIGNMENT|[6]|testClass|[]|0x297f0e53
16:26:33.20 (21640028)|STATEMENT_EXECUTE|[7]
16:26:33.20 (21660408)|HEAP_ALLOCATE|[7]|Bytes:4
16:26:33.20 (21733682)|HEAP_ALLOCATE|[7]|Bytes:9
16:26:33.20 (21796222)|VARIABLE_ASSIGNMENT|[7]|this.className__c|"Chemistry"|0x427de610
16:26:33.20 (21855330)|HEAP_ALLOCATE|[EXTERNAL]|Bytes:4
16:26:33.20 (21866023)|STATEMENT_EXECUTE|[8]
16:26:33.20 (21917583)|DML_BEGIN|[8]|Op:Insert|Type:Class__c|Rows:1
16:26:33.20 (21951946)|HEAP_ALLOCATE|[EXTERNAL]|Bytes:8
16:26:33.20 (55601514)|DML_END|[8]
16:26:33.20 (55662797)|HEAP_ALLOCATE|[EXTERNAL]|Bytes:8
16:26:33.20 (55686609)|STATEMENT_EXECUTE|[9]
16:26:33.20 (55693540)|HEAP_ALLOCATE|[9]|Bytes:56
16:26:33.20 (55714248)|HEAP_ALLOCATE|[9]|Bytes:4
16:26:33.20 (55951312)|SOQL_EXECUTE_BEGIN|[9]|Aggregations:0|SELECT id FROM Class__c WHERE className__c = 'Chemistry'
16:26:33.20 (61358469)|SOQL_EXECUTE_END|[9]|Rows:1
16:26:33.20 (61390135)|HEAP_ALLOCATE|[9]|Bytes:8
16:26:33.20 (61408422)|HEAP_ALLOCATE|[9]|Bytes:29
16:26:33.20 (61444175)|HEAP_ALLOCATE|[9]|Bytes:8
16:26:33.20 (61458625)|HEAP_ALLOCATE|[9]|Bytes:34
16:26:33.20 (61476605)|HEAP_ALLOCATE|[9]|Bytes:8
16:26:33.20 (61487695)|VARIABLE_SCOPE_BEGIN|[9]|classMath|Class__c|true|false
16:26:33.20 (61519449)|VARIABLE_ASSIGNMENT|[9]|classMath|{"Id":"a0H0o00000fKaFeEAK"}|0x474903cb
16:26:33.20 (61526098)|STATEMENT_EXECUTE|[10]
16:26:33.20 (61583035)|HEAP_ALLOCATE|[10]|Bytes:4
16:26:33.20 (61650464)|VARIABLE_SCOPE_BEGIN|[10]|testStudent|List<Student__c>|true|false
16:26:33.20 (61660623)|HEAP_ALLOCATE|[EXTERNAL]|Bytes:4
16:26:33.20 (61675106)|VARIABLE_ASSIGNMENT|[10]|testStudent|[]|0x3b974d4c
16:26:33.20 (61687243)|STATEMENT_EXECUTE|[11]
16:26:33.20 (61770989)|HEAP_ALLOCATE|[11]|Bytes:31
16:26:33.20 (61911006)|FATAL_ERROR|System.ListException: List index out of bounds: 1

Class.Controller_test.setup: line 11, column 1
16:26:33.20 (61922160)|FATAL_ERROR|System.ListException: List index out of bounds: 1

Class.Controller_test.setup: line 11, column 1
16:26:33.61 (61929133)|CUMULATIVE_LIMIT_USAGE
16:26:33.61 (61929133)|LIMIT_USAGE_FOR_NS|(default)|
  Number of SOQL queries: 1 out of 100
  Number of query rows: 1 out of 50000
  Number of SOSL queries: 0 out of 20
  Number of DML statements: 1 out of 150
  Number of DML rows: 1 out of 10000
  Maximum CPU time: 0 out of 10000
  Maximum heap size: 0 out of 6000000
  Number of callouts: 0 out of 100
  Number of Email Invocations: 0 out of 10
  Number of future calls: 0 out of 50
  Number of queueable jobs added to the queue: 0 out of 50
  Number of Mobile Apex push calls: 0 out of 10

16:26:33.61 (61929133)|CUMULATIVE_LIMIT_USAGE_END

16:26:33.20 (61970312)|CODE_UNIT_FINISHED|Controller_test.setup()
16:26:33.20 (63063609)|EXECUTION_FINISHED
