36.0 APEX_CODE,FINEST;APEX_PROFILING,INFO;CALLOUT,INFO;DB,INFO;NBA,INFO;SYSTEM,DEBUG;VALIDATION,INFO;VISUALFORCE,INFO;WAVE,INFO;WORKFLOW,INFO
01:17:30.2 (2111125)|USER_INFO|[EXTERNAL]|0050o00000WkyGG|ttvy@keizu.co.jp|Pacific Standard Time|GMT-07:00
01:17:30.2 (2176410)|EXECUTION_STARTED
01:17:30.2 (2186145)|CODE_UNIT_STARTED|[EXTERNAL]|0660o000008sEYc|VF: /apex/MainPage
01:17:30.2 (2809972)|VF_DESERIALIZE_VIEWSTATE_BEGIN|0660o000008sEYc
01:17:30.2 (15811824)|VF_DESERIALIZE_VIEWSTATE_END
01:17:30.2 (17680385)|SYSTEM_MODE_ENTER|true
01:17:30.2 (17828388)|HEAP_ALLOCATE|[72]|Bytes:3
01:17:30.2 (17893288)|HEAP_ALLOCATE|[77]|Bytes:152
01:17:30.2 (17919829)|HEAP_ALLOCATE|[342]|Bytes:408
01:17:30.2 (17941291)|HEAP_ALLOCATE|[355]|Bytes:408
01:17:30.2 (17958422)|HEAP_ALLOCATE|[467]|Bytes:48
01:17:30.2 (18003180)|HEAP_ALLOCATE|[139]|Bytes:6
01:17:30.2 (18037912)|HEAP_ALLOCATE|[EXTERNAL]|Bytes:23
01:17:30.2 (18051599)|HEAP_ALLOCATE|[EXTERNAL]|Bytes:368
01:17:30.2 (18059131)|HEAP_ALLOCATE|[EXTERNAL]|Bytes:63
01:17:30.2 (18066535)|HEAP_ALLOCATE|[EXTERNAL]|Bytes:6
01:17:30.2 (18083533)|METHOD_ENTRY|[1]|01p0o00000GLKhZ|Controller.Controller()
01:17:30.2 (18093489)|STATEMENT_EXECUTE|[1]
01:17:30.2 (18100791)|STATEMENT_EXECUTE|[1]
01:17:30.2 (18137880)|HEAP_ALLOCATE|[50]|Bytes:5
01:17:30.2 (18177006)|HEAP_ALLOCATE|[56]|Bytes:5
01:17:30.2 (18191425)|HEAP_ALLOCATE|[64]|Bytes:7
01:17:30.2 (18214896)|SYSTEM_MODE_ENTER|false
01:17:30.2 (18238718)|HEAP_ALLOCATE|[EXTERNAL]|Bytes:5
01:17:30.2 (18247712)|STATEMENT_EXECUTE|[17]
01:17:30.2 (18250588)|STATEMENT_EXECUTE|[24]
01:17:30.2 (18258656)|SYSTEM_MODE_EXIT|false
01:17:30.2 (18271491)|METHOD_EXIT|[1]|Controller
01:17:30.2 (18618026)|SYSTEM_MODE_ENTER|true
01:17:30.2 (19022618)|HEAP_ALLOCATE|[EXTERNAL]|Bytes:64
01:17:30.2 (19046126)|VARIABLE_SCOPE_BEGIN|[43]|this|Controller|true|false
01:17:30.2 (19191142)|VARIABLE_ASSIGNMENT|[43]|this|{}|0x52ef7b3e
01:17:30.2 (19219665)|SYSTEM_MODE_ENTER|false
01:17:30.2 (19236151)|HEAP_ALLOCATE|[44]|Bytes:5
01:17:30.2 (19246461)|STATEMENT_EXECUTE|[43]
01:17:30.2 (19249470)|STATEMENT_EXECUTE|[44]
01:17:30.2 (19283886)|HEAP_ALLOCATE|[44]|Bytes:4
01:17:30.2 (19360556)|VARIABLE_SCOPE_BEGIN|[44]|options|List<System.SelectOption>|true|false
01:17:30.2 (19435078)|HEAP_ALLOCATE|[EXTERNAL]|Bytes:4
01:17:30.2 (19453530)|VARIABLE_ASSIGNMENT|[44]|options|[]|0x288dea4
01:17:30.2 (19464261)|STATEMENT_EXECUTE|[45]
01:17:30.2 (19470340)|HEAP_ALLOCATE|[45]|Bytes:33
01:17:30.2 (19505109)|HEAP_ALLOCATE|[45]|Bytes:4
01:17:30.2 (21662006)|SOQL_EXECUTE_BEGIN|[45]|Aggregations:0|SELECT className__C FROM Class__c
01:17:30.2 (25116450)|SOQL_EXECUTE_END|[45]|Rows:4
01:17:30.2 (25173986)|HEAP_ALLOCATE|[45]|Bytes:20
01:17:30.2 (25212494)|HEAP_ALLOCATE|[45]|Bytes:193
01:17:30.2 (25361335)|HEAP_ALLOCATE|[45]|Bytes:20
01:17:30.2 (25404346)|VARIABLE_SCOPE_BEGIN|[45]|data|List<Class__c>|true|false
01:17:30.2 (25470096)|VARIABLE_ASSIGNMENT|[45]|data|[{"className__c":"Name","Id":"a0H0o00000fIXZEEA4"},{"className__c":"L02","Id":"a0H0o00000fIXflEAG"},{"className__c":"L01","Id":"a0H0o00000fIXZYEA4"},{"className__c":"L03","Id":"a0H0o00000fIXg0EAG"}]|0x67fa8f06
01:17:30.2 (25865017)|HEAP_ALLOCATE|[46]|Bytes:5
01:17:30.2 (25953333)|HEAP_ALLOCATE|[46]|Bytes:12
01:17:30.2 (25974246)|VARIABLE_SCOPE_BEGIN|[46]|c|Class__c|true|false
01:17:30.2 (26010342)|VARIABLE_ASSIGNMENT|[46]|c|{"className__c":"Name","Id":"a0H0o00000fIXZEEA4"}|0x10fe0986
01:17:30.2 (26025660)|STATEMENT_EXECUTE|[46]
01:17:30.2 (26029355)|STATEMENT_EXECUTE|[47]
01:17:30.2 (26044954)|HEAP_ALLOCATE|[47]|Bytes:12
01:17:30.2 (26207500)|HEAP_ALLOCATE|[47]|Bytes:4
01:17:30.2 (26280324)|HEAP_ALLOCATE|[47]|Bytes:4
01:17:30.2 (26358862)|HEAP_ALLOCATE|[EXTERNAL]|Bytes:4
01:17:30.2 (26397469)|HEAP_ALLOCATE|[46]|Bytes:5
01:17:30.2 (26421011)|HEAP_ALLOCATE|[46]|Bytes:12
01:17:30.2 (26435132)|VARIABLE_SCOPE_BEGIN|[46]|c|Class__c|true|false
01:17:30.2 (26468492)|VARIABLE_ASSIGNMENT|[46]|c|{"className__c":"L02","Id":"a0H0o00000fIXflEAG"}|0x1248b8e2
01:17:30.2 (26482824)|STATEMENT_EXECUTE|[46]
01:17:30.2 (26485863)|STATEMENT_EXECUTE|[47]
01:17:30.2 (26542426)|HEAP_ALLOCATE|[47]|Bytes:3
01:17:30.2 (26597853)|HEAP_ALLOCATE|[47]|Bytes:3
01:17:30.2 (26626852)|HEAP_ALLOCATE|[EXTERNAL]|Bytes:4
01:17:30.2 (26649574)|HEAP_ALLOCATE|[46]|Bytes:5
01:17:30.2 (26668431)|HEAP_ALLOCATE|[46]|Bytes:12
01:17:30.2 (26679049)|VARIABLE_SCOPE_BEGIN|[46]|c|Class__c|true|false
01:17:30.2 (26705034)|VARIABLE_ASSIGNMENT|[46]|c|{"className__c":"L01","Id":"a0H0o00000fIXZYEA4"}|0x4a084a49
01:17:30.2 (26717355)|STATEMENT_EXECUTE|[46]
01:17:30.2 (26720061)|STATEMENT_EXECUTE|[47]
01:17:30.2 (26767757)|HEAP_ALLOCATE|[47]|Bytes:3
01:17:30.2 (26820253)|HEAP_ALLOCATE|[47]|Bytes:3
01:17:30.2 (26847697)|HEAP_ALLOCATE|[EXTERNAL]|Bytes:4
01:17:30.2 (26868744)|HEAP_ALLOCATE|[46]|Bytes:5
01:17:30.2 (26885976)|HEAP_ALLOCATE|[46]|Bytes:12
01:17:30.2 (26897712)|VARIABLE_SCOPE_BEGIN|[46]|c|Class__c|true|false
01:17:30.2 (26923694)|VARIABLE_ASSIGNMENT|[46]|c|{"className__c":"L03","Id":"a0H0o00000fIXg0EAG"}|0x2328803a
01:17:30.2 (26934779)|STATEMENT_EXECUTE|[46]
01:17:30.2 (26937206)|STATEMENT_EXECUTE|[47]
01:17:30.2 (26985385)|HEAP_ALLOCATE|[47]|Bytes:3
01:17:30.2 (27038874)|HEAP_ALLOCATE|[47]|Bytes:3
01:17:30.2 (27067240)|HEAP_ALLOCATE|[EXTERNAL]|Bytes:4
01:17:30.2 (27088062)|HEAP_ALLOCATE|[46]|Bytes:5
01:17:30.2 (27109104)|VARIABLE_ASSIGNMENT|[46]|c|null|
01:17:30.2 (27119868)|STATEMENT_EXECUTE|[50]
01:17:30.2 (27131535)|SYSTEM_MODE_EXIT|false
01:17:30.2 (28193910)|HEAP_ALLOCATE|[EXTERNAL]|Bytes:64
01:17:30.2 (28222740)|VARIABLE_SCOPE_BEGIN|[32]|this|Controller|true|false
01:17:30.2 (28300917)|VARIABLE_ASSIGNMENT|[32]|this|{}|0x52ef7b3e
01:17:30.2 (28330522)|SYSTEM_MODE_ENTER|false
01:17:30.2 (28343890)|HEAP_ALLOCATE|[33]|Bytes:5
01:17:30.2 (28352535)|STATEMENT_EXECUTE|[32]
01:17:30.2 (28355985)|STATEMENT_EXECUTE|[33]
01:17:30.2 (28371385)|HEAP_ALLOCATE|[33]|Bytes:19
01:17:30.2 (28431594)|VARIABLE_SCOPE_BEGIN|[33]|pr|System.PageReference|true|false
01:17:30.2 (30857639)|VARIABLE_ASSIGNMENT|[33]|pr|"/apex/AddNewStudent"|0x66d02ab6
01:17:30.2 (30900598)|STATEMENT_EXECUTE|[34]
01:17:30.2 (31057809)|STATEMENT_EXECUTE|[35]
01:17:30.2 (31084583)|SYSTEM_MODE_EXIT|false
01:17:30.33 (33192869)|CUMULATIVE_LIMIT_USAGE
01:17:30.33 (33192869)|LIMIT_USAGE_FOR_NS|(default)|
  Number of SOQL queries: 1 out of 100
  Number of query rows: 4 out of 50000
  Number of SOSL queries: 0 out of 20
  Number of DML statements: 0 out of 150
  Number of DML rows: 0 out of 10000
  Maximum CPU time: 0 out of 10000
  Maximum heap size: 0 out of 6000000
  Number of callouts: 0 out of 100
  Number of Email Invocations: 0 out of 10
  Number of future calls: 0 out of 50
  Number of queueable jobs added to the queue: 0 out of 50
  Number of Mobile Apex push calls: 0 out of 10

01:17:30.33 (33192869)|CUMULATIVE_LIMIT_USAGE_END

01:17:30.2 (33269579)|CODE_UNIT_FINISHED|VF: /apex/MainPage
01:17:30.2 (34247187)|EXECUTION_FINISHED
