36.0 APEX_CODE,FINEST;APEX_PROFILING,INFO;CALLOUT,INFO;DB,INFO;NBA,INFO;SYSTEM,DEBUG;VALIDATION,INFO;VISUALFORCE,INFO;WAVE,INFO;WORKFLOW,INFO
15:06:12.0 (418567)|USER_INFO|[EXTERNAL]|0050o00000WkyGG|ttvy@keizu.co.jp|Indochina Time|GMT+07:00
15:06:12.0 (462970)|EXECUTION_STARTED
15:06:12.0 (467557)|CODE_UNIT_STARTED|[EXTERNAL]|01p0o00000GMf1q|StudentDetailsControllerTest.setup()
15:06:12.0 (714559)|HEAP_ALLOCATE|[72]|Bytes:3
15:06:12.0 (772219)|HEAP_ALLOCATE|[77]|Bytes:152
15:06:12.0 (788434)|HEAP_ALLOCATE|[342]|Bytes:408
15:06:12.0 (802503)|HEAP_ALLOCATE|[355]|Bytes:408
15:06:12.0 (815763)|HEAP_ALLOCATE|[467]|Bytes:48
15:06:12.0 (841410)|HEAP_ALLOCATE|[139]|Bytes:6
15:06:12.0 (858565)|HEAP_ALLOCATE|[EXTERNAL]|Bytes:50
15:06:12.0 (871067)|METHOD_ENTRY|[2]|01p0o00000GMf1q|StudentDetailsControllerTest.StudentDetailsControllerTest()
15:06:12.0 (877377)|STATEMENT_EXECUTE|[2]
15:06:12.0 (881734)|STATEMENT_EXECUTE|[2]
15:06:12.0 (885221)|METHOD_EXIT|[2]|StudentDetailsControllerTest
15:06:12.0 (914998)|HEAP_ALLOCATE|[50]|Bytes:5
15:06:12.0 (934668)|HEAP_ALLOCATE|[56]|Bytes:5
15:06:12.0 (942536)|HEAP_ALLOCATE|[64]|Bytes:7
15:06:12.0 (981933)|STATEMENT_EXECUTE|[4]
15:06:12.0 (984086)|STATEMENT_EXECUTE|[6]
15:06:12.0 (1072262)|HEAP_ALLOCATE|[6]|Bytes:4
15:06:12.0 (1182743)|VARIABLE_SCOPE_BEGIN|[6]|testClass|List<Class__c>|true|false
15:06:12.0 (1205393)|HEAP_ALLOCATE|[EXTERNAL]|Bytes:4
15:06:12.0 (1234621)|VARIABLE_ASSIGNMENT|[6]|testClass|[]|0x3c3bc93b
15:06:12.0 (1242290)|STATEMENT_EXECUTE|[7]
15:06:12.0 (1269550)|HEAP_ALLOCATE|[7]|Bytes:4
15:06:12.0 (1348525)|HEAP_ALLOCATE|[7]|Bytes:7
15:06:12.0 (1421295)|VARIABLE_ASSIGNMENT|[7]|this.className__c|"English"|0x66fd7ce2
15:06:12.0 (1488315)|HEAP_ALLOCATE|[EXTERNAL]|Bytes:4
15:06:12.0 (1499740)|STATEMENT_EXECUTE|[8]
15:06:12.0 (1517411)|HEAP_ALLOCATE|[8]|Bytes:4
15:06:12.0 (1528181)|HEAP_ALLOCATE|[8]|Bytes:4
15:06:12.0 (1566633)|VARIABLE_ASSIGNMENT|[8]|this.className__c|"Math"|0x544c4efc
15:06:12.0 (1608459)|HEAP_ALLOCATE|[EXTERNAL]|Bytes:4
15:06:12.0 (1622581)|STATEMENT_EXECUTE|[9]
15:06:12.0 (1644721)|HEAP_ALLOCATE|[9]|Bytes:4
15:06:12.0 (1657343)|HEAP_ALLOCATE|[9]|Bytes:7
15:06:12.0 (1703293)|VARIABLE_ASSIGNMENT|[9]|this.className__c|"Physics"|0x4a02c496
15:06:12.0 (1748018)|HEAP_ALLOCATE|[EXTERNAL]|Bytes:4
15:06:12.0 (1756904)|STATEMENT_EXECUTE|[10]
15:06:12.0 (1770571)|HEAP_ALLOCATE|[10]|Bytes:4
15:06:12.0 (1779440)|HEAP_ALLOCATE|[10]|Bytes:9
15:06:12.0 (1810914)|VARIABLE_ASSIGNMENT|[10]|this.className__c|"Chemistry"|0x2bdc8c60
15:06:12.0 (1841044)|HEAP_ALLOCATE|[EXTERNAL]|Bytes:4
15:06:12.0 (1848571)|STATEMENT_EXECUTE|[11]
15:06:12.0 (1894076)|DML_BEGIN|[11]|Op:Insert|Type:Class__c|Rows:4
15:06:12.0 (1922970)|HEAP_ALLOCATE|[EXTERNAL]|Bytes:20
15:06:12.0 (46790180)|DML_END|[11]
15:06:12.0 (46869256)|HEAP_ALLOCATE|[EXTERNAL]|Bytes:20
15:06:12.0 (46888306)|STATEMENT_EXECUTE|[12]
15:06:12.0 (46895997)|HEAP_ALLOCATE|[12]|Bytes:56
15:06:12.0 (46915592)|HEAP_ALLOCATE|[12]|Bytes:4
15:06:12.0 (47165780)|SOQL_EXECUTE_BEGIN|[12]|Aggregations:0|SELECT id FROM Class__c WHERE className__c = 'Chemistry'
15:06:12.0 (54458954)|SOQL_EXECUTE_END|[12]|Rows:1
15:06:12.0 (54494786)|HEAP_ALLOCATE|[12]|Bytes:8
15:06:12.0 (54514930)|HEAP_ALLOCATE|[12]|Bytes:29
15:06:12.0 (54570122)|HEAP_ALLOCATE|[12]|Bytes:8
15:06:12.0 (54587343)|HEAP_ALLOCATE|[12]|Bytes:34
15:06:12.0 (54617965)|HEAP_ALLOCATE|[12]|Bytes:8
15:06:12.0 (54628029)|VARIABLE_SCOPE_BEGIN|[12]|classMath|Class__c|true|false
15:06:12.0 (54661286)|VARIABLE_ASSIGNMENT|[12]|classMath|{"Id":"a0H0o00000fKjubEAC"}|0x30858e8
15:06:12.0 (54670735)|STATEMENT_EXECUTE|[13]
15:06:12.0 (54733434)|HEAP_ALLOCATE|[13]|Bytes:4
15:06:12.0 (54811476)|VARIABLE_SCOPE_BEGIN|[13]|testStudent|List<Student__c>|true|false
15:06:12.0 (54823137)|HEAP_ALLOCATE|[EXTERNAL]|Bytes:4
15:06:12.0 (54834972)|VARIABLE_ASSIGNMENT|[13]|testStudent|[]|0x32e8d16c
15:06:12.0 (54840930)|STATEMENT_EXECUTE|[14]
15:06:12.0 (54881995)|HEAP_ALLOCATE|[14]|Bytes:12
15:06:12.0 (54953781)|USER_DEBUG|[14]|DEBUG|a0H0o00000fKjuZEAS
15:06:12.0 (54963944)|STATEMENT_EXECUTE|[15]
15:06:12.0 (54983611)|HEAP_ALLOCATE|[15]|Bytes:4
15:06:12.0 (55057271)|HEAP_ALLOCATE|[15]|Bytes:11
15:06:12.0 (55114421)|VARIABLE_ASSIGNMENT|[15]|this.Name|"truong vy 1"|0x733ef5ab
15:06:12.0 (55123138)|HEAP_ALLOCATE|[16]|Bytes:4
15:06:12.0 (55155738)|VARIABLE_ASSIGNMENT|[15]|this.Namef__c|"vy 1"|0x733ef5ab
15:06:12.0 (55163233)|HEAP_ALLOCATE|[17]|Bytes:6
15:06:12.0 (55188326)|VARIABLE_ASSIGNMENT|[15]|this.Namel__c|"truong"|0x733ef5ab
15:06:12.0 (55217114)|VARIABLE_ASSIGNMENT|[15]|this.Gender__c|true|0x733ef5ab
15:06:12.0 (55279463)|HEAP_ALLOCATE|[19]|Bytes:4
15:06:12.0 (55443152)|VARIABLE_ASSIGNMENT|[15]|this.Birthday__c|"2011-03-21T00:00:00.000Z"|0x733ef5ab
15:06:12.0 (55485673)|HEAP_ALLOCATE|[15]|Bytes:28
15:06:12.0 (55491053)|HEAP_ALLOCATE|[15]|Bytes:28
15:06:12.0 (55529694)|VARIABLE_ASSIGNMENT|[15]|this.Score1__c|4|0x733ef5ab
15:06:12.0 (55542381)|HEAP_ALLOCATE|[15]|Bytes:28
15:06:12.0 (55546629)|HEAP_ALLOCATE|[15]|Bytes:28
15:06:12.0 (55572602)|VARIABLE_ASSIGNMENT|[15]|this.Score2__c|7|0x733ef5ab
15:06:12.0 (55583613)|HEAP_ALLOCATE|[15]|Bytes:28
15:06:12.0 (55587999)|HEAP_ALLOCATE|[15]|Bytes:28
15:06:12.0 (55619060)|VARIABLE_ASSIGNMENT|[15]|this.Score3__c|9|0x733ef5ab
15:06:12.0 (55680936)|VARIABLE_ASSIGNMENT|[15]|this.Class__c|"a0H0o00000fKjubEAC"|0x733ef5ab
15:06:12.0 (55736567)|HEAP_ALLOCATE|[EXTERNAL]|Bytes:4
15:06:12.0 (55746964)|STATEMENT_EXECUTE|[25]
15:06:12.0 (55764334)|HEAP_ALLOCATE|[25]|Bytes:4
15:06:12.0 (55774874)|HEAP_ALLOCATE|[25]|Bytes:11
15:06:12.0 (55808897)|VARIABLE_ASSIGNMENT|[25]|this.Name|"truong vy 2"|0x270ddbf3
15:06:12.0 (55816711)|HEAP_ALLOCATE|[26]|Bytes:4
15:06:12.0 (55841403)|VARIABLE_ASSIGNMENT|[25]|this.Namef__c|"vy 2"|0x270ddbf3
15:06:12.0 (55864660)|VARIABLE_ASSIGNMENT|[25]|this.Namel__c|"truong"|0x270ddbf3
15:06:12.0 (55887781)|VARIABLE_ASSIGNMENT|[25]|this.Gender__c|true|0x270ddbf3
15:06:12.0 (55927353)|HEAP_ALLOCATE|[29]|Bytes:4
15:06:12.0 (55968762)|VARIABLE_ASSIGNMENT|[25]|this.Birthday__c|"2011-03-21T00:00:00.000Z"|0x270ddbf3
15:06:12.0 (55983488)|HEAP_ALLOCATE|[25]|Bytes:28
15:06:12.0 (55987707)|HEAP_ALLOCATE|[25]|Bytes:28
15:06:12.0 (56023825)|VARIABLE_ASSIGNMENT|[25]|this.Score1__c|4|0x270ddbf3
15:06:12.0 (56035289)|HEAP_ALLOCATE|[25]|Bytes:28
15:06:12.0 (56039276)|HEAP_ALLOCATE|[25]|Bytes:28
15:06:12.0 (56061729)|VARIABLE_ASSIGNMENT|[25]|this.Score2__c|7|0x270ddbf3
15:06:12.0 (56071472)|HEAP_ALLOCATE|[25]|Bytes:28
15:06:12.0 (56075372)|HEAP_ALLOCATE|[25]|Bytes:28
15:06:12.0 (56098342)|VARIABLE_ASSIGNMENT|[25]|this.Score3__c|9|0x270ddbf3
15:06:12.0 (56137833)|VARIABLE_ASSIGNMENT|[25]|this.Class__c|"a0H0o00000fKjubEAC"|0x270ddbf3
15:06:12.0 (56176071)|HEAP_ALLOCATE|[EXTERNAL]|Bytes:4
15:06:12.0 (56184618)|STATEMENT_EXECUTE|[35]
15:06:12.0 (56200389)|HEAP_ALLOCATE|[35]|Bytes:4
15:06:12.0 (56209913)|HEAP_ALLOCATE|[35]|Bytes:11
15:06:12.0 (56241604)|VARIABLE_ASSIGNMENT|[35]|this.Name|"truong vy 3"|0x32696186
15:06:12.0 (56249482)|HEAP_ALLOCATE|[36]|Bytes:4
15:06:12.0 (56275069)|VARIABLE_ASSIGNMENT|[35]|this.Namef__c|"vy 3"|0x32696186
15:06:12.0 (56297570)|VARIABLE_ASSIGNMENT|[35]|this.Namel__c|"truong"|0x32696186
15:06:12.0 (56320419)|VARIABLE_ASSIGNMENT|[35]|this.Gender__c|true|0x32696186
15:06:12.0 (56356072)|HEAP_ALLOCATE|[39]|Bytes:4
15:06:12.0 (56395580)|VARIABLE_ASSIGNMENT|[35]|this.Birthday__c|"2011-03-21T00:00:00.000Z"|0x32696186
15:06:12.0 (56409239)|HEAP_ALLOCATE|[35]|Bytes:28
15:06:12.0 (56413552)|HEAP_ALLOCATE|[35]|Bytes:28
15:06:12.0 (56437346)|VARIABLE_ASSIGNMENT|[35]|this.Score1__c|4|0x32696186
15:06:12.0 (56447955)|HEAP_ALLOCATE|[35]|Bytes:28
15:06:12.0 (56452323)|HEAP_ALLOCATE|[35]|Bytes:28
15:06:12.0 (56473263)|VARIABLE_ASSIGNMENT|[35]|this.Score2__c|7|0x32696186
15:06:12.0 (56482631)|HEAP_ALLOCATE|[35]|Bytes:28
15:06:12.0 (56486682)|HEAP_ALLOCATE|[35]|Bytes:28
15:06:12.0 (56508024)|VARIABLE_ASSIGNMENT|[35]|this.Score3__c|9|0x32696186
15:06:12.0 (56545515)|VARIABLE_ASSIGNMENT|[35]|this.Class__c|"a0H0o00000fKjubEAC"|0x32696186
15:06:12.0 (56580109)|HEAP_ALLOCATE|[EXTERNAL]|Bytes:4
15:06:12.0 (56588461)|STATEMENT_EXECUTE|[45]
15:06:12.0 (56609735)|HEAP_ALLOCATE|[45]|Bytes:4
15:06:12.0 (56618549)|HEAP_ALLOCATE|[45]|Bytes:11
15:06:12.0 (56649939)|VARIABLE_ASSIGNMENT|[45]|this.Name|"truong vy 4"|0x3af1f9e8
15:06:12.0 (56657711)|HEAP_ALLOCATE|[46]|Bytes:4
15:06:12.0 (56680443)|VARIABLE_ASSIGNMENT|[45]|this.Namef__c|"vy 4"|0x3af1f9e8
15:06:12.0 (56703626)|VARIABLE_ASSIGNMENT|[45]|this.Namel__c|"truong"|0x3af1f9e8
15:06:12.0 (56726824)|VARIABLE_ASSIGNMENT|[45]|this.Gender__c|true|0x3af1f9e8
15:06:12.0 (56761309)|HEAP_ALLOCATE|[49]|Bytes:4
15:06:12.0 (56801944)|VARIABLE_ASSIGNMENT|[45]|this.Birthday__c|"2011-03-21T00:00:00.000Z"|0x3af1f9e8
15:06:12.0 (56815584)|HEAP_ALLOCATE|[45]|Bytes:28
15:06:12.0 (56819753)|HEAP_ALLOCATE|[45]|Bytes:28
15:06:12.0 (56844023)|VARIABLE_ASSIGNMENT|[45]|this.Score1__c|4|0x3af1f9e8
15:06:12.0 (56854149)|HEAP_ALLOCATE|[45]|Bytes:28
15:06:12.0 (56858345)|HEAP_ALLOCATE|[45]|Bytes:28
15:06:12.0 (56880314)|VARIABLE_ASSIGNMENT|[45]|this.Score2__c|7|0x3af1f9e8
15:06:12.0 (56889835)|HEAP_ALLOCATE|[45]|Bytes:28
15:06:12.0 (56893581)|HEAP_ALLOCATE|[45]|Bytes:28
15:06:12.0 (56915995)|VARIABLE_ASSIGNMENT|[45]|this.Score3__c|0|0x3af1f9e8
15:06:12.0 (56961096)|VARIABLE_ASSIGNMENT|[45]|this.Class__c|"a0H0o00000fKjubEAC"|0x3af1f9e8
15:06:12.0 (56995107)|HEAP_ALLOCATE|[EXTERNAL]|Bytes:4
15:06:12.0 (57002858)|STATEMENT_EXECUTE|[55]
15:06:12.0 (57018504)|HEAP_ALLOCATE|[55]|Bytes:4
15:06:12.0 (57027462)|HEAP_ALLOCATE|[55]|Bytes:11
15:06:12.0 (57057566)|VARIABLE_ASSIGNMENT|[55]|this.Name|"truong vy 5"|0x199c13e
15:06:12.0 (57064788)|HEAP_ALLOCATE|[56]|Bytes:4
15:06:12.0 (57090123)|VARIABLE_ASSIGNMENT|[55]|this.Namef__c|"vy 5"|0x199c13e
15:06:12.0 (57112899)|VARIABLE_ASSIGNMENT|[55]|this.Namel__c|"truong"|0x199c13e
15:06:12.0 (57134956)|VARIABLE_ASSIGNMENT|[55]|this.Gender__c|true|0x199c13e
15:06:12.0 (57167628)|HEAP_ALLOCATE|[59]|Bytes:4
15:06:12.0 (57206289)|VARIABLE_ASSIGNMENT|[55]|this.Birthday__c|"2011-03-21T00:00:00.000Z"|0x199c13e
15:06:12.0 (57219088)|HEAP_ALLOCATE|[55]|Bytes:28
15:06:12.0 (57223295)|HEAP_ALLOCATE|[55]|Bytes:28
15:06:12.0 (57247819)|VARIABLE_ASSIGNMENT|[55]|this.Score1__c|4|0x199c13e
15:06:12.0 (57258433)|HEAP_ALLOCATE|[55]|Bytes:28
15:06:12.0 (57262332)|HEAP_ALLOCATE|[55]|Bytes:28
15:06:12.0 (57283585)|VARIABLE_ASSIGNMENT|[55]|this.Score2__c|0|0x199c13e
15:06:12.0 (57293349)|HEAP_ALLOCATE|[55]|Bytes:28
15:06:12.0 (57297259)|HEAP_ALLOCATE|[55]|Bytes:28
15:06:12.0 (57318645)|VARIABLE_ASSIGNMENT|[55]|this.Score3__c|9|0x199c13e
15:06:12.0 (57355084)|VARIABLE_ASSIGNMENT|[55]|this.Class__c|"a0H0o00000fKjubEAC"|0x199c13e
15:06:12.0 (57388360)|HEAP_ALLOCATE|[EXTERNAL]|Bytes:4
15:06:12.0 (57395832)|STATEMENT_EXECUTE|[64]
15:06:12.0 (57440306)|DML_BEGIN|[64]|Op:Insert|Type:Student__c|Rows:5
15:06:12.0 (57481903)|HEAP_ALLOCATE|[EXTERNAL]|Bytes:24
15:06:12.0 (63148724)|CODE_UNIT_STARTED|[EXTERNAL]|01q0o000000jKrN|triggerStudent on Student trigger event BeforeInsert|__sfdc_trigger/triggerStudent
15:06:12.0 (63232980)|HEAP_ALLOCATE|[EXTERNAL]|Bytes:24
15:06:12.0 (65731550)|HEAP_ALLOCATE|[EXTERNAL]|Bytes:8
15:06:12.0 (65754804)|VARIABLE_SCOPE_BEGIN|[1]|this|triggerStudent|true|false
15:06:12.0 (65806013)|VARIABLE_ASSIGNMENT|[1]|this|{}|0x743499a5
15:06:12.0 (65879086)|HEAP_ALLOCATE|[EXTERNAL]|Bytes:8
15:06:12.0 (65926582)|VARIABLE_SCOPE_BEGIN|[1]|this|triggerStudent|true|false
15:06:12.0 (65955667)|VARIABLE_ASSIGNMENT|[1]|this|{}|0x743499a5
15:06:12.0 (65968142)|STATEMENT_EXECUTE|[1]
15:06:12.0 (65971497)|STATEMENT_EXECUTE|[3]
15:06:12.0 (65981756)|HEAP_ALLOCATE|[3]|Bytes:15
15:06:12.0 (65991141)|HEAP_ALLOCATE|[3]|Bytes:20
15:06:12.0 (65995552)|HEAP_ALLOCATE|[3]|Bytes:6
15:06:12.0 (66033511)|METHOD_ENTRY|[1]|01p0o00000GMOB6|TriggerHandle.TriggerHandle()
15:06:12.0 (66040378)|STATEMENT_EXECUTE|[1]
15:06:12.0 (66044440)|STATEMENT_EXECUTE|[1]
15:06:12.0 (66583724)|SYSTEM_MODE_ENTER|false
15:06:12.0 (66608896)|HEAP_ALLOCATE|[3]|Bytes:5
15:06:12.0 (66617343)|STATEMENT_EXECUTE|[230]
15:06:12.0 (66622563)|SYSTEM_MODE_EXIT|false
15:06:12.0 (66634795)|METHOD_EXIT|[1]|TriggerHandle
15:06:12.0 (66650637)|HEAP_ALLOCATE|[3]|Bytes:4
15:06:12.0 (66668482)|CONSTRUCTOR_ENTRY|[3]|01p0o00000GMOB6|<init>()|TriggerHandle
15:06:12.0 (66697798)|VARIABLE_SCOPE_BEGIN|[3]|this|TriggerHandle|true|false
15:06:12.0 (66720944)|VARIABLE_ASSIGNMENT|[3]|this|{}|0x7e7292e4
15:06:12.0 (66736072)|SYSTEM_MODE_ENTER|false
15:06:12.0 (66742505)|HEAP_ALLOCATE|[EXTERNAL]|Bytes:5
15:06:12.0 (66747199)|STATEMENT_EXECUTE|[1]
15:06:12.0 (66750603)|HEAP_ALLOCATE|[EXTERNAL]|Bytes:5
15:06:12.0 (66761815)|HEAP_ALLOCATE|[EXTERNAL]|Bytes:6
15:06:12.0 (66806775)|STATEMENT_EXECUTE|[3]
15:06:12.0 (66810125)|SYSTEM_MODE_EXIT|false
15:06:12.0 (66822758)|CONSTRUCTOR_EXIT|[3]|01p0o00000GMOB6|<init>()|TriggerHandle
15:06:12.0 (66851617)|VARIABLE_ASSIGNMENT|[3]|this.handle|0x7e7292e4|0x743499a5
15:06:12.0 (66864501)|STATEMENT_EXECUTE|[5]
15:06:12.0 (66869768)|STATEMENT_EXECUTE|[10]
15:06:12.0 (66871474)|STATEMENT_EXECUTE|[11]
15:06:12.0 (66935955)|METHOD_ENTRY|[11]|01p0o00000GMOB6|TriggerHandle.onBeforeInsert(List<Student__c>)
15:06:12.0 (66960850)|VARIABLE_SCOPE_BEGIN|[5]|this|TriggerHandle|true|false
15:06:12.0 (66976377)|VARIABLE_ASSIGNMENT|[5]|this|{}|0x7e7292e4
15:06:12.0 (66982751)|VARIABLE_SCOPE_BEGIN|[5]|newStudentList|List<Student__c>|true|false
15:06:12.0 (69732079)|VARIABLE_ASSIGNMENT|[5]|newStudentList|[{"AverageScore__c":6.67,"IsDeleted":false,"Score1__c":4.00,"Score2__c":7.00,"Birthday__c":"2011-03-21T00:00:00.000Z","Namel__c":"truong","Gender__c":true,"Score3__c":9.00,"Class__c":"a0H0o00000fKjubEAC","State__c":"Passed","Name":"truong vy 1","Namef__c":"vy 1"},{"AverageScore__c":6.67,"IsDeleted":false,"Score1__c":4.00,"Score2__c":7.00,"Birthday__c":"2011-03-21T00:00:00.000Z","Namel__c":"truong","Gender__c":true,"Score3__c":9.00,"Class__c":"a0H0o00000fKjubEAC","State__c":"Passed","Name":"truong vy 2","Namef__c":"vy 2"},{"AverageScore__c":6.67,"IsDeleted":false,"Score1__c":4.00,"Score2__c":7.00,"Birthday__c":"2011-03-21T00:00:00.000Z","Namel__c":"truong","Gender__c":true,"Score3__c":9.00,"Class__c":"a0H0o00000fKjubEAC","State__c":"Passed","Name":"truong vy 3","Namef__c":"vy 3"},{"AverageScore__c":3.67,"IsDeleted":false,"Score1__c":4.00,"Score2__c":7.00,"Birthday__c":"2011-03-21T00:00:00.000Z","Namel__c":"truong","Gender__c":true,"Score3__c":0.00,"Class__c":"a0H0o00000fKjubEAC","State__c":"Failed","Name":"truong vy 4","Namef__c":"vy 4"},{"AverageScore__c":4.33,"IsDeleted":false,"Score1__c":4.00,"Score2__c":0.00,"Birthday__c":"2011-03-21T00:00:00.000Z","Namel__c":"truong","Gender__c":true,"Score3__c":9.00,"Class__c":"a0H0o00000fKjubEAC","State__c":"Failed","Name":"truong vy 5","Namef__c":"vy 5"}]|0x3e97f53c
15:06:12.0 (69785707)|SYSTEM_MODE_ENTER|false
15:06:12.0 (69797341)|HEAP_ALLOCATE|[7]|Bytes:5
15:06:12.0 (69804549)|STATEMENT_EXECUTE|[6]
15:06:12.0 (69806573)|STATEMENT_EXECUTE|[7]
15:06:12.0 (69808277)|STATEMENT_EXECUTE|[8]
15:06:12.0 (70061458)|HEAP_ALLOCATE|[9]|Bytes:5
15:06:12.0 (70084915)|HEAP_ALLOCATE|[9]|Bytes:4
15:06:12.0 (70096474)|VARIABLE_SCOPE_BEGIN|[9]|s|Student__c|true|false
15:06:12.0 (70360442)|VARIABLE_ASSIGNMENT|[9]|s|{"AverageScore__c":6.67,"IsDeleted":false,"Score1__c":4.00,"Score2__c":7.00,"Birthday__c":"2011-03-21T00:00:00.000Z","Namel__c":"truong","Gender__c":true,"Score3__c":9.00,"Class__c":"a0H0o00000fKjubEAC","State__c":"Passed","Name":"truong vy 1","Namef__c":"vy 1"}|0x586929cd
15:06:12.0 (70372098)|STATEMENT_EXECUTE|[10]
15:06:12.0 (70415657)|HEAP_ALLOCATE|[12]|Bytes:28
15:06:12.0 (70504287)|HEAP_ALLOCATE|[16]|Bytes:28
15:06:12.0 (70561124)|HEAP_ALLOCATE|[20]|Bytes:28
15:06:12.0 (70612039)|STATEMENT_EXECUTE|[29]
15:06:12.0 (70614322)|STATEMENT_EXECUTE|[31]
15:06:12.0 (70649429)|HEAP_ALLOCATE|[31]|Bytes:4
15:06:12.0 (70677537)|VARIABLE_SCOPE_BEGIN|[31]|age|Integer|false|false
15:06:12.0 (70685617)|HEAP_ALLOCATE|[31]|Bytes:4
15:06:12.0 (70694128)|VARIABLE_ASSIGNMENT|[31]|age|-8
15:06:12.0 (70703530)|STATEMENT_EXECUTE|[32]
15:06:12.0 (70714676)|HEAP_ALLOCATE|[9]|Bytes:5
15:06:12.0 (70727744)|HEAP_ALLOCATE|[9]|Bytes:4
15:06:12.0 (70734282)|VARIABLE_SCOPE_BEGIN|[9]|s|Student__c|true|false
15:06:12.0 (70928462)|VARIABLE_ASSIGNMENT|[9]|s|{"AverageScore__c":6.67,"IsDeleted":false,"Score1__c":4.00,"Score2__c":7.00,"Birthday__c":"2011-03-21T00:00:00.000Z","Namel__c":"truong","Gender__c":true,"Score3__c":9.00,"Class__c":"a0H0o00000fKjubEAC","State__c":"Passed","Name":"truong vy 2","Namef__c":"vy 2"}|0x12388a2f
15:06:12.0 (70938720)|STATEMENT_EXECUTE|[10]
15:06:12.0 (70950852)|HEAP_ALLOCATE|[12]|Bytes:28
15:06:12.0 (70991425)|HEAP_ALLOCATE|[16]|Bytes:28
15:06:12.0 (71025200)|HEAP_ALLOCATE|[20]|Bytes:28
15:06:12.0 (71052111)|STATEMENT_EXECUTE|[29]
15:06:12.0 (71054026)|STATEMENT_EXECUTE|[31]
15:06:12.0 (71066316)|HEAP_ALLOCATE|[31]|Bytes:4
15:06:12.0 (71084566)|VARIABLE_SCOPE_BEGIN|[31]|age|Integer|false|false
15:06:12.0 (71091836)|HEAP_ALLOCATE|[31]|Bytes:4
15:06:12.0 (71099257)|VARIABLE_ASSIGNMENT|[31]|age|-8
15:06:12.0 (71106494)|STATEMENT_EXECUTE|[32]
15:06:12.0 (71115793)|HEAP_ALLOCATE|[9]|Bytes:5
15:06:12.0 (71128899)|HEAP_ALLOCATE|[9]|Bytes:4
15:06:12.0 (71135551)|VARIABLE_SCOPE_BEGIN|[9]|s|Student__c|true|false
15:06:12.0 (71325010)|VARIABLE_ASSIGNMENT|[9]|s|{"AverageScore__c":6.67,"IsDeleted":false,"Score1__c":4.00,"Score2__c":7.00,"Birthday__c":"2011-03-21T00:00:00.000Z","Namel__c":"truong","Gender__c":true,"Score3__c":9.00,"Class__c":"a0H0o00000fKjubEAC","State__c":"Passed","Name":"truong vy 3","Namef__c":"vy 3"}|0x7979d8d1
15:06:12.0 (71334918)|STATEMENT_EXECUTE|[10]
15:06:12.0 (71345789)|HEAP_ALLOCATE|[12]|Bytes:28
15:06:12.0 (71372032)|HEAP_ALLOCATE|[16]|Bytes:28
15:06:12.0 (71390214)|HEAP_ALLOCATE|[20]|Bytes:28
15:06:12.0 (71406508)|STATEMENT_EXECUTE|[29]
15:06:12.0 (71408263)|STATEMENT_EXECUTE|[31]
15:06:12.0 (71419767)|HEAP_ALLOCATE|[31]|Bytes:4
15:06:12.0 (71437062)|VARIABLE_SCOPE_BEGIN|[31]|age|Integer|false|false
15:06:12.0 (71444217)|HEAP_ALLOCATE|[31]|Bytes:4
15:06:12.0 (71451003)|VARIABLE_ASSIGNMENT|[31]|age|-8
15:06:12.0 (71457396)|STATEMENT_EXECUTE|[32]
15:06:12.0 (71465829)|HEAP_ALLOCATE|[9]|Bytes:5
15:06:12.0 (71477306)|HEAP_ALLOCATE|[9]|Bytes:4
15:06:12.0 (71483083)|VARIABLE_SCOPE_BEGIN|[9]|s|Student__c|true|false
15:06:12.0 (71679164)|VARIABLE_ASSIGNMENT|[9]|s|{"AverageScore__c":3.67,"IsDeleted":false,"Score1__c":4.00,"Score2__c":7.00,"Birthday__c":"2011-03-21T00:00:00.000Z","Namel__c":"truong","Gender__c":true,"Score3__c":0.00,"Class__c":"a0H0o00000fKjubEAC","State__c":"Failed","Name":"truong vy 4","Namef__c":"vy 4"}|0x1319599b
15:06:12.0 (71689455)|STATEMENT_EXECUTE|[10]
15:06:12.0 (71700162)|HEAP_ALLOCATE|[12]|Bytes:28
15:06:12.0 (71726107)|HEAP_ALLOCATE|[16]|Bytes:28
15:06:12.0 (71748210)|HEAP_ALLOCATE|[20]|Bytes:28
15:06:12.0 (71754374)|HEAP_ALLOCATE|[20]|Bytes:28
15:06:12.0 (71771691)|STATEMENT_EXECUTE|[29]
15:06:12.0 (71773483)|STATEMENT_EXECUTE|[31]
15:06:12.0 (71784637)|HEAP_ALLOCATE|[31]|Bytes:4
15:06:12.0 (71801996)|VARIABLE_SCOPE_BEGIN|[31]|age|Integer|false|false
15:06:12.0 (71808913)|HEAP_ALLOCATE|[31]|Bytes:4
15:06:12.0 (71815499)|VARIABLE_ASSIGNMENT|[31]|age|-8
15:06:12.0 (71822271)|STATEMENT_EXECUTE|[32]
15:06:12.0 (71830947)|HEAP_ALLOCATE|[9]|Bytes:5
15:06:12.0 (71842226)|HEAP_ALLOCATE|[9]|Bytes:4
15:06:12.0 (71848039)|VARIABLE_SCOPE_BEGIN|[9]|s|Student__c|true|false
15:06:12.0 (72034725)|VARIABLE_ASSIGNMENT|[9]|s|{"AverageScore__c":4.33,"IsDeleted":false,"Score1__c":4.00,"Score2__c":0.00,"Birthday__c":"2011-03-21T00:00:00.000Z","Namel__c":"truong","Gender__c":true,"Score3__c":9.00,"Class__c":"a0H0o00000fKjubEAC","State__c":"Failed","Name":"truong vy 5","Namef__c":"vy 5"}|0x5e7ad0c2
15:06:12.0 (72045034)|STATEMENT_EXECUTE|[10]
15:06:12.0 (72055048)|HEAP_ALLOCATE|[12]|Bytes:28
15:06:12.0 (72080588)|HEAP_ALLOCATE|[16]|Bytes:28
15:06:12.0 (72086616)|HEAP_ALLOCATE|[16]|Bytes:28
15:06:12.0 (72105330)|HEAP_ALLOCATE|[20]|Bytes:28
15:06:12.0 (72132151)|STATEMENT_EXECUTE|[29]
15:06:12.0 (72134865)|STATEMENT_EXECUTE|[31]
15:06:12.0 (72150487)|HEAP_ALLOCATE|[31]|Bytes:4
15:06:12.0 (72179313)|VARIABLE_SCOPE_BEGIN|[31]|age|Integer|false|false
15:06:12.0 (72186660)|HEAP_ALLOCATE|[31]|Bytes:4
15:06:12.0 (72193210)|VARIABLE_ASSIGNMENT|[31]|age|-8
15:06:12.0 (72199779)|STATEMENT_EXECUTE|[32]
15:06:12.0 (72208898)|HEAP_ALLOCATE|[9]|Bytes:5
15:06:12.0 (72219667)|VARIABLE_ASSIGNMENT|[9]|s|null|
15:06:12.0 (72229069)|SYSTEM_MODE_EXIT|false
15:06:12.0 (72240200)|METHOD_EXIT|[11]|01p0o00000GMOB6|TriggerHandle.onBeforeInsert(List<Student__c>)
15:06:12.72 (72255240)|CUMULATIVE_LIMIT_USAGE
15:06:12.72 (72255240)|LIMIT_USAGE_FOR_NS|(default)|
  Number of SOQL queries: 1 out of 100
  Number of query rows: 1 out of 50000
  Number of SOSL queries: 0 out of 20
  Number of DML statements: 2 out of 150
  Number of DML rows: 9 out of 10000
  Maximum CPU time: 0 out of 10000
  Maximum heap size: 0 out of 6000000
  Number of callouts: 0 out of 100
  Number of Email Invocations: 0 out of 10
  Number of future calls: 0 out of 50
  Number of queueable jobs added to the queue: 0 out of 50
  Number of Mobile Apex push calls: 0 out of 10

15:06:12.72 (72255240)|CUMULATIVE_LIMIT_USAGE_END

15:06:12.0 (74025513)|CODE_UNIT_FINISHED|triggerStudent on Student trigger event BeforeInsert|__sfdc_trigger/triggerStudent
15:06:12.0 (106253291)|CODE_UNIT_STARTED|[EXTERNAL]|01q0o000000jKrN|triggerStudent on Student trigger event AfterInsert|__sfdc_trigger/triggerStudent
15:06:12.0 (106334198)|HEAP_ALLOCATE|[EXTERNAL]|Bytes:24
15:06:12.0 (106496997)|HEAP_ALLOCATE|[EXTERNAL]|Bytes:8
15:06:12.0 (106512399)|VARIABLE_SCOPE_BEGIN|[1]|this|triggerStudent|true|false
15:06:12.0 (106558119)|VARIABLE_ASSIGNMENT|[1]|this|{}|0x65ae9db4
15:06:12.0 (106629059)|HEAP_ALLOCATE|[EXTERNAL]|Bytes:8
15:06:12.0 (106641885)|VARIABLE_SCOPE_BEGIN|[1]|this|triggerStudent|true|false
15:06:12.0 (106665741)|VARIABLE_ASSIGNMENT|[1]|this|{}|0x65ae9db4
15:06:12.0 (106679716)|STATEMENT_EXECUTE|[1]
15:06:12.0 (106682886)|STATEMENT_EXECUTE|[3]
15:06:12.0 (106689594)|HEAP_ALLOCATE|[3]|Bytes:4
15:06:12.0 (106710608)|CONSTRUCTOR_ENTRY|[3]|01p0o00000GMOB6|<init>()|TriggerHandle
15:06:12.0 (106723686)|VARIABLE_SCOPE_BEGIN|[3]|this|TriggerHandle|true|false
15:06:12.0 (106746018)|VARIABLE_ASSIGNMENT|[3]|this|{}|0x1953e7a7
15:06:12.0 (107281270)|SYSTEM_MODE_ENTER|false
15:06:12.0 (107316086)|HEAP_ALLOCATE|[EXTERNAL]|Bytes:5
15:06:12.0 (107325688)|STATEMENT_EXECUTE|[1]
15:06:12.0 (107333176)|HEAP_ALLOCATE|[EXTERNAL]|Bytes:5
15:06:12.0 (107369511)|STATEMENT_EXECUTE|[3]
15:06:12.0 (107375650)|SYSTEM_MODE_EXIT|false
15:06:12.0 (107389023)|CONSTRUCTOR_EXIT|[3]|01p0o00000GMOB6|<init>()|TriggerHandle
15:06:12.0 (107416298)|VARIABLE_ASSIGNMENT|[3]|this.handle|0x1953e7a7|0x65ae9db4
15:06:12.0 (107433022)|STATEMENT_EXECUTE|[15]
15:06:12.0 (107443382)|STATEMENT_EXECUTE|[19]
15:06:12.0 (107445865)|STATEMENT_EXECUTE|[20]
15:06:12.0 (107507780)|METHOD_ENTRY|[20]|01p0o00000GMOB6|TriggerHandle.onAfterInsert(List<Student__c>)
15:06:12.0 (107547760)|VARIABLE_SCOPE_BEGIN|[44]|this|TriggerHandle|true|false
15:06:12.0 (107571241)|VARIABLE_ASSIGNMENT|[44]|this|{}|0x1953e7a7
15:06:12.0 (107582193)|VARIABLE_SCOPE_BEGIN|[44]|newStudentList|List<Student__c>|true|false
15:06:12.0 (111301194)|VARIABLE_ASSIGNMENT|[44]|newStudentList|[{"LastModifiedDate":"2019-06-11T08:06:12.000Z","StudentId__c":"HS100151","IsDeleted":false,"Score1__c":4.00,"Score2__c":7.00,"Gender__c":true,"Score3__c":9.00,"Class__c":"a0H0o00000fKjubEAC","Name":"truong vy 1","SystemModstamp":"2019-06-11T08:06:12.000Z","AverageScore__c":6.67,"CreatedById":"0050o00000WkyGGAAZ","Birthday__c":"2011-03-21T00:00:00.000Z","Namel__c":"truong","CreatedDate":"2019-06-11T08:06:12.000Z","Id":"a0I0o000019bYUVEA2","LastModifiedById":"0050o00000WkyGGAAZ","State__c":"Passed","Namef__c":"vy 1"},{"LastModifiedDate":"2019-06-11T08:06:12.000Z","StudentId__c":"HS100152","IsDeleted":false,"Score1__c":4.00,"Score2__c":7.00,"Gender__c":true,"Score3__c":9.00,"Class__c":"a0H0o00000fKjubEAC","Name":"truong vy 2","SystemModstamp":"2019-06-11T08:06:12.000Z","AverageScore__c":6.67,"CreatedById":"0050o00000WkyGGAAZ","Birthday__c":"2011-03-21T00:00:00.000Z","Namel__c":"truong","CreatedDate":"2019-06-11T08:06:12.000Z","Id":"a0I0o000019bYUWEA2","LastModifiedById":"0050o00000WkyGGAAZ","State__c":"Passed","Namef__c":"vy 2"},{"LastModifiedDate":"2019-06-11T08:06:12.000Z","StudentId__c":"HS100153","IsDeleted":false,"Score1__c":4.00,"Score2__c":7.00,"Gender__c":true,"Score3__c":9.00,"Class__c":"a0H0o00000fKjubEAC","Name":"truong vy 3","SystemModstamp":"2019-06-11T08:06:12.000Z","AverageScore__c":6.67,"CreatedById":"0050o00000WkyGGAAZ","Birthday__c":"2011-03-21T00:00:00.000Z","Namel__c":"truong","CreatedDate":"2019-06-11T08:06:12.000Z","Id":"a0I0o000019bYUXEA2","LastModifiedById":"0050o00000WkyGGAAZ","State__c":"Passed","Namef__c":"vy 3"},{"LastModifiedDate":"2019-06-11T08:06:12.000Z","StudentId__c":"HS100154","IsDeleted":false,"Score1__c":4.00,"Score2__c":7.00,"Gender__c":true,"Score3__c":0.00,"Class__c":"a0H0o00000fKjubEAC","Name":"truong vy 4","SystemModstamp":"2019-06-11T08:06:12.000Z","AverageScore__c":3.67,"CreatedById":"0050o00000WkyGGAAZ","Birthday__c":"2011-03-21T00:00:00.000Z","Namel__c":"truong","CreatedDate":"2019-06-11T08:06:12.000Z","Id":"a0I0o000019bYUYEA2","LastModifiedById":"0050o00000WkyGGAAZ","State__c":"Failed","Namef__c":"vy 4"},{"LastModifiedDate":"2019-06-11T08:06:12.000Z","StudentId__c":"HS100155","IsDeleted":false,"Score1__c":4.00,"Score2__c":0.00,"Gender__c":true,"Score3__c":9.00,"Class__c":"a0H0o00000fKjubEAC","Name":"truong vy 5","SystemModstamp":"2019-06-11T08:06:12.000Z","AverageScore__c":4.33,"CreatedById":"0050o00000WkyGGAAZ","Birthday__c":"2011-03-21T00:00:00.000Z","Namel__c":"truong","CreatedDate":"2019-06-11T08:06:12.000Z","Id":"a0I0o000019bYUZEA2","LastModifiedById":"0050o00000WkyGGAAZ","State__c":"Failed","Namef__c":"vy 5"}]|0x38ec8133
15:06:12.0 (111391006)|SYSTEM_MODE_ENTER|false
15:06:12.0 (111407933)|HEAP_ALLOCATE|[46]|Bytes:5
15:06:12.0 (111419696)|STATEMENT_EXECUTE|[45]
15:06:12.0 (111422844)|STATEMENT_EXECUTE|[46]
15:06:12.0 (111436705)|VARIABLE_SCOPE_BEGIN|[46]|sp|System.Savepoint|true|false
15:06:12.0 (111463943)|VARIABLE_ASSIGNMENT|[46]|sp|null|
15:06:12.0 (111471317)|STATEMENT_EXECUTE|[47]
15:06:12.0 (111473738)|STATEMENT_EXECUTE|[48]
15:06:12.0 (111475819)|STATEMENT_EXECUTE|[49]
15:06:12.0 (113956337)|USER_DEBUG|[49]|DEBUG|(Student__c:{Id=a0I0o000019bYUVEA2, IsDeleted=false, Name=truong vy 1, CreatedDate=2019-06-11 08:06:12, CreatedById=0050o00000WkyGGAAZ, LastModifiedDate=2019-06-11 08:06:12, LastModifiedById=0050o00000WkyGGAAZ, SystemModstamp=2019-06-11 08:06:12, StudentId__c=HS100151, Namef__c=vy 1, Namel__c=truong, Birthday__c=2011-03-21 00:00:00, Gender__c=true, Score1__c=4.00, Score2__c=7.00, Score3__c=9.00, AverageScore__c=6.67, State__c=Passed, StudentCode__c=null, Class__c=a0H0o00000fKjubEAC}, Student__c:{Id=a0I0o000019bYUWEA2, IsDeleted=false, Name=truong vy 2, CreatedDate=2019-06-11 08:06:12, CreatedById=0050o00000WkyGGAAZ, LastModifiedDate=2019-06-11 08:06:12, LastModifiedById=0050o00000WkyGGAAZ, SystemModstamp=2019-06-11 08:06:12, StudentId__c=HS100152, Namef__c=vy 2, Namel__c=truong, Birthday__c=2011-03-21 00:00:00, Gender__c=true, Score1__c=4.00, Score2__c=7.00, Score3__c=9.00, AverageScore__c=6.67, State__c=Passed, StudentCode__c=null, Class__c=a0H0o00000fKjubEAC}, Student__c:{Id=a0I0o000019bYUXEA2, IsDeleted=false, Name=truong vy 3, CreatedDate=2019-06-11 08:06:12, CreatedById=0050o00000WkyGGAAZ, LastModifiedDate=2019-06-11 08:06:12, LastModifiedById=0050o00000WkyGGAAZ, SystemModstamp=2019-06-11 08:06:12, StudentId__c=HS100153, Namef__c=vy 3, Namel__c=truong, Birthday__c=2011-03-21 00:00:00, Gender__c=true, Score1__c=4.00, Score2__c=7.00, Score3__c=9.00, AverageScore__c=6.67, State__c=Passed, StudentCode__c=null, Class__c=a0H0o00000fKjubEAC}, Student__c:{Id=a0I0o000019bYUYEA2, IsDeleted=false, Name=truong vy 4, CreatedDate=2019-06-11 08:06:12, CreatedById=0050o00000WkyGGAAZ, LastModifiedDate=2019-06-11 08:06:12, LastModifiedById=0050o00000WkyGGAAZ, SystemModstamp=2019-06-11 08:06:12, StudentId__c=HS100154, Namef__c=vy 4, Namel__c=truong, Birthday__c=2011-03-21 00:00:00, Gender__c=true, Score1__c=4.00, Score2__c=7.00, Score3__c=0.00, AverageScore__c=3.67, State__c=Failed, StudentCode__c=null, Class__c=a0H0o00000fKjubEAC}, Student__c:{Id=a0I0o000019bYUZEA2, IsDeleted=false, Name=truong vy 5, CreatedDate=2019-06-11 08:06:12, CreatedById=0050o00000WkyGGAAZ, LastModifiedDate=2019-06-11 08:06:12, LastModifiedById=0050o00000WkyGGAAZ, SystemModstamp=2019-06-11 08:06:12, StudentId__c=HS100155, Namef__c=vy 5, Namel__c=truong, Birthday__c=2011-03-21 00:00:00, Gender__c=true, Score1__c=4.00, Score2__c=0.00, Score3__c=9.00, AverageScore__c=4.33, State__c=Failed, StudentCode__c=null, Class__c=a0H0o00000fKjubEAC})
15:06:12.0 (114031462)|STATEMENT_EXECUTE|[50]
15:06:12.0 (114448523)|SAVEPOINT_SET|[50]|SavepointValue0
15:06:12.0 (114488464)|HEAP_ALLOCATE|[50]|Bytes:16
15:06:12.0 (114963212)|VARIABLE_ASSIGNMENT|[50]|sp|"common.apex.runtime.impl.ApexUserSavepoint@29bee8a7"|0x29bee8a7
15:06:12.0 (114976580)|STATEMENT_EXECUTE|[51]
15:06:12.0 (114983862)|HEAP_ALLOCATE|[51]|Bytes:6
15:06:12.0 (115026702)|METHOD_ENTRY|[51]|01p0o00000GMOB6|TriggerHandle.executeNOStudentsUpdate(List<Student__c>, String)
15:06:12.0 (115077336)|VARIABLE_SCOPE_BEGIN|[191]|this|TriggerHandle|true|false
15:06:12.0 (115133927)|VARIABLE_ASSIGNMENT|[191]|this|{}|0x1953e7a7
15:06:12.0 (115147800)|VARIABLE_SCOPE_BEGIN|[191]|studentList|List<Student__c>|true|false
15:06:12.0 (116715117)|VARIABLE_ASSIGNMENT|[191]|studentList|[{"LastModifiedDate":"2019-06-11T08:06:12.000Z","StudentId__c":"HS100151","IsDeleted":false,"Score1__c":4.00,"Score2__c":7.00,"Gender__c":true,"Score3__c":9.00,"Class__c":"a0H0o00000fKjubEAC","Name":"truong vy 1","SystemModstamp":"2019-06-11T08:06:12.000Z","AverageScore__c":6.67,"CreatedById":"0050o00000WkyGGAAZ","Birthday__c":"2011-03-21T00:00:00.000Z","Namel__c":"truong","CreatedDate":"2019-06-11T08:06:12.000Z","Id":"a0I0o000019bYUVEA2","LastModifiedById":"0050o00000WkyGGAAZ","State__c":"Passed","Namef__c":"vy 1"},{"LastModifiedDate":"2019-06-11T08:06:12.000Z","StudentId__c":"HS100152","IsDeleted":false,"Score1__c":4.00,"Score2__c":7.00,"Gender__c":true,"Score3__c":9.00,"Class__c":"a0H0o00000fKjubEAC","Name":"truong vy 2","SystemModstamp":"2019-06-11T08:06:12.000Z","AverageScore__c":6.67,"CreatedById":"0050o00000WkyGGAAZ","Birthday__c":"2011-03-21T00:00:00.000Z","Namel__c":"truong","CreatedDate":"2019-06-11T08:06:12.000Z","Id":"a0I0o000019bYUWEA2","LastModifiedById":"0050o00000WkyGGAAZ","State__c":"Passed","Namef__c":"vy 2"},{"LastModifiedDate":"2019-06-11T08:06:12.000Z","StudentId__c":"HS100153","IsDeleted":false,"Score1__c":4.00,"Score2__c":7.00,"Gender__c":true,"Score3__c":9.00,"Class__c":"a0H0o00000fKjubEAC","Name":"truong vy 3","SystemModstamp":"2019-06-11T08:06:12.000Z","AverageScore__c":6.67,"CreatedById":"0050o00000WkyGGAAZ","Birthday__c":"2011-03-21T00:00:00.000Z","Namel__c":"truong","CreatedDate":"2019-06-11T08:06:12.000Z","Id":"a0I0o000019bYUXEA2","LastModifiedById":"0050o00000WkyGGAAZ","State__c":"Passed","Namef__c":"vy 3"},{"LastModifiedDate":"2019-06-11T08:06:12.000Z","StudentId__c":"HS100154","IsDeleted":false,"Score1__c":4.00,"Score2__c":7.00,"Gender__c":true,"Score3__c":0.00,"Class__c":"a0H0o00000fKjubEAC","Name":"truong vy 4","SystemModstamp":"2019-06-11T08:06:12.000Z","AverageScore__c":3.67,"CreatedById":"0050o00000WkyGGAAZ","Birthday__c":"2011-03-21T00:00:00.000Z","Namel__c":"truong","CreatedDate":"2019-06-11T08:06:12.000Z","Id":"a0I0o000019bYUYEA2","LastModifiedById":"0050o00000WkyGGAAZ","State__c":"Failed","Namef__c":"vy 4"},{"LastModifiedDate":"2019-06-11T08:06:12.000Z","StudentId__c":"HS100155","IsDeleted":false,"Score1__c":4.00,"Score2__c":0.00,"Gender__c":true,"Score3__c":9.00,"Class__c":"a0H0o00000fKjubEAC","Name":"truong vy 5","SystemModstamp":"2019-06-11T08:06:12.000Z","AverageScore__c":4.33,"CreatedById":"0050o00000WkyGGAAZ","Birthday__c":"2011-03-21T00:00:00.000Z","Namel__c":"truong","CreatedDate":"2019-06-11T08:06:12.000Z","Id":"a0I0o000019bYUZEA2","LastModifiedById":"0050o00000WkyGGAAZ","State__c":"Failed","Namef__c":"vy 5"}]|0x38ec8133
15:06:12.0 (116781346)|VARIABLE_SCOPE_BEGIN|[191]|action|String|false|false
15:06:12.0 (116800374)|VARIABLE_ASSIGNMENT|[191]|action|"insert"
15:06:12.0 (116857972)|HEAP_ALLOCATE|[193]|Bytes:5
15:06:12.0 (116870399)|STATEMENT_EXECUTE|[192]
15:06:12.0 (116873662)|STATEMENT_EXECUTE|[193]
15:06:12.0 (116904464)|HEAP_ALLOCATE|[193]|Bytes:4
15:06:12.0 (116951897)|VARIABLE_SCOPE_BEGIN|[193]|classIDMap|Map<Id,Integer>|true|false
15:06:12.0 (116985339)|VARIABLE_ASSIGNMENT|[193]|classIDMap|{}|0x3189560
15:06:12.0 (117073890)|HEAP_ALLOCATE|[196]|Bytes:5
15:06:12.0 (117112208)|VARIABLE_SCOPE_BEGIN|[196]|s|Student__c|true|false
15:06:12.0 (117431344)|VARIABLE_ASSIGNMENT|[196]|s|{"LastModifiedDate":"2019-06-11T08:06:12.000Z","StudentId__c":"HS100151","IsDeleted":false,"Score1__c":4.00,"Score2__c":7.00,"Gender__c":true,"Score3__c":9.00,"Class__c":"a0H0o00000fKjubEAC","Name":"truong vy 1","SystemModstamp":"2019-06-11T08:06:12.000Z","AverageScore__c":6.67,"CreatedById":"0050o00000WkyGGAAZ","Birthday__c":"2011-03-21T00:00:00.000Z","Namel__c":"truong","CreatedDate":"2019-06-11T08:06:12.000Z","Id":"a0I0o000019bYUVEA2","LastModifiedById":"0050o00000WkyGGAAZ","State__c":"Passed","Namef__c":"vy 1"}|0x5f217929
15:06:12.0 (117453969)|STATEMENT_EXECUTE|[197]
15:06:12.0 (117561902)|STATEMENT_EXECUTE|[203]
15:06:12.0 (117565583)|STATEMENT_EXECUTE|[204]
15:06:12.0 (117616204)|HEAP_ALLOCATE|[204]|Bytes:4
15:06:12.0 (117630430)|HEAP_ALLOCATE|[EXTERNAL]|Bytes:-4
15:06:12.0 (117658021)|HEAP_ALLOCATE|[196]|Bytes:5
15:06:12.0 (117685244)|VARIABLE_SCOPE_BEGIN|[196]|s|Student__c|true|false
15:06:12.0 (117974829)|VARIABLE_ASSIGNMENT|[196]|s|{"LastModifiedDate":"2019-06-11T08:06:12.000Z","StudentId__c":"HS100152","IsDeleted":false,"Score1__c":4.00,"Score2__c":7.00,"Gender__c":true,"Score3__c":9.00,"Class__c":"a0H0o00000fKjubEAC","Name":"truong vy 2","SystemModstamp":"2019-06-11T08:06:12.000Z","AverageScore__c":6.67,"CreatedById":"0050o00000WkyGGAAZ","Birthday__c":"2011-03-21T00:00:00.000Z","Namel__c":"truong","CreatedDate":"2019-06-11T08:06:12.000Z","Id":"a0I0o000019bYUWEA2","LastModifiedById":"0050o00000WkyGGAAZ","State__c":"Passed","Namef__c":"vy 2"}|0x18459ba
15:06:12.0 (117995154)|STATEMENT_EXECUTE|[197]
15:06:12.0 (118021940)|STATEMENT_EXECUTE|[199]
15:06:12.0 (118025351)|STATEMENT_EXECUTE|[200]
15:06:12.0 (118074325)|HEAP_ALLOCATE|[200]|Bytes:4
15:06:12.0 (118099699)|HEAP_ALLOCATE|[196]|Bytes:5
15:06:12.0 (118123382)|VARIABLE_SCOPE_BEGIN|[196]|s|Student__c|true|false
15:06:12.0 (118407537)|VARIABLE_ASSIGNMENT|[196]|s|{"LastModifiedDate":"2019-06-11T08:06:12.000Z","StudentId__c":"HS100153","IsDeleted":false,"Score1__c":4.00,"Score2__c":7.00,"Gender__c":true,"Score3__c":9.00,"Class__c":"a0H0o00000fKjubEAC","Name":"truong vy 3","SystemModstamp":"2019-06-11T08:06:12.000Z","AverageScore__c":6.67,"CreatedById":"0050o00000WkyGGAAZ","Birthday__c":"2011-03-21T00:00:00.000Z","Namel__c":"truong","CreatedDate":"2019-06-11T08:06:12.000Z","Id":"a0I0o000019bYUXEA2","LastModifiedById":"0050o00000WkyGGAAZ","State__c":"Passed","Namef__c":"vy 3"}|0x1c28646e
15:06:12.0 (118427520)|STATEMENT_EXECUTE|[197]
15:06:12.0 (118451791)|STATEMENT_EXECUTE|[199]
15:06:12.0 (118454233)|STATEMENT_EXECUTE|[200]
15:06:12.0 (118473864)|HEAP_ALLOCATE|[200]|Bytes:4
15:06:12.0 (118497104)|HEAP_ALLOCATE|[196]|Bytes:5
15:06:12.0 (118516793)|VARIABLE_SCOPE_BEGIN|[196]|s|Student__c|true|false
15:06:12.0 (118801976)|VARIABLE_ASSIGNMENT|[196]|s|{"LastModifiedDate":"2019-06-11T08:06:12.000Z","StudentId__c":"HS100154","IsDeleted":false,"Score1__c":4.00,"Score2__c":7.00,"Gender__c":true,"Score3__c":0.00,"Class__c":"a0H0o00000fKjubEAC","Name":"truong vy 4","SystemModstamp":"2019-06-11T08:06:12.000Z","AverageScore__c":3.67,"CreatedById":"0050o00000WkyGGAAZ","Birthday__c":"2011-03-21T00:00:00.000Z","Namel__c":"truong","CreatedDate":"2019-06-11T08:06:12.000Z","Id":"a0I0o000019bYUYEA2","LastModifiedById":"0050o00000WkyGGAAZ","State__c":"Failed","Namef__c":"vy 4"}|0x5bdc511e
15:06:12.0 (118821659)|STATEMENT_EXECUTE|[197]
15:06:12.0 (118846193)|STATEMENT_EXECUTE|[199]
15:06:12.0 (118848662)|STATEMENT_EXECUTE|[200]
15:06:12.0 (118869678)|HEAP_ALLOCATE|[200]|Bytes:4
15:06:12.0 (118894298)|HEAP_ALLOCATE|[196]|Bytes:5
15:06:12.0 (118916492)|VARIABLE_SCOPE_BEGIN|[196]|s|Student__c|true|false
15:06:12.0 (119190700)|VARIABLE_ASSIGNMENT|[196]|s|{"LastModifiedDate":"2019-06-11T08:06:12.000Z","StudentId__c":"HS100155","IsDeleted":false,"Score1__c":4.00,"Score2__c":0.00,"Gender__c":true,"Score3__c":9.00,"Class__c":"a0H0o00000fKjubEAC","Name":"truong vy 5","SystemModstamp":"2019-06-11T08:06:12.000Z","AverageScore__c":4.33,"CreatedById":"0050o00000WkyGGAAZ","Birthday__c":"2011-03-21T00:00:00.000Z","Namel__c":"truong","CreatedDate":"2019-06-11T08:06:12.000Z","Id":"a0I0o000019bYUZEA2","LastModifiedById":"0050o00000WkyGGAAZ","State__c":"Failed","Namef__c":"vy 5"}|0xf60937d
15:06:12.0 (119212259)|STATEMENT_EXECUTE|[197]
15:06:12.0 (119237710)|STATEMENT_EXECUTE|[199]
15:06:12.0 (119240626)|STATEMENT_EXECUTE|[200]
15:06:12.0 (119264110)|HEAP_ALLOCATE|[200]|Bytes:4
15:06:12.0 (119289265)|HEAP_ALLOCATE|[196]|Bytes:5
15:06:12.0 (119309282)|VARIABLE_ASSIGNMENT|[196]|s|null|
15:06:12.0 (119317912)|STATEMENT_EXECUTE|[207]
15:06:12.0 (119323577)|HEAP_ALLOCATE|[207]|Bytes:44
15:06:12.0 (119348934)|HEAP_ALLOCATE|[207]|Bytes:4
15:06:12.0 (119748901)|SOQL_EXECUTE_BEGIN|[207]|Aggregations:0|SELECT id, NumberOfStudents__c FROM Class__c
15:06:12.0 (151928710)|SOQL_EXECUTE_END|[207]|Rows:4
15:06:12.0 (151973227)|HEAP_ALLOCATE|[207]|Bytes:20
15:06:12.0 (152011037)|HEAP_ALLOCATE|[207]|Bytes:352
15:06:12.0 (152055541)|HEAP_ALLOCATE|[207]|Bytes:20
15:06:12.0 (152181135)|VARIABLE_SCOPE_BEGIN|[207]|classList|List<Class__c>|true|false
15:06:12.0 (152243359)|VARIABLE_ASSIGNMENT|[207]|classList|[{"Id":"a0H0o00000fKjuYEAS","NumberOfStudents__c":0},{"Id":"a0H0o00000fKjuZEAS","NumberOfStudents__c":0},{"Id":"a0H0o00000fKjuaEAC","NumberOfStudents__c":0},{"Id":"a0H0o00000fKjubEAC","NumberOfStudents__c":0}]|0x3d148e36
15:06:12.0 (152258139)|STATEMENT_EXECUTE|[208]
15:06:12.0 (152330740)|HEAP_ALLOCATE|[208]|Bytes:12
15:06:12.0 (152419442)|HEAP_ALLOCATE|[208]|Bytes:28
15:06:12.0 (152446912)|USER_DEBUG|[208]|DEBUG|0
15:06:12.0 (152641340)|HEAP_ALLOCATE|[210]|Bytes:5
15:06:12.0 (152664292)|HEAP_ALLOCATE|[210]|Bytes:12
15:06:12.0 (152676722)|VARIABLE_SCOPE_BEGIN|[210]|c|Class__c|true|false
15:06:12.0 (152701934)|VARIABLE_ASSIGNMENT|[210]|c|{"Id":"a0H0o00000fKjuYEAS","NumberOfStudents__c":0}|0x2ca9170a
15:06:12.0 (152712387)|STATEMENT_EXECUTE|[211]
15:06:12.0 (152769724)|STATEMENT_EXECUTE|[212]
15:06:12.0 (152784327)|HEAP_ALLOCATE|[210]|Bytes:5
15:06:12.0 (152801249)|HEAP_ALLOCATE|[210]|Bytes:12
15:06:12.0 (152811716)|VARIABLE_SCOPE_BEGIN|[210]|c|Class__c|true|false
15:06:12.0 (152833030)|VARIABLE_ASSIGNMENT|[210]|c|{"Id":"a0H0o00000fKjuZEAS","NumberOfStudents__c":0}|0xf9c5381
15:06:12.0 (152842214)|STATEMENT_EXECUTE|[211]
15:06:12.0 (152862416)|STATEMENT_EXECUTE|[212]
15:06:12.0 (152873640)|HEAP_ALLOCATE|[210]|Bytes:5
15:06:12.0 (152888148)|HEAP_ALLOCATE|[210]|Bytes:12
15:06:12.0 (152896618)|VARIABLE_SCOPE_BEGIN|[210]|c|Class__c|true|false
15:06:12.0 (152918498)|VARIABLE_ASSIGNMENT|[210]|c|{"Id":"a0H0o00000fKjuaEAC","NumberOfStudents__c":0}|0x35ac06c6
15:06:12.0 (153018128)|STATEMENT_EXECUTE|[211]
15:06:12.0 (153042739)|STATEMENT_EXECUTE|[212]
15:06:12.0 (153055655)|HEAP_ALLOCATE|[210]|Bytes:5
15:06:12.0 (153071870)|HEAP_ALLOCATE|[210]|Bytes:12
15:06:12.0 (153081502)|VARIABLE_SCOPE_BEGIN|[210]|c|Class__c|true|false
15:06:12.0 (153104160)|VARIABLE_ASSIGNMENT|[210]|c|{"Id":"a0H0o00000fKjubEAC","NumberOfStudents__c":0}|0x343f010c
15:06:12.0 (153113715)|STATEMENT_EXECUTE|[211]
15:06:12.0 (153151358)|STATEMENT_EXECUTE|[213]
15:06:12.0 (153224163)|STATEMENT_EXECUTE|[215]
15:06:12.0 (153227066)|STATEMENT_EXECUTE|[216]
15:06:12.0 (153277971)|HEAP_ALLOCATE|[216]|Bytes:28
15:06:12.0 (153286099)|HEAP_ALLOCATE|[216]|Bytes:28
15:06:12.0 (153299464)|HEAP_ALLOCATE|[216]|Bytes:28
15:06:12.0 (153368597)|HEAP_ALLOCATE|[216]|Bytes:28
15:06:12.0 (153376198)|HEAP_ALLOCATE|[216]|Bytes:28
15:06:12.0 (153493941)|VARIABLE_ASSIGNMENT|[216]|this.NumberOfStudents__c|5|0x343f010c
15:06:12.0 (153506128)|STATEMENT_EXECUTE|[224]
15:06:12.0 (153563191)|HEAP_ALLOCATE|[224]|Bytes:8
15:06:12.0 (153589741)|DML_BEGIN|[224]|Op:Update|Type:Class__c|Rows:1
15:06:12.0 (153640717)|HEAP_ALLOCATE|[EXTERNAL]|Bytes:8
15:06:12.0 (173475810)|DML_END|[224]
15:06:12.0 (173509847)|STATEMENT_EXECUTE|[226]
15:06:12.0 (173660899)|HEAP_ALLOCATE|[210]|Bytes:5
15:06:12.0 (173700466)|VARIABLE_ASSIGNMENT|[210]|c|null|
15:06:12.0 (173727058)|METHOD_EXIT|[51]|01p0o00000GMOB6|TriggerHandle.executeNOStudentsUpdate(List<Student__c>, String)
15:06:12.0 (173738230)|STATEMENT_EXECUTE|[52]
15:06:12.0 (173766477)|METHOD_ENTRY|[52]|01p0o00000GMOB6|TriggerHandle.executeNOFAPStudentsUpdate(List<Student__c>, String)
15:06:12.0 (173809318)|VARIABLE_SCOPE_BEGIN|[118]|this|TriggerHandle|true|false
15:06:12.0 (173844084)|VARIABLE_ASSIGNMENT|[118]|this|{}|0x1953e7a7
15:06:12.0 (173857316)|VARIABLE_SCOPE_BEGIN|[118]|studentList|List<Student__c>|true|false
15:06:12.0 (175522907)|VARIABLE_ASSIGNMENT|[118]|studentList|[{"LastModifiedDate":"2019-06-11T08:06:12.000Z","StudentId__c":"HS100151","IsDeleted":false,"Score1__c":4.00,"Score2__c":7.00,"Gender__c":true,"Score3__c":9.00,"Class__c":"a0H0o00000fKjubEAC","Name":"truong vy 1","SystemModstamp":"2019-06-11T08:06:12.000Z","AverageScore__c":6.67,"CreatedById":"0050o00000WkyGGAAZ","Birthday__c":"2011-03-21T00:00:00.000Z","Namel__c":"truong","CreatedDate":"2019-06-11T08:06:12.000Z","Id":"a0I0o000019bYUVEA2","LastModifiedById":"0050o00000WkyGGAAZ","State__c":"Passed","Namef__c":"vy 1"},{"LastModifiedDate":"2019-06-11T08:06:12.000Z","StudentId__c":"HS100152","IsDeleted":false,"Score1__c":4.00,"Score2__c":7.00,"Gender__c":true,"Score3__c":9.00,"Class__c":"a0H0o00000fKjubEAC","Name":"truong vy 2","SystemModstamp":"2019-06-11T08:06:12.000Z","AverageScore__c":6.67,"CreatedById":"0050o00000WkyGGAAZ","Birthday__c":"2011-03-21T00:00:00.000Z","Namel__c":"truong","CreatedDate":"2019-06-11T08:06:12.000Z","Id":"a0I0o000019bYUWEA2","LastModifiedById":"0050o00000WkyGGAAZ","State__c":"Passed","Namef__c":"vy 2"},{"LastModifiedDate":"2019-06-11T08:06:12.000Z","StudentId__c":"HS100153","IsDeleted":false,"Score1__c":4.00,"Score2__c":7.00,"Gender__c":true,"Score3__c":9.00,"Class__c":"a0H0o00000fKjubEAC","Name":"truong vy 3","SystemModstamp":"2019-06-11T08:06:12.000Z","AverageScore__c":6.67,"CreatedById":"0050o00000WkyGGAAZ","Birthday__c":"2011-03-21T00:00:00.000Z","Namel__c":"truong","CreatedDate":"2019-06-11T08:06:12.000Z","Id":"a0I0o000019bYUXEA2","LastModifiedById":"0050o00000WkyGGAAZ","State__c":"Passed","Namef__c":"vy 3"},{"LastModifiedDate":"2019-06-11T08:06:12.000Z","StudentId__c":"HS100154","IsDeleted":false,"Score1__c":4.00,"Score2__c":7.00,"Gender__c":true,"Score3__c":0.00,"Class__c":"a0H0o00000fKjubEAC","Name":"truong vy 4","SystemModstamp":"2019-06-11T08:06:12.000Z","AverageScore__c":3.67,"CreatedById":"0050o00000WkyGGAAZ","Birthday__c":"2011-03-21T00:00:00.000Z","Namel__c":"truong","CreatedDate":"2019-06-11T08:06:12.000Z","Id":"a0I0o000019bYUYEA2","LastModifiedById":"0050o00000WkyGGAAZ","State__c":"Failed","Namef__c":"vy 4"},{"LastModifiedDate":"2019-06-11T08:06:12.000Z","StudentId__c":"HS100155","IsDeleted":false,"Score1__c":4.00,"Score2__c":0.00,"Gender__c":true,"Score3__c":9.00,"Class__c":"a0H0o00000fKjubEAC","Name":"truong vy 5","SystemModstamp":"2019-06-11T08:06:12.000Z","AverageScore__c":4.33,"CreatedById":"0050o00000WkyGGAAZ","Birthday__c":"2011-03-21T00:00:00.000Z","Namel__c":"truong","CreatedDate":"2019-06-11T08:06:12.000Z","Id":"a0I0o000019bYUZEA2","LastModifiedById":"0050o00000WkyGGAAZ","State__c":"Failed","Namef__c":"vy 5"}]|0x38ec8133
15:06:12.0 (175608138)|VARIABLE_SCOPE_BEGIN|[118]|action|String|false|false
15:06:12.0 (175626108)|VARIABLE_ASSIGNMENT|[118]|action|"insert"
15:06:12.0 (175659666)|HEAP_ALLOCATE|[120]|Bytes:5
15:06:12.0 (175669538)|STATEMENT_EXECUTE|[119]
15:06:12.0 (175672515)|STATEMENT_EXECUTE|[120]
15:06:12.0 (175706535)|HEAP_ALLOCATE|[120]|Bytes:4
15:06:12.0 (175725592)|VARIABLE_SCOPE_BEGIN|[120]|classIDMapWithPassedStudents|Map<Id,Integer>|true|false
15:06:12.0 (175754049)|VARIABLE_ASSIGNMENT|[120]|classIDMapWithPassedStudents|{}|0x41e11328
15:06:12.0 (175764631)|STATEMENT_EXECUTE|[121]
15:06:12.0 (175777202)|HEAP_ALLOCATE|[121]|Bytes:4
15:06:12.0 (175788533)|VARIABLE_SCOPE_BEGIN|[121]|classIDMapWithFaliedStudents|Map<Id,Integer>|true|false
15:06:12.0 (175807371)|VARIABLE_ASSIGNMENT|[121]|classIDMapWithFaliedStudents|{}|0x24384f7f
15:06:12.0 (175877004)|HEAP_ALLOCATE|[124]|Bytes:5
15:06:12.0 (175912112)|VARIABLE_SCOPE_BEGIN|[124]|s|Student__c|true|false
15:06:12.0 (176190447)|VARIABLE_ASSIGNMENT|[124]|s|{"LastModifiedDate":"2019-06-11T08:06:12.000Z","StudentId__c":"HS100151","IsDeleted":false,"Score1__c":4.00,"Score2__c":7.00,"Gender__c":true,"Score3__c":9.00,"Class__c":"a0H0o00000fKjubEAC","Name":"truong vy 1","SystemModstamp":"2019-06-11T08:06:12.000Z","AverageScore__c":6.67,"CreatedById":"0050o00000WkyGGAAZ","Birthday__c":"2011-03-21T00:00:00.000Z","Namel__c":"truong","CreatedDate":"2019-06-11T08:06:12.000Z","Id":"a0I0o000019bYUVEA2","LastModifiedById":"0050o00000WkyGGAAZ","State__c":"Passed","Namef__c":"vy 1"}|0x5f217929
15:06:12.0 (176212720)|STATEMENT_EXECUTE|[125]
15:06:12.0 (176251675)|HEAP_ALLOCATE|[127]|Bytes:6
15:06:12.0 (176344146)|STATEMENT_EXECUTE|[128]
15:06:12.0 (176396930)|STATEMENT_EXECUTE|[134]
15:06:12.0 (176399764)|STATEMENT_EXECUTE|[135]
15:06:12.0 (176434694)|HEAP_ALLOCATE|[135]|Bytes:4
15:06:12.0 (176447105)|HEAP_ALLOCATE|[EXTERNAL]|Bytes:-4
15:06:12.0 (176473667)|HEAP_ALLOCATE|[124]|Bytes:5
15:06:12.0 (176497237)|VARIABLE_SCOPE_BEGIN|[124]|s|Student__c|true|false
15:06:12.0 (176805177)|VARIABLE_ASSIGNMENT|[124]|s|{"LastModifiedDate":"2019-06-11T08:06:12.000Z","StudentId__c":"HS100152","IsDeleted":false,"Score1__c":4.00,"Score2__c":7.00,"Gender__c":true,"Score3__c":9.00,"Class__c":"a0H0o00000fKjubEAC","Name":"truong vy 2","SystemModstamp":"2019-06-11T08:06:12.000Z","AverageScore__c":6.67,"CreatedById":"0050o00000WkyGGAAZ","Birthday__c":"2011-03-21T00:00:00.000Z","Namel__c":"truong","CreatedDate":"2019-06-11T08:06:12.000Z","Id":"a0I0o000019bYUWEA2","LastModifiedById":"0050o00000WkyGGAAZ","State__c":"Passed","Namef__c":"vy 2"}|0x18459ba
15:06:12.0 (176826923)|STATEMENT_EXECUTE|[125]
15:06:12.0 (176866020)|STATEMENT_EXECUTE|[128]
15:06:12.0 (176886217)|STATEMENT_EXECUTE|[130]
15:06:12.0 (176888960)|STATEMENT_EXECUTE|[131]
15:06:12.0 (176960207)|HEAP_ALLOCATE|[131]|Bytes:4
15:06:12.0 (176988561)|HEAP_ALLOCATE|[124]|Bytes:5
15:06:12.0 (177012718)|VARIABLE_SCOPE_BEGIN|[124]|s|Student__c|true|false
15:06:12.0 (177284606)|VARIABLE_ASSIGNMENT|[124]|s|{"LastModifiedDate":"2019-06-11T08:06:12.000Z","StudentId__c":"HS100153","IsDeleted":false,"Score1__c":4.00,"Score2__c":7.00,"Gender__c":true,"Score3__c":9.00,"Class__c":"a0H0o00000fKjubEAC","Name":"truong vy 3","SystemModstamp":"2019-06-11T08:06:12.000Z","AverageScore__c":6.67,"CreatedById":"0050o00000WkyGGAAZ","Birthday__c":"2011-03-21T00:00:00.000Z","Namel__c":"truong","CreatedDate":"2019-06-11T08:06:12.000Z","Id":"a0I0o000019bYUXEA2","LastModifiedById":"0050o00000WkyGGAAZ","State__c":"Passed","Namef__c":"vy 3"}|0x1c28646e
15:06:12.0 (177306894)|STATEMENT_EXECUTE|[125]
15:06:12.0 (177345390)|STATEMENT_EXECUTE|[128]
15:06:12.0 (177365127)|STATEMENT_EXECUTE|[130]
15:06:12.0 (177367698)|STATEMENT_EXECUTE|[131]
15:06:12.0 (177389870)|HEAP_ALLOCATE|[131]|Bytes:4
15:06:12.0 (177416320)|HEAP_ALLOCATE|[124]|Bytes:5
15:06:12.0 (177441091)|VARIABLE_SCOPE_BEGIN|[124]|s|Student__c|true|false
15:06:12.0 (177764783)|VARIABLE_ASSIGNMENT|[124]|s|{"LastModifiedDate":"2019-06-11T08:06:12.000Z","StudentId__c":"HS100154","IsDeleted":false,"Score1__c":4.00,"Score2__c":7.00,"Gender__c":true,"Score3__c":0.00,"Class__c":"a0H0o00000fKjubEAC","Name":"truong vy 4","SystemModstamp":"2019-06-11T08:06:12.000Z","AverageScore__c":3.67,"CreatedById":"0050o00000WkyGGAAZ","Birthday__c":"2011-03-21T00:00:00.000Z","Namel__c":"truong","CreatedDate":"2019-06-11T08:06:12.000Z","Id":"a0I0o000019bYUYEA2","LastModifiedById":"0050o00000WkyGGAAZ","State__c":"Failed","Namef__c":"vy 4"}|0x5bdc511e
15:06:12.0 (177787386)|STATEMENT_EXECUTE|[125]
15:06:12.0 (177843604)|STATEMENT_EXECUTE|[140]
15:06:12.0 (177888808)|STATEMENT_EXECUTE|[146]
15:06:12.0 (177891878)|STATEMENT_EXECUTE|[147]
15:06:12.0 (177923465)|HEAP_ALLOCATE|[147]|Bytes:4
15:06:12.0 (177935083)|HEAP_ALLOCATE|[EXTERNAL]|Bytes:-4
15:06:12.0 (177960162)|HEAP_ALLOCATE|[124]|Bytes:5
15:06:12.0 (177991307)|VARIABLE_SCOPE_BEGIN|[124]|s|Student__c|true|false
15:06:12.0 (178267425)|VARIABLE_ASSIGNMENT|[124]|s|{"LastModifiedDate":"2019-06-11T08:06:12.000Z","StudentId__c":"HS100155","IsDeleted":false,"Score1__c":4.00,"Score2__c":0.00,"Gender__c":true,"Score3__c":9.00,"Class__c":"a0H0o00000fKjubEAC","Name":"truong vy 5","SystemModstamp":"2019-06-11T08:06:12.000Z","AverageScore__c":4.33,"CreatedById":"0050o00000WkyGGAAZ","Birthday__c":"2011-03-21T00:00:00.000Z","Namel__c":"truong","CreatedDate":"2019-06-11T08:06:12.000Z","Id":"a0I0o000019bYUZEA2","LastModifiedById":"0050o00000WkyGGAAZ","State__c":"Failed","Namef__c":"vy 5"}|0xf60937d
15:06:12.0 (178289864)|STATEMENT_EXECUTE|[125]
15:06:12.0 (178342334)|STATEMENT_EXECUTE|[140]
15:06:12.0 (178363075)|STATEMENT_EXECUTE|[142]
15:06:12.0 (178366321)|STATEMENT_EXECUTE|[143]
15:06:12.0 (178417622)|HEAP_ALLOCATE|[143]|Bytes:4
15:06:12.0 (178466770)|HEAP_ALLOCATE|[124]|Bytes:5
15:06:12.0 (178489033)|VARIABLE_ASSIGNMENT|[124]|s|null|
15:06:12.0 (178498664)|STATEMENT_EXECUTE|[151]
15:06:12.0 (178504278)|HEAP_ALLOCATE|[151]|Bytes:77
15:06:12.0 (178527436)|HEAP_ALLOCATE|[151]|Bytes:4
15:06:12.0 (178998108)|SOQL_EXECUTE_BEGIN|[151]|Aggregations:0|SELECT id, NumberOfFailedStudents__c, NumberOfPassedStudents__c FROM Class__c
15:06:12.0 (182664009)|SOQL_EXECUTE_END|[151]|Rows:4
15:06:12.0 (182702361)|HEAP_ALLOCATE|[151]|Bytes:20
15:06:12.0 (182734856)|HEAP_ALLOCATE|[151]|Bytes:636
15:06:12.0 (182780115)|HEAP_ALLOCATE|[151]|Bytes:20
15:06:12.0 (182804577)|VARIABLE_SCOPE_BEGIN|[151]|classList|List<Class__c>|true|false
15:06:12.0 (182873820)|VARIABLE_ASSIGNMENT|[151]|classList|[{"Id":"a0H0o00000fKjuYEAS","NumberOfFailedStudents__c":0,"NumberOfPassedStudents__c":0},{"Id":"a0H0o00000fKjuZEAS","NumberOfFailedStudents__c":0,"NumberOfPassedStudents__c":0},{"Id":"a0H0o00000fKjuaEAC","NumberOfFailedStudents__c":0,"NumberOfPassedStudents__c":0},{"Id":"a0H0o00000fKjubEAC","NumberOfFailedStudents__c":0,"NumberOfPassedStudents__c":0}]|0x5fad41e0
15:06:12.0 (182965924)|HEAP_ALLOCATE|[153]|Bytes:5
15:06:12.0 (182992996)|HEAP_ALLOCATE|[153]|Bytes:16
15:06:12.0 (183008579)|VARIABLE_SCOPE_BEGIN|[153]|c|Class__c|true|false
15:06:12.0 (183035811)|VARIABLE_ASSIGNMENT|[153]|c|{"Id":"a0H0o00000fKjuYEAS","NumberOfFailedStudents__c":0,"NumberOfPassedStudents__c":0}|0x1a985e9
15:06:12.0 (183048985)|STATEMENT_EXECUTE|[154]
15:06:12.0 (183116580)|STATEMENT_EXECUTE|[156]
15:06:12.0 (183156071)|STATEMENT_EXECUTE|[172]
15:06:12.0 (183172529)|HEAP_ALLOCATE|[153]|Bytes:5
15:06:12.0 (183194289)|HEAP_ALLOCATE|[153]|Bytes:16
15:06:12.0 (183207201)|VARIABLE_SCOPE_BEGIN|[153]|c|Class__c|true|false
15:06:12.0 (183233394)|VARIABLE_ASSIGNMENT|[153]|c|{"Id":"a0H0o00000fKjuZEAS","NumberOfFailedStudents__c":0,"NumberOfPassedStudents__c":0}|0x3197d8de
15:06:12.0 (183244987)|STATEMENT_EXECUTE|[154]
15:06:12.0 (183268669)|STATEMENT_EXECUTE|[156]
15:06:12.0 (183283157)|STATEMENT_EXECUTE|[172]
15:06:12.0 (183296681)|HEAP_ALLOCATE|[153]|Bytes:5
15:06:12.0 (183315703)|HEAP_ALLOCATE|[153]|Bytes:16
15:06:12.0 (183326519)|VARIABLE_SCOPE_BEGIN|[153]|c|Class__c|true|false
15:06:12.0 (183351472)|VARIABLE_ASSIGNMENT|[153]|c|{"Id":"a0H0o00000fKjuaEAC","NumberOfFailedStudents__c":0,"NumberOfPassedStudents__c":0}|0x650c4096
15:06:12.0 (183363191)|STATEMENT_EXECUTE|[154]
15:06:12.0 (183384362)|STATEMENT_EXECUTE|[156]
15:06:12.0 (183398263)|STATEMENT_EXECUTE|[172]
15:06:12.0 (183410507)|HEAP_ALLOCATE|[153]|Bytes:5
15:06:12.0 (183429364)|HEAP_ALLOCATE|[153]|Bytes:16
15:06:12.0 (183440256)|VARIABLE_SCOPE_BEGIN|[153]|c|Class__c|true|false
15:06:12.0 (183466251)|VARIABLE_ASSIGNMENT|[153]|c|{"Id":"a0H0o00000fKjubEAC","NumberOfFailedStudents__c":0,"NumberOfPassedStudents__c":0}|0x4bc147f7
15:06:12.0 (183476088)|STATEMENT_EXECUTE|[154]
15:06:12.0 (183496971)|STATEMENT_EXECUTE|[157]
15:06:12.0 (183556844)|STATEMENT_EXECUTE|[160]
15:06:12.0 (183559830)|STATEMENT_EXECUTE|[161]
15:06:12.0 (183619018)|HEAP_ALLOCATE|[161]|Bytes:28
15:06:12.0 (183686002)|HEAP_ALLOCATE|[161]|Bytes:28
15:06:12.0 (183694208)|HEAP_ALLOCATE|[161]|Bytes:28
15:06:12.0 (183733747)|HEAP_ALLOCATE|[161]|Bytes:28
15:06:12.0 (183741174)|HEAP_ALLOCATE|[161]|Bytes:28
15:06:12.0 (183835169)|VARIABLE_ASSIGNMENT|[161]|this.NumberOfFailedStudents__c|2|0x4bc147f7
15:06:12.0 (183848731)|STATEMENT_EXECUTE|[168]
15:06:12.0 (183896725)|HEAP_ALLOCATE|[168]|Bytes:8
15:06:12.0 (183918409)|DML_BEGIN|[168]|Op:Update|Type:Class__c|Rows:1
15:06:12.0 (183961349)|HEAP_ALLOCATE|[EXTERNAL]|Bytes:8
15:06:12.0 (196358515)|DML_END|[168]
15:06:12.0 (196388796)|STATEMENT_EXECUTE|[169]
15:06:12.0 (196509116)|STATEMENT_EXECUTE|[173]
15:06:12.0 (196567364)|STATEMENT_EXECUTE|[176]
15:06:12.0 (196570425)|STATEMENT_EXECUTE|[177]
15:06:12.0 (196629176)|HEAP_ALLOCATE|[177]|Bytes:28
15:06:12.0 (196701737)|HEAP_ALLOCATE|[177]|Bytes:28
15:06:12.0 (196711553)|HEAP_ALLOCATE|[177]|Bytes:28
15:06:12.0 (196752143)|HEAP_ALLOCATE|[177]|Bytes:28
15:06:12.0 (196783479)|HEAP_ALLOCATE|[177]|Bytes:28
15:06:12.0 (196887847)|VARIABLE_ASSIGNMENT|[177]|this.NumberOfPassedStudents__c|3|0x4bc147f7
15:06:12.0 (196902135)|STATEMENT_EXECUTE|[184]
15:06:12.0 (196935815)|HEAP_ALLOCATE|[184]|Bytes:8
15:06:12.0 (196956159)|DML_BEGIN|[184]|Op:Update|Type:Class__c|Rows:1
15:06:12.0 (197004100)|HEAP_ALLOCATE|[EXTERNAL]|Bytes:8
15:06:12.0 (209129862)|DML_END|[184]
15:06:12.0 (209159868)|STATEMENT_EXECUTE|[185]
15:06:12.0 (209300720)|HEAP_ALLOCATE|[153]|Bytes:5
15:06:12.0 (209342257)|VARIABLE_ASSIGNMENT|[153]|c|null|
15:06:12.0 (209369689)|METHOD_EXIT|[52]|01p0o00000GMOB6|TriggerHandle.executeNOFAPStudentsUpdate(List<Student__c>, String)
15:06:12.0 (209389822)|SYSTEM_MODE_EXIT|false
15:06:12.0 (209403933)|METHOD_EXIT|[20]|01p0o00000GMOB6|TriggerHandle.onAfterInsert(List<Student__c>)
15:06:12.209 (209422560)|CUMULATIVE_LIMIT_USAGE
15:06:12.209 (209422560)|LIMIT_USAGE_FOR_NS|(default)|
  Number of SOQL queries: 3 out of 100
  Number of query rows: 9 out of 50000
  Number of SOSL queries: 0 out of 20
  Number of DML statements: 6 out of 150
  Number of DML rows: 13 out of 10000
  Maximum CPU time: 0 out of 10000
  Maximum heap size: 0 out of 6000000
  Number of callouts: 0 out of 100
  Number of Email Invocations: 0 out of 10
  Number of future calls: 0 out of 50
  Number of queueable jobs added to the queue: 0 out of 50
  Number of Mobile Apex push calls: 0 out of 10

15:06:12.209 (209422560)|CUMULATIVE_LIMIT_USAGE_END

15:06:12.0 (211007342)|CODE_UNIT_FINISHED|triggerStudent on Student trigger event AfterInsert|__sfdc_trigger/triggerStudent
15:06:12.0 (216379837)|DML_END|[64]
15:06:12.0 (216466944)|HEAP_ALLOCATE|[EXTERNAL]|Bytes:24
15:06:12.216 (216507692)|CUMULATIVE_LIMIT_USAGE
15:06:12.216 (216507692)|LIMIT_USAGE_FOR_NS|(default)|
  Number of SOQL queries: 3 out of 100
  Number of query rows: 9 out of 50000
  Number of SOSL queries: 0 out of 20
  Number of DML statements: 6 out of 150
  Number of DML rows: 13 out of 10000
  Maximum CPU time: 0 out of 10000
  Maximum heap size: 0 out of 6000000
  Number of callouts: 0 out of 100
  Number of Email Invocations: 0 out of 10
  Number of future calls: 0 out of 50
  Number of queueable jobs added to the queue: 0 out of 50
  Number of Mobile Apex push calls: 0 out of 10

15:06:12.216 (216507692)|CUMULATIVE_LIMIT_USAGE_END

15:06:12.0 (216551037)|CODE_UNIT_FINISHED|StudentDetailsControllerTest.setup()
15:06:12.0 (220798495)|EXECUTION_FINISHED
15:06:12.246 (246706408)|USER_INFO|[EXTERNAL]|0050o00000WkyGG|ttvy@keizu.co.jp|Indochina Time|GMT+07:00
15:06:12.246 (246730016)|EXECUTION_STARTED
15:06:12.246 (246736200)|CODE_UNIT_STARTED|[EXTERNAL]|01p0o00000GMf1q|StudentDetailsControllerTest.testStudentDetailsController()
15:06:12.246 (246937970)|HEAP_ALLOCATE|[72]|Bytes:3
15:06:12.246 (246994873)|HEAP_ALLOCATE|[77]|Bytes:152
15:06:12.246 (247017666)|HEAP_ALLOCATE|[342]|Bytes:408
15:06:12.246 (247034057)|HEAP_ALLOCATE|[355]|Bytes:408
15:06:12.246 (247047413)|HEAP_ALLOCATE|[467]|Bytes:48
15:06:12.246 (247079759)|HEAP_ALLOCATE|[139]|Bytes:6
15:06:12.246 (247097265)|HEAP_ALLOCATE|[EXTERNAL]|Bytes:50
15:06:12.246 (247111722)|METHOD_ENTRY|[2]|01p0o00000GMf1q|StudentDetailsControllerTest.StudentDetailsControllerTest()
15:06:12.246 (247118161)|STATEMENT_EXECUTE|[2]
15:06:12.246 (247125755)|STATEMENT_EXECUTE|[2]
15:06:12.246 (247129958)|METHOD_EXIT|[2]|StudentDetailsControllerTest
15:06:12.246 (247160450)|HEAP_ALLOCATE|[50]|Bytes:5
15:06:12.246 (247187729)|HEAP_ALLOCATE|[56]|Bytes:5
15:06:12.246 (247195037)|HEAP_ALLOCATE|[64]|Bytes:7
15:06:12.246 (247244846)|STATEMENT_EXECUTE|[69]
15:06:12.246 (247247110)|STATEMENT_EXECUTE|[71]
15:06:12.246 (247330069)|HEAP_ALLOCATE|[71]|Bytes:70
15:06:12.246 (247342168)|SYSTEM_METHOD_ENTRY|[1]|Test.Test()
15:06:12.246 (247346004)|STATEMENT_EXECUTE|[1]
15:06:12.246 (247352510)|SYSTEM_METHOD_EXIT|[1]|Test
15:06:12.246 (247372368)|METHOD_ENTRY|[71]||System.Test.startTest()
15:06:12.246 (249748956)|METHOD_EXIT|[71]||System.Test.startTest()
15:06:12.246 (249762145)|STATEMENT_EXECUTE|[72]
15:06:12.246 (249778486)|HEAP_ALLOCATE|[72]|Bytes:14
15:06:12.246 (249853122)|METHOD_ENTRY|[72]||System.Test.setCurrentPage(Object)
15:06:12.246 (249957677)|METHOD_EXIT|[72]||System.Test.setCurrentPage(Object)
15:06:12.246 (249967268)|STATEMENT_EXECUTE|[73]
15:06:12.246 (249972874)|HEAP_ALLOCATE|[73]|Bytes:49
15:06:12.246 (250011541)|HEAP_ALLOCATE|[73]|Bytes:4
15:06:12.246 (250330576)|SOQL_EXECUTE_BEGIN|[73]|Aggregations:0|SELECT id FROM Student__c WHERE Namef__c = 'vy 1'
15:06:12.246 (253541281)|SOQL_EXECUTE_END|[73]|Rows:1
15:06:12.246 (253588486)|HEAP_ALLOCATE|[73]|Bytes:8
15:06:12.246 (253624776)|HEAP_ALLOCATE|[73]|Bytes:29
15:06:12.246 (253713532)|HEAP_ALLOCATE|[73]|Bytes:8
15:06:12.246 (253735628)|HEAP_ALLOCATE|[73]|Bytes:36
15:06:12.246 (253792264)|HEAP_ALLOCATE|[73]|Bytes:8
15:06:12.246 (253808434)|VARIABLE_SCOPE_BEGIN|[73]|s|Student__c|true|false
15:06:12.246 (253857227)|VARIABLE_ASSIGNMENT|[73]|s|{"Id":"a0I0o000019bYUVEA2"}|0x292beb03
15:06:12.246 (253867282)|STATEMENT_EXECUTE|[74]
15:06:12.246 (254016535)|USER_DEBUG|[74]|DEBUG|a0I0o000019bYUVEA2
15:06:12.246 (254034195)|STATEMENT_EXECUTE|[75]
15:06:12.246 (254044104)|HEAP_ALLOCATE|[75]|Bytes:24
15:06:12.246 (254133766)|HEAP_ALLOCATE|[75]|Bytes:18
15:06:12.246 (254161391)|HEAP_ALLOCATE|[75]|Bytes:42
15:06:12.246 (254232373)|METHOD_ENTRY|[75]||System.Test.setCurrentPage(Object)
15:06:12.246 (254295410)|METHOD_EXIT|[75]||System.Test.setCurrentPage(Object)
15:06:12.246 (254304300)|STATEMENT_EXECUTE|[76]
15:06:12.246 (254306769)|STATEMENT_EXECUTE|[77]
15:06:12.246 (254308840)|STATEMENT_EXECUTE|[78]
15:06:12.246 (256419007)|HEAP_ALLOCATE|[78]|Bytes:252
15:06:12.246 (256433984)|HEAP_ALLOCATE|[78]|Bytes:33
15:06:12.246 (256439153)|HEAP_ALLOCATE|[78]|Bytes:2
15:06:12.246 (256463029)|METHOD_ENTRY|[1]|01p0o00000GMTHL|StudentDetailsController.StudentDetailsController()
15:06:12.246 (256469299)|STATEMENT_EXECUTE|[1]
15:06:12.246 (256475043)|STATEMENT_EXECUTE|[1]
15:06:12.246 (257064883)|SYSTEM_MODE_ENTER|false
15:06:12.246 (257093063)|HEAP_ALLOCATE|[78]|Bytes:5
15:06:12.246 (257104331)|SYSTEM_MODE_EXIT|false
15:06:12.246 (257117976)|METHOD_EXIT|[1]|StudentDetailsController
15:06:12.246 (257148505)|HEAP_ALLOCATE|[78]|Bytes:40
15:06:12.246 (257172315)|CONSTRUCTOR_ENTRY|[78]|01p0o00000GMTHL|<init>()|StudentDetailsController
15:06:12.246 (257215076)|VARIABLE_SCOPE_BEGIN|[12]|this|StudentDetailsController|true|false
15:06:12.246 (257281727)|VARIABLE_ASSIGNMENT|[12]|this|{}|0x694beae8
15:06:12.246 (257297035)|SYSTEM_MODE_ENTER|false
15:06:12.246 (257303345)|HEAP_ALLOCATE|[13]|Bytes:5
15:06:12.246 (257308833)|STATEMENT_EXECUTE|[1]
15:06:12.246 (257312309)|HEAP_ALLOCATE|[13]|Bytes:5
15:06:12.246 (257315949)|STATEMENT_EXECUTE|[2]
15:06:12.246 (257317647)|STATEMENT_EXECUTE|[3]
15:06:12.246 (257319164)|STATEMENT_EXECUTE|[4]
15:06:12.246 (257320834)|STATEMENT_EXECUTE|[5]
15:06:12.246 (257322245)|STATEMENT_EXECUTE|[6]
15:06:12.246 (257323769)|STATEMENT_EXECUTE|[7]
15:06:12.246 (257325164)|STATEMENT_EXECUTE|[8]
15:06:12.246 (257326549)|STATEMENT_EXECUTE|[9]
15:06:12.246 (257327951)|STATEMENT_EXECUTE|[10]
15:06:12.246 (257338523)|HEAP_ALLOCATE|[13]|Bytes:6
15:06:12.246 (257367461)|STATEMENT_EXECUTE|[12]
15:06:12.246 (257369371)|STATEMENT_EXECUTE|[13]
15:06:12.246 (257443414)|HEAP_ALLOCATE|[13]|Bytes:44
15:06:12.246 (257524506)|HEAP_ALLOCATE|[13]|Bytes:20
15:06:12.246 (257554849)|HEAP_ALLOCATE|[13]|Bytes:2
15:06:12.246 (257584812)|VARIABLE_SCOPE_BEGIN|[13]|studentId|String|false|false
15:06:12.246 (257614698)|VARIABLE_ASSIGNMENT|[13]|studentId|"a0I0o000019bYUVEA2"
15:06:12.246 (257621237)|STATEMENT_EXECUTE|[14]
15:06:12.246 (257642573)|USER_DEBUG|[14]|DEBUG|a0I0o000019bYUVEA2
15:06:12.246 (257650350)|STATEMENT_EXECUTE|[15]
15:06:12.246 (257678387)|METHOD_ENTRY|[15]|01p0o00000GMTHL|StudentDetailsController.getStudentDetails(String)
15:06:12.246 (257703220)|VARIABLE_SCOPE_BEGIN|[18]|this|StudentDetailsController|true|false
15:06:12.246 (257726705)|VARIABLE_ASSIGNMENT|[18]|this|{}|0x694beae8
15:06:12.246 (257733670)|VARIABLE_SCOPE_BEGIN|[18]|studentId|String|false|false
15:06:12.246 (257743098)|VARIABLE_ASSIGNMENT|[18]|studentId|"a0I0o000019bYUVEA2"
15:06:12.246 (257762636)|HEAP_ALLOCATE|[19]|Bytes:5
15:06:12.246 (257768018)|STATEMENT_EXECUTE|[18]
15:06:12.246 (257769721)|STATEMENT_EXECUTE|[19]
15:06:12.246 (257772644)|HEAP_ALLOCATE|[19]|Bytes:145
15:06:12.246 (257788750)|HEAP_ALLOCATE|[19]|Bytes:4
15:06:12.246 (257797709)|HEAP_ALLOCATE|[19]|Bytes:7
15:06:12.246 (258330490)|SOQL_EXECUTE_BEGIN|[19]|Aggregations:0|SELECT AverageScore__c, Birthday__c, Namef__c, Namel__c, Score1__c, Score2__c, Score3__c, State__c, Gender__c FROM Student__c WHERE id = :tmpVar1
15:06:12.246 (262698671)|SOQL_EXECUTE_END|[19]|Rows:1
15:06:12.246 (262730274)|HEAP_ALLOCATE|[19]|Bytes:8
15:06:12.246 (262757127)|HEAP_ALLOCATE|[19]|Bytes:319
15:06:12.246 (262793487)|HEAP_ALLOCATE|[19]|Bytes:8
15:06:12.246 (262824562)|HEAP_ALLOCATE|[19]|Bytes:44
15:06:12.246 (262836196)|VARIABLE_SCOPE_BEGIN|[19]|student|Student__c|true|false
15:06:12.246 (262898392)|VARIABLE_ASSIGNMENT|[19]|student|{"AverageScore__c":6.67,"Birthday__c":"2011-03-21T00:00:00.000Z","Namef__c":"vy 1","Namel__c":"truong","Score1__c":4.00,"Score2__c":7.00,"Score3__c":9.00,"State__c":"Passed","Gender__c":true,"Id":"a0I0o000019bYUVEA2"}|0x6c1a7a3b
15:06:12.246 (262909589)|STATEMENT_EXECUTE|[32]
15:06:12.246 (263035950)|VARIABLE_ASSIGNMENT|[EXTERNAL]|this|{}|0x694beae8
15:06:12.246 (263049578)|VARIABLE_ASSIGNMENT|[EXTERNAL]|value|"truong"
15:06:12.246 (263065980)|VARIABLE_ASSIGNMENT|[2]|this.lastNameDetails|"truong"|0x694beae8
15:06:12.246 (263079438)|STATEMENT_EXECUTE|[33]
15:06:12.246 (263150686)|VARIABLE_ASSIGNMENT|[EXTERNAL]|this|{"lastNameDetails":"truong"}|0x694beae8
15:06:12.246 (263162424)|VARIABLE_ASSIGNMENT|[EXTERNAL]|value|"vy 1"
15:06:12.246 (263172034)|VARIABLE_ASSIGNMENT|[3]|this.firstNameDetails|"vy 1"|0x694beae8
15:06:12.246 (263208380)|STATEMENT_EXECUTE|[34]
15:06:12.246 (263210395)|STATEMENT_EXECUTE|[35]
15:06:12.246 (263215071)|HEAP_ALLOCATE|[35]|Bytes:6
15:06:12.246 (263268491)|VARIABLE_ASSIGNMENT|[EXTERNAL]|this|{"firstNameDetails":"vy 1","lastNameDetails":"truong"}|0x694beae8
15:06:12.246 (263279799)|VARIABLE_ASSIGNMENT|[EXTERNAL]|value|"Female"
15:06:12.246 (263288857)|VARIABLE_ASSIGNMENT|[4]|this.genderDetails|"Female"|0x694beae8
15:06:12.246 (263300254)|STATEMENT_EXECUTE|[39]
15:06:12.246 (263427064)|HEAP_ALLOCATE|[39]|Bytes:10
15:06:12.246 (263472247)|VARIABLE_ASSIGNMENT|[EXTERNAL]|this|{"firstNameDetails":"vy 1","genderDetails":"Female","lastNameDetails":"truong"}|0x694beae8
15:06:12.246 (263482920)|VARIABLE_ASSIGNMENT|[EXTERNAL]|value|"21/03/2011"
15:06:12.246 (263493255)|VARIABLE_ASSIGNMENT|[5]|this.birthdayDetails|"21/03/2011"|0x694beae8
15:06:12.246 (263503572)|STATEMENT_EXECUTE|[40]
15:06:12.246 (263545029)|HEAP_ALLOCATE|[40]|Bytes:12
15:06:12.246 (263621436)|VARIABLE_ASSIGNMENT|[EXTERNAL]|this|{"birthdayDetails":"21/03/2011","firstNameDetails":"vy 1","genderDetails":"Female","lastNameDetails":"truong"}|0x694beae8
15:06:12.246 (263649269)|VARIABLE_ASSIGNMENT|[EXTERNAL]|value|4.0
15:06:12.246 (263661247)|VARIABLE_ASSIGNMENT|[6]|this.score1Details|4.0|0x694beae8
15:06:12.246 (263671445)|STATEMENT_EXECUTE|[41]
15:06:12.246 (263681545)|HEAP_ALLOCATE|[41]|Bytes:12
15:06:12.246 (263728872)|VARIABLE_ASSIGNMENT|[EXTERNAL]|this|{"birthdayDetails":"21/03/2011","firstNameDetails":"vy 1","genderDetails":"Female","lastNameDetails":"truong","score1Details":4.0}|0x694beae8
15:06:12.246 (263738844)|VARIABLE_ASSIGNMENT|[EXTERNAL]|value|7.0
15:06:12.246 (263748496)|VARIABLE_ASSIGNMENT|[7]|this.score2Details|7.0|0x694beae8
15:06:12.246 (263757047)|STATEMENT_EXECUTE|[42]
15:06:12.246 (263766109)|HEAP_ALLOCATE|[42]|Bytes:12
15:06:12.246 (263809325)|VARIABLE_ASSIGNMENT|[EXTERNAL]|this|{"birthdayDetails":"21/03/2011","firstNameDetails":"vy 1","genderDetails":"Female","lastNameDetails":"truong","score1Details":4.0,"score2Details":7.0}|0x694beae8
15:06:12.246 (263819805)|VARIABLE_ASSIGNMENT|[EXTERNAL]|value|9.0
15:06:12.246 (263829564)|VARIABLE_ASSIGNMENT|[8]|this.score3Details|9.0|0x694beae8
15:06:12.246 (263838192)|STATEMENT_EXECUTE|[43]
15:06:12.246 (263883311)|HEAP_ALLOCATE|[43]|Bytes:28
15:06:12.246 (263890185)|HEAP_ALLOCATE|[43]|Bytes:12
15:06:12.246 (263940626)|VARIABLE_ASSIGNMENT|[EXTERNAL]|this|{"birthdayDetails":"21/03/2011","firstNameDetails":"vy 1","genderDetails":"Female","lastNameDetails":"truong","score1Details":4.0,"score2Details":7.0,"score3Details":9.0}|0x694beae8
15:06:12.246 (263951770)|VARIABLE_ASSIGNMENT|[EXTERNAL]|value|6.67
15:06:12.246 (263960532)|VARIABLE_ASSIGNMENT|[9]|this.averageScoreDetails|6.67|0x694beae8
15:06:12.246 (263968980)|STATEMENT_EXECUTE|[44]
15:06:12.246 (264018801)|VARIABLE_ASSIGNMENT|[EXTERNAL]|this|{"averageScoreDetails":6.67,"birthdayDetails":"21/03/2011","firstNameDetails":"vy 1","genderDetails":"Female","lastNameDetails":"truong","score1Details":4.0,"score2Details":7.0,"score3Details":9.0}|0x694beae8
15:06:12.246 (264030214)|VARIABLE_ASSIGNMENT|[EXTERNAL]|value|"Passed"
15:06:12.246 (264038591)|VARIABLE_ASSIGNMENT|[10]|this.stateDetails|"Passed"|0x694beae8
15:06:12.246 (264054818)|METHOD_EXIT|[15]|01p0o00000GMTHL|StudentDetailsController.getStudentDetails(String)
15:06:12.246 (264062897)|SYSTEM_MODE_EXIT|false
15:06:12.246 (264074001)|CONSTRUCTOR_EXIT|[78]|01p0o00000GMTHL|<init>()|StudentDetailsController
15:06:12.246 (264081924)|VARIABLE_SCOPE_BEGIN|[78]|studentDetailsController|StudentDetailsController|true|false
15:06:12.246 (264111725)|VARIABLE_ASSIGNMENT|[78]|studentDetailsController|{"averageScoreDetails":6.67,"birthdayDetails":"21/03/2011","firstNameDetails":"vy 1","genderDetails":"Female","lastNameDetails":"truong","score1Details":4.0,"score2Details":7.0,"score3Details":9.0,"stateDetails":"Passed"}|0x694beae8
15:06:12.246 (264124700)|STATEMENT_EXECUTE|[79]
15:06:12.246 (264137947)|METHOD_ENTRY|[79]|01p0o00000GMTHL|StudentDetailsController.goBack()
15:06:12.246 (264152424)|VARIABLE_SCOPE_BEGIN|[47]|this|StudentDetailsController|true|false
15:06:12.246 (264180798)|VARIABLE_ASSIGNMENT|[47]|this|{"averageScoreDetails":6.67,"birthdayDetails":"21/03/2011","firstNameDetails":"vy 1","genderDetails":"Female","lastNameDetails":"truong","score1Details":4.0,"score2Details":7.0,"score3Details":9.0,"stateDetails":"Passed"}|0x694beae8
15:06:12.246 (264203970)|SYSTEM_MODE_ENTER|false
15:06:12.246 (264211328)|HEAP_ALLOCATE|[48]|Bytes:5
15:06:12.246 (264215417)|STATEMENT_EXECUTE|[47]
15:06:12.246 (264217125)|STATEMENT_EXECUTE|[48]
15:06:12.246 (264223231)|HEAP_ALLOCATE|[48]|Bytes:14
15:06:12.246 (264259096)|VARIABLE_SCOPE_BEGIN|[48]|pg|System.PageReference|true|false
15:06:12.246 (266015810)|VARIABLE_ASSIGNMENT|[48]|pg|"/apex/MainPage"|0x5b528983
15:06:12.246 (266028607)|STATEMENT_EXECUTE|[49]
15:06:12.246 (266095492)|STATEMENT_EXECUTE|[50]
15:06:12.246 (266102053)|SYSTEM_MODE_EXIT|false
15:06:12.246 (266113381)|METHOD_EXIT|[79]|01p0o00000GMTHL|StudentDetailsController.goBack()
15:06:12.246 (266121719)|STATEMENT_EXECUTE|[81]
15:06:12.246 (266130282)|HEAP_ALLOCATE|[81]|Bytes:20
15:06:12.246 (266164815)|VARIABLE_SCOPE_BEGIN|[81]|pageReference|System.PageReference|true|false
15:06:12.246 (266762358)|VARIABLE_ASSIGNMENT|[81]|pageReference|"/apex/studentdetails"|0x607eb64
15:06:12.246 (266772831)|STATEMENT_EXECUTE|[82]
15:06:12.246 (266789466)|METHOD_ENTRY|[82]||System.Test.setCurrentPage(Object)
15:06:12.246 (266843102)|METHOD_EXIT|[82]||System.Test.setCurrentPage(Object)
15:06:12.246 (266848775)|STATEMENT_EXECUTE|[83]
15:06:12.246 (266886436)|HEAP_ALLOCATE|[83]|Bytes:0
15:06:12.246 (266949259)|HEAP_ALLOCATE|[EXTERNAL]|Bytes:-4
15:06:12.246 (266958656)|STATEMENT_EXECUTE|[84]
15:06:12.246 (266972036)|METHOD_ENTRY|[84]|01p0o00000GMTHL|StudentDetailsController.goUpdate()
15:06:12.246 (266987217)|VARIABLE_SCOPE_BEGIN|[53]|this|StudentDetailsController|true|false
15:06:12.246 (267033156)|VARIABLE_ASSIGNMENT|[53]|this|{"averageScoreDetails":6.67,"birthdayDetails":"21/03/2011","firstNameDetails":"vy 1","genderDetails":"Female","lastNameDetails":"truong","score1Details":4.0,"score2Details":7.0,"score3Details":9.0,"stateDetails":"Passed"}|0x694beae8
15:06:12.246 (267054993)|SYSTEM_MODE_ENTER|false
15:06:12.246 (267063490)|HEAP_ALLOCATE|[54]|Bytes:5
15:06:12.246 (267069098)|STATEMENT_EXECUTE|[53]
15:06:12.246 (267070773)|STATEMENT_EXECUTE|[54]
15:06:12.246 (267097698)|HEAP_ALLOCATE|[54]|Bytes:44
15:06:12.246 (267123108)|HEAP_ALLOCATE|[54]|Bytes:20
15:06:12.246 (267151204)|VARIABLE_SCOPE_BEGIN|[54]|studentId|String|false|false
15:06:12.246 (267163875)|VARIABLE_ASSIGNMENT|[54]|studentId|"a0I0o000019bYUVEA2"
15:06:12.246 (267168460)|STATEMENT_EXECUTE|[55]
15:06:12.246 (267173712)|HEAP_ALLOCATE|[55]|Bytes:23
15:06:12.246 (267183389)|HEAP_ALLOCATE|[55]|Bytes:41
15:06:12.246 (267214601)|VARIABLE_SCOPE_BEGIN|[55]|pg|System.PageReference|true|false
15:06:12.246 (267796105)|VARIABLE_ASSIGNMENT|[55]|pg|"/apex/UpdateStudent?id=a0I0o000019bYUVEA2"|0x64819d7f
15:06:12.246 (267805764)|STATEMENT_EXECUTE|[56]
15:06:12.246 (267842377)|STATEMENT_EXECUTE|[57]
15:06:12.246 (267847752)|SYSTEM_MODE_EXIT|false
15:06:12.246 (267856632)|METHOD_EXIT|[84]|01p0o00000GMTHL|StudentDetailsController.goUpdate()
15:06:12.246 (267862624)|STATEMENT_EXECUTE|[85]
15:06:12.267 (267901362)|CUMULATIVE_LIMIT_USAGE
15:06:12.267 (267901362)|LIMIT_USAGE_FOR_NS|(default)|
  Number of SOQL queries: 3 out of 100
  Number of query rows: 9 out of 50000
  Number of SOSL queries: 0 out of 20
  Number of DML statements: 6 out of 150
  Number of DML rows: 13 out of 10000
  Maximum CPU time: 0 out of 10000
  Maximum heap size: 0 out of 6000000
  Number of callouts: 0 out of 100
  Number of Email Invocations: 0 out of 10
  Number of future calls: 0 out of 50
  Number of queueable jobs added to the queue: 0 out of 50
  Number of Mobile Apex push calls: 0 out of 10

15:06:12.267 (267901362)|TESTING_LIMITS
15:06:12.267 (267901362)|LIMIT_USAGE_FOR_NS|(default)|
  Number of SOQL queries: 2 out of 100
  Number of query rows: 2 out of 50000
  Number of SOSL queries: 0 out of 20
  Number of DML statements: 0 out of 150
  Number of DML rows: 0 out of 10000
  Maximum CPU time: 0 out of 10000
  Maximum heap size: 0 out of 6000000
  Number of callouts: 0 out of 100
  Number of Email Invocations: 0 out of 10
  Number of future calls: 0 out of 50
  Number of queueable jobs added to the queue: 0 out of 50
  Number of Mobile Apex push calls: 0 out of 10

15:06:12.267 (267901362)|CUMULATIVE_LIMIT_USAGE_END

15:06:12.246 (267941131)|CODE_UNIT_FINISHED|StudentDetailsControllerTest.testStudentDetailsController()
15:06:12.246 (269584338)|EXECUTION_FINISHED
