36.0 APEX_CODE,FINEST;APEX_PROFILING,INFO;CALLOUT,INFO;DB,INFO;NBA,INFO;SYSTEM,DEBUG;VALIDATION,INFO;VISUALFORCE,INFO;WAVE,INFO;WORKFLOW,INFO
00:48:15.0 (420757)|USER_INFO|[EXTERNAL]|0050o00000WkyGG|ttvy@keizu.co.jp|Pacific Standard Time|GMT-07:00
00:48:15.0 (458319)|EXECUTION_STARTED
00:48:15.0 (462944)|CODE_UNIT_STARTED|[EXTERNAL]|0660o000008sEYc|VF: /apex/MainPage
00:48:15.0 (2753198)|SYSTEM_MODE_ENTER|true
00:48:15.0 (3106098)|HEAP_ALLOCATE|[72]|Bytes:3
00:48:15.0 (3139956)|HEAP_ALLOCATE|[77]|Bytes:152
00:48:15.0 (3154893)|HEAP_ALLOCATE|[342]|Bytes:408
00:48:15.0 (3168472)|HEAP_ALLOCATE|[355]|Bytes:408
00:48:15.0 (3179895)|HEAP_ALLOCATE|[467]|Bytes:48
00:48:15.0 (3205820)|HEAP_ALLOCATE|[139]|Bytes:6
00:48:15.0 (3223413)|HEAP_ALLOCATE|[EXTERNAL]|Bytes:176
00:48:15.0 (3228882)|HEAP_ALLOCATE|[EXTERNAL]|Bytes:20
00:48:15.0 (3232552)|HEAP_ALLOCATE|[EXTERNAL]|Bytes:2
00:48:15.0 (3242793)|METHOD_ENTRY|[1]|01p0o00000GLKhZ|Controller.Controller()
00:48:15.0 (3249801)|STATEMENT_EXECUTE|[1]
00:48:15.0 (3254400)|STATEMENT_EXECUTE|[1]
00:48:15.0 (3278974)|HEAP_ALLOCATE|[50]|Bytes:5
00:48:15.0 (3299047)|HEAP_ALLOCATE|[56]|Bytes:5
00:48:15.0 (3306358)|HEAP_ALLOCATE|[64]|Bytes:7
00:48:15.0 (3321066)|SYSTEM_MODE_ENTER|false
00:48:15.0 (3331099)|HEAP_ALLOCATE|[EXTERNAL]|Bytes:5
00:48:15.0 (3336891)|SYSTEM_MODE_EXIT|false
00:48:15.0 (3344236)|METHOD_EXIT|[1]|Controller
00:48:15.0 (3358777)|HEAP_ALLOCATE|[EXTERNAL]|Bytes:24
00:48:15.0 (3365899)|VARIABLE_SCOPE_BEGIN|[1]|this|Controller|true|false
00:48:15.0 (3410887)|VARIABLE_ASSIGNMENT|[1]|this|{}|0x5a4f4bfb
00:48:15.0 (3422244)|SYSTEM_MODE_ENTER|false
00:48:15.0 (3427712)|HEAP_ALLOCATE|[EXTERNAL]|Bytes:5
00:48:15.0 (3435306)|HEAP_ALLOCATE|[EXTERNAL]|Bytes:6
00:48:15.0 (3467681)|SYSTEM_MODE_EXIT|false
00:48:15.0 (3472910)|STATEMENT_EXECUTE|[1]
00:48:15.0 (3476715)|SYSTEM_MODE_ENTER|false
00:48:15.0 (3481437)|HEAP_ALLOCATE|[EXTERNAL]|Bytes:5
00:48:15.0 (3484906)|STATEMENT_EXECUTE|[2]
00:48:15.0 (3486455)|STATEMENT_EXECUTE|[3]
00:48:15.0 (3487817)|STATEMENT_EXECUTE|[4]
00:48:15.0 (3489166)|STATEMENT_EXECUTE|[5]
00:48:15.0 (3490607)|STATEMENT_EXECUTE|[6]
00:48:15.0 (3492730)|SYSTEM_MODE_EXIT|false
00:48:15.0 (3540230)|SYSTEM_MODE_ENTER|true
00:48:15.3 (3929412)|SYSTEM_MODE_ENTER|true
00:48:15.3 (3960589)|HEAP_ALLOCATE|[EXTERNAL]|Bytes:38
00:48:15.3 (3967637)|HEAP_ALLOCATE|[EXTERNAL]|Bytes:7
00:48:15.4 (4091426)|SYSTEM_MODE_ENTER|true
00:48:15.4 (4152670)|HEAP_ALLOCATE|[EXTERNAL]|Bytes:8
00:48:15.4 (4159986)|VARIABLE_SCOPE_BEGIN|[88]|this|ApexPage.PageMessagesComponentController|true|false
00:48:15.4 (4184039)|VARIABLE_ASSIGNMENT|[88]|this|{}|0x66524b4a
00:48:15.4 (4190856)|VARIABLE_SCOPE_BEGIN|[88]|escape|Boolean|false|false
00:48:15.4 (4199529)|VARIABLE_ASSIGNMENT|[88]|escape|null
00:48:15.4 (4303351)|SYSTEM_MODE_ENTER|true
00:48:15.4 (4341849)|HEAP_ALLOCATE|[EXTERNAL]|Bytes:8
00:48:15.4 (4348600)|VARIABLE_SCOPE_BEGIN|[2]|this|ApexPage.PageMessagesComponentController|true|false
00:48:15.4 (4367621)|VARIABLE_ASSIGNMENT|[2]|this|{}|0x66524b4a
00:48:15.0 (5054828)|SYSTEM_MODE_ENTER|true
00:48:15.0 (5764928)|SYSTEM_MODE_ENTER|true
00:48:15.0 (5956612)|SYSTEM_MODE_ENTER|true
00:48:15.0 (6002300)|HEAP_ALLOCATE|[EXTERNAL]|Bytes:24
00:48:15.0 (6011681)|VARIABLE_SCOPE_BEGIN|[8]|this|Controller|true|false
00:48:15.0 (6035703)|VARIABLE_ASSIGNMENT|[8]|this|{}|0x5a4f4bfb
00:48:15.0 (6048848)|SYSTEM_MODE_ENTER|false
00:48:15.0 (6055877)|HEAP_ALLOCATE|[9]|Bytes:5
00:48:15.0 (6060674)|STATEMENT_EXECUTE|[8]
00:48:15.0 (6062653)|STATEMENT_EXECUTE|[9]
00:48:15.0 (6074584)|HEAP_ALLOCATE|[9]|Bytes:4
00:48:15.0 (6102393)|VARIABLE_SCOPE_BEGIN|[9]|options|List<System.SelectOption>|true|false
00:48:15.0 (6124970)|HEAP_ALLOCATE|[EXTERNAL]|Bytes:4
00:48:15.0 (6136630)|VARIABLE_ASSIGNMENT|[9]|options|[]|0x2816dd71
00:48:15.0 (6142743)|STATEMENT_EXECUTE|[10]
00:48:15.0 (6145984)|HEAP_ALLOCATE|[10]|Bytes:33
00:48:15.0 (6160151)|HEAP_ALLOCATE|[10]|Bytes:4
00:48:15.0 (7244969)|SOQL_EXECUTE_BEGIN|[10]|Aggregations:0|SELECT className__C FROM Class__c
00:48:15.0 (9789168)|SOQL_EXECUTE_END|[10]|Rows:4
00:48:15.0 (9811504)|HEAP_ALLOCATE|[10]|Bytes:20
00:48:15.0 (9832674)|HEAP_ALLOCATE|[10]|Bytes:193
00:48:15.0 (9887794)|HEAP_ALLOCATE|[10]|Bytes:20
00:48:15.0 (9900077)|VARIABLE_SCOPE_BEGIN|[10]|data|List<Class__c>|true|false
00:48:15.0 (9941525)|VARIABLE_ASSIGNMENT|[10]|data|[{"className__c":"Name","Id":"a0H0o00000fIXZEEA4"},{"className__c":"L02","Id":"a0H0o00000fIXflEAG"},{"className__c":"L01","Id":"a0H0o00000fIXZYEA4"},{"className__c":"L03","Id":"a0H0o00000fIXg0EAG"}]|0x27184a56
00:48:15.0 (10102392)|HEAP_ALLOCATE|[11]|Bytes:5
00:48:15.0 (10126520)|HEAP_ALLOCATE|[11]|Bytes:12
00:48:15.0 (10136235)|VARIABLE_SCOPE_BEGIN|[11]|c|Class__c|true|false
00:48:15.0 (10152850)|VARIABLE_ASSIGNMENT|[11]|c|{"className__c":"Name","Id":"a0H0o00000fIXZEEA4"}|0x38b10232
00:48:15.0 (10160964)|STATEMENT_EXECUTE|[11]
00:48:15.0 (10162944)|STATEMENT_EXECUTE|[12]
00:48:15.0 (10170467)|HEAP_ALLOCATE|[12]|Bytes:12
00:48:15.0 (10243780)|HEAP_ALLOCATE|[12]|Bytes:4
00:48:15.0 (10274024)|HEAP_ALLOCATE|[12]|Bytes:4
00:48:15.0 (10315391)|HEAP_ALLOCATE|[EXTERNAL]|Bytes:4
00:48:15.0 (10330114)|HEAP_ALLOCATE|[11]|Bytes:5
00:48:15.0 (10341061)|HEAP_ALLOCATE|[11]|Bytes:12
00:48:15.0 (10347693)|VARIABLE_SCOPE_BEGIN|[11]|c|Class__c|true|false
00:48:15.0 (10363745)|VARIABLE_ASSIGNMENT|[11]|c|{"className__c":"L02","Id":"a0H0o00000fIXflEAG"}|0x736c47db
00:48:15.0 (10370268)|STATEMENT_EXECUTE|[11]
00:48:15.0 (10372083)|STATEMENT_EXECUTE|[12]
00:48:15.0 (10396423)|HEAP_ALLOCATE|[12]|Bytes:3
00:48:15.0 (10417431)|HEAP_ALLOCATE|[12]|Bytes:3
00:48:15.0 (10432282)|HEAP_ALLOCATE|[EXTERNAL]|Bytes:4
00:48:15.0 (10444249)|HEAP_ALLOCATE|[11]|Bytes:5
00:48:15.0 (10453277)|HEAP_ALLOCATE|[11]|Bytes:12
00:48:15.0 (10459209)|VARIABLE_SCOPE_BEGIN|[11]|c|Class__c|true|false
00:48:15.0 (10473029)|VARIABLE_ASSIGNMENT|[11]|c|{"className__c":"L01","Id":"a0H0o00000fIXZYEA4"}|0x43e29bdc
00:48:15.0 (10479440)|STATEMENT_EXECUTE|[11]
00:48:15.0 (10481069)|STATEMENT_EXECUTE|[12]
00:48:15.0 (10500368)|HEAP_ALLOCATE|[12]|Bytes:3
00:48:15.0 (10519819)|HEAP_ALLOCATE|[12]|Bytes:3
00:48:15.0 (10533144)|HEAP_ALLOCATE|[EXTERNAL]|Bytes:4
00:48:15.0 (10543795)|HEAP_ALLOCATE|[11]|Bytes:5
00:48:15.0 (10552436)|HEAP_ALLOCATE|[11]|Bytes:12
00:48:15.0 (10558248)|VARIABLE_SCOPE_BEGIN|[11]|c|Class__c|true|false
00:48:15.0 (10571093)|VARIABLE_ASSIGNMENT|[11]|c|{"className__c":"L03","Id":"a0H0o00000fIXg0EAG"}|0x3ef4a48e
00:48:15.0 (10576625)|STATEMENT_EXECUTE|[11]
00:48:15.0 (10578302)|STATEMENT_EXECUTE|[12]
00:48:15.0 (10596753)|HEAP_ALLOCATE|[12]|Bytes:3
00:48:15.0 (10615433)|HEAP_ALLOCATE|[12]|Bytes:3
00:48:15.0 (10628116)|HEAP_ALLOCATE|[EXTERNAL]|Bytes:4
00:48:15.0 (10638763)|HEAP_ALLOCATE|[11]|Bytes:5
00:48:15.0 (10649110)|VARIABLE_ASSIGNMENT|[11]|c|null|
00:48:15.0 (10654500)|STATEMENT_EXECUTE|[15]
00:48:15.0 (10658967)|SYSTEM_MODE_EXIT|false
00:48:15.0 (10829839)|SYSTEM_MODE_ENTER|true
00:48:15.11 (11946814)|SYSTEM_MODE_ENTER|true
00:48:15.11 (12013621)|HEAP_ALLOCATE|[EXTERNAL]|Bytes:8
00:48:15.11 (12022794)|VARIABLE_SCOPE_BEGIN|[88]|this|ApexPage.PageMessagesComponentController|true|false
00:48:15.11 (12050296)|VARIABLE_ASSIGNMENT|[88]|this|{}|0x66524b4a
00:48:15.11 (12057634)|VARIABLE_SCOPE_BEGIN|[88]|escape|Boolean|false|false
00:48:15.11 (12065846)|VARIABLE_ASSIGNMENT|[88]|escape|null
00:48:15.12 (12174645)|SYSTEM_MODE_ENTER|true
00:48:15.12 (12212209)|HEAP_ALLOCATE|[EXTERNAL]|Bytes:8
00:48:15.12 (12218417)|VARIABLE_SCOPE_BEGIN|[2]|this|ApexPage.PageMessagesComponentController|true|false
00:48:15.12 (12238381)|VARIABLE_ASSIGNMENT|[2]|this|{}|0x66524b4a
00:48:15.0 (12976247)|SYSTEM_MODE_ENTER|true
00:48:15.0 (14703077)|VF_SERIALIZE_VIEWSTATE_BEGIN|0660o000008sEYc
00:48:15.0 (25630518)|VF_SERIALIZE_VIEWSTATE_END
00:48:15.0 (27016279)|CODE_UNIT_STARTED|[EXTERNAL]|Generate Metadata
00:48:15.0 (27493674)|CODE_UNIT_FINISHED|Generate Metadata
00:48:15.30 (30181232)|CUMULATIVE_LIMIT_USAGE
00:48:15.30 (30181232)|LIMIT_USAGE_FOR_NS|(default)|
  Number of SOQL queries: 1 out of 100
  Number of query rows: 4 out of 50000
  Number of SOSL queries: 0 out of 20
  Number of DML statements: 0 out of 150
  Number of DML rows: 0 out of 10000
  Maximum CPU time: 0 out of 10000
  Maximum heap size: 0 out of 6000000
  Number of callouts: 0 out of 100
  Number of Email Invocations: 0 out of 10
  Number of future calls: 0 out of 50
  Number of queueable jobs added to the queue: 0 out of 50
  Number of Mobile Apex push calls: 0 out of 10

00:48:15.30 (30181232)|CUMULATIVE_LIMIT_USAGE_END

00:48:15.0 (30228196)|CODE_UNIT_FINISHED|VF: /apex/MainPage
00:48:15.0 (31117697)|EXECUTION_FINISHED
