36.0 APEX_CODE,FINEST;APEX_PROFILING,INFO;CALLOUT,INFO;DB,INFO;NBA,INFO;SYSTEM,DEBUG;VALIDATION,INFO;VISUALFORCE,INFO;WAVE,INFO;WORKFLOW,INFO
01:03:10.0 (109460)|USER_INFO|[EXTERNAL]|0050o00000WkyGG|ttvy@keizu.co.jp|Pacific Standard Time|GMT-07:00
01:03:10.0 (147216)|EXECUTION_STARTED
01:03:10.0 (152024)|CODE_UNIT_STARTED|[EXTERNAL]|0660o000008sEYc|VF: /apex/MainPage
01:03:10.0 (308872)|VF_DESERIALIZE_VIEWSTATE_BEGIN|0660o000008sEYc
01:03:10.0 (7451166)|HEAP_ALLOCATE|[72]|Bytes:3
01:03:10.0 (7495430)|HEAP_ALLOCATE|[77]|Bytes:152
01:03:10.0 (7507211)|HEAP_ALLOCATE|[342]|Bytes:408
01:03:10.0 (7518294)|HEAP_ALLOCATE|[355]|Bytes:408
01:03:10.0 (7529292)|HEAP_ALLOCATE|[467]|Bytes:48
01:03:10.0 (7554725)|HEAP_ALLOCATE|[139]|Bytes:6
01:03:10.0 (7579454)|HEAP_ALLOCATE|[50]|Bytes:5
01:03:10.0 (7597862)|HEAP_ALLOCATE|[56]|Bytes:5
01:03:10.0 (7606089)|HEAP_ALLOCATE|[64]|Bytes:7
01:03:10.0 (11830013)|VF_DESERIALIZE_VIEWSTATE_END
01:03:10.0 (12534228)|SYSTEM_MODE_ENTER|true
01:03:10.0 (12570315)|HEAP_ALLOCATE|[EXTERNAL]|Bytes:19
01:03:10.0 (12582125)|HEAP_ALLOCATE|[EXTERNAL]|Bytes:280
01:03:10.0 (12587693)|HEAP_ALLOCATE|[EXTERNAL]|Bytes:59
01:03:10.0 (12591711)|HEAP_ALLOCATE|[EXTERNAL]|Bytes:10
01:03:10.0 (12603179)|METHOD_ENTRY|[1]|01p0o00000GLKhZ|Controller.Controller()
01:03:10.0 (12610472)|STATEMENT_EXECUTE|[1]
01:03:10.0 (12615928)|STATEMENT_EXECUTE|[1]
01:03:10.0 (12623855)|SYSTEM_MODE_ENTER|false
01:03:10.0 (12635929)|HEAP_ALLOCATE|[EXTERNAL]|Bytes:5
01:03:10.0 (12642102)|STATEMENT_EXECUTE|[17]
01:03:10.0 (12644103)|STATEMENT_EXECUTE|[33]
01:03:10.0 (12648406)|SYSTEM_MODE_EXIT|false
01:03:10.0 (12657101)|METHOD_EXIT|[1]|Controller
01:03:10.0 (12711523)|HEAP_ALLOCATE|[EXTERNAL]|Bytes:188
01:03:10.0 (12718071)|HEAP_ALLOCATE|[EXTERNAL]|Bytes:17
01:03:10.14 (14693779)|SYSTEM_MODE_ENTER|true
01:03:10.14 (14763204)|HEAP_ALLOCATE|[EXTERNAL]|Bytes:38
01:03:10.14 (14773425)|HEAP_ALLOCATE|[EXTERNAL]|Bytes:7
01:03:10.15 (15567119)|SYSTEM_MODE_ENTER|true
01:03:10.15 (15630312)|HEAP_ALLOCATE|[EXTERNAL]|Bytes:8
01:03:10.15 (15639426)|VARIABLE_SCOPE_BEGIN|[88]|this|ApexPage.PageMessagesComponentController|true|false
01:03:10.15 (15675184)|VARIABLE_ASSIGNMENT|[88]|this|{}|0x2e4b1bfe
01:03:10.15 (15682438)|VARIABLE_SCOPE_BEGIN|[88]|escape|Boolean|false|false
01:03:10.15 (15690889)|VARIABLE_ASSIGNMENT|[88]|escape|null
01:03:10.0 (15823023)|SYSTEM_MODE_ENTER|true
01:03:10.0 (16499570)|SYSTEM_MODE_ENTER|true
01:03:10.0 (16646993)|SYSTEM_MODE_ENTER|true
01:03:10.0 (16903102)|HEAP_ALLOCATE|[EXTERNAL]|Bytes:40
01:03:10.0 (16913646)|VARIABLE_SCOPE_BEGIN|[67]|this|Controller|true|false
01:03:10.0 (16977879)|VARIABLE_ASSIGNMENT|[67]|this|{"objKeySearch":"0x64e6b8f1","OutputList":"0x6839b78f","student":"0x41b83af2","sumstudents":"Total Students : 2"}|0x47b5997a
01:03:10.0 (16994193)|SYSTEM_MODE_ENTER|false
01:03:10.0 (17002088)|HEAP_ALLOCATE|[68]|Bytes:5
01:03:10.0 (17009170)|STATEMENT_EXECUTE|[67]
01:03:10.0 (17012146)|STATEMENT_EXECUTE|[68]
01:03:10.0 (17024714)|HEAP_ALLOCATE|[68]|Bytes:4
01:03:10.0 (17060446)|VARIABLE_SCOPE_BEGIN|[68]|options|List<System.SelectOption>|true|false
01:03:10.0 (17088176)|HEAP_ALLOCATE|[EXTERNAL]|Bytes:4
01:03:10.0 (17100063)|VARIABLE_ASSIGNMENT|[68]|options|[]|0x18f7875
01:03:10.0 (17106060)|STATEMENT_EXECUTE|[69]
01:03:10.0 (17109290)|HEAP_ALLOCATE|[69]|Bytes:33
01:03:10.0 (17134677)|HEAP_ALLOCATE|[69]|Bytes:4
01:03:10.0 (18183963)|SOQL_EXECUTE_BEGIN|[69]|Aggregations:0|SELECT className__C FROM Class__c
01:03:10.0 (366078867)|SOQL_EXECUTE_END|[69]|Rows:2
01:03:10.0 (366154259)|HEAP_ALLOCATE|[69]|Bytes:12
01:03:10.0 (366200294)|HEAP_ALLOCATE|[69]|Bytes:101
01:03:10.0 (366389144)|HEAP_ALLOCATE|[69]|Bytes:12
01:03:10.0 (366436671)|VARIABLE_SCOPE_BEGIN|[69]|data|List<Class__c>|true|false
01:03:10.0 (366527706)|VARIABLE_ASSIGNMENT|[69]|data|[{"className__c":"Math","Id":"a0H0o00000fJQOvEAO"},{"className__c":"English","Id":"a0H0o00000fJQOwEAO"}]|0x34b058b6
01:03:10.0 (376851375)|HEAP_ALLOCATE|[70]|Bytes:5
01:03:10.0 (376924459)|HEAP_ALLOCATE|[70]|Bytes:12
01:03:10.0 (376949498)|VARIABLE_SCOPE_BEGIN|[70]|c|Class__c|true|false
01:03:10.0 (377000049)|VARIABLE_ASSIGNMENT|[70]|c|{"className__c":"Math","Id":"a0H0o00000fJQOvEAO"}|0x62f037c5
01:03:10.0 (377019011)|STATEMENT_EXECUTE|[70]
01:03:10.0 (377023769)|STATEMENT_EXECUTE|[71]
01:03:10.0 (377045959)|HEAP_ALLOCATE|[71]|Bytes:12
01:03:10.0 (377289670)|HEAP_ALLOCATE|[71]|Bytes:4
01:03:10.0 (377368453)|HEAP_ALLOCATE|[71]|Bytes:4
01:03:10.0 (377459718)|HEAP_ALLOCATE|[EXTERNAL]|Bytes:4
01:03:10.0 (377490358)|HEAP_ALLOCATE|[70]|Bytes:5
01:03:10.0 (377511397)|HEAP_ALLOCATE|[70]|Bytes:12
01:03:10.0 (377525031)|VARIABLE_SCOPE_BEGIN|[70]|c|Class__c|true|false
01:03:10.0 (377558084)|VARIABLE_ASSIGNMENT|[70]|c|{"className__c":"English","Id":"a0H0o00000fJQOwEAO"}|0x31ecdfc2
01:03:10.0 (377571386)|STATEMENT_EXECUTE|[70]
01:03:10.0 (377575058)|STATEMENT_EXECUTE|[71]
01:03:10.0 (377638388)|HEAP_ALLOCATE|[71]|Bytes:7
01:03:10.0 (377702222)|HEAP_ALLOCATE|[71]|Bytes:7
01:03:10.0 (377737402)|HEAP_ALLOCATE|[EXTERNAL]|Bytes:4
01:03:10.0 (377762163)|HEAP_ALLOCATE|[70]|Bytes:5
01:03:10.0 (377784787)|VARIABLE_ASSIGNMENT|[70]|c|null|
01:03:10.0 (377797091)|STATEMENT_EXECUTE|[74]
01:03:10.0 (377806369)|SYSTEM_MODE_EXIT|false
01:03:10.0 (379495991)|HEAP_ALLOCATE|[EXTERNAL]|Bytes:120
01:03:10.0 (379519145)|HEAP_ALLOCATE|[EXTERNAL]|Bytes:11
01:03:10.0 (380854769)|HEAP_ALLOCATE|[EXTERNAL]|Bytes:5
01:03:10.0 (380879408)|HEAP_ALLOCATE|[EXTERNAL]|Bytes:24
01:03:10.0 (380906174)|VARIABLE_ASSIGNMENT|[EXTERNAL]|this.increasing|false|0x64e6b8f1
01:03:10.0 (380987172)|HEAP_ALLOCATE|[EXTERNAL]|Bytes:7
01:03:10.0 (380996615)|HEAP_ALLOCATE|[EXTERNAL]|Bytes:24
01:03:10.0 (381013577)|VARIABLE_ASSIGNMENT|[EXTERNAL]|this.className|"English"|0x64e6b8f1
01:03:10.381 (381739302)|SYSTEM_MODE_ENTER|true
01:03:10.381 (381928718)|HEAP_ALLOCATE|[EXTERNAL]|Bytes:8
01:03:10.381 (381947564)|VARIABLE_SCOPE_BEGIN|[88]|this|ApexPage.PageMessagesComponentController|true|false
01:03:10.381 (381999344)|VARIABLE_ASSIGNMENT|[88]|this|{}|0x2e4b1bfe
01:03:10.381 (382012682)|VARIABLE_SCOPE_BEGIN|[88]|escape|Boolean|false|false
01:03:10.381 (382027977)|VARIABLE_ASSIGNMENT|[88]|escape|null
01:03:10.0 (382423690)|HEAP_ALLOCATE|[EXTERNAL]|Bytes:5
01:03:10.0 (382441060)|HEAP_ALLOCATE|[EXTERNAL]|Bytes:12
01:03:10.0 (382458297)|VARIABLE_ASSIGNMENT|[EXTERNAL]|this.isSelected|false|0x1e5bc59d
01:03:10.0 (382881597)|HEAP_ALLOCATE|[EXTERNAL]|Bytes:5
01:03:10.0 (382893220)|HEAP_ALLOCATE|[EXTERNAL]|Bytes:12
01:03:10.0 (382909671)|VARIABLE_ASSIGNMENT|[EXTERNAL]|this.isSelected|false|0x2879b37
01:03:10.0 (383467801)|HEAP_ALLOCATE|[EXTERNAL]|Bytes:40
01:03:10.0 (383487141)|VARIABLE_SCOPE_BEGIN|[173]|this|Controller|true|false
01:03:10.0 (383580946)|VARIABLE_ASSIGNMENT|[173]|this|{"objKeySearch":"0x64e6b8f1","OutputList":"0x6839b78f","student":"0x41b83af2","sumstudents":"Total Students : 2"}|0x47b5997a
01:03:10.0 (383609469)|SYSTEM_MODE_ENTER|false
01:03:10.0 (383626394)|HEAP_ALLOCATE|[174]|Bytes:5
01:03:10.0 (383637279)|STATEMENT_EXECUTE|[173]
01:03:10.0 (383642465)|STATEMENT_EXECUTE|[174]
01:03:10.0 (383645280)|STATEMENT_EXECUTE|[174]
01:03:10.0 (383747075)|VARIABLE_ASSIGNMENT|[EXTERNAL]|this|{"objKeySearch":"0x64e6b8f1","OutputList":"0x6839b78f","student":"0x41b83af2","sumstudents":"Total Students : 2"}|0x47b5997a
01:03:10.0 (383824920)|VARIABLE_ASSIGNMENT|[EXTERNAL]|this|{"className":"English","increasing":false,"objStudentFrom":"0x51f698f6","objStudentTo":"0x3172f222","studentName":"0x3d9a4adf"}|0x64e6b8f1
01:03:10.0 (383958343)|STATEMENT_EXECUTE|[175]
01:03:10.0 (383963119)|STATEMENT_EXECUTE|[179]
01:03:10.0 (384017108)|METHOD_ENTRY|[179]|01p0o00000GLKhZ|Controller.getStudent()
01:03:10.0 (384054989)|VARIABLE_SCOPE_BEGIN|[77]|this|Controller|true|false
01:03:10.0 (384110283)|VARIABLE_ASSIGNMENT|[77]|this|{"objKeySearch":"0x64e6b8f1","OutputList":"0x6839b78f","student":"0x41b83af2","sumstudents":"Total Students : 2"}|0x47b5997a
01:03:10.0 (384143759)|HEAP_ALLOCATE|[78]|Bytes:5
01:03:10.0 (384153360)|STATEMENT_EXECUTE|[77]
01:03:10.0 (384156787)|STATEMENT_EXECUTE|[78]
01:03:10.0 (384163066)|HEAP_ALLOCATE|[78]|Bytes:274
01:03:10.0 (384205763)|HEAP_ALLOCATE|[78]|Bytes:4
01:03:10.0 (384224127)|HEAP_ALLOCATE|[78]|Bytes:7
01:03:10.0 (384284826)|VARIABLE_ASSIGNMENT|[EXTERNAL]|this|{"objKeySearch":"0x64e6b8f1","OutputList":"0x6839b78f","student":"0x41b83af2","sumstudents":"Total Students : 2"}|0x47b5997a
01:03:10.0 (384339211)|VARIABLE_ASSIGNMENT|[EXTERNAL]|this|{"className":"English","increasing":false,"objStudentFrom":"0x51f698f6","objStudentTo":"0x3172f222","studentName":"0x3d9a4adf"}|0x64e6b8f1
01:03:10.0 (384384003)|HEAP_ALLOCATE|[78]|Bytes:7
01:03:10.0 (436272810)|VARIABLE_ASSIGNMENT|[EXTERNAL]|this|{"objKeySearch":"0x64e6b8f1","OutputList":"0x6839b78f","student":"0x41b83af2","sumstudents":"Total Students : 2"}|0x47b5997a
01:03:10.0 (436547070)|VARIABLE_ASSIGNMENT|[EXTERNAL]|this|{"className":"English","increasing":false,"objStudentFrom":"0x51f698f6","objStudentTo":"0x3172f222","studentName":"0x3d9a4adf"}|0x64e6b8f1
01:03:10.0 (436627648)|HEAP_ALLOCATE|[78]|Bytes:7
01:03:10.0 (436788112)|VARIABLE_ASSIGNMENT|[EXTERNAL]|this|{"objKeySearch":"0x64e6b8f1","OutputList":"0x6839b78f","student":"0x41b83af2","sumstudents":"Total Students : 2"}|0x47b5997a
01:03:10.0 (436886278)|VARIABLE_ASSIGNMENT|[EXTERNAL]|this|{"className":"English","increasing":false,"objStudentFrom":"0x51f698f6","objStudentTo":"0x3172f222","studentName":"0x3d9a4adf"}|0x64e6b8f1
01:03:10.0 (436937534)|HEAP_ALLOCATE|[78]|Bytes:7
01:03:10.0 (437033191)|VARIABLE_ASSIGNMENT|[EXTERNAL]|this|{"objKeySearch":"0x64e6b8f1","OutputList":"0x6839b78f","student":"0x41b83af2","sumstudents":"Total Students : 2"}|0x47b5997a
01:03:10.0 (437154924)|VARIABLE_ASSIGNMENT|[EXTERNAL]|this|{"className":"English","increasing":false,"objStudentFrom":"0x51f698f6","objStudentTo":"0x3172f222","studentName":"0x3d9a4adf"}|0x64e6b8f1
01:03:10.0 (439889310)|SOQL_EXECUTE_BEGIN|[78]|Aggregations:0|SELECT Namef__c, Namel__c, Birthday__c, Gender__c, Score1__c, Score2__c, Score3__c, AverageScore__c, State__c, StudentId__c FROM Student__c WHERE (Name LIKE :tmpVar1 OR Class__r.Name LIKE :tmpVar2 OR (Student__c.Birthday__c > :tmpVar3 AND Student__c.Birthday__c < :tmpVar4))
01:03:10.0 (456612670)|SOQL_EXECUTE_END|[78]|Rows:2
01:03:10.0 (456667056)|HEAP_ALLOCATE|[78]|Bytes:12
01:03:10.0 (456707472)|HEAP_ALLOCATE|[78]|Bytes:747
01:03:10.0 (456787666)|HEAP_ALLOCATE|[78]|Bytes:12
01:03:10.0 (456817673)|VARIABLE_SCOPE_BEGIN|[78]|studentGetList|List<Student__c>|true|false
01:03:10.0 (456936024)|VARIABLE_ASSIGNMENT|[78]|studentGetList|[{"Namef__c":"truong tran","Namel__c":"vy","Birthday__c":"2010-05-12T00:00:00.000Z","Gender__c":true,"Score1__c":10.00,"Score2__c":10.00,"Score3__c":10.00,"AverageScore__c":10.00,"State__c":"Passed","StudentId__c":"HS0076","Class__c":"a0H0o00000fJQOvEAO","Id":"a0I0o000013e10MEAQ"},{"Namef__c":"luu minh","Namel__c":"tuan","Birthday__c":"2010-05-13T00:00:00.000Z","Gender__c":false,"Score1__c":3.00,"Score2__c":4.00,"Score3__c":2.00,"AverageScore__c":3.00,"State__c":"Failed","StudentId__c":"HS0077","Class__c":"a0H0o00000fJQOwEAO","Id":"a0I0o000019bIUiEAM"}]|0x6a56a1d1
01:03:10.0 (456956220)|STATEMENT_EXECUTE|[93]
01:03:10.0 (456972960)|HEAP_ALLOCATE|[93]|Bytes:4
01:03:10.0 (457052246)|VARIABLE_SCOPE_BEGIN|[93]|result|List<Controller.Output>|true|false
01:03:10.0 (457082953)|HEAP_ALLOCATE|[EXTERNAL]|Bytes:4
01:03:10.0 (457099804)|VARIABLE_ASSIGNMENT|[93]|result|[]|0x3082d94b
01:03:10.0 (457318157)|HEAP_ALLOCATE|[94]|Bytes:5
01:03:10.0 (457345972)|HEAP_ALLOCATE|[94]|Bytes:52
01:03:10.0 (457366608)|VARIABLE_SCOPE_BEGIN|[94]|s|Student__c|true|false
01:03:10.0 (457426209)|VARIABLE_ASSIGNMENT|[94]|s|{"Namef__c":"truong tran","Namel__c":"vy","Birthday__c":"2010-05-12T00:00:00.000Z","Gender__c":true,"Score1__c":10.00,"Score2__c":10.00,"Score3__c":10.00,"AverageScore__c":10.00,"State__c":"Passed","StudentId__c":"HS0076","Class__c":"a0H0o00000fJQOvEAO","Id":"a0I0o000013e10MEAQ"}|0x2c8605e3
01:03:10.0 (457471917)|STATEMENT_EXECUTE|[94]
01:03:10.0 (457475556)|STATEMENT_EXECUTE|[95]
01:03:10.0 (457493020)|HEAP_ALLOCATE|[95]|Bytes:12
01:03:10.0 (457522070)|CONSTRUCTOR_ENTRY|[95]|01p0o00000GLKhZ|<init>(Student__c)|Controller.Output
01:03:10.0 (457568094)|VARIABLE_SCOPE_BEGIN|[36]|this|Controller.Output|true|false
01:03:10.0 (457616048)|VARIABLE_ASSIGNMENT|[36]|this|{}|0x7c2149f2
01:03:10.0 (457630026)|VARIABLE_SCOPE_BEGIN|[36]|s|Student__c|true|false
01:03:10.0 (457701860)|VARIABLE_ASSIGNMENT|[36]|s|{"Namef__c":"truong tran","Namel__c":"vy","Birthday__c":"2010-05-12T00:00:00.000Z","Gender__c":true,"Score1__c":10.00,"Score2__c":10.00,"Score3__c":10.00,"AverageScore__c":10.00,"State__c":"Passed","StudentId__c":"HS0076","Class__c":"a0H0o00000fJQOvEAO","Id":"a0I0o000013e10MEAQ"}|0x2c8605e3
01:03:10.0 (457728038)|STATEMENT_EXECUTE|[33]
01:03:10.0 (457731512)|STATEMENT_EXECUTE|[34]
01:03:10.0 (457734613)|STATEMENT_EXECUTE|[35]
01:03:10.0 (457750438)|HEAP_ALLOCATE|[37]|Bytes:6
01:03:10.0 (457804363)|STATEMENT_EXECUTE|[36]
01:03:10.0 (457808217)|STATEMENT_EXECUTE|[37]
01:03:10.0 (457945175)|VARIABLE_ASSIGNMENT|[EXTERNAL]|this|{}|0x7c2149f2
01:03:10.0 (458003976)|VARIABLE_ASSIGNMENT|[EXTERNAL]|value|{"Namef__c":"truong tran","Namel__c":"vy","Birthday__c":"2010-05-12T00:00:00.000Z","Gender__c":true,"Score1__c":10.00,"Score2__c":10.00,"Score3__c":10.00,"AverageScore__c":10.00,"State__c":"Passed","StudentId__c":"HS0076","Class__c":"a0H0o00000fJQOvEAO","Id":"a0I0o000013e10MEAQ"}|0x2c8605e3
01:03:10.0 (458072690)|VARIABLE_ASSIGNMENT|[34]|this.student|{"Namef__c":"truong tran","Namel__c":"vy","Birthday__c":"2010-05-12T00:00:00.000Z","Gender__c":true,"Score1__c":10.00,"Score2__c":10.00,"Score3__c":10.00,"AverageScore__c":10.00,"State__c":"Passed","StudentId__c":"HS0076","Class__c":"a0H0o00000fJQOvEAO","Id":"a0I0o000013e10MEAQ"}|0x7c2149f2
01:03:10.0 (458122514)|STATEMENT_EXECUTE|[38]
01:03:10.0 (458207470)|VARIABLE_ASSIGNMENT|[EXTERNAL]|this|{"student":"0x2c8605e3"}|0x7c2149f2
01:03:10.0 (458234439)|VARIABLE_ASSIGNMENT|[EXTERNAL]|value|false
01:03:10.0 (458248070)|HEAP_ALLOCATE|[35]|Bytes:5
01:03:10.0 (458263733)|VARIABLE_ASSIGNMENT|[35]|this.isSelected|false|0x7c2149f2
01:03:10.0 (458291148)|CONSTRUCTOR_EXIT|[95]|01p0o00000GLKhZ|<init>(Student__c)|Controller.Output
01:03:10.0 (458341790)|HEAP_ALLOCATE|[EXTERNAL]|Bytes:4
01:03:10.0 (458374541)|HEAP_ALLOCATE|[94]|Bytes:5
01:03:10.0 (458400073)|HEAP_ALLOCATE|[94]|Bytes:52
01:03:10.0 (458414023)|VARIABLE_SCOPE_BEGIN|[94]|s|Student__c|true|false
01:03:10.0 (458469098)|VARIABLE_ASSIGNMENT|[94]|s|{"Namef__c":"luu minh","Namel__c":"tuan","Birthday__c":"2010-05-13T00:00:00.000Z","Gender__c":false,"Score1__c":3.00,"Score2__c":4.00,"Score3__c":2.00,"AverageScore__c":3.00,"State__c":"Failed","StudentId__c":"HS0077","Class__c":"a0H0o00000fJQOwEAO","Id":"a0I0o000019bIUiEAM"}|0x224f18de
01:03:10.0 (458488035)|STATEMENT_EXECUTE|[94]
01:03:10.0 (458491542)|STATEMENT_EXECUTE|[95]
01:03:10.0 (458499515)|HEAP_ALLOCATE|[95]|Bytes:12
01:03:10.0 (458518408)|CONSTRUCTOR_ENTRY|[95]|01p0o00000GLKhZ|<init>(Student__c)|Controller.Output
01:03:10.0 (458532574)|VARIABLE_SCOPE_BEGIN|[36]|this|Controller.Output|true|false
01:03:10.0 (458563608)|VARIABLE_ASSIGNMENT|[36]|this|{}|0x7b287c66
01:03:10.0 (458575614)|VARIABLE_SCOPE_BEGIN|[36]|s|Student__c|true|false
01:03:10.0 (458627954)|VARIABLE_ASSIGNMENT|[36]|s|{"Namef__c":"luu minh","Namel__c":"tuan","Birthday__c":"2010-05-13T00:00:00.000Z","Gender__c":false,"Score1__c":3.00,"Score2__c":4.00,"Score3__c":2.00,"AverageScore__c":3.00,"State__c":"Failed","StudentId__c":"HS0077","Class__c":"a0H0o00000fJQOwEAO","Id":"a0I0o000019bIUiEAM"}|0x224f18de
01:03:10.0 (458647069)|STATEMENT_EXECUTE|[33]
01:03:10.0 (458650595)|STATEMENT_EXECUTE|[34]
01:03:10.0 (458654314)|STATEMENT_EXECUTE|[35]
01:03:10.0 (458677202)|STATEMENT_EXECUTE|[36]
01:03:10.0 (458680423)|STATEMENT_EXECUTE|[37]
01:03:10.0 (458707836)|VARIABLE_ASSIGNMENT|[EXTERNAL]|this|{}|0x7b287c66
01:03:10.0 (458758509)|VARIABLE_ASSIGNMENT|[EXTERNAL]|value|{"Namef__c":"luu minh","Namel__c":"tuan","Birthday__c":"2010-05-13T00:00:00.000Z","Gender__c":false,"Score1__c":3.00,"Score2__c":4.00,"Score3__c":2.00,"AverageScore__c":3.00,"State__c":"Failed","StudentId__c":"HS0077","Class__c":"a0H0o00000fJQOwEAO","Id":"a0I0o000019bIUiEAM"}|0x224f18de
01:03:10.0 (458811670)|VARIABLE_ASSIGNMENT|[34]|this.student|{"Namef__c":"luu minh","Namel__c":"tuan","Birthday__c":"2010-05-13T00:00:00.000Z","Gender__c":false,"Score1__c":3.00,"Score2__c":4.00,"Score3__c":2.00,"AverageScore__c":3.00,"State__c":"Failed","StudentId__c":"HS0077","Class__c":"a0H0o00000fJQOwEAO","Id":"a0I0o000019bIUiEAM"}|0x7b287c66
01:03:10.0 (458835883)|STATEMENT_EXECUTE|[38]
01:03:10.0 (458868169)|VARIABLE_ASSIGNMENT|[EXTERNAL]|this|{"student":"0x224f18de"}|0x7b287c66
01:03:10.0 (458890383)|VARIABLE_ASSIGNMENT|[EXTERNAL]|value|false
01:03:10.0 (458901779)|HEAP_ALLOCATE|[35]|Bytes:5
01:03:10.0 (458916179)|VARIABLE_ASSIGNMENT|[35]|this.isSelected|false|0x7b287c66
01:03:10.0 (458941460)|CONSTRUCTOR_EXIT|[95]|01p0o00000GLKhZ|<init>(Student__c)|Controller.Output
01:03:10.0 (458964368)|HEAP_ALLOCATE|[EXTERNAL]|Bytes:4
01:03:10.0 (458989188)|HEAP_ALLOCATE|[94]|Bytes:5
01:03:10.0 (459012046)|VARIABLE_ASSIGNMENT|[94]|s|null|
01:03:10.0 (459024305)|STATEMENT_EXECUTE|[97]
01:03:10.0 (459100536)|VARIABLE_ASSIGNMENT|[EXTERNAL]|this|{"objKeySearch":"0x64e6b8f1","OutputList":"0x6839b78f","student":"0x41b83af2","sumstudents":"Total Students : 2"}|0x47b5997a
01:03:10.0 (459189545)|VARIABLE_ASSIGNMENT|[EXTERNAL]|this|{"className":"English","increasing":false,"objStudentFrom":"0x51f698f6","objStudentTo":"0x3172f222","studentName":"0x3d9a4adf"}|0x64e6b8f1
01:03:10.0 (459241353)|METHOD_ENTRY|[97]|01p0o00000GLKhZ|Controller.sort(List<Controller.Output>, Boolean)
01:03:10.0 (459256364)|VARIABLE_SCOPE_BEGIN|[100]|this|Controller|true|false
01:03:10.0 (459305222)|VARIABLE_ASSIGNMENT|[100]|this|{"objKeySearch":"0x64e6b8f1","OutputList":"0x6839b78f","student":"0x41b83af2","sumstudents":"Total Students : 2"}|0x47b5997a
01:03:10.0 (459320606)|VARIABLE_SCOPE_BEGIN|[100]|l|List<Controller.Output>|true|false
01:03:10.0 (459363235)|VARIABLE_ASSIGNMENT|[100]|l|[{"isSelected":false,"student":"0x2c8605e3"},{"isSelected":false,"student":"0x224f18de"}]|0x3082d94b
01:03:10.0 (459376080)|VARIABLE_SCOPE_BEGIN|[100]|increasing|Boolean|false|false
01:03:10.0 (459390303)|VARIABLE_ASSIGNMENT|[100]|increasing|false
01:03:10.0 (459410665)|HEAP_ALLOCATE|[101]|Bytes:5
01:03:10.0 (459420202)|STATEMENT_EXECUTE|[100]
01:03:10.0 (459423396)|STATEMENT_EXECUTE|[101]
01:03:10.0 (459441028)|HEAP_ALLOCATE|[101]|Bytes:4
01:03:10.0 (459477325)|VARIABLE_SCOPE_BEGIN|[101]|result|List<Controller.Output>|true|false
01:03:10.0 (459510835)|HEAP_ALLOCATE|[EXTERNAL]|Bytes:4
01:03:10.0 (459526203)|VARIABLE_ASSIGNMENT|[101]|result|[]|0x20ae94f7
01:03:10.0 (459539256)|STATEMENT_EXECUTE|[115]
01:03:10.0 (459581173)|STATEMENT_EXECUTE|[116]
01:03:10.0 (459584907)|STATEMENT_EXECUTE|[117]
01:03:10.0 (459624579)|HEAP_ALLOCATE|[117]|Bytes:12
01:03:10.0 (459681977)|VARIABLE_ASSIGNMENT|[EXTERNAL]|this|{"isSelected":false,"student":"0x2c8605e3"}|0x7c2149f2
01:03:10.0 (459769816)|VARIABLE_SCOPE_BEGIN|[117]|min|String|false|false
01:03:10.0 (459793166)|VARIABLE_ASSIGNMENT|[117]|min|"truong tran"
01:03:10.0 (459804329)|STATEMENT_EXECUTE|[118]
01:03:10.0 (459845240)|HEAP_ALLOCATE|[118]|Bytes:12
01:03:10.0 (459864529)|VARIABLE_SCOPE_BEGIN|[118]|minObj|Controller.Output|true|false
01:03:10.0 (459901865)|VARIABLE_ASSIGNMENT|[118]|minObj|{"isSelected":false,"student":"0x2c8605e3"}|0x7c2149f2
01:03:10.0 (460078008)|HEAP_ALLOCATE|[119]|Bytes:5
01:03:10.0 (460105452)|HEAP_ALLOCATE|[119]|Bytes:12
01:03:10.0 (460118164)|VARIABLE_SCOPE_BEGIN|[119]|o|Controller.Output|true|false
01:03:10.0 (460163065)|VARIABLE_ASSIGNMENT|[119]|o|{"isSelected":false,"student":"0x2c8605e3"}|0x7c2149f2
01:03:10.0 (460176813)|STATEMENT_EXECUTE|[119]
01:03:10.0 (460229378)|VARIABLE_ASSIGNMENT|[EXTERNAL]|this|{"isSelected":false,"student":"0x2c8605e3"}|0x7c2149f2
01:03:10.0 (460322712)|STATEMENT_EXECUTE|[120]
01:03:10.0 (460341446)|HEAP_ALLOCATE|[119]|Bytes:5
01:03:10.0 (460362191)|HEAP_ALLOCATE|[119]|Bytes:12
01:03:10.0 (460374330)|VARIABLE_SCOPE_BEGIN|[119]|o|Controller.Output|true|false
01:03:10.0 (460410322)|VARIABLE_ASSIGNMENT|[119]|o|{"isSelected":false,"student":"0x224f18de"}|0x7b287c66
01:03:10.0 (460422734)|STATEMENT_EXECUTE|[119]
01:03:10.0 (460453076)|VARIABLE_ASSIGNMENT|[EXTERNAL]|this|{"isSelected":false,"student":"0x224f18de"}|0x7b287c66
01:03:10.0 (460507066)|STATEMENT_EXECUTE|[120]
01:03:10.0 (460511161)|STATEMENT_EXECUTE|[121]
01:03:10.0 (460555786)|VARIABLE_ASSIGNMENT|[EXTERNAL]|this|{"isSelected":false,"student":"0x224f18de"}|0x7b287c66
01:03:10.0 (460588563)|VARIABLE_ASSIGNMENT|[121]|min|"luu minh"
01:03:10.0 (460598336)|STATEMENT_EXECUTE|[122]
01:03:10.0 (460620220)|VARIABLE_ASSIGNMENT|[122]|minObj|{"isSelected":false,"student":"0x224f18de"}|0x7b287c66
01:03:10.0 (460648172)|HEAP_ALLOCATE|[119]|Bytes:5
01:03:10.0 (460670069)|VARIABLE_ASSIGNMENT|[119]|o|null|
01:03:10.0 (460679785)|STATEMENT_EXECUTE|[125]
01:03:10.0 (460710377)|HEAP_ALLOCATE|[125]|Bytes:12
01:03:10.0 (460779370)|VARIABLE_ASSIGNMENT|[EXTERNAL]|this|{"isSelected":false,"student":"0x224f18de"}|0x7b287c66
01:03:10.0 (460810799)|CONSTRUCTOR_ENTRY|[125]|01p0o00000GLKhZ|<init>(Student__c)|Controller.Output
01:03:10.0 (460824839)|VARIABLE_SCOPE_BEGIN|[36]|this|Controller.Output|true|false
01:03:10.0 (460851372)|VARIABLE_ASSIGNMENT|[36]|this|{}|0x58964de2
01:03:10.0 (460861623)|VARIABLE_SCOPE_BEGIN|[36]|s|Student__c|true|false
01:03:10.0 (460914251)|VARIABLE_ASSIGNMENT|[36]|s|{"Namef__c":"luu minh","Namel__c":"tuan","Birthday__c":"2010-05-13T00:00:00.000Z","Gender__c":false,"Score1__c":3.00,"Score2__c":4.00,"Score3__c":2.00,"AverageScore__c":3.00,"State__c":"Failed","StudentId__c":"HS0077","Class__c":"a0H0o00000fJQOwEAO","Id":"a0I0o000019bIUiEAM"}|0x224f18de
01:03:10.0 (460949711)|STATEMENT_EXECUTE|[33]
01:03:10.0 (460953847)|STATEMENT_EXECUTE|[34]
01:03:10.0 (460956700)|STATEMENT_EXECUTE|[35]
01:03:10.0 (460982016)|STATEMENT_EXECUTE|[36]
01:03:10.0 (460985338)|STATEMENT_EXECUTE|[37]
01:03:10.0 (461017038)|VARIABLE_ASSIGNMENT|[EXTERNAL]|this|{}|0x58964de2
01:03:10.0 (461066807)|VARIABLE_ASSIGNMENT|[EXTERNAL]|value|{"Namef__c":"luu minh","Namel__c":"tuan","Birthday__c":"2010-05-13T00:00:00.000Z","Gender__c":false,"Score1__c":3.00,"Score2__c":4.00,"Score3__c":2.00,"AverageScore__c":3.00,"State__c":"Failed","StudentId__c":"HS0077","Class__c":"a0H0o00000fJQOwEAO","Id":"a0I0o000019bIUiEAM"}|0x224f18de
01:03:10.0 (461131301)|VARIABLE_ASSIGNMENT|[34]|this.student|{"Namef__c":"luu minh","Namel__c":"tuan","Birthday__c":"2010-05-13T00:00:00.000Z","Gender__c":false,"Score1__c":3.00,"Score2__c":4.00,"Score3__c":2.00,"AverageScore__c":3.00,"State__c":"Failed","StudentId__c":"HS0077","Class__c":"a0H0o00000fJQOwEAO","Id":"a0I0o000019bIUiEAM"}|0x58964de2
01:03:10.0 (461158015)|STATEMENT_EXECUTE|[38]
01:03:10.0 (461188654)|VARIABLE_ASSIGNMENT|[EXTERNAL]|this|{"student":"0x224f18de"}|0x58964de2
01:03:10.0 (461207888)|VARIABLE_ASSIGNMENT|[EXTERNAL]|value|false
01:03:10.0 (461218967)|HEAP_ALLOCATE|[35]|Bytes:5
01:03:10.0 (461232778)|VARIABLE_ASSIGNMENT|[35]|this.isSelected|false|0x58964de2
01:03:10.0 (461256767)|CONSTRUCTOR_EXIT|[125]|01p0o00000GLKhZ|<init>(Student__c)|Controller.Output
01:03:10.0 (461282856)|HEAP_ALLOCATE|[EXTERNAL]|Bytes:4
01:03:10.0 (461296565)|STATEMENT_EXECUTE|[126]
01:03:10.0 (461495799)|VARIABLE_ASSIGNMENT|[EXTERNAL]|this|{"isSelected":false,"student":"0x2c8605e3"}|0x7c2149f2
01:03:10.0 (461537138)|VARIABLE_ASSIGNMENT|[EXTERNAL]|object|{"isSelected":false,"student":"0x224f18de"}
01:03:10.0 (461648329)|VARIABLE_ASSIGNMENT|[EXTERNAL]|this|{"isSelected":false,"student":"0x224f18de"}|0x7b287c66
01:03:10.0 (461678272)|VARIABLE_ASSIGNMENT|[EXTERNAL]|object|{"isSelected":false,"student":"0x224f18de"}
01:03:10.0 (461738625)|HEAP_ALLOCATE|[126]|Bytes:12
01:03:10.0 (461767163)|STATEMENT_EXECUTE|[116]
01:03:10.0 (461771084)|STATEMENT_EXECUTE|[117]
01:03:10.0 (461782404)|HEAP_ALLOCATE|[117]|Bytes:12
01:03:10.0 (461820444)|VARIABLE_ASSIGNMENT|[EXTERNAL]|this|{"isSelected":false,"student":"0x2c8605e3"}|0x7c2149f2
01:03:10.0 (461849546)|VARIABLE_SCOPE_BEGIN|[117]|min|String|false|false
01:03:10.0 (461868655)|VARIABLE_ASSIGNMENT|[117]|min|"truong tran"
01:03:10.0 (461878009)|STATEMENT_EXECUTE|[118]
01:03:10.0 (461889757)|HEAP_ALLOCATE|[118]|Bytes:12
01:03:10.0 (461903391)|VARIABLE_SCOPE_BEGIN|[118]|minObj|Controller.Output|true|false
01:03:10.0 (461933920)|VARIABLE_ASSIGNMENT|[118]|minObj|{"isSelected":false,"student":"0x2c8605e3"}|0x7c2149f2
01:03:10.0 (461973298)|HEAP_ALLOCATE|[119]|Bytes:5
01:03:10.0 (461993368)|HEAP_ALLOCATE|[119]|Bytes:12
01:03:10.0 (462005477)|VARIABLE_SCOPE_BEGIN|[119]|o|Controller.Output|true|false
01:03:10.0 (462040467)|VARIABLE_ASSIGNMENT|[119]|o|{"isSelected":false,"student":"0x2c8605e3"}|0x7c2149f2
01:03:10.0 (462052273)|STATEMENT_EXECUTE|[119]
01:03:10.0 (462080223)|VARIABLE_ASSIGNMENT|[EXTERNAL]|this|{"isSelected":false,"student":"0x2c8605e3"}|0x7c2149f2
01:03:10.0 (462121133)|STATEMENT_EXECUTE|[120]
01:03:10.0 (462142708)|HEAP_ALLOCATE|[119]|Bytes:5
01:03:10.0 (462158089)|VARIABLE_ASSIGNMENT|[119]|o|null|
01:03:10.0 (462165019)|STATEMENT_EXECUTE|[125]
01:03:10.0 (462171305)|HEAP_ALLOCATE|[125]|Bytes:12
01:03:10.0 (462196045)|VARIABLE_ASSIGNMENT|[EXTERNAL]|this|{"isSelected":false,"student":"0x2c8605e3"}|0x7c2149f2
01:03:10.0 (462213273)|CONSTRUCTOR_ENTRY|[125]|01p0o00000GLKhZ|<init>(Student__c)|Controller.Output
01:03:10.0 (462222664)|VARIABLE_SCOPE_BEGIN|[36]|this|Controller.Output|true|false
01:03:10.0 (462238725)|VARIABLE_ASSIGNMENT|[36]|this|{}|0xccb732b
01:03:10.0 (462245530)|VARIABLE_SCOPE_BEGIN|[36]|s|Student__c|true|false
01:03:10.0 (462284423)|VARIABLE_ASSIGNMENT|[36]|s|{"Namef__c":"truong tran","Namel__c":"vy","Birthday__c":"2010-05-12T00:00:00.000Z","Gender__c":true,"Score1__c":10.00,"Score2__c":10.00,"Score3__c":10.00,"AverageScore__c":10.00,"State__c":"Passed","StudentId__c":"HS0076","Class__c":"a0H0o00000fJQOvEAO","Id":"a0I0o000013e10MEAQ"}|0x2c8605e3
01:03:10.0 (462295222)|STATEMENT_EXECUTE|[33]
01:03:10.0 (462297470)|STATEMENT_EXECUTE|[34]
01:03:10.0 (462299564)|STATEMENT_EXECUTE|[35]
01:03:10.0 (462315287)|STATEMENT_EXECUTE|[36]
01:03:10.0 (462317329)|STATEMENT_EXECUTE|[37]
01:03:10.0 (462332625)|VARIABLE_ASSIGNMENT|[EXTERNAL]|this|{}|0xccb732b
01:03:10.0 (462363659)|VARIABLE_ASSIGNMENT|[EXTERNAL]|value|{"Namef__c":"truong tran","Namel__c":"vy","Birthday__c":"2010-05-12T00:00:00.000Z","Gender__c":true,"Score1__c":10.00,"Score2__c":10.00,"Score3__c":10.00,"AverageScore__c":10.00,"State__c":"Passed","StudentId__c":"HS0076","Class__c":"a0H0o00000fJQOvEAO","Id":"a0I0o000013e10MEAQ"}|0x2c8605e3
01:03:10.0 (462399212)|VARIABLE_ASSIGNMENT|[34]|this.student|{"Namef__c":"truong tran","Namel__c":"vy","Birthday__c":"2010-05-12T00:00:00.000Z","Gender__c":true,"Score1__c":10.00,"Score2__c":10.00,"Score3__c":10.00,"AverageScore__c":10.00,"State__c":"Passed","StudentId__c":"HS0076","Class__c":"a0H0o00000fJQOvEAO","Id":"a0I0o000013e10MEAQ"}|0xccb732b
01:03:10.0 (462412242)|STATEMENT_EXECUTE|[38]
01:03:10.0 (462429647)|VARIABLE_ASSIGNMENT|[EXTERNAL]|this|{"student":"0x2c8605e3"}|0xccb732b
01:03:10.0 (462441549)|VARIABLE_ASSIGNMENT|[EXTERNAL]|value|false
01:03:10.0 (462448163)|HEAP_ALLOCATE|[35]|Bytes:5
01:03:10.0 (462456354)|VARIABLE_ASSIGNMENT|[35]|this.isSelected|false|0xccb732b
01:03:10.0 (462471495)|CONSTRUCTOR_EXIT|[125]|01p0o00000GLKhZ|<init>(Student__c)|Controller.Output
01:03:10.0 (462487216)|HEAP_ALLOCATE|[EXTERNAL]|Bytes:4
01:03:10.0 (462496235)|STATEMENT_EXECUTE|[126]
01:03:10.0 (462547563)|VARIABLE_ASSIGNMENT|[EXTERNAL]|this|{"isSelected":false,"student":"0x2c8605e3"}|0x7c2149f2
01:03:10.0 (462565552)|VARIABLE_ASSIGNMENT|[EXTERNAL]|object|{"isSelected":false,"student":"0x2c8605e3"}
01:03:10.0 (462605145)|HEAP_ALLOCATE|[126]|Bytes:12
01:03:10.0 (462622659)|STATEMENT_EXECUTE|[129]
01:03:10.0 (462636366)|METHOD_EXIT|[97]|01p0o00000GLKhZ|Controller.sort(List<Controller.Output>, Boolean)
01:03:10.0 (462648661)|METHOD_EXIT|[179]|01p0o00000GLKhZ|Controller.getStudent()
01:03:10.0 (462704104)|VARIABLE_ASSIGNMENT|[EXTERNAL]|this|{"objKeySearch":"0x64e6b8f1","OutputList":"0x6839b78f","student":"0x41b83af2","sumstudents":"Total Students : 2"}|0x47b5997a
01:03:10.0 (462734606)|VARIABLE_ASSIGNMENT|[EXTERNAL]|value|[{"isSelected":false,"student":"0x224f18de"},{"isSelected":false,"student":"0x2c8605e3"}]|0x20ae94f7
01:03:10.0 (462762737)|VARIABLE_ASSIGNMENT|[2]|this.OutputList|[{"isSelected":false,"student":"0x224f18de"},{"isSelected":false,"student":"0x2c8605e3"}]|0x47b5997a
01:03:10.0 (462774584)|STATEMENT_EXECUTE|[180]
01:03:10.0 (462779099)|HEAP_ALLOCATE|[180]|Bytes:17
01:03:10.0 (462835823)|VARIABLE_ASSIGNMENT|[EXTERNAL]|this|{"objKeySearch":"0x64e6b8f1","OutputList":"0x20ae94f7","student":"0x41b83af2","sumstudents":"Total Students : 2"}|0x47b5997a
01:03:10.0 (462880093)|HEAP_ALLOCATE|[180]|Bytes:1
01:03:10.0 (462899758)|HEAP_ALLOCATE|[180]|Bytes:18
01:03:10.0 (462940802)|VARIABLE_ASSIGNMENT|[EXTERNAL]|this|{"objKeySearch":"0x64e6b8f1","OutputList":"0x20ae94f7","student":"0x41b83af2","sumstudents":"Total Students : 2"}|0x47b5997a
01:03:10.0 (462954099)|VARIABLE_ASSIGNMENT|[EXTERNAL]|value|"Total Students : 2"
01:03:10.0 (462966326)|VARIABLE_ASSIGNMENT|[7]|this.sumstudents|"Total Students : 2"|0x47b5997a
01:03:10.0 (462979423)|SYSTEM_MODE_EXIT|false
01:03:10.0 (469745263)|SYSTEM_MODE_ENTER|true
01:03:10.0 (470560980)|SYSTEM_MODE_ENTER|true
01:03:10.471 (471938727)|SYSTEM_MODE_ENTER|true
01:03:10.471 (472070437)|HEAP_ALLOCATE|[EXTERNAL]|Bytes:8
01:03:10.471 (472091237)|VARIABLE_SCOPE_BEGIN|[88]|this|ApexPage.PageMessagesComponentController|true|false
01:03:10.471 (472154996)|VARIABLE_ASSIGNMENT|[88]|this|{}|0x2e4b1bfe
01:03:10.471 (472170951)|VARIABLE_SCOPE_BEGIN|[88]|escape|Boolean|false|false
01:03:10.471 (472187533)|VARIABLE_ASSIGNMENT|[88]|escape|null
01:03:10.472 (472481477)|SYSTEM_MODE_ENTER|true
01:03:10.472 (472556748)|HEAP_ALLOCATE|[EXTERNAL]|Bytes:8
01:03:10.472 (472570432)|VARIABLE_SCOPE_BEGIN|[2]|this|ApexPage.PageMessagesComponentController|true|false
01:03:10.472 (472608551)|VARIABLE_ASSIGNMENT|[2]|this|{}|0x2e4b1bfe
01:03:10.0 (473205286)|SYSTEM_MODE_ENTER|true
01:03:10.0 (477340796)|SYSTEM_MODE_ENTER|true
01:03:10.0 (477430563)|HEAP_ALLOCATE|[EXTERNAL]|Bytes:40
01:03:10.0 (477450786)|VARIABLE_SCOPE_BEGIN|[67]|this|Controller|true|false
01:03:10.0 (477532210)|VARIABLE_ASSIGNMENT|[67]|this|{"objKeySearch":"0x64e6b8f1","OutputList":"0x20ae94f7","student":"0x41b83af2","sumstudents":"Total Students : 2"}|0x47b5997a
01:03:10.0 (477573074)|SYSTEM_MODE_ENTER|false
01:03:10.0 (477589506)|HEAP_ALLOCATE|[68]|Bytes:5
01:03:10.0 (477601721)|STATEMENT_EXECUTE|[67]
01:03:10.0 (477606247)|STATEMENT_EXECUTE|[68]
01:03:10.0 (477636271)|HEAP_ALLOCATE|[68]|Bytes:4
01:03:10.0 (477669364)|VARIABLE_SCOPE_BEGIN|[68]|options|List<System.SelectOption>|true|false
01:03:10.0 (477726687)|HEAP_ALLOCATE|[EXTERNAL]|Bytes:4
01:03:10.0 (477744696)|VARIABLE_ASSIGNMENT|[68]|options|[]|0x54de0856
01:03:10.0 (477755537)|STATEMENT_EXECUTE|[69]
01:03:10.0 (477778867)|HEAP_ALLOCATE|[69]|Bytes:4
01:03:10.0 (478028651)|SOQL_EXECUTE_BEGIN|[69]|Aggregations:0|SELECT className__C FROM Class__c
01:03:10.0 (480455835)|SOQL_EXECUTE_END|[69]|Rows:2
01:03:10.0 (480488358)|HEAP_ALLOCATE|[69]|Bytes:12
01:03:10.0 (480508992)|HEAP_ALLOCATE|[69]|Bytes:101
01:03:10.0 (480568104)|HEAP_ALLOCATE|[69]|Bytes:12
01:03:10.0 (480588968)|VARIABLE_SCOPE_BEGIN|[69]|data|List<Class__c>|true|false
01:03:10.0 (480631436)|VARIABLE_ASSIGNMENT|[69]|data|[{"className__c":"Math","Id":"a0H0o00000fJQOvEAO"},{"className__c":"English","Id":"a0H0o00000fJQOwEAO"}]|0x764a0b3d
01:03:10.0 (480683672)|HEAP_ALLOCATE|[70]|Bytes:5
01:03:10.0 (480704898)|HEAP_ALLOCATE|[70]|Bytes:12
01:03:10.0 (480715799)|VARIABLE_SCOPE_BEGIN|[70]|c|Class__c|true|false
01:03:10.0 (480731316)|VARIABLE_ASSIGNMENT|[70]|c|{"className__c":"Math","Id":"a0H0o00000fJQOvEAO"}|0x36a6d145
01:03:10.0 (480739844)|STATEMENT_EXECUTE|[70]
01:03:10.0 (480741936)|STATEMENT_EXECUTE|[71]
01:03:10.0 (480830412)|HEAP_ALLOCATE|[71]|Bytes:4
01:03:10.0 (480899300)|HEAP_ALLOCATE|[71]|Bytes:4
01:03:10.0 (480942855)|HEAP_ALLOCATE|[EXTERNAL]|Bytes:4
01:03:10.0 (480966163)|HEAP_ALLOCATE|[70]|Bytes:5
01:03:10.0 (480986407)|HEAP_ALLOCATE|[70]|Bytes:12
01:03:10.0 (480998027)|VARIABLE_SCOPE_BEGIN|[70]|c|Class__c|true|false
01:03:10.0 (481023432)|VARIABLE_ASSIGNMENT|[70]|c|{"className__c":"English","Id":"a0H0o00000fJQOwEAO"}|0x40a8274e
01:03:10.0 (481037986)|STATEMENT_EXECUTE|[70]
01:03:10.0 (481040420)|STATEMENT_EXECUTE|[71]
01:03:10.0 (481111145)|HEAP_ALLOCATE|[71]|Bytes:7
01:03:10.0 (481180222)|HEAP_ALLOCATE|[71]|Bytes:7
01:03:10.0 (481207465)|HEAP_ALLOCATE|[EXTERNAL]|Bytes:4
01:03:10.0 (481227296)|HEAP_ALLOCATE|[70]|Bytes:5
01:03:10.0 (481245242)|VARIABLE_ASSIGNMENT|[70]|c|null|
01:03:10.0 (481254720)|STATEMENT_EXECUTE|[74]
01:03:10.0 (481263065)|SYSTEM_MODE_EXIT|false
01:03:10.483 (483518983)|SYSTEM_MODE_ENTER|true
01:03:10.483 (483633007)|HEAP_ALLOCATE|[EXTERNAL]|Bytes:8
01:03:10.483 (483650533)|VARIABLE_SCOPE_BEGIN|[88]|this|ApexPage.PageMessagesComponentController|true|false
01:03:10.483 (483700321)|VARIABLE_ASSIGNMENT|[88]|this|{}|0x2e4b1bfe
01:03:10.483 (483712248)|VARIABLE_SCOPE_BEGIN|[88]|escape|Boolean|false|false
01:03:10.483 (483724482)|VARIABLE_ASSIGNMENT|[88]|escape|null
01:03:10.483 (483912606)|SYSTEM_MODE_ENTER|true
01:03:10.483 (483977079)|HEAP_ALLOCATE|[EXTERNAL]|Bytes:8
01:03:10.483 (483988938)|VARIABLE_SCOPE_BEGIN|[2]|this|ApexPage.PageMessagesComponentController|true|false
01:03:10.483 (484018903)|VARIABLE_ASSIGNMENT|[2]|this|{}|0x2e4b1bfe
01:03:10.0 (485949830)|SYSTEM_MODE_ENTER|true
01:03:10.0 (507386063)|VF_SERIALIZE_VIEWSTATE_BEGIN|0660o000008sEYc
01:03:10.0 (510913823)|VF_SERIALIZE_VIEWSTATE_END
01:03:10.513 (513933554)|CUMULATIVE_LIMIT_USAGE
01:03:10.513 (513933554)|LIMIT_USAGE_FOR_NS|(default)|
  Number of SOQL queries: 3 out of 100
  Number of query rows: 6 out of 50000
  Number of SOSL queries: 0 out of 20
  Number of DML statements: 0 out of 150
  Number of DML rows: 0 out of 10000
  Maximum CPU time: 0 out of 10000
  Maximum heap size: 0 out of 6000000
  Number of callouts: 0 out of 100
  Number of Email Invocations: 0 out of 10
  Number of future calls: 0 out of 50
  Number of queueable jobs added to the queue: 0 out of 50
  Number of Mobile Apex push calls: 0 out of 10

01:03:10.513 (513933554)|CUMULATIVE_LIMIT_USAGE_END

01:03:10.0 (514007696)|CODE_UNIT_FINISHED|VF: /apex/MainPage
01:03:10.0 (514883747)|EXECUTION_FINISHED
