36.0 APEX_CODE,FINEST;APEX_PROFILING,INFO;CALLOUT,INFO;DB,INFO;NBA,INFO;SYSTEM,DEBUG;VALIDATION,INFO;VISUALFORCE,INFO;WAVE,INFO;WORKFLOW,INFO
03:25:04.0 (374145)|USER_INFO|[EXTERNAL]|0050o00000WkyGG|ttvy@keizu.co.jp|Pacific Standard Time|GMT-07:00
03:25:04.0 (430204)|EXECUTION_STARTED
03:25:04.0 (436725)|CODE_UNIT_STARTED|[EXTERNAL]|0660o000008sEYc|VF: /apex/MainPage
03:25:04.0 (4510505)|SYSTEM_MODE_ENTER|true
03:25:04.0 (4906812)|HEAP_ALLOCATE|[72]|Bytes:3
03:25:04.0 (4965213)|HEAP_ALLOCATE|[77]|Bytes:152
03:25:04.0 (4989770)|HEAP_ALLOCATE|[342]|Bytes:408
03:25:04.0 (5011988)|HEAP_ALLOCATE|[355]|Bytes:408
03:25:04.0 (5034148)|HEAP_ALLOCATE|[467]|Bytes:48
03:25:04.0 (5075493)|HEAP_ALLOCATE|[139]|Bytes:6
03:25:04.0 (5107545)|HEAP_ALLOCATE|[EXTERNAL]|Bytes:23
03:25:04.0 (5117454)|HEAP_ALLOCATE|[EXTERNAL]|Bytes:368
03:25:04.0 (5124324)|HEAP_ALLOCATE|[EXTERNAL]|Bytes:63
03:25:04.0 (5130980)|HEAP_ALLOCATE|[EXTERNAL]|Bytes:14
03:25:04.0 (5146340)|METHOD_ENTRY|[1]|01p0o00000GLKhZ|Controller.Controller()
03:25:04.0 (5155886)|STATEMENT_EXECUTE|[1]
03:25:04.0 (5163601)|STATEMENT_EXECUTE|[1]
03:25:04.0 (5197505)|HEAP_ALLOCATE|[50]|Bytes:5
03:25:04.0 (5234411)|HEAP_ALLOCATE|[56]|Bytes:5
03:25:04.0 (5248549)|HEAP_ALLOCATE|[64]|Bytes:7
03:25:04.0 (5272414)|SYSTEM_MODE_ENTER|false
03:25:04.0 (5293220)|HEAP_ALLOCATE|[EXTERNAL]|Bytes:5
03:25:04.0 (5300978)|STATEMENT_EXECUTE|[17]
03:25:04.0 (5303591)|STATEMENT_EXECUTE|[24]
03:25:04.0 (5310792)|SYSTEM_MODE_EXIT|false
03:25:04.0 (5323995)|METHOD_EXIT|[1]|Controller
03:25:04.0 (5366842)|HEAP_ALLOCATE|[EXTERNAL]|Bytes:64
03:25:04.0 (5381353)|VARIABLE_SCOPE_BEGIN|[1]|this|Controller|true|false
03:25:04.0 (5512666)|VARIABLE_ASSIGNMENT|[1]|this|{}|0x388fd4b2
03:25:04.0 (5532573)|SYSTEM_MODE_ENTER|false
03:25:04.0 (5542263)|HEAP_ALLOCATE|[EXTERNAL]|Bytes:5
03:25:04.0 (5556247)|HEAP_ALLOCATE|[EXTERNAL]|Bytes:6
03:25:04.0 (5612696)|SYSTEM_MODE_EXIT|false
03:25:04.0 (5621840)|STATEMENT_EXECUTE|[1]
03:25:04.0 (5627764)|SYSTEM_MODE_ENTER|false
03:25:04.0 (5636473)|HEAP_ALLOCATE|[EXTERNAL]|Bytes:5
03:25:04.0 (5642216)|STATEMENT_EXECUTE|[2]
03:25:04.0 (5645612)|STATEMENT_EXECUTE|[3]
03:25:04.0 (5647690)|STATEMENT_EXECUTE|[4]
03:25:04.0 (5649609)|STATEMENT_EXECUTE|[5]
03:25:04.0 (5651797)|STATEMENT_EXECUTE|[6]
03:25:04.0 (5653977)|STATEMENT_EXECUTE|[7]
03:25:04.0 (5656194)|STATEMENT_EXECUTE|[8]
03:25:04.0 (5658262)|STATEMENT_EXECUTE|[9]
03:25:04.0 (5660875)|STATEMENT_EXECUTE|[10]
03:25:04.0 (5663435)|STATEMENT_EXECUTE|[11]
03:25:04.0 (5665397)|STATEMENT_EXECUTE|[12]
03:25:04.0 (5667352)|STATEMENT_EXECUTE|[13]
03:25:04.0 (5670396)|STATEMENT_EXECUTE|[14]
03:25:04.0 (5672373)|STATEMENT_EXECUTE|[15]
03:25:04.0 (5674309)|STATEMENT_EXECUTE|[16]
03:25:04.0 (5678146)|SYSTEM_MODE_EXIT|false
03:25:04.0 (5776806)|SYSTEM_MODE_ENTER|true
03:25:04.6 (6492177)|SYSTEM_MODE_ENTER|true
03:25:04.6 (6541149)|HEAP_ALLOCATE|[EXTERNAL]|Bytes:38
03:25:04.6 (6553305)|HEAP_ALLOCATE|[EXTERNAL]|Bytes:7
03:25:04.6 (6769312)|SYSTEM_MODE_ENTER|true
03:25:04.6 (6882599)|HEAP_ALLOCATE|[EXTERNAL]|Bytes:8
03:25:04.6 (6894061)|VARIABLE_SCOPE_BEGIN|[88]|this|ApexPage.PageMessagesComponentController|true|false
03:25:04.6 (6926389)|VARIABLE_ASSIGNMENT|[88]|this|{}|0x24b443c9
03:25:04.6 (6933847)|VARIABLE_SCOPE_BEGIN|[88]|escape|Boolean|false|false
03:25:04.6 (6943219)|VARIABLE_ASSIGNMENT|[88]|escape|null
03:25:04.7 (7093367)|SYSTEM_MODE_ENTER|true
03:25:04.7 (7136884)|HEAP_ALLOCATE|[EXTERNAL]|Bytes:8
03:25:04.7 (7144801)|VARIABLE_SCOPE_BEGIN|[2]|this|ApexPage.PageMessagesComponentController|true|false
03:25:04.7 (7165159)|VARIABLE_ASSIGNMENT|[2]|this|{}|0x24b443c9
03:25:04.0 (8022948)|SYSTEM_MODE_ENTER|true
03:25:04.0 (9170139)|SYSTEM_MODE_ENTER|true
03:25:04.0 (9249579)|HEAP_ALLOCATE|[EXTERNAL]|Bytes:64
03:25:04.0 (9262047)|VARIABLE_SCOPE_BEGIN|[43]|this|Controller|true|false
03:25:04.0 (9310735)|VARIABLE_ASSIGNMENT|[43]|this|{}|0x388fd4b2
03:25:04.0 (9327615)|SYSTEM_MODE_ENTER|false
03:25:04.0 (9338657)|HEAP_ALLOCATE|[44]|Bytes:5
03:25:04.0 (9345978)|STATEMENT_EXECUTE|[43]
03:25:04.0 (9348465)|STATEMENT_EXECUTE|[44]
03:25:04.0 (9363515)|HEAP_ALLOCATE|[44]|Bytes:4
03:25:04.0 (9400209)|VARIABLE_SCOPE_BEGIN|[44]|options|List<System.SelectOption>|true|false
03:25:04.0 (9432193)|HEAP_ALLOCATE|[EXTERNAL]|Bytes:4
03:25:04.0 (9445138)|VARIABLE_ASSIGNMENT|[44]|options|[]|0x436fe262
03:25:04.0 (9451673)|STATEMENT_EXECUTE|[45]
03:25:04.0 (9456865)|HEAP_ALLOCATE|[45]|Bytes:33
03:25:04.0 (9480194)|HEAP_ALLOCATE|[45]|Bytes:4
03:25:04.0 (10758530)|SOQL_EXECUTE_BEGIN|[45]|Aggregations:0|SELECT className__C FROM Class__c
03:25:04.0 (13578457)|SOQL_EXECUTE_END|[45]|Rows:4
03:25:04.0 (13619683)|HEAP_ALLOCATE|[45]|Bytes:20
03:25:04.0 (13649314)|HEAP_ALLOCATE|[45]|Bytes:193
03:25:04.0 (13757945)|HEAP_ALLOCATE|[45]|Bytes:20
03:25:04.0 (13796034)|VARIABLE_SCOPE_BEGIN|[45]|data|List<Class__c>|true|false
03:25:04.0 (13868203)|VARIABLE_ASSIGNMENT|[45]|data|[{"className__c":"Name","Id":"a0H0o00000fIXZEEA4"},{"className__c":"L02","Id":"a0H0o00000fIXflEAG"},{"className__c":"L01","Id":"a0H0o00000fIXZYEA4"},{"className__c":"L03","Id":"a0H0o00000fIXg0EAG"}]|0x5e4e3be2
03:25:04.0 (14098410)|HEAP_ALLOCATE|[46]|Bytes:5
03:25:04.0 (14127964)|HEAP_ALLOCATE|[46]|Bytes:12
03:25:04.0 (14142153)|VARIABLE_SCOPE_BEGIN|[46]|c|Class__c|true|false
03:25:04.0 (14166668)|VARIABLE_ASSIGNMENT|[46]|c|{"className__c":"Name","Id":"a0H0o00000fIXZEEA4"}|0x569eaae7
03:25:04.0 (14179581)|STATEMENT_EXECUTE|[46]
03:25:04.0 (14182697)|STATEMENT_EXECUTE|[47]
03:25:04.0 (14195398)|HEAP_ALLOCATE|[47]|Bytes:12
03:25:04.0 (14319104)|HEAP_ALLOCATE|[47]|Bytes:4
03:25:04.0 (14378555)|HEAP_ALLOCATE|[47]|Bytes:4
03:25:04.0 (14428311)|HEAP_ALLOCATE|[EXTERNAL]|Bytes:4
03:25:04.0 (14454614)|HEAP_ALLOCATE|[46]|Bytes:5
03:25:04.0 (14475625)|HEAP_ALLOCATE|[46]|Bytes:12
03:25:04.0 (14487094)|VARIABLE_SCOPE_BEGIN|[46]|c|Class__c|true|false
03:25:04.0 (14510358)|VARIABLE_ASSIGNMENT|[46]|c|{"className__c":"L02","Id":"a0H0o00000fIXflEAG"}|0x6aba21a8
03:25:04.0 (14520281)|STATEMENT_EXECUTE|[46]
03:25:04.0 (14522905)|STATEMENT_EXECUTE|[47]
03:25:04.0 (14575702)|HEAP_ALLOCATE|[47]|Bytes:3
03:25:04.0 (14641178)|HEAP_ALLOCATE|[47]|Bytes:3
03:25:04.0 (14668927)|HEAP_ALLOCATE|[EXTERNAL]|Bytes:4
03:25:04.0 (14688326)|HEAP_ALLOCATE|[46]|Bytes:5
03:25:04.0 (14704448)|HEAP_ALLOCATE|[46]|Bytes:12
03:25:04.0 (14713820)|VARIABLE_SCOPE_BEGIN|[46]|c|Class__c|true|false
03:25:04.0 (14741633)|VARIABLE_ASSIGNMENT|[46]|c|{"className__c":"L01","Id":"a0H0o00000fIXZYEA4"}|0x7fd80a09
03:25:04.0 (14751165)|STATEMENT_EXECUTE|[46]
03:25:04.0 (14753730)|STATEMENT_EXECUTE|[47]
03:25:04.0 (14800271)|HEAP_ALLOCATE|[47]|Bytes:3
03:25:04.0 (14847760)|HEAP_ALLOCATE|[47]|Bytes:3
03:25:04.0 (14873415)|HEAP_ALLOCATE|[EXTERNAL]|Bytes:4
03:25:04.0 (14908327)|HEAP_ALLOCATE|[46]|Bytes:5
03:25:04.0 (14926920)|HEAP_ALLOCATE|[46]|Bytes:12
03:25:04.0 (14937842)|VARIABLE_SCOPE_BEGIN|[46]|c|Class__c|true|false
03:25:04.0 (14960989)|VARIABLE_ASSIGNMENT|[46]|c|{"className__c":"L03","Id":"a0H0o00000fIXg0EAG"}|0x78a402a9
03:25:04.0 (14970321)|STATEMENT_EXECUTE|[46]
03:25:04.0 (14972720)|STATEMENT_EXECUTE|[47]
03:25:04.0 (15030729)|HEAP_ALLOCATE|[47]|Bytes:3
03:25:04.0 (15107933)|HEAP_ALLOCATE|[47]|Bytes:3
03:25:04.0 (15150857)|HEAP_ALLOCATE|[EXTERNAL]|Bytes:4
03:25:04.0 (15171217)|HEAP_ALLOCATE|[46]|Bytes:5
03:25:04.0 (15188909)|VARIABLE_ASSIGNMENT|[46]|c|null|
03:25:04.0 (15196606)|STATEMENT_EXECUTE|[50]
03:25:04.0 (15206022)|SYSTEM_MODE_EXIT|false
03:25:04.18 (18372762)|SYSTEM_MODE_ENTER|true
03:25:04.18 (18508969)|HEAP_ALLOCATE|[EXTERNAL]|Bytes:8
03:25:04.18 (18527853)|VARIABLE_SCOPE_BEGIN|[88]|this|ApexPage.PageMessagesComponentController|true|false
03:25:04.18 (18583359)|VARIABLE_ASSIGNMENT|[88]|this|{}|0x24b443c9
03:25:04.18 (18594826)|VARIABLE_SCOPE_BEGIN|[88]|escape|Boolean|false|false
03:25:04.18 (18608137)|VARIABLE_ASSIGNMENT|[88]|escape|null
03:25:04.18 (18810542)|SYSTEM_MODE_ENTER|true
03:25:04.18 (18873540)|HEAP_ALLOCATE|[EXTERNAL]|Bytes:8
03:25:04.18 (18888086)|VARIABLE_SCOPE_BEGIN|[2]|this|ApexPage.PageMessagesComponentController|true|false
03:25:04.18 (18916250)|VARIABLE_ASSIGNMENT|[2]|this|{}|0x24b443c9
03:25:04.0 (20003940)|SYSTEM_MODE_ENTER|true
03:25:04.0 (21632543)|VF_SERIALIZE_VIEWSTATE_BEGIN|0660o000008sEYc
03:25:04.0 (33082947)|VF_SERIALIZE_VIEWSTATE_END
03:25:04.0 (34940533)|CODE_UNIT_STARTED|[EXTERNAL]|Generate Metadata
03:25:04.0 (35532152)|CODE_UNIT_FINISHED|Generate Metadata
03:25:04.38 (38766601)|CUMULATIVE_LIMIT_USAGE
03:25:04.38 (38766601)|LIMIT_USAGE_FOR_NS|(default)|
  Number of SOQL queries: 1 out of 100
  Number of query rows: 4 out of 50000
  Number of SOSL queries: 0 out of 20
  Number of DML statements: 0 out of 150
  Number of DML rows: 0 out of 10000
  Maximum CPU time: 0 out of 10000
  Maximum heap size: 0 out of 6000000
  Number of callouts: 0 out of 100
  Number of Email Invocations: 0 out of 10
  Number of future calls: 0 out of 50
  Number of queueable jobs added to the queue: 0 out of 50
  Number of Mobile Apex push calls: 0 out of 10

03:25:04.38 (38766601)|CUMULATIVE_LIMIT_USAGE_END

03:25:04.0 (38817622)|CODE_UNIT_FINISHED|VF: /apex/MainPage
03:25:04.0 (39678999)|EXECUTION_FINISHED
