36.0 APEX_CODE,FINEST;APEX_PROFILING,INFO;CALLOUT,INFO;DB,INFO;NBA,INFO;SYSTEM,DEBUG;VALIDATION,INFO;VISUALFORCE,INFO;WAVE,INFO;WORKFLOW,INFO
23:30:38.0 (460117)|USER_INFO|[EXTERNAL]|0050o00000WkyGG|ttvy@keizu.co.jp|Pacific Standard Time|GMT-07:00
23:30:38.0 (495776)|EXECUTION_STARTED
23:30:38.0 (500661)|CODE_UNIT_STARTED|[EXTERNAL]|0660o000008sEYc|VF: /apex/MainPage
23:30:38.0 (1035561)|VF_DESERIALIZE_VIEWSTATE_BEGIN|0660o000008sEYc
23:30:38.0 (18916860)|HEAP_ALLOCATE|[72]|Bytes:3
23:30:38.0 (18962803)|HEAP_ALLOCATE|[77]|Bytes:152
23:30:38.0 (18978460)|HEAP_ALLOCATE|[342]|Bytes:408
23:30:38.0 (18991125)|HEAP_ALLOCATE|[355]|Bytes:408
23:30:38.0 (19002330)|HEAP_ALLOCATE|[467]|Bytes:48
23:30:38.0 (19032737)|HEAP_ALLOCATE|[139]|Bytes:6
23:30:38.0 (19070411)|HEAP_ALLOCATE|[50]|Bytes:5
23:30:38.0 (19089852)|HEAP_ALLOCATE|[56]|Bytes:5
23:30:38.0 (19099106)|HEAP_ALLOCATE|[64]|Bytes:7
23:30:38.0 (23613555)|VF_DESERIALIZE_VIEWSTATE_END
23:30:38.0 (24885031)|SYSTEM_MODE_ENTER|true
23:30:38.0 (24927303)|HEAP_ALLOCATE|[EXTERNAL]|Bytes:19
23:30:38.0 (24938600)|HEAP_ALLOCATE|[EXTERNAL]|Bytes:280
23:30:38.0 (24944660)|HEAP_ALLOCATE|[EXTERNAL]|Bytes:55
23:30:38.0 (24948927)|HEAP_ALLOCATE|[EXTERNAL]|Bytes:10
23:30:38.0 (24962759)|METHOD_ENTRY|[1]|01p0o00000GLKhZ|Controller.Controller()
23:30:38.0 (24970440)|STATEMENT_EXECUTE|[1]
23:30:38.0 (24975511)|STATEMENT_EXECUTE|[1]
23:30:38.0 (24984344)|SYSTEM_MODE_ENTER|false
23:30:38.0 (24995597)|HEAP_ALLOCATE|[EXTERNAL]|Bytes:5
23:30:38.0 (25001002)|STATEMENT_EXECUTE|[17]
23:30:38.0 (25004181)|STATEMENT_EXECUTE|[33]
23:30:38.0 (25008464)|SYSTEM_MODE_EXIT|false
23:30:38.0 (25021640)|METHOD_EXIT|[1]|Controller
23:30:38.0 (25085666)|HEAP_ALLOCATE|[EXTERNAL]|Bytes:188
23:30:38.0 (25092492)|HEAP_ALLOCATE|[EXTERNAL]|Bytes:17
23:30:38.31 (31453256)|SYSTEM_MODE_ENTER|true
23:30:38.31 (31574228)|HEAP_ALLOCATE|[EXTERNAL]|Bytes:38
23:30:38.31 (31592543)|HEAP_ALLOCATE|[EXTERNAL]|Bytes:7
23:30:38.32 (32851398)|SYSTEM_MODE_ENTER|true
23:30:38.32 (32955101)|HEAP_ALLOCATE|[EXTERNAL]|Bytes:8
23:30:38.32 (32970020)|VARIABLE_SCOPE_BEGIN|[88]|this|ApexPage.PageMessagesComponentController|true|false
23:30:38.32 (33028108)|VARIABLE_ASSIGNMENT|[88]|this|{}|0x4b8d827a
23:30:38.32 (33041621)|VARIABLE_SCOPE_BEGIN|[88]|escape|Boolean|false|false
23:30:38.32 (33056499)|VARIABLE_ASSIGNMENT|[88]|escape|null
23:30:38.0 (33258128)|SYSTEM_MODE_ENTER|true
23:30:38.0 (34130762)|SYSTEM_MODE_ENTER|true
23:30:38.0 (34384281)|SYSTEM_MODE_ENTER|true
23:30:38.0 (34717685)|HEAP_ALLOCATE|[EXTERNAL]|Bytes:40
23:30:38.0 (34732695)|VARIABLE_SCOPE_BEGIN|[61]|this|Controller|true|false
23:30:38.0 (34816563)|VARIABLE_ASSIGNMENT|[61]|this|{"objKeySearch":"0x611bcfaa","student":"0x5afc59ee"}|0x177fe268
23:30:38.0 (34838804)|SYSTEM_MODE_ENTER|false
23:30:38.0 (34851296)|HEAP_ALLOCATE|[62]|Bytes:5
23:30:38.0 (34861264)|STATEMENT_EXECUTE|[61]
23:30:38.0 (34864058)|STATEMENT_EXECUTE|[62]
23:30:38.0 (34879132)|HEAP_ALLOCATE|[62]|Bytes:4
23:30:38.0 (34926270)|VARIABLE_SCOPE_BEGIN|[62]|options|List<System.SelectOption>|true|false
23:30:38.0 (34961482)|HEAP_ALLOCATE|[EXTERNAL]|Bytes:4
23:30:38.0 (34981491)|VARIABLE_ASSIGNMENT|[62]|options|[]|0x45706869
23:30:38.0 (34991681)|STATEMENT_EXECUTE|[63]
23:30:38.0 (34996327)|HEAP_ALLOCATE|[63]|Bytes:33
23:30:38.0 (35018421)|HEAP_ALLOCATE|[63]|Bytes:4
23:30:38.0 (36310840)|SOQL_EXECUTE_BEGIN|[63]|Aggregations:0|SELECT className__C FROM Class__c
23:30:38.0 (38972368)|SOQL_EXECUTE_END|[63]|Rows:2
23:30:38.0 (39007953)|HEAP_ALLOCATE|[63]|Bytes:12
23:30:38.0 (39033102)|HEAP_ALLOCATE|[63]|Bytes:101
23:30:38.0 (39117004)|HEAP_ALLOCATE|[63]|Bytes:12
23:30:38.0 (39141250)|VARIABLE_SCOPE_BEGIN|[63]|data|List<Class__c>|true|false
23:30:38.0 (39189013)|VARIABLE_ASSIGNMENT|[63]|data|[{"className__c":"Math","Id":"a0H0o00000fJQOvEAO"},{"className__c":"English","Id":"a0H0o00000fJQOwEAO"}]|0x4ac42836
23:30:38.0 (39356368)|HEAP_ALLOCATE|[64]|Bytes:5
23:30:38.0 (39387020)|HEAP_ALLOCATE|[64]|Bytes:12
23:30:38.0 (39402279)|VARIABLE_SCOPE_BEGIN|[64]|c|Class__c|true|false
23:30:38.0 (39436048)|VARIABLE_ASSIGNMENT|[64]|c|{"className__c":"Math","Id":"a0H0o00000fJQOvEAO"}|0x2c5d27da
23:30:38.0 (39448183)|STATEMENT_EXECUTE|[64]
23:30:38.0 (39450967)|STATEMENT_EXECUTE|[65]
23:30:38.0 (39475758)|HEAP_ALLOCATE|[65]|Bytes:12
23:30:38.0 (39600579)|HEAP_ALLOCATE|[65]|Bytes:4
23:30:38.0 (39666188)|HEAP_ALLOCATE|[65]|Bytes:4
23:30:38.0 (39719218)|HEAP_ALLOCATE|[EXTERNAL]|Bytes:4
23:30:38.0 (39738617)|HEAP_ALLOCATE|[64]|Bytes:5
23:30:38.0 (39752392)|HEAP_ALLOCATE|[64]|Bytes:12
23:30:38.0 (39761657)|VARIABLE_SCOPE_BEGIN|[64]|c|Class__c|true|false
23:30:38.0 (39781231)|VARIABLE_ASSIGNMENT|[64]|c|{"className__c":"English","Id":"a0H0o00000fJQOwEAO"}|0x46a66a02
23:30:38.0 (39787421)|STATEMENT_EXECUTE|[64]
23:30:38.0 (39790352)|STATEMENT_EXECUTE|[65]
23:30:38.0 (39833258)|HEAP_ALLOCATE|[65]|Bytes:7
23:30:38.0 (39866320)|HEAP_ALLOCATE|[65]|Bytes:7
23:30:38.0 (39883038)|HEAP_ALLOCATE|[EXTERNAL]|Bytes:4
23:30:38.0 (39897811)|HEAP_ALLOCATE|[64]|Bytes:5
23:30:38.0 (39909412)|VARIABLE_ASSIGNMENT|[64]|c|null|
23:30:38.0 (39916413)|STATEMENT_EXECUTE|[68]
23:30:38.0 (39921285)|SYSTEM_MODE_EXIT|false
23:30:38.0 (66465628)|HEAP_ALLOCATE|[EXTERNAL]|Bytes:5
23:30:38.0 (66486964)|HEAP_ALLOCATE|[EXTERNAL]|Bytes:24
23:30:38.0 (66508010)|VARIABLE_ASSIGNMENT|[EXTERNAL]|this.increasing|false|0x611bcfaa
23:30:38.0 (66558385)|HEAP_ALLOCATE|[EXTERNAL]|Bytes:4
23:30:38.0 (66564798)|HEAP_ALLOCATE|[EXTERNAL]|Bytes:24
23:30:38.0 (66575189)|VARIABLE_ASSIGNMENT|[EXTERNAL]|this.className|"Math"|0x611bcfaa
23:30:38.66 (66979397)|SYSTEM_MODE_ENTER|true
23:30:38.66 (67050063)|HEAP_ALLOCATE|[EXTERNAL]|Bytes:8
23:30:38.66 (67062275)|VARIABLE_SCOPE_BEGIN|[88]|this|ApexPage.PageMessagesComponentController|true|false
23:30:38.66 (67095411)|VARIABLE_ASSIGNMENT|[88]|this|{}|0x4b8d827a
23:30:38.66 (67102472)|VARIABLE_SCOPE_BEGIN|[88]|escape|Boolean|false|false
23:30:38.66 (67110761)|VARIABLE_ASSIGNMENT|[88]|escape|null
23:30:38.0 (67357854)|HEAP_ALLOCATE|[EXTERNAL]|Bytes:40
23:30:38.0 (67368430)|VARIABLE_SCOPE_BEGIN|[167]|this|Controller|true|false
23:30:38.0 (67404895)|VARIABLE_ASSIGNMENT|[167]|this|{"objKeySearch":"0x611bcfaa","student":"0x5afc59ee"}|0x177fe268
23:30:38.0 (67438167)|SYSTEM_MODE_ENTER|false
23:30:38.0 (67446268)|HEAP_ALLOCATE|[168]|Bytes:5
23:30:38.0 (67452983)|STATEMENT_EXECUTE|[167]
23:30:38.0 (67455044)|STATEMENT_EXECUTE|[168]
23:30:38.0 (67456431)|STATEMENT_EXECUTE|[168]
23:30:38.0 (67507991)|VARIABLE_ASSIGNMENT|[EXTERNAL]|this|{"objKeySearch":"0x611bcfaa","student":"0x5afc59ee"}|0x177fe268
23:30:38.0 (67549794)|VARIABLE_ASSIGNMENT|[EXTERNAL]|this|{"className":"Math","increasing":false,"objStudentFrom":"0xe49ccc3","objStudentTo":"0xa7ad4df","studentName":"0x40cf5fc6"}|0x611bcfaa
23:30:38.0 (67643113)|STATEMENT_EXECUTE|[169]
23:30:38.0 (67646244)|STATEMENT_EXECUTE|[173]
23:30:38.0 (67673059)|METHOD_ENTRY|[173]|01p0o00000GLKhZ|Controller.getStudent()
23:30:38.0 (67693945)|VARIABLE_SCOPE_BEGIN|[71]|this|Controller|true|false
23:30:38.0 (67720517)|VARIABLE_ASSIGNMENT|[71]|this|{"objKeySearch":"0x611bcfaa","student":"0x5afc59ee"}|0x177fe268
23:30:38.0 (67733867)|HEAP_ALLOCATE|[72]|Bytes:5
23:30:38.0 (67738812)|STATEMENT_EXECUTE|[71]
23:30:38.0 (67740925)|STATEMENT_EXECUTE|[72]
23:30:38.0 (67743859)|HEAP_ALLOCATE|[72]|Bytes:274
23:30:38.0 (67762694)|HEAP_ALLOCATE|[72]|Bytes:4
23:30:38.0 (67773008)|HEAP_ALLOCATE|[72]|Bytes:7
23:30:38.0 (67803699)|VARIABLE_ASSIGNMENT|[EXTERNAL]|this|{"objKeySearch":"0x611bcfaa","student":"0x5afc59ee"}|0x177fe268
23:30:38.0 (67837295)|VARIABLE_ASSIGNMENT|[EXTERNAL]|this|{"className":"Math","increasing":false,"objStudentFrom":"0xe49ccc3","objStudentTo":"0xa7ad4df","studentName":"0x40cf5fc6"}|0x611bcfaa
23:30:38.0 (67864170)|HEAP_ALLOCATE|[72]|Bytes:7
23:30:38.0 (67896156)|VARIABLE_ASSIGNMENT|[EXTERNAL]|this|{"objKeySearch":"0x611bcfaa","student":"0x5afc59ee"}|0x177fe268
23:30:38.0 (67931195)|VARIABLE_ASSIGNMENT|[EXTERNAL]|this|{"className":"Math","increasing":false,"objStudentFrom":"0xe49ccc3","objStudentTo":"0xa7ad4df","studentName":"0x40cf5fc6"}|0x611bcfaa
23:30:38.0 (67946145)|HEAP_ALLOCATE|[72]|Bytes:7
23:30:38.0 (67974126)|VARIABLE_ASSIGNMENT|[EXTERNAL]|this|{"objKeySearch":"0x611bcfaa","student":"0x5afc59ee"}|0x177fe268
23:30:38.0 (68005963)|VARIABLE_ASSIGNMENT|[EXTERNAL]|this|{"className":"Math","increasing":false,"objStudentFrom":"0xe49ccc3","objStudentTo":"0xa7ad4df","studentName":"0x40cf5fc6"}|0x611bcfaa
23:30:38.0 (68023749)|HEAP_ALLOCATE|[72]|Bytes:7
23:30:38.0 (68050123)|VARIABLE_ASSIGNMENT|[EXTERNAL]|this|{"objKeySearch":"0x611bcfaa","student":"0x5afc59ee"}|0x177fe268
23:30:38.0 (68080476)|VARIABLE_ASSIGNMENT|[EXTERNAL]|this|{"className":"Math","increasing":false,"objStudentFrom":"0xe49ccc3","objStudentTo":"0xa7ad4df","studentName":"0x40cf5fc6"}|0x611bcfaa
23:30:38.0 (68923584)|SOQL_EXECUTE_BEGIN|[72]|Aggregations:0|SELECT Namef__c, Namel__c, Birthday__c, Gender__c, Score1__c, Score2__c, Score3__c, AverageScore__c, State__c, StudentId__c FROM Student__c WHERE (Name LIKE :tmpVar1 OR Class__r.Name LIKE :tmpVar2 OR (Student__c.Birthday__c > :tmpVar3 AND Student__c.Birthday__c < :tmpVar4))
23:30:38.0 (76892200)|SOQL_EXECUTE_END|[72]|Rows:2
23:30:38.0 (76921548)|HEAP_ALLOCATE|[72]|Bytes:12
23:30:38.0 (76951253)|HEAP_ALLOCATE|[72]|Bytes:726
23:30:38.0 (77013524)|HEAP_ALLOCATE|[72]|Bytes:12
23:30:38.0 (77035299)|VARIABLE_SCOPE_BEGIN|[72]|studentGetList|List<Student__c>|true|false
23:30:38.0 (77133217)|VARIABLE_ASSIGNMENT|[72]|studentGetList|[{"Namef__c":"b","Namel__c":"b","Birthday__c":"2010-05-21T00:00:00.000Z","Gender__c":true,"Score1__c":2.00,"Score2__c":2.00,"Score3__c":2.00,"AverageScore__c":2.00,"State__c":"Failed","StudentId__c":"HS0076","Class__c":"a0H0o00000fJQOvEAO","Id":"a0I0o000013e10MEAQ"},{"Namef__c":"a","Namel__c":"a","Birthday__c":"2003-05-08T00:00:00.000Z","Gender__c":false,"Score1__c":1.00,"Score2__c":1.00,"Score3__c":1.00,"AverageScore__c":1.00,"State__c":"Failed","StudentId__c":"HS0075","Class__c":"a0H0o00000fJQOvEAO","Id":"a0I0o000013e10HEAQ"}]|0x565694ee
23:30:38.0 (77149003)|STATEMENT_EXECUTE|[87]
23:30:38.0 (77161299)|HEAP_ALLOCATE|[87]|Bytes:4
23:30:38.0 (77226004)|VARIABLE_SCOPE_BEGIN|[87]|result|List<Controller.Output>|true|false
23:30:38.0 (77251610)|HEAP_ALLOCATE|[EXTERNAL]|Bytes:4
23:30:38.0 (77266115)|VARIABLE_ASSIGNMENT|[87]|result|[]|0xa1ce4c9
23:30:38.0 (77462398)|HEAP_ALLOCATE|[88]|Bytes:5
23:30:38.0 (77484775)|HEAP_ALLOCATE|[88]|Bytes:52
23:30:38.0 (77496041)|VARIABLE_SCOPE_BEGIN|[88]|s|Student__c|true|false
23:30:38.0 (77532085)|VARIABLE_ASSIGNMENT|[88]|s|{"Namef__c":"b","Namel__c":"b","Birthday__c":"2010-05-21T00:00:00.000Z","Gender__c":true,"Score1__c":2.00,"Score2__c":2.00,"Score3__c":2.00,"AverageScore__c":2.00,"State__c":"Failed","StudentId__c":"HS0076","Class__c":"a0H0o00000fJQOvEAO","Id":"a0I0o000013e10MEAQ"}|0x3c52e55e
23:30:38.0 (77549842)|STATEMENT_EXECUTE|[88]
23:30:38.0 (77552779)|STATEMENT_EXECUTE|[89]
23:30:38.0 (77624457)|HEAP_ALLOCATE|[89]|Bytes:120
23:30:38.0 (77633072)|HEAP_ALLOCATE|[89]|Bytes:11
23:30:38.0 (77650927)|HEAP_ALLOCATE|[89]|Bytes:12
23:30:38.0 (77680659)|CONSTRUCTOR_ENTRY|[89]|01p0o00000GLKhZ|<init>(Student__c)|Controller.Output
23:30:38.0 (77718359)|VARIABLE_SCOPE_BEGIN|[36]|this|Controller.Output|true|false
23:30:38.0 (77753752)|VARIABLE_ASSIGNMENT|[36]|this|{}|0x37ef1681
23:30:38.0 (77763591)|VARIABLE_SCOPE_BEGIN|[36]|s|Student__c|true|false
23:30:38.0 (77803163)|VARIABLE_ASSIGNMENT|[36]|s|{"Namef__c":"b","Namel__c":"b","Birthday__c":"2010-05-21T00:00:00.000Z","Gender__c":true,"Score1__c":2.00,"Score2__c":2.00,"Score3__c":2.00,"AverageScore__c":2.00,"State__c":"Failed","StudentId__c":"HS0076","Class__c":"a0H0o00000fJQOvEAO","Id":"a0I0o000013e10MEAQ"}|0x3c52e55e
23:30:38.0 (77817720)|STATEMENT_EXECUTE|[33]
23:30:38.0 (77820190)|STATEMENT_EXECUTE|[34]
23:30:38.0 (77822536)|STATEMENT_EXECUTE|[35]
23:30:38.0 (77832228)|HEAP_ALLOCATE|[37]|Bytes:6
23:30:38.0 (77873435)|STATEMENT_EXECUTE|[36]
23:30:38.0 (77875328)|STATEMENT_EXECUTE|[37]
23:30:38.0 (77949903)|VARIABLE_ASSIGNMENT|[EXTERNAL]|this|{}|0x37ef1681
23:30:38.0 (77997572)|VARIABLE_ASSIGNMENT|[EXTERNAL]|value|{"Namef__c":"b","Namel__c":"b","Birthday__c":"2010-05-21T00:00:00.000Z","Gender__c":true,"Score1__c":2.00,"Score2__c":2.00,"Score3__c":2.00,"AverageScore__c":2.00,"State__c":"Failed","StudentId__c":"HS0076","Class__c":"a0H0o00000fJQOvEAO","Id":"a0I0o000013e10MEAQ"}|0x3c52e55e
23:30:38.0 (78032097)|VARIABLE_ASSIGNMENT|[34]|this.student|{"Namef__c":"b","Namel__c":"b","Birthday__c":"2010-05-21T00:00:00.000Z","Gender__c":true,"Score1__c":2.00,"Score2__c":2.00,"Score3__c":2.00,"AverageScore__c":2.00,"State__c":"Failed","StudentId__c":"HS0076","Class__c":"a0H0o00000fJQOvEAO","Id":"a0I0o000013e10MEAQ"}|0x37ef1681
23:30:38.0 (78048609)|STATEMENT_EXECUTE|[38]
23:30:38.0 (78093743)|VARIABLE_ASSIGNMENT|[EXTERNAL]|this|{"student":"0x3c52e55e"}|0x37ef1681
23:30:38.0 (78114045)|VARIABLE_ASSIGNMENT|[EXTERNAL]|value|false
23:30:38.0 (78126722)|HEAP_ALLOCATE|[35]|Bytes:5
23:30:38.0 (78140600)|VARIABLE_ASSIGNMENT|[35]|this.isSelected|false|0x37ef1681
23:30:38.0 (78157399)|CONSTRUCTOR_EXIT|[89]|01p0o00000GLKhZ|<init>(Student__c)|Controller.Output
23:30:38.0 (78176167)|HEAP_ALLOCATE|[EXTERNAL]|Bytes:4
23:30:38.0 (78193721)|HEAP_ALLOCATE|[88]|Bytes:5
23:30:38.0 (78206597)|HEAP_ALLOCATE|[88]|Bytes:52
23:30:38.0 (78215132)|VARIABLE_SCOPE_BEGIN|[88]|s|Student__c|true|false
23:30:38.0 (78249565)|VARIABLE_ASSIGNMENT|[88]|s|{"Namef__c":"a","Namel__c":"a","Birthday__c":"2003-05-08T00:00:00.000Z","Gender__c":false,"Score1__c":1.00,"Score2__c":1.00,"Score3__c":1.00,"AverageScore__c":1.00,"State__c":"Failed","StudentId__c":"HS0075","Class__c":"a0H0o00000fJQOvEAO","Id":"a0I0o000013e10HEAQ"}|0x6d030df
23:30:38.0 (78264071)|STATEMENT_EXECUTE|[88]
23:30:38.0 (78266506)|STATEMENT_EXECUTE|[89]
23:30:38.0 (78274059)|HEAP_ALLOCATE|[89]|Bytes:12
23:30:38.0 (78287053)|CONSTRUCTOR_ENTRY|[89]|01p0o00000GLKhZ|<init>(Student__c)|Controller.Output
23:30:38.0 (78298963)|VARIABLE_SCOPE_BEGIN|[36]|this|Controller.Output|true|false
23:30:38.0 (78314347)|VARIABLE_ASSIGNMENT|[36]|this|{}|0x485128b6
23:30:38.0 (78319666)|VARIABLE_SCOPE_BEGIN|[36]|s|Student__c|true|false
23:30:38.0 (78344586)|VARIABLE_ASSIGNMENT|[36]|s|{"Namef__c":"a","Namel__c":"a","Birthday__c":"2003-05-08T00:00:00.000Z","Gender__c":false,"Score1__c":1.00,"Score2__c":1.00,"Score3__c":1.00,"AverageScore__c":1.00,"State__c":"Failed","StudentId__c":"HS0075","Class__c":"a0H0o00000fJQOvEAO","Id":"a0I0o000013e10HEAQ"}|0x6d030df
23:30:38.0 (78353381)|STATEMENT_EXECUTE|[33]
23:30:38.0 (78354963)|STATEMENT_EXECUTE|[34]
23:30:38.0 (78356414)|STATEMENT_EXECUTE|[35]
23:30:38.0 (78368979)|STATEMENT_EXECUTE|[36]
23:30:38.0 (78371270)|STATEMENT_EXECUTE|[37]
23:30:38.0 (78389507)|VARIABLE_ASSIGNMENT|[EXTERNAL]|this|{}|0x485128b6
23:30:38.0 (78432612)|VARIABLE_ASSIGNMENT|[EXTERNAL]|value|{"Namef__c":"a","Namel__c":"a","Birthday__c":"2003-05-08T00:00:00.000Z","Gender__c":false,"Score1__c":1.00,"Score2__c":1.00,"Score3__c":1.00,"AverageScore__c":1.00,"State__c":"Failed","StudentId__c":"HS0075","Class__c":"a0H0o00000fJQOvEAO","Id":"a0I0o000013e10HEAQ"}|0x6d030df
23:30:38.0 (78463405)|VARIABLE_ASSIGNMENT|[34]|this.student|{"Namef__c":"a","Namel__c":"a","Birthday__c":"2003-05-08T00:00:00.000Z","Gender__c":false,"Score1__c":1.00,"Score2__c":1.00,"Score3__c":1.00,"AverageScore__c":1.00,"State__c":"Failed","StudentId__c":"HS0075","Class__c":"a0H0o00000fJQOvEAO","Id":"a0I0o000013e10HEAQ"}|0x485128b6
23:30:38.0 (78474579)|STATEMENT_EXECUTE|[38]
23:30:38.0 (78491109)|VARIABLE_ASSIGNMENT|[EXTERNAL]|this|{"student":"0x6d030df"}|0x485128b6
23:30:38.0 (78505470)|VARIABLE_ASSIGNMENT|[EXTERNAL]|value|false
23:30:38.0 (78515193)|HEAP_ALLOCATE|[35]|Bytes:5
23:30:38.0 (78526570)|VARIABLE_ASSIGNMENT|[35]|this.isSelected|false|0x485128b6
23:30:38.0 (78544582)|CONSTRUCTOR_EXIT|[89]|01p0o00000GLKhZ|<init>(Student__c)|Controller.Output
23:30:38.0 (78560082)|HEAP_ALLOCATE|[EXTERNAL]|Bytes:4
23:30:38.0 (78573967)|HEAP_ALLOCATE|[88]|Bytes:5
23:30:38.0 (78585438)|VARIABLE_ASSIGNMENT|[88]|s|null|
23:30:38.0 (78592596)|STATEMENT_EXECUTE|[91]
23:30:38.0 (78635977)|VARIABLE_ASSIGNMENT|[EXTERNAL]|this|{"objKeySearch":"0x611bcfaa","student":"0x5afc59ee"}|0x177fe268
23:30:38.0 (78691228)|VARIABLE_ASSIGNMENT|[EXTERNAL]|this|{"className":"Math","increasing":false,"objStudentFrom":"0xe49ccc3","objStudentTo":"0xa7ad4df","studentName":"0x40cf5fc6"}|0x611bcfaa
23:30:38.0 (78720851)|METHOD_ENTRY|[91]|01p0o00000GLKhZ|Controller.sort(List<Controller.Output>, Boolean)
23:30:38.0 (78727768)|VARIABLE_SCOPE_BEGIN|[94]|this|Controller|true|false
23:30:38.0 (78755107)|VARIABLE_ASSIGNMENT|[94]|this|{"objKeySearch":"0x611bcfaa","student":"0x5afc59ee"}|0x177fe268
23:30:38.0 (78766474)|VARIABLE_SCOPE_BEGIN|[94]|l|List<Controller.Output>|true|false
23:30:38.0 (78802347)|VARIABLE_ASSIGNMENT|[94]|l|[{"isSelected":false,"student":"0x3c52e55e"},{"isSelected":false,"student":"0x6d030df"}]|0xa1ce4c9
23:30:38.0 (78811292)|VARIABLE_SCOPE_BEGIN|[94]|increasing|Boolean|false|false
23:30:38.0 (78819488)|VARIABLE_ASSIGNMENT|[94]|increasing|false
23:30:38.0 (78830961)|HEAP_ALLOCATE|[95]|Bytes:5
23:30:38.0 (78835803)|STATEMENT_EXECUTE|[94]
23:30:38.0 (78837483)|STATEMENT_EXECUTE|[95]
23:30:38.0 (78846300)|HEAP_ALLOCATE|[95]|Bytes:4
23:30:38.0 (78870000)|VARIABLE_SCOPE_BEGIN|[95]|result|List<Controller.Output>|true|false
23:30:38.0 (78889141)|HEAP_ALLOCATE|[EXTERNAL]|Bytes:4
23:30:38.0 (78899915)|VARIABLE_ASSIGNMENT|[95]|result|[]|0x22e232b5
23:30:38.0 (78909915)|STATEMENT_EXECUTE|[109]
23:30:38.0 (78942930)|STATEMENT_EXECUTE|[110]
23:30:38.0 (78945847)|STATEMENT_EXECUTE|[111]
23:30:38.0 (78973811)|HEAP_ALLOCATE|[111]|Bytes:12
23:30:38.0 (79007998)|VARIABLE_ASSIGNMENT|[EXTERNAL]|this|{"isSelected":false,"student":"0x3c52e55e"}|0x37ef1681
23:30:38.0 (79071868)|VARIABLE_SCOPE_BEGIN|[111]|min|String|false|false
23:30:38.0 (79090450)|VARIABLE_ASSIGNMENT|[111]|min|"b"
23:30:38.0 (79097622)|STATEMENT_EXECUTE|[112]
23:30:38.0 (79124129)|HEAP_ALLOCATE|[112]|Bytes:12
23:30:38.0 (79135307)|VARIABLE_SCOPE_BEGIN|[112]|minObj|Controller.Output|true|false
23:30:38.0 (79154933)|VARIABLE_ASSIGNMENT|[112]|minObj|{"isSelected":false,"student":"0x3c52e55e"}|0x37ef1681
23:30:38.0 (79262408)|HEAP_ALLOCATE|[113]|Bytes:5
23:30:38.0 (79275922)|HEAP_ALLOCATE|[113]|Bytes:12
23:30:38.0 (79282864)|VARIABLE_SCOPE_BEGIN|[113]|o|Controller.Output|true|false
23:30:38.0 (79303189)|VARIABLE_ASSIGNMENT|[113]|o|{"isSelected":false,"student":"0x3c52e55e"}|0x37ef1681
23:30:38.0 (79311948)|STATEMENT_EXECUTE|[113]
23:30:38.0 (79347621)|VARIABLE_ASSIGNMENT|[EXTERNAL]|this|{"isSelected":false,"student":"0x3c52e55e"}|0x37ef1681
23:30:38.0 (79404209)|STATEMENT_EXECUTE|[114]
23:30:38.0 (79414437)|HEAP_ALLOCATE|[113]|Bytes:5
23:30:38.0 (79429380)|HEAP_ALLOCATE|[113]|Bytes:12
23:30:38.0 (79435494)|VARIABLE_SCOPE_BEGIN|[113]|o|Controller.Output|true|false
23:30:38.0 (79453577)|VARIABLE_ASSIGNMENT|[113]|o|{"isSelected":false,"student":"0x6d030df"}|0x485128b6
23:30:38.0 (79460132)|STATEMENT_EXECUTE|[113]
23:30:38.0 (79481249)|VARIABLE_ASSIGNMENT|[EXTERNAL]|this|{"isSelected":false,"student":"0x6d030df"}|0x485128b6
23:30:38.0 (79523162)|STATEMENT_EXECUTE|[114]
23:30:38.0 (79526236)|STATEMENT_EXECUTE|[115]
23:30:38.0 (79551070)|VARIABLE_ASSIGNMENT|[EXTERNAL]|this|{"isSelected":false,"student":"0x6d030df"}|0x485128b6
23:30:38.0 (79566491)|VARIABLE_ASSIGNMENT|[115]|min|"a"
23:30:38.0 (79570658)|STATEMENT_EXECUTE|[116]
23:30:38.0 (79580170)|VARIABLE_ASSIGNMENT|[116]|minObj|{"isSelected":false,"student":"0x6d030df"}|0x485128b6
23:30:38.0 (79593478)|HEAP_ALLOCATE|[113]|Bytes:5
23:30:38.0 (79608667)|VARIABLE_ASSIGNMENT|[113]|o|null|
23:30:38.0 (79617056)|STATEMENT_EXECUTE|[119]
23:30:38.0 (79625487)|HEAP_ALLOCATE|[119]|Bytes:12
23:30:38.0 (79659841)|VARIABLE_ASSIGNMENT|[EXTERNAL]|this|{"isSelected":false,"student":"0x6d030df"}|0x485128b6
23:30:38.0 (79675809)|CONSTRUCTOR_ENTRY|[119]|01p0o00000GLKhZ|<init>(Student__c)|Controller.Output
23:30:38.0 (79682569)|VARIABLE_SCOPE_BEGIN|[36]|this|Controller.Output|true|false
23:30:38.0 (79694350)|VARIABLE_ASSIGNMENT|[36]|this|{}|0x391e54af
23:30:38.0 (79700028)|VARIABLE_SCOPE_BEGIN|[36]|s|Student__c|true|false
23:30:38.0 (79730911)|VARIABLE_ASSIGNMENT|[36]|s|{"Namef__c":"a","Namel__c":"a","Birthday__c":"2003-05-08T00:00:00.000Z","Gender__c":false,"Score1__c":1.00,"Score2__c":1.00,"Score3__c":1.00,"AverageScore__c":1.00,"State__c":"Failed","StudentId__c":"HS0075","Class__c":"a0H0o00000fJQOvEAO","Id":"a0I0o000013e10HEAQ"}|0x6d030df
23:30:38.0 (79742280)|STATEMENT_EXECUTE|[33]
23:30:38.0 (79744745)|STATEMENT_EXECUTE|[34]
23:30:38.0 (79746657)|STATEMENT_EXECUTE|[35]
23:30:38.0 (79763472)|STATEMENT_EXECUTE|[36]
23:30:38.0 (79766444)|STATEMENT_EXECUTE|[37]
23:30:38.0 (79785508)|VARIABLE_ASSIGNMENT|[EXTERNAL]|this|{}|0x391e54af
23:30:38.0 (79818143)|VARIABLE_ASSIGNMENT|[EXTERNAL]|value|{"Namef__c":"a","Namel__c":"a","Birthday__c":"2003-05-08T00:00:00.000Z","Gender__c":false,"Score1__c":1.00,"Score2__c":1.00,"Score3__c":1.00,"AverageScore__c":1.00,"State__c":"Failed","StudentId__c":"HS0075","Class__c":"a0H0o00000fJQOvEAO","Id":"a0I0o000013e10HEAQ"}|0x6d030df
23:30:38.0 (79846006)|VARIABLE_ASSIGNMENT|[34]|this.student|{"Namef__c":"a","Namel__c":"a","Birthday__c":"2003-05-08T00:00:00.000Z","Gender__c":false,"Score1__c":1.00,"Score2__c":1.00,"Score3__c":1.00,"AverageScore__c":1.00,"State__c":"Failed","StudentId__c":"HS0075","Class__c":"a0H0o00000fJQOvEAO","Id":"a0I0o000013e10HEAQ"}|0x391e54af
23:30:38.0 (79856954)|STATEMENT_EXECUTE|[38]
23:30:38.0 (79875214)|VARIABLE_ASSIGNMENT|[EXTERNAL]|this|{"student":"0x6d030df"}|0x391e54af
23:30:38.0 (79891100)|VARIABLE_ASSIGNMENT|[EXTERNAL]|value|false
23:30:38.0 (79901567)|HEAP_ALLOCATE|[35]|Bytes:5
23:30:38.0 (79912682)|VARIABLE_ASSIGNMENT|[35]|this.isSelected|false|0x391e54af
23:30:38.0 (79928476)|CONSTRUCTOR_EXIT|[119]|01p0o00000GLKhZ|<init>(Student__c)|Controller.Output
23:30:38.0 (79942775)|HEAP_ALLOCATE|[EXTERNAL]|Bytes:4
23:30:38.0 (79949840)|STATEMENT_EXECUTE|[120]
23:30:38.0 (80285027)|VARIABLE_ASSIGNMENT|[EXTERNAL]|this|{"isSelected":false,"student":"0x3c52e55e"}|0x37ef1681
23:30:38.0 (80317108)|VARIABLE_ASSIGNMENT|[EXTERNAL]|object|{"isSelected":false,"student":"0x6d030df"}
23:30:38.0 (80377641)|VARIABLE_ASSIGNMENT|[EXTERNAL]|this|{"isSelected":false,"student":"0x6d030df"}|0x485128b6
23:30:38.0 (80391857)|VARIABLE_ASSIGNMENT|[EXTERNAL]|object|{"isSelected":false,"student":"0x6d030df"}
23:30:38.0 (80458882)|HEAP_ALLOCATE|[120]|Bytes:12
23:30:38.0 (80484882)|STATEMENT_EXECUTE|[110]
23:30:38.0 (80487162)|STATEMENT_EXECUTE|[111]
23:30:38.0 (80493988)|HEAP_ALLOCATE|[111]|Bytes:12
23:30:38.0 (80520495)|VARIABLE_ASSIGNMENT|[EXTERNAL]|this|{"isSelected":false,"student":"0x3c52e55e"}|0x37ef1681
23:30:38.0 (80536796)|VARIABLE_SCOPE_BEGIN|[111]|min|String|false|false
23:30:38.0 (80547028)|VARIABLE_ASSIGNMENT|[111]|min|"b"
23:30:38.0 (80553813)|STATEMENT_EXECUTE|[112]
23:30:38.0 (80563765)|HEAP_ALLOCATE|[112]|Bytes:12
23:30:38.0 (80575908)|VARIABLE_SCOPE_BEGIN|[112]|minObj|Controller.Output|true|false
23:30:38.0 (80602616)|VARIABLE_ASSIGNMENT|[112]|minObj|{"isSelected":false,"student":"0x3c52e55e"}|0x37ef1681
23:30:38.0 (80628386)|HEAP_ALLOCATE|[113]|Bytes:5
23:30:38.0 (80638912)|HEAP_ALLOCATE|[113]|Bytes:12
23:30:38.0 (80644559)|VARIABLE_SCOPE_BEGIN|[113]|o|Controller.Output|true|false
23:30:38.0 (80660717)|VARIABLE_ASSIGNMENT|[113]|o|{"isSelected":false,"student":"0x3c52e55e"}|0x37ef1681
23:30:38.0 (80667015)|STATEMENT_EXECUTE|[113]
23:30:38.0 (80680628)|VARIABLE_ASSIGNMENT|[EXTERNAL]|this|{"isSelected":false,"student":"0x3c52e55e"}|0x37ef1681
23:30:38.0 (80708339)|STATEMENT_EXECUTE|[114]
23:30:38.0 (80719828)|HEAP_ALLOCATE|[113]|Bytes:5
23:30:38.0 (80735573)|VARIABLE_ASSIGNMENT|[113]|o|null|
23:30:38.0 (80743684)|STATEMENT_EXECUTE|[119]
23:30:38.0 (80750057)|HEAP_ALLOCATE|[119]|Bytes:12
23:30:38.0 (80777720)|VARIABLE_ASSIGNMENT|[EXTERNAL]|this|{"isSelected":false,"student":"0x3c52e55e"}|0x37ef1681
23:30:38.0 (80792015)|CONSTRUCTOR_ENTRY|[119]|01p0o00000GLKhZ|<init>(Student__c)|Controller.Output
23:30:38.0 (80798968)|VARIABLE_SCOPE_BEGIN|[36]|this|Controller.Output|true|false
23:30:38.0 (80810465)|VARIABLE_ASSIGNMENT|[36]|this|{}|0xa5abea3
23:30:38.0 (80816055)|VARIABLE_SCOPE_BEGIN|[36]|s|Student__c|true|false
23:30:38.0 (80843612)|VARIABLE_ASSIGNMENT|[36]|s|{"Namef__c":"b","Namel__c":"b","Birthday__c":"2010-05-21T00:00:00.000Z","Gender__c":true,"Score1__c":2.00,"Score2__c":2.00,"Score3__c":2.00,"AverageScore__c":2.00,"State__c":"Failed","StudentId__c":"HS0076","Class__c":"a0H0o00000fJQOvEAO","Id":"a0I0o000013e10MEAQ"}|0x3c52e55e
23:30:38.0 (80852971)|STATEMENT_EXECUTE|[33]
23:30:38.0 (80854885)|STATEMENT_EXECUTE|[34]
23:30:38.0 (80856731)|STATEMENT_EXECUTE|[35]
23:30:38.0 (80871567)|STATEMENT_EXECUTE|[36]
23:30:38.0 (80874185)|STATEMENT_EXECUTE|[37]
23:30:38.0 (80891892)|VARIABLE_ASSIGNMENT|[EXTERNAL]|this|{}|0xa5abea3
23:30:38.0 (80929222)|VARIABLE_ASSIGNMENT|[EXTERNAL]|value|{"Namef__c":"b","Namel__c":"b","Birthday__c":"2010-05-21T00:00:00.000Z","Gender__c":true,"Score1__c":2.00,"Score2__c":2.00,"Score3__c":2.00,"AverageScore__c":2.00,"State__c":"Failed","StudentId__c":"HS0076","Class__c":"a0H0o00000fJQOvEAO","Id":"a0I0o000013e10MEAQ"}|0x3c52e55e
23:30:38.0 (80959043)|VARIABLE_ASSIGNMENT|[34]|this.student|{"Namef__c":"b","Namel__c":"b","Birthday__c":"2010-05-21T00:00:00.000Z","Gender__c":true,"Score1__c":2.00,"Score2__c":2.00,"Score3__c":2.00,"AverageScore__c":2.00,"State__c":"Failed","StudentId__c":"HS0076","Class__c":"a0H0o00000fJQOvEAO","Id":"a0I0o000013e10MEAQ"}|0xa5abea3
23:30:38.0 (80972110)|STATEMENT_EXECUTE|[38]
23:30:38.0 (80986604)|VARIABLE_ASSIGNMENT|[EXTERNAL]|this|{"student":"0x3c52e55e"}|0xa5abea3
23:30:38.0 (81003910)|VARIABLE_ASSIGNMENT|[EXTERNAL]|value|false
23:30:38.0 (81013299)|HEAP_ALLOCATE|[35]|Bytes:5
23:30:38.0 (81024754)|VARIABLE_ASSIGNMENT|[35]|this.isSelected|false|0xa5abea3
23:30:38.0 (81042349)|CONSTRUCTOR_EXIT|[119]|01p0o00000GLKhZ|<init>(Student__c)|Controller.Output
23:30:38.0 (81061261)|HEAP_ALLOCATE|[EXTERNAL]|Bytes:4
23:30:38.0 (81072156)|STATEMENT_EXECUTE|[120]
23:30:38.0 (81096103)|VARIABLE_ASSIGNMENT|[EXTERNAL]|this|{"isSelected":false,"student":"0x3c52e55e"}|0x37ef1681
23:30:38.0 (81109512)|VARIABLE_ASSIGNMENT|[EXTERNAL]|object|{"isSelected":false,"student":"0x3c52e55e"}
23:30:38.0 (81143229)|HEAP_ALLOCATE|[120]|Bytes:12
23:30:38.0 (81158586)|STATEMENT_EXECUTE|[123]
23:30:38.0 (81172215)|METHOD_EXIT|[91]|01p0o00000GLKhZ|Controller.sort(List<Controller.Output>, Boolean)
23:30:38.0 (81187168)|METHOD_EXIT|[173]|01p0o00000GLKhZ|Controller.getStudent()
23:30:38.0 (81234109)|VARIABLE_ASSIGNMENT|[EXTERNAL]|this|{"objKeySearch":"0x611bcfaa","student":"0x5afc59ee"}|0x177fe268
23:30:38.0 (81258807)|VARIABLE_ASSIGNMENT|[EXTERNAL]|value|[{"isSelected":false,"student":"0x6d030df"},{"isSelected":false,"student":"0x3c52e55e"}]|0x22e232b5
23:30:38.0 (81280992)|VARIABLE_ASSIGNMENT|[2]|this.OutputList|[{"isSelected":false,"student":"0x6d030df"},{"isSelected":false,"student":"0x3c52e55e"}]|0x177fe268
23:30:38.0 (81293721)|STATEMENT_EXECUTE|[174]
23:30:38.0 (81299066)|HEAP_ALLOCATE|[174]|Bytes:17
23:30:38.0 (81356213)|VARIABLE_ASSIGNMENT|[EXTERNAL]|this|{"objKeySearch":"0x611bcfaa","OutputList":"0x22e232b5","student":"0x5afc59ee"}|0x177fe268
23:30:38.0 (81394652)|HEAP_ALLOCATE|[174]|Bytes:1
23:30:38.0 (81409814)|HEAP_ALLOCATE|[174]|Bytes:18
23:30:38.0 (81459426)|VARIABLE_ASSIGNMENT|[EXTERNAL]|this|{"objKeySearch":"0x611bcfaa","OutputList":"0x22e232b5","student":"0x5afc59ee"}|0x177fe268
23:30:38.0 (81476964)|VARIABLE_ASSIGNMENT|[EXTERNAL]|value|"Total Students : 2"
23:30:38.0 (81492568)|VARIABLE_ASSIGNMENT|[7]|this.sumstudents|"Total Students : 2"|0x177fe268
23:30:38.0 (81506001)|SYSTEM_MODE_EXIT|false
23:30:38.0 (86199132)|SYSTEM_MODE_ENTER|true
23:30:38.0 (86868917)|SYSTEM_MODE_ENTER|true
23:30:38.87 (87831823)|SYSTEM_MODE_ENTER|true
23:30:38.87 (87907196)|HEAP_ALLOCATE|[EXTERNAL]|Bytes:8
23:30:38.87 (87924966)|VARIABLE_SCOPE_BEGIN|[88]|this|ApexPage.PageMessagesComponentController|true|false
23:30:38.87 (87982675)|VARIABLE_ASSIGNMENT|[88]|this|{}|0x4b8d827a
23:30:38.87 (87990850)|VARIABLE_SCOPE_BEGIN|[88]|escape|Boolean|false|false
23:30:38.87 (88000189)|VARIABLE_ASSIGNMENT|[88]|escape|null
23:30:38.88 (88096033)|SYSTEM_MODE_ENTER|true
23:30:38.88 (88155818)|HEAP_ALLOCATE|[EXTERNAL]|Bytes:8
23:30:38.88 (88164360)|VARIABLE_SCOPE_BEGIN|[2]|this|ApexPage.PageMessagesComponentController|true|false
23:30:38.88 (88189098)|VARIABLE_ASSIGNMENT|[2]|this|{}|0x4b8d827a
23:30:38.0 (88606555)|SYSTEM_MODE_ENTER|true
23:30:38.0 (91807979)|SYSTEM_MODE_ENTER|true
23:30:38.0 (91884137)|HEAP_ALLOCATE|[EXTERNAL]|Bytes:40
23:30:38.0 (91899146)|VARIABLE_SCOPE_BEGIN|[61]|this|Controller|true|false
23:30:38.0 (91964305)|VARIABLE_ASSIGNMENT|[61]|this|{"objKeySearch":"0x611bcfaa","OutputList":"0x22e232b5","student":"0x5afc59ee","sumstudents":"Total Students : 2"}|0x177fe268
23:30:38.0 (91988048)|SYSTEM_MODE_ENTER|false
23:30:38.0 (92003098)|HEAP_ALLOCATE|[62]|Bytes:5
23:30:38.0 (92014268)|STATEMENT_EXECUTE|[61]
23:30:38.0 (92017208)|STATEMENT_EXECUTE|[62]
23:30:38.0 (92038761)|HEAP_ALLOCATE|[62]|Bytes:4
23:30:38.0 (92066903)|VARIABLE_SCOPE_BEGIN|[62]|options|List<System.SelectOption>|true|false
23:30:38.0 (92108988)|HEAP_ALLOCATE|[EXTERNAL]|Bytes:4
23:30:38.0 (92123563)|VARIABLE_ASSIGNMENT|[62]|options|[]|0x7cedce86
23:30:38.0 (92133737)|STATEMENT_EXECUTE|[63]
23:30:38.0 (92153718)|HEAP_ALLOCATE|[63]|Bytes:4
23:30:38.0 (92387684)|SOQL_EXECUTE_BEGIN|[63]|Aggregations:0|SELECT className__C FROM Class__c
23:30:38.0 (94604061)|SOQL_EXECUTE_END|[63]|Rows:2
23:30:38.0 (94638680)|HEAP_ALLOCATE|[63]|Bytes:12
23:30:38.0 (94664700)|HEAP_ALLOCATE|[63]|Bytes:101
23:30:38.0 (94703938)|HEAP_ALLOCATE|[63]|Bytes:12
23:30:38.0 (94721716)|VARIABLE_SCOPE_BEGIN|[63]|data|List<Class__c>|true|false
23:30:38.0 (94765000)|VARIABLE_ASSIGNMENT|[63]|data|[{"className__c":"Math","Id":"a0H0o00000fJQOvEAO"},{"className__c":"English","Id":"a0H0o00000fJQOwEAO"}]|0x1746618
23:30:38.0 (94820629)|HEAP_ALLOCATE|[64]|Bytes:5
23:30:38.0 (94843995)|HEAP_ALLOCATE|[64]|Bytes:12
23:30:38.0 (94857142)|VARIABLE_SCOPE_BEGIN|[64]|c|Class__c|true|false
23:30:38.0 (94880095)|VARIABLE_ASSIGNMENT|[64]|c|{"className__c":"Math","Id":"a0H0o00000fJQOvEAO"}|0x216a1d00
23:30:38.0 (94891460)|STATEMENT_EXECUTE|[64]
23:30:38.0 (94894118)|STATEMENT_EXECUTE|[65]
23:30:38.0 (94974286)|HEAP_ALLOCATE|[65]|Bytes:4
23:30:38.0 (95038018)|HEAP_ALLOCATE|[65]|Bytes:4
23:30:38.0 (95078262)|HEAP_ALLOCATE|[EXTERNAL]|Bytes:4
23:30:38.0 (95102814)|HEAP_ALLOCATE|[64]|Bytes:5
23:30:38.0 (95120018)|HEAP_ALLOCATE|[64]|Bytes:12
23:30:38.0 (95130709)|VARIABLE_SCOPE_BEGIN|[64]|c|Class__c|true|false
23:30:38.0 (95154838)|VARIABLE_ASSIGNMENT|[64]|c|{"className__c":"English","Id":"a0H0o00000fJQOwEAO"}|0x8d77e48
23:30:38.0 (95165905)|STATEMENT_EXECUTE|[64]
23:30:38.0 (95168510)|STATEMENT_EXECUTE|[65]
23:30:38.0 (95219212)|HEAP_ALLOCATE|[65]|Bytes:7
23:30:38.0 (95274192)|HEAP_ALLOCATE|[65]|Bytes:7
23:30:38.0 (95307979)|HEAP_ALLOCATE|[EXTERNAL]|Bytes:4
23:30:38.0 (95330214)|HEAP_ALLOCATE|[64]|Bytes:5
23:30:38.0 (95348211)|VARIABLE_ASSIGNMENT|[64]|c|null|
23:30:38.0 (95358912)|STATEMENT_EXECUTE|[68]
23:30:38.0 (95366743)|SYSTEM_MODE_EXIT|false
23:30:38.97 (97379824)|SYSTEM_MODE_ENTER|true
23:30:38.97 (97470081)|HEAP_ALLOCATE|[EXTERNAL]|Bytes:8
23:30:38.97 (97481211)|VARIABLE_SCOPE_BEGIN|[88]|this|ApexPage.PageMessagesComponentController|true|false
23:30:38.97 (97514820)|VARIABLE_ASSIGNMENT|[88]|this|{}|0x4b8d827a
23:30:38.97 (97522642)|VARIABLE_SCOPE_BEGIN|[88]|escape|Boolean|false|false
23:30:38.97 (97531692)|VARIABLE_ASSIGNMENT|[88]|escape|null
23:30:38.97 (97671657)|SYSTEM_MODE_ENTER|true
23:30:38.97 (97716085)|HEAP_ALLOCATE|[EXTERNAL]|Bytes:8
23:30:38.97 (97724840)|VARIABLE_SCOPE_BEGIN|[2]|this|ApexPage.PageMessagesComponentController|true|false
23:30:38.97 (97746131)|VARIABLE_ASSIGNMENT|[2]|this|{}|0x4b8d827a
23:30:38.0 (99051391)|SYSTEM_MODE_ENTER|true
23:30:38.0 (108555909)|VF_SERIALIZE_VIEWSTATE_BEGIN|0660o000008sEYc
23:30:38.0 (138922682)|VF_SERIALIZE_VIEWSTATE_END
23:30:38.0 (152595509)|CODE_UNIT_STARTED|[EXTERNAL]|Generate Metadata
23:30:38.0 (156118533)|CODE_UNIT_FINISHED|Generate Metadata
23:30:38.159 (159772491)|CUMULATIVE_LIMIT_USAGE
23:30:38.159 (159772491)|LIMIT_USAGE_FOR_NS|(default)|
  Number of SOQL queries: 3 out of 100
  Number of query rows: 6 out of 50000
  Number of SOSL queries: 0 out of 20
  Number of DML statements: 0 out of 150
  Number of DML rows: 0 out of 10000
  Maximum CPU time: 0 out of 10000
  Maximum heap size: 0 out of 6000000
  Number of callouts: 0 out of 100
  Number of Email Invocations: 0 out of 10
  Number of future calls: 0 out of 50
  Number of queueable jobs added to the queue: 0 out of 50
  Number of Mobile Apex push calls: 0 out of 10

23:30:38.159 (159772491)|CUMULATIVE_LIMIT_USAGE_END

23:30:38.0 (159851090)|CODE_UNIT_FINISHED|VF: /apex/MainPage
23:30:38.0 (160919511)|EXECUTION_FINISHED
