36.0 APEX_CODE,FINEST;APEX_PROFILING,INFO;CALLOUT,INFO;DB,INFO;NBA,INFO;SYSTEM,DEBUG;VALIDATION,INFO;VISUALFORCE,INFO;WAVE,INFO;WORKFLOW,INFO
23:16:55.0 (523899)|USER_INFO|[EXTERNAL]|0050o00000WkyGG|ttvy@keizu.co.jp|Pacific Standard Time|GMT-07:00
23:16:55.0 (581709)|EXECUTION_STARTED
23:16:55.0 (590388)|CODE_UNIT_STARTED|[EXTERNAL]|0660o000008sEYc|VF: /apex/MainPage
23:16:55.0 (3191826)|SYSTEM_MODE_ENTER|true
23:16:55.0 (3625082)|HEAP_ALLOCATE|[72]|Bytes:3
23:16:55.0 (3668434)|HEAP_ALLOCATE|[77]|Bytes:152
23:16:55.0 (3684088)|HEAP_ALLOCATE|[342]|Bytes:408
23:16:55.0 (3700591)|HEAP_ALLOCATE|[355]|Bytes:408
23:16:55.0 (3715943)|HEAP_ALLOCATE|[467]|Bytes:48
23:16:55.0 (3743645)|HEAP_ALLOCATE|[139]|Bytes:6
23:16:55.0 (3766261)|HEAP_ALLOCATE|[EXTERNAL]|Bytes:212
23:16:55.0 (3772393)|HEAP_ALLOCATE|[EXTERNAL]|Bytes:25
23:16:55.0 (3788262)|METHOD_ENTRY|[1]|01p0o00000GLKhZ|Controller.Controller()
23:16:55.0 (3795585)|STATEMENT_EXECUTE|[1]
23:16:55.0 (3800622)|STATEMENT_EXECUTE|[1]
23:16:55.0 (3826717)|HEAP_ALLOCATE|[50]|Bytes:5
23:16:55.0 (3848628)|HEAP_ALLOCATE|[56]|Bytes:5
23:16:55.0 (3857089)|HEAP_ALLOCATE|[64]|Bytes:7
23:16:55.0 (3878378)|SYSTEM_MODE_ENTER|false
23:16:55.0 (3900425)|HEAP_ALLOCATE|[EXTERNAL]|Bytes:5
23:16:55.0 (3911220)|SYSTEM_MODE_EXIT|false
23:16:55.0 (3923646)|METHOD_EXIT|[1]|Controller
23:16:55.0 (3940969)|HEAP_ALLOCATE|[EXTERNAL]|Bytes:28
23:16:55.0 (3953289)|VARIABLE_SCOPE_BEGIN|[1]|this|Controller|true|false
23:16:55.0 (4041765)|VARIABLE_ASSIGNMENT|[1]|this|{}|0x2162942f
23:16:55.0 (4062549)|SYSTEM_MODE_ENTER|false
23:16:55.0 (4070658)|HEAP_ALLOCATE|[EXTERNAL]|Bytes:5
23:16:55.0 (4080969)|HEAP_ALLOCATE|[EXTERNAL]|Bytes:6
23:16:55.0 (4121510)|SYSTEM_MODE_EXIT|false
23:16:55.0 (4128173)|STATEMENT_EXECUTE|[1]
23:16:55.0 (4132887)|SYSTEM_MODE_ENTER|false
23:16:55.0 (4138380)|HEAP_ALLOCATE|[EXTERNAL]|Bytes:5
23:16:55.0 (4142529)|STATEMENT_EXECUTE|[2]
23:16:55.0 (4144384)|STATEMENT_EXECUTE|[3]
23:16:55.0 (4146093)|STATEMENT_EXECUTE|[4]
23:16:55.0 (4147608)|STATEMENT_EXECUTE|[5]
23:16:55.0 (4149114)|STATEMENT_EXECUTE|[6]
23:16:55.0 (4150754)|STATEMENT_EXECUTE|[7]
23:16:55.0 (4153289)|SYSTEM_MODE_EXIT|false
23:16:55.4 (4442954)|SYSTEM_MODE_ENTER|true
23:16:55.4 (4474630)|HEAP_ALLOCATE|[EXTERNAL]|Bytes:38
23:16:55.4 (4481018)|HEAP_ALLOCATE|[EXTERNAL]|Bytes:7
23:16:55.4 (4626995)|SYSTEM_MODE_ENTER|true
23:16:55.4 (4704982)|HEAP_ALLOCATE|[EXTERNAL]|Bytes:8
23:16:55.4 (4714499)|VARIABLE_SCOPE_BEGIN|[88]|this|ApexPage.PageMessagesComponentController|true|false
23:16:55.4 (4809267)|VARIABLE_ASSIGNMENT|[88]|this|{}|0x3a97781
23:16:55.4 (4819750)|VARIABLE_SCOPE_BEGIN|[88]|escape|Boolean|false|false
23:16:55.4 (4830276)|VARIABLE_ASSIGNMENT|[88]|escape|null
23:16:55.5 (5018595)|SYSTEM_MODE_ENTER|true
23:16:55.5 (5076696)|HEAP_ALLOCATE|[EXTERNAL]|Bytes:8
23:16:55.5 (5084935)|VARIABLE_SCOPE_BEGIN|[2]|this|ApexPage.PageMessagesComponentController|true|false
23:16:55.5 (5108199)|VARIABLE_ASSIGNMENT|[2]|this|{}|0x3a97781
23:16:55.0 (5994446)|SYSTEM_MODE_ENTER|true
23:16:55.0 (6791028)|SYSTEM_MODE_ENTER|true
23:16:55.0 (7001834)|SYSTEM_MODE_ENTER|true
23:16:55.0 (7053768)|HEAP_ALLOCATE|[EXTERNAL]|Bytes:28
23:16:55.0 (7064329)|VARIABLE_SCOPE_BEGIN|[19]|this|Controller|true|false
23:16:55.0 (7090084)|VARIABLE_ASSIGNMENT|[19]|this|{}|0x2162942f
23:16:55.0 (7104549)|SYSTEM_MODE_ENTER|false
23:16:55.0 (7112275)|HEAP_ALLOCATE|[20]|Bytes:5
23:16:55.0 (7118129)|STATEMENT_EXECUTE|[19]
23:16:55.0 (7120248)|STATEMENT_EXECUTE|[20]
23:16:55.0 (7131302)|HEAP_ALLOCATE|[20]|Bytes:4
23:16:55.0 (7165545)|VARIABLE_SCOPE_BEGIN|[20]|options|List<System.SelectOption>|true|false
23:16:55.0 (7192566)|HEAP_ALLOCATE|[EXTERNAL]|Bytes:4
23:16:55.0 (7204747)|VARIABLE_ASSIGNMENT|[20]|options|[]|0x6d061cac
23:16:55.0 (7210559)|STATEMENT_EXECUTE|[21]
23:16:55.0 (7214985)|HEAP_ALLOCATE|[21]|Bytes:33
23:16:55.0 (7230403)|HEAP_ALLOCATE|[21]|Bytes:4
23:16:55.0 (7530768)|SOQL_EXECUTE_BEGIN|[21]|Aggregations:0|SELECT className__C FROM Class__c
23:16:55.0 (19793686)|SOQL_EXECUTE_END|[21]|Rows:4
23:16:55.0 (19838719)|HEAP_ALLOCATE|[21]|Bytes:20
23:16:55.0 (19869401)|HEAP_ALLOCATE|[21]|Bytes:193
23:16:55.0 (19984949)|HEAP_ALLOCATE|[21]|Bytes:20
23:16:55.0 (20012429)|VARIABLE_SCOPE_BEGIN|[21]|data|List<Class__c>|true|false
23:16:55.0 (20074610)|VARIABLE_ASSIGNMENT|[21]|data|[{"className__c":"Name","Id":"a0H0o00000fIXZEEA4"},{"className__c":"L02","Id":"a0H0o00000fIXflEAG"},{"className__c":"L01","Id":"a0H0o00000fIXZYEA4"},{"className__c":"L03","Id":"a0H0o00000fIXg0EAG"}]|0x59ede134
23:16:55.0 (20291960)|HEAP_ALLOCATE|[22]|Bytes:5
23:16:55.0 (20318642)|HEAP_ALLOCATE|[22]|Bytes:12
23:16:55.0 (20330818)|VARIABLE_SCOPE_BEGIN|[22]|c|Class__c|true|false
23:16:55.0 (20349770)|VARIABLE_ASSIGNMENT|[22]|c|{"className__c":"Name","Id":"a0H0o00000fIXZEEA4"}|0x30bf6384
23:16:55.0 (20357328)|STATEMENT_EXECUTE|[22]
23:16:55.0 (20361160)|STATEMENT_EXECUTE|[23]
23:16:55.0 (20370375)|HEAP_ALLOCATE|[23]|Bytes:12
23:16:55.0 (20502811)|HEAP_ALLOCATE|[23]|Bytes:4
23:16:55.0 (20555772)|HEAP_ALLOCATE|[23]|Bytes:4
23:16:55.0 (20604367)|HEAP_ALLOCATE|[EXTERNAL]|Bytes:4
23:16:55.0 (20632784)|HEAP_ALLOCATE|[22]|Bytes:5
23:16:55.0 (20654683)|HEAP_ALLOCATE|[22]|Bytes:12
23:16:55.0 (20667767)|VARIABLE_SCOPE_BEGIN|[22]|c|Class__c|true|false
23:16:55.0 (20690672)|VARIABLE_ASSIGNMENT|[22]|c|{"className__c":"L02","Id":"a0H0o00000fIXflEAG"}|0x2e666a74
23:16:55.0 (20697540)|STATEMENT_EXECUTE|[22]
23:16:55.0 (20699533)|STATEMENT_EXECUTE|[23]
23:16:55.0 (20750752)|HEAP_ALLOCATE|[23]|Bytes:3
23:16:55.0 (20792768)|HEAP_ALLOCATE|[23]|Bytes:3
23:16:55.0 (20813730)|HEAP_ALLOCATE|[EXTERNAL]|Bytes:4
23:16:55.0 (20829942)|HEAP_ALLOCATE|[22]|Bytes:5
23:16:55.0 (20841518)|HEAP_ALLOCATE|[22]|Bytes:12
23:16:55.0 (20848475)|VARIABLE_SCOPE_BEGIN|[22]|c|Class__c|true|false
23:16:55.0 (20865100)|VARIABLE_ASSIGNMENT|[22]|c|{"className__c":"L01","Id":"a0H0o00000fIXZYEA4"}|0x419adce0
23:16:55.0 (20871068)|STATEMENT_EXECUTE|[22]
23:16:55.0 (20872923)|STATEMENT_EXECUTE|[23]
23:16:55.0 (20923191)|HEAP_ALLOCATE|[23]|Bytes:3
23:16:55.0 (20964079)|HEAP_ALLOCATE|[23]|Bytes:3
23:16:55.0 (20984039)|HEAP_ALLOCATE|[EXTERNAL]|Bytes:4
23:16:55.0 (20998444)|HEAP_ALLOCATE|[22]|Bytes:5
23:16:55.0 (21009806)|HEAP_ALLOCATE|[22]|Bytes:12
23:16:55.0 (21017797)|VARIABLE_SCOPE_BEGIN|[22]|c|Class__c|true|false
23:16:55.0 (21033037)|VARIABLE_ASSIGNMENT|[22]|c|{"className__c":"L03","Id":"a0H0o00000fIXg0EAG"}|0x374dec1c
23:16:55.0 (21038850)|STATEMENT_EXECUTE|[22]
23:16:55.0 (21040651)|STATEMENT_EXECUTE|[23]
23:16:55.0 (21079812)|HEAP_ALLOCATE|[23]|Bytes:3
23:16:55.0 (21121947)|HEAP_ALLOCATE|[23]|Bytes:3
23:16:55.0 (21156968)|HEAP_ALLOCATE|[EXTERNAL]|Bytes:4
23:16:55.0 (21180566)|HEAP_ALLOCATE|[22]|Bytes:5
23:16:55.0 (21203254)|VARIABLE_ASSIGNMENT|[22]|c|null|
23:16:55.0 (21210958)|STATEMENT_EXECUTE|[26]
23:16:55.0 (21216934)|SYSTEM_MODE_EXIT|false
23:16:55.0 (21432013)|SYSTEM_MODE_ENTER|true
23:16:55.22 (22716522)|SYSTEM_MODE_ENTER|true
23:16:55.22 (22799798)|HEAP_ALLOCATE|[EXTERNAL]|Bytes:8
23:16:55.22 (22810605)|VARIABLE_SCOPE_BEGIN|[88]|this|ApexPage.PageMessagesComponentController|true|false
23:16:55.22 (22841447)|VARIABLE_ASSIGNMENT|[88]|this|{}|0x3a97781
23:16:55.22 (22848527)|VARIABLE_SCOPE_BEGIN|[88]|escape|Boolean|false|false
23:16:55.22 (22856235)|VARIABLE_ASSIGNMENT|[88]|escape|null
23:16:55.23 (23009855)|SYSTEM_MODE_ENTER|true
23:16:55.23 (23074896)|HEAP_ALLOCATE|[EXTERNAL]|Bytes:8
23:16:55.23 (23086930)|VARIABLE_SCOPE_BEGIN|[2]|this|ApexPage.PageMessagesComponentController|true|false
23:16:55.23 (23116700)|VARIABLE_ASSIGNMENT|[2]|this|{}|0x3a97781
23:16:55.0 (23948256)|SYSTEM_MODE_ENTER|true
23:16:55.0 (24136759)|SYSTEM_MODE_ENTER|true
23:16:55.0 (25878917)|VF_SERIALIZE_VIEWSTATE_BEGIN|0660o000008sEYc
23:16:55.0 (48969543)|VF_SERIALIZE_VIEWSTATE_END
23:16:55.0 (50755797)|CODE_UNIT_STARTED|[EXTERNAL]|Generate Metadata
23:16:55.0 (51712759)|CODE_UNIT_FINISHED|Generate Metadata
23:16:55.54 (54483082)|CUMULATIVE_LIMIT_USAGE
23:16:55.54 (54483082)|LIMIT_USAGE_FOR_NS|(default)|
  Number of SOQL queries: 1 out of 100
  Number of query rows: 4 out of 50000
  Number of SOSL queries: 0 out of 20
  Number of DML statements: 0 out of 150
  Number of DML rows: 0 out of 10000
  Maximum CPU time: 0 out of 10000
  Maximum heap size: 0 out of 6000000
  Number of callouts: 0 out of 100
  Number of Email Invocations: 0 out of 10
  Number of future calls: 0 out of 50
  Number of queueable jobs added to the queue: 0 out of 50
  Number of Mobile Apex push calls: 0 out of 10

23:16:55.54 (54483082)|CUMULATIVE_LIMIT_USAGE_END

23:16:55.0 (54551191)|CODE_UNIT_FINISHED|VF: /apex/MainPage
23:16:55.0 (55426866)|EXECUTION_FINISHED
