45.0 APEX_CODE,FINEST;APEX_PROFILING,INFO;CALLOUT,INFO;DB,INFO;NBA,INFO;SYSTEM,DEBUG;VALIDATION,INFO;VISUALFORCE,INFO;WAVE,INFO;WORKFLOW,INFO
Execute Anonymous: Student__c s = [SELECT id,Score1__c,Score2__c,Score3__c from Student__c where id = 'a0H0o00000fJQOvEAO'];
Execute Anonymous: s.Score1__c = 0;
Execute Anonymous: s.Score2__c = 1;
Execute Anonymous: s.Score3__c = 3;
Execute Anonymous: update s;
03:46:42.1 (1441069)|USER_INFO|[EXTERNAL]|0050o00000WkyGG|ttvy@keizu.co.jp|(GMT-07:00) Pacific Daylight Time (America/Los_Angeles)|GMT-07:00
03:46:42.1 (1459633)|EXECUTION_STARTED
03:46:42.1 (1463540)|CODE_UNIT_STARTED|[EXTERNAL]|execute_anonymous_apex
03:46:42.1 (1632228)|VARIABLE_SCOPE_BEGIN|[1]|s|Student__c|true|false
03:46:42.1 (1749939)|HEAP_ALLOCATE|[72]|Bytes:3
03:46:42.1 (1785831)|HEAP_ALLOCATE|[77]|Bytes:152
03:46:42.1 (1799538)|HEAP_ALLOCATE|[342]|Bytes:408
03:46:42.1 (1811541)|HEAP_ALLOCATE|[355]|Bytes:408
03:46:42.1 (1821860)|HEAP_ALLOCATE|[467]|Bytes:48
03:46:42.1 (1846010)|HEAP_ALLOCATE|[139]|Bytes:6
03:46:42.1 (1879684)|HEAP_ALLOCATE|[EXTERNAL]|Bytes:9
03:46:42.1 (1987479)|STATEMENT_EXECUTE|[1]
03:46:42.1 (1990138)|STATEMENT_EXECUTE|[1]
03:46:42.1 (1993465)|HEAP_ALLOCATE|[1]|Bytes:90
03:46:42.1 (2015008)|HEAP_ALLOCATE|[1]|Bytes:4
03:46:42.1 (2051931)|HEAP_ALLOCATE|[50]|Bytes:5
03:46:42.1 (2072362)|HEAP_ALLOCATE|[56]|Bytes:5
03:46:42.1 (2079593)|HEAP_ALLOCATE|[64]|Bytes:7
03:46:42.1 (2467777)|SOQL_EXECUTE_BEGIN|[1]|Aggregations:0|SELECT id, Score1__c, Score2__c, Score3__c FROM Student__c WHERE id = 'a0H0o00000fJQOvEAO'
03:46:42.1 (11724556)|SOQL_EXECUTE_END|[1]|Rows:0
03:46:42.1 (11756653)|HEAP_ALLOCATE|[1]|Bytes:4
03:46:42.1 (11768902)|HEAP_ALLOCATE|[1]|Bytes:0
03:46:42.1 (11838446)|HEAP_ALLOCATE|[1]|Bytes:4
03:46:42.1 (11855254)|HEAP_ALLOCATE|[1]|Bytes:36
03:46:42.1 (11917451)|HEAP_ALLOCATE|[1]|Bytes:46
03:46:42.1 (12027502)|FATAL_ERROR|System.QueryException: List has no rows for assignment to SObject

AnonymousBlock: line 1, column 1
03:46:42.12 (12080110)|CUMULATIVE_LIMIT_USAGE
03:46:42.12 (12080110)|LIMIT_USAGE_FOR_NS|(default)|
  Number of SOQL queries: 1 out of 100
  Number of query rows: 0 out of 50000
  Number of SOSL queries: 0 out of 20
  Number of DML statements: 0 out of 150
  Number of DML rows: 0 out of 10000
  Maximum CPU time: 0 out of 10000
  Maximum heap size: 0 out of 6000000
  Number of callouts: 0 out of 100
  Number of Email Invocations: 0 out of 10
  Number of future calls: 0 out of 50
  Number of queueable jobs added to the queue: 0 out of 50
  Number of Mobile Apex push calls: 0 out of 10

03:46:42.12 (12080110)|CUMULATIVE_LIMIT_USAGE_END

03:46:42.1 (12119187)|CODE_UNIT_FINISHED|execute_anonymous_apex
03:46:42.1 (13034323)|EXECUTION_FINISHED
