36.0 APEX_CODE,FINEST;APEX_PROFILING,INFO;CALLOUT,INFO;DB,INFO;NBA,INFO;SYSTEM,DEBUG;VALIDATION,INFO;VISUALFORCE,INFO;WAVE,INFO;WORKFLOW,INFO
02:10:02.0 (441621)|USER_INFO|[EXTERNAL]|0050o00000WkyGG|ttvy@keizu.co.jp|Pacific Standard Time|GMT-07:00
02:10:02.0 (472890)|EXECUTION_STARTED
02:10:02.0 (482732)|CODE_UNIT_STARTED|[EXTERNAL]|01p0o00000GMVtN|ImportDataPatch
02:10:02.0 (2504555)|HEAP_ALLOCATE|[EXTERNAL]|Bytes:4
02:10:02.0 (2736510)|HEAP_ALLOCATE|[72]|Bytes:3
02:10:02.0 (2778178)|HEAP_ALLOCATE|[77]|Bytes:152
02:10:02.0 (2793786)|HEAP_ALLOCATE|[342]|Bytes:408
02:10:02.0 (2807750)|HEAP_ALLOCATE|[355]|Bytes:408
02:10:02.0 (2818649)|HEAP_ALLOCATE|[467]|Bytes:48
02:10:02.0 (2844425)|HEAP_ALLOCATE|[139]|Bytes:6
02:10:02.0 (2890980)|HEAP_ALLOCATE|[EXTERNAL]|Bytes:11
02:10:02.0 (2904418)|SYSTEM_METHOD_ENTRY|[15]|BatchableContextImpl.BatchableContextImpl()
02:10:02.0 (2909807)|STATEMENT_EXECUTE|[15]
02:10:02.0 (2919054)|SYSTEM_METHOD_EXIT|[15]|BatchableContextImpl
02:10:02.0 (2926451)|HEAP_ALLOCATE|[EXTERNAL]|Bytes:12
02:10:02.0 (2931303)|HEAP_ALLOCATE|[EXTERNAL]|Bytes:4
02:10:02.0 (2940472)|VARIABLE_SCOPE_BEGIN|[31]|this|Database.BatchableContextImpl|true|false
02:10:02.0 (2988285)|VARIABLE_ASSIGNMENT|[31]|this|{}|0x7dea036d
02:10:02.0 (2997127)|VARIABLE_SCOPE_BEGIN|[31]|jobId|Id|false|false
02:10:02.0 (3210031)|VARIABLE_ASSIGNMENT|[31]|jobId|"7070o0000BzGmn4AQC"
02:10:02.0 (3217472)|VARIABLE_SCOPE_BEGIN|[31]|childJobId|Id|false|false
02:10:02.0 (3226891)|VARIABLE_ASSIGNMENT|[31]|childJobId|null
02:10:02.0 (15949956)|HEAP_ALLOCATE|[EXTERNAL]|Bytes:75
02:10:02.0 (15968899)|HEAP_ALLOCATE|[EXTERNAL]|Bytes:9
02:10:02.0 (15983915)|METHOD_ENTRY|[1]|01p0o00000GMVtN|ImportDataPatch.ImportDataPatch()
02:10:02.0 (15990246)|STATEMENT_EXECUTE|[1]
02:10:02.0 (15995669)|STATEMENT_EXECUTE|[1]
02:10:02.0 (16000593)|METHOD_EXIT|[1]|ImportDataPatch
02:10:02.0 (16007380)|HEAP_ALLOCATE|[EXTERNAL]|Bytes:4
02:10:02.0 (16012288)|HEAP_ALLOCATE|[EXTERNAL]|Bytes:12
02:10:02.0 (16019556)|VARIABLE_SCOPE_BEGIN|[47]|this|ImportDataPatch|true|false
02:10:02.0 (16050840)|VARIABLE_ASSIGNMENT|[47]|this|{}|0x6f36eaba
02:10:02.0 (16058132)|VARIABLE_SCOPE_BEGIN|[47]|BC|Database.BatchableContext|true|false
02:10:02.0 (16159127)|VARIABLE_ASSIGNMENT|[47]|BC|{"jobId":"7070o0000BzGmn4AQC"}|0x7dea036d
02:10:02.0 (16170017)|STATEMENT_EXECUTE|[47]
02:10:02.29 (29301692)|CUMULATIVE_LIMIT_USAGE
02:10:02.29 (29301692)|LIMIT_USAGE_FOR_NS|(default)|
  Number of SOQL queries: 0 out of 200
  Number of query rows: 0 out of 50000
  Number of SOSL queries: 0 out of 20
  Number of DML statements: 0 out of 150
  Number of DML rows: 0 out of 10000
  Maximum CPU time: 0 out of 60000
  Maximum heap size: 0 out of 12000000
  Number of callouts: 0 out of 0
  Number of Email Invocations: 0 out of 10
  Number of future calls: 0 out of 0
  Number of queueable jobs added to the queue: 0 out of 1
  Number of Mobile Apex push calls: 0 out of 10

02:10:02.29 (29301692)|CUMULATIVE_LIMIT_USAGE_END

02:10:02.0 (29345406)|CODE_UNIT_FINISHED|ImportDataPatch
02:10:02.0 (30173220)|EXECUTION_FINISHED
