36.0 APEX_CODE,FINEST;APEX_PROFILING,INFO;CALLOUT,INFO;DB,INFO;NBA,INFO;SYSTEM,DEBUG;VALIDATION,INFO;VISUALFORCE,INFO;WAVE,INFO;WORKFLOW,INFO
00:30:34.0 (612789)|USER_INFO|[EXTERNAL]|0050o00000WkyGG|ttvy@keizu.co.jp|Pacific Standard Time|GMT-07:00
00:30:34.0 (933346)|EXECUTION_STARTED
00:30:34.0 (942341)|CODE_UNIT_STARTED|[EXTERNAL]|0660o000008sbCc|VF: /apex/AddNewStudent
00:30:34.40 (40349140)|SYSTEM_MODE_ENTER|true
00:30:34.41 (41475202)|SYSTEM_MODE_ENTER|true
00:30:34.41 (41578300)|HEAP_ALLOCATE|[EXTERNAL]|Bytes:8
00:30:34.41 (41613912)|VARIABLE_SCOPE_BEGIN|[88]|this|ApexPage.PageMessagesComponentController|true|false
00:30:34.41 (41708277)|VARIABLE_ASSIGNMENT|[88]|this|{}|0x6aaa6705
00:30:34.41 (41725822)|VARIABLE_SCOPE_BEGIN|[88]|escape|Boolean|false|false
00:30:34.41 (41754886)|VARIABLE_ASSIGNMENT|[88]|escape|null
00:30:34.41 (41976353)|SYSTEM_MODE_ENTER|true
00:30:34.41 (42041861)|HEAP_ALLOCATE|[EXTERNAL]|Bytes:8
00:30:34.41 (42054069)|VARIABLE_SCOPE_BEGIN|[2]|this|ApexPage.PageMessagesComponentController|true|false
00:30:34.41 (62937160)|VARIABLE_ASSIGNMENT|[2]|this|{}|0x6aaa6705
00:30:34.0 (458963708)|SYSTEM_MODE_ENTER|true
00:30:34.0 (459444906)|HEAP_ALLOCATE|[EXTERNAL]|Bytes:19
00:30:34.0 (459479321)|HEAP_ALLOCATE|[EXTERNAL]|Bytes:376
00:30:34.0 (459489637)|HEAP_ALLOCATE|[EXTERNAL]|Bytes:66
00:30:34.0 (459495829)|HEAP_ALLOCATE|[EXTERNAL]|Bytes:14
00:30:34.0 (459514153)|METHOD_ENTRY|[1]|01p0o00000GLKhZ|Controller.Controller()
00:30:34.0 (459524823)|STATEMENT_EXECUTE|[1]
00:30:34.0 (459530639)|STATEMENT_EXECUTE|[1]
00:30:34.0 (459538576)|SYSTEM_MODE_ENTER|false
00:30:34.0 (459744779)|HEAP_ALLOCATE|[EXTERNAL]|Bytes:5
00:30:34.0 (459784406)|STATEMENT_EXECUTE|[22]
00:30:34.0 (459787528)|STATEMENT_EXECUTE|[41]
00:30:34.0 (459795369)|SYSTEM_MODE_EXIT|false
00:30:34.0 (480756344)|METHOD_EXIT|[1]|Controller
00:30:34.0 (483472684)|HEAP_ALLOCATE|[EXTERNAL]|Bytes:64
00:30:34.0 (483498201)|VARIABLE_SCOPE_BEGIN|[17]|this|Controller|true|false
00:30:34.0 (485266603)|VARIABLE_ASSIGNMENT|[17]|this|{}|0x6e6566f
00:30:34.0 (485311895)|SYSTEM_MODE_ENTER|false
00:30:34.0 (485323626)|HEAP_ALLOCATE|[18]|Bytes:5
00:30:34.0 (485334914)|STATEMENT_EXECUTE|[1]
00:30:34.0 (485346241)|HEAP_ALLOCATE|[18]|Bytes:5
00:30:34.0 (485350316)|STATEMENT_EXECUTE|[2]
00:30:34.0 (485351970)|STATEMENT_EXECUTE|[3]
00:30:34.0 (486943412)|STATEMENT_EXECUTE|[4]
00:30:34.0 (486947395)|STATEMENT_EXECUTE|[5]
00:30:34.0 (486949119)|STATEMENT_EXECUTE|[6]
00:30:34.0 (486950635)|STATEMENT_EXECUTE|[7]
00:30:34.0 (486952043)|STATEMENT_EXECUTE|[8]
00:30:34.0 (486953543)|STATEMENT_EXECUTE|[9]
00:30:34.0 (486957777)|STATEMENT_EXECUTE|[10]
00:30:34.0 (486961997)|STATEMENT_EXECUTE|[11]
00:30:34.0 (486963511)|STATEMENT_EXECUTE|[12]
00:30:34.0 (486965009)|STATEMENT_EXECUTE|[13]
00:30:34.0 (486966487)|STATEMENT_EXECUTE|[14]
00:30:34.0 (486967884)|STATEMENT_EXECUTE|[15]
00:30:34.0 (486969284)|STATEMENT_EXECUTE|[16]
00:30:34.0 (487009371)|STATEMENT_EXECUTE|[17]
00:30:34.0 (487264581)|STATEMENT_EXECUTE|[18]
00:30:34.0 (487312508)|HEAP_ALLOCATE|[18]|Bytes:28
00:30:34.0 (489157834)|VARIABLE_ASSIGNMENT|[EXTERNAL]|this|{}|0x6e6566f
00:30:34.0 (489195556)|VARIABLE_ASSIGNMENT|[EXTERNAL]|value|-1
00:30:34.0 (489220983)|VARIABLE_ASSIGNMENT|[14]|this.score1|-1|0x6e6566f
00:30:34.0 (489249597)|STATEMENT_EXECUTE|[19]
00:30:34.0 (489269559)|HEAP_ALLOCATE|[19]|Bytes:28
00:30:34.0 (491223786)|VARIABLE_ASSIGNMENT|[EXTERNAL]|this|{"score1":-1}|0x6e6566f
00:30:34.0 (491248657)|VARIABLE_ASSIGNMENT|[EXTERNAL]|value|-1
00:30:34.0 (491266562)|VARIABLE_ASSIGNMENT|[15]|this.score2|-1|0x6e6566f
00:30:34.0 (491290943)|STATEMENT_EXECUTE|[20]
00:30:34.0 (493934757)|HEAP_ALLOCATE|[20]|Bytes:28
00:30:34.0 (494144354)|VARIABLE_ASSIGNMENT|[EXTERNAL]|this|{"score1":-1,"score2":-1}|0x6e6566f
00:30:34.0 (500221632)|VARIABLE_ASSIGNMENT|[EXTERNAL]|value|-1
00:30:34.0 (500272927)|VARIABLE_ASSIGNMENT|[16]|this.score3|-1|0x6e6566f
00:30:34.0 (500320553)|SYSTEM_MODE_EXIT|false
00:30:34.509 (509297099)|SYSTEM_MODE_ENTER|true
00:30:34.509 (509411563)|HEAP_ALLOCATE|[EXTERNAL]|Bytes:8
00:30:34.509 (510036349)|VARIABLE_SCOPE_BEGIN|[88]|this|ApexPage.PageMessagesComponentController|true|false
00:30:34.509 (510102923)|VARIABLE_ASSIGNMENT|[88]|this|{}|0x6aaa6705
00:30:34.509 (510123313)|VARIABLE_SCOPE_BEGIN|[88]|escape|Boolean|false|false
00:30:34.509 (510140036)|VARIABLE_ASSIGNMENT|[88]|escape|null
00:30:34.510 (510894648)|SYSTEM_MODE_ENTER|true
00:30:34.510 (511129932)|HEAP_ALLOCATE|[EXTERNAL]|Bytes:8
00:30:34.510 (511144128)|VARIABLE_SCOPE_BEGIN|[2]|this|ApexPage.PageMessagesComponentController|true|false
00:30:34.510 (511178892)|VARIABLE_ASSIGNMENT|[2]|this|{}|0x6aaa6705
00:30:34.0 (515164809)|SYSTEM_MODE_ENTER|true
00:30:34.0 (515400381)|SYSTEM_MODE_ENTER|true
00:30:34.0 (515510823)|SYSTEM_MODE_ENTER|true
00:30:34.0 (515627817)|SYSTEM_MODE_ENTER|true
00:30:34.0 (515768545)|SYSTEM_MODE_ENTER|true
00:30:34.0 (515862891)|SYSTEM_MODE_ENTER|true
00:30:34.0 (515982967)|SYSTEM_MODE_ENTER|true
00:30:34.0 (516131513)|SYSTEM_MODE_ENTER|true
00:30:34.0 (516208006)|HEAP_ALLOCATE|[EXTERNAL]|Bytes:64
00:30:34.0 (516236156)|VARIABLE_SCOPE_BEGIN|[60]|this|Controller|true|false
00:30:34.0 (516314215)|VARIABLE_ASSIGNMENT|[60]|this|{"score1":-1,"score2":-1,"score3":-1}|0x6e6566f
00:30:34.0 (516907656)|SYSTEM_MODE_ENTER|false
00:30:34.0 (516923555)|HEAP_ALLOCATE|[61]|Bytes:5
00:30:34.0 (516935540)|STATEMENT_EXECUTE|[60]
00:30:34.0 (516938220)|STATEMENT_EXECUTE|[61]
00:30:34.0 (516957000)|HEAP_ALLOCATE|[61]|Bytes:4
00:30:34.0 (517023423)|VARIABLE_SCOPE_BEGIN|[61]|options|List<System.SelectOption>|true|false
00:30:34.0 (517067415)|HEAP_ALLOCATE|[EXTERNAL]|Bytes:4
00:30:34.0 (517084512)|VARIABLE_ASSIGNMENT|[61]|options|[]|0x7e9ff562
00:30:34.0 (517710355)|STATEMENT_EXECUTE|[62]
00:30:34.0 (517716007)|HEAP_ALLOCATE|[62]|Bytes:33
00:30:34.0 (517744069)|HEAP_ALLOCATE|[62]|Bytes:4
00:30:34.0 (518070214)|SOQL_EXECUTE_BEGIN|[62]|Aggregations:0|SELECT className__C FROM Class__c
00:30:34.0 (589794689)|SOQL_EXECUTE_END|[62]|Rows:2
00:30:34.0 (589880954)|HEAP_ALLOCATE|[62]|Bytes:12
00:30:34.0 (589917701)|HEAP_ALLOCATE|[62]|Bytes:101
00:30:34.0 (590062226)|HEAP_ALLOCATE|[62]|Bytes:12
00:30:34.0 (590094218)|VARIABLE_SCOPE_BEGIN|[62]|data|List<Class__c>|true|false
00:30:34.0 (590155022)|VARIABLE_ASSIGNMENT|[62]|data|[{"className__c":"Math","Id":"a0H0o00000fJQOvEAO"},{"className__c":"English","Id":"a0H0o00000fJQOwEAO"}]|0x7b2c001b
00:30:34.0 (590723098)|HEAP_ALLOCATE|[63]|Bytes:5
00:30:34.0 (590777048)|HEAP_ALLOCATE|[63]|Bytes:12
00:30:34.0 (590796414)|VARIABLE_SCOPE_BEGIN|[63]|c|Class__c|true|false
00:30:34.0 (590837625)|VARIABLE_ASSIGNMENT|[63]|c|{"className__c":"Math","Id":"a0H0o00000fJQOvEAO"}|0x1865a77f
00:30:34.0 (591034767)|STATEMENT_EXECUTE|[63]
00:30:34.0 (591039417)|STATEMENT_EXECUTE|[64]
00:30:34.0 (591053783)|HEAP_ALLOCATE|[64]|Bytes:12
00:30:34.0 (591185744)|HEAP_ALLOCATE|[64]|Bytes:4
00:30:34.0 (591238222)|HEAP_ALLOCATE|[64]|Bytes:4
00:30:34.0 (591294020)|HEAP_ALLOCATE|[EXTERNAL]|Bytes:4
00:30:34.0 (591325607)|HEAP_ALLOCATE|[63]|Bytes:5
00:30:34.0 (591341669)|HEAP_ALLOCATE|[63]|Bytes:12
00:30:34.0 (591377351)|VARIABLE_SCOPE_BEGIN|[63]|c|Class__c|true|false
00:30:34.0 (591403366)|VARIABLE_ASSIGNMENT|[63]|c|{"className__c":"English","Id":"a0H0o00000fJQOwEAO"}|0x73f65
00:30:34.0 (591413910)|STATEMENT_EXECUTE|[63]
00:30:34.0 (591415775)|STATEMENT_EXECUTE|[64]
00:30:34.0 (591458113)|HEAP_ALLOCATE|[64]|Bytes:7
00:30:34.0 (591499874)|HEAP_ALLOCATE|[64]|Bytes:7
00:30:34.0 (591525161)|HEAP_ALLOCATE|[EXTERNAL]|Bytes:4
00:30:34.0 (591938771)|HEAP_ALLOCATE|[63]|Bytes:5
00:30:34.0 (591956565)|VARIABLE_ASSIGNMENT|[63]|c|null|
00:30:34.0 (591969445)|STATEMENT_EXECUTE|[67]
00:30:34.0 (591975325)|SYSTEM_MODE_EXIT|false
00:30:34.0 (592234694)|SYSTEM_MODE_ENTER|true
00:30:34.0 (630806208)|VF_SERIALIZE_VIEWSTATE_BEGIN|0660o000008sbCc
00:30:34.0 (655953548)|VF_SERIALIZE_VIEWSTATE_END
00:30:34.662 (662576146)|CUMULATIVE_LIMIT_USAGE
00:30:34.662 (662576146)|LIMIT_USAGE_FOR_NS|(default)|
  Number of SOQL queries: 1 out of 100
  Number of query rows: 2 out of 50000
  Number of SOSL queries: 0 out of 20
  Number of DML statements: 0 out of 150
  Number of DML rows: 0 out of 10000
  Maximum CPU time: 0 out of 10000
  Maximum heap size: 0 out of 6000000
  Number of callouts: 0 out of 100
  Number of Email Invocations: 0 out of 10
  Number of future calls: 0 out of 50
  Number of queueable jobs added to the queue: 0 out of 50
  Number of Mobile Apex push calls: 0 out of 10

00:30:34.662 (662576146)|CUMULATIVE_LIMIT_USAGE_END

00:30:34.0 (662679225)|CODE_UNIT_FINISHED|VF: /apex/AddNewStudent
00:30:34.0 (667891376)|EXECUTION_FINISHED
