36.0 APEX_CODE,FINEST;APEX_PROFILING,INFO;CALLOUT,INFO;DB,INFO;NBA,INFO;SYSTEM,DEBUG;VALIDATION,INFO;VISUALFORCE,INFO;WAVE,INFO;WORKFLOW,INFO
03:28:16.0 (430678)|USER_INFO|[EXTERNAL]|0050o00000WkyGG|ttvy@keizu.co.jp|Pacific Standard Time|GMT-07:00
03:28:16.0 (473165)|EXECUTION_STARTED
03:28:16.0 (478620)|CODE_UNIT_STARTED|[EXTERNAL]|0660o000008sEYc|VF: /apex/MainPage
03:28:16.0 (1016032)|VF_DESERIALIZE_VIEWSTATE_BEGIN|0660o000008sEYc
03:28:16.0 (6357309)|HEAP_ALLOCATE|[72]|Bytes:3
03:28:16.0 (6392223)|HEAP_ALLOCATE|[77]|Bytes:152
03:28:16.0 (6405439)|HEAP_ALLOCATE|[342]|Bytes:408
03:28:16.0 (6417617)|HEAP_ALLOCATE|[355]|Bytes:408
03:28:16.0 (6428437)|HEAP_ALLOCATE|[467]|Bytes:48
03:28:16.0 (6451920)|HEAP_ALLOCATE|[139]|Bytes:6
03:28:16.0 (9858722)|VF_DESERIALIZE_VIEWSTATE_END
03:28:16.10 (10495613)|SYSTEM_MODE_ENTER|true
03:28:16.10 (10565777)|HEAP_ALLOCATE|[EXTERNAL]|Bytes:38
03:28:16.10 (10576314)|HEAP_ALLOCATE|[EXTERNAL]|Bytes:7
03:28:16.11 (11418106)|SYSTEM_MODE_ENTER|true
03:28:16.11 (11480555)|HEAP_ALLOCATE|[EXTERNAL]|Bytes:8
03:28:16.11 (11489176)|VARIABLE_SCOPE_BEGIN|[88]|this|ApexPage.PageMessagesComponentController|true|false
03:28:16.11 (11525657)|VARIABLE_ASSIGNMENT|[88]|this|{}|0x6519a90d
03:28:16.11 (11532880)|VARIABLE_SCOPE_BEGIN|[88]|escape|Boolean|false|false
03:28:16.11 (11541031)|VARIABLE_ASSIGNMENT|[88]|escape|null
03:28:16.0 (12352187)|SYSTEM_MODE_ENTER|true
03:28:16.0 (12376813)|HEAP_ALLOCATE|[EXTERNAL]|Bytes:176
03:28:16.0 (12384949)|HEAP_ALLOCATE|[EXTERNAL]|Bytes:20
03:28:16.0 (12389494)|HEAP_ALLOCATE|[EXTERNAL]|Bytes:2
03:28:16.0 (12397749)|METHOD_ENTRY|[1]|01p0o00000GLKhZ|Controller.Controller()
03:28:16.0 (12403425)|STATEMENT_EXECUTE|[1]
03:28:16.0 (12408280)|STATEMENT_EXECUTE|[1]
03:28:16.0 (12415258)|SYSTEM_MODE_ENTER|false
03:28:16.0 (12422148)|HEAP_ALLOCATE|[EXTERNAL]|Bytes:5
03:28:16.0 (12429516)|SYSTEM_MODE_EXIT|false
03:28:16.0 (12437195)|METHOD_EXIT|[1]|Controller
03:28:16.13 (13096884)|SYSTEM_MODE_ENTER|true
03:28:16.13 (13159952)|HEAP_ALLOCATE|[EXTERNAL]|Bytes:8
03:28:16.13 (13167842)|VARIABLE_SCOPE_BEGIN|[88]|this|ApexPage.PageMessagesComponentController|true|false
03:28:16.13 (13194250)|VARIABLE_ASSIGNMENT|[88]|this|{}|0x6519a90d
03:28:16.13 (13200822)|VARIABLE_SCOPE_BEGIN|[88]|escape|Boolean|false|false
03:28:16.13 (13208551)|VARIABLE_ASSIGNMENT|[88]|escape|null
03:28:16.0 (13760723)|HEAP_ALLOCATE|[EXTERNAL]|Bytes:24
03:28:16.0 (13771812)|VARIABLE_SCOPE_BEGIN|[34]|this|Controller|true|false
03:28:16.0 (13819335)|VARIABLE_ASSIGNMENT|[34]|this|{"studentList":"0x40e5d555","sumstudents":"Total Students : 3","userinput":"v","userselect":"L01"}|0x77a3f411
03:28:16.0 (13833817)|SYSTEM_MODE_ENTER|false
03:28:16.0 (13841099)|HEAP_ALLOCATE|[35]|Bytes:5
03:28:16.0 (13846170)|STATEMENT_EXECUTE|[34]
03:28:16.0 (13848143)|STATEMENT_EXECUTE|[35]
03:28:16.0 (13888742)|VARIABLE_ASSIGNMENT|[EXTERNAL]|this|{"studentList":"0x40e5d555","sumstudents":"Total Students : 3","userinput":"v","userselect":"L01"}|0x77a3f411
03:28:16.0 (13919551)|USER_DEBUG|[35]|DEBUG|null
03:28:16.0 (13929918)|SYSTEM_MODE_EXIT|false
03:28:16.17 (17347854)|SYSTEM_MODE_ENTER|true
03:28:16.17 (17447974)|HEAP_ALLOCATE|[EXTERNAL]|Bytes:8
03:28:16.17 (17460946)|VARIABLE_SCOPE_BEGIN|[88]|this|ApexPage.PageMessagesComponentController|true|false
03:28:16.17 (17499270)|VARIABLE_ASSIGNMENT|[88]|this|{}|0x6519a90d
03:28:16.17 (17510771)|VARIABLE_SCOPE_BEGIN|[88]|escape|Boolean|false|false
03:28:16.17 (17524096)|VARIABLE_ASSIGNMENT|[88]|escape|null
03:28:16.17 (17666443)|SYSTEM_MODE_ENTER|true
03:28:16.17 (17721142)|HEAP_ALLOCATE|[EXTERNAL]|Bytes:8
03:28:16.17 (17729727)|VARIABLE_SCOPE_BEGIN|[2]|this|ApexPage.PageMessagesComponentController|true|false
03:28:16.17 (17751747)|VARIABLE_ASSIGNMENT|[2]|this|{}|0x6519a90d
03:28:16.0 (18106032)|SYSTEM_MODE_ENTER|true
03:28:16.0 (19019177)|SYSTEM_MODE_ENTER|true
03:28:16.0 (19283171)|SYSTEM_MODE_ENTER|true
03:28:16.0 (19340865)|HEAP_ALLOCATE|[EXTERNAL]|Bytes:24
03:28:16.0 (19350842)|VARIABLE_SCOPE_BEGIN|[8]|this|Controller|true|false
03:28:16.0 (19385202)|VARIABLE_ASSIGNMENT|[8]|this|{"studentList":"0x40e5d555","sumstudents":"Total Students : 3","userinput":"v","userselect":"L01"}|0x77a3f411
03:28:16.0 (19400412)|SYSTEM_MODE_ENTER|false
03:28:16.0 (19407937)|HEAP_ALLOCATE|[9]|Bytes:5
03:28:16.0 (19414550)|STATEMENT_EXECUTE|[8]
03:28:16.0 (19416821)|STATEMENT_EXECUTE|[9]
03:28:16.0 (19427311)|HEAP_ALLOCATE|[9]|Bytes:4
03:28:16.0 (19463075)|VARIABLE_SCOPE_BEGIN|[9]|options|List<System.SelectOption>|true|false
03:28:16.0 (19489627)|HEAP_ALLOCATE|[EXTERNAL]|Bytes:4
03:28:16.0 (19501006)|VARIABLE_ASSIGNMENT|[9]|options|[]|0xd34c147
03:28:16.0 (19507560)|STATEMENT_EXECUTE|[10]
03:28:16.0 (19513316)|HEAP_ALLOCATE|[10]|Bytes:33
03:28:16.0 (19531735)|HEAP_ALLOCATE|[10]|Bytes:4
03:28:16.0 (20751792)|SOQL_EXECUTE_BEGIN|[10]|Aggregations:0|SELECT className__C FROM Class__c
03:28:16.0 (23609597)|SOQL_EXECUTE_END|[10]|Rows:4
03:28:16.0 (23635761)|HEAP_ALLOCATE|[10]|Bytes:20
03:28:16.0 (23659125)|HEAP_ALLOCATE|[10]|Bytes:193
03:28:16.0 (23729411)|HEAP_ALLOCATE|[10]|Bytes:20
03:28:16.0 (23747478)|VARIABLE_SCOPE_BEGIN|[10]|data|List<Class__c>|true|false
03:28:16.0 (23784957)|VARIABLE_ASSIGNMENT|[10]|data|[{"className__c":"Name","Id":"a0H0o00000fIXZEEA4"},{"className__c":"L02","Id":"a0H0o00000fIXflEAG"},{"className__c":"L01","Id":"a0H0o00000fIXZYEA4"},{"className__c":"L03","Id":"a0H0o00000fIXg0EAG"}]|0x5d42a186
03:28:16.0 (23931305)|HEAP_ALLOCATE|[11]|Bytes:5
03:28:16.0 (23959766)|HEAP_ALLOCATE|[11]|Bytes:12
03:28:16.0 (23969610)|VARIABLE_SCOPE_BEGIN|[11]|c|Class__c|true|false
03:28:16.0 (23986710)|VARIABLE_ASSIGNMENT|[11]|c|{"className__c":"Name","Id":"a0H0o00000fIXZEEA4"}|0x330fb94f
03:28:16.0 (23994629)|STATEMENT_EXECUTE|[11]
03:28:16.0 (23996708)|STATEMENT_EXECUTE|[12]
03:28:16.0 (24003873)|HEAP_ALLOCATE|[12]|Bytes:12
03:28:16.0 (24084600)|HEAP_ALLOCATE|[12]|Bytes:4
03:28:16.0 (24114317)|HEAP_ALLOCATE|[12]|Bytes:4
03:28:16.0 (24153868)|HEAP_ALLOCATE|[EXTERNAL]|Bytes:4
03:28:16.0 (24169661)|HEAP_ALLOCATE|[11]|Bytes:5
03:28:16.0 (24180590)|HEAP_ALLOCATE|[11]|Bytes:12
03:28:16.0 (24187325)|VARIABLE_SCOPE_BEGIN|[11]|c|Class__c|true|false
03:28:16.0 (24203311)|VARIABLE_ASSIGNMENT|[11]|c|{"className__c":"L02","Id":"a0H0o00000fIXflEAG"}|0x7f3191f6
03:28:16.0 (24209378)|STATEMENT_EXECUTE|[11]
03:28:16.0 (24211168)|STATEMENT_EXECUTE|[12]
03:28:16.0 (24234885)|HEAP_ALLOCATE|[12]|Bytes:3
03:28:16.0 (24263905)|HEAP_ALLOCATE|[12]|Bytes:3
03:28:16.0 (24279893)|HEAP_ALLOCATE|[EXTERNAL]|Bytes:4
03:28:16.0 (24292384)|HEAP_ALLOCATE|[11]|Bytes:5
03:28:16.0 (24302212)|HEAP_ALLOCATE|[11]|Bytes:12
03:28:16.0 (24308345)|VARIABLE_SCOPE_BEGIN|[11]|c|Class__c|true|false
03:28:16.0 (24322949)|VARIABLE_ASSIGNMENT|[11]|c|{"className__c":"L01","Id":"a0H0o00000fIXZYEA4"}|0x42267cdd
03:28:16.0 (24329490)|STATEMENT_EXECUTE|[11]
03:28:16.0 (24331216)|STATEMENT_EXECUTE|[12]
03:28:16.0 (24350048)|HEAP_ALLOCATE|[12]|Bytes:3
03:28:16.0 (24370279)|HEAP_ALLOCATE|[12]|Bytes:3
03:28:16.0 (24383364)|HEAP_ALLOCATE|[EXTERNAL]|Bytes:4
03:28:16.0 (24393818)|HEAP_ALLOCATE|[11]|Bytes:5
03:28:16.0 (24402503)|HEAP_ALLOCATE|[11]|Bytes:12
03:28:16.0 (24408044)|VARIABLE_SCOPE_BEGIN|[11]|c|Class__c|true|false
03:28:16.0 (24420889)|VARIABLE_ASSIGNMENT|[11]|c|{"className__c":"L03","Id":"a0H0o00000fIXg0EAG"}|0x6049de5e
03:28:16.0 (24425984)|STATEMENT_EXECUTE|[11]
03:28:16.0 (24427519)|STATEMENT_EXECUTE|[12]
03:28:16.0 (24445426)|HEAP_ALLOCATE|[12]|Bytes:3
03:28:16.0 (24465164)|HEAP_ALLOCATE|[12]|Bytes:3
03:28:16.0 (24478146)|HEAP_ALLOCATE|[EXTERNAL]|Bytes:4
03:28:16.0 (24488515)|HEAP_ALLOCATE|[11]|Bytes:5
03:28:16.0 (24498994)|VARIABLE_ASSIGNMENT|[11]|c|null|
03:28:16.0 (24504118)|STATEMENT_EXECUTE|[15]
03:28:16.0 (24507790)|SYSTEM_MODE_EXIT|false
03:28:16.0 (24736426)|SYSTEM_MODE_ENTER|true
03:28:16.25 (25956001)|SYSTEM_MODE_ENTER|true
03:28:16.25 (26027649)|HEAP_ALLOCATE|[EXTERNAL]|Bytes:8
03:28:16.25 (26037791)|VARIABLE_SCOPE_BEGIN|[88]|this|ApexPage.PageMessagesComponentController|true|false
03:28:16.25 (26068704)|VARIABLE_ASSIGNMENT|[88]|this|{}|0x6519a90d
03:28:16.25 (26075283)|VARIABLE_SCOPE_BEGIN|[88]|escape|Boolean|false|false
03:28:16.25 (26083409)|VARIABLE_ASSIGNMENT|[88]|escape|null
03:28:16.26 (26208699)|SYSTEM_MODE_ENTER|true
03:28:16.26 (26249022)|HEAP_ALLOCATE|[EXTERNAL]|Bytes:8
03:28:16.26 (26256226)|VARIABLE_SCOPE_BEGIN|[2]|this|ApexPage.PageMessagesComponentController|true|false
03:28:16.26 (26276154)|VARIABLE_ASSIGNMENT|[2]|this|{}|0x6519a90d
03:28:16.0 (27000120)|SYSTEM_MODE_ENTER|true
03:28:16.0 (36058361)|VF_SERIALIZE_VIEWSTATE_BEGIN|0660o000008sEYc
03:28:16.0 (50221076)|VF_SERIALIZE_VIEWSTATE_END
03:28:16.0 (58956747)|CODE_UNIT_STARTED|[EXTERNAL]|Generate Metadata
03:28:16.0 (61298276)|CODE_UNIT_FINISHED|Generate Metadata
03:28:16.64 (64311329)|CUMULATIVE_LIMIT_USAGE
03:28:16.64 (64311329)|LIMIT_USAGE_FOR_NS|(default)|
  Number of SOQL queries: 1 out of 100
  Number of query rows: 4 out of 50000
  Number of SOSL queries: 0 out of 20
  Number of DML statements: 0 out of 150
  Number of DML rows: 0 out of 10000
  Maximum CPU time: 0 out of 10000
  Maximum heap size: 0 out of 6000000
  Number of callouts: 0 out of 100
  Number of Email Invocations: 0 out of 10
  Number of future calls: 0 out of 50
  Number of queueable jobs added to the queue: 0 out of 50
  Number of Mobile Apex push calls: 0 out of 10

03:28:16.64 (64311329)|CUMULATIVE_LIMIT_USAGE_END

03:28:16.0 (64366876)|CODE_UNIT_FINISHED|VF: /apex/MainPage
03:28:16.0 (65606275)|EXECUTION_FINISHED
