36.0 APEX_CODE,FINEST;APEX_PROFILING,INFO;CALLOUT,INFO;DB,INFO;NBA,INFO;SYSTEM,DEBUG;VALIDATION,INFO;VISUALFORCE,INFO;WAVE,INFO;WORKFLOW,INFO
01:02:51.0 (92666)|USER_INFO|[EXTERNAL]|0050o00000WkyGG|ttvy@keizu.co.jp|Pacific Standard Time|GMT-07:00
01:02:51.0 (137977)|EXECUTION_STARTED
01:02:51.0 (144660)|CODE_UNIT_STARTED|[EXTERNAL]|0660o000008sfbS|VF: /apex/UpdateStudent
01:02:51.0 (757182)|VF_DESERIALIZE_VIEWSTATE_BEGIN|0660o000008sfbS
01:02:51.0 (9039760)|HEAP_ALLOCATE|[72]|Bytes:3
01:02:51.0 (9087599)|HEAP_ALLOCATE|[77]|Bytes:152
01:02:51.0 (9107832)|HEAP_ALLOCATE|[342]|Bytes:408
01:02:51.0 (9138434)|HEAP_ALLOCATE|[355]|Bytes:408
01:02:51.0 (9158818)|HEAP_ALLOCATE|[467]|Bytes:48
01:02:51.0 (9192634)|HEAP_ALLOCATE|[139]|Bytes:6
01:02:51.0 (9244213)|HEAP_ALLOCATE|[50]|Bytes:5
01:02:51.0 (9280194)|HEAP_ALLOCATE|[56]|Bytes:5
01:02:51.0 (9293090)|HEAP_ALLOCATE|[64]|Bytes:7
01:02:51.0 (10356610)|VF_DESERIALIZE_VIEWSTATE_END
01:02:51.10 (10955880)|SYSTEM_MODE_ENTER|true
01:02:51.10 (11040201)|HEAP_ALLOCATE|[EXTERNAL]|Bytes:38
01:02:51.10 (11052571)|HEAP_ALLOCATE|[EXTERNAL]|Bytes:7
01:02:51.11 (11963561)|SYSTEM_MODE_ENTER|true
01:02:51.11 (12049855)|HEAP_ALLOCATE|[EXTERNAL]|Bytes:8
01:02:51.11 (12061020)|VARIABLE_SCOPE_BEGIN|[88]|this|ApexPage.PageMessagesComponentController|true|false
01:02:51.11 (12114970)|VARIABLE_ASSIGNMENT|[88]|this|{}|0x53820d26
01:02:51.11 (12123788)|VARIABLE_SCOPE_BEGIN|[88]|escape|Boolean|false|false
01:02:51.11 (12134838)|VARIABLE_ASSIGNMENT|[88]|escape|null
01:02:51.0 (12352767)|SYSTEM_MODE_ENTER|true
01:02:51.0 (12376273)|HEAP_ALLOCATE|[EXTERNAL]|Bytes:84
01:02:51.0 (12385028)|HEAP_ALLOCATE|[EXTERNAL]|Bytes:9
01:02:51.0 (12392872)|METHOD_ENTRY|[1]|01p0o00000GMTJR|UpdateStudentController.UpdateStudentController()
01:02:51.0 (12398501)|STATEMENT_EXECUTE|[1]
01:02:51.0 (12402965)|STATEMENT_EXECUTE|[1]
01:02:51.0 (12411575)|SYSTEM_MODE_ENTER|false
01:02:51.0 (12418907)|HEAP_ALLOCATE|[EXTERNAL]|Bytes:5
01:02:51.0 (12425581)|SYSTEM_MODE_EXIT|false
01:02:51.0 (12435484)|METHOD_EXIT|[1]|UpdateStudentController
01:02:51.19 (19720785)|SYSTEM_MODE_ENTER|true
01:02:51.19 (19801287)|HEAP_ALLOCATE|[EXTERNAL]|Bytes:8
01:02:51.19 (19814379)|VARIABLE_SCOPE_BEGIN|[88]|this|ApexPage.PageMessagesComponentController|true|false
01:02:51.19 (19857008)|VARIABLE_ASSIGNMENT|[88]|this|{}|0x53820d26
01:02:51.19 (19868727)|VARIABLE_SCOPE_BEGIN|[88]|escape|Boolean|false|false
01:02:51.19 (19883107)|VARIABLE_ASSIGNMENT|[88]|escape|null
01:02:51.0 (21226895)|HEAP_ALLOCATE|[EXTERNAL]|Bytes:8
01:02:51.0 (21245537)|VARIABLE_SCOPE_BEGIN|[27]|this|UpdateStudentController|true|false
01:02:51.0 (21307855)|VARIABLE_ASSIGNMENT|[27]|this|{"student":"0x3ce9244f"}|0x19aeea2e
01:02:51.0 (21335191)|SYSTEM_MODE_ENTER|false
01:02:51.0 (21347311)|HEAP_ALLOCATE|[28]|Bytes:5
01:02:51.0 (21355809)|STATEMENT_EXECUTE|[27]
01:02:51.0 (21358598)|STATEMENT_EXECUTE|[28]
01:02:51.0 (21366757)|HEAP_ALLOCATE|[28]|Bytes:14
01:02:51.0 (21416246)|VARIABLE_SCOPE_BEGIN|[28]|pg|System.PageReference|true|false
01:02:51.0 (22630019)|VARIABLE_ASSIGNMENT|[28]|pg|"/apex/MainPage"|0x7e1ff1f0
01:02:51.0 (22648179)|STATEMENT_EXECUTE|[29]
01:02:51.0 (22721306)|STATEMENT_EXECUTE|[30]
01:02:51.0 (22728653)|SYSTEM_MODE_EXIT|false
01:02:51.25 (25754193)|CUMULATIVE_LIMIT_USAGE
01:02:51.25 (25754193)|LIMIT_USAGE_FOR_NS|(default)|
  Number of SOQL queries: 0 out of 100
  Number of query rows: 0 out of 50000
  Number of SOSL queries: 0 out of 20
  Number of DML statements: 0 out of 150
  Number of DML rows: 0 out of 10000
  Maximum CPU time: 0 out of 10000
  Maximum heap size: 0 out of 6000000
  Number of callouts: 0 out of 100
  Number of Email Invocations: 0 out of 10
  Number of future calls: 0 out of 50
  Number of queueable jobs added to the queue: 0 out of 50
  Number of Mobile Apex push calls: 0 out of 10

01:02:51.25 (25754193)|CUMULATIVE_LIMIT_USAGE_END

01:02:51.0 (25826312)|CODE_UNIT_FINISHED|VF: /apex/UpdateStudent
01:02:51.0 (27146411)|EXECUTION_FINISHED
