36.0 APEX_CODE,FINEST;APEX_PROFILING,INFO;CALLOUT,INFO;DB,INFO;NBA,INFO;SYSTEM,DEBUG;VALIDATION,INFO;VISUALFORCE,INFO;WAVE,INFO;WORKFLOW,INFO
00:27:04.0 (495372)|USER_INFO|[EXTERNAL]|0050o00000WkyGG|ttvy@keizu.co.jp|Pacific Standard Time|GMT-07:00
00:27:04.0 (543161)|EXECUTION_STARTED
00:27:04.0 (547658)|CODE_UNIT_STARTED|[EXTERNAL]|0660o000008sfbS|VF: /apex/UpdateStudent
00:27:04.5 (5034572)|SYSTEM_MODE_ENTER|true
00:27:04.5 (5516749)|SYSTEM_MODE_ENTER|true
00:27:04.5 (5592309)|HEAP_ALLOCATE|[EXTERNAL]|Bytes:8
00:27:04.5 (5606877)|VARIABLE_SCOPE_BEGIN|[88]|this|ApexPage.PageMessagesComponentController|true|false
00:27:04.5 (5644768)|VARIABLE_ASSIGNMENT|[88]|this|{}|0x7efac22
00:27:04.5 (5651802)|VARIABLE_SCOPE_BEGIN|[88]|escape|Boolean|false|false
00:27:04.5 (5660318)|VARIABLE_ASSIGNMENT|[88]|escape|null
00:27:04.5 (5800060)|SYSTEM_MODE_ENTER|true
00:27:04.5 (5842995)|HEAP_ALLOCATE|[EXTERNAL]|Bytes:8
00:27:04.5 (5850461)|VARIABLE_SCOPE_BEGIN|[2]|this|ApexPage.PageMessagesComponentController|true|false
00:27:04.5 (5869907)|VARIABLE_ASSIGNMENT|[2]|this|{}|0x7efac22
00:27:04.0 (8814634)|SYSTEM_MODE_ENTER|true
00:27:04.0 (9053268)|HEAP_ALLOCATE|[EXTERNAL]|Bytes:84
00:27:04.0 (9064051)|HEAP_ALLOCATE|[EXTERNAL]|Bytes:3
00:27:04.0 (9075976)|METHOD_ENTRY|[1]|01p0o00000GMTJR|UpdateStudentController.UpdateStudentController()
00:27:04.0 (9081990)|STATEMENT_EXECUTE|[1]
00:27:04.0 (9099408)|STATEMENT_EXECUTE|[1]
00:27:04.0 (9108030)|SYSTEM_MODE_ENTER|false
00:27:04.0 (9122231)|HEAP_ALLOCATE|[EXTERNAL]|Bytes:5
00:27:04.0 (9132490)|SYSTEM_MODE_EXIT|false
00:27:04.0 (9142295)|METHOD_EXIT|[1]|UpdateStudentController
00:27:04.0 (9157082)|HEAP_ALLOCATE|[EXTERNAL]|Bytes:8
00:27:04.0 (9167970)|VARIABLE_SCOPE_BEGIN|[3]|this|UpdateStudentController|true|false
00:27:04.0 (9201773)|VARIABLE_ASSIGNMENT|[3]|this|{}|0x45109b78
00:27:04.0 (9213643)|SYSTEM_MODE_ENTER|false
00:27:04.0 (9219612)|HEAP_ALLOCATE|[4]|Bytes:5
00:27:04.0 (9223988)|STATEMENT_EXECUTE|[1]
00:27:04.0 (9226791)|HEAP_ALLOCATE|[4]|Bytes:5
00:27:04.0 (9229724)|STATEMENT_EXECUTE|[2]
00:27:04.0 (9248688)|STATEMENT_EXECUTE|[3]
00:27:04.0 (9250420)|STATEMENT_EXECUTE|[4]
00:27:04.0 (9334108)|HEAP_ALLOCATE|[4]|Bytes:31
00:27:04.0 (9380322)|HEAP_ALLOCATE|[4]|Bytes:8
00:27:04.0 (9410885)|HEAP_ALLOCATE|[4]|Bytes:2
00:27:04.0 (9443049)|VARIABLE_SCOPE_BEGIN|[4]|idStudent|String|false|false
00:27:04.0 (9458846)|VARIABLE_ASSIGNMENT|[4]|idStudent|"HS0076"
00:27:04.0 (9463840)|STATEMENT_EXECUTE|[5]
00:27:04.0 (9466834)|HEAP_ALLOCATE|[5]|Bytes:145
00:27:04.0 (9479055)|HEAP_ALLOCATE|[5]|Bytes:4
00:27:04.0 (9488265)|HEAP_ALLOCATE|[5]|Bytes:7
00:27:04.0 (11060870)|SOQL_EXECUTE_BEGIN|[5]|Aggregations:0|SELECT AverageScore__c, Birthday__c, Namef__c, Namel__c, Score1__c, Score2__c, Score3__c, State__c, Gender__c FROM Student__c WHERE id = :tmpVar1
00:27:04.0 (26790112)|SOQL_EXECUTE_END|[5]|Rows:0
00:27:04.0 (26833943)|HEAP_ALLOCATE|[5]|Bytes:4
00:27:04.0 (26851126)|HEAP_ALLOCATE|[5]|Bytes:0
00:27:04.0 (26930513)|HEAP_ALLOCATE|[5]|Bytes:4
00:27:04.0 (26948983)|HEAP_ALLOCATE|[5]|Bytes:36
00:27:04.0 (27040729)|HEAP_ALLOCATE|[5]|Bytes:46
00:27:04.0 (27059675)|SYSTEM_MODE_EXIT|false
00:27:04.0 (27223928)|FATAL_ERROR|System.QueryException: List has no rows for assignment to SObject

Class.UpdateStudentController.<init>: line 5, column 1
00:27:04.215 (215447047)|CUMULATIVE_LIMIT_USAGE
00:27:04.215 (215447047)|LIMIT_USAGE_FOR_NS|(default)|
  Number of SOQL queries: 1 out of 100
  Number of query rows: 0 out of 50000
  Number of SOSL queries: 0 out of 20
  Number of DML statements: 0 out of 150
  Number of DML rows: 0 out of 10000
  Maximum CPU time: 0 out of 10000
  Maximum heap size: 0 out of 6000000
  Number of callouts: 0 out of 100
  Number of Email Invocations: 0 out of 10
  Number of future calls: 0 out of 50
  Number of queueable jobs added to the queue: 0 out of 50
  Number of Mobile Apex push calls: 0 out of 10

00:27:04.215 (215447047)|CUMULATIVE_LIMIT_USAGE_END

00:27:04.0 (215512269)|CODE_UNIT_FINISHED|VF: /apex/UpdateStudent
00:27:04.0 (216587548)|EXECUTION_FINISHED
