36.0 APEX_CODE,FINEST;APEX_PROFILING,INFO;CALLOUT,INFO;DB,INFO;NBA,INFO;SYSTEM,DEBUG;VALIDATION,INFO;VISUALFORCE,INFO;WAVE,INFO;WORKFLOW,INFO
11:10:00.0 (470905)|USER_INFO|[EXTERNAL]|0050o00000WkyGG|ttvy@keizu.co.jp|Indochina Time|GMT+07:00
11:10:00.0 (580123)|EXECUTION_STARTED
11:10:00.0 (596789)|CODE_UNIT_STARTED|[EXTERNAL]|01p0o00000GMW5U|ImportDataPatch
11:10:00.0 (13383457)|HEAP_ALLOCATE|[72]|Bytes:3
11:10:00.0 (13459331)|HEAP_ALLOCATE|[77]|Bytes:152
11:10:00.0 (13488847)|HEAP_ALLOCATE|[342]|Bytes:408
11:10:00.0 (13505876)|HEAP_ALLOCATE|[355]|Bytes:408
11:10:00.0 (13517489)|HEAP_ALLOCATE|[467]|Bytes:48
11:10:00.0 (13548591)|HEAP_ALLOCATE|[139]|Bytes:6
11:10:00.0 (13574981)|HEAP_ALLOCATE|[EXTERNAL]|Bytes:3
11:10:00.0 (13604149)|SYSTEM_METHOD_ENTRY|[1]|SchedulableContextImpl.SchedulableContextImpl()
11:10:00.0 (13616644)|STATEMENT_EXECUTE|[1]
11:10:00.0 (13629036)|SYSTEM_METHOD_EXIT|[1]|SchedulableContextImpl
11:10:00.0 (13637668)|HEAP_ALLOCATE|[EXTERNAL]|Bytes:8
11:10:00.0 (13642103)|HEAP_ALLOCATE|[EXTERNAL]|Bytes:4
11:10:00.0 (13655365)|VARIABLE_SCOPE_BEGIN|[4]|this|System.SchedulableContextImpl|true|false
11:10:00.0 (13800818)|VARIABLE_ASSIGNMENT|[4]|this|{}|0x5039f7e8
11:10:00.0 (13810901)|VARIABLE_SCOPE_BEGIN|[4]|triggerId|Id|false|false
11:10:00.0 (13933760)|VARIABLE_ASSIGNMENT|[4]|triggerId|"08e0o00002eIBphAAG"
11:10:00.0 (14540839)|HEAP_ALLOCATE|[EXTERNAL]|Bytes:1
11:10:00.0 (14554747)|HEAP_ALLOCATE|[EXTERNAL]|Bytes:2
11:10:00.0 (14581865)|METHOD_ENTRY|[1]|01p0o00000GMW5U|ImportDataScheduleBatch.ImportDataScheduleBatch()
11:10:00.0 (14588269)|STATEMENT_EXECUTE|[1]
11:10:00.0 (14592216)|STATEMENT_EXECUTE|[1]
11:10:00.0 (14597061)|METHOD_EXIT|[1]|ImportDataScheduleBatch
11:10:00.0 (14606781)|HEAP_ALLOCATE|[EXTERNAL]|Bytes:8
11:10:00.0 (14610824)|HEAP_ALLOCATE|[EXTERNAL]|Bytes:8
11:10:00.0 (14623081)|VARIABLE_SCOPE_BEGIN|[3]|this|ImportDataScheduleBatch|true|false
11:10:00.0 (14659438)|VARIABLE_ASSIGNMENT|[3]|this|{}|0xcbce913
11:10:00.0 (14667046)|VARIABLE_SCOPE_BEGIN|[3]|context|System.SchedulableContext|true|false
11:10:00.0 (14742290)|VARIABLE_ASSIGNMENT|[3]|context|{"triggerId":"08e0o00002eIBphAAG"}|0x5039f7e8
11:10:00.0 (14754325)|STATEMENT_EXECUTE|[3]
11:10:00.0 (14756056)|STATEMENT_EXECUTE|[4]
11:10:00.0 (14757472)|STATEMENT_EXECUTE|[4]
11:10:00.0 (14759058)|STATEMENT_EXECUTE|[5]
11:10:00.0 (16557984)|HEAP_ALLOCATE|[5]|Bytes:75
11:10:00.0 (16569462)|HEAP_ALLOCATE|[5]|Bytes:9
11:10:00.0 (16588123)|METHOD_ENTRY|[1]|01p0o00000GMVtN|ImportDataPatch.ImportDataPatch()
11:10:00.0 (16594299)|STATEMENT_EXECUTE|[1]
11:10:00.0 (16598406)|STATEMENT_EXECUTE|[1]
11:10:00.0 (16603473)|METHOD_EXIT|[1]|ImportDataPatch
11:10:00.0 (16617741)|HEAP_ALLOCATE|[5]|Bytes:4
11:10:00.0 (16645803)|CONSTRUCTOR_ENTRY|[5]|01p0o00000GMVtN|<init>()|ImportDataPatch
11:10:00.0 (16697393)|VARIABLE_SCOPE_BEGIN|[3]|this|ImportDataPatch|true|false
11:10:00.0 (16720173)|VARIABLE_ASSIGNMENT|[3]|this|{}|0xb595d43
11:10:00.0 (16726813)|STATEMENT_EXECUTE|[1]
11:10:00.0 (16741497)|STATEMENT_EXECUTE|[3]
11:10:00.0 (16753003)|CONSTRUCTOR_EXIT|[5]|01p0o00000GMVtN|<init>()|ImportDataPatch
11:10:00.0 (16760874)|VARIABLE_SCOPE_BEGIN|[5]|importDataBatch|ImportDataPatch|true|false
11:10:00.0 (16779927)|VARIABLE_ASSIGNMENT|[5]|importDataBatch|{}|0xb595d43
11:10:00.0 (16786289)|STATEMENT_EXECUTE|[6]
11:10:00.0 (16803388)|HEAP_ALLOCATE|[50]|Bytes:5
11:10:00.0 (16820401)|HEAP_ALLOCATE|[56]|Bytes:5
11:10:00.0 (16828559)|HEAP_ALLOCATE|[64]|Bytes:7
11:10:00.0 (76203830)|STATEMENT_EXECUTE|[8]
11:10:00.0 (76266193)|HEAP_ALLOCATE|[8]|Bytes:56
11:10:00.0 (76306073)|HEAP_ALLOCATE|[8]|Bytes:56
11:10:00.0 (76331104)|VARIABLE_SCOPE_BEGIN|[8]|runtime|Datetime|false|false
11:10:00.0 (76375474)|VARIABLE_ASSIGNMENT|[8]|runtime|"2019-06-10T05:10:00.214Z"
11:10:00.0 (76395094)|HEAP_ALLOCATE|[9]|Bytes:56
11:10:00.0 (76415554)|STATEMENT_EXECUTE|[9]
11:10:00.0 (76417602)|STATEMENT_EXECUTE|[10]
11:10:00.0 (76424024)|VARIABLE_SCOPE_BEGIN|[10]|next|Datetime|false|false
11:10:00.0 (76441355)|VARIABLE_ASSIGNMENT|[10]|next|"2019-06-10T05:10:00.214Z"
11:10:00.0 (76446012)|STATEMENT_EXECUTE|[11]
11:10:00.0 (76504812)|HEAP_ALLOCATE|[11]|Bytes:1
11:10:00.0 (76515834)|HEAP_ALLOCATE|[11]|Bytes:1
11:10:00.0 (76536115)|HEAP_ALLOCATE|[11]|Bytes:2
11:10:00.0 (76544001)|HEAP_ALLOCATE|[11]|Bytes:5
11:10:00.0 (76555128)|HEAP_ALLOCATE|[11]|Bytes:9
11:10:00.0 (76560867)|VARIABLE_SCOPE_BEGIN|[11]|cron|String|false|false
11:10:00.0 (76573116)|VARIABLE_ASSIGNMENT|[11]|cron|"0 10* * *"
11:10:00.0 (76578036)|STATEMENT_EXECUTE|[13]
11:10:00.0 (76580686)|HEAP_ALLOCATE|[13]|Bytes:15
11:10:00.0 (76588756)|HEAP_ALLOCATE|[13]|Bytes:8
11:10:00.0 (76604296)|CONSTRUCTOR_ENTRY|[13]|01p0o00000GMW5U|<init>()|ImportDataScheduleBatch
11:10:00.0 (76634982)|VARIABLE_SCOPE_BEGIN|[1]|this|ImportDataScheduleBatch|true|false
11:10:00.0 (76672176)|VARIABLE_ASSIGNMENT|[1]|this|{}|0x509db912
11:10:00.0 (76705294)|STATEMENT_EXECUTE|[1]
11:10:00.0 (76707291)|STATEMENT_EXECUTE|[2]
11:10:00.0 (76722818)|VARIABLE_ASSIGNMENT|[2]|this.runtime|null|0x509db912
11:10:00.0 (76734174)|CONSTRUCTOR_EXIT|[13]|01p0o00000GMW5U|<init>()|ImportDataScheduleBatch
11:10:00.0 (80102966)|EXCEPTION_THROWN|[13]|System.AsyncException: The Apex job named "ImportDataPatch" is already scheduled for execution.
11:10:00.0 (80233384)|HEAP_ALLOCATE|[13]|Bytes:76
11:10:00.0 (80281643)|VARIABLE_SCOPE_BEGIN|[15]|ex|Exception|true|false
11:10:00.0 (80345238)|VARIABLE_ASSIGNMENT|[15]|ex|"common.apex.runtime.impl.ExecutionException: The Apex job named \"ImportDataPatch\" is already scheduled for execution."|0x720a5dbb
11:10:00.0 (80354714)|STATEMENT_EXECUTE|[15]
11:10:00.0 (80357015)|STATEMENT_EXECUTE|[16]
11:10:00.0 (80446971)|HEAP_ALLOCATE|[16]|Bytes:72
11:10:00.0 (80480188)|USER_DEBUG|[16]|DEBUG|The Apex job named "ImportDataPatch" is already scheduled for execution.
11:10:00.81 (81461866)|CUMULATIVE_LIMIT_USAGE
11:10:00.81 (81461866)|LIMIT_USAGE_FOR_NS|(default)|
  Number of SOQL queries: 0 out of 100
  Number of query rows: 0 out of 50000
  Number of SOSL queries: 0 out of 20
  Number of DML statements: 0 out of 150
  Number of DML rows: 0 out of 10000
  Maximum CPU time: 0 out of 10000
  Maximum heap size: 0 out of 6000000
  Number of callouts: 0 out of 100
  Number of Email Invocations: 0 out of 10
  Number of future calls: 0 out of 50
  Number of queueable jobs added to the queue: 0 out of 50
  Number of Mobile Apex push calls: 0 out of 10

11:10:00.81 (81461866)|CUMULATIVE_LIMIT_USAGE_END

11:10:00.0 (81571866)|CODE_UNIT_FINISHED|ImportDataPatch
11:10:00.0 (82544605)|EXECUTION_FINISHED
