36.0 APEX_CODE,FINEST;APEX_PROFILING,INFO;CALLOUT,INFO;DB,INFO;NBA,INFO;SYSTEM,DEBUG;VALIDATION,INFO;VISUALFORCE,INFO;WAVE,INFO;WORKFLOW,INFO
03:04:52.0 (389957)|USER_INFO|[EXTERNAL]|0050o00000WkyGG|ttvy@keizu.co.jp|Pacific Standard Time|GMT-07:00
03:04:52.0 (424176)|EXECUTION_STARTED
03:04:52.0 (429479)|CODE_UNIT_STARTED|[EXTERNAL]|0660o000008sEYc|VF: /apex/MainPage
03:04:52.0 (990863)|VF_DESERIALIZE_VIEWSTATE_BEGIN|0660o000008sEYc
03:04:52.0 (6608903)|HEAP_ALLOCATE|[72]|Bytes:3
03:04:52.0 (6653401)|HEAP_ALLOCATE|[77]|Bytes:152
03:04:52.0 (6667420)|HEAP_ALLOCATE|[342]|Bytes:408
03:04:52.0 (6681576)|HEAP_ALLOCATE|[355]|Bytes:408
03:04:52.0 (6693896)|HEAP_ALLOCATE|[467]|Bytes:48
03:04:52.0 (6722033)|HEAP_ALLOCATE|[139]|Bytes:6
03:04:52.0 (10445206)|VF_DESERIALIZE_VIEWSTATE_END
03:04:52.11 (11165468)|SYSTEM_MODE_ENTER|true
03:04:52.11 (11258989)|HEAP_ALLOCATE|[EXTERNAL]|Bytes:38
03:04:52.11 (11271240)|HEAP_ALLOCATE|[EXTERNAL]|Bytes:7
03:04:52.12 (12142916)|SYSTEM_MODE_ENTER|true
03:04:52.12 (12214539)|HEAP_ALLOCATE|[EXTERNAL]|Bytes:8
03:04:52.12 (12224437)|VARIABLE_SCOPE_BEGIN|[88]|this|ApexPage.PageMessagesComponentController|true|false
03:04:52.12 (12266583)|VARIABLE_ASSIGNMENT|[88]|this|{}|0x147eacdd
03:04:52.12 (12274186)|VARIABLE_SCOPE_BEGIN|[88]|escape|Boolean|false|false
03:04:52.12 (12283083)|VARIABLE_ASSIGNMENT|[88]|escape|null
03:04:52.0 (13090789)|SYSTEM_MODE_ENTER|true
03:04:52.0 (13118929)|HEAP_ALLOCATE|[EXTERNAL]|Bytes:176
03:04:52.0 (13128105)|HEAP_ALLOCATE|[EXTERNAL]|Bytes:20
03:04:52.0 (13140538)|METHOD_ENTRY|[1]|01p0o00000GLKhZ|Controller.Controller()
03:04:52.0 (13148251)|STATEMENT_EXECUTE|[1]
03:04:52.0 (13152907)|STATEMENT_EXECUTE|[1]
03:04:52.0 (13161271)|SYSTEM_MODE_ENTER|false
03:04:52.0 (13168900)|HEAP_ALLOCATE|[EXTERNAL]|Bytes:5
03:04:52.0 (13177102)|SYSTEM_MODE_EXIT|false
03:04:52.0 (13185274)|METHOD_EXIT|[1]|Controller
03:04:52.0 (13591952)|SYSTEM_MODE_ENTER|true
03:04:52.0 (13620742)|HEAP_ALLOCATE|[EXTERNAL]|Bytes:6
03:04:52.0 (13631079)|HEAP_ALLOCATE|[EXTERNAL]|Bytes:24
03:04:52.0 (13649632)|VARIABLE_ASSIGNMENT|[EXTERNAL]|this.idStudent|"HS0004"|0x535bb6b9
03:04:52.0 (14018101)|HEAP_ALLOCATE|[EXTERNAL]|Bytes:24
03:04:52.0 (14030944)|VARIABLE_SCOPE_BEGIN|[34]|this|Controller|true|false
03:04:52.0 (14084048)|VARIABLE_ASSIGNMENT|[34]|this|{"idStudent":"HS0004","studentList":"0x744367de","sumstudents":"Total Students : 2","userinput":"a","userselect":"Name"}|0x535bb6b9
03:04:52.0 (14100554)|SYSTEM_MODE_ENTER|false
03:04:52.0 (14108417)|HEAP_ALLOCATE|[35]|Bytes:5
03:04:52.0 (14113860)|STATEMENT_EXECUTE|[34]
03:04:52.0 (14116261)|STATEMENT_EXECUTE|[35]
03:04:52.0 (14179928)|HEAP_ALLOCATE|[35]|Bytes:374
03:04:52.0 (14231769)|HEAP_ALLOCATE|[35]|Bytes:356
03:04:52.0 (14255443)|HEAP_ALLOCATE|[35]|Bytes:9
03:04:52.0 (14279041)|VARIABLE_SCOPE_BEGIN|[35]|idStudentGet|String|false|false
03:04:52.0 (14292210)|VARIABLE_ASSIGNMENT|[35]|idStudentGet|"HS0004"
03:04:52.0 (14344010)|VARIABLE_ASSIGNMENT|[EXTERNAL]|this|{"idStudent":"HS0004","studentList":"0x744367de","sumstudents":"Total Students : 2","userinput":"a","userselect":"Name"}|0x535bb6b9
03:04:52.0 (14490135)|HEAP_ALLOCATE|[36]|Bytes:5
03:04:52.0 (14512459)|HEAP_ALLOCATE|[36]|Bytes:52
03:04:52.0 (14522035)|VARIABLE_SCOPE_BEGIN|[36]|s|Student__c|true|false
03:04:52.0 (14575387)|VARIABLE_ASSIGNMENT|[36]|s|{"Namef__c":"an","Namel__c":"nguyen","Birthday__c":"1993-04-06T00:00:00.000Z","Gender__c":false,"Score1__c":4.00,"Score2__c":4.00,"Score3__c":8.00,"AverageScore__c":5.33,"State__c":"Passed","StudentId__c":"HS0003","Class__c":"a0H0o00000fIXflEAG","Id":"a0I0o000013dfskEAA"}|0x2603978b
03:04:52.0 (14587043)|STATEMENT_EXECUTE|[36]
03:04:52.0 (15330772)|STATEMENT_EXECUTE|[37]
03:04:52.0 (15346257)|HEAP_ALLOCATE|[36]|Bytes:5
03:04:52.0 (15365835)|HEAP_ALLOCATE|[36]|Bytes:52
03:04:52.0 (15378512)|VARIABLE_SCOPE_BEGIN|[36]|s|Student__c|true|false
03:04:52.0 (15428772)|VARIABLE_ASSIGNMENT|[36]|s|{"Namef__c":"anh","Namel__c":"le","Birthday__c":"2000-04-07T00:00:00.000Z","Gender__c":false,"Score1__c":9.00,"Score2__c":9.00,"Score3__c":3.00,"AverageScore__c":7.00,"State__c":"Passed","StudentId__c":"HS0004","Class__c":"a0H0o00000fIXZYEA4","Id":"a0I0o000013dfslEAA"}|0x3671ee3
03:04:52.0 (15440724)|STATEMENT_EXECUTE|[36]
03:04:52.0 (15466969)|STATEMENT_EXECUTE|[37]
03:04:52.0 (15469340)|STATEMENT_EXECUTE|[38]
03:04:52.0 (15527604)|HEAP_ALLOCATE|[38]|Bytes:8
03:04:52.0 (15544386)|HEAP_ALLOCATE|[38]|Bytes:8
03:04:52.0 (15558975)|DML_BEGIN|[38]|Op:Delete|Type:Student__c|Rows:1
03:04:52.0 (15597914)|HEAP_ALLOCATE|[EXTERNAL]|Bytes:8
03:04:52.0 (137845096)|DML_END|[38]
03:04:52.0 (137899079)|HEAP_ALLOCATE|[36]|Bytes:5
03:04:52.0 (137935750)|VARIABLE_ASSIGNMENT|[36]|s|null|
03:04:52.0 (137944891)|STATEMENT_EXECUTE|[41]
03:04:52.0 (137977947)|METHOD_ENTRY|[41]|01p0o00000GLKhZ|Controller.actionSearch()
03:04:52.0 (138032083)|VARIABLE_SCOPE_BEGIN|[45]|this|Controller|true|false
03:04:52.0 (138091696)|VARIABLE_ASSIGNMENT|[45]|this|{"idStudent":"HS0004","studentList":"0x744367de","sumstudents":"Total Students : 2","userinput":"a","userselect":"Name"}|0x535bb6b9
03:04:52.0 (138111580)|HEAP_ALLOCATE|[46]|Bytes:5
03:04:52.0 (138117221)|STATEMENT_EXECUTE|[45]
03:04:52.0 (138119313)|STATEMENT_EXECUTE|[46]
03:04:52.0 (138120912)|STATEMENT_EXECUTE|[46]
03:04:52.0 (138166723)|VARIABLE_ASSIGNMENT|[EXTERNAL]|this|{"idStudent":"HS0004","studentList":"0x744367de","sumstudents":"Total Students : 2","userinput":"a","userselect":"Name"}|0x535bb6b9
03:04:52.0 (138210200)|STATEMENT_EXECUTE|[47]
03:04:52.0 (138212664)|STATEMENT_EXECUTE|[51]
03:04:52.0 (138220674)|METHOD_ENTRY|[51]|01p0o00000GLKhZ|Controller.getStudent()
03:04:52.0 (138236829)|VARIABLE_SCOPE_BEGIN|[17]|this|Controller|true|false
03:04:52.0 (138261670)|VARIABLE_ASSIGNMENT|[17]|this|{"idStudent":"HS0004","studentList":"0x744367de","sumstudents":"Total Students : 2","userinput":"a","userselect":"Name"}|0x535bb6b9
03:04:52.0 (138278103)|HEAP_ALLOCATE|[18]|Bytes:5
03:04:52.0 (138286051)|STATEMENT_EXECUTE|[17]
03:04:52.0 (138288643)|STATEMENT_EXECUTE|[18]
03:04:52.0 (138293731)|HEAP_ALLOCATE|[18]|Bytes:1
03:04:52.0 (138342478)|VARIABLE_ASSIGNMENT|[EXTERNAL]|this|{"idStudent":"HS0004","studentList":"0x744367de","sumstudents":"Total Students : 2","userinput":"a","userselect":"Name"}|0x535bb6b9
03:04:52.0 (138367119)|HEAP_ALLOCATE|[18]|Bytes:3
03:04:52.0 (138373809)|VARIABLE_SCOPE_BEGIN|[18]|selectName|String|false|false
03:04:52.0 (138384864)|VARIABLE_ASSIGNMENT|[18]|selectName|"%a%"
03:04:52.0 (138389385)|STATEMENT_EXECUTE|[19]
03:04:52.0 (138423161)|VARIABLE_ASSIGNMENT|[EXTERNAL]|this|{"idStudent":"HS0004","studentList":"0x744367de","sumstudents":"Total Students : 2","userinput":"a","userselect":"Name"}|0x535bb6b9
03:04:52.0 (138439181)|HEAP_ALLOCATE|[19]|Bytes:6
03:04:52.0 (138444954)|VARIABLE_SCOPE_BEGIN|[19]|selectClass|String|false|false
03:04:52.0 (138454545)|VARIABLE_ASSIGNMENT|[19]|selectClass|"%Name%"
03:04:52.0 (138459481)|STATEMENT_EXECUTE|[20]
03:04:52.0 (138462786)|HEAP_ALLOCATE|[20]|Bytes:197
03:04:52.0 (138493901)|HEAP_ALLOCATE|[20]|Bytes:4
03:04:52.0 (138507572)|HEAP_ALLOCATE|[20]|Bytes:7
03:04:52.0 (138542060)|HEAP_ALLOCATE|[20]|Bytes:7
03:04:52.0 (140377374)|SOQL_EXECUTE_BEGIN|[20]|Aggregations:0|SELECT Namef__c, Namel__c, Birthday__c, Gender__c, Score1__c, Score2__c, Score3__c, AverageScore__c, State__c, StudentId__c FROM Student__c WHERE (Name LIKE :tmpVar1 OR Class__r.Name LIKE :tmpVar2)
03:04:52.0 (154865960)|SOQL_EXECUTE_END|[20]|Rows:1
03:04:52.0 (154922691)|HEAP_ALLOCATE|[20]|Bytes:8
03:04:52.0 (154964587)|HEAP_ALLOCATE|[20]|Bytes:369
03:04:52.0 (155041252)|HEAP_ALLOCATE|[20]|Bytes:8
03:04:52.0 (155073939)|VARIABLE_SCOPE_BEGIN|[20]|studentGetList|List<Student__c>|true|false
03:04:52.0 (155159375)|VARIABLE_ASSIGNMENT|[20]|studentGetList|[{"Namef__c":"an","Namel__c":"nguyen","Birthday__c":"1993-04-06T00:00:00.000Z","Gender__c":false,"Score1__c":4.00,"Score2__c":4.00,"Score3__c":8.00,"AverageScore__c":5.33,"State__c":"Passed","StudentId__c":"HS0003","Class__c":"a0H0o00000fIXflEAG","Id":"a0I0o000013dfskEAA"}]|0x234e14b9
03:04:52.0 (155173650)|STATEMENT_EXECUTE|[32]
03:04:52.0 (155193436)|METHOD_EXIT|[51]|01p0o00000GLKhZ|Controller.getStudent()
03:04:52.0 (155271897)|VARIABLE_ASSIGNMENT|[EXTERNAL]|this|{"idStudent":"HS0004","studentList":"0x744367de","sumstudents":"Total Students : 2","userinput":"a","userselect":"Name"}|0x535bb6b9
03:04:52.0 (155306597)|VARIABLE_ASSIGNMENT|[EXTERNAL]|value|[{"Namef__c":"an","Namel__c":"nguyen","Birthday__c":"1993-04-06T00:00:00.000Z","Gender__c":false,"Score1__c":4.00,"Score2__c":4.00,"Score3__c":8.00,"AverageScore__c":5.33,"State__c":"Passed","StudentId__c":"HS0003","Class__c":"a0H0o00000fIXflEAG","Id":"a0I0o000013dfskEAA"}]|0x234e14b9
03:04:52.0 (155341988)|VARIABLE_ASSIGNMENT|[2]|this.studentList|[{"Namef__c":"an","Namel__c":"nguyen","Birthday__c":"1993-04-06T00:00:00.000Z","Gender__c":false,"Score1__c":4.00,"Score2__c":4.00,"Score3__c":8.00,"AverageScore__c":5.33,"State__c":"Passed","StudentId__c":"HS0003","Class__c":"a0H0o00000fIXflEAG","Id":"a0I0o000013dfskEAA"}]|0x535bb6b9
03:04:52.0 (155356466)|STATEMENT_EXECUTE|[52]
03:04:52.0 (155362174)|HEAP_ALLOCATE|[52]|Bytes:17
03:04:52.0 (155416379)|VARIABLE_ASSIGNMENT|[EXTERNAL]|this|{"idStudent":"HS0004","studentList":"0x234e14b9","sumstudents":"Total Students : 2","userinput":"a","userselect":"Name"}|0x535bb6b9
03:04:52.0 (155474532)|HEAP_ALLOCATE|[52]|Bytes:1
03:04:52.0 (155492865)|HEAP_ALLOCATE|[52]|Bytes:18
03:04:52.0 (155526388)|VARIABLE_ASSIGNMENT|[EXTERNAL]|this|{"idStudent":"HS0004","studentList":"0x234e14b9","sumstudents":"Total Students : 2","userinput":"a","userselect":"Name"}|0x535bb6b9
03:04:52.0 (155538525)|VARIABLE_ASSIGNMENT|[EXTERNAL]|value|"Total Students : 1"
03:04:52.0 (155549489)|VARIABLE_ASSIGNMENT|[5]|this.sumstudents|"Total Students : 1"|0x535bb6b9
03:04:52.0 (155563868)|METHOD_EXIT|[41]|01p0o00000GLKhZ|Controller.actionSearch()
03:04:52.0 (155569388)|STATEMENT_EXECUTE|[43]
03:04:52.0 (155574391)|SYSTEM_MODE_EXIT|false
03:04:52.169 (169816210)|SYSTEM_MODE_ENTER|true
03:04:52.169 (169941080)|HEAP_ALLOCATE|[EXTERNAL]|Bytes:8
03:04:52.169 (169964880)|VARIABLE_SCOPE_BEGIN|[88]|this|ApexPage.PageMessagesComponentController|true|false
03:04:52.169 (170021486)|VARIABLE_ASSIGNMENT|[88]|this|{}|0x147eacdd
03:04:52.169 (170031320)|VARIABLE_SCOPE_BEGIN|[88]|escape|Boolean|false|false
03:04:52.169 (170041901)|VARIABLE_ASSIGNMENT|[88]|escape|null
03:04:52.170 (170177956)|SYSTEM_MODE_ENTER|true
03:04:52.170 (170233569)|HEAP_ALLOCATE|[EXTERNAL]|Bytes:8
03:04:52.170 (170242102)|VARIABLE_SCOPE_BEGIN|[2]|this|ApexPage.PageMessagesComponentController|true|false
03:04:52.170 (170264389)|VARIABLE_ASSIGNMENT|[2]|this|{}|0x147eacdd
03:04:52.0 (170703581)|SYSTEM_MODE_ENTER|true
03:04:52.0 (172356451)|SYSTEM_MODE_ENTER|true
03:04:52.0 (176127179)|VF_SERIALIZE_VIEWSTATE_BEGIN|0660o000008sEYc
03:04:52.0 (192644544)|VF_SERIALIZE_VIEWSTATE_END
03:04:52.0 (197927566)|CODE_UNIT_STARTED|[EXTERNAL]|Generate Metadata
03:04:52.0 (199553421)|CODE_UNIT_FINISHED|Generate Metadata
03:04:52.202 (202580096)|CUMULATIVE_LIMIT_USAGE
03:04:52.202 (202580096)|LIMIT_USAGE_FOR_NS|(default)|
  Number of SOQL queries: 1 out of 100
  Number of query rows: 1 out of 50000
  Number of SOSL queries: 0 out of 20
  Number of DML statements: 1 out of 150
  Number of DML rows: 1 out of 10000
  Maximum CPU time: 0 out of 10000
  Maximum heap size: 0 out of 6000000
  Number of callouts: 0 out of 100
  Number of Email Invocations: 0 out of 10
  Number of future calls: 0 out of 50
  Number of queueable jobs added to the queue: 0 out of 50
  Number of Mobile Apex push calls: 0 out of 10

03:04:52.202 (202580096)|CUMULATIVE_LIMIT_USAGE_END

03:04:52.0 (202648091)|CODE_UNIT_FINISHED|VF: /apex/MainPage
03:04:52.0 (203666508)|EXECUTION_FINISHED
