36.0 APEX_CODE,FINEST;APEX_PROFILING,INFO;CALLOUT,INFO;DB,INFO;NBA,INFO;SYSTEM,DEBUG;VALIDATION,INFO;VISUALFORCE,INFO;WAVE,INFO;WORKFLOW,INFO
15:29:28.0 (500990)|USER_INFO|[EXTERNAL]|0050o00000WkyGG|ttvy@keizu.co.jp|Indochina Time|GMT+07:00
15:29:28.0 (566358)|EXECUTION_STARTED
15:29:28.0 (570541)|CODE_UNIT_STARTED|[EXTERNAL]|01p0o00000GMbcn|Controller_test.setup()
15:29:28.0 (803044)|HEAP_ALLOCATE|[72]|Bytes:3
15:29:28.0 (843019)|HEAP_ALLOCATE|[77]|Bytes:152
15:29:28.0 (856940)|HEAP_ALLOCATE|[342]|Bytes:408
15:29:28.0 (871329)|HEAP_ALLOCATE|[355]|Bytes:408
15:29:28.0 (883856)|HEAP_ALLOCATE|[467]|Bytes:48
15:29:28.0 (910700)|HEAP_ALLOCATE|[139]|Bytes:6
15:29:28.0 (928265)|HEAP_ALLOCATE|[EXTERNAL]|Bytes:261
15:29:28.0 (943479)|METHOD_ENTRY|[2]|01p0o00000GMbcn|Controller_test.Controller_test()
15:29:28.0 (953538)|STATEMENT_EXECUTE|[2]
15:29:28.0 (959663)|STATEMENT_EXECUTE|[2]
15:29:28.0 (964992)|METHOD_EXIT|[2]|Controller_test
15:29:28.0 (1001631)|HEAP_ALLOCATE|[50]|Bytes:5
15:29:28.0 (1040366)|HEAP_ALLOCATE|[56]|Bytes:5
15:29:28.0 (1050078)|HEAP_ALLOCATE|[64]|Bytes:7
15:29:28.0 (1088301)|STATEMENT_EXECUTE|[4]
15:29:28.0 (1090766)|STATEMENT_EXECUTE|[6]
15:29:28.0 (1176664)|HEAP_ALLOCATE|[6]|Bytes:4
15:29:28.0 (1265510)|VARIABLE_SCOPE_BEGIN|[6]|testClass|List<Class__c>|true|false
15:29:28.0 (1281132)|HEAP_ALLOCATE|[EXTERNAL]|Bytes:4
15:29:28.0 (1312686)|VARIABLE_ASSIGNMENT|[6]|testClass|[]|0x4e2d706f
15:29:28.0 (1319355)|STATEMENT_EXECUTE|[7]
15:29:28.0 (1344008)|HEAP_ALLOCATE|[7]|Bytes:4
15:29:28.0 (1425274)|HEAP_ALLOCATE|[7]|Bytes:7
15:29:28.0 (1494321)|VARIABLE_ASSIGNMENT|[7]|this.className__c|"English"|0x2e9e806c
15:29:28.0 (1568774)|HEAP_ALLOCATE|[EXTERNAL]|Bytes:4
15:29:28.0 (1585928)|STATEMENT_EXECUTE|[8]
15:29:28.0 (1606043)|HEAP_ALLOCATE|[8]|Bytes:4
15:29:28.0 (1620431)|HEAP_ALLOCATE|[8]|Bytes:4
15:29:28.0 (1681131)|VARIABLE_ASSIGNMENT|[8]|this.className__c|"Math"|0x41c5a98
15:29:28.0 (1746515)|HEAP_ALLOCATE|[EXTERNAL]|Bytes:4
15:29:28.0 (1762639)|STATEMENT_EXECUTE|[9]
15:29:28.0 (1784600)|HEAP_ALLOCATE|[9]|Bytes:4
15:29:28.0 (1799756)|HEAP_ALLOCATE|[9]|Bytes:7
15:29:28.0 (1847172)|VARIABLE_ASSIGNMENT|[9]|this.className__c|"Physics"|0x728c036c
15:29:28.0 (1884036)|HEAP_ALLOCATE|[EXTERNAL]|Bytes:4
15:29:28.0 (1893928)|STATEMENT_EXECUTE|[10]
15:29:28.0 (1908860)|HEAP_ALLOCATE|[10]|Bytes:4
15:29:28.0 (1918606)|HEAP_ALLOCATE|[10]|Bytes:9
15:29:28.0 (1953370)|VARIABLE_ASSIGNMENT|[10]|this.className__c|"Chemistry"|0xa6d83ea
15:29:28.0 (1985781)|HEAP_ALLOCATE|[EXTERNAL]|Bytes:4
15:29:28.0 (1994498)|STATEMENT_EXECUTE|[11]
15:29:28.0 (2046979)|DML_BEGIN|[11]|Op:Insert|Type:Class__c|Rows:4
15:29:28.0 (2083540)|HEAP_ALLOCATE|[EXTERNAL]|Bytes:20
15:29:28.0 (39995285)|DML_END|[11]
15:29:28.0 (40071855)|HEAP_ALLOCATE|[EXTERNAL]|Bytes:20
15:29:28.0 (40091612)|STATEMENT_EXECUTE|[12]
15:29:28.0 (40100413)|HEAP_ALLOCATE|[12]|Bytes:51
15:29:28.0 (40123148)|HEAP_ALLOCATE|[12]|Bytes:4
15:29:28.0 (40431962)|SOQL_EXECUTE_BEGIN|[12]|Aggregations:0|SELECT id FROM Class__c WHERE className__c = 'Math'
15:29:28.0 (54397375)|SOQL_EXECUTE_END|[12]|Rows:1
15:29:28.0 (54442592)|HEAP_ALLOCATE|[12]|Bytes:8
15:29:28.0 (54467795)|HEAP_ALLOCATE|[12]|Bytes:29
15:29:28.0 (54505507)|HEAP_ALLOCATE|[12]|Bytes:8
15:29:28.0 (54526340)|HEAP_ALLOCATE|[12]|Bytes:34
15:29:28.0 (54550118)|HEAP_ALLOCATE|[12]|Bytes:8
15:29:28.0 (54561208)|VARIABLE_SCOPE_BEGIN|[12]|classMath|Class__c|true|false
15:29:28.0 (54590035)|VARIABLE_ASSIGNMENT|[12]|classMath|{"Id":"a0H0o00000fKa7PEAS"}|0x45f4d5eb
15:29:28.0 (54597739)|STATEMENT_EXECUTE|[13]
15:29:28.0 (54660923)|HEAP_ALLOCATE|[13]|Bytes:4
15:29:28.0 (54735456)|VARIABLE_SCOPE_BEGIN|[13]|testStudent|List<Student__c>|true|false
15:29:28.0 (54748872)|HEAP_ALLOCATE|[EXTERNAL]|Bytes:4
15:29:28.0 (54760776)|VARIABLE_ASSIGNMENT|[13]|testStudent|[]|0x7bb9f110
15:29:28.0 (54766287)|STATEMENT_EXECUTE|[14]
15:29:28.0 (54812441)|HEAP_ALLOCATE|[14]|Bytes:12
15:29:28.0 (54885792)|USER_DEBUG|[14]|DEBUG|a0H0o00000fKa7PEAS
15:29:28.0 (54897379)|STATEMENT_EXECUTE|[15]
15:29:28.0 (54920021)|HEAP_ALLOCATE|[15]|Bytes:4
15:29:28.0 (54986997)|HEAP_ALLOCATE|[15]|Bytes:11
15:29:28.0 (55036161)|VARIABLE_ASSIGNMENT|[15]|this.Name|"truong vy 1"|0x5f838e7f
15:29:28.0 (55045477)|HEAP_ALLOCATE|[16]|Bytes:4
15:29:28.0 (55098514)|VARIABLE_ASSIGNMENT|[15]|this.Namef__c|"vy 1"|0x5f838e7f
15:29:28.0 (55108296)|HEAP_ALLOCATE|[17]|Bytes:6
15:29:28.0 (55152767)|VARIABLE_ASSIGNMENT|[15]|this.Namel__c|"truong"|0x5f838e7f
15:29:28.0 (55183563)|VARIABLE_ASSIGNMENT|[15]|this.Gender__c|true|0x5f838e7f
15:29:28.0 (55251528)|HEAP_ALLOCATE|[19]|Bytes:4
15:29:28.0 (55367914)|VARIABLE_ASSIGNMENT|[15]|this.Birthday__c|"2011-03-21T00:00:00.000Z"|0x5f838e7f
15:29:28.0 (55409430)|HEAP_ALLOCATE|[15]|Bytes:28
15:29:28.0 (55415118)|HEAP_ALLOCATE|[15]|Bytes:28
15:29:28.0 (55454152)|VARIABLE_ASSIGNMENT|[15]|this.Score1__c|4|0x5f838e7f
15:29:28.0 (55467514)|HEAP_ALLOCATE|[15]|Bytes:28
15:29:28.0 (55471742)|HEAP_ALLOCATE|[15]|Bytes:28
15:29:28.0 (55512046)|VARIABLE_ASSIGNMENT|[15]|this.Score2__c|7|0x5f838e7f
15:29:28.0 (55523153)|HEAP_ALLOCATE|[15]|Bytes:28
15:29:28.0 (55527011)|HEAP_ALLOCATE|[15]|Bytes:28
15:29:28.0 (55557076)|VARIABLE_ASSIGNMENT|[15]|this.Score3__c|9|0x5f838e7f
15:29:28.0 (55618602)|VARIABLE_ASSIGNMENT|[15]|this.Class__c|"a0H0o00000fKa7PEAS"|0x5f838e7f
15:29:28.0 (55676623)|HEAP_ALLOCATE|[EXTERNAL]|Bytes:4
15:29:28.0 (55686046)|STATEMENT_EXECUTE|[25]
15:29:28.0 (55702737)|HEAP_ALLOCATE|[25]|Bytes:4
15:29:28.0 (55713357)|HEAP_ALLOCATE|[25]|Bytes:11
15:29:28.0 (55748549)|VARIABLE_ASSIGNMENT|[25]|this.Name|"truong vy 2"|0x1b43a33e
15:29:28.0 (55756621)|HEAP_ALLOCATE|[26]|Bytes:4
15:29:28.0 (55784225)|VARIABLE_ASSIGNMENT|[25]|this.Namef__c|"vy 2"|0x1b43a33e
15:29:28.0 (55810058)|VARIABLE_ASSIGNMENT|[25]|this.Namel__c|"truong"|0x1b43a33e
15:29:28.0 (55836484)|VARIABLE_ASSIGNMENT|[25]|this.Gender__c|true|0x1b43a33e
15:29:28.0 (55877635)|HEAP_ALLOCATE|[29]|Bytes:4
15:29:28.0 (55923675)|VARIABLE_ASSIGNMENT|[25]|this.Birthday__c|"2011-03-21T00:00:00.000Z"|0x1b43a33e
15:29:28.0 (55939167)|HEAP_ALLOCATE|[25]|Bytes:28
15:29:28.0 (55944905)|HEAP_ALLOCATE|[25]|Bytes:28
15:29:28.0 (55974421)|VARIABLE_ASSIGNMENT|[25]|this.Score1__c|4|0x1b43a33e
15:29:28.0 (55986854)|HEAP_ALLOCATE|[25]|Bytes:28
15:29:28.0 (55990952)|HEAP_ALLOCATE|[25]|Bytes:28
15:29:28.0 (56017544)|VARIABLE_ASSIGNMENT|[25]|this.Score2__c|7|0x1b43a33e
15:29:28.0 (56029217)|HEAP_ALLOCATE|[25]|Bytes:28
15:29:28.0 (56033276)|HEAP_ALLOCATE|[25]|Bytes:28
15:29:28.0 (56061007)|VARIABLE_ASSIGNMENT|[25]|this.Score3__c|9|0x1b43a33e
15:29:28.0 (56106826)|VARIABLE_ASSIGNMENT|[25]|this.Class__c|"a0H0o00000fKa7PEAS"|0x1b43a33e
15:29:28.0 (56146574)|HEAP_ALLOCATE|[EXTERNAL]|Bytes:4
15:29:28.0 (56154871)|STATEMENT_EXECUTE|[35]
15:29:28.0 (56169363)|HEAP_ALLOCATE|[35]|Bytes:4
15:29:28.0 (56179158)|HEAP_ALLOCATE|[35]|Bytes:11
15:29:28.0 (56234663)|VARIABLE_ASSIGNMENT|[35]|this.Name|"truong vy 3"|0x7898394e
15:29:28.0 (56243560)|HEAP_ALLOCATE|[36]|Bytes:4
15:29:28.0 (56272143)|VARIABLE_ASSIGNMENT|[35]|this.Namef__c|"vy 3"|0x7898394e
15:29:28.0 (56298092)|VARIABLE_ASSIGNMENT|[35]|this.Namel__c|"truong"|0x7898394e
15:29:28.0 (56324291)|VARIABLE_ASSIGNMENT|[35]|this.Gender__c|true|0x7898394e
15:29:28.0 (56370243)|HEAP_ALLOCATE|[39]|Bytes:4
15:29:28.0 (56418230)|VARIABLE_ASSIGNMENT|[35]|this.Birthday__c|"2011-03-21T00:00:00.000Z"|0x7898394e
15:29:28.0 (56447112)|HEAP_ALLOCATE|[35]|Bytes:28
15:29:28.0 (56455035)|HEAP_ALLOCATE|[35]|Bytes:28
15:29:28.0 (56503619)|VARIABLE_ASSIGNMENT|[35]|this.Score1__c|4|0x7898394e
15:29:28.0 (56519356)|HEAP_ALLOCATE|[35]|Bytes:28
15:29:28.0 (56524921)|HEAP_ALLOCATE|[35]|Bytes:28
15:29:28.0 (56561760)|VARIABLE_ASSIGNMENT|[35]|this.Score2__c|7|0x7898394e
15:29:28.0 (56575222)|HEAP_ALLOCATE|[35]|Bytes:28
15:29:28.0 (56580514)|HEAP_ALLOCATE|[35]|Bytes:28
15:29:28.0 (56614288)|VARIABLE_ASSIGNMENT|[35]|this.Score3__c|9|0x7898394e
15:29:28.0 (56677590)|VARIABLE_ASSIGNMENT|[35]|this.Class__c|"a0H0o00000fKa7PEAS"|0x7898394e
15:29:28.0 (56731946)|HEAP_ALLOCATE|[EXTERNAL]|Bytes:4
15:29:28.0 (56742604)|STATEMENT_EXECUTE|[45]
15:29:28.0 (56777949)|HEAP_ALLOCATE|[45]|Bytes:4
15:29:28.0 (56790027)|HEAP_ALLOCATE|[45]|Bytes:11
15:29:28.0 (56847610)|VARIABLE_ASSIGNMENT|[45]|this.Name|"truong vy 4"|0x6a941220
15:29:28.0 (56858338)|HEAP_ALLOCATE|[46]|Bytes:4
15:29:28.0 (56896996)|VARIABLE_ASSIGNMENT|[45]|this.Namef__c|"vy 4"|0x6a941220
15:29:28.0 (56942973)|VARIABLE_ASSIGNMENT|[45]|this.Namel__c|"truong"|0x6a941220
15:29:28.0 (56988591)|VARIABLE_ASSIGNMENT|[45]|this.Gender__c|true|0x6a941220
15:29:28.0 (57044022)|HEAP_ALLOCATE|[49]|Bytes:4
15:29:28.0 (57123526)|VARIABLE_ASSIGNMENT|[45]|this.Birthday__c|"2011-03-21T00:00:00.000Z"|0x6a941220
15:29:28.0 (57140574)|HEAP_ALLOCATE|[45]|Bytes:28
15:29:28.0 (57145373)|HEAP_ALLOCATE|[45]|Bytes:28
15:29:28.0 (57175308)|VARIABLE_ASSIGNMENT|[45]|this.Score1__c|4|0x6a941220
15:29:28.0 (57186616)|HEAP_ALLOCATE|[45]|Bytes:28
15:29:28.0 (57191011)|HEAP_ALLOCATE|[45]|Bytes:28
15:29:28.0 (57216640)|VARIABLE_ASSIGNMENT|[45]|this.Score2__c|7|0x6a941220
15:29:28.0 (57227853)|HEAP_ALLOCATE|[45]|Bytes:28
15:29:28.0 (57231613)|HEAP_ALLOCATE|[45]|Bytes:28
15:29:28.0 (57257004)|VARIABLE_ASSIGNMENT|[45]|this.Score3__c|0|0x6a941220
15:29:28.0 (57301470)|VARIABLE_ASSIGNMENT|[45]|this.Class__c|"a0H0o00000fKa7PEAS"|0x6a941220
15:29:28.0 (57342231)|HEAP_ALLOCATE|[EXTERNAL]|Bytes:4
15:29:28.0 (57351058)|STATEMENT_EXECUTE|[55]
15:29:28.0 (57372921)|HEAP_ALLOCATE|[55]|Bytes:4
15:29:28.0 (57383095)|HEAP_ALLOCATE|[55]|Bytes:11
15:29:28.0 (57416157)|VARIABLE_ASSIGNMENT|[55]|this.Name|"truong vy 5"|0x1a7d74c5
15:29:28.0 (57423444)|HEAP_ALLOCATE|[56]|Bytes:4
15:29:28.0 (57448004)|VARIABLE_ASSIGNMENT|[55]|this.Namef__c|"vy 5"|0x1a7d74c5
15:29:28.0 (57473676)|VARIABLE_ASSIGNMENT|[55]|this.Namel__c|"truong"|0x1a7d74c5
15:29:28.0 (57499178)|VARIABLE_ASSIGNMENT|[55]|this.Gender__c|true|0x1a7d74c5
15:29:28.0 (57537114)|HEAP_ALLOCATE|[59]|Bytes:4
15:29:28.0 (57578485)|VARIABLE_ASSIGNMENT|[55]|this.Birthday__c|"2011-03-21T00:00:00.000Z"|0x1a7d74c5
15:29:28.0 (57592619)|HEAP_ALLOCATE|[55]|Bytes:28
15:29:28.0 (57597380)|HEAP_ALLOCATE|[55]|Bytes:28
15:29:28.0 (57624959)|VARIABLE_ASSIGNMENT|[55]|this.Score1__c|4|0x1a7d74c5
15:29:28.0 (57635911)|HEAP_ALLOCATE|[55]|Bytes:28
15:29:28.0 (57640424)|HEAP_ALLOCATE|[55]|Bytes:28
15:29:28.0 (57666043)|VARIABLE_ASSIGNMENT|[55]|this.Score2__c|0|0x1a7d74c5
15:29:28.0 (57676616)|HEAP_ALLOCATE|[55]|Bytes:28
15:29:28.0 (57680386)|HEAP_ALLOCATE|[55]|Bytes:28
15:29:28.0 (57705132)|VARIABLE_ASSIGNMENT|[55]|this.Score3__c|9|0x1a7d74c5
15:29:28.0 (57745625)|VARIABLE_ASSIGNMENT|[55]|this.Class__c|"a0H0o00000fKa7PEAS"|0x1a7d74c5
15:29:28.0 (57781326)|HEAP_ALLOCATE|[EXTERNAL]|Bytes:4
15:29:28.0 (57789433)|STATEMENT_EXECUTE|[64]
15:29:28.0 (57829273)|DML_BEGIN|[64]|Op:Insert|Type:Student__c|Rows:5
15:29:28.0 (57862211)|HEAP_ALLOCATE|[EXTERNAL]|Bytes:24
15:29:28.0 (63033131)|CODE_UNIT_STARTED|[EXTERNAL]|01q0o000000jKrN|triggerStudent on Student trigger event BeforeInsert|__sfdc_trigger/triggerStudent
15:29:28.0 (63091319)|HEAP_ALLOCATE|[EXTERNAL]|Bytes:24
15:29:28.0 (65319841)|HEAP_ALLOCATE|[EXTERNAL]|Bytes:8
15:29:28.0 (65337935)|VARIABLE_SCOPE_BEGIN|[1]|this|triggerStudent|true|false
15:29:28.0 (65425394)|VARIABLE_ASSIGNMENT|[1]|this|{}|0x5362c5bf
15:29:28.0 (65499409)|HEAP_ALLOCATE|[EXTERNAL]|Bytes:8
15:29:28.0 (65550386)|VARIABLE_SCOPE_BEGIN|[1]|this|triggerStudent|true|false
15:29:28.0 (65574119)|VARIABLE_ASSIGNMENT|[1]|this|{}|0x5362c5bf
15:29:28.0 (65588429)|STATEMENT_EXECUTE|[1]
15:29:28.0 (65591457)|STATEMENT_EXECUTE|[3]
15:29:28.0 (65600217)|HEAP_ALLOCATE|[3]|Bytes:15
15:29:28.0 (65611843)|HEAP_ALLOCATE|[3]|Bytes:20
15:29:28.0 (65618329)|HEAP_ALLOCATE|[3]|Bytes:6
15:29:28.0 (65654638)|METHOD_ENTRY|[1]|01p0o00000GMOB6|TriggerHandle.TriggerHandle()
15:29:28.0 (65661338)|STATEMENT_EXECUTE|[1]
15:29:28.0 (65664586)|STATEMENT_EXECUTE|[1]
15:29:28.0 (66083394)|SYSTEM_MODE_ENTER|false
15:29:28.0 (66105457)|HEAP_ALLOCATE|[3]|Bytes:5
15:29:28.0 (66114306)|STATEMENT_EXECUTE|[230]
15:29:28.0 (66120940)|SYSTEM_MODE_EXIT|false
15:29:28.0 (66139459)|METHOD_EXIT|[1]|TriggerHandle
15:29:28.0 (66159371)|HEAP_ALLOCATE|[3]|Bytes:4
15:29:28.0 (66188991)|CONSTRUCTOR_ENTRY|[3]|01p0o00000GMOB6|<init>()|TriggerHandle
15:29:28.0 (66222888)|VARIABLE_SCOPE_BEGIN|[3]|this|TriggerHandle|true|false
15:29:28.0 (66253237)|VARIABLE_ASSIGNMENT|[3]|this|{}|0x4a520d10
15:29:28.0 (66273773)|SYSTEM_MODE_ENTER|false
15:29:28.0 (66284062)|HEAP_ALLOCATE|[EXTERNAL]|Bytes:5
15:29:28.0 (66291241)|STATEMENT_EXECUTE|[1]
15:29:28.0 (66296582)|HEAP_ALLOCATE|[EXTERNAL]|Bytes:5
15:29:28.0 (66309988)|HEAP_ALLOCATE|[EXTERNAL]|Bytes:6
15:29:28.0 (66354379)|STATEMENT_EXECUTE|[3]
15:29:28.0 (66364700)|SYSTEM_MODE_EXIT|false
15:29:28.0 (66374356)|CONSTRUCTOR_EXIT|[3]|01p0o00000GMOB6|<init>()|TriggerHandle
15:29:28.0 (66405669)|VARIABLE_ASSIGNMENT|[3]|this.handle|0x4a520d10|0x5362c5bf
15:29:28.0 (66417406)|STATEMENT_EXECUTE|[5]
15:29:28.0 (66422666)|STATEMENT_EXECUTE|[10]
15:29:28.0 (66424344)|STATEMENT_EXECUTE|[11]
15:29:28.0 (66478531)|METHOD_ENTRY|[11]|01p0o00000GMOB6|TriggerHandle.onBeforeInsert(List<Student__c>)
15:29:28.0 (66506171)|VARIABLE_SCOPE_BEGIN|[5]|this|TriggerHandle|true|false
15:29:28.0 (66522887)|VARIABLE_ASSIGNMENT|[5]|this|{}|0x4a520d10
15:29:28.0 (66529864)|VARIABLE_SCOPE_BEGIN|[5]|newStudentList|List<Student__c>|true|false
15:29:28.0 (69921500)|VARIABLE_ASSIGNMENT|[5]|newStudentList|[{"AverageScore__c":6.67,"IsDeleted":false,"Score1__c":4.00,"Score2__c":7.00,"Birthday__c":"2011-03-21T00:00:00.000Z","Namel__c":"truong","Gender__c":true,"Score3__c":9.00,"Class__c":"a0H0o00000fKa7PEAS","State__c":"Passed","Name":"truong vy 1","Namef__c":"vy 1"},{"AverageScore__c":6.67,"IsDeleted":false,"Score1__c":4.00,"Score2__c":7.00,"Birthday__c":"2011-03-21T00:00:00.000Z","Namel__c":"truong","Gender__c":true,"Score3__c":9.00,"Class__c":"a0H0o00000fKa7PEAS","State__c":"Passed","Name":"truong vy 2","Namef__c":"vy 2"},{"AverageScore__c":6.67,"IsDeleted":false,"Score1__c":4.00,"Score2__c":7.00,"Birthday__c":"2011-03-21T00:00:00.000Z","Namel__c":"truong","Gender__c":true,"Score3__c":9.00,"Class__c":"a0H0o00000fKa7PEAS","State__c":"Passed","Name":"truong vy 3","Namef__c":"vy 3"},{"AverageScore__c":3.67,"IsDeleted":false,"Score1__c":4.00,"Score2__c":7.00,"Birthday__c":"2011-03-21T00:00:00.000Z","Namel__c":"truong","Gender__c":true,"Score3__c":0.00,"Class__c":"a0H0o00000fKa7PEAS","State__c":"Failed","Name":"truong vy 4","Namef__c":"vy 4"},{"AverageScore__c":4.33,"IsDeleted":false,"Score1__c":4.00,"Score2__c":0.00,"Birthday__c":"2011-03-21T00:00:00.000Z","Namel__c":"truong","Gender__c":true,"Score3__c":9.00,"Class__c":"a0H0o00000fKa7PEAS","State__c":"Failed","Name":"truong vy 5","Namef__c":"vy 5"}]|0x785a5e28
15:29:28.0 (70011275)|SYSTEM_MODE_ENTER|false
15:29:28.0 (70021165)|HEAP_ALLOCATE|[7]|Bytes:5
15:29:28.0 (70027621)|STATEMENT_EXECUTE|[6]
15:29:28.0 (70029542)|STATEMENT_EXECUTE|[7]
15:29:28.0 (70031008)|STATEMENT_EXECUTE|[8]
15:29:28.0 (70241993)|HEAP_ALLOCATE|[9]|Bytes:5
15:29:28.0 (70265204)|HEAP_ALLOCATE|[9]|Bytes:4
15:29:28.0 (70276153)|VARIABLE_SCOPE_BEGIN|[9]|s|Student__c|true|false
15:29:28.0 (70565388)|VARIABLE_ASSIGNMENT|[9]|s|{"AverageScore__c":6.67,"IsDeleted":false,"Score1__c":4.00,"Score2__c":7.00,"Birthday__c":"2011-03-21T00:00:00.000Z","Namel__c":"truong","Gender__c":true,"Score3__c":9.00,"Class__c":"a0H0o00000fKa7PEAS","State__c":"Passed","Name":"truong vy 1","Namef__c":"vy 1"}|0x20723c7a
15:29:28.0 (70577783)|STATEMENT_EXECUTE|[10]
15:29:28.0 (70633587)|HEAP_ALLOCATE|[12]|Bytes:28
15:29:28.0 (70762147)|HEAP_ALLOCATE|[16]|Bytes:28
15:29:28.0 (70867952)|HEAP_ALLOCATE|[20]|Bytes:28
15:29:28.0 (70949956)|STATEMENT_EXECUTE|[29]
15:29:28.0 (70953543)|STATEMENT_EXECUTE|[31]
15:29:28.0 (71005119)|HEAP_ALLOCATE|[31]|Bytes:4
15:29:28.0 (71049109)|VARIABLE_SCOPE_BEGIN|[31]|age|Integer|false|false
15:29:28.0 (71098498)|HEAP_ALLOCATE|[31]|Bytes:4
15:29:28.0 (71112252)|VARIABLE_ASSIGNMENT|[31]|age|-8
15:29:28.0 (71125233)|STATEMENT_EXECUTE|[32]
15:29:28.0 (71141527)|HEAP_ALLOCATE|[9]|Bytes:5
15:29:28.0 (71165883)|HEAP_ALLOCATE|[9]|Bytes:4
15:29:28.0 (71176542)|VARIABLE_SCOPE_BEGIN|[9]|s|Student__c|true|false
15:29:28.0 (71561998)|VARIABLE_ASSIGNMENT|[9]|s|{"AverageScore__c":6.67,"IsDeleted":false,"Score1__c":4.00,"Score2__c":7.00,"Birthday__c":"2011-03-21T00:00:00.000Z","Namel__c":"truong","Gender__c":true,"Score3__c":9.00,"Class__c":"a0H0o00000fKa7PEAS","State__c":"Passed","Name":"truong vy 2","Namef__c":"vy 2"}|0x30a6f10c
15:29:28.0 (71613555)|STATEMENT_EXECUTE|[10]
15:29:28.0 (71644165)|HEAP_ALLOCATE|[12]|Bytes:28
15:29:28.0 (71702223)|HEAP_ALLOCATE|[16]|Bytes:28
15:29:28.0 (71742561)|HEAP_ALLOCATE|[20]|Bytes:28
15:29:28.0 (71766642)|STATEMENT_EXECUTE|[29]
15:29:28.0 (71768949)|STATEMENT_EXECUTE|[31]
15:29:28.0 (71783290)|HEAP_ALLOCATE|[31]|Bytes:4
15:29:28.0 (71802947)|VARIABLE_SCOPE_BEGIN|[31]|age|Integer|false|false
15:29:28.0 (71810906)|HEAP_ALLOCATE|[31]|Bytes:4
15:29:28.0 (71818790)|VARIABLE_ASSIGNMENT|[31]|age|-8
15:29:28.0 (71826234)|STATEMENT_EXECUTE|[32]
15:29:28.0 (71837036)|HEAP_ALLOCATE|[9]|Bytes:5
15:29:28.0 (71851116)|HEAP_ALLOCATE|[9]|Bytes:4
15:29:28.0 (71858824)|VARIABLE_SCOPE_BEGIN|[9]|s|Student__c|true|false
15:29:28.0 (72092748)|VARIABLE_ASSIGNMENT|[9]|s|{"AverageScore__c":6.67,"IsDeleted":false,"Score1__c":4.00,"Score2__c":7.00,"Birthday__c":"2011-03-21T00:00:00.000Z","Namel__c":"truong","Gender__c":true,"Score3__c":9.00,"Class__c":"a0H0o00000fKa7PEAS","State__c":"Passed","Name":"truong vy 3","Namef__c":"vy 3"}|0x1b9528a1
15:29:28.0 (72104390)|STATEMENT_EXECUTE|[10]
15:29:28.0 (72117411)|HEAP_ALLOCATE|[12]|Bytes:28
15:29:28.0 (72166305)|HEAP_ALLOCATE|[16]|Bytes:28
15:29:28.0 (72187992)|HEAP_ALLOCATE|[20]|Bytes:28
15:29:28.0 (72205749)|STATEMENT_EXECUTE|[29]
15:29:28.0 (72207675)|STATEMENT_EXECUTE|[31]
15:29:28.0 (72220740)|HEAP_ALLOCATE|[31]|Bytes:4
15:29:28.0 (72239018)|VARIABLE_SCOPE_BEGIN|[31]|age|Integer|false|false
15:29:28.0 (72246512)|HEAP_ALLOCATE|[31]|Bytes:4
15:29:28.0 (72253445)|VARIABLE_ASSIGNMENT|[31]|age|-8
15:29:28.0 (72260268)|STATEMENT_EXECUTE|[32]
15:29:28.0 (72269726)|HEAP_ALLOCATE|[9]|Bytes:5
15:29:28.0 (72282033)|HEAP_ALLOCATE|[9]|Bytes:4
15:29:28.0 (72290282)|VARIABLE_SCOPE_BEGIN|[9]|s|Student__c|true|false
15:29:28.0 (72518083)|VARIABLE_ASSIGNMENT|[9]|s|{"AverageScore__c":3.67,"IsDeleted":false,"Score1__c":4.00,"Score2__c":7.00,"Birthday__c":"2011-03-21T00:00:00.000Z","Namel__c":"truong","Gender__c":true,"Score3__c":0.00,"Class__c":"a0H0o00000fKa7PEAS","State__c":"Failed","Name":"truong vy 4","Namef__c":"vy 4"}|0x6c3db643
15:29:28.0 (72528539)|STATEMENT_EXECUTE|[10]
15:29:28.0 (72539258)|HEAP_ALLOCATE|[12]|Bytes:28
15:29:28.0 (72568478)|HEAP_ALLOCATE|[16]|Bytes:28
15:29:28.0 (72593161)|HEAP_ALLOCATE|[20]|Bytes:28
15:29:28.0 (72598878)|HEAP_ALLOCATE|[20]|Bytes:28
15:29:28.0 (72617586)|STATEMENT_EXECUTE|[29]
15:29:28.0 (72619538)|STATEMENT_EXECUTE|[31]
15:29:28.0 (72631342)|HEAP_ALLOCATE|[31]|Bytes:4
15:29:28.0 (72649948)|VARIABLE_SCOPE_BEGIN|[31]|age|Integer|false|false
15:29:28.0 (72657451)|HEAP_ALLOCATE|[31]|Bytes:4
15:29:28.0 (72664237)|VARIABLE_ASSIGNMENT|[31]|age|-8
15:29:28.0 (72670552)|STATEMENT_EXECUTE|[32]
15:29:28.0 (72679429)|HEAP_ALLOCATE|[9]|Bytes:5
15:29:28.0 (72691490)|HEAP_ALLOCATE|[9]|Bytes:4
15:29:28.0 (72698110)|VARIABLE_SCOPE_BEGIN|[9]|s|Student__c|true|false
15:29:28.0 (73015741)|VARIABLE_ASSIGNMENT|[9]|s|{"AverageScore__c":4.33,"IsDeleted":false,"Score1__c":4.00,"Score2__c":0.00,"Birthday__c":"2011-03-21T00:00:00.000Z","Namel__c":"truong","Gender__c":true,"Score3__c":9.00,"Class__c":"a0H0o00000fKa7PEAS","State__c":"Failed","Name":"truong vy 5","Namef__c":"vy 5"}|0x6fb72f83
15:29:28.0 (73033524)|STATEMENT_EXECUTE|[10]
15:29:28.0 (73052481)|HEAP_ALLOCATE|[12]|Bytes:28
15:29:28.0 (73104849)|HEAP_ALLOCATE|[16]|Bytes:28
15:29:28.0 (73115693)|HEAP_ALLOCATE|[16]|Bytes:28
15:29:28.0 (73151297)|HEAP_ALLOCATE|[20]|Bytes:28
15:29:28.0 (73184078)|STATEMENT_EXECUTE|[29]
15:29:28.0 (73187268)|STATEMENT_EXECUTE|[31]
15:29:28.0 (73206424)|HEAP_ALLOCATE|[31]|Bytes:4
15:29:28.0 (73240371)|VARIABLE_SCOPE_BEGIN|[31]|age|Integer|false|false
15:29:28.0 (73251978)|HEAP_ALLOCATE|[31]|Bytes:4
15:29:28.0 (73263359)|VARIABLE_ASSIGNMENT|[31]|age|-8
15:29:28.0 (73274367)|STATEMENT_EXECUTE|[32]
15:29:28.0 (73287745)|HEAP_ALLOCATE|[9]|Bytes:5
15:29:28.0 (73301732)|VARIABLE_ASSIGNMENT|[9]|s|null|
15:29:28.0 (73311083)|SYSTEM_MODE_EXIT|false
15:29:28.0 (73326131)|METHOD_EXIT|[11]|01p0o00000GMOB6|TriggerHandle.onBeforeInsert(List<Student__c>)
15:29:28.73 (73344793)|CUMULATIVE_LIMIT_USAGE
15:29:28.73 (73344793)|LIMIT_USAGE_FOR_NS|(default)|
  Number of SOQL queries: 1 out of 100
  Number of query rows: 1 out of 50000
  Number of SOSL queries: 0 out of 20
  Number of DML statements: 2 out of 150
  Number of DML rows: 9 out of 10000
  Maximum CPU time: 0 out of 10000
  Maximum heap size: 0 out of 6000000
  Number of callouts: 0 out of 100
  Number of Email Invocations: 0 out of 10
  Number of future calls: 0 out of 50
  Number of queueable jobs added to the queue: 0 out of 50
  Number of Mobile Apex push calls: 0 out of 10

15:29:28.73 (73344793)|CUMULATIVE_LIMIT_USAGE_END

15:29:28.0 (74669113)|CODE_UNIT_FINISHED|triggerStudent on Student trigger event BeforeInsert|__sfdc_trigger/triggerStudent
15:29:28.0 (105594270)|CODE_UNIT_STARTED|[EXTERNAL]|01q0o000000jKrN|triggerStudent on Student trigger event AfterInsert|__sfdc_trigger/triggerStudent
15:29:28.0 (105647771)|HEAP_ALLOCATE|[EXTERNAL]|Bytes:24
15:29:28.0 (105789883)|HEAP_ALLOCATE|[EXTERNAL]|Bytes:8
15:29:28.0 (105800923)|VARIABLE_SCOPE_BEGIN|[1]|this|triggerStudent|true|false
15:29:28.0 (105835874)|VARIABLE_ASSIGNMENT|[1]|this|{}|0x66186579
15:29:28.0 (105881313)|HEAP_ALLOCATE|[EXTERNAL]|Bytes:8
15:29:28.0 (105890013)|VARIABLE_SCOPE_BEGIN|[1]|this|triggerStudent|true|false
15:29:28.0 (105904715)|VARIABLE_ASSIGNMENT|[1]|this|{}|0x66186579
15:29:28.0 (105912340)|STATEMENT_EXECUTE|[1]
15:29:28.0 (105914632)|STATEMENT_EXECUTE|[3]
15:29:28.0 (105919253)|HEAP_ALLOCATE|[3]|Bytes:4
15:29:28.0 (105934327)|CONSTRUCTOR_ENTRY|[3]|01p0o00000GMOB6|<init>()|TriggerHandle
15:29:28.0 (105943647)|VARIABLE_SCOPE_BEGIN|[3]|this|TriggerHandle|true|false
15:29:28.0 (105956506)|VARIABLE_ASSIGNMENT|[3]|this|{}|0x6953642
15:29:28.0 (106332066)|SYSTEM_MODE_ENTER|false
15:29:28.0 (106347359)|HEAP_ALLOCATE|[EXTERNAL]|Bytes:5
15:29:28.0 (106354052)|STATEMENT_EXECUTE|[1]
15:29:28.0 (106363999)|HEAP_ALLOCATE|[EXTERNAL]|Bytes:5
15:29:28.0 (106392475)|STATEMENT_EXECUTE|[3]
15:29:28.0 (106396379)|SYSTEM_MODE_EXIT|false
15:29:28.0 (106405710)|CONSTRUCTOR_EXIT|[3]|01p0o00000GMOB6|<init>()|TriggerHandle
15:29:28.0 (106426120)|VARIABLE_ASSIGNMENT|[3]|this.handle|0x6953642|0x66186579
15:29:28.0 (106436085)|STATEMENT_EXECUTE|[15]
15:29:28.0 (106442906)|STATEMENT_EXECUTE|[19]
15:29:28.0 (106444409)|STATEMENT_EXECUTE|[20]
15:29:28.0 (106489509)|METHOD_ENTRY|[20]|01p0o00000GMOB6|TriggerHandle.onAfterInsert(List<Student__c>)
15:29:28.0 (106521780)|VARIABLE_SCOPE_BEGIN|[44]|this|TriggerHandle|true|false
15:29:28.0 (106539384)|VARIABLE_ASSIGNMENT|[44]|this|{}|0x6953642
15:29:28.0 (106545979)|VARIABLE_SCOPE_BEGIN|[44]|newStudentList|List<Student__c>|true|false
15:29:28.0 (108903729)|VARIABLE_ASSIGNMENT|[44]|newStudentList|[{"LastModifiedDate":"2019-06-06T08:29:28.000Z","StudentId__c":"HS100151","IsDeleted":false,"Score1__c":4.00,"Score2__c":7.00,"Gender__c":true,"Score3__c":9.00,"Class__c":"a0H0o00000fKa7PEAS","Name":"truong vy 1","SystemModstamp":"2019-06-06T08:29:28.000Z","AverageScore__c":6.67,"CreatedById":"0050o00000WkyGGAAZ","Birthday__c":"2011-03-21T00:00:00.000Z","Namel__c":"truong","CreatedDate":"2019-06-06T08:29:28.000Z","Id":"a0I0o000019bWkeEAE","LastModifiedById":"0050o00000WkyGGAAZ","State__c":"Passed","Namef__c":"vy 1"},{"LastModifiedDate":"2019-06-06T08:29:28.000Z","StudentId__c":"HS100152","IsDeleted":false,"Score1__c":4.00,"Score2__c":7.00,"Gender__c":true,"Score3__c":9.00,"Class__c":"a0H0o00000fKa7PEAS","Name":"truong vy 2","SystemModstamp":"2019-06-06T08:29:28.000Z","AverageScore__c":6.67,"CreatedById":"0050o00000WkyGGAAZ","Birthday__c":"2011-03-21T00:00:00.000Z","Namel__c":"truong","CreatedDate":"2019-06-06T08:29:28.000Z","Id":"a0I0o000019bWkfEAE","LastModifiedById":"0050o00000WkyGGAAZ","State__c":"Passed","Namef__c":"vy 2"},{"LastModifiedDate":"2019-06-06T08:29:28.000Z","StudentId__c":"HS100153","IsDeleted":false,"Score1__c":4.00,"Score2__c":7.00,"Gender__c":true,"Score3__c":9.00,"Class__c":"a0H0o00000fKa7PEAS","Name":"truong vy 3","SystemModstamp":"2019-06-06T08:29:28.000Z","AverageScore__c":6.67,"CreatedById":"0050o00000WkyGGAAZ","Birthday__c":"2011-03-21T00:00:00.000Z","Namel__c":"truong","CreatedDate":"2019-06-06T08:29:28.000Z","Id":"a0I0o000019bWkgEAE","LastModifiedById":"0050o00000WkyGGAAZ","State__c":"Passed","Namef__c":"vy 3"},{"LastModifiedDate":"2019-06-06T08:29:28.000Z","StudentId__c":"HS100154","IsDeleted":false,"Score1__c":4.00,"Score2__c":7.00,"Gender__c":true,"Score3__c":0.00,"Class__c":"a0H0o00000fKa7PEAS","Name":"truong vy 4","SystemModstamp":"2019-06-06T08:29:28.000Z","AverageScore__c":3.67,"CreatedById":"0050o00000WkyGGAAZ","Birthday__c":"2011-03-21T00:00:00.000Z","Namel__c":"truong","CreatedDate":"2019-06-06T08:29:28.000Z","Id":"a0I0o000019bWkhEAE","LastModifiedById":"0050o00000WkyGGAAZ","State__c":"Failed","Namef__c":"vy 4"},{"LastModifiedDate":"2019-06-06T08:29:28.000Z","StudentId__c":"HS100155","IsDeleted":false,"Score1__c":4.00,"Score2__c":0.00,"Gender__c":true,"Score3__c":9.00,"Class__c":"a0H0o00000fKa7PEAS","Name":"truong vy 5","SystemModstamp":"2019-06-06T08:29:28.000Z","AverageScore__c":4.33,"CreatedById":"0050o00000WkyGGAAZ","Birthday__c":"2011-03-21T00:00:00.000Z","Namel__c":"truong","CreatedDate":"2019-06-06T08:29:28.000Z","Id":"a0I0o000019bWkiEAE","LastModifiedById":"0050o00000WkyGGAAZ","State__c":"Failed","Namef__c":"vy 5"}]|0x2a0d90aa
15:29:28.0 (108958741)|SYSTEM_MODE_ENTER|false
15:29:28.0 (108967632)|HEAP_ALLOCATE|[46]|Bytes:5
15:29:28.0 (108974386)|STATEMENT_EXECUTE|[45]
15:29:28.0 (108976210)|STATEMENT_EXECUTE|[46]
15:29:28.0 (108983594)|VARIABLE_SCOPE_BEGIN|[46]|sp|System.Savepoint|true|false
15:29:28.0 (108999069)|VARIABLE_ASSIGNMENT|[46]|sp|null|
15:29:28.0 (109003606)|STATEMENT_EXECUTE|[47]
15:29:28.0 (109005659)|STATEMENT_EXECUTE|[48]
15:29:28.0 (109007129)|STATEMENT_EXECUTE|[49]
15:29:28.0 (110567599)|USER_DEBUG|[49]|DEBUG|(Student__c:{Id=a0I0o000019bWkeEAE, IsDeleted=false, Name=truong vy 1, CreatedDate=2019-06-06 08:29:28, CreatedById=0050o00000WkyGGAAZ, LastModifiedDate=2019-06-06 08:29:28, LastModifiedById=0050o00000WkyGGAAZ, SystemModstamp=2019-06-06 08:29:28, StudentId__c=HS100151, Namef__c=vy 1, Namel__c=truong, Birthday__c=2011-03-21 00:00:00, Gender__c=true, Score1__c=4.00, Score2__c=7.00, Score3__c=9.00, AverageScore__c=6.67, State__c=Passed, StudentCode__c=null, Class__c=a0H0o00000fKa7PEAS}, Student__c:{Id=a0I0o000019bWkfEAE, IsDeleted=false, Name=truong vy 2, CreatedDate=2019-06-06 08:29:28, CreatedById=0050o00000WkyGGAAZ, LastModifiedDate=2019-06-06 08:29:28, LastModifiedById=0050o00000WkyGGAAZ, SystemModstamp=2019-06-06 08:29:28, StudentId__c=HS100152, Namef__c=vy 2, Namel__c=truong, Birthday__c=2011-03-21 00:00:00, Gender__c=true, Score1__c=4.00, Score2__c=7.00, Score3__c=9.00, AverageScore__c=6.67, State__c=Passed, StudentCode__c=null, Class__c=a0H0o00000fKa7PEAS}, Student__c:{Id=a0I0o000019bWkgEAE, IsDeleted=false, Name=truong vy 3, CreatedDate=2019-06-06 08:29:28, CreatedById=0050o00000WkyGGAAZ, LastModifiedDate=2019-06-06 08:29:28, LastModifiedById=0050o00000WkyGGAAZ, SystemModstamp=2019-06-06 08:29:28, StudentId__c=HS100153, Namef__c=vy 3, Namel__c=truong, Birthday__c=2011-03-21 00:00:00, Gender__c=true, Score1__c=4.00, Score2__c=7.00, Score3__c=9.00, AverageScore__c=6.67, State__c=Passed, StudentCode__c=null, Class__c=a0H0o00000fKa7PEAS}, Student__c:{Id=a0I0o000019bWkhEAE, IsDeleted=false, Name=truong vy 4, CreatedDate=2019-06-06 08:29:28, CreatedById=0050o00000WkyGGAAZ, LastModifiedDate=2019-06-06 08:29:28, LastModifiedById=0050o00000WkyGGAAZ, SystemModstamp=2019-06-06 08:29:28, StudentId__c=HS100154, Namef__c=vy 4, Namel__c=truong, Birthday__c=2011-03-21 00:00:00, Gender__c=true, Score1__c=4.00, Score2__c=7.00, Score3__c=0.00, AverageScore__c=3.67, State__c=Failed, StudentCode__c=null, Class__c=a0H0o00000fKa7PEAS}, Student__c:{Id=a0I0o000019bWkiEAE, IsDeleted=false, Name=truong vy 5, CreatedDate=2019-06-06 08:29:28, CreatedById=0050o00000WkyGGAAZ, LastModifiedDate=2019-06-06 08:29:28, LastModifiedById=0050o00000WkyGGAAZ, SystemModstamp=2019-06-06 08:29:28, StudentId__c=HS100155, Namef__c=vy 5, Namel__c=truong, Birthday__c=2011-03-21 00:00:00, Gender__c=true, Score1__c=4.00, Score2__c=0.00, Score3__c=9.00, AverageScore__c=4.33, State__c=Failed, StudentCode__c=null, Class__c=a0H0o00000fKa7PEAS})
15:29:28.0 (110610859)|STATEMENT_EXECUTE|[50]
15:29:28.0 (110929406)|SAVEPOINT_SET|[50]|SavepointValue0
15:29:28.0 (110949261)|HEAP_ALLOCATE|[50]|Bytes:16
15:29:28.0 (111487088)|VARIABLE_ASSIGNMENT|[50]|sp|"common.apex.runtime.impl.ApexUserSavepoint@f1b1b3f"|0xf1b1b3f
15:29:28.0 (111502997)|STATEMENT_EXECUTE|[51]
15:29:28.0 (111510490)|HEAP_ALLOCATE|[51]|Bytes:6
15:29:28.0 (111546011)|METHOD_ENTRY|[51]|01p0o00000GMOB6|TriggerHandle.executeNOStudentsUpdate(List<Student__c>, String)
15:29:28.0 (111588573)|VARIABLE_SCOPE_BEGIN|[191]|this|TriggerHandle|true|false
15:29:28.0 (111621386)|VARIABLE_ASSIGNMENT|[191]|this|{}|0x6953642
15:29:28.0 (111634404)|VARIABLE_SCOPE_BEGIN|[191]|studentList|List<Student__c>|true|false
15:29:28.0 (112792094)|VARIABLE_ASSIGNMENT|[191]|studentList|[{"LastModifiedDate":"2019-06-06T08:29:28.000Z","StudentId__c":"HS100151","IsDeleted":false,"Score1__c":4.00,"Score2__c":7.00,"Gender__c":true,"Score3__c":9.00,"Class__c":"a0H0o00000fKa7PEAS","Name":"truong vy 1","SystemModstamp":"2019-06-06T08:29:28.000Z","AverageScore__c":6.67,"CreatedById":"0050o00000WkyGGAAZ","Birthday__c":"2011-03-21T00:00:00.000Z","Namel__c":"truong","CreatedDate":"2019-06-06T08:29:28.000Z","Id":"a0I0o000019bWkeEAE","LastModifiedById":"0050o00000WkyGGAAZ","State__c":"Passed","Namef__c":"vy 1"},{"LastModifiedDate":"2019-06-06T08:29:28.000Z","StudentId__c":"HS100152","IsDeleted":false,"Score1__c":4.00,"Score2__c":7.00,"Gender__c":true,"Score3__c":9.00,"Class__c":"a0H0o00000fKa7PEAS","Name":"truong vy 2","SystemModstamp":"2019-06-06T08:29:28.000Z","AverageScore__c":6.67,"CreatedById":"0050o00000WkyGGAAZ","Birthday__c":"2011-03-21T00:00:00.000Z","Namel__c":"truong","CreatedDate":"2019-06-06T08:29:28.000Z","Id":"a0I0o000019bWkfEAE","LastModifiedById":"0050o00000WkyGGAAZ","State__c":"Passed","Namef__c":"vy 2"},{"LastModifiedDate":"2019-06-06T08:29:28.000Z","StudentId__c":"HS100153","IsDeleted":false,"Score1__c":4.00,"Score2__c":7.00,"Gender__c":true,"Score3__c":9.00,"Class__c":"a0H0o00000fKa7PEAS","Name":"truong vy 3","SystemModstamp":"2019-06-06T08:29:28.000Z","AverageScore__c":6.67,"CreatedById":"0050o00000WkyGGAAZ","Birthday__c":"2011-03-21T00:00:00.000Z","Namel__c":"truong","CreatedDate":"2019-06-06T08:29:28.000Z","Id":"a0I0o000019bWkgEAE","LastModifiedById":"0050o00000WkyGGAAZ","State__c":"Passed","Namef__c":"vy 3"},{"LastModifiedDate":"2019-06-06T08:29:28.000Z","StudentId__c":"HS100154","IsDeleted":false,"Score1__c":4.00,"Score2__c":7.00,"Gender__c":true,"Score3__c":0.00,"Class__c":"a0H0o00000fKa7PEAS","Name":"truong vy 4","SystemModstamp":"2019-06-06T08:29:28.000Z","AverageScore__c":3.67,"CreatedById":"0050o00000WkyGGAAZ","Birthday__c":"2011-03-21T00:00:00.000Z","Namel__c":"truong","CreatedDate":"2019-06-06T08:29:28.000Z","Id":"a0I0o000019bWkhEAE","LastModifiedById":"0050o00000WkyGGAAZ","State__c":"Failed","Namef__c":"vy 4"},{"LastModifiedDate":"2019-06-06T08:29:28.000Z","StudentId__c":"HS100155","IsDeleted":false,"Score1__c":4.00,"Score2__c":0.00,"Gender__c":true,"Score3__c":9.00,"Class__c":"a0H0o00000fKa7PEAS","Name":"truong vy 5","SystemModstamp":"2019-06-06T08:29:28.000Z","AverageScore__c":4.33,"CreatedById":"0050o00000WkyGGAAZ","Birthday__c":"2011-03-21T00:00:00.000Z","Namel__c":"truong","CreatedDate":"2019-06-06T08:29:28.000Z","Id":"a0I0o000019bWkiEAE","LastModifiedById":"0050o00000WkyGGAAZ","State__c":"Failed","Namef__c":"vy 5"}]|0x2a0d90aa
15:29:28.0 (112833359)|VARIABLE_SCOPE_BEGIN|[191]|action|String|false|false
15:29:28.0 (112844202)|VARIABLE_ASSIGNMENT|[191]|action|"insert"
15:29:28.0 (112869295)|HEAP_ALLOCATE|[193]|Bytes:5
15:29:28.0 (112876715)|STATEMENT_EXECUTE|[192]
15:29:28.0 (112878864)|STATEMENT_EXECUTE|[193]
15:29:28.0 (112895002)|HEAP_ALLOCATE|[193]|Bytes:4
15:29:28.0 (112912705)|VARIABLE_SCOPE_BEGIN|[193]|classIDMap|Map<Id,Integer>|true|false
15:29:28.0 (112930934)|VARIABLE_ASSIGNMENT|[193]|classIDMap|{}|0x4bdbab14
15:29:28.0 (112978852)|HEAP_ALLOCATE|[196]|Bytes:5
15:29:28.0 (113000365)|VARIABLE_SCOPE_BEGIN|[196]|s|Student__c|true|false
15:29:28.0 (113216475)|VARIABLE_ASSIGNMENT|[196]|s|{"LastModifiedDate":"2019-06-06T08:29:28.000Z","StudentId__c":"HS100151","IsDeleted":false,"Score1__c":4.00,"Score2__c":7.00,"Gender__c":true,"Score3__c":9.00,"Class__c":"a0H0o00000fKa7PEAS","Name":"truong vy 1","SystemModstamp":"2019-06-06T08:29:28.000Z","AverageScore__c":6.67,"CreatedById":"0050o00000WkyGGAAZ","Birthday__c":"2011-03-21T00:00:00.000Z","Namel__c":"truong","CreatedDate":"2019-06-06T08:29:28.000Z","Id":"a0I0o000019bWkeEAE","LastModifiedById":"0050o00000WkyGGAAZ","State__c":"Passed","Namef__c":"vy 1"}|0xd95fa05
15:29:28.0 (113238153)|STATEMENT_EXECUTE|[197]
15:29:28.0 (113340673)|STATEMENT_EXECUTE|[203]
15:29:28.0 (113344394)|STATEMENT_EXECUTE|[204]
15:29:28.0 (113391448)|HEAP_ALLOCATE|[204]|Bytes:4
15:29:28.0 (113404498)|HEAP_ALLOCATE|[EXTERNAL]|Bytes:-4
15:29:28.0 (113434256)|HEAP_ALLOCATE|[196]|Bytes:5
15:29:28.0 (113459657)|VARIABLE_SCOPE_BEGIN|[196]|s|Student__c|true|false
15:29:28.0 (113800876)|VARIABLE_ASSIGNMENT|[196]|s|{"LastModifiedDate":"2019-06-06T08:29:28.000Z","StudentId__c":"HS100152","IsDeleted":false,"Score1__c":4.00,"Score2__c":7.00,"Gender__c":true,"Score3__c":9.00,"Class__c":"a0H0o00000fKa7PEAS","Name":"truong vy 2","SystemModstamp":"2019-06-06T08:29:28.000Z","AverageScore__c":6.67,"CreatedById":"0050o00000WkyGGAAZ","Birthday__c":"2011-03-21T00:00:00.000Z","Namel__c":"truong","CreatedDate":"2019-06-06T08:29:28.000Z","Id":"a0I0o000019bWkfEAE","LastModifiedById":"0050o00000WkyGGAAZ","State__c":"Passed","Namef__c":"vy 2"}|0x5a00da6b
15:29:28.0 (113824026)|STATEMENT_EXECUTE|[197]
15:29:28.0 (113852796)|STATEMENT_EXECUTE|[199]
15:29:28.0 (113855648)|STATEMENT_EXECUTE|[200]
15:29:28.0 (113912026)|HEAP_ALLOCATE|[200]|Bytes:4
15:29:28.0 (113940844)|HEAP_ALLOCATE|[196]|Bytes:5
15:29:28.0 (113966961)|VARIABLE_SCOPE_BEGIN|[196]|s|Student__c|true|false
15:29:28.0 (114299402)|VARIABLE_ASSIGNMENT|[196]|s|{"LastModifiedDate":"2019-06-06T08:29:28.000Z","StudentId__c":"HS100153","IsDeleted":false,"Score1__c":4.00,"Score2__c":7.00,"Gender__c":true,"Score3__c":9.00,"Class__c":"a0H0o00000fKa7PEAS","Name":"truong vy 3","SystemModstamp":"2019-06-06T08:29:28.000Z","AverageScore__c":6.67,"CreatedById":"0050o00000WkyGGAAZ","Birthday__c":"2011-03-21T00:00:00.000Z","Namel__c":"truong","CreatedDate":"2019-06-06T08:29:28.000Z","Id":"a0I0o000019bWkgEAE","LastModifiedById":"0050o00000WkyGGAAZ","State__c":"Passed","Namef__c":"vy 3"}|0x62765458
15:29:28.0 (114324455)|STATEMENT_EXECUTE|[197]
15:29:28.0 (114353554)|STATEMENT_EXECUTE|[199]
15:29:28.0 (114356506)|STATEMENT_EXECUTE|[200]
15:29:28.0 (114386682)|HEAP_ALLOCATE|[200]|Bytes:4
15:29:28.0 (114417358)|HEAP_ALLOCATE|[196]|Bytes:5
15:29:28.0 (114439054)|VARIABLE_SCOPE_BEGIN|[196]|s|Student__c|true|false
15:29:28.0 (114657732)|VARIABLE_ASSIGNMENT|[196]|s|{"LastModifiedDate":"2019-06-06T08:29:28.000Z","StudentId__c":"HS100154","IsDeleted":false,"Score1__c":4.00,"Score2__c":7.00,"Gender__c":true,"Score3__c":0.00,"Class__c":"a0H0o00000fKa7PEAS","Name":"truong vy 4","SystemModstamp":"2019-06-06T08:29:28.000Z","AverageScore__c":3.67,"CreatedById":"0050o00000WkyGGAAZ","Birthday__c":"2011-03-21T00:00:00.000Z","Namel__c":"truong","CreatedDate":"2019-06-06T08:29:28.000Z","Id":"a0I0o000019bWkhEAE","LastModifiedById":"0050o00000WkyGGAAZ","State__c":"Failed","Namef__c":"vy 4"}|0x74e3d009
15:29:28.0 (114672533)|STATEMENT_EXECUTE|[197]
15:29:28.0 (114689781)|STATEMENT_EXECUTE|[199]
15:29:28.0 (114691684)|STATEMENT_EXECUTE|[200]
15:29:28.0 (114705763)|HEAP_ALLOCATE|[200]|Bytes:4
15:29:28.0 (114723581)|HEAP_ALLOCATE|[196]|Bytes:5
15:29:28.0 (114737725)|VARIABLE_SCOPE_BEGIN|[196]|s|Student__c|true|false
15:29:28.0 (114928540)|VARIABLE_ASSIGNMENT|[196]|s|{"LastModifiedDate":"2019-06-06T08:29:28.000Z","StudentId__c":"HS100155","IsDeleted":false,"Score1__c":4.00,"Score2__c":0.00,"Gender__c":true,"Score3__c":9.00,"Class__c":"a0H0o00000fKa7PEAS","Name":"truong vy 5","SystemModstamp":"2019-06-06T08:29:28.000Z","AverageScore__c":4.33,"CreatedById":"0050o00000WkyGGAAZ","Birthday__c":"2011-03-21T00:00:00.000Z","Namel__c":"truong","CreatedDate":"2019-06-06T08:29:28.000Z","Id":"a0I0o000019bWkiEAE","LastModifiedById":"0050o00000WkyGGAAZ","State__c":"Failed","Namef__c":"vy 5"}|0x56044942
15:29:28.0 (114942381)|STATEMENT_EXECUTE|[197]
15:29:28.0 (114961939)|STATEMENT_EXECUTE|[199]
15:29:28.0 (114963632)|STATEMENT_EXECUTE|[200]
15:29:28.0 (114976289)|HEAP_ALLOCATE|[200]|Bytes:4
15:29:28.0 (114991779)|HEAP_ALLOCATE|[196]|Bytes:5
15:29:28.0 (115003323)|VARIABLE_ASSIGNMENT|[196]|s|null|
15:29:28.0 (115009888)|STATEMENT_EXECUTE|[207]
15:29:28.0 (115013799)|HEAP_ALLOCATE|[207]|Bytes:44
15:29:28.0 (115030249)|HEAP_ALLOCATE|[207]|Bytes:4
15:29:28.0 (115253704)|SOQL_EXECUTE_BEGIN|[207]|Aggregations:0|SELECT id, NumberOfStudents__c FROM Class__c
15:29:28.0 (126811524)|SOQL_EXECUTE_END|[207]|Rows:4
15:29:28.0 (126859499)|HEAP_ALLOCATE|[207]|Bytes:20
15:29:28.0 (126897228)|HEAP_ALLOCATE|[207]|Bytes:352
15:29:28.0 (126966383)|HEAP_ALLOCATE|[207]|Bytes:20
15:29:28.0 (126994546)|VARIABLE_SCOPE_BEGIN|[207]|classList|List<Class__c>|true|false
15:29:28.0 (127060620)|VARIABLE_ASSIGNMENT|[207]|classList|[{"Id":"a0H0o00000fKa7OEAS","NumberOfStudents__c":0},{"Id":"a0H0o00000fKa7PEAS","NumberOfStudents__c":0},{"Id":"a0H0o00000fKa7QEAS","NumberOfStudents__c":0},{"Id":"a0H0o00000fKa7REAS","NumberOfStudents__c":0}]|0x20bcfa98
15:29:28.0 (127076741)|STATEMENT_EXECUTE|[208]
15:29:28.0 (127170174)|HEAP_ALLOCATE|[208]|Bytes:12
15:29:28.0 (127257996)|HEAP_ALLOCATE|[208]|Bytes:28
15:29:28.0 (127292442)|USER_DEBUG|[208]|DEBUG|0
15:29:28.0 (127487907)|HEAP_ALLOCATE|[210]|Bytes:5
15:29:28.0 (127538763)|HEAP_ALLOCATE|[210]|Bytes:12
15:29:28.0 (127555506)|VARIABLE_SCOPE_BEGIN|[210]|c|Class__c|true|false
15:29:28.0 (127579477)|VARIABLE_ASSIGNMENT|[210]|c|{"Id":"a0H0o00000fKa7OEAS","NumberOfStudents__c":0}|0x57d46651
15:29:28.0 (127591196)|STATEMENT_EXECUTE|[211]
15:29:28.0 (127650135)|STATEMENT_EXECUTE|[212]
15:29:28.0 (127664527)|HEAP_ALLOCATE|[210]|Bytes:5
15:29:28.0 (127681154)|HEAP_ALLOCATE|[210]|Bytes:12
15:29:28.0 (127690704)|VARIABLE_SCOPE_BEGIN|[210]|c|Class__c|true|false
15:29:28.0 (127713411)|VARIABLE_ASSIGNMENT|[210]|c|{"Id":"a0H0o00000fKa7PEAS","NumberOfStudents__c":0}|0x2632c5aa
15:29:28.0 (127722663)|STATEMENT_EXECUTE|[211]
15:29:28.0 (127743846)|STATEMENT_EXECUTE|[213]
15:29:28.0 (127813608)|STATEMENT_EXECUTE|[215]
15:29:28.0 (127816664)|STATEMENT_EXECUTE|[216]
15:29:28.0 (127866105)|HEAP_ALLOCATE|[216]|Bytes:28
15:29:28.0 (127874202)|HEAP_ALLOCATE|[216]|Bytes:28
15:29:28.0 (127888121)|HEAP_ALLOCATE|[216]|Bytes:28
15:29:28.0 (127939223)|HEAP_ALLOCATE|[216]|Bytes:28
15:29:28.0 (127947346)|HEAP_ALLOCATE|[216]|Bytes:28
15:29:28.0 (128081006)|VARIABLE_ASSIGNMENT|[216]|this.NumberOfStudents__c|5|0x2632c5aa
15:29:28.0 (128096686)|STATEMENT_EXECUTE|[224]
15:29:28.0 (128147916)|HEAP_ALLOCATE|[224]|Bytes:8
15:29:28.0 (128171474)|DML_BEGIN|[224]|Op:Update|Type:Class__c|Rows:1
15:29:28.0 (128213062)|HEAP_ALLOCATE|[EXTERNAL]|Bytes:8
15:29:28.0 (143493117)|DML_END|[224]
15:29:28.0 (143521105)|STATEMENT_EXECUTE|[226]
15:29:28.0 (143636422)|HEAP_ALLOCATE|[210]|Bytes:5
15:29:28.0 (143669360)|HEAP_ALLOCATE|[210]|Bytes:12
15:29:28.0 (143685501)|VARIABLE_SCOPE_BEGIN|[210]|c|Class__c|true|false
15:29:28.0 (143728066)|VARIABLE_ASSIGNMENT|[210]|c|{"Id":"a0H0o00000fKa7QEAS","NumberOfStudents__c":0}|0x551ff7fc
15:29:28.0 (143740748)|STATEMENT_EXECUTE|[211]
15:29:28.0 (143768449)|STATEMENT_EXECUTE|[212]
15:29:28.0 (143781140)|HEAP_ALLOCATE|[210]|Bytes:5
15:29:28.0 (143797265)|HEAP_ALLOCATE|[210]|Bytes:12
15:29:28.0 (143806926)|VARIABLE_SCOPE_BEGIN|[210]|c|Class__c|true|false
15:29:28.0 (143829850)|VARIABLE_ASSIGNMENT|[210]|c|{"Id":"a0H0o00000fKa7REAS","NumberOfStudents__c":0}|0x7c6349f4
15:29:28.0 (143839222)|STATEMENT_EXECUTE|[211]
15:29:28.0 (143857154)|STATEMENT_EXECUTE|[212]
15:29:28.0 (143868309)|HEAP_ALLOCATE|[210]|Bytes:5
15:29:28.0 (143882741)|VARIABLE_ASSIGNMENT|[210]|c|null|
15:29:28.0 (143905366)|METHOD_EXIT|[51]|01p0o00000GMOB6|TriggerHandle.executeNOStudentsUpdate(List<Student__c>, String)
15:29:28.0 (143915609)|STATEMENT_EXECUTE|[52]
15:29:28.0 (143938434)|METHOD_ENTRY|[52]|01p0o00000GMOB6|TriggerHandle.executeNOFAPStudentsUpdate(List<Student__c>, String)
15:29:28.0 (143975595)|VARIABLE_SCOPE_BEGIN|[118]|this|TriggerHandle|true|false
15:29:28.0 (144005611)|VARIABLE_ASSIGNMENT|[118]|this|{}|0x6953642
15:29:28.0 (144017108)|VARIABLE_SCOPE_BEGIN|[118]|studentList|List<Student__c>|true|false
15:29:28.0 (145416454)|VARIABLE_ASSIGNMENT|[118]|studentList|[{"LastModifiedDate":"2019-06-06T08:29:28.000Z","StudentId__c":"HS100151","IsDeleted":false,"Score1__c":4.00,"Score2__c":7.00,"Gender__c":true,"Score3__c":9.00,"Class__c":"a0H0o00000fKa7PEAS","Name":"truong vy 1","SystemModstamp":"2019-06-06T08:29:28.000Z","AverageScore__c":6.67,"CreatedById":"0050o00000WkyGGAAZ","Birthday__c":"2011-03-21T00:00:00.000Z","Namel__c":"truong","CreatedDate":"2019-06-06T08:29:28.000Z","Id":"a0I0o000019bWkeEAE","LastModifiedById":"0050o00000WkyGGAAZ","State__c":"Passed","Namef__c":"vy 1"},{"LastModifiedDate":"2019-06-06T08:29:28.000Z","StudentId__c":"HS100152","IsDeleted":false,"Score1__c":4.00,"Score2__c":7.00,"Gender__c":true,"Score3__c":9.00,"Class__c":"a0H0o00000fKa7PEAS","Name":"truong vy 2","SystemModstamp":"2019-06-06T08:29:28.000Z","AverageScore__c":6.67,"CreatedById":"0050o00000WkyGGAAZ","Birthday__c":"2011-03-21T00:00:00.000Z","Namel__c":"truong","CreatedDate":"2019-06-06T08:29:28.000Z","Id":"a0I0o000019bWkfEAE","LastModifiedById":"0050o00000WkyGGAAZ","State__c":"Passed","Namef__c":"vy 2"},{"LastModifiedDate":"2019-06-06T08:29:28.000Z","StudentId__c":"HS100153","IsDeleted":false,"Score1__c":4.00,"Score2__c":7.00,"Gender__c":true,"Score3__c":9.00,"Class__c":"a0H0o00000fKa7PEAS","Name":"truong vy 3","SystemModstamp":"2019-06-06T08:29:28.000Z","AverageScore__c":6.67,"CreatedById":"0050o00000WkyGGAAZ","Birthday__c":"2011-03-21T00:00:00.000Z","Namel__c":"truong","CreatedDate":"2019-06-06T08:29:28.000Z","Id":"a0I0o000019bWkgEAE","LastModifiedById":"0050o00000WkyGGAAZ","State__c":"Passed","Namef__c":"vy 3"},{"LastModifiedDate":"2019-06-06T08:29:28.000Z","StudentId__c":"HS100154","IsDeleted":false,"Score1__c":4.00,"Score2__c":7.00,"Gender__c":true,"Score3__c":0.00,"Class__c":"a0H0o00000fKa7PEAS","Name":"truong vy 4","SystemModstamp":"2019-06-06T08:29:28.000Z","AverageScore__c":3.67,"CreatedById":"0050o00000WkyGGAAZ","Birthday__c":"2011-03-21T00:00:00.000Z","Namel__c":"truong","CreatedDate":"2019-06-06T08:29:28.000Z","Id":"a0I0o000019bWkhEAE","LastModifiedById":"0050o00000WkyGGAAZ","State__c":"Failed","Namef__c":"vy 4"},{"LastModifiedDate":"2019-06-06T08:29:28.000Z","StudentId__c":"HS100155","IsDeleted":false,"Score1__c":4.00,"Score2__c":0.00,"Gender__c":true,"Score3__c":9.00,"Class__c":"a0H0o00000fKa7PEAS","Name":"truong vy 5","SystemModstamp":"2019-06-06T08:29:28.000Z","AverageScore__c":4.33,"CreatedById":"0050o00000WkyGGAAZ","Birthday__c":"2011-03-21T00:00:00.000Z","Namel__c":"truong","CreatedDate":"2019-06-06T08:29:28.000Z","Id":"a0I0o000019bWkiEAE","LastModifiedById":"0050o00000WkyGGAAZ","State__c":"Failed","Namef__c":"vy 5"}]|0x2a0d90aa
15:29:28.0 (145474641)|VARIABLE_SCOPE_BEGIN|[118]|action|String|false|false
15:29:28.0 (145490498)|VARIABLE_ASSIGNMENT|[118]|action|"insert"
15:29:28.0 (145521161)|HEAP_ALLOCATE|[120]|Bytes:5
15:29:28.0 (145529233)|STATEMENT_EXECUTE|[119]
15:29:28.0 (145531817)|STATEMENT_EXECUTE|[120]
15:29:28.0 (145548404)|HEAP_ALLOCATE|[120]|Bytes:4
15:29:28.0 (145561874)|VARIABLE_SCOPE_BEGIN|[120]|classIDMapWithPassedStudents|Map<Id,Integer>|true|false
15:29:28.0 (145585087)|VARIABLE_ASSIGNMENT|[120]|classIDMapWithPassedStudents|{}|0xf3beb18
15:29:28.0 (145593701)|STATEMENT_EXECUTE|[121]
15:29:28.0 (145603892)|HEAP_ALLOCATE|[121]|Bytes:4
15:29:28.0 (145612674)|VARIABLE_SCOPE_BEGIN|[121]|classIDMapWithFaliedStudents|Map<Id,Integer>|true|false
15:29:28.0 (145628918)|VARIABLE_ASSIGNMENT|[121]|classIDMapWithFaliedStudents|{}|0x1ef00a40
15:29:28.0 (145684900)|HEAP_ALLOCATE|[124]|Bytes:5
15:29:28.0 (145709498)|VARIABLE_SCOPE_BEGIN|[124]|s|Student__c|true|false
15:29:28.0 (145988313)|VARIABLE_ASSIGNMENT|[124]|s|{"LastModifiedDate":"2019-06-06T08:29:28.000Z","StudentId__c":"HS100151","IsDeleted":false,"Score1__c":4.00,"Score2__c":7.00,"Gender__c":true,"Score3__c":9.00,"Class__c":"a0H0o00000fKa7PEAS","Name":"truong vy 1","SystemModstamp":"2019-06-06T08:29:28.000Z","AverageScore__c":6.67,"CreatedById":"0050o00000WkyGGAAZ","Birthday__c":"2011-03-21T00:00:00.000Z","Namel__c":"truong","CreatedDate":"2019-06-06T08:29:28.000Z","Id":"a0I0o000019bWkeEAE","LastModifiedById":"0050o00000WkyGGAAZ","State__c":"Passed","Namef__c":"vy 1"}|0xd95fa05
15:29:28.0 (146010724)|STATEMENT_EXECUTE|[125]
15:29:28.0 (146067222)|HEAP_ALLOCATE|[127]|Bytes:6
15:29:28.0 (146133708)|STATEMENT_EXECUTE|[128]
15:29:28.0 (146174911)|STATEMENT_EXECUTE|[134]
15:29:28.0 (146178058)|STATEMENT_EXECUTE|[135]
15:29:28.0 (146210294)|HEAP_ALLOCATE|[135]|Bytes:4
15:29:28.0 (146221842)|HEAP_ALLOCATE|[EXTERNAL]|Bytes:-4
15:29:28.0 (146244614)|HEAP_ALLOCATE|[124]|Bytes:5
15:29:28.0 (146265750)|VARIABLE_SCOPE_BEGIN|[124]|s|Student__c|true|false
15:29:28.0 (146574355)|VARIABLE_ASSIGNMENT|[124]|s|{"LastModifiedDate":"2019-06-06T08:29:28.000Z","StudentId__c":"HS100152","IsDeleted":false,"Score1__c":4.00,"Score2__c":7.00,"Gender__c":true,"Score3__c":9.00,"Class__c":"a0H0o00000fKa7PEAS","Name":"truong vy 2","SystemModstamp":"2019-06-06T08:29:28.000Z","AverageScore__c":6.67,"CreatedById":"0050o00000WkyGGAAZ","Birthday__c":"2011-03-21T00:00:00.000Z","Namel__c":"truong","CreatedDate":"2019-06-06T08:29:28.000Z","Id":"a0I0o000019bWkfEAE","LastModifiedById":"0050o00000WkyGGAAZ","State__c":"Passed","Namef__c":"vy 2"}|0x5a00da6b
15:29:28.0 (146596468)|STATEMENT_EXECUTE|[125]
15:29:28.0 (146632920)|STATEMENT_EXECUTE|[128]
15:29:28.0 (146653396)|STATEMENT_EXECUTE|[130]
15:29:28.0 (146655954)|STATEMENT_EXECUTE|[131]
15:29:28.0 (146706904)|HEAP_ALLOCATE|[131]|Bytes:4
15:29:28.0 (146753511)|HEAP_ALLOCATE|[124]|Bytes:5
15:29:28.0 (146778599)|VARIABLE_SCOPE_BEGIN|[124]|s|Student__c|true|false
15:29:28.0 (147097540)|VARIABLE_ASSIGNMENT|[124]|s|{"LastModifiedDate":"2019-06-06T08:29:28.000Z","StudentId__c":"HS100153","IsDeleted":false,"Score1__c":4.00,"Score2__c":7.00,"Gender__c":true,"Score3__c":9.00,"Class__c":"a0H0o00000fKa7PEAS","Name":"truong vy 3","SystemModstamp":"2019-06-06T08:29:28.000Z","AverageScore__c":6.67,"CreatedById":"0050o00000WkyGGAAZ","Birthday__c":"2011-03-21T00:00:00.000Z","Namel__c":"truong","CreatedDate":"2019-06-06T08:29:28.000Z","Id":"a0I0o000019bWkgEAE","LastModifiedById":"0050o00000WkyGGAAZ","State__c":"Passed","Namef__c":"vy 3"}|0x62765458
15:29:28.0 (147119885)|STATEMENT_EXECUTE|[125]
15:29:28.0 (147155671)|STATEMENT_EXECUTE|[128]
15:29:28.0 (147174733)|STATEMENT_EXECUTE|[130]
15:29:28.0 (147177082)|STATEMENT_EXECUTE|[131]
15:29:28.0 (147199030)|HEAP_ALLOCATE|[131]|Bytes:4
15:29:28.0 (147224917)|HEAP_ALLOCATE|[124]|Bytes:5
15:29:28.0 (147245866)|VARIABLE_SCOPE_BEGIN|[124]|s|Student__c|true|false
15:29:28.0 (147568317)|VARIABLE_ASSIGNMENT|[124]|s|{"LastModifiedDate":"2019-06-06T08:29:28.000Z","StudentId__c":"HS100154","IsDeleted":false,"Score1__c":4.00,"Score2__c":7.00,"Gender__c":true,"Score3__c":0.00,"Class__c":"a0H0o00000fKa7PEAS","Name":"truong vy 4","SystemModstamp":"2019-06-06T08:29:28.000Z","AverageScore__c":3.67,"CreatedById":"0050o00000WkyGGAAZ","Birthday__c":"2011-03-21T00:00:00.000Z","Namel__c":"truong","CreatedDate":"2019-06-06T08:29:28.000Z","Id":"a0I0o000019bWkhEAE","LastModifiedById":"0050o00000WkyGGAAZ","State__c":"Failed","Namef__c":"vy 4"}|0x74e3d009
15:29:28.0 (147590607)|STATEMENT_EXECUTE|[125]
15:29:28.0 (147626185)|STATEMENT_EXECUTE|[140]
15:29:28.0 (147667581)|STATEMENT_EXECUTE|[146]
15:29:28.0 (147670397)|STATEMENT_EXECUTE|[147]
15:29:28.0 (147701813)|HEAP_ALLOCATE|[147]|Bytes:4
15:29:28.0 (147712314)|HEAP_ALLOCATE|[EXTERNAL]|Bytes:-4
15:29:28.0 (147734001)|HEAP_ALLOCATE|[124]|Bytes:5
15:29:28.0 (147757134)|VARIABLE_SCOPE_BEGIN|[124]|s|Student__c|true|false
15:29:28.0 (148050755)|VARIABLE_ASSIGNMENT|[124]|s|{"LastModifiedDate":"2019-06-06T08:29:28.000Z","StudentId__c":"HS100155","IsDeleted":false,"Score1__c":4.00,"Score2__c":0.00,"Gender__c":true,"Score3__c":9.00,"Class__c":"a0H0o00000fKa7PEAS","Name":"truong vy 5","SystemModstamp":"2019-06-06T08:29:28.000Z","AverageScore__c":4.33,"CreatedById":"0050o00000WkyGGAAZ","Birthday__c":"2011-03-21T00:00:00.000Z","Namel__c":"truong","CreatedDate":"2019-06-06T08:29:28.000Z","Id":"a0I0o000019bWkiEAE","LastModifiedById":"0050o00000WkyGGAAZ","State__c":"Failed","Namef__c":"vy 5"}|0x56044942
15:29:28.0 (148071911)|STATEMENT_EXECUTE|[125]
15:29:28.0 (148108651)|STATEMENT_EXECUTE|[140]
15:29:28.0 (148126658)|STATEMENT_EXECUTE|[142]
15:29:28.0 (148128975)|STATEMENT_EXECUTE|[143]
15:29:28.0 (148177874)|HEAP_ALLOCATE|[143]|Bytes:4
15:29:28.0 (148205200)|HEAP_ALLOCATE|[124]|Bytes:5
15:29:28.0 (148223263)|VARIABLE_ASSIGNMENT|[124]|s|null|
15:29:28.0 (148233731)|STATEMENT_EXECUTE|[151]
15:29:28.0 (148238359)|HEAP_ALLOCATE|[151]|Bytes:77
15:29:28.0 (148276899)|HEAP_ALLOCATE|[151]|Bytes:4
15:29:28.0 (148607137)|SOQL_EXECUTE_BEGIN|[151]|Aggregations:0|SELECT id, NumberOfFailedStudents__c, NumberOfPassedStudents__c FROM Class__c
15:29:28.0 (152391133)|SOQL_EXECUTE_END|[151]|Rows:4
15:29:28.0 (152435102)|HEAP_ALLOCATE|[151]|Bytes:20
15:29:28.0 (152470599)|HEAP_ALLOCATE|[151]|Bytes:636
15:29:28.0 (152527730)|HEAP_ALLOCATE|[151]|Bytes:20
15:29:28.0 (152549993)|VARIABLE_SCOPE_BEGIN|[151]|classList|List<Class__c>|true|false
15:29:28.0 (152616862)|VARIABLE_ASSIGNMENT|[151]|classList|[{"Id":"a0H0o00000fKa7OEAS","NumberOfFailedStudents__c":0,"NumberOfPassedStudents__c":0},{"Id":"a0H0o00000fKa7PEAS","NumberOfFailedStudents__c":0,"NumberOfPassedStudents__c":0},{"Id":"a0H0o00000fKa7QEAS","NumberOfFailedStudents__c":0,"NumberOfPassedStudents__c":0},{"Id":"a0H0o00000fKa7REAS","NumberOfFailedStudents__c":0,"NumberOfPassedStudents__c":0}]|0x5e91f8b2
15:29:28.0 (152708039)|HEAP_ALLOCATE|[153]|Bytes:5
15:29:28.0 (152734695)|HEAP_ALLOCATE|[153]|Bytes:16
15:29:28.0 (152750573)|VARIABLE_SCOPE_BEGIN|[153]|c|Class__c|true|false
15:29:28.0 (152776757)|VARIABLE_ASSIGNMENT|[153]|c|{"Id":"a0H0o00000fKa7OEAS","NumberOfFailedStudents__c":0,"NumberOfPassedStudents__c":0}|0xc1a0fdb
15:29:28.0 (152790493)|STATEMENT_EXECUTE|[154]
15:29:28.0 (152859030)|STATEMENT_EXECUTE|[156]
15:29:28.0 (152891276)|STATEMENT_EXECUTE|[172]
15:29:28.0 (152906482)|HEAP_ALLOCATE|[153]|Bytes:5
15:29:28.0 (152924120)|HEAP_ALLOCATE|[153]|Bytes:16
15:29:28.0 (152933670)|VARIABLE_SCOPE_BEGIN|[153]|c|Class__c|true|false
15:29:28.0 (152956359)|VARIABLE_ASSIGNMENT|[153]|c|{"Id":"a0H0o00000fKa7PEAS","NumberOfFailedStudents__c":0,"NumberOfPassedStudents__c":0}|0x51079d0e
15:29:28.0 (152965754)|STATEMENT_EXECUTE|[154]
15:29:28.0 (152988540)|STATEMENT_EXECUTE|[157]
15:29:28.0 (153041086)|STATEMENT_EXECUTE|[160]
15:29:28.0 (153044639)|STATEMENT_EXECUTE|[161]
15:29:28.0 (153108408)|HEAP_ALLOCATE|[161]|Bytes:28
15:29:28.0 (153170731)|HEAP_ALLOCATE|[161]|Bytes:28
15:29:28.0 (153177709)|HEAP_ALLOCATE|[161]|Bytes:28
15:29:28.0 (153212081)|HEAP_ALLOCATE|[161]|Bytes:28
15:29:28.0 (153218495)|HEAP_ALLOCATE|[161]|Bytes:28
15:29:28.0 (153306650)|VARIABLE_ASSIGNMENT|[161]|this.NumberOfFailedStudents__c|2|0x51079d0e
15:29:28.0 (153319059)|STATEMENT_EXECUTE|[168]
15:29:28.0 (153376846)|HEAP_ALLOCATE|[168]|Bytes:8
15:29:28.0 (153401123)|DML_BEGIN|[168]|Op:Update|Type:Class__c|Rows:1
15:29:28.0 (153442908)|HEAP_ALLOCATE|[EXTERNAL]|Bytes:8
15:29:28.0 (165776427)|DML_END|[168]
15:29:28.0 (165802457)|STATEMENT_EXECUTE|[169]
15:29:28.0 (165929592)|STATEMENT_EXECUTE|[173]
15:29:28.0 (165986707)|STATEMENT_EXECUTE|[176]
15:29:28.0 (165989965)|STATEMENT_EXECUTE|[177]
15:29:28.0 (166058837)|HEAP_ALLOCATE|[177]|Bytes:28
15:29:28.0 (166125983)|HEAP_ALLOCATE|[177]|Bytes:28
15:29:28.0 (166134164)|HEAP_ALLOCATE|[177]|Bytes:28
15:29:28.0 (166171124)|HEAP_ALLOCATE|[177]|Bytes:28
15:29:28.0 (166177910)|HEAP_ALLOCATE|[177]|Bytes:28
15:29:28.0 (166278690)|VARIABLE_ASSIGNMENT|[177]|this.NumberOfPassedStudents__c|3|0x51079d0e
15:29:28.0 (166291425)|STATEMENT_EXECUTE|[184]
15:29:28.0 (166319529)|HEAP_ALLOCATE|[184]|Bytes:8
15:29:28.0 (166341717)|DML_BEGIN|[184]|Op:Update|Type:Class__c|Rows:1
15:29:28.0 (166387630)|HEAP_ALLOCATE|[EXTERNAL]|Bytes:8
15:29:28.0 (177590401)|DML_END|[184]
15:29:28.0 (177645858)|STATEMENT_EXECUTE|[185]
15:29:28.0 (177803959)|HEAP_ALLOCATE|[153]|Bytes:5
15:29:28.0 (177841527)|HEAP_ALLOCATE|[153]|Bytes:16
15:29:28.0 (177859747)|VARIABLE_SCOPE_BEGIN|[153]|c|Class__c|true|false
15:29:28.0 (177903984)|VARIABLE_ASSIGNMENT|[153]|c|{"Id":"a0H0o00000fKa7QEAS","NumberOfFailedStudents__c":0,"NumberOfPassedStudents__c":0}|0x798ed802
15:29:28.0 (177915451)|STATEMENT_EXECUTE|[154]
15:29:28.0 (177942125)|STATEMENT_EXECUTE|[156]
15:29:28.0 (177954842)|STATEMENT_EXECUTE|[172]
15:29:28.0 (177965999)|HEAP_ALLOCATE|[153]|Bytes:5
15:29:28.0 (177981319)|HEAP_ALLOCATE|[153]|Bytes:16
15:29:28.0 (177989864)|VARIABLE_SCOPE_BEGIN|[153]|c|Class__c|true|false
15:29:28.0 (178011950)|VARIABLE_ASSIGNMENT|[153]|c|{"Id":"a0H0o00000fKa7REAS","NumberOfFailedStudents__c":0,"NumberOfPassedStudents__c":0}|0x2b2d7574
15:29:28.0 (178020989)|STATEMENT_EXECUTE|[154]
15:29:28.0 (178037485)|STATEMENT_EXECUTE|[156]
15:29:28.0 (178048568)|STATEMENT_EXECUTE|[172]
15:29:28.0 (178058542)|HEAP_ALLOCATE|[153]|Bytes:5
15:29:28.0 (178074620)|VARIABLE_ASSIGNMENT|[153]|c|null|
15:29:28.0 (178098594)|METHOD_EXIT|[52]|01p0o00000GMOB6|TriggerHandle.executeNOFAPStudentsUpdate(List<Student__c>, String)
15:29:28.0 (178110623)|SYSTEM_MODE_EXIT|false
15:29:28.0 (178122788)|METHOD_EXIT|[20]|01p0o00000GMOB6|TriggerHandle.onAfterInsert(List<Student__c>)
15:29:28.178 (178140610)|CUMULATIVE_LIMIT_USAGE
15:29:28.178 (178140610)|LIMIT_USAGE_FOR_NS|(default)|
  Number of SOQL queries: 3 out of 100
  Number of query rows: 9 out of 50000
  Number of SOSL queries: 0 out of 20
  Number of DML statements: 6 out of 150
  Number of DML rows: 13 out of 10000
  Maximum CPU time: 0 out of 10000
  Maximum heap size: 0 out of 6000000
  Number of callouts: 0 out of 100
  Number of Email Invocations: 0 out of 10
  Number of future calls: 0 out of 50
  Number of queueable jobs added to the queue: 0 out of 50
  Number of Mobile Apex push calls: 0 out of 10

15:29:28.178 (178140610)|CUMULATIVE_LIMIT_USAGE_END

15:29:28.0 (179536530)|CODE_UNIT_FINISHED|triggerStudent on Student trigger event AfterInsert|__sfdc_trigger/triggerStudent
15:29:28.0 (180816611)|DML_END|[64]
15:29:28.0 (180865825)|HEAP_ALLOCATE|[EXTERNAL]|Bytes:24
15:29:28.180 (180891132)|CUMULATIVE_LIMIT_USAGE
15:29:28.180 (180891132)|LIMIT_USAGE_FOR_NS|(default)|
  Number of SOQL queries: 3 out of 100
  Number of query rows: 9 out of 50000
  Number of SOSL queries: 0 out of 20
  Number of DML statements: 6 out of 150
  Number of DML rows: 13 out of 10000
  Maximum CPU time: 0 out of 10000
  Maximum heap size: 0 out of 6000000
  Number of callouts: 0 out of 100
  Number of Email Invocations: 0 out of 10
  Number of future calls: 0 out of 50
  Number of queueable jobs added to the queue: 0 out of 50
  Number of Mobile Apex push calls: 0 out of 10

15:29:28.180 (180891132)|CUMULATIVE_LIMIT_USAGE_END

15:29:28.0 (180933817)|CODE_UNIT_FINISHED|Controller_test.setup()
15:29:28.0 (181897013)|EXECUTION_FINISHED
15:29:28.191 (191216035)|USER_INFO|[EXTERNAL]|0050o00000WkyGG|ttvy@keizu.co.jp|Indochina Time|GMT+07:00
15:29:28.191 (191248353)|EXECUTION_STARTED
15:29:28.191 (191254824)|CODE_UNIT_STARTED|[EXTERNAL]|01p0o00000GMbcn|Controller_test.testGetStudent()
15:29:28.191 (191481895)|HEAP_ALLOCATE|[72]|Bytes:3
15:29:28.191 (191539261)|HEAP_ALLOCATE|[77]|Bytes:152
15:29:28.191 (191563057)|HEAP_ALLOCATE|[342]|Bytes:408
15:29:28.191 (191585878)|HEAP_ALLOCATE|[355]|Bytes:408
15:29:28.191 (191607411)|HEAP_ALLOCATE|[467]|Bytes:48
15:29:28.191 (191653552)|HEAP_ALLOCATE|[139]|Bytes:6
15:29:28.191 (191685070)|HEAP_ALLOCATE|[EXTERNAL]|Bytes:261
15:29:28.191 (191701887)|METHOD_ENTRY|[2]|01p0o00000GMbcn|Controller_test.Controller_test()
15:29:28.191 (191710979)|STATEMENT_EXECUTE|[2]
15:29:28.191 (191717937)|STATEMENT_EXECUTE|[2]
15:29:28.191 (191724651)|METHOD_EXIT|[2]|Controller_test
15:29:28.191 (191760500)|HEAP_ALLOCATE|[50]|Bytes:5
15:29:28.191 (191793248)|HEAP_ALLOCATE|[56]|Bytes:5
15:29:28.191 (191806921)|HEAP_ALLOCATE|[64]|Bytes:7
15:29:28.191 (191857830)|STATEMENT_EXECUTE|[87]
15:29:28.191 (191861409)|STATEMENT_EXECUTE|[88]
15:29:28.191 (194926398)|HEAP_ALLOCATE|[88]|Bytes:23
15:29:28.191 (194944738)|HEAP_ALLOCATE|[88]|Bytes:260
15:29:28.191 (194952322)|HEAP_ALLOCATE|[88]|Bytes:55
15:29:28.191 (194974296)|METHOD_ENTRY|[1]|01p0o00000GLKhZ|Controller.Controller()
15:29:28.191 (194983587)|STATEMENT_EXECUTE|[1]
15:29:28.191 (194990164)|STATEMENT_EXECUTE|[1]
15:29:28.191 (195439940)|SYSTEM_MODE_ENTER|false
15:29:28.191 (195466975)|HEAP_ALLOCATE|[88]|Bytes:5
15:29:28.191 (195477989)|STATEMENT_EXECUTE|[16]
15:29:28.191 (195480870)|STATEMENT_EXECUTE|[32]
15:29:28.191 (195488460)|SYSTEM_MODE_EXIT|false
15:29:28.191 (195502947)|METHOD_EXIT|[1]|Controller
15:29:28.191 (197819164)|HEAP_ALLOCATE|[88]|Bytes:36
15:29:28.191 (197850432)|CONSTRUCTOR_ENTRY|[88]|01p0o00000GLKhZ|<init>()|Controller
15:29:28.191 (197899475)|VARIABLE_SCOPE_BEGIN|[11]|this|Controller|true|false
15:29:28.191 (198002803)|VARIABLE_ASSIGNMENT|[11]|this|{}|0x1133642d
15:29:28.191 (198409969)|SYSTEM_MODE_ENTER|false
15:29:28.191 (198425615)|HEAP_ALLOCATE|[12]|Bytes:5
15:29:28.191 (198435451)|STATEMENT_EXECUTE|[1]
15:29:28.191 (198442251)|HEAP_ALLOCATE|[12]|Bytes:5
15:29:28.191 (198447875)|STATEMENT_EXECUTE|[2]
15:29:28.191 (198450750)|STATEMENT_EXECUTE|[3]
15:29:28.191 (198452770)|STATEMENT_EXECUTE|[4]
15:29:28.191 (198454722)|STATEMENT_EXECUTE|[5]
15:29:28.191 (198456722)|STATEMENT_EXECUTE|[6]
15:29:28.191 (198458784)|STATEMENT_EXECUTE|[7]
15:29:28.191 (198460870)|STATEMENT_EXECUTE|[8]
15:29:28.191 (198463064)|STATEMENT_EXECUTE|[9]
15:29:28.191 (198478383)|HEAP_ALLOCATE|[12]|Bytes:6
15:29:28.191 (198519236)|STATEMENT_EXECUTE|[11]
15:29:28.191 (198522612)|STATEMENT_EXECUTE|[12]
15:29:28.191 (198554220)|HEAP_ALLOCATE|[12]|Bytes:4
15:29:28.191 (198738816)|VARIABLE_ASSIGNMENT|[EXTERNAL]|this|{}|0x1133642d
15:29:28.191 (198763559)|VARIABLE_ASSIGNMENT|[EXTERNAL]|value|{}|0x6b34758a
15:29:28.191 (198787141)|VARIABLE_ASSIGNMENT|[9]|this.student|{}|0x1133642d
15:29:28.191 (198805070)|STATEMENT_EXECUTE|[13]
15:29:28.191 (198812748)|HEAP_ALLOCATE|[13]|Bytes:184
15:29:28.191 (198823512)|HEAP_ALLOCATE|[13]|Bytes:17
15:29:28.191 (198841336)|HEAP_ALLOCATE|[13]|Bytes:24
15:29:28.191 (198862351)|CONSTRUCTOR_ENTRY|[13]|01p0o00000GLKhZ|<init>()|Controller.KeySearchDTO
15:29:28.191 (198898629)|VARIABLE_SCOPE_BEGIN|[23]|this|Controller.KeySearchDTO|true|false
15:29:28.191 (198946946)|VARIABLE_ASSIGNMENT|[23]|this|{}|0x13a6744f
15:29:28.191 (198958605)|STATEMENT_EXECUTE|[16]
15:29:28.191 (198961004)|STATEMENT_EXECUTE|[17]
15:29:28.191 (198963111)|STATEMENT_EXECUTE|[18]
15:29:28.191 (198965035)|STATEMENT_EXECUTE|[19]
15:29:28.191 (198966895)|STATEMENT_EXECUTE|[20]
15:29:28.191 (198968776)|STATEMENT_EXECUTE|[21]
15:29:28.191 (198986691)|STATEMENT_EXECUTE|[23]
15:29:28.191 (198989344)|STATEMENT_EXECUTE|[24]
15:29:28.191 (199012322)|HEAP_ALLOCATE|[24]|Bytes:4
15:29:28.191 (199110865)|VARIABLE_ASSIGNMENT|[EXTERNAL]|this|{}|0x13a6744f
15:29:28.191 (199130202)|VARIABLE_ASSIGNMENT|[EXTERNAL]|value|{}|0x7e1cef72
15:29:28.191 (199147114)|VARIABLE_ASSIGNMENT|[21]|this.objStudentFrom|{}|0x13a6744f
15:29:28.191 (199162428)|STATEMENT_EXECUTE|[25]
15:29:28.191 (199182366)|HEAP_ALLOCATE|[25]|Bytes:4
15:29:28.191 (199259756)|VARIABLE_ASSIGNMENT|[EXTERNAL]|this|{"objStudentFrom":"0x7e1cef72"}|0x13a6744f
15:29:28.191 (199277761)|VARIABLE_ASSIGNMENT|[EXTERNAL]|value|{}|0x337f22ca
15:29:28.191 (199293151)|VARIABLE_ASSIGNMENT|[20]|this.objStudentTo|{}|0x13a6744f
15:29:28.191 (199306474)|STATEMENT_EXECUTE|[26]
15:29:28.191 (199365448)|VARIABLE_ASSIGNMENT|[EXTERNAL]|this|{"objStudentFrom":"0x7e1cef72","objStudentTo":"0x337f22ca"}|0x13a6744f
15:29:28.191 (199386323)|VARIABLE_ASSIGNMENT|[EXTERNAL]|value|false
15:29:28.191 (199396524)|HEAP_ALLOCATE|[17]|Bytes:5
15:29:28.191 (199407538)|VARIABLE_ASSIGNMENT|[17]|this.increasing|false|0x13a6744f
15:29:28.191 (199427891)|STATEMENT_EXECUTE|[27]
15:29:28.191 (199449730)|HEAP_ALLOCATE|[27]|Bytes:4
15:29:28.191 (199526681)|VARIABLE_ASSIGNMENT|[EXTERNAL]|this|{"increasing":false,"objStudentFrom":"0x7e1cef72","objStudentTo":"0x337f22ca"}|0x13a6744f
15:29:28.191 (199544979)|VARIABLE_ASSIGNMENT|[EXTERNAL]|value|{}|0x18836b38
15:29:28.191 (199560570)|VARIABLE_ASSIGNMENT|[18]|this.studentName|{}|0x13a6744f
15:29:28.191 (199573377)|STATEMENT_EXECUTE|[28]
15:29:28.191 (199629977)|VARIABLE_ASSIGNMENT|[EXTERNAL]|this|{"increasing":false,"objStudentFrom":"0x7e1cef72","objStudentTo":"0x337f22ca","studentName":"0x18836b38"}|0x13a6744f
15:29:28.191 (199646946)|VARIABLE_ASSIGNMENT|[EXTERNAL]|value|""
15:29:28.191 (199659916)|VARIABLE_ASSIGNMENT|[19]|this.className|""|0x13a6744f
15:29:28.191 (199676080)|CONSTRUCTOR_EXIT|[13]|01p0o00000GLKhZ|<init>()|Controller.KeySearchDTO
15:29:28.191 (199723227)|VARIABLE_ASSIGNMENT|[EXTERNAL]|this|{"student":"0x6b34758a"}|0x1133642d
15:29:28.191 (199756494)|VARIABLE_ASSIGNMENT|[EXTERNAL]|value|{"className":"","increasing":false,"objStudentFrom":"0x7e1cef72","objStudentTo":"0x337f22ca","studentName":"0x18836b38"}|0x13a6744f
15:29:28.191 (199771166)|VARIABLE_ASSIGNMENT|[3]|this.objKeySearch|0x13a6744f|0x1133642d
15:29:28.191 (199787305)|SYSTEM_MODE_EXIT|false
15:29:28.191 (199797726)|CONSTRUCTOR_EXIT|[88]|01p0o00000GLKhZ|<init>()|Controller
15:29:28.191 (199807166)|VARIABLE_SCOPE_BEGIN|[88]|controller|Controller|true|false
15:29:28.191 (199847540)|VARIABLE_ASSIGNMENT|[88]|controller|{"objKeySearch":"0x13a6744f","student":"0x6b34758a"}|0x1133642d
15:29:28.191 (199857549)|STATEMENT_EXECUTE|[89]
15:29:28.191 (199874384)|HEAP_ALLOCATE|[89]|Bytes:4
15:29:28.191 (199949575)|VARIABLE_SCOPE_BEGIN|[89]|studentComparison|List<Controller.StudentDTO>|true|false
15:29:28.191 (199987664)|HEAP_ALLOCATE|[EXTERNAL]|Bytes:4
15:29:28.191 (200003515)|VARIABLE_ASSIGNMENT|[89]|studentComparison|[]|0x3b6fb689
15:29:28.191 (200013066)|STATEMENT_EXECUTE|[90]
15:29:28.191 (200022440)|HEAP_ALLOCATE|[90]|Bytes:4
15:29:28.191 (200044082)|VARIABLE_SCOPE_BEGIN|[90]|studentQuery|List<Controller.StudentDTO>|true|false
15:29:28.191 (200063467)|HEAP_ALLOCATE|[EXTERNAL]|Bytes:4
15:29:28.191 (200072889)|VARIABLE_ASSIGNMENT|[90]|studentQuery|[]|0x3836d077
15:29:28.191 (200081322)|STATEMENT_EXECUTE|[92]
15:29:28.191 (200140707)|VARIABLE_ASSIGNMENT|[EXTERNAL]|this|{"objKeySearch":"0x13a6744f","student":"0x6b34758a"}|0x1133642d
15:29:28.191 (200192846)|VARIABLE_ASSIGNMENT|[EXTERNAL]|this|{"className":"","increasing":false,"objStudentFrom":"0x7e1cef72","objStudentTo":"0x337f22ca","studentName":"0x18836b38"}|0x13a6744f
15:29:28.191 (200209637)|VARIABLE_ASSIGNMENT|[EXTERNAL]|value|true
15:29:28.191 (200218549)|HEAP_ALLOCATE|[17]|Bytes:5
15:29:28.191 (200228853)|VARIABLE_ASSIGNMENT|[17]|this.increasing|true|0x13a6744f
15:29:28.191 (200241313)|STATEMENT_EXECUTE|[93]
15:29:28.191 (200263147)|HEAP_ALLOCATE|[93]|Bytes:4
15:29:28.191 (200276644)|HEAP_ALLOCATE|[93]|Bytes:3
15:29:28.191 (200370145)|VARIABLE_ASSIGNMENT|[93]|this.Name|"zzz"|0x1f7b07f0
15:29:28.191 (200438906)|VARIABLE_ASSIGNMENT|[EXTERNAL]|this|{"objKeySearch":"0x13a6744f","student":"0x6b34758a"}|0x1133642d
15:29:28.191 (200486611)|VARIABLE_ASSIGNMENT|[EXTERNAL]|this|{"className":"","increasing":true,"objStudentFrom":"0x7e1cef72","objStudentTo":"0x337f22ca","studentName":"0x18836b38"}|0x13a6744f
15:29:28.191 (200504361)|VARIABLE_ASSIGNMENT|[EXTERNAL]|value|{"Name":"zzz"}|0x1f7b07f0
15:29:28.191 (200520056)|VARIABLE_ASSIGNMENT|[18]|this.studentName|{"Name":"zzz"}|0x13a6744f
15:29:28.191 (200533461)|STATEMENT_EXECUTE|[94]
15:29:28.191 (200538374)|HEAP_ALLOCATE|[94]|Bytes:4
15:29:28.191 (200581161)|VARIABLE_ASSIGNMENT|[EXTERNAL]|this|{"objKeySearch":"0x13a6744f","student":"0x6b34758a"}|0x1133642d
15:29:28.191 (200624283)|VARIABLE_ASSIGNMENT|[EXTERNAL]|this|{"className":"","increasing":true,"objStudentFrom":"0x7e1cef72","objStudentTo":"0x337f22ca","studentName":"0x1f7b07f0"}|0x13a6744f
15:29:28.191 (200640029)|VARIABLE_ASSIGNMENT|[EXTERNAL]|value|"Math"
15:29:28.191 (200655143)|VARIABLE_ASSIGNMENT|[19]|this.className|"Math"|0x13a6744f
15:29:28.191 (200670330)|STATEMENT_EXECUTE|[95]
15:29:28.191 (200690753)|HEAP_ALLOCATE|[95]|Bytes:4
15:29:28.191 (200766527)|HEAP_ALLOCATE|[95]|Bytes:4
15:29:28.191 (200910744)|VARIABLE_ASSIGNMENT|[95]|this.Birthday__c|"2000-01-01T00:00:00.000Z"|0x48a906e5
15:29:28.191 (200978980)|VARIABLE_ASSIGNMENT|[EXTERNAL]|this|{"objKeySearch":"0x13a6744f","student":"0x6b34758a"}|0x1133642d
15:29:28.191 (201029101)|VARIABLE_ASSIGNMENT|[EXTERNAL]|this|{"className":"Math","increasing":true,"objStudentFrom":"0x7e1cef72","objStudentTo":"0x337f22ca","studentName":"0x1f7b07f0"}|0x13a6744f
15:29:28.191 (201054623)|VARIABLE_ASSIGNMENT|[EXTERNAL]|value|{"Birthday__c":"2000-01-01T00:00:00.000Z"}|0x48a906e5
15:29:28.191 (201075340)|VARIABLE_ASSIGNMENT|[20]|this.objStudentTo|{"Birthday__c":"2000-01-01T00:00:00.000Z"}|0x13a6744f
15:29:28.191 (201089148)|STATEMENT_EXECUTE|[96]
15:29:28.191 (201110341)|HEAP_ALLOCATE|[96]|Bytes:4
15:29:28.191 (201164791)|HEAP_ALLOCATE|[96]|Bytes:4
15:29:28.191 (201233423)|VARIABLE_ASSIGNMENT|[96]|this.Birthday__c|"2000-01-01T00:00:00.000Z"|0x6ee86cd7
15:29:28.191 (201293616)|VARIABLE_ASSIGNMENT|[EXTERNAL]|this|{"objKeySearch":"0x13a6744f","student":"0x6b34758a"}|0x1133642d
15:29:28.191 (201345031)|VARIABLE_ASSIGNMENT|[EXTERNAL]|this|{"className":"Math","increasing":true,"objStudentFrom":"0x7e1cef72","objStudentTo":"0x48a906e5","studentName":"0x1f7b07f0"}|0x13a6744f
15:29:28.191 (201379653)|VARIABLE_ASSIGNMENT|[EXTERNAL]|value|{"Birthday__c":"2000-01-01T00:00:00.000Z"}|0x6ee86cd7
15:29:28.191 (201404898)|VARIABLE_ASSIGNMENT|[21]|this.objStudentFrom|{"Birthday__c":"2000-01-01T00:00:00.000Z"}|0x13a6744f
15:29:28.191 (201416001)|STATEMENT_EXECUTE|[98]
15:29:28.191 (201467509)|HEAP_ALLOCATE|[98]|Bytes:70
15:29:28.191 (201500750)|SYSTEM_METHOD_ENTRY|[1]|Test.Test()
15:29:28.191 (201506408)|STATEMENT_EXECUTE|[1]
15:29:28.191 (201513256)|SYSTEM_METHOD_EXIT|[1]|Test
15:29:28.191 (201530217)|METHOD_ENTRY|[98]||System.Test.startTest()
15:29:28.191 (203438665)|METHOD_EXIT|[98]||System.Test.startTest()
15:29:28.191 (203449918)|STATEMENT_EXECUTE|[99]
15:29:28.191 (203473230)|METHOD_ENTRY|[99]|01p0o00000GLKhZ|Controller.actionSearch()
15:29:28.191 (203503891)|VARIABLE_SCOPE_BEGIN|[168]|this|Controller|true|false
15:29:28.191 (203540164)|VARIABLE_ASSIGNMENT|[168]|this|{"objKeySearch":"0x13a6744f","student":"0x6b34758a"}|0x1133642d
15:29:28.191 (203920456)|SYSTEM_MODE_ENTER|false
15:29:28.191 (203933328)|HEAP_ALLOCATE|[169]|Bytes:5
15:29:28.191 (203940549)|STATEMENT_EXECUTE|[168]
15:29:28.191 (203942599)|STATEMENT_EXECUTE|[169]
15:29:28.191 (203944076)|STATEMENT_EXECUTE|[169]
15:29:28.191 (203987054)|VARIABLE_ASSIGNMENT|[EXTERNAL]|this|{"objKeySearch":"0x13a6744f","student":"0x6b34758a"}|0x1133642d
15:29:28.191 (204027922)|VARIABLE_ASSIGNMENT|[EXTERNAL]|this|{"className":"Math","increasing":true,"objStudentFrom":"0x6ee86cd7","objStudentTo":"0x48a906e5","studentName":"0x1f7b07f0"}|0x13a6744f
15:29:28.191 (204115959)|STATEMENT_EXECUTE|[170]
15:29:28.191 (204118553)|STATEMENT_EXECUTE|[174]
15:29:28.191 (204127283)|METHOD_ENTRY|[174]|01p0o00000GLKhZ|Controller.getStudent()
15:29:28.191 (204146927)|VARIABLE_SCOPE_BEGIN|[74]|this|Controller|true|false
15:29:28.191 (204194356)|VARIABLE_ASSIGNMENT|[74]|this|{"objKeySearch":"0x13a6744f","student":"0x6b34758a"}|0x1133642d
15:29:28.191 (204213138)|HEAP_ALLOCATE|[75]|Bytes:5
15:29:28.191 (204218899)|STATEMENT_EXECUTE|[74]
15:29:28.191 (204220651)|STATEMENT_EXECUTE|[75]
15:29:28.191 (204223800)|HEAP_ALLOCATE|[75]|Bytes:274
15:29:28.191 (204246007)|HEAP_ALLOCATE|[75]|Bytes:4
15:29:28.191 (204257266)|HEAP_ALLOCATE|[75]|Bytes:7
15:29:28.191 (204291963)|VARIABLE_ASSIGNMENT|[EXTERNAL]|this|{"objKeySearch":"0x13a6744f","student":"0x6b34758a"}|0x1133642d
15:29:28.191 (204324659)|VARIABLE_ASSIGNMENT|[EXTERNAL]|this|{"className":"Math","increasing":true,"objStudentFrom":"0x6ee86cd7","objStudentTo":"0x48a906e5","studentName":"0x1f7b07f0"}|0x13a6744f
15:29:28.191 (204350369)|HEAP_ALLOCATE|[75]|Bytes:7
15:29:28.191 (204386416)|VARIABLE_ASSIGNMENT|[EXTERNAL]|this|{"objKeySearch":"0x13a6744f","student":"0x6b34758a"}|0x1133642d
15:29:28.191 (204419766)|VARIABLE_ASSIGNMENT|[EXTERNAL]|this|{"className":"Math","increasing":true,"objStudentFrom":"0x6ee86cd7","objStudentTo":"0x48a906e5","studentName":"0x1f7b07f0"}|0x13a6744f
15:29:28.191 (204436474)|HEAP_ALLOCATE|[75]|Bytes:7
15:29:28.191 (204464316)|VARIABLE_ASSIGNMENT|[EXTERNAL]|this|{"objKeySearch":"0x13a6744f","student":"0x6b34758a"}|0x1133642d
15:29:28.191 (204494662)|VARIABLE_ASSIGNMENT|[EXTERNAL]|this|{"className":"Math","increasing":true,"objStudentFrom":"0x6ee86cd7","objStudentTo":"0x48a906e5","studentName":"0x1f7b07f0"}|0x13a6744f
15:29:28.191 (204529140)|HEAP_ALLOCATE|[75]|Bytes:7
15:29:28.191 (204561082)|VARIABLE_ASSIGNMENT|[EXTERNAL]|this|{"objKeySearch":"0x13a6744f","student":"0x6b34758a"}|0x1133642d
15:29:28.191 (204591629)|VARIABLE_ASSIGNMENT|[EXTERNAL]|this|{"className":"Math","increasing":true,"objStudentFrom":"0x6ee86cd7","objStudentTo":"0x48a906e5","studentName":"0x1f7b07f0"}|0x13a6744f
15:29:28.191 (205426590)|SOQL_EXECUTE_BEGIN|[75]|Aggregations:0|SELECT Namef__c, Namel__c, Birthday__c, Gender__c, Score1__c, Score2__c, Score3__c, AverageScore__c, State__c, StudentId__c FROM Student__c WHERE (Name LIKE :tmpVar1 OR Class__r.Name LIKE :tmpVar2 OR (Student__c.Birthday__c > :tmpVar3 AND Student__c.Birthday__c < :tmpVar4))
15:29:28.191 (219306900)|SOQL_EXECUTE_END|[75]|Rows:0
15:29:28.191 (219342232)|HEAP_ALLOCATE|[75]|Bytes:4
15:29:28.191 (219369693)|HEAP_ALLOCATE|[75]|Bytes:0
15:29:28.191 (219412734)|HEAP_ALLOCATE|[75]|Bytes:4
15:29:28.191 (219431706)|VARIABLE_SCOPE_BEGIN|[75]|studentGetList|List<Student__c>|true|false
15:29:28.191 (219459600)|VARIABLE_ASSIGNMENT|[75]|studentGetList|[]|0x452f5151
15:29:28.191 (219467883)|STATEMENT_EXECUTE|[90]
15:29:28.191 (219482629)|HEAP_ALLOCATE|[90]|Bytes:4
15:29:28.191 (219524088)|VARIABLE_SCOPE_BEGIN|[90]|result|List<Controller.StudentDTO>|true|false
15:29:28.191 (219542690)|HEAP_ALLOCATE|[EXTERNAL]|Bytes:4
15:29:28.191 (219551938)|VARIABLE_ASSIGNMENT|[90]|result|[]|0xc54ce81
15:29:28.191 (219631486)|HEAP_ALLOCATE|[91]|Bytes:5
15:29:28.191 (219660445)|VARIABLE_ASSIGNMENT|[91]|s|null|
15:29:28.191 (219670916)|STATEMENT_EXECUTE|[91]
15:29:28.191 (219674033)|STATEMENT_EXECUTE|[94]
15:29:28.191 (219763508)|VARIABLE_ASSIGNMENT|[EXTERNAL]|this|{"objKeySearch":"0x13a6744f","student":"0x6b34758a"}|0x1133642d
15:29:28.191 (219834290)|VARIABLE_ASSIGNMENT|[EXTERNAL]|this|{"className":"Math","increasing":true,"objStudentFrom":"0x6ee86cd7","objStudentTo":"0x48a906e5","studentName":"0x1f7b07f0"}|0x13a6744f
15:29:28.191 (219881261)|METHOD_ENTRY|[94]|01p0o00000GLKhZ|Controller.sort(List<Controller.StudentDTO>, Boolean)
15:29:28.191 (219894755)|VARIABLE_SCOPE_BEGIN|[97]|this|Controller|true|false
15:29:28.191 (219933046)|VARIABLE_ASSIGNMENT|[97]|this|{"objKeySearch":"0x13a6744f","student":"0x6b34758a"}|0x1133642d
15:29:28.191 (219944409)|VARIABLE_SCOPE_BEGIN|[97]|l|List<Controller.StudentDTO>|true|false
15:29:28.191 (219958209)|VARIABLE_ASSIGNMENT|[97]|l|[]|0xc54ce81
15:29:28.191 (219966864)|VARIABLE_SCOPE_BEGIN|[97]|increasing|Boolean|false|false
15:29:28.191 (219979234)|VARIABLE_ASSIGNMENT|[97]|increasing|true
15:29:28.191 (220012214)|HEAP_ALLOCATE|[98]|Bytes:5
15:29:28.191 (220021835)|STATEMENT_EXECUTE|[97]
15:29:28.191 (220024344)|STATEMENT_EXECUTE|[98]
15:29:28.191 (220036770)|HEAP_ALLOCATE|[98]|Bytes:4
15:29:28.191 (220065823)|VARIABLE_SCOPE_BEGIN|[98]|result|List<Controller.StudentDTO>|true|false
15:29:28.191 (220090319)|HEAP_ALLOCATE|[EXTERNAL]|Bytes:4
15:29:28.191 (220102770)|VARIABLE_ASSIGNMENT|[98]|result|[]|0x3121d831
15:29:28.191 (220113333)|STATEMENT_EXECUTE|[99]
15:29:28.191 (220152152)|STATEMENT_EXECUTE|[100]
15:29:28.191 (220156038)|STATEMENT_EXECUTE|[126]
15:29:28.191 (220168169)|METHOD_EXIT|[94]|01p0o00000GLKhZ|Controller.sort(List<Controller.StudentDTO>, Boolean)
15:29:28.191 (220188708)|METHOD_EXIT|[174]|01p0o00000GLKhZ|Controller.getStudent()
15:29:28.191 (220256274)|VARIABLE_ASSIGNMENT|[EXTERNAL]|this|{"objKeySearch":"0x13a6744f","student":"0x6b34758a"}|0x1133642d
15:29:28.191 (220275529)|VARIABLE_ASSIGNMENT|[EXTERNAL]|value|[]|0x3121d831
15:29:28.191 (220297284)|VARIABLE_ASSIGNMENT|[2]|this.objStudentList|[]|0x1133642d
15:29:28.191 (220313446)|STATEMENT_EXECUTE|[175]
15:29:28.191 (220320650)|HEAP_ALLOCATE|[175]|Bytes:17
15:29:28.191 (220394644)|VARIABLE_ASSIGNMENT|[EXTERNAL]|this|{"objKeySearch":"0x13a6744f","objStudentList":"0x3121d831","student":"0x6b34758a"}|0x1133642d
15:29:28.191 (220464421)|HEAP_ALLOCATE|[175]|Bytes:1
15:29:28.191 (220494449)|HEAP_ALLOCATE|[175]|Bytes:18
15:29:28.191 (220541634)|VARIABLE_ASSIGNMENT|[EXTERNAL]|this|{"objKeySearch":"0x13a6744f","objStudentList":"0x3121d831","student":"0x6b34758a"}|0x1133642d
15:29:28.191 (220554626)|VARIABLE_ASSIGNMENT|[EXTERNAL]|value|"Total Students : 0"
15:29:28.191 (220565795)|VARIABLE_ASSIGNMENT|[7]|this.sumStudents|"Total Students : 0"|0x1133642d
15:29:28.191 (220583519)|SYSTEM_MODE_EXIT|false
15:29:28.191 (220597910)|METHOD_EXIT|[99]|01p0o00000GLKhZ|Controller.actionSearch()
15:29:28.191 (220607486)|STATEMENT_EXECUTE|[100]
15:29:28.191 (220612663)|HEAP_ALLOCATE|[100]|Bytes:51
15:29:28.191 (220636617)|HEAP_ALLOCATE|[100]|Bytes:4
15:29:28.191 (220887347)|SOQL_EXECUTE_BEGIN|[100]|Aggregations:0|SELECT id FROM Class__c WHERE className__c = 'Math'
15:29:28.191 (225660259)|SOQL_EXECUTE_END|[100]|Rows:1
15:29:28.191 (225691701)|HEAP_ALLOCATE|[100]|Bytes:8
15:29:28.191 (225710632)|HEAP_ALLOCATE|[100]|Bytes:29
15:29:28.191 (225748019)|HEAP_ALLOCATE|[100]|Bytes:8
15:29:28.191 (225763647)|HEAP_ALLOCATE|[100]|Bytes:34
15:29:28.191 (225782107)|HEAP_ALLOCATE|[100]|Bytes:8
15:29:28.191 (225792227)|VARIABLE_SCOPE_BEGIN|[100]|testClass|Class__c|true|false
15:29:28.191 (225818358)|VARIABLE_ASSIGNMENT|[100]|testClass|{"Id":"a0H0o00000fKa7PEAS"}|0x71a75437
15:29:28.191 (225825315)|STATEMENT_EXECUTE|[101]
15:29:28.191 (225842958)|METHOD_ENTRY|[101]||System.Test.stopTest()
15:29:28.191 (226777265)|METHOD_EXIT|[101]||System.Test.stopTest()
15:29:28.191 (226786521)|STATEMENT_EXECUTE|[104]
15:29:28.191 (226853474)|HEAP_ALLOCATE|[104]|Bytes:120
15:29:28.191 (226862484)|HEAP_ALLOCATE|[104]|Bytes:11
15:29:28.191 (226880272)|HEAP_ALLOCATE|[104]|Bytes:12
15:29:28.191 (226904505)|HEAP_ALLOCATE|[104]|Bytes:4
15:29:28.191 (226917513)|HEAP_ALLOCATE|[104]|Bytes:11
15:29:28.191 (226974928)|VARIABLE_ASSIGNMENT|[104]|this.Name|"truong vy 5"|0xea65d2e
15:29:28.191 (226983985)|HEAP_ALLOCATE|[105]|Bytes:4
15:29:28.191 (227016972)|VARIABLE_ASSIGNMENT|[104]|this.Namef__c|"vy 5"|0xea65d2e
15:29:28.191 (227026344)|HEAP_ALLOCATE|[106]|Bytes:6
15:29:28.191 (227053731)|VARIABLE_ASSIGNMENT|[104]|this.Namel__c|"truong"|0xea65d2e
15:29:28.191 (227082341)|VARIABLE_ASSIGNMENT|[104]|this.Gender__c|true|0xea65d2e
15:29:28.191 (227148522)|HEAP_ALLOCATE|[108]|Bytes:4
15:29:28.191 (227209849)|VARIABLE_ASSIGNMENT|[104]|this.Birthday__c|"2011-03-21T00:00:00.000Z"|0xea65d2e
15:29:28.191 (227249610)|HEAP_ALLOCATE|[104]|Bytes:28
15:29:28.191 (227254650)|HEAP_ALLOCATE|[104]|Bytes:28
15:29:28.191 (227288503)|VARIABLE_ASSIGNMENT|[104]|this.Score1__c|4|0xea65d2e
15:29:28.191 (227301389)|HEAP_ALLOCATE|[104]|Bytes:28
15:29:28.191 (227305474)|HEAP_ALLOCATE|[104]|Bytes:28
15:29:28.191 (227331858)|VARIABLE_ASSIGNMENT|[104]|this.Score2__c|0|0xea65d2e
15:29:28.191 (227343001)|HEAP_ALLOCATE|[104]|Bytes:28
15:29:28.191 (227347162)|HEAP_ALLOCATE|[104]|Bytes:28
15:29:28.191 (227381908)|VARIABLE_ASSIGNMENT|[104]|this.Score3__c|9|0xea65d2e
15:29:28.191 (227448833)|VARIABLE_ASSIGNMENT|[104]|this.Class__c|"a0H0o00000fKa7PEAS"|0xea65d2e
15:29:28.191 (227497273)|CONSTRUCTOR_ENTRY|[104]|01p0o00000GLKhZ|<init>(Student__c)|Controller.StudentDTO
15:29:28.191 (227525826)|VARIABLE_SCOPE_BEGIN|[35]|this|Controller.StudentDTO|true|false
15:29:28.191 (227560492)|VARIABLE_ASSIGNMENT|[35]|this|{}|0x60b8fa07
15:29:28.191 (227568607)|VARIABLE_SCOPE_BEGIN|[35]|s|Student__c|true|false
15:29:28.191 (227597702)|VARIABLE_ASSIGNMENT|[35]|s|{"Name":"truong vy 5","Namef__c":"vy 5","Namel__c":"truong","Gender__c":true,"Birthday__c":"2011-03-21T00:00:00.000Z","Score1__c":4,"Score2__c":0,"Score3__c":9,"Class__c":"a0H0o00000fKa7PEAS"}|0xea65d2e
15:29:28.191 (227608097)|STATEMENT_EXECUTE|[32]
15:29:28.191 (227610105)|STATEMENT_EXECUTE|[33]
15:29:28.191 (227611721)|STATEMENT_EXECUTE|[34]
15:29:28.191 (227627767)|STATEMENT_EXECUTE|[35]
15:29:28.191 (227629343)|STATEMENT_EXECUTE|[36]
15:29:28.191 (227688469)|VARIABLE_ASSIGNMENT|[EXTERNAL]|this|{}|0x60b8fa07
15:29:28.191 (227718283)|VARIABLE_ASSIGNMENT|[EXTERNAL]|value|{"Name":"truong vy 5","Namef__c":"vy 5","Namel__c":"truong","Gender__c":true,"Birthday__c":"2011-03-21T00:00:00.000Z","Score1__c":4,"Score2__c":0,"Score3__c":9,"Class__c":"a0H0o00000fKa7PEAS"}|0xea65d2e
15:29:28.191 (227745586)|VARIABLE_ASSIGNMENT|[33]|this.student|{"Name":"truong vy 5","Namef__c":"vy 5","Namel__c":"truong","Gender__c":true,"Birthday__c":"2011-03-21T00:00:00.000Z","Score1__c":4,"Score2__c":0,"Score3__c":9,"Class__c":"a0H0o00000fKa7PEAS"}|0x60b8fa07
15:29:28.191 (227757975)|STATEMENT_EXECUTE|[37]
15:29:28.191 (227796795)|VARIABLE_ASSIGNMENT|[EXTERNAL]|this|{"student":"0xea65d2e"}|0x60b8fa07
15:29:28.191 (227810187)|VARIABLE_ASSIGNMENT|[EXTERNAL]|value|false
15:29:28.191 (227819841)|HEAP_ALLOCATE|[34]|Bytes:5
15:29:28.191 (227828195)|VARIABLE_ASSIGNMENT|[34]|this.isSelected|false|0x60b8fa07
15:29:28.191 (227840934)|CONSTRUCTOR_EXIT|[104]|01p0o00000GLKhZ|<init>(Student__c)|Controller.StudentDTO
15:29:28.191 (227858770)|HEAP_ALLOCATE|[EXTERNAL]|Bytes:4
15:29:28.191 (227866908)|STATEMENT_EXECUTE|[113]
15:29:28.191 (227872398)|HEAP_ALLOCATE|[113]|Bytes:12
15:29:28.191 (227891850)|HEAP_ALLOCATE|[113]|Bytes:4
15:29:28.191 (227900651)|HEAP_ALLOCATE|[113]|Bytes:11
15:29:28.191 (227941480)|VARIABLE_ASSIGNMENT|[113]|this.Name|"truong vy 4"|0x6573c603
15:29:28.191 (227950105)|HEAP_ALLOCATE|[114]|Bytes:4
15:29:28.191 (227979511)|VARIABLE_ASSIGNMENT|[113]|this.Namef__c|"vy 4"|0x6573c603
15:29:28.191 (228006038)|VARIABLE_ASSIGNMENT|[113]|this.Namel__c|"truong"|0x6573c603
15:29:28.191 (228033049)|VARIABLE_ASSIGNMENT|[113]|this.Gender__c|true|0x6573c603
15:29:28.191 (228075177)|HEAP_ALLOCATE|[117]|Bytes:4
15:29:28.191 (228117587)|VARIABLE_ASSIGNMENT|[113]|this.Birthday__c|"2011-03-21T00:00:00.000Z"|0x6573c603
15:29:28.191 (228133313)|HEAP_ALLOCATE|[113]|Bytes:28
15:29:28.191 (228137528)|HEAP_ALLOCATE|[113]|Bytes:28
15:29:28.191 (228166128)|VARIABLE_ASSIGNMENT|[113]|this.Score1__c|4|0x6573c603
15:29:28.191 (228178461)|HEAP_ALLOCATE|[113]|Bytes:28
15:29:28.191 (228182838)|HEAP_ALLOCATE|[113]|Bytes:28
15:29:28.191 (228208028)|VARIABLE_ASSIGNMENT|[113]|this.Score2__c|7|0x6573c603
15:29:28.191 (228218837)|HEAP_ALLOCATE|[113]|Bytes:28
15:29:28.191 (228223072)|HEAP_ALLOCATE|[113]|Bytes:28
15:29:28.191 (228248439)|VARIABLE_ASSIGNMENT|[113]|this.Score3__c|0|0x6573c603
15:29:28.191 (228291387)|VARIABLE_ASSIGNMENT|[113]|this.Class__c|"a0H0o00000fKa7PEAS"|0x6573c603
15:29:28.191 (228315212)|CONSTRUCTOR_ENTRY|[113]|01p0o00000GLKhZ|<init>(Student__c)|Controller.StudentDTO
15:29:28.191 (228331094)|VARIABLE_SCOPE_BEGIN|[35]|this|Controller.StudentDTO|true|false
15:29:28.191 (228350576)|VARIABLE_ASSIGNMENT|[35]|this|{}|0x407b7a44
15:29:28.191 (228356292)|VARIABLE_SCOPE_BEGIN|[35]|s|Student__c|true|false
15:29:28.191 (228388638)|VARIABLE_ASSIGNMENT|[35]|s|{"Name":"truong vy 4","Namef__c":"vy 4","Namel__c":"truong","Gender__c":true,"Birthday__c":"2011-03-21T00:00:00.000Z","Score1__c":4,"Score2__c":7,"Score3__c":0,"Class__c":"a0H0o00000fKa7PEAS"}|0x6573c603
15:29:28.191 (228396992)|STATEMENT_EXECUTE|[32]
15:29:28.191 (228399016)|STATEMENT_EXECUTE|[33]
15:29:28.191 (228400537)|STATEMENT_EXECUTE|[34]
15:29:28.191 (228412407)|STATEMENT_EXECUTE|[35]
15:29:28.191 (228414007)|STATEMENT_EXECUTE|[36]
15:29:28.191 (228429000)|VARIABLE_ASSIGNMENT|[EXTERNAL]|this|{}|0x407b7a44
15:29:28.191 (228452898)|VARIABLE_ASSIGNMENT|[EXTERNAL]|value|{"Name":"truong vy 4","Namef__c":"vy 4","Namel__c":"truong","Gender__c":true,"Birthday__c":"2011-03-21T00:00:00.000Z","Score1__c":4,"Score2__c":7,"Score3__c":0,"Class__c":"a0H0o00000fKa7PEAS"}|0x6573c603
15:29:28.191 (228476520)|VARIABLE_ASSIGNMENT|[33]|this.student|{"Name":"truong vy 4","Namef__c":"vy 4","Namel__c":"truong","Gender__c":true,"Birthday__c":"2011-03-21T00:00:00.000Z","Score1__c":4,"Score2__c":7,"Score3__c":0,"Class__c":"a0H0o00000fKa7PEAS"}|0x407b7a44
15:29:28.191 (228487365)|STATEMENT_EXECUTE|[37]
15:29:28.191 (228503299)|VARIABLE_ASSIGNMENT|[EXTERNAL]|this|{"student":"0x6573c603"}|0x407b7a44
15:29:28.191 (228514180)|VARIABLE_ASSIGNMENT|[EXTERNAL]|value|false
15:29:28.191 (228519790)|HEAP_ALLOCATE|[34]|Bytes:5
15:29:28.191 (228526488)|VARIABLE_ASSIGNMENT|[34]|this.isSelected|false|0x407b7a44
15:29:28.191 (228538500)|CONSTRUCTOR_EXIT|[113]|01p0o00000GLKhZ|<init>(Student__c)|Controller.StudentDTO
15:29:28.191 (228552913)|HEAP_ALLOCATE|[EXTERNAL]|Bytes:4
15:29:28.191 (228561227)|STATEMENT_EXECUTE|[122]
15:29:28.191 (228566431)|HEAP_ALLOCATE|[122]|Bytes:12
15:29:28.191 (228585030)|HEAP_ALLOCATE|[122]|Bytes:4
15:29:28.191 (228593704)|HEAP_ALLOCATE|[122]|Bytes:11
15:29:28.191 (228629973)|VARIABLE_ASSIGNMENT|[122]|this.Name|"truong vy 3"|0x3bc3ff96
15:29:28.191 (228637708)|HEAP_ALLOCATE|[123]|Bytes:4
15:29:28.191 (228664557)|VARIABLE_ASSIGNMENT|[122]|this.Namef__c|"vy 3"|0x3bc3ff96
15:29:28.191 (228694814)|VARIABLE_ASSIGNMENT|[122]|this.Namel__c|"truong"|0x3bc3ff96
15:29:28.191 (228720922)|VARIABLE_ASSIGNMENT|[122]|this.Gender__c|true|0x3bc3ff96
15:29:28.191 (228762975)|HEAP_ALLOCATE|[126]|Bytes:4
15:29:28.191 (228804996)|VARIABLE_ASSIGNMENT|[122]|this.Birthday__c|"2011-03-21T00:00:00.000Z"|0x3bc3ff96
15:29:28.191 (228819753)|HEAP_ALLOCATE|[122]|Bytes:28
15:29:28.191 (228824167)|HEAP_ALLOCATE|[122]|Bytes:28
15:29:28.191 (228852118)|VARIABLE_ASSIGNMENT|[122]|this.Score1__c|4|0x3bc3ff96
15:29:28.191 (228863412)|HEAP_ALLOCATE|[122]|Bytes:28
15:29:28.191 (228867357)|HEAP_ALLOCATE|[122]|Bytes:28
15:29:28.191 (228893151)|VARIABLE_ASSIGNMENT|[122]|this.Score2__c|7|0x3bc3ff96
15:29:28.191 (228903446)|HEAP_ALLOCATE|[122]|Bytes:28
15:29:28.191 (228907451)|HEAP_ALLOCATE|[122]|Bytes:28
15:29:28.191 (228934273)|VARIABLE_ASSIGNMENT|[122]|this.Score3__c|9|0x3bc3ff96
15:29:28.191 (228978523)|VARIABLE_ASSIGNMENT|[122]|this.Class__c|"a0H0o00000fKa7PEAS"|0x3bc3ff96
15:29:28.191 (229001227)|CONSTRUCTOR_ENTRY|[122]|01p0o00000GLKhZ|<init>(Student__c)|Controller.StudentDTO
15:29:28.191 (229018004)|VARIABLE_SCOPE_BEGIN|[35]|this|Controller.StudentDTO|true|false
15:29:28.191 (229037152)|VARIABLE_ASSIGNMENT|[35]|this|{}|0x3480c831
15:29:28.191 (229043074)|VARIABLE_SCOPE_BEGIN|[35]|s|Student__c|true|false
15:29:28.191 (229067586)|VARIABLE_ASSIGNMENT|[35]|s|{"Name":"truong vy 3","Namef__c":"vy 3","Namel__c":"truong","Gender__c":true,"Birthday__c":"2011-03-21T00:00:00.000Z","Score1__c":4,"Score2__c":7,"Score3__c":9,"Class__c":"a0H0o00000fKa7PEAS"}|0x3bc3ff96
15:29:28.191 (229075656)|STATEMENT_EXECUTE|[32]
15:29:28.191 (229077414)|STATEMENT_EXECUTE|[33]
15:29:28.191 (229079000)|STATEMENT_EXECUTE|[34]
15:29:28.191 (229089826)|STATEMENT_EXECUTE|[35]
15:29:28.191 (229091421)|STATEMENT_EXECUTE|[36]
15:29:28.191 (229105013)|VARIABLE_ASSIGNMENT|[EXTERNAL]|this|{}|0x3480c831
15:29:28.191 (229126562)|VARIABLE_ASSIGNMENT|[EXTERNAL]|value|{"Name":"truong vy 3","Namef__c":"vy 3","Namel__c":"truong","Gender__c":true,"Birthday__c":"2011-03-21T00:00:00.000Z","Score1__c":4,"Score2__c":7,"Score3__c":9,"Class__c":"a0H0o00000fKa7PEAS"}|0x3bc3ff96
15:29:28.191 (229147264)|VARIABLE_ASSIGNMENT|[33]|this.student|{"Name":"truong vy 3","Namef__c":"vy 3","Namel__c":"truong","Gender__c":true,"Birthday__c":"2011-03-21T00:00:00.000Z","Score1__c":4,"Score2__c":7,"Score3__c":9,"Class__c":"a0H0o00000fKa7PEAS"}|0x3480c831
15:29:28.191 (229157646)|STATEMENT_EXECUTE|[37]
15:29:28.191 (229173211)|VARIABLE_ASSIGNMENT|[EXTERNAL]|this|{"student":"0x3bc3ff96"}|0x3480c831
15:29:28.191 (229183444)|VARIABLE_ASSIGNMENT|[EXTERNAL]|value|false
15:29:28.191 (229188872)|HEAP_ALLOCATE|[34]|Bytes:5
15:29:28.191 (229196362)|VARIABLE_ASSIGNMENT|[34]|this.isSelected|false|0x3480c831
15:29:28.191 (229207410)|CONSTRUCTOR_EXIT|[122]|01p0o00000GLKhZ|<init>(Student__c)|Controller.StudentDTO
15:29:28.191 (229223725)|HEAP_ALLOCATE|[EXTERNAL]|Bytes:4
15:29:28.191 (229230071)|STATEMENT_EXECUTE|[131]
15:29:28.191 (229235158)|HEAP_ALLOCATE|[131]|Bytes:12
15:29:28.191 (229252747)|HEAP_ALLOCATE|[131]|Bytes:4
15:29:28.191 (229261421)|HEAP_ALLOCATE|[131]|Bytes:11
15:29:28.191 (229299481)|VARIABLE_ASSIGNMENT|[131]|this.Name|"truong vy 2"|0x109bae78
15:29:28.191 (229307342)|HEAP_ALLOCATE|[132]|Bytes:4
15:29:28.191 (229334218)|VARIABLE_ASSIGNMENT|[131]|this.Namef__c|"vy 2"|0x109bae78
15:29:28.191 (229367382)|VARIABLE_ASSIGNMENT|[131]|this.Namel__c|"truong"|0x109bae78
15:29:28.191 (229396755)|VARIABLE_ASSIGNMENT|[131]|this.Gender__c|true|0x109bae78
15:29:28.191 (229438639)|HEAP_ALLOCATE|[135]|Bytes:4
15:29:28.191 (229481518)|VARIABLE_ASSIGNMENT|[131]|this.Birthday__c|"2011-03-21T00:00:00.000Z"|0x109bae78
15:29:28.191 (229496283)|HEAP_ALLOCATE|[131]|Bytes:28
15:29:28.191 (229500881)|HEAP_ALLOCATE|[131]|Bytes:28
15:29:28.191 (229529042)|VARIABLE_ASSIGNMENT|[131]|this.Score1__c|4|0x109bae78
15:29:28.191 (229539949)|HEAP_ALLOCATE|[131]|Bytes:28
15:29:28.191 (229543859)|HEAP_ALLOCATE|[131]|Bytes:28
15:29:28.191 (229568368)|VARIABLE_ASSIGNMENT|[131]|this.Score2__c|7|0x109bae78
15:29:28.191 (229578699)|HEAP_ALLOCATE|[131]|Bytes:28
15:29:28.191 (229583393)|HEAP_ALLOCATE|[131]|Bytes:28
15:29:28.191 (229607607)|VARIABLE_ASSIGNMENT|[131]|this.Score3__c|9|0x109bae78
15:29:28.191 (229651323)|VARIABLE_ASSIGNMENT|[131]|this.Class__c|"a0H0o00000fKa7PEAS"|0x109bae78
15:29:28.191 (229673218)|CONSTRUCTOR_ENTRY|[131]|01p0o00000GLKhZ|<init>(Student__c)|Controller.StudentDTO
15:29:28.191 (229689427)|VARIABLE_SCOPE_BEGIN|[35]|this|Controller.StudentDTO|true|false
15:29:28.191 (229707731)|VARIABLE_ASSIGNMENT|[35]|this|{}|0x691a1817
15:29:28.191 (229713835)|VARIABLE_SCOPE_BEGIN|[35]|s|Student__c|true|false
15:29:28.191 (229738157)|VARIABLE_ASSIGNMENT|[35]|s|{"Name":"truong vy 2","Namef__c":"vy 2","Namel__c":"truong","Gender__c":true,"Birthday__c":"2011-03-21T00:00:00.000Z","Score1__c":4,"Score2__c":7,"Score3__c":9,"Class__c":"a0H0o00000fKa7PEAS"}|0x109bae78
15:29:28.191 (229745889)|STATEMENT_EXECUTE|[32]
15:29:28.191 (229747618)|STATEMENT_EXECUTE|[33]
15:29:28.191 (229749181)|STATEMENT_EXECUTE|[34]
15:29:28.191 (229759917)|STATEMENT_EXECUTE|[35]
15:29:28.191 (229761594)|STATEMENT_EXECUTE|[36]
15:29:28.191 (229775992)|VARIABLE_ASSIGNMENT|[EXTERNAL]|this|{}|0x691a1817
15:29:28.191 (229798158)|VARIABLE_ASSIGNMENT|[EXTERNAL]|value|{"Name":"truong vy 2","Namef__c":"vy 2","Namel__c":"truong","Gender__c":true,"Birthday__c":"2011-03-21T00:00:00.000Z","Score1__c":4,"Score2__c":7,"Score3__c":9,"Class__c":"a0H0o00000fKa7PEAS"}|0x109bae78
15:29:28.191 (229820835)|VARIABLE_ASSIGNMENT|[33]|this.student|{"Name":"truong vy 2","Namef__c":"vy 2","Namel__c":"truong","Gender__c":true,"Birthday__c":"2011-03-21T00:00:00.000Z","Score1__c":4,"Score2__c":7,"Score3__c":9,"Class__c":"a0H0o00000fKa7PEAS"}|0x691a1817
15:29:28.191 (229831052)|STATEMENT_EXECUTE|[37]
15:29:28.191 (229846983)|VARIABLE_ASSIGNMENT|[EXTERNAL]|this|{"student":"0x109bae78"}|0x691a1817
15:29:28.191 (229856828)|VARIABLE_ASSIGNMENT|[EXTERNAL]|value|false
15:29:28.191 (229862514)|HEAP_ALLOCATE|[34]|Bytes:5
15:29:28.191 (229869155)|VARIABLE_ASSIGNMENT|[34]|this.isSelected|false|0x691a1817
15:29:28.191 (229880732)|CONSTRUCTOR_EXIT|[131]|01p0o00000GLKhZ|<init>(Student__c)|Controller.StudentDTO
15:29:28.191 (229894265)|HEAP_ALLOCATE|[EXTERNAL]|Bytes:4
15:29:28.191 (229900921)|STATEMENT_EXECUTE|[140]
15:29:28.191 (229906125)|HEAP_ALLOCATE|[140]|Bytes:12
15:29:28.191 (229924081)|HEAP_ALLOCATE|[140]|Bytes:4
15:29:28.191 (229932621)|HEAP_ALLOCATE|[140]|Bytes:11
15:29:28.191 (229968038)|VARIABLE_ASSIGNMENT|[140]|this.Name|"truong vy 1"|0x24bf8322
15:29:28.191 (229976168)|HEAP_ALLOCATE|[141]|Bytes:4
15:29:28.191 (230001545)|VARIABLE_ASSIGNMENT|[140]|this.Namef__c|"vy 1"|0x24bf8322
15:29:28.191 (230029538)|VARIABLE_ASSIGNMENT|[140]|this.Namel__c|"truong"|0x24bf8322
15:29:28.191 (230056741)|VARIABLE_ASSIGNMENT|[140]|this.Gender__c|true|0x24bf8322
15:29:28.191 (230098148)|HEAP_ALLOCATE|[144]|Bytes:4
15:29:28.191 (230139647)|VARIABLE_ASSIGNMENT|[140]|this.Birthday__c|"2011-03-21T00:00:00.000Z"|0x24bf8322
15:29:28.191 (230154611)|HEAP_ALLOCATE|[140]|Bytes:28
15:29:28.191 (230158980)|HEAP_ALLOCATE|[140]|Bytes:28
15:29:28.191 (230187991)|VARIABLE_ASSIGNMENT|[140]|this.Score1__c|4|0x24bf8322
15:29:28.191 (230199219)|HEAP_ALLOCATE|[140]|Bytes:28
15:29:28.191 (230203135)|HEAP_ALLOCATE|[140]|Bytes:28
15:29:28.191 (230227943)|VARIABLE_ASSIGNMENT|[140]|this.Score2__c|7|0x24bf8322
15:29:28.191 (230238408)|HEAP_ALLOCATE|[140]|Bytes:28
15:29:28.191 (230242390)|HEAP_ALLOCATE|[140]|Bytes:28
15:29:28.191 (230267719)|VARIABLE_ASSIGNMENT|[140]|this.Score3__c|9|0x24bf8322
15:29:28.191 (230310234)|VARIABLE_ASSIGNMENT|[140]|this.Class__c|"a0H0o00000fKa7PEAS"|0x24bf8322
15:29:28.191 (230332033)|CONSTRUCTOR_ENTRY|[140]|01p0o00000GLKhZ|<init>(Student__c)|Controller.StudentDTO
15:29:28.191 (230347506)|VARIABLE_SCOPE_BEGIN|[35]|this|Controller.StudentDTO|true|false
15:29:28.191 (230370790)|VARIABLE_ASSIGNMENT|[35]|this|{}|0x72b9a3b4
15:29:28.191 (230376872)|VARIABLE_SCOPE_BEGIN|[35]|s|Student__c|true|false
15:29:28.191 (230402168)|VARIABLE_ASSIGNMENT|[35]|s|{"Name":"truong vy 1","Namef__c":"vy 1","Namel__c":"truong","Gender__c":true,"Birthday__c":"2011-03-21T00:00:00.000Z","Score1__c":4,"Score2__c":7,"Score3__c":9,"Class__c":"a0H0o00000fKa7PEAS"}|0x24bf8322
15:29:28.191 (230410108)|STATEMENT_EXECUTE|[32]
15:29:28.191 (230411870)|STATEMENT_EXECUTE|[33]
15:29:28.191 (230413660)|STATEMENT_EXECUTE|[34]
15:29:28.191 (230424365)|STATEMENT_EXECUTE|[35]
15:29:28.191 (230425973)|STATEMENT_EXECUTE|[36]
15:29:28.191 (230440730)|VARIABLE_ASSIGNMENT|[EXTERNAL]|this|{}|0x72b9a3b4
15:29:28.191 (230463545)|VARIABLE_ASSIGNMENT|[EXTERNAL]|value|{"Name":"truong vy 1","Namef__c":"vy 1","Namel__c":"truong","Gender__c":true,"Birthday__c":"2011-03-21T00:00:00.000Z","Score1__c":4,"Score2__c":7,"Score3__c":9,"Class__c":"a0H0o00000fKa7PEAS"}|0x24bf8322
15:29:28.191 (230493030)|VARIABLE_ASSIGNMENT|[33]|this.student|{"Name":"truong vy 1","Namef__c":"vy 1","Namel__c":"truong","Gender__c":true,"Birthday__c":"2011-03-21T00:00:00.000Z","Score1__c":4,"Score2__c":7,"Score3__c":9,"Class__c":"a0H0o00000fKa7PEAS"}|0x72b9a3b4
15:29:28.191 (230502659)|STATEMENT_EXECUTE|[37]
15:29:28.191 (230518631)|VARIABLE_ASSIGNMENT|[EXTERNAL]|this|{"student":"0x24bf8322"}|0x72b9a3b4
15:29:28.191 (230528882)|VARIABLE_ASSIGNMENT|[EXTERNAL]|value|false
15:29:28.191 (230534345)|HEAP_ALLOCATE|[34]|Bytes:5
15:29:28.191 (230541973)|VARIABLE_ASSIGNMENT|[34]|this.isSelected|false|0x72b9a3b4
15:29:28.191 (230552920)|CONSTRUCTOR_EXIT|[140]|01p0o00000GLKhZ|<init>(Student__c)|Controller.StudentDTO
15:29:28.191 (230566740)|HEAP_ALLOCATE|[EXTERNAL]|Bytes:4
15:29:28.191 (230573377)|STATEMENT_EXECUTE|[149]
15:29:28.191 (230605503)|USER_DEBUG|[149]|DEBUG|a0H0o00000fKa7PEAS
15:29:28.191 (230614668)|STATEMENT_EXECUTE|[150]
15:29:28.191 (230658226)|VARIABLE_ASSIGNMENT|[EXTERNAL]|this|{"objKeySearch":"0x13a6744f","objStudentList":"0x3121d831","student":"0x6b34758a","sumStudents":"Total Students : 0"}|0x1133642d
15:29:28.191 (231229696)|EXCEPTION_THROWN|[150]|System.AssertException: Assertion Failed: Expected: (), Actual: (StudentDTO:[isSelected=false, student=Student__c:{Name=truong vy 5, Namef__c=vy 5, Namel__c=truong, Gender__c=true, Birthday__c=2011-03-21 00:00:00, Score1__c=4, Score2__c=0, Score3__c=9, Class__c=a0H0o00000fKa7PEAS}], StudentDTO:[isSelected=false, student=Student__c:{Name=truong vy 4, Namef__c=vy 4, Namel__c=truong, Gender__c=true, Birthday__c=2011-03-21 00:00:00, Score1__c=4, Score2__c=7, Score3__c=0, Class__c=a0H0o00000fKa7PEAS}], StudentDTO:[isSelected=false, student=Student__c:{Name=truong vy 3, Namef__c=vy 3, Namel__c=truong, Gender__c=true, Birthday__c=2011-03-21 00:00:00, Score1__c=4, Score2__c=7, Score3__c=9, Class__c=a0H0o00000fKa7PEAS}], StudentDTO:[isSelected=false, student=Student__c:{Name=truong vy 2, Namef__c=vy 2, Namel__c=truong, Gender__c=true, Birthday__c=2011-03-21 00:00:00, Score1__c=4, Score2__c=7, Score3__c=9, Class__c=a0H0o00000fKa7PEAS}], StudentDTO:[isSelected=false, student=Student__c:{Name=truong vy 1, Namef__c=vy 1, Namel__c=truong, Gender__c=true, Birthday__c=2011-03-21 00:00:00, Score1__c=4, Score2__c=7, Score3__c=9, Class__c=a0H0o00000fKa7PEAS}])
15:29:28.191 (231396123)|HEAP_ALLOCATE|[150]|Bytes:1139
15:29:28.191 (231491486)|FATAL_ERROR|System.AssertException: Assertion Failed: Expected: (), Actual: (StudentDTO:[isSelected=false, student=Student__c:{Name=truong vy 5, Namef__c=vy 5, Namel__c=truong, Gender__c=true, Birthday__c=2011-03-21 00:00:00, Score1__c=4, Score2__c=0, Score3__c=9, Class__c=a0H0o00000fKa7PEAS}], StudentDTO:[isSelected=false, student=Student__c:{Name=truong vy 4, Namef__c=vy 4, Namel__c=truong, Gender__c=true, Birthday__c=2011-03-21 00:00:00, Score1__c=4, Score2__c=7, Score3__c=0, Class__c=a0H0o00000fKa7PEAS}], StudentDTO:[isSelected=false, student=Student__c:{Name=truong vy 3, Namef__c=vy 3, Namel__c=truong, Gender__c=true, Birthday__c=2011-03-21 00:00:00, Score1__c=4, Score2__c=7, Score3__c=9, Class__c=a0H0o00000fKa7PEAS}], StudentDTO:[isSelected=false, student=Student__c:{Name=truong vy 2, Namef__c=vy 2, Namel__c=truong, Gender__c=true, Birthday__c=2011-03-21 00:00:00, Score1__c=4, Score2__c=7, Score3__c=9, Class__c=a0H0o00000fKa7PEAS}], StudentDTO:[isSelected=false, student=Student__c:{Name=truong vy 1, Namef__c=vy 1, Namel__c=truong, Gender__c=true, Birthday__c=2011-03-21 00:00:00, Score1__c=4, Score2__c=7, Score3__c=9, Class__c=a0H0o00000fKa7PEAS}])

Class.Controller_test.testGetStudent: line 150, column 1
15:29:28.191 (231526500)|FATAL_ERROR|System.AssertException: Assertion Failed: Expected: (), Actual: (StudentDTO:[isSelected=false, student=Student__c:{Name=truong vy 5, Namef__c=vy 5, Namel__c=truong, Gender__c=true, Birthday__c=2011-03-21 00:00:00, Score1__c=4, Score2__c=0, Score3__c=9, Class__c=a0H0o00000fKa7PEAS}], StudentDTO:[isSelected=false, student=Student__c:{Name=truong vy 4, Namef__c=vy 4, Namel__c=truong, Gender__c=true, Birthday__c=2011-03-21 00:00:00, Score1__c=4, Score2__c=7, Score3__c=0, Class__c=a0H0o00000fKa7PEAS}], StudentDTO:[isSelected=false, student=Student__c:{Name=truong vy 3, Namef__c=vy 3, Namel__c=truong, Gender__c=true, Birthday__c=2011-03-21 00:00:00, Score1__c=4, Score2__c=7, Score3__c=9, Class__c=a0H0o00000fKa7PEAS}], StudentDTO:[isSelected=false, student=Student__c:{Name=truong vy 2, Namef__c=vy 2, Namel__c=truong, Gender__c=true, Birthday__c=2011-03-21 00:00:00, Score1__c=4, Score2__c=7, Score3__c=9, Class__c=a0H0o00000fKa7PEAS}], StudentDTO:[isSelected=false, student=Student__c:{Name=truong vy 1, Namef__c=vy 1, Namel__c=truong, Gender__c=true, Birthday__c=2011-03-21 00:00:00, Score1__c=4, Score2__c=7, Score3__c=9, Class__c=a0H0o00000fKa7PEAS}])

Class.Controller_test.testGetStudent: line 150, column 1
15:29:28.231 (231544600)|CUMULATIVE_LIMIT_USAGE
15:29:28.231 (231544600)|LIMIT_USAGE_FOR_NS|(default)|
  Number of SOQL queries: 3 out of 100
  Number of query rows: 9 out of 50000
  Number of SOSL queries: 0 out of 20
  Number of DML statements: 6 out of 150
  Number of DML rows: 13 out of 10000
  Maximum CPU time: 0 out of 10000
  Maximum heap size: 0 out of 6000000
  Number of callouts: 0 out of 100
  Number of Email Invocations: 0 out of 10
  Number of future calls: 0 out of 50
  Number of queueable jobs added to the queue: 0 out of 50
  Number of Mobile Apex push calls: 0 out of 10

15:29:28.231 (231544600)|TESTING_LIMITS
15:29:28.231 (231544600)|LIMIT_USAGE_FOR_NS|(default)|
  Number of SOQL queries: 2 out of 100
  Number of query rows: 1 out of 50000
  Number of SOSL queries: 0 out of 20
  Number of DML statements: 0 out of 150
  Number of DML rows: 0 out of 10000
  Maximum CPU time: 0 out of 10000
  Maximum heap size: 0 out of 6000000
  Number of callouts: 0 out of 100
  Number of Email Invocations: 0 out of 10
  Number of future calls: 0 out of 50
  Number of queueable jobs added to the queue: 0 out of 50
  Number of Mobile Apex push calls: 0 out of 10

15:29:28.231 (231544600)|CUMULATIVE_LIMIT_USAGE_END

15:29:28.191 (231635923)|CODE_UNIT_FINISHED|Controller_test.testGetStudent()
15:29:28.191 (232624869)|EXECUTION_FINISHED
