36.0 APEX_CODE,FINEST;APEX_PROFILING,INFO;CALLOUT,INFO;DB,INFO;NBA,INFO;SYSTEM,DEBUG;VALIDATION,INFO;VISUALFORCE,INFO;WAVE,INFO;WORKFLOW,INFO
02:50:43.4 (4050793)|USER_INFO|[EXTERNAL]|0050o00000WkyGG|ttvy@keizu.co.jp|Pacific Standard Time|GMT-07:00
02:50:43.4 (4108792)|EXECUTION_STARTED
02:50:43.4 (4114466)|CODE_UNIT_STARTED|[EXTERNAL]|0660o000008sEYc|VF: /apex/MainPage
02:50:43.4 (44069080)|SYSTEM_MODE_ENTER|true
02:50:43.4 (44520740)|HEAP_ALLOCATE|[72]|Bytes:3
02:50:43.4 (44560303)|HEAP_ALLOCATE|[77]|Bytes:152
02:50:43.4 (44577333)|HEAP_ALLOCATE|[342]|Bytes:408
02:50:43.4 (44591333)|HEAP_ALLOCATE|[355]|Bytes:408
02:50:43.4 (44602321)|HEAP_ALLOCATE|[467]|Bytes:48
02:50:43.4 (44632987)|HEAP_ALLOCATE|[139]|Bytes:6
02:50:43.4 (44649851)|HEAP_ALLOCATE|[EXTERNAL]|Bytes:156
02:50:43.4 (44656199)|HEAP_ALLOCATE|[EXTERNAL]|Bytes:15
02:50:43.4 (44666454)|METHOD_ENTRY|[1]|01p0o00000GLKhZ|Controller.Controller()
02:50:43.4 (44675082)|STATEMENT_EXECUTE|[1]
02:50:43.4 (44682325)|STATEMENT_EXECUTE|[1]
02:50:43.4 (44712301)|HEAP_ALLOCATE|[50]|Bytes:5
02:50:43.4 (44735910)|HEAP_ALLOCATE|[56]|Bytes:5
02:50:43.4 (44745725)|HEAP_ALLOCATE|[64]|Bytes:7
02:50:43.4 (44761106)|SYSTEM_MODE_ENTER|false
02:50:43.4 (44776323)|HEAP_ALLOCATE|[EXTERNAL]|Bytes:5
02:50:43.4 (44784669)|SYSTEM_MODE_EXIT|false
02:50:43.4 (44794981)|METHOD_EXIT|[1]|Controller
02:50:43.4 (44882355)|HEAP_ALLOCATE|[EXTERNAL]|Bytes:20
02:50:43.4 (44892665)|VARIABLE_SCOPE_BEGIN|[1]|this|Controller|true|false
02:50:43.4 (44954701)|VARIABLE_ASSIGNMENT|[1]|this|{}|0x16b1fa58
02:50:43.4 (44971073)|SYSTEM_MODE_ENTER|false
02:50:43.4 (44978336)|HEAP_ALLOCATE|[EXTERNAL]|Bytes:5
02:50:43.4 (44987782)|HEAP_ALLOCATE|[EXTERNAL]|Bytes:6
02:50:43.4 (45029096)|SYSTEM_MODE_EXIT|false
02:50:43.4 (45036364)|STATEMENT_EXECUTE|[1]
02:50:43.4 (45040766)|SYSTEM_MODE_ENTER|false
02:50:43.4 (45045839)|HEAP_ALLOCATE|[EXTERNAL]|Bytes:5
02:50:43.4 (45049793)|STATEMENT_EXECUTE|[2]
02:50:43.4 (45051444)|STATEMENT_EXECUTE|[3]
02:50:43.4 (45052782)|STATEMENT_EXECUTE|[4]
02:50:43.4 (45054166)|STATEMENT_EXECUTE|[5]
02:50:43.4 (45056491)|SYSTEM_MODE_EXIT|false
02:50:43.45 (45439062)|SYSTEM_MODE_ENTER|true
02:50:43.45 (45469915)|HEAP_ALLOCATE|[EXTERNAL]|Bytes:38
02:50:43.45 (45476815)|HEAP_ALLOCATE|[EXTERNAL]|Bytes:7
02:50:43.45 (45622732)|SYSTEM_MODE_ENTER|true
02:50:43.45 (45698353)|HEAP_ALLOCATE|[EXTERNAL]|Bytes:8
02:50:43.45 (45707367)|VARIABLE_SCOPE_BEGIN|[88]|this|ApexPage.PageMessagesComponentController|true|false
02:50:43.45 (45732435)|VARIABLE_ASSIGNMENT|[88]|this|{}|0x22468b7f
02:50:43.45 (45742208)|VARIABLE_SCOPE_BEGIN|[88]|escape|Boolean|false|false
02:50:43.45 (45753478)|VARIABLE_ASSIGNMENT|[88]|escape|null
02:50:43.45 (45915593)|SYSTEM_MODE_ENTER|true
02:50:43.45 (45983475)|HEAP_ALLOCATE|[EXTERNAL]|Bytes:8
02:50:43.45 (45991025)|VARIABLE_SCOPE_BEGIN|[2]|this|ApexPage.PageMessagesComponentController|true|false
02:50:43.45 (46012550)|VARIABLE_ASSIGNMENT|[2]|this|{}|0x22468b7f
02:50:43.4 (46871289)|SYSTEM_MODE_ENTER|true
02:50:43.4 (47686056)|SYSTEM_MODE_ENTER|true
02:50:43.4 (47890111)|SYSTEM_MODE_ENTER|true
02:50:43.4 (47940988)|HEAP_ALLOCATE|[EXTERNAL]|Bytes:20
02:50:43.4 (47951593)|VARIABLE_SCOPE_BEGIN|[7]|this|Controller|true|false
02:50:43.4 (47975290)|VARIABLE_ASSIGNMENT|[7]|this|{}|0x16b1fa58
02:50:43.4 (47989917)|SYSTEM_MODE_ENTER|false
02:50:43.4 (47999562)|HEAP_ALLOCATE|[8]|Bytes:5
02:50:43.4 (48005354)|STATEMENT_EXECUTE|[7]
02:50:43.4 (48007768)|STATEMENT_EXECUTE|[8]
02:50:43.4 (48017332)|HEAP_ALLOCATE|[8]|Bytes:4
02:50:43.4 (48047124)|VARIABLE_SCOPE_BEGIN|[8]|options|List<System.SelectOption>|true|false
02:50:43.4 (48072685)|HEAP_ALLOCATE|[EXTERNAL]|Bytes:4
02:50:43.4 (48085664)|VARIABLE_ASSIGNMENT|[8]|options|[]|0x3bb02257
02:50:43.4 (48092863)|STATEMENT_EXECUTE|[9]
02:50:43.4 (48096227)|HEAP_ALLOCATE|[9]|Bytes:33
02:50:43.4 (48117465)|HEAP_ALLOCATE|[9]|Bytes:4
02:50:43.4 (48353329)|SOQL_EXECUTE_BEGIN|[9]|Aggregations:0|SELECT className__C FROM Class__c
02:50:43.4 (50822833)|SOQL_EXECUTE_END|[9]|Rows:4
02:50:43.4 (50853824)|HEAP_ALLOCATE|[9]|Bytes:20
02:50:43.4 (50875993)|HEAP_ALLOCATE|[9]|Bytes:193
02:50:43.4 (50945017)|HEAP_ALLOCATE|[9]|Bytes:20
02:50:43.4 (50964043)|VARIABLE_SCOPE_BEGIN|[9]|data|List<Class__c>|true|false
02:50:43.4 (51012552)|VARIABLE_ASSIGNMENT|[9]|data|[{"className__c":"Name","Id":"a0H0o00000fIXZEEA4"},{"className__c":"L02","Id":"a0H0o00000fIXflEAG"},{"className__c":"L01","Id":"a0H0o00000fIXZYEA4"},{"className__c":"L03","Id":"a0H0o00000fIXg0EAG"}]|0x1b8d5027
02:50:43.4 (51215551)|HEAP_ALLOCATE|[10]|Bytes:5
02:50:43.4 (51238824)|HEAP_ALLOCATE|[10]|Bytes:12
02:50:43.4 (51248799)|VARIABLE_SCOPE_BEGIN|[10]|c|Class__c|true|false
02:50:43.4 (51267615)|VARIABLE_ASSIGNMENT|[10]|c|{"className__c":"Name","Id":"a0H0o00000fIXZEEA4"}|0x5a6ac406
02:50:43.4 (51275750)|STATEMENT_EXECUTE|[10]
02:50:43.4 (51278013)|STATEMENT_EXECUTE|[11]
02:50:43.4 (51287027)|HEAP_ALLOCATE|[11]|Bytes:12
02:50:43.4 (51373930)|HEAP_ALLOCATE|[11]|Bytes:4
02:50:43.4 (51420140)|HEAP_ALLOCATE|[11]|Bytes:4
02:50:43.4 (51467938)|HEAP_ALLOCATE|[EXTERNAL]|Bytes:4
02:50:43.4 (51484839)|HEAP_ALLOCATE|[10]|Bytes:5
02:50:43.4 (51496578)|HEAP_ALLOCATE|[10]|Bytes:12
02:50:43.4 (51506430)|VARIABLE_SCOPE_BEGIN|[10]|c|Class__c|true|false
02:50:43.4 (51536074)|VARIABLE_ASSIGNMENT|[10]|c|{"className__c":"L02","Id":"a0H0o00000fIXflEAG"}|0x46fe6e7c
02:50:43.4 (51547785)|STATEMENT_EXECUTE|[10]
02:50:43.4 (51550155)|STATEMENT_EXECUTE|[11]
02:50:43.4 (51592265)|HEAP_ALLOCATE|[11]|Bytes:3
02:50:43.4 (51625176)|HEAP_ALLOCATE|[11]|Bytes:3
02:50:43.4 (51644013)|HEAP_ALLOCATE|[EXTERNAL]|Bytes:4
02:50:43.4 (51658252)|HEAP_ALLOCATE|[10]|Bytes:5
02:50:43.4 (51669737)|HEAP_ALLOCATE|[10]|Bytes:12
02:50:43.4 (51676904)|VARIABLE_SCOPE_BEGIN|[10]|c|Class__c|true|false
02:50:43.4 (51693775)|VARIABLE_ASSIGNMENT|[10]|c|{"className__c":"L01","Id":"a0H0o00000fIXZYEA4"}|0x63297020
02:50:43.4 (51701671)|STATEMENT_EXECUTE|[10]
02:50:43.4 (51703669)|STATEMENT_EXECUTE|[11]
02:50:43.4 (51726348)|HEAP_ALLOCATE|[11]|Bytes:3
02:50:43.4 (51748411)|HEAP_ALLOCATE|[11]|Bytes:3
02:50:43.4 (51762944)|HEAP_ALLOCATE|[EXTERNAL]|Bytes:4
02:50:43.4 (51774737)|HEAP_ALLOCATE|[10]|Bytes:5
02:50:43.4 (51784163)|HEAP_ALLOCATE|[10]|Bytes:12
02:50:43.4 (51789794)|VARIABLE_SCOPE_BEGIN|[10]|c|Class__c|true|false
02:50:43.4 (51805334)|VARIABLE_ASSIGNMENT|[10]|c|{"className__c":"L03","Id":"a0H0o00000fIXg0EAG"}|0x40cc6d47
02:50:43.4 (51812171)|STATEMENT_EXECUTE|[10]
02:50:43.4 (51813800)|STATEMENT_EXECUTE|[11]
02:50:43.4 (51833506)|HEAP_ALLOCATE|[11]|Bytes:3
02:50:43.4 (51854442)|HEAP_ALLOCATE|[11]|Bytes:3
02:50:43.4 (51868504)|HEAP_ALLOCATE|[EXTERNAL]|Bytes:4
02:50:43.4 (51880327)|HEAP_ALLOCATE|[10]|Bytes:5
02:50:43.4 (51890547)|VARIABLE_ASSIGNMENT|[10]|c|null|
02:50:43.4 (51897297)|STATEMENT_EXECUTE|[14]
02:50:43.4 (51902287)|SYSTEM_MODE_EXIT|false
02:50:43.4 (52144281)|SYSTEM_MODE_ENTER|true
02:50:43.53 (53324795)|SYSTEM_MODE_ENTER|true
02:50:43.53 (53403826)|HEAP_ALLOCATE|[EXTERNAL]|Bytes:8
02:50:43.53 (53415858)|VARIABLE_SCOPE_BEGIN|[88]|this|ApexPage.PageMessagesComponentController|true|false
02:50:43.53 (53448463)|VARIABLE_ASSIGNMENT|[88]|this|{}|0x22468b7f
02:50:43.53 (53456221)|VARIABLE_SCOPE_BEGIN|[88]|escape|Boolean|false|false
02:50:43.53 (53465195)|VARIABLE_ASSIGNMENT|[88]|escape|null
02:50:43.53 (53587118)|SYSTEM_MODE_ENTER|true
02:50:43.53 (53628426)|HEAP_ALLOCATE|[EXTERNAL]|Bytes:8
02:50:43.53 (53636265)|VARIABLE_SCOPE_BEGIN|[2]|this|ApexPage.PageMessagesComponentController|true|false
02:50:43.53 (53657276)|VARIABLE_ASSIGNMENT|[2]|this|{}|0x22468b7f
02:50:43.4 (55718763)|VF_SERIALIZE_VIEWSTATE_BEGIN|0660o000008sEYc
02:50:43.4 (68107140)|VF_SERIALIZE_VIEWSTATE_END
02:50:43.4 (69514136)|CODE_UNIT_STARTED|[EXTERNAL]|Generate Metadata
02:50:43.4 (70035659)|CODE_UNIT_FINISHED|Generate Metadata
02:50:43.72 (72386346)|CUMULATIVE_LIMIT_USAGE
02:50:43.72 (72386346)|LIMIT_USAGE_FOR_NS|(default)|
  Number of SOQL queries: 1 out of 100
  Number of query rows: 4 out of 50000
  Number of SOSL queries: 0 out of 20
  Number of DML statements: 0 out of 150
  Number of DML rows: 0 out of 10000
  Maximum CPU time: 0 out of 10000
  Maximum heap size: 0 out of 6000000
  Number of callouts: 0 out of 100
  Number of Email Invocations: 0 out of 10
  Number of future calls: 0 out of 50
  Number of queueable jobs added to the queue: 0 out of 50
  Number of Mobile Apex push calls: 0 out of 10

02:50:43.72 (72386346)|CUMULATIVE_LIMIT_USAGE_END

02:50:43.4 (72430715)|CODE_UNIT_FINISHED|VF: /apex/MainPage
02:50:43.4 (73234163)|EXECUTION_FINISHED
