36.0 APEX_CODE,FINEST;APEX_PROFILING,INFO;CALLOUT,INFO;DB,INFO;NBA,INFO;SYSTEM,DEBUG;VALIDATION,INFO;VISUALFORCE,INFO;WAVE,INFO;WORKFLOW,INFO
14:52:24.25 (25825739)|USER_INFO|[EXTERNAL]|0050o00000WkyGG|ttvy@keizu.co.jp|Indochina Time|GMT+07:00
14:52:24.25 (25895984)|EXECUTION_STARTED
14:52:24.25 (25904338)|CODE_UNIT_STARTED|[EXTERNAL]|01p0o00000GMbcn|Controller_test.setup()
14:52:24.25 (26203200)|HEAP_ALLOCATE|[72]|Bytes:3
14:52:24.25 (26257625)|HEAP_ALLOCATE|[77]|Bytes:152
14:52:24.25 (26276281)|HEAP_ALLOCATE|[342]|Bytes:408
14:52:24.25 (26290891)|HEAP_ALLOCATE|[355]|Bytes:408
14:52:24.25 (26303502)|HEAP_ALLOCATE|[467]|Bytes:48
14:52:24.25 (26334214)|HEAP_ALLOCATE|[139]|Bytes:6
14:52:24.25 (26355592)|HEAP_ALLOCATE|[EXTERNAL]|Bytes:257
14:52:24.25 (26378340)|METHOD_ENTRY|[2]|01p0o00000GMbcn|Controller_test.Controller_test()
14:52:24.25 (26395542)|STATEMENT_EXECUTE|[2]
14:52:24.25 (26406563)|STATEMENT_EXECUTE|[2]
14:52:24.25 (26415609)|METHOD_EXIT|[2]|Controller_test
14:52:24.25 (26464247)|HEAP_ALLOCATE|[50]|Bytes:5
14:52:24.25 (26497832)|HEAP_ALLOCATE|[56]|Bytes:5
14:52:24.25 (26508893)|HEAP_ALLOCATE|[64]|Bytes:7
14:52:24.25 (26567366)|STATEMENT_EXECUTE|[4]
14:52:24.25 (26569780)|STATEMENT_EXECUTE|[6]
14:52:24.25 (26674993)|HEAP_ALLOCATE|[6]|Bytes:4
14:52:24.25 (26758829)|VARIABLE_SCOPE_BEGIN|[6]|testClass|List<Class__c>|true|false
14:52:24.25 (26778330)|HEAP_ALLOCATE|[EXTERNAL]|Bytes:4
14:52:24.25 (26820690)|VARIABLE_ASSIGNMENT|[6]|testClass|[]|0x2e55a157
14:52:24.25 (26827618)|STATEMENT_EXECUTE|[7]
14:52:24.25 (26859255)|HEAP_ALLOCATE|[7]|Bytes:4
14:52:24.25 (26946524)|HEAP_ALLOCATE|[7]|Bytes:7
14:52:24.25 (27012207)|VARIABLE_ASSIGNMENT|[7]|this.className__c|"English"|0x3d606eb
14:52:24.25 (27102717)|HEAP_ALLOCATE|[EXTERNAL]|Bytes:4
14:52:24.25 (27117595)|STATEMENT_EXECUTE|[8]
14:52:24.25 (27134233)|HEAP_ALLOCATE|[8]|Bytes:4
14:52:24.25 (27144879)|HEAP_ALLOCATE|[8]|Bytes:4
14:52:24.25 (27182848)|VARIABLE_ASSIGNMENT|[8]|this.className__c|"Math"|0x14482361
14:52:24.25 (27219640)|HEAP_ALLOCATE|[EXTERNAL]|Bytes:4
14:52:24.25 (27230161)|STATEMENT_EXECUTE|[9]
14:52:24.25 (27248231)|HEAP_ALLOCATE|[9]|Bytes:4
14:52:24.25 (27261102)|HEAP_ALLOCATE|[9]|Bytes:7
14:52:24.25 (27298187)|VARIABLE_ASSIGNMENT|[9]|this.className__c|"Physics"|0x669eeaf2
14:52:24.25 (27333072)|HEAP_ALLOCATE|[EXTERNAL]|Bytes:4
14:52:24.25 (27341373)|STATEMENT_EXECUTE|[10]
14:52:24.25 (27353743)|HEAP_ALLOCATE|[10]|Bytes:4
14:52:24.25 (27362232)|HEAP_ALLOCATE|[10]|Bytes:9
14:52:24.25 (27391306)|VARIABLE_ASSIGNMENT|[10]|this.className__c|"Chemistry"|0x78621f9
14:52:24.25 (27424644)|HEAP_ALLOCATE|[EXTERNAL]|Bytes:4
14:52:24.25 (27436295)|STATEMENT_EXECUTE|[11]
14:52:24.25 (27497546)|DML_BEGIN|[11]|Op:Insert|Type:Class__c|Rows:4
14:52:24.25 (27558254)|HEAP_ALLOCATE|[EXTERNAL]|Bytes:20
14:52:24.25 (72894799)|DML_END|[11]
14:52:24.25 (72996680)|HEAP_ALLOCATE|[EXTERNAL]|Bytes:20
14:52:24.25 (73021093)|STATEMENT_EXECUTE|[12]
14:52:24.25 (73035435)|HEAP_ALLOCATE|[12]|Bytes:23
14:52:24.25 (73079955)|HEAP_ALLOCATE|[12]|Bytes:4
14:52:24.25 (73370136)|SOQL_EXECUTE_BEGIN|[12]|Aggregations:0|SELECT id FROM Class__c
14:52:24.25 (77305901)|SOQL_EXECUTE_END|[12]|Rows:4
14:52:24.25 (77350049)|HEAP_ALLOCATE|[12]|Bytes:20
14:52:24.25 (77380754)|HEAP_ALLOCATE|[12]|Bytes:116
14:52:24.25 (77429217)|HEAP_ALLOCATE|[12]|Bytes:20
14:52:24.25 (77491622)|VARIABLE_ASSIGNMENT|[12]|testClass|[{"Id":"a0H0o00000fKa5mEAC"},{"Id":"a0H0o00000fKa5nEAC"},{"Id":"a0H0o00000fKa5oEAC"},{"Id":"a0H0o00000fKa5pEAC"}]|0x7c5df8e8
14:52:24.25 (77506240)|STATEMENT_EXECUTE|[13]
14:52:24.25 (77594248)|HEAP_ALLOCATE|[13]|Bytes:4
14:52:24.25 (77692580)|VARIABLE_SCOPE_BEGIN|[13]|testStudent|List<Student__c>|true|false
14:52:24.25 (77710272)|HEAP_ALLOCATE|[EXTERNAL]|Bytes:4
14:52:24.25 (77721467)|VARIABLE_ASSIGNMENT|[13]|testStudent|[]|0x40a61d2
14:52:24.25 (77730449)|STATEMENT_EXECUTE|[14]
14:52:24.25 (77755677)|HEAP_ALLOCATE|[14]|Bytes:4
14:52:24.25 (77854755)|HEAP_ALLOCATE|[14]|Bytes:11
14:52:24.25 (77930149)|VARIABLE_ASSIGNMENT|[14]|this.Name|"truong vy 1"|0x541ae6d6
14:52:24.25 (77942571)|HEAP_ALLOCATE|[15]|Bytes:4
14:52:24.25 (77987550)|VARIABLE_ASSIGNMENT|[14]|this.Namef__c|"vy 1"|0x541ae6d6
14:52:24.25 (77998731)|HEAP_ALLOCATE|[16]|Bytes:6
14:52:24.25 (78039081)|VARIABLE_ASSIGNMENT|[14]|this.Namel__c|"truong"|0x541ae6d6
14:52:24.25 (78091014)|VARIABLE_ASSIGNMENT|[14]|this.Gender__c|true|0x541ae6d6
14:52:24.25 (78198684)|HEAP_ALLOCATE|[18]|Bytes:4
14:52:24.25 (78283537)|VARIABLE_ASSIGNMENT|[14]|this.Birthday__c|"2011-03-21T00:00:00.000Z"|0x541ae6d6
14:52:24.25 (78339141)|HEAP_ALLOCATE|[14]|Bytes:28
14:52:24.25 (78347995)|HEAP_ALLOCATE|[14]|Bytes:28
14:52:24.25 (78394629)|VARIABLE_ASSIGNMENT|[14]|this.Score1__c|4|0x541ae6d6
14:52:24.25 (78412656)|HEAP_ALLOCATE|[14]|Bytes:28
14:52:24.25 (78418736)|HEAP_ALLOCATE|[14]|Bytes:28
14:52:24.25 (78458444)|VARIABLE_ASSIGNMENT|[14]|this.Score2__c|7|0x541ae6d6
14:52:24.25 (78474877)|HEAP_ALLOCATE|[14]|Bytes:28
14:52:24.25 (78480528)|HEAP_ALLOCATE|[14]|Bytes:28
14:52:24.25 (78519713)|VARIABLE_ASSIGNMENT|[14]|this.Score3__c|9|0x541ae6d6
14:52:24.25 (78584569)|HEAP_ALLOCATE|[22]|Bytes:8
14:52:24.25 (78694629)|VARIABLE_ASSIGNMENT|[14]|this.Class__c|"a0H0o00000fKa5nEAC"|0x541ae6d6
14:52:24.25 (78754118)|HEAP_ALLOCATE|[EXTERNAL]|Bytes:4
14:52:24.25 (78764423)|STATEMENT_EXECUTE|[24]
14:52:24.25 (78782014)|HEAP_ALLOCATE|[24]|Bytes:4
14:52:24.25 (78792280)|HEAP_ALLOCATE|[24]|Bytes:11
14:52:24.25 (78824375)|VARIABLE_ASSIGNMENT|[24]|this.Name|"truong vy 2"|0x35137cd9
14:52:24.25 (78832191)|HEAP_ALLOCATE|[25]|Bytes:4
14:52:24.25 (78855711)|VARIABLE_ASSIGNMENT|[24]|this.Namef__c|"vy 2"|0x35137cd9
14:52:24.25 (78878701)|VARIABLE_ASSIGNMENT|[24]|this.Namel__c|"truong"|0x35137cd9
14:52:24.25 (78902385)|VARIABLE_ASSIGNMENT|[24]|this.Gender__c|true|0x35137cd9
14:52:24.25 (78941757)|HEAP_ALLOCATE|[28]|Bytes:4
14:52:24.25 (78984079)|VARIABLE_ASSIGNMENT|[24]|this.Birthday__c|"2011-03-21T00:00:00.000Z"|0x35137cd9
14:52:24.25 (78999228)|HEAP_ALLOCATE|[24]|Bytes:28
14:52:24.25 (79003636)|HEAP_ALLOCATE|[24]|Bytes:28
14:52:24.25 (79029629)|VARIABLE_ASSIGNMENT|[24]|this.Score1__c|4|0x35137cd9
14:52:24.25 (79039728)|HEAP_ALLOCATE|[24]|Bytes:28
14:52:24.25 (79044320)|HEAP_ALLOCATE|[24]|Bytes:28
14:52:24.25 (79065922)|VARIABLE_ASSIGNMENT|[24]|this.Score2__c|7|0x35137cd9
14:52:24.25 (79076211)|HEAP_ALLOCATE|[24]|Bytes:28
14:52:24.25 (79079907)|HEAP_ALLOCATE|[24]|Bytes:28
14:52:24.25 (79101391)|VARIABLE_ASSIGNMENT|[24]|this.Score3__c|9|0x35137cd9
14:52:24.25 (79132195)|HEAP_ALLOCATE|[32]|Bytes:8
14:52:24.25 (79180077)|VARIABLE_ASSIGNMENT|[24]|this.Class__c|"a0H0o00000fKa5nEAC"|0x35137cd9
14:52:24.25 (79214586)|HEAP_ALLOCATE|[EXTERNAL]|Bytes:4
14:52:24.25 (79223342)|STATEMENT_EXECUTE|[34]
14:52:24.25 (79238430)|HEAP_ALLOCATE|[34]|Bytes:4
14:52:24.25 (79247700)|HEAP_ALLOCATE|[34]|Bytes:11
14:52:24.25 (79279250)|VARIABLE_ASSIGNMENT|[34]|this.Name|"truong vy 3"|0x16060b0d
14:52:24.25 (79286511)|HEAP_ALLOCATE|[35]|Bytes:4
14:52:24.25 (79308653)|VARIABLE_ASSIGNMENT|[34]|this.Namef__c|"vy 3"|0x16060b0d
14:52:24.25 (79331963)|VARIABLE_ASSIGNMENT|[34]|this.Namel__c|"truong"|0x16060b0d
14:52:24.25 (79354679)|VARIABLE_ASSIGNMENT|[34]|this.Gender__c|true|0x16060b0d
14:52:24.25 (79395738)|HEAP_ALLOCATE|[38]|Bytes:4
14:52:24.25 (79436341)|VARIABLE_ASSIGNMENT|[34]|this.Birthday__c|"2011-03-21T00:00:00.000Z"|0x16060b0d
14:52:24.25 (79450429)|HEAP_ALLOCATE|[34]|Bytes:28
14:52:24.25 (79454527)|HEAP_ALLOCATE|[34]|Bytes:28
14:52:24.25 (79479541)|VARIABLE_ASSIGNMENT|[34]|this.Score1__c|4|0x16060b0d
14:52:24.25 (79489918)|HEAP_ALLOCATE|[34]|Bytes:28
14:52:24.25 (79493751)|HEAP_ALLOCATE|[34]|Bytes:28
14:52:24.25 (79518224)|VARIABLE_ASSIGNMENT|[34]|this.Score2__c|7|0x16060b0d
14:52:24.25 (79528675)|HEAP_ALLOCATE|[34]|Bytes:28
14:52:24.25 (79532566)|HEAP_ALLOCATE|[34]|Bytes:28
14:52:24.25 (79560586)|VARIABLE_ASSIGNMENT|[34]|this.Score3__c|9|0x16060b0d
14:52:24.25 (79590244)|HEAP_ALLOCATE|[42]|Bytes:8
14:52:24.25 (79636069)|VARIABLE_ASSIGNMENT|[34]|this.Class__c|"a0H0o00000fKa5nEAC"|0x16060b0d
14:52:24.25 (79669211)|HEAP_ALLOCATE|[EXTERNAL]|Bytes:4
14:52:24.25 (79677069)|STATEMENT_EXECUTE|[44]
14:52:24.25 (79693549)|HEAP_ALLOCATE|[44]|Bytes:4
14:52:24.25 (79703472)|HEAP_ALLOCATE|[44]|Bytes:11
14:52:24.25 (79740428)|VARIABLE_ASSIGNMENT|[44]|this.Name|"truong vy 4"|0x47c1e8be
14:52:24.25 (79747893)|HEAP_ALLOCATE|[45]|Bytes:4
14:52:24.25 (79773005)|VARIABLE_ASSIGNMENT|[44]|this.Namef__c|"vy 4"|0x47c1e8be
14:52:24.25 (79794745)|VARIABLE_ASSIGNMENT|[44]|this.Namel__c|"truong"|0x47c1e8be
14:52:24.25 (79819582)|VARIABLE_ASSIGNMENT|[44]|this.Gender__c|true|0x47c1e8be
14:52:24.25 (79855401)|HEAP_ALLOCATE|[48]|Bytes:4
14:52:24.25 (79894077)|VARIABLE_ASSIGNMENT|[44]|this.Birthday__c|"2011-03-21T00:00:00.000Z"|0x47c1e8be
14:52:24.25 (79907656)|HEAP_ALLOCATE|[44]|Bytes:28
14:52:24.25 (79911959)|HEAP_ALLOCATE|[44]|Bytes:28
14:52:24.25 (79935632)|VARIABLE_ASSIGNMENT|[44]|this.Score1__c|4|0x47c1e8be
14:52:24.25 (79945039)|HEAP_ALLOCATE|[44]|Bytes:28
14:52:24.25 (79948848)|HEAP_ALLOCATE|[44]|Bytes:28
14:52:24.25 (79970663)|VARIABLE_ASSIGNMENT|[44]|this.Score2__c|7|0x47c1e8be
14:52:24.25 (79980884)|HEAP_ALLOCATE|[44]|Bytes:28
14:52:24.25 (79984490)|HEAP_ALLOCATE|[44]|Bytes:28
14:52:24.25 (80006240)|VARIABLE_ASSIGNMENT|[44]|this.Score3__c|0|0x47c1e8be
14:52:24.25 (80033662)|HEAP_ALLOCATE|[52]|Bytes:8
14:52:24.25 (80079311)|VARIABLE_ASSIGNMENT|[44]|this.Class__c|"a0H0o00000fKa5nEAC"|0x47c1e8be
14:52:24.25 (80110963)|HEAP_ALLOCATE|[EXTERNAL]|Bytes:4
14:52:24.25 (80119008)|STATEMENT_EXECUTE|[54]
14:52:24.25 (80132174)|HEAP_ALLOCATE|[54]|Bytes:4
14:52:24.25 (80140945)|HEAP_ALLOCATE|[54]|Bytes:11
14:52:24.25 (80172300)|VARIABLE_ASSIGNMENT|[54]|this.Name|"truong vy 5"|0x41bbb28d
14:52:24.25 (80180051)|HEAP_ALLOCATE|[55]|Bytes:4
14:52:24.25 (80202902)|VARIABLE_ASSIGNMENT|[54]|this.Namef__c|"vy 5"|0x41bbb28d
14:52:24.25 (80225002)|VARIABLE_ASSIGNMENT|[54]|this.Namel__c|"truong"|0x41bbb28d
14:52:24.25 (80246987)|VARIABLE_ASSIGNMENT|[54]|this.Gender__c|true|0x41bbb28d
14:52:24.25 (80282135)|HEAP_ALLOCATE|[58]|Bytes:4
14:52:24.25 (80319687)|VARIABLE_ASSIGNMENT|[54]|this.Birthday__c|"2011-03-21T00:00:00.000Z"|0x41bbb28d
14:52:24.25 (80333392)|HEAP_ALLOCATE|[54]|Bytes:28
14:52:24.25 (80337624)|HEAP_ALLOCATE|[54]|Bytes:28
14:52:24.25 (80361074)|VARIABLE_ASSIGNMENT|[54]|this.Score1__c|4|0x41bbb28d
14:52:24.25 (80371105)|HEAP_ALLOCATE|[54]|Bytes:28
14:52:24.25 (80375009)|HEAP_ALLOCATE|[54]|Bytes:28
14:52:24.25 (80404821)|VARIABLE_ASSIGNMENT|[54]|this.Score2__c|0|0x41bbb28d
14:52:24.25 (80414636)|HEAP_ALLOCATE|[54]|Bytes:28
14:52:24.25 (80418620)|HEAP_ALLOCATE|[54]|Bytes:28
14:52:24.25 (80439582)|VARIABLE_ASSIGNMENT|[54]|this.Score3__c|9|0x41bbb28d
14:52:24.25 (80466318)|HEAP_ALLOCATE|[62]|Bytes:8
14:52:24.25 (80515913)|VARIABLE_ASSIGNMENT|[54]|this.Class__c|"a0H0o00000fKa5nEAC"|0x41bbb28d
14:52:24.25 (80554211)|HEAP_ALLOCATE|[EXTERNAL]|Bytes:4
14:52:24.25 (80562658)|STATEMENT_EXECUTE|[63]
14:52:24.25 (80608482)|DML_BEGIN|[63]|Op:Insert|Type:Student__c|Rows:5
14:52:24.25 (80642452)|HEAP_ALLOCATE|[EXTERNAL]|Bytes:24
14:52:24.25 (85087622)|CODE_UNIT_STARTED|[EXTERNAL]|01q0o000000jKrN|triggerStudent on Student trigger event BeforeInsert|__sfdc_trigger/triggerStudent
14:52:24.25 (85154896)|HEAP_ALLOCATE|[EXTERNAL]|Bytes:24
14:52:24.25 (88041271)|HEAP_ALLOCATE|[EXTERNAL]|Bytes:8
14:52:24.25 (88064280)|VARIABLE_SCOPE_BEGIN|[1]|this|triggerStudent|true|false
14:52:24.25 (88122687)|VARIABLE_ASSIGNMENT|[1]|this|{}|0x73454679
14:52:24.25 (88199246)|HEAP_ALLOCATE|[EXTERNAL]|Bytes:8
14:52:24.25 (88245406)|VARIABLE_SCOPE_BEGIN|[1]|this|triggerStudent|true|false
14:52:24.25 (88262453)|VARIABLE_ASSIGNMENT|[1]|this|{}|0x73454679
14:52:24.25 (88270894)|STATEMENT_EXECUTE|[1]
14:52:24.25 (88273210)|STATEMENT_EXECUTE|[3]
14:52:24.25 (88280060)|HEAP_ALLOCATE|[3]|Bytes:15
14:52:24.25 (88287032)|HEAP_ALLOCATE|[3]|Bytes:20
14:52:24.25 (88292273)|HEAP_ALLOCATE|[3]|Bytes:6
14:52:24.25 (88325728)|METHOD_ENTRY|[1]|01p0o00000GMOB6|TriggerHandle.TriggerHandle()
14:52:24.25 (88333072)|STATEMENT_EXECUTE|[1]
14:52:24.25 (88336312)|STATEMENT_EXECUTE|[1]
14:52:24.25 (88781564)|SYSTEM_MODE_ENTER|false
14:52:24.25 (88801757)|HEAP_ALLOCATE|[3]|Bytes:5
14:52:24.25 (88811286)|STATEMENT_EXECUTE|[230]
14:52:24.25 (88819316)|SYSTEM_MODE_EXIT|false
14:52:24.25 (88836015)|METHOD_EXIT|[1]|TriggerHandle
14:52:24.25 (88854747)|HEAP_ALLOCATE|[3]|Bytes:4
14:52:24.25 (88878939)|CONSTRUCTOR_ENTRY|[3]|01p0o00000GMOB6|<init>()|TriggerHandle
14:52:24.25 (88911171)|VARIABLE_SCOPE_BEGIN|[3]|this|TriggerHandle|true|false
14:52:24.25 (88933607)|VARIABLE_ASSIGNMENT|[3]|this|{}|0x468cc8ff
14:52:24.25 (88951950)|SYSTEM_MODE_ENTER|false
14:52:24.25 (88960061)|HEAP_ALLOCATE|[EXTERNAL]|Bytes:5
14:52:24.25 (88965308)|STATEMENT_EXECUTE|[1]
14:52:24.25 (88968575)|HEAP_ALLOCATE|[EXTERNAL]|Bytes:5
14:52:24.25 (88982095)|HEAP_ALLOCATE|[EXTERNAL]|Bytes:6
14:52:24.25 (89034779)|STATEMENT_EXECUTE|[3]
14:52:24.25 (89042511)|SYSTEM_MODE_EXIT|false
14:52:24.25 (89053715)|CONSTRUCTOR_EXIT|[3]|01p0o00000GMOB6|<init>()|TriggerHandle
14:52:24.25 (89093282)|VARIABLE_ASSIGNMENT|[3]|this.handle|0x468cc8ff|0x73454679
14:52:24.25 (89109182)|STATEMENT_EXECUTE|[5]
14:52:24.25 (89117411)|STATEMENT_EXECUTE|[10]
14:52:24.25 (89119459)|STATEMENT_EXECUTE|[11]
14:52:24.25 (89205375)|METHOD_ENTRY|[11]|01p0o00000GMOB6|TriggerHandle.onBeforeInsert(List<Student__c>)
14:52:24.25 (89240288)|VARIABLE_SCOPE_BEGIN|[5]|this|TriggerHandle|true|false
14:52:24.25 (89263475)|VARIABLE_ASSIGNMENT|[5]|this|{}|0x468cc8ff
14:52:24.25 (89272868)|VARIABLE_SCOPE_BEGIN|[5]|newStudentList|List<Student__c>|true|false
14:52:24.25 (93095805)|VARIABLE_ASSIGNMENT|[5]|newStudentList|[{"AverageScore__c":6.67,"IsDeleted":false,"Score1__c":4.00,"Score2__c":7.00,"Birthday__c":"2011-03-21T00:00:00.000Z","Namel__c":"truong","Gender__c":true,"Score3__c":9.00,"Class__c":"a0H0o00000fKa5nEAC","State__c":"Passed","Name":"truong vy 1","Namef__c":"vy 1"},{"AverageScore__c":6.67,"IsDeleted":false,"Score1__c":4.00,"Score2__c":7.00,"Birthday__c":"2011-03-21T00:00:00.000Z","Namel__c":"truong","Gender__c":true,"Score3__c":9.00,"Class__c":"a0H0o00000fKa5nEAC","State__c":"Passed","Name":"truong vy 2","Namef__c":"vy 2"},{"AverageScore__c":6.67,"IsDeleted":false,"Score1__c":4.00,"Score2__c":7.00,"Birthday__c":"2011-03-21T00:00:00.000Z","Namel__c":"truong","Gender__c":true,"Score3__c":9.00,"Class__c":"a0H0o00000fKa5nEAC","State__c":"Passed","Name":"truong vy 3","Namef__c":"vy 3"},{"AverageScore__c":3.67,"IsDeleted":false,"Score1__c":4.00,"Score2__c":7.00,"Birthday__c":"2011-03-21T00:00:00.000Z","Namel__c":"truong","Gender__c":true,"Score3__c":0.00,"Class__c":"a0H0o00000fKa5nEAC","State__c":"Failed","Name":"truong vy 4","Namef__c":"vy 4"},{"AverageScore__c":4.33,"IsDeleted":false,"Score1__c":4.00,"Score2__c":0.00,"Birthday__c":"2011-03-21T00:00:00.000Z","Namel__c":"truong","Gender__c":true,"Score3__c":9.00,"Class__c":"a0H0o00000fKa5nEAC","State__c":"Failed","Name":"truong vy 5","Namef__c":"vy 5"}]|0x15ffc7e0
14:52:24.25 (93148489)|SYSTEM_MODE_ENTER|false
14:52:24.25 (93162128)|HEAP_ALLOCATE|[7]|Bytes:5
14:52:24.25 (93170410)|STATEMENT_EXECUTE|[6]
14:52:24.25 (93173073)|STATEMENT_EXECUTE|[7]
14:52:24.25 (93174572)|STATEMENT_EXECUTE|[8]
14:52:24.25 (93398192)|HEAP_ALLOCATE|[9]|Bytes:5
14:52:24.25 (93421705)|HEAP_ALLOCATE|[9]|Bytes:4
14:52:24.25 (93436723)|VARIABLE_SCOPE_BEGIN|[9]|s|Student__c|true|false
14:52:24.25 (93709050)|VARIABLE_ASSIGNMENT|[9]|s|{"AverageScore__c":6.67,"IsDeleted":false,"Score1__c":4.00,"Score2__c":7.00,"Birthday__c":"2011-03-21T00:00:00.000Z","Namel__c":"truong","Gender__c":true,"Score3__c":9.00,"Class__c":"a0H0o00000fKa5nEAC","State__c":"Passed","Name":"truong vy 1","Namef__c":"vy 1"}|0x15f25bb9
14:52:24.25 (93721265)|STATEMENT_EXECUTE|[10]
14:52:24.25 (93765419)|HEAP_ALLOCATE|[12]|Bytes:28
14:52:24.25 (93858248)|HEAP_ALLOCATE|[16]|Bytes:28
14:52:24.25 (93908609)|HEAP_ALLOCATE|[20]|Bytes:28
14:52:24.25 (93957455)|STATEMENT_EXECUTE|[29]
14:52:24.25 (93960013)|STATEMENT_EXECUTE|[31]
14:52:24.25 (93998042)|HEAP_ALLOCATE|[31]|Bytes:4
14:52:24.25 (94029065)|VARIABLE_SCOPE_BEGIN|[31]|age|Integer|false|false
14:52:24.25 (94039052)|HEAP_ALLOCATE|[31]|Bytes:4
14:52:24.25 (94049205)|VARIABLE_ASSIGNMENT|[31]|age|-8
14:52:24.25 (94060239)|STATEMENT_EXECUTE|[32]
14:52:24.25 (94071693)|HEAP_ALLOCATE|[9]|Bytes:5
14:52:24.25 (94086520)|HEAP_ALLOCATE|[9]|Bytes:4
14:52:24.25 (94094580)|VARIABLE_SCOPE_BEGIN|[9]|s|Student__c|true|false
14:52:24.25 (94295248)|VARIABLE_ASSIGNMENT|[9]|s|{"AverageScore__c":6.67,"IsDeleted":false,"Score1__c":4.00,"Score2__c":7.00,"Birthday__c":"2011-03-21T00:00:00.000Z","Namel__c":"truong","Gender__c":true,"Score3__c":9.00,"Class__c":"a0H0o00000fKa5nEAC","State__c":"Passed","Name":"truong vy 2","Namef__c":"vy 2"}|0x7f2d0346
14:52:24.25 (94305658)|STATEMENT_EXECUTE|[10]
14:52:24.25 (94318195)|HEAP_ALLOCATE|[12]|Bytes:28
14:52:24.25 (94347594)|HEAP_ALLOCATE|[16]|Bytes:28
14:52:24.25 (94366900)|HEAP_ALLOCATE|[20]|Bytes:28
14:52:24.25 (94383721)|STATEMENT_EXECUTE|[29]
14:52:24.25 (94385790)|STATEMENT_EXECUTE|[31]
14:52:24.25 (94398031)|HEAP_ALLOCATE|[31]|Bytes:4
14:52:24.25 (94416275)|VARIABLE_SCOPE_BEGIN|[31]|age|Integer|false|false
14:52:24.25 (94424707)|HEAP_ALLOCATE|[31]|Bytes:4
14:52:24.25 (94431724)|VARIABLE_ASSIGNMENT|[31]|age|-8
14:52:24.25 (94438887)|STATEMENT_EXECUTE|[32]
14:52:24.25 (94447941)|HEAP_ALLOCATE|[9]|Bytes:5
14:52:24.25 (94460218)|HEAP_ALLOCATE|[9]|Bytes:4
14:52:24.25 (94467707)|VARIABLE_SCOPE_BEGIN|[9]|s|Student__c|true|false
14:52:24.25 (94715411)|VARIABLE_ASSIGNMENT|[9]|s|{"AverageScore__c":6.67,"IsDeleted":false,"Score1__c":4.00,"Score2__c":7.00,"Birthday__c":"2011-03-21T00:00:00.000Z","Namel__c":"truong","Gender__c":true,"Score3__c":9.00,"Class__c":"a0H0o00000fKa5nEAC","State__c":"Passed","Name":"truong vy 3","Namef__c":"vy 3"}|0x6d9b9a06
14:52:24.25 (94726053)|STATEMENT_EXECUTE|[10]
14:52:24.25 (94737589)|HEAP_ALLOCATE|[12]|Bytes:28
14:52:24.25 (94766994)|HEAP_ALLOCATE|[16]|Bytes:28
14:52:24.25 (94802883)|HEAP_ALLOCATE|[20]|Bytes:28
14:52:24.25 (94845653)|STATEMENT_EXECUTE|[29]
14:52:24.25 (94849114)|STATEMENT_EXECUTE|[31]
14:52:24.25 (94866133)|HEAP_ALLOCATE|[31]|Bytes:4
14:52:24.25 (94887353)|VARIABLE_SCOPE_BEGIN|[31]|age|Integer|false|false
14:52:24.25 (94895739)|HEAP_ALLOCATE|[31]|Bytes:4
14:52:24.25 (94903652)|VARIABLE_ASSIGNMENT|[31]|age|-8
14:52:24.25 (94910895)|STATEMENT_EXECUTE|[32]
14:52:24.25 (94921926)|HEAP_ALLOCATE|[9]|Bytes:5
14:52:24.25 (94935579)|HEAP_ALLOCATE|[9]|Bytes:4
14:52:24.25 (94942822)|VARIABLE_SCOPE_BEGIN|[9]|s|Student__c|true|false
14:52:24.25 (95152517)|VARIABLE_ASSIGNMENT|[9]|s|{"AverageScore__c":3.67,"IsDeleted":false,"Score1__c":4.00,"Score2__c":7.00,"Birthday__c":"2011-03-21T00:00:00.000Z","Namel__c":"truong","Gender__c":true,"Score3__c":0.00,"Class__c":"a0H0o00000fKa5nEAC","State__c":"Failed","Name":"truong vy 4","Namef__c":"vy 4"}|0x7347bf7
14:52:24.25 (95163363)|STATEMENT_EXECUTE|[10]
14:52:24.25 (95174600)|HEAP_ALLOCATE|[12]|Bytes:28
14:52:24.25 (95202232)|HEAP_ALLOCATE|[16]|Bytes:28
14:52:24.25 (95224281)|HEAP_ALLOCATE|[20]|Bytes:28
14:52:24.25 (95229959)|HEAP_ALLOCATE|[20]|Bytes:28
14:52:24.25 (95249309)|STATEMENT_EXECUTE|[29]
14:52:24.25 (95251262)|STATEMENT_EXECUTE|[31]
14:52:24.25 (95262203)|HEAP_ALLOCATE|[31]|Bytes:4
14:52:24.25 (95280316)|VARIABLE_SCOPE_BEGIN|[31]|age|Integer|false|false
14:52:24.25 (95287798)|HEAP_ALLOCATE|[31]|Bytes:4
14:52:24.25 (95294563)|VARIABLE_ASSIGNMENT|[31]|age|-8
14:52:24.25 (95301237)|STATEMENT_EXECUTE|[32]
14:52:24.25 (95310169)|HEAP_ALLOCATE|[9]|Bytes:5
14:52:24.25 (95322372)|HEAP_ALLOCATE|[9]|Bytes:4
14:52:24.25 (95328639)|VARIABLE_SCOPE_BEGIN|[9]|s|Student__c|true|false
14:52:24.25 (95522033)|VARIABLE_ASSIGNMENT|[9]|s|{"AverageScore__c":4.33,"IsDeleted":false,"Score1__c":4.00,"Score2__c":0.00,"Birthday__c":"2011-03-21T00:00:00.000Z","Namel__c":"truong","Gender__c":true,"Score3__c":9.00,"Class__c":"a0H0o00000fKa5nEAC","State__c":"Failed","Name":"truong vy 5","Namef__c":"vy 5"}|0x3e2d4792
14:52:24.25 (95532046)|STATEMENT_EXECUTE|[10]
14:52:24.25 (95541758)|HEAP_ALLOCATE|[12]|Bytes:28
14:52:24.25 (95576168)|HEAP_ALLOCATE|[16]|Bytes:28
14:52:24.25 (95582780)|HEAP_ALLOCATE|[16]|Bytes:28
14:52:24.25 (95602034)|HEAP_ALLOCATE|[20]|Bytes:28
14:52:24.25 (95619527)|STATEMENT_EXECUTE|[29]
14:52:24.25 (95621348)|STATEMENT_EXECUTE|[31]
14:52:24.25 (95632575)|HEAP_ALLOCATE|[31]|Bytes:4
14:52:24.25 (95654604)|VARIABLE_SCOPE_BEGIN|[31]|age|Integer|false|false
14:52:24.25 (95662871)|HEAP_ALLOCATE|[31]|Bytes:4
14:52:24.25 (95669590)|VARIABLE_ASSIGNMENT|[31]|age|-8
14:52:24.25 (95676389)|STATEMENT_EXECUTE|[32]
14:52:24.25 (95685636)|HEAP_ALLOCATE|[9]|Bytes:5
14:52:24.25 (95697506)|VARIABLE_ASSIGNMENT|[9]|s|null|
14:52:24.25 (95706016)|SYSTEM_MODE_EXIT|false
14:52:24.25 (95720062)|METHOD_EXIT|[11]|01p0o00000GMOB6|TriggerHandle.onBeforeInsert(List<Student__c>)
14:52:24.95 (95741149)|CUMULATIVE_LIMIT_USAGE
14:52:24.95 (95741149)|LIMIT_USAGE_FOR_NS|(default)|
  Number of SOQL queries: 1 out of 100
  Number of query rows: 4 out of 50000
  Number of SOSL queries: 0 out of 20
  Number of DML statements: 2 out of 150
  Number of DML rows: 9 out of 10000
  Maximum CPU time: 0 out of 10000
  Maximum heap size: 0 out of 6000000
  Number of callouts: 0 out of 100
  Number of Email Invocations: 0 out of 10
  Number of future calls: 0 out of 50
  Number of queueable jobs added to the queue: 0 out of 50
  Number of Mobile Apex push calls: 0 out of 10

14:52:24.95 (95741149)|CUMULATIVE_LIMIT_USAGE_END

14:52:24.25 (97089440)|CODE_UNIT_FINISHED|triggerStudent on Student trigger event BeforeInsert|__sfdc_trigger/triggerStudent
14:52:24.25 (130123679)|CODE_UNIT_STARTED|[EXTERNAL]|01q0o000000jKrN|triggerStudent on Student trigger event AfterInsert|__sfdc_trigger/triggerStudent
14:52:24.25 (130199164)|HEAP_ALLOCATE|[EXTERNAL]|Bytes:24
14:52:24.25 (130355217)|HEAP_ALLOCATE|[EXTERNAL]|Bytes:8
14:52:24.25 (130370773)|VARIABLE_SCOPE_BEGIN|[1]|this|triggerStudent|true|false
14:52:24.25 (130417758)|VARIABLE_ASSIGNMENT|[1]|this|{}|0xf6599f0
14:52:24.25 (130467679)|HEAP_ALLOCATE|[EXTERNAL]|Bytes:8
14:52:24.25 (130476029)|VARIABLE_SCOPE_BEGIN|[1]|this|triggerStudent|true|false
14:52:24.25 (130490169)|VARIABLE_ASSIGNMENT|[1]|this|{}|0xf6599f0
14:52:24.25 (130498328)|STATEMENT_EXECUTE|[1]
14:52:24.25 (130500628)|STATEMENT_EXECUTE|[3]
14:52:24.25 (130505679)|HEAP_ALLOCATE|[3]|Bytes:4
14:52:24.25 (130518986)|CONSTRUCTOR_ENTRY|[3]|01p0o00000GMOB6|<init>()|TriggerHandle
14:52:24.25 (130528631)|VARIABLE_SCOPE_BEGIN|[3]|this|TriggerHandle|true|false
14:52:24.25 (130541773)|VARIABLE_ASSIGNMENT|[3]|this|{}|0x12e148d2
14:52:24.25 (131004714)|SYSTEM_MODE_ENTER|false
14:52:24.25 (131020387)|HEAP_ALLOCATE|[EXTERNAL]|Bytes:5
14:52:24.25 (131026619)|STATEMENT_EXECUTE|[1]
14:52:24.25 (131031466)|HEAP_ALLOCATE|[EXTERNAL]|Bytes:5
14:52:24.25 (131055952)|STATEMENT_EXECUTE|[3]
14:52:24.25 (131059894)|SYSTEM_MODE_EXIT|false
14:52:24.25 (131069259)|CONSTRUCTOR_EXIT|[3]|01p0o00000GMOB6|<init>()|TriggerHandle
14:52:24.25 (131099823)|VARIABLE_ASSIGNMENT|[3]|this.handle|0x12e148d2|0xf6599f0
14:52:24.25 (131115354)|STATEMENT_EXECUTE|[15]
14:52:24.25 (131125835)|STATEMENT_EXECUTE|[19]
14:52:24.25 (131128177)|STATEMENT_EXECUTE|[20]
14:52:24.25 (131194919)|METHOD_ENTRY|[20]|01p0o00000GMOB6|TriggerHandle.onAfterInsert(List<Student__c>)
14:52:24.25 (131237586)|VARIABLE_SCOPE_BEGIN|[44]|this|TriggerHandle|true|false
14:52:24.25 (131260028)|VARIABLE_ASSIGNMENT|[44]|this|{}|0x12e148d2
14:52:24.25 (131269234)|VARIABLE_SCOPE_BEGIN|[44]|newStudentList|List<Student__c>|true|false
14:52:24.25 (134371865)|VARIABLE_ASSIGNMENT|[44]|newStudentList|[{"LastModifiedDate":"2019-06-06T07:52:25.000Z","StudentId__c":"HS100151","IsDeleted":false,"Score1__c":4.00,"Score2__c":7.00,"Gender__c":true,"Score3__c":9.00,"Class__c":"a0H0o00000fKa5nEAC","Name":"truong vy 1","SystemModstamp":"2019-06-06T07:52:25.000Z","AverageScore__c":6.67,"CreatedById":"0050o00000WkyGGAAZ","Birthday__c":"2011-03-21T00:00:00.000Z","Namel__c":"truong","CreatedDate":"2019-06-06T07:52:25.000Z","Id":"a0I0o000019bWkAEAU","LastModifiedById":"0050o00000WkyGGAAZ","State__c":"Passed","Namef__c":"vy 1"},{"LastModifiedDate":"2019-06-06T07:52:25.000Z","StudentId__c":"HS100152","IsDeleted":false,"Score1__c":4.00,"Score2__c":7.00,"Gender__c":true,"Score3__c":9.00,"Class__c":"a0H0o00000fKa5nEAC","Name":"truong vy 2","SystemModstamp":"2019-06-06T07:52:25.000Z","AverageScore__c":6.67,"CreatedById":"0050o00000WkyGGAAZ","Birthday__c":"2011-03-21T00:00:00.000Z","Namel__c":"truong","CreatedDate":"2019-06-06T07:52:25.000Z","Id":"a0I0o000019bWkBEAU","LastModifiedById":"0050o00000WkyGGAAZ","State__c":"Passed","Namef__c":"vy 2"},{"LastModifiedDate":"2019-06-06T07:52:25.000Z","StudentId__c":"HS100153","IsDeleted":false,"Score1__c":4.00,"Score2__c":7.00,"Gender__c":true,"Score3__c":9.00,"Class__c":"a0H0o00000fKa5nEAC","Name":"truong vy 3","SystemModstamp":"2019-06-06T07:52:25.000Z","AverageScore__c":6.67,"CreatedById":"0050o00000WkyGGAAZ","Birthday__c":"2011-03-21T00:00:00.000Z","Namel__c":"truong","CreatedDate":"2019-06-06T07:52:25.000Z","Id":"a0I0o000019bWkCEAU","LastModifiedById":"0050o00000WkyGGAAZ","State__c":"Passed","Namef__c":"vy 3"},{"LastModifiedDate":"2019-06-06T07:52:25.000Z","StudentId__c":"HS100154","IsDeleted":false,"Score1__c":4.00,"Score2__c":7.00,"Gender__c":true,"Score3__c":0.00,"Class__c":"a0H0o00000fKa5nEAC","Name":"truong vy 4","SystemModstamp":"2019-06-06T07:52:25.000Z","AverageScore__c":3.67,"CreatedById":"0050o00000WkyGGAAZ","Birthday__c":"2011-03-21T00:00:00.000Z","Namel__c":"truong","CreatedDate":"2019-06-06T07:52:25.000Z","Id":"a0I0o000019bWkDEAU","LastModifiedById":"0050o00000WkyGGAAZ","State__c":"Failed","Namef__c":"vy 4"},{"LastModifiedDate":"2019-06-06T07:52:25.000Z","StudentId__c":"HS100155","IsDeleted":false,"Score1__c":4.00,"Score2__c":0.00,"Gender__c":true,"Score3__c":9.00,"Class__c":"a0H0o00000fKa5nEAC","Name":"truong vy 5","SystemModstamp":"2019-06-06T07:52:25.000Z","AverageScore__c":4.33,"CreatedById":"0050o00000WkyGGAAZ","Birthday__c":"2011-03-21T00:00:00.000Z","Namel__c":"truong","CreatedDate":"2019-06-06T07:52:25.000Z","Id":"a0I0o000019bWkEEAU","LastModifiedById":"0050o00000WkyGGAAZ","State__c":"Failed","Namef__c":"vy 5"}]|0x21383ae
14:52:24.25 (134434165)|SYSTEM_MODE_ENTER|false
14:52:24.25 (134446361)|HEAP_ALLOCATE|[46]|Bytes:5
14:52:24.25 (134454610)|STATEMENT_EXECUTE|[45]
14:52:24.25 (134457001)|STATEMENT_EXECUTE|[46]
14:52:24.25 (134468033)|VARIABLE_SCOPE_BEGIN|[46]|sp|System.Savepoint|true|false
14:52:24.25 (134484163)|VARIABLE_ASSIGNMENT|[46]|sp|null|
14:52:24.25 (134488815)|STATEMENT_EXECUTE|[47]
14:52:24.25 (134490570)|STATEMENT_EXECUTE|[48]
14:52:24.25 (134491999)|STATEMENT_EXECUTE|[49]
14:52:24.25 (135762817)|USER_DEBUG|[49]|DEBUG|(Student__c:{Id=a0I0o000019bWkAEAU, IsDeleted=false, Name=truong vy 1, CreatedDate=2019-06-06 07:52:25, CreatedById=0050o00000WkyGGAAZ, LastModifiedDate=2019-06-06 07:52:25, LastModifiedById=0050o00000WkyGGAAZ, SystemModstamp=2019-06-06 07:52:25, StudentId__c=HS100151, Namef__c=vy 1, Namel__c=truong, Birthday__c=2011-03-21 00:00:00, Gender__c=true, Score1__c=4.00, Score2__c=7.00, Score3__c=9.00, AverageScore__c=6.67, State__c=Passed, StudentCode__c=null, Class__c=a0H0o00000fKa5nEAC}, Student__c:{Id=a0I0o000019bWkBEAU, IsDeleted=false, Name=truong vy 2, CreatedDate=2019-06-06 07:52:25, CreatedById=0050o00000WkyGGAAZ, LastModifiedDate=2019-06-06 07:52:25, LastModifiedById=0050o00000WkyGGAAZ, SystemModstamp=2019-06-06 07:52:25, StudentId__c=HS100152, Namef__c=vy 2, Namel__c=truong, Birthday__c=2011-03-21 00:00:00, Gender__c=true, Score1__c=4.00, Score2__c=7.00, Score3__c=9.00, AverageScore__c=6.67, State__c=Passed, StudentCode__c=null, Class__c=a0H0o00000fKa5nEAC}, Student__c:{Id=a0I0o000019bWkCEAU, IsDeleted=false, Name=truong vy 3, CreatedDate=2019-06-06 07:52:25, CreatedById=0050o00000WkyGGAAZ, LastModifiedDate=2019-06-06 07:52:25, LastModifiedById=0050o00000WkyGGAAZ, SystemModstamp=2019-06-06 07:52:25, StudentId__c=HS100153, Namef__c=vy 3, Namel__c=truong, Birthday__c=2011-03-21 00:00:00, Gender__c=true, Score1__c=4.00, Score2__c=7.00, Score3__c=9.00, AverageScore__c=6.67, State__c=Passed, StudentCode__c=null, Class__c=a0H0o00000fKa5nEAC}, Student__c:{Id=a0I0o000019bWkDEAU, IsDeleted=false, Name=truong vy 4, CreatedDate=2019-06-06 07:52:25, CreatedById=0050o00000WkyGGAAZ, LastModifiedDate=2019-06-06 07:52:25, LastModifiedById=0050o00000WkyGGAAZ, SystemModstamp=2019-06-06 07:52:25, StudentId__c=HS100154, Namef__c=vy 4, Namel__c=truong, Birthday__c=2011-03-21 00:00:00, Gender__c=true, Score1__c=4.00, Score2__c=7.00, Score3__c=0.00, AverageScore__c=3.67, State__c=Failed, StudentCode__c=null, Class__c=a0H0o00000fKa5nEAC}, Student__c:{Id=a0I0o000019bWkEEAU, IsDeleted=false, Name=truong vy 5, CreatedDate=2019-06-06 07:52:25, CreatedById=0050o00000WkyGGAAZ, LastModifiedDate=2019-06-06 07:52:25, LastModifiedById=0050o00000WkyGGAAZ, SystemModstamp=2019-06-06 07:52:25, StudentId__c=HS100155, Namef__c=vy 5, Namel__c=truong, Birthday__c=2011-03-21 00:00:00, Gender__c=true, Score1__c=4.00, Score2__c=0.00, Score3__c=9.00, AverageScore__c=4.33, State__c=Failed, StudentCode__c=null, Class__c=a0H0o00000fKa5nEAC})
14:52:24.25 (135805097)|STATEMENT_EXECUTE|[50]
14:52:24.25 (136087319)|SAVEPOINT_SET|[50]|SavepointValue0
14:52:24.25 (136102541)|HEAP_ALLOCATE|[50]|Bytes:16
14:52:24.25 (136380777)|VARIABLE_ASSIGNMENT|[50]|sp|"common.apex.runtime.impl.ApexUserSavepoint@211a2005"|0x211a2005
14:52:24.25 (136390789)|STATEMENT_EXECUTE|[51]
14:52:24.25 (136396674)|HEAP_ALLOCATE|[51]|Bytes:6
14:52:24.25 (136421785)|METHOD_ENTRY|[51]|01p0o00000GMOB6|TriggerHandle.executeNOStudentsUpdate(List<Student__c>, String)
14:52:24.25 (136454379)|VARIABLE_SCOPE_BEGIN|[191]|this|TriggerHandle|true|false
14:52:24.25 (136477040)|VARIABLE_ASSIGNMENT|[191]|this|{}|0x12e148d2
14:52:24.25 (136485240)|VARIABLE_SCOPE_BEGIN|[191]|studentList|List<Student__c>|true|false
14:52:24.25 (137237498)|VARIABLE_ASSIGNMENT|[191]|studentList|[{"LastModifiedDate":"2019-06-06T07:52:25.000Z","StudentId__c":"HS100151","IsDeleted":false,"Score1__c":4.00,"Score2__c":7.00,"Gender__c":true,"Score3__c":9.00,"Class__c":"a0H0o00000fKa5nEAC","Name":"truong vy 1","SystemModstamp":"2019-06-06T07:52:25.000Z","AverageScore__c":6.67,"CreatedById":"0050o00000WkyGGAAZ","Birthday__c":"2011-03-21T00:00:00.000Z","Namel__c":"truong","CreatedDate":"2019-06-06T07:52:25.000Z","Id":"a0I0o000019bWkAEAU","LastModifiedById":"0050o00000WkyGGAAZ","State__c":"Passed","Namef__c":"vy 1"},{"LastModifiedDate":"2019-06-06T07:52:25.000Z","StudentId__c":"HS100152","IsDeleted":false,"Score1__c":4.00,"Score2__c":7.00,"Gender__c":true,"Score3__c":9.00,"Class__c":"a0H0o00000fKa5nEAC","Name":"truong vy 2","SystemModstamp":"2019-06-06T07:52:25.000Z","AverageScore__c":6.67,"CreatedById":"0050o00000WkyGGAAZ","Birthday__c":"2011-03-21T00:00:00.000Z","Namel__c":"truong","CreatedDate":"2019-06-06T07:52:25.000Z","Id":"a0I0o000019bWkBEAU","LastModifiedById":"0050o00000WkyGGAAZ","State__c":"Passed","Namef__c":"vy 2"},{"LastModifiedDate":"2019-06-06T07:52:25.000Z","StudentId__c":"HS100153","IsDeleted":false,"Score1__c":4.00,"Score2__c":7.00,"Gender__c":true,"Score3__c":9.00,"Class__c":"a0H0o00000fKa5nEAC","Name":"truong vy 3","SystemModstamp":"2019-06-06T07:52:25.000Z","AverageScore__c":6.67,"CreatedById":"0050o00000WkyGGAAZ","Birthday__c":"2011-03-21T00:00:00.000Z","Namel__c":"truong","CreatedDate":"2019-06-06T07:52:25.000Z","Id":"a0I0o000019bWkCEAU","LastModifiedById":"0050o00000WkyGGAAZ","State__c":"Passed","Namef__c":"vy 3"},{"LastModifiedDate":"2019-06-06T07:52:25.000Z","StudentId__c":"HS100154","IsDeleted":false,"Score1__c":4.00,"Score2__c":7.00,"Gender__c":true,"Score3__c":0.00,"Class__c":"a0H0o00000fKa5nEAC","Name":"truong vy 4","SystemModstamp":"2019-06-06T07:52:25.000Z","AverageScore__c":3.67,"CreatedById":"0050o00000WkyGGAAZ","Birthday__c":"2011-03-21T00:00:00.000Z","Namel__c":"truong","CreatedDate":"2019-06-06T07:52:25.000Z","Id":"a0I0o000019bWkDEAU","LastModifiedById":"0050o00000WkyGGAAZ","State__c":"Failed","Namef__c":"vy 4"},{"LastModifiedDate":"2019-06-06T07:52:25.000Z","StudentId__c":"HS100155","IsDeleted":false,"Score1__c":4.00,"Score2__c":0.00,"Gender__c":true,"Score3__c":9.00,"Class__c":"a0H0o00000fKa5nEAC","Name":"truong vy 5","SystemModstamp":"2019-06-06T07:52:25.000Z","AverageScore__c":4.33,"CreatedById":"0050o00000WkyGGAAZ","Birthday__c":"2011-03-21T00:00:00.000Z","Namel__c":"truong","CreatedDate":"2019-06-06T07:52:25.000Z","Id":"a0I0o000019bWkEEAU","LastModifiedById":"0050o00000WkyGGAAZ","State__c":"Failed","Namef__c":"vy 5"}]|0x21383ae
14:52:24.25 (137274313)|VARIABLE_SCOPE_BEGIN|[191]|action|String|false|false
14:52:24.25 (137284892)|VARIABLE_ASSIGNMENT|[191]|action|"insert"
14:52:24.25 (137304384)|HEAP_ALLOCATE|[193]|Bytes:5
14:52:24.25 (137310329)|STATEMENT_EXECUTE|[192]
14:52:24.25 (137312305)|STATEMENT_EXECUTE|[193]
14:52:24.25 (137331280)|HEAP_ALLOCATE|[193]|Bytes:4
14:52:24.25 (137348200)|VARIABLE_SCOPE_BEGIN|[193]|classIDMap|Map<Id,Integer>|true|false
14:52:24.25 (137365795)|VARIABLE_ASSIGNMENT|[193]|classIDMap|{}|0x3f33363f
14:52:24.25 (137414808)|HEAP_ALLOCATE|[196]|Bytes:5
14:52:24.25 (137437063)|VARIABLE_SCOPE_BEGIN|[196]|s|Student__c|true|false
14:52:24.25 (137617799)|VARIABLE_ASSIGNMENT|[196]|s|{"LastModifiedDate":"2019-06-06T07:52:25.000Z","StudentId__c":"HS100151","IsDeleted":false,"Score1__c":4.00,"Score2__c":7.00,"Gender__c":true,"Score3__c":9.00,"Class__c":"a0H0o00000fKa5nEAC","Name":"truong vy 1","SystemModstamp":"2019-06-06T07:52:25.000Z","AverageScore__c":6.67,"CreatedById":"0050o00000WkyGGAAZ","Birthday__c":"2011-03-21T00:00:00.000Z","Namel__c":"truong","CreatedDate":"2019-06-06T07:52:25.000Z","Id":"a0I0o000019bWkAEAU","LastModifiedById":"0050o00000WkyGGAAZ","State__c":"Passed","Namef__c":"vy 1"}|0x2123dc84
14:52:24.25 (137632200)|STATEMENT_EXECUTE|[197]
14:52:24.25 (137703963)|STATEMENT_EXECUTE|[203]
14:52:24.25 (137706771)|STATEMENT_EXECUTE|[204]
14:52:24.25 (137729289)|HEAP_ALLOCATE|[204]|Bytes:4
14:52:24.25 (137738971)|HEAP_ALLOCATE|[EXTERNAL]|Bytes:-4
14:52:24.25 (137756860)|HEAP_ALLOCATE|[196]|Bytes:5
14:52:24.25 (137771614)|VARIABLE_SCOPE_BEGIN|[196]|s|Student__c|true|false
14:52:24.25 (137930428)|VARIABLE_ASSIGNMENT|[196]|s|{"LastModifiedDate":"2019-06-06T07:52:25.000Z","StudentId__c":"HS100152","IsDeleted":false,"Score1__c":4.00,"Score2__c":7.00,"Gender__c":true,"Score3__c":9.00,"Class__c":"a0H0o00000fKa5nEAC","Name":"truong vy 2","SystemModstamp":"2019-06-06T07:52:25.000Z","AverageScore__c":6.67,"CreatedById":"0050o00000WkyGGAAZ","Birthday__c":"2011-03-21T00:00:00.000Z","Namel__c":"truong","CreatedDate":"2019-06-06T07:52:25.000Z","Id":"a0I0o000019bWkBEAU","LastModifiedById":"0050o00000WkyGGAAZ","State__c":"Passed","Namef__c":"vy 2"}|0x51c9daad
14:52:24.25 (137943175)|STATEMENT_EXECUTE|[197]
14:52:24.25 (137958320)|STATEMENT_EXECUTE|[199]
14:52:24.25 (137960161)|STATEMENT_EXECUTE|[200]
14:52:24.25 (137993035)|HEAP_ALLOCATE|[200]|Bytes:4
14:52:24.25 (138010944)|HEAP_ALLOCATE|[196]|Bytes:5
14:52:24.25 (138024930)|VARIABLE_SCOPE_BEGIN|[196]|s|Student__c|true|false
14:52:24.25 (138183602)|VARIABLE_ASSIGNMENT|[196]|s|{"LastModifiedDate":"2019-06-06T07:52:25.000Z","StudentId__c":"HS100153","IsDeleted":false,"Score1__c":4.00,"Score2__c":7.00,"Gender__c":true,"Score3__c":9.00,"Class__c":"a0H0o00000fKa5nEAC","Name":"truong vy 3","SystemModstamp":"2019-06-06T07:52:25.000Z","AverageScore__c":6.67,"CreatedById":"0050o00000WkyGGAAZ","Birthday__c":"2011-03-21T00:00:00.000Z","Namel__c":"truong","CreatedDate":"2019-06-06T07:52:25.000Z","Id":"a0I0o000019bWkCEAU","LastModifiedById":"0050o00000WkyGGAAZ","State__c":"Passed","Namef__c":"vy 3"}|0x42a69783
14:52:24.25 (138195857)|STATEMENT_EXECUTE|[197]
14:52:24.25 (138210279)|STATEMENT_EXECUTE|[199]
14:52:24.25 (138212031)|STATEMENT_EXECUTE|[200]
14:52:24.25 (138225327)|HEAP_ALLOCATE|[200]|Bytes:4
14:52:24.25 (138240806)|HEAP_ALLOCATE|[196]|Bytes:5
14:52:24.25 (138253402)|VARIABLE_SCOPE_BEGIN|[196]|s|Student__c|true|false
14:52:24.25 (138412606)|VARIABLE_ASSIGNMENT|[196]|s|{"LastModifiedDate":"2019-06-06T07:52:25.000Z","StudentId__c":"HS100154","IsDeleted":false,"Score1__c":4.00,"Score2__c":7.00,"Gender__c":true,"Score3__c":0.00,"Class__c":"a0H0o00000fKa5nEAC","Name":"truong vy 4","SystemModstamp":"2019-06-06T07:52:25.000Z","AverageScore__c":3.67,"CreatedById":"0050o00000WkyGGAAZ","Birthday__c":"2011-03-21T00:00:00.000Z","Namel__c":"truong","CreatedDate":"2019-06-06T07:52:25.000Z","Id":"a0I0o000019bWkDEAU","LastModifiedById":"0050o00000WkyGGAAZ","State__c":"Failed","Namef__c":"vy 4"}|0x6402d326
14:52:24.25 (138424573)|STATEMENT_EXECUTE|[197]
14:52:24.25 (138437552)|STATEMENT_EXECUTE|[199]
14:52:24.25 (138439245)|STATEMENT_EXECUTE|[200]
14:52:24.25 (138451891)|HEAP_ALLOCATE|[200]|Bytes:4
14:52:24.25 (138466921)|HEAP_ALLOCATE|[196]|Bytes:5
14:52:24.25 (138478643)|VARIABLE_SCOPE_BEGIN|[196]|s|Student__c|true|false
14:52:24.25 (138632521)|VARIABLE_ASSIGNMENT|[196]|s|{"LastModifiedDate":"2019-06-06T07:52:25.000Z","StudentId__c":"HS100155","IsDeleted":false,"Score1__c":4.00,"Score2__c":0.00,"Gender__c":true,"Score3__c":9.00,"Class__c":"a0H0o00000fKa5nEAC","Name":"truong vy 5","SystemModstamp":"2019-06-06T07:52:25.000Z","AverageScore__c":4.33,"CreatedById":"0050o00000WkyGGAAZ","Birthday__c":"2011-03-21T00:00:00.000Z","Namel__c":"truong","CreatedDate":"2019-06-06T07:52:25.000Z","Id":"a0I0o000019bWkEEAU","LastModifiedById":"0050o00000WkyGGAAZ","State__c":"Failed","Namef__c":"vy 5"}|0x5b7ae4de
14:52:24.25 (138644243)|STATEMENT_EXECUTE|[197]
14:52:24.25 (138657189)|STATEMENT_EXECUTE|[199]
14:52:24.25 (138661410)|STATEMENT_EXECUTE|[200]
14:52:24.25 (138673523)|HEAP_ALLOCATE|[200]|Bytes:4
14:52:24.25 (138687623)|HEAP_ALLOCATE|[196]|Bytes:5
14:52:24.25 (138699379)|VARIABLE_ASSIGNMENT|[196]|s|null|
14:52:24.25 (138705702)|STATEMENT_EXECUTE|[207]
14:52:24.25 (138709103)|HEAP_ALLOCATE|[207]|Bytes:44
14:52:24.25 (138728127)|HEAP_ALLOCATE|[207]|Bytes:4
14:52:24.25 (138913364)|SOQL_EXECUTE_BEGIN|[207]|Aggregations:0|SELECT id, NumberOfStudents__c FROM Class__c
14:52:24.25 (141799741)|SOQL_EXECUTE_END|[207]|Rows:4
14:52:24.25 (141834575)|HEAP_ALLOCATE|[207]|Bytes:20
14:52:24.25 (141861081)|HEAP_ALLOCATE|[207]|Bytes:352
14:52:24.25 (141905998)|HEAP_ALLOCATE|[207]|Bytes:20
14:52:24.25 (141921163)|VARIABLE_SCOPE_BEGIN|[207]|classList|List<Class__c>|true|false
14:52:24.25 (141963253)|VARIABLE_ASSIGNMENT|[207]|classList|[{"Id":"a0H0o00000fKa5mEAC","NumberOfStudents__c":0},{"Id":"a0H0o00000fKa5nEAC","NumberOfStudents__c":0},{"Id":"a0H0o00000fKa5oEAC","NumberOfStudents__c":0},{"Id":"a0H0o00000fKa5pEAC","NumberOfStudents__c":0}]|0x70ecc617
14:52:24.25 (141973502)|STATEMENT_EXECUTE|[208]
14:52:24.25 (142033693)|HEAP_ALLOCATE|[208]|Bytes:12
14:52:24.25 (142093167)|HEAP_ALLOCATE|[208]|Bytes:28
14:52:24.25 (142114778)|USER_DEBUG|[208]|DEBUG|0
14:52:24.25 (142256996)|HEAP_ALLOCATE|[210]|Bytes:5
14:52:24.25 (142282934)|HEAP_ALLOCATE|[210]|Bytes:12
14:52:24.25 (142291617)|VARIABLE_SCOPE_BEGIN|[210]|c|Class__c|true|false
14:52:24.25 (142309645)|VARIABLE_ASSIGNMENT|[210]|c|{"Id":"a0H0o00000fKa5mEAC","NumberOfStudents__c":0}|0x41971de4
14:52:24.25 (142316746)|STATEMENT_EXECUTE|[211]
14:52:24.25 (142363421)|STATEMENT_EXECUTE|[212]
14:52:24.25 (142374016)|HEAP_ALLOCATE|[210]|Bytes:5
14:52:24.25 (142385654)|HEAP_ALLOCATE|[210]|Bytes:12
14:52:24.25 (142391590)|VARIABLE_SCOPE_BEGIN|[210]|c|Class__c|true|false
14:52:24.25 (142405744)|VARIABLE_ASSIGNMENT|[210]|c|{"Id":"a0H0o00000fKa5nEAC","NumberOfStudents__c":0}|0x1d58a292
14:52:24.25 (142411515)|STATEMENT_EXECUTE|[211]
14:52:24.25 (142426076)|STATEMENT_EXECUTE|[213]
14:52:24.25 (142473478)|STATEMENT_EXECUTE|[215]
14:52:24.25 (142475544)|STATEMENT_EXECUTE|[216]
14:52:24.25 (142506859)|HEAP_ALLOCATE|[216]|Bytes:28
14:52:24.25 (142513134)|HEAP_ALLOCATE|[216]|Bytes:28
14:52:24.25 (142521491)|HEAP_ALLOCATE|[216]|Bytes:28
14:52:24.25 (142564016)|HEAP_ALLOCATE|[216]|Bytes:28
14:52:24.25 (142568953)|HEAP_ALLOCATE|[216]|Bytes:28
14:52:24.25 (142645877)|VARIABLE_ASSIGNMENT|[216]|this.NumberOfStudents__c|5|0x1d58a292
14:52:24.25 (142654631)|STATEMENT_EXECUTE|[224]
14:52:24.25 (142694941)|HEAP_ALLOCATE|[224]|Bytes:8
14:52:24.25 (142714007)|DML_BEGIN|[224]|Op:Update|Type:Class__c|Rows:1
14:52:24.25 (142744366)|HEAP_ALLOCATE|[EXTERNAL]|Bytes:8
14:52:24.25 (158909946)|DML_END|[224]
14:52:24.25 (158934157)|STATEMENT_EXECUTE|[226]
14:52:24.25 (159062516)|HEAP_ALLOCATE|[210]|Bytes:5
14:52:24.25 (159092369)|HEAP_ALLOCATE|[210]|Bytes:12
14:52:24.25 (159106977)|VARIABLE_SCOPE_BEGIN|[210]|c|Class__c|true|false
14:52:24.25 (159139386)|VARIABLE_ASSIGNMENT|[210]|c|{"Id":"a0H0o00000fKa5oEAC","NumberOfStudents__c":0}|0x3c08420
14:52:24.25 (159147554)|STATEMENT_EXECUTE|[211]
14:52:24.25 (159168039)|STATEMENT_EXECUTE|[212]
14:52:24.25 (159176823)|HEAP_ALLOCATE|[210]|Bytes:5
14:52:24.25 (159188471)|HEAP_ALLOCATE|[210]|Bytes:12
14:52:24.25 (159194532)|VARIABLE_SCOPE_BEGIN|[210]|c|Class__c|true|false
14:52:24.25 (159208804)|VARIABLE_ASSIGNMENT|[210]|c|{"Id":"a0H0o00000fKa5pEAC","NumberOfStudents__c":0}|0x3eab4b9
14:52:24.25 (159215260)|STATEMENT_EXECUTE|[211]
14:52:24.25 (159226722)|STATEMENT_EXECUTE|[212]
14:52:24.25 (159233566)|HEAP_ALLOCATE|[210]|Bytes:5
14:52:24.25 (159244664)|VARIABLE_ASSIGNMENT|[210]|c|null|
14:52:24.25 (159263531)|METHOD_EXIT|[51]|01p0o00000GMOB6|TriggerHandle.executeNOStudentsUpdate(List<Student__c>, String)
14:52:24.25 (159270142)|STATEMENT_EXECUTE|[52]
14:52:24.25 (159292080)|METHOD_ENTRY|[52]|01p0o00000GMOB6|TriggerHandle.executeNOFAPStudentsUpdate(List<Student__c>, String)
14:52:24.25 (159318345)|VARIABLE_SCOPE_BEGIN|[118]|this|TriggerHandle|true|false
14:52:24.25 (159341477)|VARIABLE_ASSIGNMENT|[118]|this|{}|0x12e148d2
14:52:24.25 (159349420)|VARIABLE_SCOPE_BEGIN|[118]|studentList|List<Student__c>|true|false
14:52:24.25 (160141584)|VARIABLE_ASSIGNMENT|[118]|studentList|[{"LastModifiedDate":"2019-06-06T07:52:25.000Z","StudentId__c":"HS100151","IsDeleted":false,"Score1__c":4.00,"Score2__c":7.00,"Gender__c":true,"Score3__c":9.00,"Class__c":"a0H0o00000fKa5nEAC","Name":"truong vy 1","SystemModstamp":"2019-06-06T07:52:25.000Z","AverageScore__c":6.67,"CreatedById":"0050o00000WkyGGAAZ","Birthday__c":"2011-03-21T00:00:00.000Z","Namel__c":"truong","CreatedDate":"2019-06-06T07:52:25.000Z","Id":"a0I0o000019bWkAEAU","LastModifiedById":"0050o00000WkyGGAAZ","State__c":"Passed","Namef__c":"vy 1"},{"LastModifiedDate":"2019-06-06T07:52:25.000Z","StudentId__c":"HS100152","IsDeleted":false,"Score1__c":4.00,"Score2__c":7.00,"Gender__c":true,"Score3__c":9.00,"Class__c":"a0H0o00000fKa5nEAC","Name":"truong vy 2","SystemModstamp":"2019-06-06T07:52:25.000Z","AverageScore__c":6.67,"CreatedById":"0050o00000WkyGGAAZ","Birthday__c":"2011-03-21T00:00:00.000Z","Namel__c":"truong","CreatedDate":"2019-06-06T07:52:25.000Z","Id":"a0I0o000019bWkBEAU","LastModifiedById":"0050o00000WkyGGAAZ","State__c":"Passed","Namef__c":"vy 2"},{"LastModifiedDate":"2019-06-06T07:52:25.000Z","StudentId__c":"HS100153","IsDeleted":false,"Score1__c":4.00,"Score2__c":7.00,"Gender__c":true,"Score3__c":9.00,"Class__c":"a0H0o00000fKa5nEAC","Name":"truong vy 3","SystemModstamp":"2019-06-06T07:52:25.000Z","AverageScore__c":6.67,"CreatedById":"0050o00000WkyGGAAZ","Birthday__c":"2011-03-21T00:00:00.000Z","Namel__c":"truong","CreatedDate":"2019-06-06T07:52:25.000Z","Id":"a0I0o000019bWkCEAU","LastModifiedById":"0050o00000WkyGGAAZ","State__c":"Passed","Namef__c":"vy 3"},{"LastModifiedDate":"2019-06-06T07:52:25.000Z","StudentId__c":"HS100154","IsDeleted":false,"Score1__c":4.00,"Score2__c":7.00,"Gender__c":true,"Score3__c":0.00,"Class__c":"a0H0o00000fKa5nEAC","Name":"truong vy 4","SystemModstamp":"2019-06-06T07:52:25.000Z","AverageScore__c":3.67,"CreatedById":"0050o00000WkyGGAAZ","Birthday__c":"2011-03-21T00:00:00.000Z","Namel__c":"truong","CreatedDate":"2019-06-06T07:52:25.000Z","Id":"a0I0o000019bWkDEAU","LastModifiedById":"0050o00000WkyGGAAZ","State__c":"Failed","Namef__c":"vy 4"},{"LastModifiedDate":"2019-06-06T07:52:25.000Z","StudentId__c":"HS100155","IsDeleted":false,"Score1__c":4.00,"Score2__c":0.00,"Gender__c":true,"Score3__c":9.00,"Class__c":"a0H0o00000fKa5nEAC","Name":"truong vy 5","SystemModstamp":"2019-06-06T07:52:25.000Z","AverageScore__c":4.33,"CreatedById":"0050o00000WkyGGAAZ","Birthday__c":"2011-03-21T00:00:00.000Z","Namel__c":"truong","CreatedDate":"2019-06-06T07:52:25.000Z","Id":"a0I0o000019bWkEEAU","LastModifiedById":"0050o00000WkyGGAAZ","State__c":"Failed","Namef__c":"vy 5"}]|0x21383ae
14:52:24.25 (160179745)|VARIABLE_SCOPE_BEGIN|[118]|action|String|false|false
14:52:24.25 (160190164)|VARIABLE_ASSIGNMENT|[118]|action|"insert"
14:52:24.25 (160214822)|HEAP_ALLOCATE|[120]|Bytes:5
14:52:24.25 (160222023)|STATEMENT_EXECUTE|[119]
14:52:24.25 (160224018)|STATEMENT_EXECUTE|[120]
14:52:24.25 (160247268)|HEAP_ALLOCATE|[120]|Bytes:4
14:52:24.25 (160259599)|VARIABLE_SCOPE_BEGIN|[120]|classIDMapWithPassedStudents|Map<Id,Integer>|true|false
14:52:24.25 (160276777)|VARIABLE_ASSIGNMENT|[120]|classIDMapWithPassedStudents|{}|0x3f62ec8f
14:52:24.25 (160283485)|STATEMENT_EXECUTE|[121]
14:52:24.25 (160290484)|HEAP_ALLOCATE|[121]|Bytes:4
14:52:24.25 (160295812)|VARIABLE_SCOPE_BEGIN|[121]|classIDMapWithFaliedStudents|Map<Id,Integer>|true|false
14:52:24.25 (160306363)|VARIABLE_ASSIGNMENT|[121]|classIDMapWithFaliedStudents|{}|0x4f57970c
14:52:24.25 (160356033)|HEAP_ALLOCATE|[124]|Bytes:5
14:52:24.25 (160376033)|VARIABLE_SCOPE_BEGIN|[124]|s|Student__c|true|false
14:52:24.25 (160542769)|VARIABLE_ASSIGNMENT|[124]|s|{"LastModifiedDate":"2019-06-06T07:52:25.000Z","StudentId__c":"HS100151","IsDeleted":false,"Score1__c":4.00,"Score2__c":7.00,"Gender__c":true,"Score3__c":9.00,"Class__c":"a0H0o00000fKa5nEAC","Name":"truong vy 1","SystemModstamp":"2019-06-06T07:52:25.000Z","AverageScore__c":6.67,"CreatedById":"0050o00000WkyGGAAZ","Birthday__c":"2011-03-21T00:00:00.000Z","Namel__c":"truong","CreatedDate":"2019-06-06T07:52:25.000Z","Id":"a0I0o000019bWkAEAU","LastModifiedById":"0050o00000WkyGGAAZ","State__c":"Passed","Namef__c":"vy 1"}|0x2123dc84
14:52:24.25 (160564780)|STATEMENT_EXECUTE|[125]
14:52:24.25 (160593494)|HEAP_ALLOCATE|[127]|Bytes:6
14:52:24.25 (160646983)|STATEMENT_EXECUTE|[128]
14:52:24.25 (160678516)|STATEMENT_EXECUTE|[134]
14:52:24.25 (160680880)|STATEMENT_EXECUTE|[135]
14:52:24.25 (160701819)|HEAP_ALLOCATE|[135]|Bytes:4
14:52:24.25 (160711146)|HEAP_ALLOCATE|[EXTERNAL]|Bytes:-4
14:52:24.25 (160728640)|HEAP_ALLOCATE|[124]|Bytes:5
14:52:24.25 (160743256)|VARIABLE_SCOPE_BEGIN|[124]|s|Student__c|true|false
14:52:24.25 (160916438)|VARIABLE_ASSIGNMENT|[124]|s|{"LastModifiedDate":"2019-06-06T07:52:25.000Z","StudentId__c":"HS100152","IsDeleted":false,"Score1__c":4.00,"Score2__c":7.00,"Gender__c":true,"Score3__c":9.00,"Class__c":"a0H0o00000fKa5nEAC","Name":"truong vy 2","SystemModstamp":"2019-06-06T07:52:25.000Z","AverageScore__c":6.67,"CreatedById":"0050o00000WkyGGAAZ","Birthday__c":"2011-03-21T00:00:00.000Z","Namel__c":"truong","CreatedDate":"2019-06-06T07:52:25.000Z","Id":"a0I0o000019bWkBEAU","LastModifiedById":"0050o00000WkyGGAAZ","State__c":"Passed","Namef__c":"vy 2"}|0x51c9daad
14:52:24.25 (160934646)|STATEMENT_EXECUTE|[125]
14:52:24.25 (160957462)|STATEMENT_EXECUTE|[128]
14:52:24.25 (160969198)|STATEMENT_EXECUTE|[130]
14:52:24.25 (160971096)|STATEMENT_EXECUTE|[131]
14:52:24.25 (161003614)|HEAP_ALLOCATE|[131]|Bytes:4
14:52:24.25 (161021286)|HEAP_ALLOCATE|[124]|Bytes:5
14:52:24.25 (161034851)|VARIABLE_SCOPE_BEGIN|[124]|s|Student__c|true|false
14:52:24.25 (161194944)|VARIABLE_ASSIGNMENT|[124]|s|{"LastModifiedDate":"2019-06-06T07:52:25.000Z","StudentId__c":"HS100153","IsDeleted":false,"Score1__c":4.00,"Score2__c":7.00,"Gender__c":true,"Score3__c":9.00,"Class__c":"a0H0o00000fKa5nEAC","Name":"truong vy 3","SystemModstamp":"2019-06-06T07:52:25.000Z","AverageScore__c":6.67,"CreatedById":"0050o00000WkyGGAAZ","Birthday__c":"2011-03-21T00:00:00.000Z","Namel__c":"truong","CreatedDate":"2019-06-06T07:52:25.000Z","Id":"a0I0o000019bWkCEAU","LastModifiedById":"0050o00000WkyGGAAZ","State__c":"Passed","Namef__c":"vy 3"}|0x42a69783
14:52:24.25 (161207455)|STATEMENT_EXECUTE|[125]
14:52:24.25 (161227598)|STATEMENT_EXECUTE|[128]
14:52:24.25 (161238010)|STATEMENT_EXECUTE|[130]
14:52:24.25 (161239676)|STATEMENT_EXECUTE|[131]
14:52:24.25 (161252507)|HEAP_ALLOCATE|[131]|Bytes:4
14:52:24.25 (161268449)|HEAP_ALLOCATE|[124]|Bytes:5
14:52:24.25 (161281115)|VARIABLE_SCOPE_BEGIN|[124]|s|Student__c|true|false
14:52:24.25 (161436415)|VARIABLE_ASSIGNMENT|[124]|s|{"LastModifiedDate":"2019-06-06T07:52:25.000Z","StudentId__c":"HS100154","IsDeleted":false,"Score1__c":4.00,"Score2__c":7.00,"Gender__c":true,"Score3__c":0.00,"Class__c":"a0H0o00000fKa5nEAC","Name":"truong vy 4","SystemModstamp":"2019-06-06T07:52:25.000Z","AverageScore__c":3.67,"CreatedById":"0050o00000WkyGGAAZ","Birthday__c":"2011-03-21T00:00:00.000Z","Namel__c":"truong","CreatedDate":"2019-06-06T07:52:25.000Z","Id":"a0I0o000019bWkDEAU","LastModifiedById":"0050o00000WkyGGAAZ","State__c":"Failed","Namef__c":"vy 4"}|0x6402d326
14:52:24.25 (161448451)|STATEMENT_EXECUTE|[125]
14:52:24.25 (161468153)|STATEMENT_EXECUTE|[140]
14:52:24.25 (161493688)|STATEMENT_EXECUTE|[146]
14:52:24.25 (161496028)|STATEMENT_EXECUTE|[147]
14:52:24.25 (161512332)|HEAP_ALLOCATE|[147]|Bytes:4
14:52:24.25 (161519132)|HEAP_ALLOCATE|[EXTERNAL]|Bytes:-4
14:52:24.25 (161533165)|HEAP_ALLOCATE|[124]|Bytes:5
14:52:24.25 (161545918)|VARIABLE_SCOPE_BEGIN|[124]|s|Student__c|true|false
14:52:24.25 (161712950)|VARIABLE_ASSIGNMENT|[124]|s|{"LastModifiedDate":"2019-06-06T07:52:25.000Z","StudentId__c":"HS100155","IsDeleted":false,"Score1__c":4.00,"Score2__c":0.00,"Gender__c":true,"Score3__c":9.00,"Class__c":"a0H0o00000fKa5nEAC","Name":"truong vy 5","SystemModstamp":"2019-06-06T07:52:25.000Z","AverageScore__c":4.33,"CreatedById":"0050o00000WkyGGAAZ","Birthday__c":"2011-03-21T00:00:00.000Z","Namel__c":"truong","CreatedDate":"2019-06-06T07:52:25.000Z","Id":"a0I0o000019bWkEEAU","LastModifiedById":"0050o00000WkyGGAAZ","State__c":"Failed","Namef__c":"vy 5"}|0x5b7ae4de
14:52:24.25 (161725396)|STATEMENT_EXECUTE|[125]
14:52:24.25 (161745318)|STATEMENT_EXECUTE|[140]
14:52:24.25 (161755858)|STATEMENT_EXECUTE|[142]
14:52:24.25 (161757412)|STATEMENT_EXECUTE|[143]
14:52:24.25 (161785203)|HEAP_ALLOCATE|[143]|Bytes:4
14:52:24.25 (161801947)|HEAP_ALLOCATE|[124]|Bytes:5
14:52:24.25 (161814378)|VARIABLE_ASSIGNMENT|[124]|s|null|
14:52:24.25 (161820475)|STATEMENT_EXECUTE|[151]
14:52:24.25 (161824321)|HEAP_ALLOCATE|[151]|Bytes:77
14:52:24.25 (161841836)|HEAP_ALLOCATE|[151]|Bytes:4
14:52:24.25 (162074691)|SOQL_EXECUTE_BEGIN|[151]|Aggregations:0|SELECT id, NumberOfFailedStudents__c, NumberOfPassedStudents__c FROM Class__c
14:52:24.25 (166384239)|SOQL_EXECUTE_END|[151]|Rows:4
14:52:24.25 (166433861)|HEAP_ALLOCATE|[151]|Bytes:20
14:52:24.25 (166474445)|HEAP_ALLOCATE|[151]|Bytes:636
14:52:24.25 (166542508)|HEAP_ALLOCATE|[151]|Bytes:20
14:52:24.25 (166578782)|VARIABLE_SCOPE_BEGIN|[151]|classList|List<Class__c>|true|false
14:52:24.25 (166643100)|VARIABLE_ASSIGNMENT|[151]|classList|[{"Id":"a0H0o00000fKa5mEAC","NumberOfFailedStudents__c":0,"NumberOfPassedStudents__c":0},{"Id":"a0H0o00000fKa5nEAC","NumberOfFailedStudents__c":0,"NumberOfPassedStudents__c":0},{"Id":"a0H0o00000fKa5oEAC","NumberOfFailedStudents__c":0,"NumberOfPassedStudents__c":0},{"Id":"a0H0o00000fKa5pEAC","NumberOfFailedStudents__c":0,"NumberOfPassedStudents__c":0}]|0x70cd55ec
14:52:24.25 (166758981)|HEAP_ALLOCATE|[153]|Bytes:5
14:52:24.25 (166791042)|HEAP_ALLOCATE|[153]|Bytes:16
14:52:24.25 (166809311)|VARIABLE_SCOPE_BEGIN|[153]|c|Class__c|true|false
14:52:24.25 (166836748)|VARIABLE_ASSIGNMENT|[153]|c|{"Id":"a0H0o00000fKa5mEAC","NumberOfFailedStudents__c":0,"NumberOfPassedStudents__c":0}|0x622ad0c5
14:52:24.25 (166851489)|STATEMENT_EXECUTE|[154]
14:52:24.25 (166936172)|STATEMENT_EXECUTE|[156]
14:52:24.25 (166976268)|STATEMENT_EXECUTE|[172]
14:52:24.25 (166993965)|HEAP_ALLOCATE|[153]|Bytes:5
14:52:24.25 (167015982)|HEAP_ALLOCATE|[153]|Bytes:16
14:52:24.25 (167030389)|VARIABLE_SCOPE_BEGIN|[153]|c|Class__c|true|false
14:52:24.25 (167057089)|VARIABLE_ASSIGNMENT|[153]|c|{"Id":"a0H0o00000fKa5nEAC","NumberOfFailedStudents__c":0,"NumberOfPassedStudents__c":0}|0x1763ff47
14:52:24.25 (167068383)|STATEMENT_EXECUTE|[154]
14:52:24.25 (167091241)|STATEMENT_EXECUTE|[157]
14:52:24.25 (167152508)|STATEMENT_EXECUTE|[160]
14:52:24.25 (167155712)|STATEMENT_EXECUTE|[161]
14:52:24.25 (167213025)|HEAP_ALLOCATE|[161]|Bytes:28
14:52:24.25 (167277925)|HEAP_ALLOCATE|[161]|Bytes:28
14:52:24.25 (167286917)|HEAP_ALLOCATE|[161]|Bytes:28
14:52:24.25 (167325243)|HEAP_ALLOCATE|[161]|Bytes:28
14:52:24.25 (167332309)|HEAP_ALLOCATE|[161]|Bytes:28
14:52:24.25 (167433254)|VARIABLE_ASSIGNMENT|[161]|this.NumberOfFailedStudents__c|2|0x1763ff47
14:52:24.25 (167447391)|STATEMENT_EXECUTE|[168]
14:52:24.25 (167497458)|HEAP_ALLOCATE|[168]|Bytes:8
14:52:24.25 (167520131)|DML_BEGIN|[168]|Op:Update|Type:Class__c|Rows:1
14:52:24.25 (167577044)|HEAP_ALLOCATE|[EXTERNAL]|Bytes:8
14:52:24.25 (180074141)|DML_END|[168]
14:52:24.25 (180099030)|STATEMENT_EXECUTE|[169]
14:52:24.25 (180210382)|STATEMENT_EXECUTE|[173]
14:52:24.25 (180270728)|STATEMENT_EXECUTE|[176]
14:52:24.25 (180276157)|STATEMENT_EXECUTE|[177]
14:52:24.25 (180344905)|HEAP_ALLOCATE|[177]|Bytes:28
14:52:24.25 (180405648)|HEAP_ALLOCATE|[177]|Bytes:28
14:52:24.25 (180412030)|HEAP_ALLOCATE|[177]|Bytes:28
14:52:24.25 (180438614)|HEAP_ALLOCATE|[177]|Bytes:28
14:52:24.25 (180442821)|HEAP_ALLOCATE|[177]|Bytes:28
14:52:24.25 (180527693)|VARIABLE_ASSIGNMENT|[177]|this.NumberOfPassedStudents__c|3|0x1763ff47
14:52:24.25 (180541891)|STATEMENT_EXECUTE|[184]
14:52:24.25 (180586422)|HEAP_ALLOCATE|[184]|Bytes:8
14:52:24.25 (180608916)|DML_BEGIN|[184]|Op:Update|Type:Class__c|Rows:1
14:52:24.25 (180668944)|HEAP_ALLOCATE|[EXTERNAL]|Bytes:8
14:52:24.25 (192266245)|DML_END|[184]
14:52:24.25 (192291492)|STATEMENT_EXECUTE|[185]
14:52:24.25 (192418885)|HEAP_ALLOCATE|[153]|Bytes:5
14:52:24.25 (192449571)|HEAP_ALLOCATE|[153]|Bytes:16
14:52:24.25 (192463997)|VARIABLE_SCOPE_BEGIN|[153]|c|Class__c|true|false
14:52:24.25 (192499646)|VARIABLE_ASSIGNMENT|[153]|c|{"Id":"a0H0o00000fKa5oEAC","NumberOfFailedStudents__c":0,"NumberOfPassedStudents__c":0}|0x7b6a21cb
14:52:24.25 (192507783)|STATEMENT_EXECUTE|[154]
14:52:24.25 (192529201)|STATEMENT_EXECUTE|[156]
14:52:24.25 (192537636)|STATEMENT_EXECUTE|[172]
14:52:24.25 (192545738)|HEAP_ALLOCATE|[153]|Bytes:5
14:52:24.25 (192567989)|HEAP_ALLOCATE|[153]|Bytes:16
14:52:24.25 (192574026)|VARIABLE_SCOPE_BEGIN|[153]|c|Class__c|true|false
14:52:24.25 (192591936)|VARIABLE_ASSIGNMENT|[153]|c|{"Id":"a0H0o00000fKa5pEAC","NumberOfFailedStudents__c":0,"NumberOfPassedStudents__c":0}|0x3a5ef6ac
14:52:24.25 (192598002)|STATEMENT_EXECUTE|[154]
14:52:24.25 (192609851)|STATEMENT_EXECUTE|[156]
14:52:24.25 (192616817)|STATEMENT_EXECUTE|[172]
14:52:24.25 (192624066)|HEAP_ALLOCATE|[153]|Bytes:5
14:52:24.25 (192635274)|VARIABLE_ASSIGNMENT|[153]|c|null|
14:52:24.25 (192654546)|METHOD_EXIT|[52]|01p0o00000GMOB6|TriggerHandle.executeNOFAPStudentsUpdate(List<Student__c>, String)
14:52:24.25 (192663983)|SYSTEM_MODE_EXIT|false
14:52:24.25 (192674206)|METHOD_EXIT|[20]|01p0o00000GMOB6|TriggerHandle.onAfterInsert(List<Student__c>)
14:52:24.192 (192688211)|CUMULATIVE_LIMIT_USAGE
14:52:24.192 (192688211)|LIMIT_USAGE_FOR_NS|(default)|
  Number of SOQL queries: 3 out of 100
  Number of query rows: 12 out of 50000
  Number of SOSL queries: 0 out of 20
  Number of DML statements: 6 out of 150
  Number of DML rows: 13 out of 10000
  Maximum CPU time: 0 out of 10000
  Maximum heap size: 0 out of 6000000
  Number of callouts: 0 out of 100
  Number of Email Invocations: 0 out of 10
  Number of future calls: 0 out of 50
  Number of queueable jobs added to the queue: 0 out of 50
  Number of Mobile Apex push calls: 0 out of 10

14:52:24.192 (192688211)|CUMULATIVE_LIMIT_USAGE_END

14:52:24.25 (194103776)|CODE_UNIT_FINISHED|triggerStudent on Student trigger event AfterInsert|__sfdc_trigger/triggerStudent
14:52:24.25 (195233187)|DML_END|[63]
14:52:24.25 (195287752)|HEAP_ALLOCATE|[EXTERNAL]|Bytes:24
14:52:24.195 (195315468)|CUMULATIVE_LIMIT_USAGE
14:52:24.195 (195315468)|LIMIT_USAGE_FOR_NS|(default)|
  Number of SOQL queries: 3 out of 100
  Number of query rows: 12 out of 50000
  Number of SOSL queries: 0 out of 20
  Number of DML statements: 6 out of 150
  Number of DML rows: 13 out of 10000
  Maximum CPU time: 0 out of 10000
  Maximum heap size: 0 out of 6000000
  Number of callouts: 0 out of 100
  Number of Email Invocations: 0 out of 10
  Number of future calls: 0 out of 50
  Number of queueable jobs added to the queue: 0 out of 50
  Number of Mobile Apex push calls: 0 out of 10

14:52:24.195 (195315468)|CUMULATIVE_LIMIT_USAGE_END

14:52:24.25 (195354256)|CODE_UNIT_FINISHED|Controller_test.setup()
14:52:24.25 (196205694)|EXECUTION_FINISHED
14:52:24.204 (204847292)|USER_INFO|[EXTERNAL]|0050o00000WkyGG|ttvy@keizu.co.jp|Indochina Time|GMT+07:00
14:52:24.204 (204870672)|EXECUTION_STARTED
14:52:24.204 (204875468)|CODE_UNIT_STARTED|[EXTERNAL]|01p0o00000GMbcn|Controller_test.testGetStudent()
14:52:24.204 (205041142)|HEAP_ALLOCATE|[72]|Bytes:3
14:52:24.204 (205082459)|HEAP_ALLOCATE|[77]|Bytes:152
14:52:24.204 (205098017)|HEAP_ALLOCATE|[342]|Bytes:408
14:52:24.204 (205111570)|HEAP_ALLOCATE|[355]|Bytes:408
14:52:24.204 (205123720)|HEAP_ALLOCATE|[467]|Bytes:48
14:52:24.204 (205150238)|HEAP_ALLOCATE|[139]|Bytes:6
14:52:24.204 (205167359)|HEAP_ALLOCATE|[EXTERNAL]|Bytes:257
14:52:24.204 (205178907)|METHOD_ENTRY|[2]|01p0o00000GMbcn|Controller_test.Controller_test()
14:52:24.204 (205185118)|STATEMENT_EXECUTE|[2]
14:52:24.204 (205190050)|STATEMENT_EXECUTE|[2]
14:52:24.204 (205193951)|METHOD_EXIT|[2]|Controller_test
14:52:24.204 (205218909)|HEAP_ALLOCATE|[50]|Bytes:5
14:52:24.204 (205240241)|HEAP_ALLOCATE|[56]|Bytes:5
14:52:24.204 (205248357)|HEAP_ALLOCATE|[64]|Bytes:7
14:52:24.204 (205284079)|STATEMENT_EXECUTE|[86]
14:52:24.204 (205286308)|STATEMENT_EXECUTE|[87]
14:52:24.204 (207315295)|HEAP_ALLOCATE|[87]|Bytes:23
14:52:24.204 (207328960)|HEAP_ALLOCATE|[87]|Bytes:260
14:52:24.204 (207333716)|HEAP_ALLOCATE|[87]|Bytes:55
14:52:24.204 (207350605)|METHOD_ENTRY|[1]|01p0o00000GLKhZ|Controller.Controller()
14:52:24.204 (207357032)|STATEMENT_EXECUTE|[1]
14:52:24.204 (207364352)|STATEMENT_EXECUTE|[1]
14:52:24.204 (207743084)|SYSTEM_MODE_ENTER|false
14:52:24.204 (207762898)|HEAP_ALLOCATE|[87]|Bytes:5
14:52:24.204 (207769821)|STATEMENT_EXECUTE|[16]
14:52:24.204 (207771814)|STATEMENT_EXECUTE|[32]
14:52:24.204 (207777179)|SYSTEM_MODE_EXIT|false
14:52:24.204 (207789361)|METHOD_EXIT|[1]|Controller
14:52:24.204 (209988036)|HEAP_ALLOCATE|[87]|Bytes:36
14:52:24.204 (210011460)|CONSTRUCTOR_ENTRY|[87]|01p0o00000GLKhZ|<init>()|Controller
14:52:24.204 (210047802)|VARIABLE_SCOPE_BEGIN|[11]|this|Controller|true|false
14:52:24.204 (210116045)|VARIABLE_ASSIGNMENT|[11]|this|{}|0x4ae63bac
14:52:24.204 (210478823)|SYSTEM_MODE_ENTER|false
14:52:24.204 (210491365)|HEAP_ALLOCATE|[12]|Bytes:5
14:52:24.204 (210497576)|STATEMENT_EXECUTE|[1]
14:52:24.204 (210502020)|HEAP_ALLOCATE|[12]|Bytes:5
14:52:24.204 (210505185)|STATEMENT_EXECUTE|[2]
14:52:24.204 (210507232)|STATEMENT_EXECUTE|[3]
14:52:24.204 (210508924)|STATEMENT_EXECUTE|[4]
14:52:24.204 (210510415)|STATEMENT_EXECUTE|[5]
14:52:24.204 (210511933)|STATEMENT_EXECUTE|[6]
14:52:24.204 (210513322)|STATEMENT_EXECUTE|[7]
14:52:24.204 (210514685)|STATEMENT_EXECUTE|[8]
14:52:24.204 (210516111)|STATEMENT_EXECUTE|[9]
14:52:24.204 (210527536)|HEAP_ALLOCATE|[12]|Bytes:6
14:52:24.204 (210561735)|STATEMENT_EXECUTE|[11]
14:52:24.204 (210563903)|STATEMENT_EXECUTE|[12]
14:52:24.204 (210586942)|HEAP_ALLOCATE|[12]|Bytes:4
14:52:24.204 (210709612)|VARIABLE_ASSIGNMENT|[EXTERNAL]|this|{}|0x4ae63bac
14:52:24.204 (210725900)|VARIABLE_ASSIGNMENT|[EXTERNAL]|value|{}|0x42d1bb50
14:52:24.204 (210740360)|VARIABLE_ASSIGNMENT|[9]|this.student|{}|0x4ae63bac
14:52:24.204 (210753525)|STATEMENT_EXECUTE|[13]
14:52:24.204 (210758572)|HEAP_ALLOCATE|[13]|Bytes:184
14:52:24.204 (210764732)|HEAP_ALLOCATE|[13]|Bytes:17
14:52:24.204 (210778423)|HEAP_ALLOCATE|[13]|Bytes:24
14:52:24.204 (210793181)|CONSTRUCTOR_ENTRY|[13]|01p0o00000GLKhZ|<init>()|Controller.KeySearchDTO
14:52:24.204 (210810985)|VARIABLE_SCOPE_BEGIN|[23]|this|Controller.KeySearchDTO|true|false
14:52:24.204 (210840621)|VARIABLE_ASSIGNMENT|[23]|this|{}|0x7d979a78
14:52:24.204 (210848550)|STATEMENT_EXECUTE|[16]
14:52:24.204 (210850165)|STATEMENT_EXECUTE|[17]
14:52:24.204 (210851780)|STATEMENT_EXECUTE|[18]
14:52:24.204 (210853155)|STATEMENT_EXECUTE|[19]
14:52:24.204 (210854609)|STATEMENT_EXECUTE|[20]
14:52:24.204 (210855990)|STATEMENT_EXECUTE|[21]
14:52:24.204 (210866493)|STATEMENT_EXECUTE|[23]
14:52:24.204 (210868253)|STATEMENT_EXECUTE|[24]
14:52:24.204 (210883803)|HEAP_ALLOCATE|[24]|Bytes:4
14:52:24.204 (210942245)|VARIABLE_ASSIGNMENT|[EXTERNAL]|this|{}|0x7d979a78
14:52:24.204 (210954102)|VARIABLE_ASSIGNMENT|[EXTERNAL]|value|{}|0x34ab5dd5
14:52:24.204 (210965286)|VARIABLE_ASSIGNMENT|[21]|this.objStudentFrom|{}|0x7d979a78
14:52:24.204 (210975340)|STATEMENT_EXECUTE|[25]
14:52:24.204 (210988143)|HEAP_ALLOCATE|[25]|Bytes:4
14:52:24.204 (211037076)|VARIABLE_ASSIGNMENT|[EXTERNAL]|this|{"objStudentFrom":"0x34ab5dd5"}|0x7d979a78
14:52:24.204 (211049622)|VARIABLE_ASSIGNMENT|[EXTERNAL]|value|{}|0x5a7f08cb
14:52:24.204 (211059615)|VARIABLE_ASSIGNMENT|[20]|this.objStudentTo|{}|0x7d979a78
14:52:24.204 (211068439)|STATEMENT_EXECUTE|[26]
14:52:24.204 (211101825)|VARIABLE_ASSIGNMENT|[EXTERNAL]|this|{"objStudentFrom":"0x34ab5dd5","objStudentTo":"0x5a7f08cb"}|0x7d979a78
14:52:24.204 (211116270)|VARIABLE_ASSIGNMENT|[EXTERNAL]|value|false
14:52:24.204 (211123620)|HEAP_ALLOCATE|[17]|Bytes:5
14:52:24.204 (211130779)|VARIABLE_ASSIGNMENT|[17]|this.increasing|false|0x7d979a78
14:52:24.204 (211139314)|STATEMENT_EXECUTE|[27]
14:52:24.204 (211151432)|HEAP_ALLOCATE|[27]|Bytes:4
14:52:24.204 (211196838)|VARIABLE_ASSIGNMENT|[EXTERNAL]|this|{"increasing":false,"objStudentFrom":"0x34ab5dd5","objStudentTo":"0x5a7f08cb"}|0x7d979a78
14:52:24.204 (211208642)|VARIABLE_ASSIGNMENT|[EXTERNAL]|value|{}|0x66584b15
14:52:24.204 (211218089)|VARIABLE_ASSIGNMENT|[18]|this.studentName|{}|0x7d979a78
14:52:24.204 (211227327)|STATEMENT_EXECUTE|[28]
14:52:24.204 (211264580)|VARIABLE_ASSIGNMENT|[EXTERNAL]|this|{"increasing":false,"objStudentFrom":"0x34ab5dd5","objStudentTo":"0x5a7f08cb","studentName":"0x66584b15"}|0x7d979a78
14:52:24.204 (211275178)|VARIABLE_ASSIGNMENT|[EXTERNAL]|value|""
14:52:24.204 (211283708)|VARIABLE_ASSIGNMENT|[19]|this.className|""|0x7d979a78
14:52:24.204 (211293657)|CONSTRUCTOR_EXIT|[13]|01p0o00000GLKhZ|<init>()|Controller.KeySearchDTO
14:52:24.204 (211322415)|VARIABLE_ASSIGNMENT|[EXTERNAL]|this|{"student":"0x42d1bb50"}|0x4ae63bac
14:52:24.204 (211342627)|VARIABLE_ASSIGNMENT|[EXTERNAL]|value|{"className":"","increasing":false,"objStudentFrom":"0x34ab5dd5","objStudentTo":"0x5a7f08cb","studentName":"0x66584b15"}|0x7d979a78
14:52:24.204 (211352936)|VARIABLE_ASSIGNMENT|[3]|this.objKeySearch|0x7d979a78|0x4ae63bac
14:52:24.204 (211364406)|SYSTEM_MODE_EXIT|false
14:52:24.204 (211372361)|CONSTRUCTOR_EXIT|[87]|01p0o00000GLKhZ|<init>()|Controller
14:52:24.204 (211379948)|VARIABLE_SCOPE_BEGIN|[87]|controller|Controller|true|false
14:52:24.204 (211402274)|VARIABLE_ASSIGNMENT|[87]|controller|{"objKeySearch":"0x7d979a78","student":"0x42d1bb50"}|0x4ae63bac
14:52:24.204 (211408941)|STATEMENT_EXECUTE|[88]
14:52:24.204 (211418887)|HEAP_ALLOCATE|[88]|Bytes:4
14:52:24.204 (211464614)|VARIABLE_SCOPE_BEGIN|[88]|studentComparison|List<Controller.StudentDTO>|true|false
14:52:24.204 (211491611)|HEAP_ALLOCATE|[EXTERNAL]|Bytes:4
14:52:24.204 (211503411)|VARIABLE_ASSIGNMENT|[88]|studentComparison|[]|0x77555a92
14:52:24.204 (211509397)|STATEMENT_EXECUTE|[89]
14:52:24.204 (211516078)|HEAP_ALLOCATE|[89]|Bytes:4
14:52:24.204 (211530775)|VARIABLE_SCOPE_BEGIN|[89]|studentQuery|List<Controller.StudentDTO>|true|false
14:52:24.204 (211544429)|HEAP_ALLOCATE|[EXTERNAL]|Bytes:4
14:52:24.204 (211556825)|VARIABLE_ASSIGNMENT|[89]|studentQuery|[]|0x53f1a78e
14:52:24.204 (211562549)|STATEMENT_EXECUTE|[91]
14:52:24.204 (211597209)|VARIABLE_ASSIGNMENT|[EXTERNAL]|this|{"objKeySearch":"0x7d979a78","student":"0x42d1bb50"}|0x4ae63bac
14:52:24.204 (211630480)|VARIABLE_ASSIGNMENT|[EXTERNAL]|this|{"className":"","increasing":false,"objStudentFrom":"0x34ab5dd5","objStudentTo":"0x5a7f08cb","studentName":"0x66584b15"}|0x7d979a78
14:52:24.204 (211642159)|VARIABLE_ASSIGNMENT|[EXTERNAL]|value|true
14:52:24.204 (211648925)|HEAP_ALLOCATE|[17]|Bytes:5
14:52:24.204 (211655883)|VARIABLE_ASSIGNMENT|[17]|this.increasing|true|0x7d979a78
14:52:24.204 (211663918)|STATEMENT_EXECUTE|[92]
14:52:24.204 (211680021)|HEAP_ALLOCATE|[92]|Bytes:4
14:52:24.204 (211689786)|HEAP_ALLOCATE|[92]|Bytes:3
14:52:24.204 (211744656)|VARIABLE_ASSIGNMENT|[92]|this.Name|"zzz"|0x2eafe15
14:52:24.204 (211790059)|VARIABLE_ASSIGNMENT|[EXTERNAL]|this|{"objKeySearch":"0x7d979a78","student":"0x42d1bb50"}|0x4ae63bac
14:52:24.204 (211820297)|VARIABLE_ASSIGNMENT|[EXTERNAL]|this|{"className":"","increasing":true,"objStudentFrom":"0x34ab5dd5","objStudentTo":"0x5a7f08cb","studentName":"0x66584b15"}|0x7d979a78
14:52:24.204 (211831502)|VARIABLE_ASSIGNMENT|[EXTERNAL]|value|{"Name":"zzz"}|0x2eafe15
14:52:24.204 (211841941)|VARIABLE_ASSIGNMENT|[18]|this.studentName|{"Name":"zzz"}|0x7d979a78
14:52:24.204 (211850570)|STATEMENT_EXECUTE|[93]
14:52:24.204 (211854945)|HEAP_ALLOCATE|[93]|Bytes:4
14:52:24.204 (211881260)|VARIABLE_ASSIGNMENT|[EXTERNAL]|this|{"objKeySearch":"0x7d979a78","student":"0x42d1bb50"}|0x4ae63bac
14:52:24.204 (211909843)|VARIABLE_ASSIGNMENT|[EXTERNAL]|this|{"className":"","increasing":true,"objStudentFrom":"0x34ab5dd5","objStudentTo":"0x5a7f08cb","studentName":"0x2eafe15"}|0x7d979a78
14:52:24.204 (211919404)|VARIABLE_ASSIGNMENT|[EXTERNAL]|value|"Math"
14:52:24.204 (211926818)|VARIABLE_ASSIGNMENT|[19]|this.className|"Math"|0x7d979a78
14:52:24.204 (211935100)|STATEMENT_EXECUTE|[94]
14:52:24.204 (211949054)|HEAP_ALLOCATE|[94]|Bytes:4
14:52:24.204 (212006770)|HEAP_ALLOCATE|[94]|Bytes:4
14:52:24.204 (212072277)|VARIABLE_ASSIGNMENT|[94]|this.Birthday__c|"2000-01-01T00:00:00.000Z"|0x547a97b8
14:52:24.204 (212112293)|VARIABLE_ASSIGNMENT|[EXTERNAL]|this|{"objKeySearch":"0x7d979a78","student":"0x42d1bb50"}|0x4ae63bac
14:52:24.204 (212141683)|VARIABLE_ASSIGNMENT|[EXTERNAL]|this|{"className":"Math","increasing":true,"objStudentFrom":"0x34ab5dd5","objStudentTo":"0x5a7f08cb","studentName":"0x2eafe15"}|0x7d979a78
14:52:24.204 (212157009)|VARIABLE_ASSIGNMENT|[EXTERNAL]|value|{"Birthday__c":"2000-01-01T00:00:00.000Z"}|0x547a97b8
14:52:24.204 (212170814)|VARIABLE_ASSIGNMENT|[20]|this.objStudentTo|{"Birthday__c":"2000-01-01T00:00:00.000Z"}|0x7d979a78
14:52:24.204 (212179448)|STATEMENT_EXECUTE|[95]
14:52:24.204 (212193098)|HEAP_ALLOCATE|[95]|Bytes:4
14:52:24.204 (212229495)|HEAP_ALLOCATE|[95]|Bytes:4
14:52:24.204 (212273719)|VARIABLE_ASSIGNMENT|[95]|this.Birthday__c|"2000-01-01T00:00:00.000Z"|0x31a6c102
14:52:24.204 (212311827)|VARIABLE_ASSIGNMENT|[EXTERNAL]|this|{"objKeySearch":"0x7d979a78","student":"0x42d1bb50"}|0x4ae63bac
14:52:24.204 (212341189)|VARIABLE_ASSIGNMENT|[EXTERNAL]|this|{"className":"Math","increasing":true,"objStudentFrom":"0x34ab5dd5","objStudentTo":"0x547a97b8","studentName":"0x2eafe15"}|0x7d979a78
14:52:24.204 (212356048)|VARIABLE_ASSIGNMENT|[EXTERNAL]|value|{"Birthday__c":"2000-01-01T00:00:00.000Z"}|0x31a6c102
14:52:24.204 (212368976)|VARIABLE_ASSIGNMENT|[21]|this.objStudentFrom|{"Birthday__c":"2000-01-01T00:00:00.000Z"}|0x7d979a78
14:52:24.204 (212377748)|STATEMENT_EXECUTE|[97]
14:52:24.204 (212417432)|HEAP_ALLOCATE|[97]|Bytes:70
14:52:24.204 (212433738)|SYSTEM_METHOD_ENTRY|[1]|Test.Test()
14:52:24.204 (212437858)|STATEMENT_EXECUTE|[1]
14:52:24.204 (212443539)|SYSTEM_METHOD_EXIT|[1]|Test
14:52:24.204 (212462525)|METHOD_ENTRY|[97]||System.Test.startTest()
14:52:24.204 (214091363)|METHOD_EXIT|[97]||System.Test.startTest()
14:52:24.204 (214101437)|STATEMENT_EXECUTE|[98]
14:52:24.204 (214126603)|METHOD_ENTRY|[98]|01p0o00000GLKhZ|Controller.actionSearch()
14:52:24.204 (214155113)|VARIABLE_SCOPE_BEGIN|[168]|this|Controller|true|false
14:52:24.204 (214187443)|VARIABLE_ASSIGNMENT|[168]|this|{"objKeySearch":"0x7d979a78","student":"0x42d1bb50"}|0x4ae63bac
14:52:24.204 (214582873)|SYSTEM_MODE_ENTER|false
14:52:24.204 (214594559)|HEAP_ALLOCATE|[169]|Bytes:5
14:52:24.204 (214600464)|STATEMENT_EXECUTE|[168]
14:52:24.204 (214602293)|STATEMENT_EXECUTE|[169]
14:52:24.204 (214603754)|STATEMENT_EXECUTE|[169]
14:52:24.204 (214643095)|VARIABLE_ASSIGNMENT|[EXTERNAL]|this|{"objKeySearch":"0x7d979a78","student":"0x42d1bb50"}|0x4ae63bac
14:52:24.204 (214683526)|VARIABLE_ASSIGNMENT|[EXTERNAL]|this|{"className":"Math","increasing":true,"objStudentFrom":"0x31a6c102","objStudentTo":"0x547a97b8","studentName":"0x2eafe15"}|0x7d979a78
14:52:24.204 (214767078)|STATEMENT_EXECUTE|[170]
14:52:24.204 (214769785)|STATEMENT_EXECUTE|[174]
14:52:24.204 (214778876)|METHOD_ENTRY|[174]|01p0o00000GLKhZ|Controller.getStudent()
14:52:24.204 (214796504)|VARIABLE_SCOPE_BEGIN|[74]|this|Controller|true|false
14:52:24.204 (214822060)|VARIABLE_ASSIGNMENT|[74]|this|{"objKeySearch":"0x7d979a78","student":"0x42d1bb50"}|0x4ae63bac
14:52:24.204 (214838788)|HEAP_ALLOCATE|[75]|Bytes:5
14:52:24.204 (214843624)|STATEMENT_EXECUTE|[74]
14:52:24.204 (214845432)|STATEMENT_EXECUTE|[75]
14:52:24.204 (214848788)|HEAP_ALLOCATE|[75]|Bytes:274
14:52:24.204 (214869768)|HEAP_ALLOCATE|[75]|Bytes:4
14:52:24.204 (214880560)|HEAP_ALLOCATE|[75]|Bytes:7
14:52:24.204 (214910999)|VARIABLE_ASSIGNMENT|[EXTERNAL]|this|{"objKeySearch":"0x7d979a78","student":"0x42d1bb50"}|0x4ae63bac
14:52:24.204 (214941701)|VARIABLE_ASSIGNMENT|[EXTERNAL]|this|{"className":"Math","increasing":true,"objStudentFrom":"0x31a6c102","objStudentTo":"0x547a97b8","studentName":"0x2eafe15"}|0x7d979a78
14:52:24.204 (214970742)|HEAP_ALLOCATE|[75]|Bytes:7
14:52:24.204 (215000478)|VARIABLE_ASSIGNMENT|[EXTERNAL]|this|{"objKeySearch":"0x7d979a78","student":"0x42d1bb50"}|0x4ae63bac
14:52:24.204 (215048988)|VARIABLE_ASSIGNMENT|[EXTERNAL]|this|{"className":"Math","increasing":true,"objStudentFrom":"0x31a6c102","objStudentTo":"0x547a97b8","studentName":"0x2eafe15"}|0x7d979a78
14:52:24.204 (215071778)|HEAP_ALLOCATE|[75]|Bytes:7
14:52:24.204 (215101091)|VARIABLE_ASSIGNMENT|[EXTERNAL]|this|{"objKeySearch":"0x7d979a78","student":"0x42d1bb50"}|0x4ae63bac
14:52:24.204 (215131655)|VARIABLE_ASSIGNMENT|[EXTERNAL]|this|{"className":"Math","increasing":true,"objStudentFrom":"0x31a6c102","objStudentTo":"0x547a97b8","studentName":"0x2eafe15"}|0x7d979a78
14:52:24.204 (215177867)|HEAP_ALLOCATE|[75]|Bytes:7
14:52:24.204 (215211577)|VARIABLE_ASSIGNMENT|[EXTERNAL]|this|{"objKeySearch":"0x7d979a78","student":"0x42d1bb50"}|0x4ae63bac
14:52:24.204 (215242281)|VARIABLE_ASSIGNMENT|[EXTERNAL]|this|{"className":"Math","increasing":true,"objStudentFrom":"0x31a6c102","objStudentTo":"0x547a97b8","studentName":"0x2eafe15"}|0x7d979a78
14:52:24.204 (216084035)|SOQL_EXECUTE_BEGIN|[75]|Aggregations:0|SELECT Namef__c, Namel__c, Birthday__c, Gender__c, Score1__c, Score2__c, Score3__c, AverageScore__c, State__c, StudentId__c FROM Student__c WHERE (Name LIKE :tmpVar1 OR Class__r.Name LIKE :tmpVar2 OR (Student__c.Birthday__c > :tmpVar3 AND Student__c.Birthday__c < :tmpVar4))
14:52:24.204 (228691491)|SOQL_EXECUTE_END|[75]|Rows:0
14:52:24.204 (228726680)|HEAP_ALLOCATE|[75]|Bytes:4
14:52:24.204 (228746635)|HEAP_ALLOCATE|[75]|Bytes:0
14:52:24.204 (228790002)|HEAP_ALLOCATE|[75]|Bytes:4
14:52:24.204 (228806248)|VARIABLE_SCOPE_BEGIN|[75]|studentGetList|List<Student__c>|true|false
14:52:24.204 (228830814)|VARIABLE_ASSIGNMENT|[75]|studentGetList|[]|0x3f57a63a
14:52:24.204 (228838661)|STATEMENT_EXECUTE|[90]
14:52:24.204 (228849493)|HEAP_ALLOCATE|[90]|Bytes:4
14:52:24.204 (228884920)|VARIABLE_SCOPE_BEGIN|[90]|result|List<Controller.StudentDTO>|true|false
14:52:24.204 (228905463)|HEAP_ALLOCATE|[EXTERNAL]|Bytes:4
14:52:24.204 (228915219)|VARIABLE_ASSIGNMENT|[90]|result|[]|0x5b4ff776
14:52:24.204 (228973969)|HEAP_ALLOCATE|[91]|Bytes:5
14:52:24.204 (228992466)|VARIABLE_ASSIGNMENT|[91]|s|null|
14:52:24.204 (228998281)|STATEMENT_EXECUTE|[91]
14:52:24.204 (229000844)|STATEMENT_EXECUTE|[94]
14:52:24.204 (229059670)|VARIABLE_ASSIGNMENT|[EXTERNAL]|this|{"objKeySearch":"0x7d979a78","student":"0x42d1bb50"}|0x4ae63bac
14:52:24.204 (229105874)|VARIABLE_ASSIGNMENT|[EXTERNAL]|this|{"className":"Math","increasing":true,"objStudentFrom":"0x31a6c102","objStudentTo":"0x547a97b8","studentName":"0x2eafe15"}|0x7d979a78
14:52:24.204 (229136307)|METHOD_ENTRY|[94]|01p0o00000GLKhZ|Controller.sort(List<Controller.StudentDTO>, Boolean)
14:52:24.204 (229144455)|VARIABLE_SCOPE_BEGIN|[97]|this|Controller|true|false
14:52:24.204 (229166836)|VARIABLE_ASSIGNMENT|[97]|this|{"objKeySearch":"0x7d979a78","student":"0x42d1bb50"}|0x4ae63bac
14:52:24.204 (229173776)|VARIABLE_SCOPE_BEGIN|[97]|l|List<Controller.StudentDTO>|true|false
14:52:24.204 (229183488)|VARIABLE_ASSIGNMENT|[97]|l|[]|0x5b4ff776
14:52:24.204 (229189439)|VARIABLE_SCOPE_BEGIN|[97]|increasing|Boolean|false|false
14:52:24.204 (229197695)|VARIABLE_ASSIGNMENT|[97]|increasing|true
14:52:24.204 (229218886)|HEAP_ALLOCATE|[98]|Bytes:5
14:52:24.204 (229224312)|STATEMENT_EXECUTE|[97]
14:52:24.204 (229226187)|STATEMENT_EXECUTE|[98]
14:52:24.204 (229234521)|HEAP_ALLOCATE|[98]|Bytes:4
14:52:24.204 (229255448)|VARIABLE_SCOPE_BEGIN|[98]|result|List<Controller.StudentDTO>|true|false
14:52:24.204 (229272567)|HEAP_ALLOCATE|[EXTERNAL]|Bytes:4
14:52:24.204 (229280538)|VARIABLE_ASSIGNMENT|[98]|result|[]|0x78ae6924
14:52:24.204 (229287553)|STATEMENT_EXECUTE|[99]
14:52:24.204 (229312334)|STATEMENT_EXECUTE|[100]
14:52:24.204 (229315124)|STATEMENT_EXECUTE|[126]
14:52:24.204 (229323687)|METHOD_EXIT|[94]|01p0o00000GLKhZ|Controller.sort(List<Controller.StudentDTO>, Boolean)
14:52:24.204 (229333005)|METHOD_EXIT|[174]|01p0o00000GLKhZ|Controller.getStudent()
14:52:24.204 (229371504)|VARIABLE_ASSIGNMENT|[EXTERNAL]|this|{"objKeySearch":"0x7d979a78","student":"0x42d1bb50"}|0x4ae63bac
14:52:24.204 (229383090)|VARIABLE_ASSIGNMENT|[EXTERNAL]|value|[]|0x78ae6924
14:52:24.204 (229395899)|VARIABLE_ASSIGNMENT|[2]|this.objStudentList|[]|0x4ae63bac
14:52:24.204 (229405641)|STATEMENT_EXECUTE|[175]
14:52:24.204 (229410396)|HEAP_ALLOCATE|[175]|Bytes:17
14:52:24.204 (229448072)|VARIABLE_ASSIGNMENT|[EXTERNAL]|this|{"objKeySearch":"0x7d979a78","objStudentList":"0x78ae6924","student":"0x42d1bb50"}|0x4ae63bac
14:52:24.204 (229489247)|HEAP_ALLOCATE|[175]|Bytes:1
14:52:24.204 (229506285)|HEAP_ALLOCATE|[175]|Bytes:18
14:52:24.204 (229539851)|VARIABLE_ASSIGNMENT|[EXTERNAL]|this|{"objKeySearch":"0x7d979a78","objStudentList":"0x78ae6924","student":"0x42d1bb50"}|0x4ae63bac
14:52:24.204 (229557664)|VARIABLE_ASSIGNMENT|[EXTERNAL]|value|"Total Students : 0"
14:52:24.204 (229568333)|VARIABLE_ASSIGNMENT|[7]|this.sumStudents|"Total Students : 0"|0x4ae63bac
14:52:24.204 (229580892)|SYSTEM_MODE_EXIT|false
14:52:24.204 (229590431)|METHOD_EXIT|[98]|01p0o00000GLKhZ|Controller.actionSearch()
14:52:24.204 (229596061)|STATEMENT_EXECUTE|[99]
14:52:24.204 (229599685)|HEAP_ALLOCATE|[99]|Bytes:51
14:52:24.204 (229616680)|HEAP_ALLOCATE|[99]|Bytes:4
14:52:24.204 (229837824)|SOQL_EXECUTE_BEGIN|[99]|Aggregations:0|SELECT id FROM Class__c WHERE className__c = 'Math'
14:52:24.204 (235346726)|SOQL_EXECUTE_END|[99]|Rows:1
14:52:24.204 (235387256)|HEAP_ALLOCATE|[99]|Bytes:8
14:52:24.204 (235408448)|HEAP_ALLOCATE|[99]|Bytes:29
14:52:24.204 (235464056)|HEAP_ALLOCATE|[99]|Bytes:8
14:52:24.204 (235487503)|HEAP_ALLOCATE|[99]|Bytes:34
14:52:24.204 (235519070)|HEAP_ALLOCATE|[99]|Bytes:8
14:52:24.204 (235534499)|VARIABLE_SCOPE_BEGIN|[99]|testClass|Class__c|true|false
14:52:24.204 (235583291)|VARIABLE_ASSIGNMENT|[99]|testClass|{"Id":"a0H0o00000fKa5nEAC"}|0x3a05929c
14:52:24.204 (235597777)|STATEMENT_EXECUTE|[100]
14:52:24.204 (235618917)|METHOD_ENTRY|[100]||System.Test.stopTest()
14:52:24.204 (236568067)|METHOD_EXIT|[100]||System.Test.stopTest()
14:52:24.204 (236580359)|STATEMENT_EXECUTE|[103]
14:52:24.204 (236661940)|HEAP_ALLOCATE|[103]|Bytes:120
14:52:24.204 (236675771)|HEAP_ALLOCATE|[103]|Bytes:11
14:52:24.204 (236697378)|HEAP_ALLOCATE|[103]|Bytes:12
14:52:24.204 (236731949)|HEAP_ALLOCATE|[103]|Bytes:4
14:52:24.204 (236749760)|HEAP_ALLOCATE|[103]|Bytes:11
14:52:24.204 (236815264)|VARIABLE_ASSIGNMENT|[103]|this.Name|"truong vy 5"|0x197ebe85
14:52:24.204 (236824619)|HEAP_ALLOCATE|[104]|Bytes:4
14:52:24.204 (236854880)|VARIABLE_ASSIGNMENT|[103]|this.Namef__c|"vy 5"|0x197ebe85
14:52:24.204 (236862420)|HEAP_ALLOCATE|[105]|Bytes:6
14:52:24.204 (236885945)|VARIABLE_ASSIGNMENT|[103]|this.Namel__c|"truong"|0x197ebe85
14:52:24.204 (236912564)|VARIABLE_ASSIGNMENT|[103]|this.Gender__c|true|0x197ebe85
14:52:24.204 (236975942)|HEAP_ALLOCATE|[107]|Bytes:4
14:52:24.204 (237032942)|VARIABLE_ASSIGNMENT|[103]|this.Birthday__c|"2011-03-21T00:00:00.000Z"|0x197ebe85
14:52:24.204 (237074192)|HEAP_ALLOCATE|[103]|Bytes:28
14:52:24.204 (237079410)|HEAP_ALLOCATE|[103]|Bytes:28
14:52:24.204 (237109445)|VARIABLE_ASSIGNMENT|[103]|this.Score1__c|4|0x197ebe85
14:52:24.204 (237121762)|HEAP_ALLOCATE|[103]|Bytes:28
14:52:24.204 (237125780)|HEAP_ALLOCATE|[103]|Bytes:28
14:52:24.204 (237148688)|VARIABLE_ASSIGNMENT|[103]|this.Score2__c|0|0x197ebe85
14:52:24.204 (237159176)|HEAP_ALLOCATE|[103]|Bytes:28
14:52:24.204 (237163182)|HEAP_ALLOCATE|[103]|Bytes:28
14:52:24.204 (237191254)|VARIABLE_ASSIGNMENT|[103]|this.Score3__c|9|0x197ebe85
14:52:24.204 (237270831)|VARIABLE_ASSIGNMENT|[103]|this.Class__c|"a0H0o00000fKa5nEAC"|0x197ebe85
14:52:24.204 (237333645)|CONSTRUCTOR_ENTRY|[103]|01p0o00000GLKhZ|<init>(Student__c)|Controller.StudentDTO
14:52:24.204 (237383494)|VARIABLE_SCOPE_BEGIN|[35]|this|Controller.StudentDTO|true|false
14:52:24.204 (237427764)|VARIABLE_ASSIGNMENT|[35]|this|{}|0x4f32b12d
14:52:24.204 (237436417)|VARIABLE_SCOPE_BEGIN|[35]|s|Student__c|true|false
14:52:24.204 (237467879)|VARIABLE_ASSIGNMENT|[35]|s|{"Name":"truong vy 5","Namef__c":"vy 5","Namel__c":"truong","Gender__c":true,"Birthday__c":"2011-03-21T00:00:00.000Z","Score1__c":4,"Score2__c":0,"Score3__c":9,"Class__c":"a0H0o00000fKa5nEAC"}|0x197ebe85
14:52:24.204 (237478590)|STATEMENT_EXECUTE|[32]
14:52:24.204 (237480701)|STATEMENT_EXECUTE|[33]
14:52:24.204 (237482644)|STATEMENT_EXECUTE|[34]
14:52:24.204 (237499620)|STATEMENT_EXECUTE|[35]
14:52:24.204 (237501352)|STATEMENT_EXECUTE|[36]
14:52:24.204 (237563298)|VARIABLE_ASSIGNMENT|[EXTERNAL]|this|{}|0x4f32b12d
14:52:24.204 (237592870)|VARIABLE_ASSIGNMENT|[EXTERNAL]|value|{"Name":"truong vy 5","Namef__c":"vy 5","Namel__c":"truong","Gender__c":true,"Birthday__c":"2011-03-21T00:00:00.000Z","Score1__c":4,"Score2__c":0,"Score3__c":9,"Class__c":"a0H0o00000fKa5nEAC"}|0x197ebe85
14:52:24.204 (237622048)|VARIABLE_ASSIGNMENT|[33]|this.student|{"Name":"truong vy 5","Namef__c":"vy 5","Namel__c":"truong","Gender__c":true,"Birthday__c":"2011-03-21T00:00:00.000Z","Score1__c":4,"Score2__c":0,"Score3__c":9,"Class__c":"a0H0o00000fKa5nEAC"}|0x4f32b12d
14:52:24.204 (237634666)|STATEMENT_EXECUTE|[37]
14:52:24.204 (237671303)|VARIABLE_ASSIGNMENT|[EXTERNAL]|this|{"student":"0x197ebe85"}|0x4f32b12d
14:52:24.204 (237684484)|VARIABLE_ASSIGNMENT|[EXTERNAL]|value|false
14:52:24.204 (237692692)|HEAP_ALLOCATE|[34]|Bytes:5
14:52:24.204 (237700638)|VARIABLE_ASSIGNMENT|[34]|this.isSelected|false|0x4f32b12d
14:52:24.204 (237714051)|CONSTRUCTOR_EXIT|[103]|01p0o00000GLKhZ|<init>(Student__c)|Controller.StudentDTO
14:52:24.204 (237733893)|HEAP_ALLOCATE|[EXTERNAL]|Bytes:4
14:52:24.204 (237745524)|STATEMENT_EXECUTE|[112]
14:52:24.204 (237751428)|HEAP_ALLOCATE|[112]|Bytes:12
14:52:24.204 (237773655)|HEAP_ALLOCATE|[112]|Bytes:4
14:52:24.204 (237783898)|HEAP_ALLOCATE|[112]|Bytes:11
14:52:24.204 (237844595)|VARIABLE_ASSIGNMENT|[112]|this.Name|"truong vy 4"|0x790a3ed1
14:52:24.204 (237858522)|HEAP_ALLOCATE|[113]|Bytes:4
14:52:24.204 (237908356)|VARIABLE_ASSIGNMENT|[112]|this.Namef__c|"vy 4"|0x790a3ed1
14:52:24.204 (237958183)|VARIABLE_ASSIGNMENT|[112]|this.Namel__c|"truong"|0x790a3ed1
14:52:24.204 (237998840)|VARIABLE_ASSIGNMENT|[112]|this.Gender__c|true|0x790a3ed1
14:52:24.204 (238047793)|HEAP_ALLOCATE|[116]|Bytes:4
14:52:24.204 (238092915)|VARIABLE_ASSIGNMENT|[112]|this.Birthday__c|"2011-03-21T00:00:00.000Z"|0x790a3ed1
14:52:24.204 (238109597)|HEAP_ALLOCATE|[112]|Bytes:28
14:52:24.204 (238114509)|HEAP_ALLOCATE|[112]|Bytes:28
14:52:24.204 (238141298)|VARIABLE_ASSIGNMENT|[112]|this.Score1__c|4|0x790a3ed1
14:52:24.204 (238152650)|HEAP_ALLOCATE|[112]|Bytes:28
14:52:24.204 (238156738)|HEAP_ALLOCATE|[112]|Bytes:28
14:52:24.204 (238178909)|VARIABLE_ASSIGNMENT|[112]|this.Score2__c|7|0x790a3ed1
14:52:24.204 (238188433)|HEAP_ALLOCATE|[112]|Bytes:28
14:52:24.204 (238192532)|HEAP_ALLOCATE|[112]|Bytes:28
14:52:24.204 (238214270)|VARIABLE_ASSIGNMENT|[112]|this.Score3__c|0|0x790a3ed1
14:52:24.204 (238253918)|VARIABLE_ASSIGNMENT|[112]|this.Class__c|"a0H0o00000fKa5nEAC"|0x790a3ed1
14:52:24.204 (238279190)|CONSTRUCTOR_ENTRY|[112]|01p0o00000GLKhZ|<init>(Student__c)|Controller.StudentDTO
14:52:24.204 (238297266)|VARIABLE_SCOPE_BEGIN|[35]|this|Controller.StudentDTO|true|false
14:52:24.204 (238316753)|VARIABLE_ASSIGNMENT|[35]|this|{}|0x3a4b3f37
14:52:24.204 (238322803)|VARIABLE_SCOPE_BEGIN|[35]|s|Student__c|true|false
14:52:24.204 (238347938)|VARIABLE_ASSIGNMENT|[35]|s|{"Name":"truong vy 4","Namef__c":"vy 4","Namel__c":"truong","Gender__c":true,"Birthday__c":"2011-03-21T00:00:00.000Z","Score1__c":4,"Score2__c":7,"Score3__c":0,"Class__c":"a0H0o00000fKa5nEAC"}|0x790a3ed1
14:52:24.204 (238357036)|STATEMENT_EXECUTE|[32]
14:52:24.204 (238359054)|STATEMENT_EXECUTE|[33]
14:52:24.204 (238360607)|STATEMENT_EXECUTE|[34]
14:52:24.204 (238372181)|STATEMENT_EXECUTE|[35]
14:52:24.204 (238374571)|STATEMENT_EXECUTE|[36]
14:52:24.204 (238394399)|VARIABLE_ASSIGNMENT|[EXTERNAL]|this|{}|0x3a4b3f37
14:52:24.204 (238432320)|VARIABLE_ASSIGNMENT|[EXTERNAL]|value|{"Name":"truong vy 4","Namef__c":"vy 4","Namel__c":"truong","Gender__c":true,"Birthday__c":"2011-03-21T00:00:00.000Z","Score1__c":4,"Score2__c":7,"Score3__c":0,"Class__c":"a0H0o00000fKa5nEAC"}|0x790a3ed1
14:52:24.204 (238474103)|VARIABLE_ASSIGNMENT|[33]|this.student|{"Name":"truong vy 4","Namef__c":"vy 4","Namel__c":"truong","Gender__c":true,"Birthday__c":"2011-03-21T00:00:00.000Z","Score1__c":4,"Score2__c":7,"Score3__c":0,"Class__c":"a0H0o00000fKa5nEAC"}|0x3a4b3f37
14:52:24.204 (238494812)|STATEMENT_EXECUTE|[37]
14:52:24.204 (238522962)|VARIABLE_ASSIGNMENT|[EXTERNAL]|this|{"student":"0x790a3ed1"}|0x3a4b3f37
14:52:24.204 (238541140)|VARIABLE_ASSIGNMENT|[EXTERNAL]|value|false
14:52:24.204 (238558568)|HEAP_ALLOCATE|[34]|Bytes:5
14:52:24.204 (238571123)|VARIABLE_ASSIGNMENT|[34]|this.isSelected|false|0x3a4b3f37
14:52:24.204 (238591535)|CONSTRUCTOR_EXIT|[112]|01p0o00000GLKhZ|<init>(Student__c)|Controller.StudentDTO
14:52:24.204 (238615504)|HEAP_ALLOCATE|[EXTERNAL]|Bytes:4
14:52:24.204 (238627079)|STATEMENT_EXECUTE|[121]
14:52:24.204 (238634918)|HEAP_ALLOCATE|[121]|Bytes:12
14:52:24.204 (238663691)|HEAP_ALLOCATE|[121]|Bytes:4
14:52:24.204 (238679926)|HEAP_ALLOCATE|[121]|Bytes:11
14:52:24.204 (238740799)|VARIABLE_ASSIGNMENT|[121]|this.Name|"truong vy 3"|0x121f7219
14:52:24.204 (238750432)|HEAP_ALLOCATE|[122]|Bytes:4
14:52:24.204 (238780378)|VARIABLE_ASSIGNMENT|[121]|this.Namef__c|"vy 3"|0x121f7219
14:52:24.204 (238804303)|VARIABLE_ASSIGNMENT|[121]|this.Namel__c|"truong"|0x121f7219
14:52:24.204 (238828482)|VARIABLE_ASSIGNMENT|[121]|this.Gender__c|true|0x121f7219
14:52:24.204 (238874959)|HEAP_ALLOCATE|[125]|Bytes:4
14:52:24.204 (238918501)|VARIABLE_ASSIGNMENT|[121]|this.Birthday__c|"2011-03-21T00:00:00.000Z"|0x121f7219
14:52:24.204 (238934858)|HEAP_ALLOCATE|[121]|Bytes:28
14:52:24.204 (238939226)|HEAP_ALLOCATE|[121]|Bytes:28
14:52:24.204 (238965206)|VARIABLE_ASSIGNMENT|[121]|this.Score1__c|4|0x121f7219
14:52:24.204 (238976228)|HEAP_ALLOCATE|[121]|Bytes:28
14:52:24.204 (238980344)|HEAP_ALLOCATE|[121]|Bytes:28
14:52:24.204 (239002174)|VARIABLE_ASSIGNMENT|[121]|this.Score2__c|7|0x121f7219
14:52:24.204 (239012843)|HEAP_ALLOCATE|[121]|Bytes:28
14:52:24.204 (239016772)|HEAP_ALLOCATE|[121]|Bytes:28
14:52:24.204 (239038870)|VARIABLE_ASSIGNMENT|[121]|this.Score3__c|9|0x121f7219
14:52:24.204 (239079964)|VARIABLE_ASSIGNMENT|[121]|this.Class__c|"a0H0o00000fKa5nEAC"|0x121f7219
14:52:24.204 (239103554)|CONSTRUCTOR_ENTRY|[121]|01p0o00000GLKhZ|<init>(Student__c)|Controller.StudentDTO
14:52:24.204 (239120889)|VARIABLE_SCOPE_BEGIN|[35]|this|Controller.StudentDTO|true|false
14:52:24.204 (239140560)|VARIABLE_ASSIGNMENT|[35]|this|{}|0x61a8bdaf
14:52:24.204 (239146668)|VARIABLE_SCOPE_BEGIN|[35]|s|Student__c|true|false
14:52:24.204 (239175504)|VARIABLE_ASSIGNMENT|[35]|s|{"Name":"truong vy 3","Namef__c":"vy 3","Namel__c":"truong","Gender__c":true,"Birthday__c":"2011-03-21T00:00:00.000Z","Score1__c":4,"Score2__c":7,"Score3__c":9,"Class__c":"a0H0o00000fKa5nEAC"}|0x121f7219
14:52:24.204 (239188517)|STATEMENT_EXECUTE|[32]
14:52:24.204 (239191055)|STATEMENT_EXECUTE|[33]
14:52:24.204 (239193376)|STATEMENT_EXECUTE|[34]
14:52:24.204 (239210476)|STATEMENT_EXECUTE|[35]
14:52:24.204 (239213135)|STATEMENT_EXECUTE|[36]
14:52:24.204 (239236321)|VARIABLE_ASSIGNMENT|[EXTERNAL]|this|{}|0x61a8bdaf
14:52:24.204 (239274797)|VARIABLE_ASSIGNMENT|[EXTERNAL]|value|{"Name":"truong vy 3","Namef__c":"vy 3","Namel__c":"truong","Gender__c":true,"Birthday__c":"2011-03-21T00:00:00.000Z","Score1__c":4,"Score2__c":7,"Score3__c":9,"Class__c":"a0H0o00000fKa5nEAC"}|0x121f7219
14:52:24.204 (239317225)|VARIABLE_ASSIGNMENT|[33]|this.student|{"Name":"truong vy 3","Namef__c":"vy 3","Namel__c":"truong","Gender__c":true,"Birthday__c":"2011-03-21T00:00:00.000Z","Score1__c":4,"Score2__c":7,"Score3__c":9,"Class__c":"a0H0o00000fKa5nEAC"}|0x61a8bdaf
14:52:24.204 (239337627)|STATEMENT_EXECUTE|[37]
14:52:24.204 (239364003)|VARIABLE_ASSIGNMENT|[EXTERNAL]|this|{"student":"0x121f7219"}|0x61a8bdaf
14:52:24.204 (239375789)|VARIABLE_ASSIGNMENT|[EXTERNAL]|value|false
14:52:24.204 (239382820)|HEAP_ALLOCATE|[34]|Bytes:5
14:52:24.204 (239390159)|VARIABLE_ASSIGNMENT|[34]|this.isSelected|false|0x61a8bdaf
14:52:24.204 (239409057)|CONSTRUCTOR_EXIT|[121]|01p0o00000GLKhZ|<init>(Student__c)|Controller.StudentDTO
14:52:24.204 (239424008)|HEAP_ALLOCATE|[EXTERNAL]|Bytes:4
14:52:24.204 (239432036)|STATEMENT_EXECUTE|[130]
14:52:24.204 (239437567)|HEAP_ALLOCATE|[130]|Bytes:12
14:52:24.204 (239458386)|HEAP_ALLOCATE|[130]|Bytes:4
14:52:24.204 (239468340)|HEAP_ALLOCATE|[130]|Bytes:11
14:52:24.204 (239512502)|VARIABLE_ASSIGNMENT|[130]|this.Name|"truong vy 2"|0x84e9439
14:52:24.204 (239521062)|HEAP_ALLOCATE|[131]|Bytes:4
14:52:24.204 (239547112)|VARIABLE_ASSIGNMENT|[130]|this.Namef__c|"vy 2"|0x84e9439
14:52:24.204 (239578607)|VARIABLE_ASSIGNMENT|[130]|this.Namel__c|"truong"|0x84e9439
14:52:24.204 (239601905)|VARIABLE_ASSIGNMENT|[130]|this.Gender__c|true|0x84e9439
14:52:24.204 (239647401)|HEAP_ALLOCATE|[134]|Bytes:4
14:52:24.204 (239689443)|VARIABLE_ASSIGNMENT|[130]|this.Birthday__c|"2011-03-21T00:00:00.000Z"|0x84e9439
14:52:24.204 (239704964)|HEAP_ALLOCATE|[130]|Bytes:28
14:52:24.204 (239709401)|HEAP_ALLOCATE|[130]|Bytes:28
14:52:24.204 (239735034)|VARIABLE_ASSIGNMENT|[130]|this.Score1__c|4|0x84e9439
14:52:24.204 (239745976)|HEAP_ALLOCATE|[130]|Bytes:28
14:52:24.204 (239751574)|HEAP_ALLOCATE|[130]|Bytes:28
14:52:24.204 (239803844)|VARIABLE_ASSIGNMENT|[130]|this.Score2__c|7|0x84e9439
14:52:24.204 (239828384)|HEAP_ALLOCATE|[130]|Bytes:28
14:52:24.204 (239836292)|HEAP_ALLOCATE|[130]|Bytes:28
14:52:24.204 (239883719)|VARIABLE_ASSIGNMENT|[130]|this.Score3__c|9|0x84e9439
14:52:24.204 (239964794)|VARIABLE_ASSIGNMENT|[130]|this.Class__c|"a0H0o00000fKa5nEAC"|0x84e9439
14:52:24.204 (240001978)|CONSTRUCTOR_ENTRY|[130]|01p0o00000GLKhZ|<init>(Student__c)|Controller.StudentDTO
14:52:24.204 (240029888)|VARIABLE_SCOPE_BEGIN|[35]|this|Controller.StudentDTO|true|false
14:52:24.204 (240059756)|VARIABLE_ASSIGNMENT|[35]|this|{}|0x17d41a49
14:52:24.204 (240069730)|VARIABLE_SCOPE_BEGIN|[35]|s|Student__c|true|false
14:52:24.204 (240110977)|VARIABLE_ASSIGNMENT|[35]|s|{"Name":"truong vy 2","Namef__c":"vy 2","Namel__c":"truong","Gender__c":true,"Birthday__c":"2011-03-21T00:00:00.000Z","Score1__c":4,"Score2__c":7,"Score3__c":9,"Class__c":"a0H0o00000fKa5nEAC"}|0x84e9439
14:52:24.204 (240125856)|STATEMENT_EXECUTE|[32]
14:52:24.204 (240128554)|STATEMENT_EXECUTE|[33]
14:52:24.204 (240130660)|STATEMENT_EXECUTE|[34]
14:52:24.204 (240149461)|STATEMENT_EXECUTE|[35]
14:52:24.204 (240152263)|STATEMENT_EXECUTE|[36]
14:52:24.204 (240175533)|VARIABLE_ASSIGNMENT|[EXTERNAL]|this|{}|0x17d41a49
14:52:24.204 (240212434)|VARIABLE_ASSIGNMENT|[EXTERNAL]|value|{"Name":"truong vy 2","Namef__c":"vy 2","Namel__c":"truong","Gender__c":true,"Birthday__c":"2011-03-21T00:00:00.000Z","Score1__c":4,"Score2__c":7,"Score3__c":9,"Class__c":"a0H0o00000fKa5nEAC"}|0x84e9439
14:52:24.204 (240258420)|VARIABLE_ASSIGNMENT|[33]|this.student|{"Name":"truong vy 2","Namef__c":"vy 2","Namel__c":"truong","Gender__c":true,"Birthday__c":"2011-03-21T00:00:00.000Z","Score1__c":4,"Score2__c":7,"Score3__c":9,"Class__c":"a0H0o00000fKa5nEAC"}|0x17d41a49
14:52:24.204 (240280173)|STATEMENT_EXECUTE|[37]
14:52:24.204 (240308492)|VARIABLE_ASSIGNMENT|[EXTERNAL]|this|{"student":"0x84e9439"}|0x17d41a49
14:52:24.204 (240321270)|VARIABLE_ASSIGNMENT|[EXTERNAL]|value|false
14:52:24.204 (240328810)|HEAP_ALLOCATE|[34]|Bytes:5
14:52:24.204 (240337449)|VARIABLE_ASSIGNMENT|[34]|this.isSelected|false|0x17d41a49
14:52:24.204 (240352009)|CONSTRUCTOR_EXIT|[130]|01p0o00000GLKhZ|<init>(Student__c)|Controller.StudentDTO
14:52:24.204 (240368473)|HEAP_ALLOCATE|[EXTERNAL]|Bytes:4
14:52:24.204 (240376402)|STATEMENT_EXECUTE|[139]
14:52:24.204 (240381779)|HEAP_ALLOCATE|[139]|Bytes:12
14:52:24.204 (240403537)|HEAP_ALLOCATE|[139]|Bytes:4
14:52:24.204 (240413599)|HEAP_ALLOCATE|[139]|Bytes:11
14:52:24.204 (240456658)|VARIABLE_ASSIGNMENT|[139]|this.Name|"truong vy 1"|0x6bc7abd6
14:52:24.204 (240465090)|HEAP_ALLOCATE|[140]|Bytes:4
14:52:24.204 (240492259)|VARIABLE_ASSIGNMENT|[139]|this.Namef__c|"vy 1"|0x6bc7abd6
14:52:24.204 (240516503)|VARIABLE_ASSIGNMENT|[139]|this.Namel__c|"truong"|0x6bc7abd6
14:52:24.204 (240540882)|VARIABLE_ASSIGNMENT|[139]|this.Gender__c|true|0x6bc7abd6
14:52:24.204 (240591726)|HEAP_ALLOCATE|[143]|Bytes:4
14:52:24.204 (240636755)|VARIABLE_ASSIGNMENT|[139]|this.Birthday__c|"2011-03-21T00:00:00.000Z"|0x6bc7abd6
14:52:24.204 (240652761)|HEAP_ALLOCATE|[139]|Bytes:28
14:52:24.204 (240657218)|HEAP_ALLOCATE|[139]|Bytes:28
14:52:24.204 (240683439)|VARIABLE_ASSIGNMENT|[139]|this.Score1__c|4|0x6bc7abd6
14:52:24.204 (240694489)|HEAP_ALLOCATE|[139]|Bytes:28
14:52:24.204 (240698863)|HEAP_ALLOCATE|[139]|Bytes:28
14:52:24.204 (240727173)|VARIABLE_ASSIGNMENT|[139]|this.Score2__c|7|0x6bc7abd6
14:52:24.204 (240744266)|HEAP_ALLOCATE|[139]|Bytes:28
14:52:24.204 (240751129)|HEAP_ALLOCATE|[139]|Bytes:28
14:52:24.204 (240795084)|VARIABLE_ASSIGNMENT|[139]|this.Score3__c|9|0x6bc7abd6
14:52:24.204 (240875660)|VARIABLE_ASSIGNMENT|[139]|this.Class__c|"a0H0o00000fKa5nEAC"|0x6bc7abd6
14:52:24.204 (240907789)|CONSTRUCTOR_ENTRY|[139]|01p0o00000GLKhZ|<init>(Student__c)|Controller.StudentDTO
14:52:24.204 (240926377)|VARIABLE_SCOPE_BEGIN|[35]|this|Controller.StudentDTO|true|false
14:52:24.204 (240946759)|VARIABLE_ASSIGNMENT|[35]|this|{}|0x3f87cf90
14:52:24.204 (240953470)|VARIABLE_SCOPE_BEGIN|[35]|s|Student__c|true|false
14:52:24.204 (240980980)|VARIABLE_ASSIGNMENT|[35]|s|{"Name":"truong vy 1","Namef__c":"vy 1","Namel__c":"truong","Gender__c":true,"Birthday__c":"2011-03-21T00:00:00.000Z","Score1__c":4,"Score2__c":7,"Score3__c":9,"Class__c":"a0H0o00000fKa5nEAC"}|0x6bc7abd6
14:52:24.204 (240990042)|STATEMENT_EXECUTE|[32]
14:52:24.204 (240991931)|STATEMENT_EXECUTE|[33]
14:52:24.204 (240993553)|STATEMENT_EXECUTE|[34]
14:52:24.204 (241005767)|STATEMENT_EXECUTE|[35]
14:52:24.204 (241008008)|STATEMENT_EXECUTE|[36]
14:52:24.204 (241023032)|VARIABLE_ASSIGNMENT|[EXTERNAL]|this|{}|0x3f87cf90
14:52:24.204 (241046782)|VARIABLE_ASSIGNMENT|[EXTERNAL]|value|{"Name":"truong vy 1","Namef__c":"vy 1","Namel__c":"truong","Gender__c":true,"Birthday__c":"2011-03-21T00:00:00.000Z","Score1__c":4,"Score2__c":7,"Score3__c":9,"Class__c":"a0H0o00000fKa5nEAC"}|0x6bc7abd6
14:52:24.204 (241069609)|VARIABLE_ASSIGNMENT|[33]|this.student|{"Name":"truong vy 1","Namef__c":"vy 1","Namel__c":"truong","Gender__c":true,"Birthday__c":"2011-03-21T00:00:00.000Z","Score1__c":4,"Score2__c":7,"Score3__c":9,"Class__c":"a0H0o00000fKa5nEAC"}|0x3f87cf90
14:52:24.204 (241081257)|STATEMENT_EXECUTE|[37]
14:52:24.204 (241097721)|VARIABLE_ASSIGNMENT|[EXTERNAL]|this|{"student":"0x6bc7abd6"}|0x3f87cf90
14:52:24.204 (241109227)|VARIABLE_ASSIGNMENT|[EXTERNAL]|value|false
14:52:24.204 (241115917)|HEAP_ALLOCATE|[34]|Bytes:5
14:52:24.204 (241123268)|VARIABLE_ASSIGNMENT|[34]|this.isSelected|false|0x3f87cf90
14:52:24.204 (241134894)|CONSTRUCTOR_EXIT|[139]|01p0o00000GLKhZ|<init>(Student__c)|Controller.StudentDTO
14:52:24.204 (241150173)|HEAP_ALLOCATE|[EXTERNAL]|Bytes:4
14:52:24.204 (241157794)|STATEMENT_EXECUTE|[149]
14:52:24.204 (241200528)|VARIABLE_ASSIGNMENT|[EXTERNAL]|this|{"objKeySearch":"0x7d979a78","objStudentList":"0x78ae6924","student":"0x42d1bb50","sumStudents":"Total Students : 0"}|0x4ae63bac
14:52:24.204 (241853274)|EXCEPTION_THROWN|[149]|System.AssertException: Assertion Failed: Expected: (StudentDTO:[isSelected=false, student=Student__c:{Name=truong vy 5, Namef__c=vy 5, Namel__c=truong, Gender__c=true, Birthday__c=2011-03-21 00:00:00, Score1__c=4, Score2__c=0, Score3__c=9, Class__c=a0H0o00000fKa5nEAC}], StudentDTO:[isSelected=false, student=Student__c:{Name=truong vy 4, Namef__c=vy 4, Namel__c=truong, Gender__c=true, Birthday__c=2011-03-21 00:00:00, Score1__c=4, Score2__c=7, Score3__c=0, Class__c=a0H0o00000fKa5nEAC}], StudentDTO:[isSelected=false, student=Student__c:{Name=truong vy 3, Namef__c=vy 3, Namel__c=truong, Gender__c=true, Birthday__c=2011-03-21 00:00:00, Score1__c=4, Score2__c=7, Score3__c=9, Class__c=a0H0o00000fKa5nEAC}], StudentDTO:[isSelected=false, student=Student__c:{Name=truong vy 2, Namef__c=vy 2, Namel__c=truong, Gender__c=true, Birthday__c=2011-03-21 00:00:00, Score1__c=4, Score2__c=7, Score3__c=9, Class__c=a0H0o00000fKa5nEAC}], StudentDTO:[isSelected=false, student=Student__c:{Name=truong vy 1, Namef__c=vy 1, Namel__c=truong, Gender__c=true, Birthday__c=2011-03-21 00:00:00, Score1__c=4, Score2__c=7, Score3__c=9, Class__c=a0H0o00000fKa5nEAC}]), Actual: ()
14:52:24.204 (242037687)|HEAP_ALLOCATE|[149]|Bytes:1139
14:52:24.204 (242162540)|FATAL_ERROR|System.AssertException: Assertion Failed: Expected: (StudentDTO:[isSelected=false, student=Student__c:{Name=truong vy 5, Namef__c=vy 5, Namel__c=truong, Gender__c=true, Birthday__c=2011-03-21 00:00:00, Score1__c=4, Score2__c=0, Score3__c=9, Class__c=a0H0o00000fKa5nEAC}], StudentDTO:[isSelected=false, student=Student__c:{Name=truong vy 4, Namef__c=vy 4, Namel__c=truong, Gender__c=true, Birthday__c=2011-03-21 00:00:00, Score1__c=4, Score2__c=7, Score3__c=0, Class__c=a0H0o00000fKa5nEAC}], StudentDTO:[isSelected=false, student=Student__c:{Name=truong vy 3, Namef__c=vy 3, Namel__c=truong, Gender__c=true, Birthday__c=2011-03-21 00:00:00, Score1__c=4, Score2__c=7, Score3__c=9, Class__c=a0H0o00000fKa5nEAC}], StudentDTO:[isSelected=false, student=Student__c:{Name=truong vy 2, Namef__c=vy 2, Namel__c=truong, Gender__c=true, Birthday__c=2011-03-21 00:00:00, Score1__c=4, Score2__c=7, Score3__c=9, Class__c=a0H0o00000fKa5nEAC}], StudentDTO:[isSelected=false, student=Student__c:{Name=truong vy 1, Namef__c=vy 1, Namel__c=truong, Gender__c=true, Birthday__c=2011-03-21 00:00:00, Score1__c=4, Score2__c=7, Score3__c=9, Class__c=a0H0o00000fKa5nEAC}]), Actual: ()

Class.Controller_test.testGetStudent: line 149, column 1
14:52:24.204 (242208594)|FATAL_ERROR|System.AssertException: Assertion Failed: Expected: (StudentDTO:[isSelected=false, student=Student__c:{Name=truong vy 5, Namef__c=vy 5, Namel__c=truong, Gender__c=true, Birthday__c=2011-03-21 00:00:00, Score1__c=4, Score2__c=0, Score3__c=9, Class__c=a0H0o00000fKa5nEAC}], StudentDTO:[isSelected=false, student=Student__c:{Name=truong vy 4, Namef__c=vy 4, Namel__c=truong, Gender__c=true, Birthday__c=2011-03-21 00:00:00, Score1__c=4, Score2__c=7, Score3__c=0, Class__c=a0H0o00000fKa5nEAC}], StudentDTO:[isSelected=false, student=Student__c:{Name=truong vy 3, Namef__c=vy 3, Namel__c=truong, Gender__c=true, Birthday__c=2011-03-21 00:00:00, Score1__c=4, Score2__c=7, Score3__c=9, Class__c=a0H0o00000fKa5nEAC}], StudentDTO:[isSelected=false, student=Student__c:{Name=truong vy 2, Namef__c=vy 2, Namel__c=truong, Gender__c=true, Birthday__c=2011-03-21 00:00:00, Score1__c=4, Score2__c=7, Score3__c=9, Class__c=a0H0o00000fKa5nEAC}], StudentDTO:[isSelected=false, student=Student__c:{Name=truong vy 1, Namef__c=vy 1, Namel__c=truong, Gender__c=true, Birthday__c=2011-03-21 00:00:00, Score1__c=4, Score2__c=7, Score3__c=9, Class__c=a0H0o00000fKa5nEAC}]), Actual: ()

Class.Controller_test.testGetStudent: line 149, column 1
14:52:24.242 (242239246)|CUMULATIVE_LIMIT_USAGE
14:52:24.242 (242239246)|LIMIT_USAGE_FOR_NS|(default)|
  Number of SOQL queries: 3 out of 100
  Number of query rows: 12 out of 50000
  Number of SOSL queries: 0 out of 20
  Number of DML statements: 6 out of 150
  Number of DML rows: 13 out of 10000
  Maximum CPU time: 0 out of 10000
  Maximum heap size: 0 out of 6000000
  Number of callouts: 0 out of 100
  Number of Email Invocations: 0 out of 10
  Number of future calls: 0 out of 50
  Number of queueable jobs added to the queue: 0 out of 50
  Number of Mobile Apex push calls: 0 out of 10

14:52:24.242 (242239246)|TESTING_LIMITS
14:52:24.242 (242239246)|LIMIT_USAGE_FOR_NS|(default)|
  Number of SOQL queries: 2 out of 100
  Number of query rows: 1 out of 50000
  Number of SOSL queries: 0 out of 20
  Number of DML statements: 0 out of 150
  Number of DML rows: 0 out of 10000
  Maximum CPU time: 0 out of 10000
  Maximum heap size: 0 out of 6000000
  Number of callouts: 0 out of 100
  Number of Email Invocations: 0 out of 10
  Number of future calls: 0 out of 50
  Number of queueable jobs added to the queue: 0 out of 50
  Number of Mobile Apex push calls: 0 out of 10

14:52:24.242 (242239246)|CUMULATIVE_LIMIT_USAGE_END

14:52:24.204 (242288750)|CODE_UNIT_FINISHED|Controller_test.testGetStudent()
14:52:24.204 (243319183)|EXECUTION_FINISHED
