36.0 APEX_CODE,FINEST;APEX_PROFILING,INFO;CALLOUT,INFO;DB,INFO;NBA,INFO;SYSTEM,DEBUG;VALIDATION,INFO;VISUALFORCE,INFO;WAVE,INFO;WORKFLOW,INFO
00:31:34.0 (476292)|USER_INFO|[EXTERNAL]|0050o00000WkyGG|ttvy@keizu.co.jp|Pacific Standard Time|GMT-07:00
00:31:34.0 (512998)|EXECUTION_STARTED
00:31:34.0 (518509)|CODE_UNIT_STARTED|[EXTERNAL]|0660o000008sEYc|VF: /apex/MainPage
00:31:34.0 (1103579)|VF_DESERIALIZE_VIEWSTATE_BEGIN|0660o000008sEYc
00:31:34.0 (9000205)|HEAP_ALLOCATE|[72]|Bytes:3
00:31:34.0 (9063531)|HEAP_ALLOCATE|[77]|Bytes:152
00:31:34.0 (9082276)|HEAP_ALLOCATE|[342]|Bytes:408
00:31:34.0 (9101597)|HEAP_ALLOCATE|[355]|Bytes:408
00:31:34.0 (9120088)|HEAP_ALLOCATE|[467]|Bytes:48
00:31:34.0 (9150623)|HEAP_ALLOCATE|[139]|Bytes:6
00:31:34.0 (9176986)|HEAP_ALLOCATE|[50]|Bytes:5
00:31:34.0 (9197092)|HEAP_ALLOCATE|[56]|Bytes:5
00:31:34.0 (9205302)|HEAP_ALLOCATE|[64]|Bytes:7
00:31:34.0 (14092882)|VF_DESERIALIZE_VIEWSTATE_END
00:31:34.0 (15790882)|SYSTEM_MODE_ENTER|true
00:31:34.0 (15840326)|HEAP_ALLOCATE|[EXTERNAL]|Bytes:23
00:31:34.0 (15856370)|HEAP_ALLOCATE|[EXTERNAL]|Bytes:384
00:31:34.0 (15862344)|HEAP_ALLOCATE|[EXTERNAL]|Bytes:66
00:31:34.0 (15866620)|HEAP_ALLOCATE|[EXTERNAL]|Bytes:3
00:31:34.0 (15883659)|METHOD_ENTRY|[1]|01p0o00000GLKhZ|Controller.Controller()
00:31:34.0 (15891564)|STATEMENT_EXECUTE|[1]
00:31:34.0 (15897052)|STATEMENT_EXECUTE|[1]
00:31:34.0 (15905916)|SYSTEM_MODE_ENTER|false
00:31:34.0 (15920003)|HEAP_ALLOCATE|[EXTERNAL]|Bytes:5
00:31:34.0 (15925843)|STATEMENT_EXECUTE|[18]
00:31:34.0 (15927931)|STATEMENT_EXECUTE|[27]
00:31:34.0 (15932460)|SYSTEM_MODE_EXIT|false
00:31:34.0 (15943252)|METHOD_EXIT|[1]|Controller
00:31:34.0 (16120802)|SYSTEM_MODE_ENTER|true
00:31:34.0 (16293662)|SYSTEM_MODE_ENTER|true
00:31:34.0 (16653413)|HEAP_ALLOCATE|[EXTERNAL]|Bytes:68
00:31:34.0 (16672388)|VARIABLE_SCOPE_BEGIN|[46]|this|Controller|true|false
00:31:34.0 (16819157)|VARIABLE_ASSIGNMENT|[46]|this|{"OutputList":"0x40c3114","sumstudents":"Total Students : 1","userinput":"a","userselect":"L02"}|0x5d573144
00:31:34.0 (16846823)|SYSTEM_MODE_ENTER|false
00:31:34.0 (16859056)|HEAP_ALLOCATE|[47]|Bytes:5
00:31:34.0 (16866605)|STATEMENT_EXECUTE|[46]
00:31:34.0 (16869238)|STATEMENT_EXECUTE|[47]
00:31:34.0 (16900271)|HEAP_ALLOCATE|[47]|Bytes:4
00:31:34.0 (16964476)|VARIABLE_SCOPE_BEGIN|[47]|options|List<System.SelectOption>|true|false
00:31:34.0 (17024546)|HEAP_ALLOCATE|[EXTERNAL]|Bytes:4
00:31:34.0 (17039456)|VARIABLE_ASSIGNMENT|[47]|options|[]|0x6035fdc0
00:31:34.0 (17046344)|STATEMENT_EXECUTE|[48]
00:31:34.0 (17051973)|HEAP_ALLOCATE|[48]|Bytes:33
00:31:34.0 (17078668)|HEAP_ALLOCATE|[48]|Bytes:4
00:31:34.0 (18503286)|SOQL_EXECUTE_BEGIN|[48]|Aggregations:0|SELECT className__C FROM Class__c
00:31:34.0 (21523815)|SOQL_EXECUTE_END|[48]|Rows:4
00:31:34.0 (21560175)|HEAP_ALLOCATE|[48]|Bytes:20
00:31:34.0 (21587815)|HEAP_ALLOCATE|[48]|Bytes:193
00:31:34.0 (21701200)|HEAP_ALLOCATE|[48]|Bytes:20
00:31:34.0 (21729442)|VARIABLE_SCOPE_BEGIN|[48]|data|List<Class__c>|true|false
00:31:34.0 (21784980)|VARIABLE_ASSIGNMENT|[48]|data|[{"className__c":"Name","Id":"a0H0o00000fIXZEEA4"},{"className__c":"L02","Id":"a0H0o00000fIXflEAG"},{"className__c":"L01","Id":"a0H0o00000fIXZYEA4"},{"className__c":"L03","Id":"a0H0o00000fIXg0EAG"}]|0x6f8ed0ca
00:31:34.0 (22133780)|HEAP_ALLOCATE|[49]|Bytes:5
00:31:34.0 (22164935)|HEAP_ALLOCATE|[49]|Bytes:12
00:31:34.0 (22177885)|VARIABLE_SCOPE_BEGIN|[49]|c|Class__c|true|false
00:31:34.0 (22203469)|VARIABLE_ASSIGNMENT|[49]|c|{"className__c":"Name","Id":"a0H0o00000fIXZEEA4"}|0x74036c4b
00:31:34.0 (22214698)|STATEMENT_EXECUTE|[49]
00:31:34.0 (22218041)|STATEMENT_EXECUTE|[50]
00:31:34.0 (22231949)|HEAP_ALLOCATE|[50]|Bytes:12
00:31:34.0 (22367036)|HEAP_ALLOCATE|[50]|Bytes:4
00:31:34.0 (22424276)|HEAP_ALLOCATE|[50]|Bytes:4
00:31:34.0 (22485747)|HEAP_ALLOCATE|[EXTERNAL]|Bytes:4
00:31:34.0 (22508186)|HEAP_ALLOCATE|[49]|Bytes:5
00:31:34.0 (22524423)|HEAP_ALLOCATE|[49]|Bytes:12
00:31:34.0 (22534249)|VARIABLE_SCOPE_BEGIN|[49]|c|Class__c|true|false
00:31:34.0 (22557684)|VARIABLE_ASSIGNMENT|[49]|c|{"className__c":"L02","Id":"a0H0o00000fIXflEAG"}|0x43545990
00:31:34.0 (22568594)|STATEMENT_EXECUTE|[49]
00:31:34.0 (22571406)|STATEMENT_EXECUTE|[50]
00:31:34.0 (22620482)|HEAP_ALLOCATE|[50]|Bytes:3
00:31:34.0 (22666385)|HEAP_ALLOCATE|[50]|Bytes:3
00:31:34.0 (22690803)|HEAP_ALLOCATE|[EXTERNAL]|Bytes:4
00:31:34.0 (22708788)|HEAP_ALLOCATE|[49]|Bytes:5
00:31:34.0 (22723871)|HEAP_ALLOCATE|[49]|Bytes:12
00:31:34.0 (22732717)|VARIABLE_SCOPE_BEGIN|[49]|c|Class__c|true|false
00:31:34.0 (22753767)|VARIABLE_ASSIGNMENT|[49]|c|{"className__c":"L01","Id":"a0H0o00000fIXZYEA4"}|0x1bae3bf4
00:31:34.0 (22763330)|STATEMENT_EXECUTE|[49]
00:31:34.0 (22765564)|STATEMENT_EXECUTE|[50]
00:31:34.0 (22808296)|HEAP_ALLOCATE|[50]|Bytes:3
00:31:34.0 (22853982)|HEAP_ALLOCATE|[50]|Bytes:3
00:31:34.0 (22877346)|HEAP_ALLOCATE|[EXTERNAL]|Bytes:4
00:31:34.0 (22894526)|HEAP_ALLOCATE|[49]|Bytes:5
00:31:34.0 (22908199)|HEAP_ALLOCATE|[49]|Bytes:12
00:31:34.0 (22917014)|VARIABLE_SCOPE_BEGIN|[49]|c|Class__c|true|false
00:31:34.0 (22938045)|VARIABLE_ASSIGNMENT|[49]|c|{"className__c":"L03","Id":"a0H0o00000fIXg0EAG"}|0x6f73360c
00:31:34.0 (22947148)|STATEMENT_EXECUTE|[49]
00:31:34.0 (22949347)|STATEMENT_EXECUTE|[50]
00:31:34.0 (22996419)|HEAP_ALLOCATE|[50]|Bytes:3
00:31:34.0 (23040973)|HEAP_ALLOCATE|[50]|Bytes:3
00:31:34.0 (23065453)|HEAP_ALLOCATE|[EXTERNAL]|Bytes:4
00:31:34.0 (23084636)|HEAP_ALLOCATE|[49]|Bytes:5
00:31:34.0 (23102103)|VARIABLE_ASSIGNMENT|[49]|c|null|
00:31:34.0 (23110297)|STATEMENT_EXECUTE|[53]
00:31:34.0 (23116610)|SYSTEM_MODE_EXIT|false
00:31:34.0 (23286249)|SYSTEM_MODE_ENTER|true
00:31:34.0 (23636619)|SYSTEM_MODE_ENTER|true
00:31:34.0 (23674439)|HEAP_ALLOCATE|[EXTERNAL]|Bytes:1
00:31:34.0 (23682904)|HEAP_ALLOCATE|[EXTERNAL]|Bytes:68
00:31:34.0 (23732161)|VARIABLE_ASSIGNMENT|[EXTERNAL]|this.userinput|"a"|0x5d573144
00:31:34.0 (23811621)|SYSTEM_MODE_ENTER|true
00:31:34.0 (23897915)|SYSTEM_MODE_ENTER|true
00:31:34.0 (23924059)|HEAP_ALLOCATE|[EXTERNAL]|Bytes:3
00:31:34.0 (23932131)|HEAP_ALLOCATE|[EXTERNAL]|Bytes:68
00:31:34.0 (23946538)|VARIABLE_ASSIGNMENT|[EXTERNAL]|this.userselect|"L02"|0x5d573144
00:31:34.0 (24015959)|SYSTEM_MODE_ENTER|true
00:31:34.0 (24290889)|HEAP_ALLOCATE|[EXTERNAL]|Bytes:68
00:31:34.0 (24312016)|VARIABLE_SCOPE_BEGIN|[35]|this|Controller|true|false
00:31:34.0 (24399350)|VARIABLE_ASSIGNMENT|[35]|this|{"OutputList":"0x40c3114","sumstudents":"Total Students : 1","userinput":"a","userselect":"L02"}|0x5d573144
00:31:34.0 (24430013)|SYSTEM_MODE_ENTER|false
00:31:34.0 (24444429)|HEAP_ALLOCATE|[36]|Bytes:5
00:31:34.0 (24455408)|STATEMENT_EXECUTE|[35]
00:31:34.0 (24458211)|STATEMENT_EXECUTE|[36]
00:31:34.0 (24467780)|HEAP_ALLOCATE|[36]|Bytes:19
00:31:34.0 (24534267)|VARIABLE_SCOPE_BEGIN|[36]|pr|System.PageReference|true|false
00:31:34.0 (31516236)|VARIABLE_ASSIGNMENT|[36]|pr|"/apex/AddNewStudent"|0x11a3de62
00:31:34.0 (31546175)|STATEMENT_EXECUTE|[37]
00:31:34.0 (31670146)|STATEMENT_EXECUTE|[38]
00:31:34.0 (31679274)|SYSTEM_MODE_EXIT|false
00:31:34.33 (33808077)|CUMULATIVE_LIMIT_USAGE
00:31:34.33 (33808077)|LIMIT_USAGE_FOR_NS|(default)|
  Number of SOQL queries: 1 out of 100
  Number of query rows: 4 out of 50000
  Number of SOSL queries: 0 out of 20
  Number of DML statements: 0 out of 150
  Number of DML rows: 0 out of 10000
  Maximum CPU time: 0 out of 10000
  Maximum heap size: 0 out of 6000000
  Number of callouts: 0 out of 100
  Number of Email Invocations: 0 out of 10
  Number of future calls: 0 out of 50
  Number of queueable jobs added to the queue: 0 out of 50
  Number of Mobile Apex push calls: 0 out of 10

00:31:34.33 (33808077)|CUMULATIVE_LIMIT_USAGE_END

00:31:34.0 (33883336)|CODE_UNIT_FINISHED|VF: /apex/MainPage
00:31:34.0 (34863861)|EXECUTION_FINISHED
