36.0 APEX_CODE,FINEST;APEX_PROFILING,INFO;CALLOUT,INFO;DB,INFO;NBA,INFO;SYSTEM,DEBUG;VALIDATION,INFO;VISUALFORCE,INFO;WAVE,INFO;WORKFLOW,INFO
03:14:43.0 (476698)|USER_INFO|[EXTERNAL]|0050o00000WkyGG|ttvy@keizu.co.jp|Pacific Standard Time|GMT-07:00
03:14:43.0 (525419)|EXECUTION_STARTED
03:14:43.0 (532067)|CODE_UNIT_STARTED|[EXTERNAL]|0660o000008sEYc|VF: /apex/MainPage
03:14:43.0 (3922899)|SYSTEM_MODE_ENTER|true
03:14:43.0 (4328988)|HEAP_ALLOCATE|[72]|Bytes:3
03:14:43.0 (4376049)|HEAP_ALLOCATE|[77]|Bytes:152
03:14:43.0 (4404277)|HEAP_ALLOCATE|[342]|Bytes:408
03:14:43.0 (4425588)|HEAP_ALLOCATE|[355]|Bytes:408
03:14:43.0 (4445925)|HEAP_ALLOCATE|[467]|Bytes:48
03:14:43.0 (4485681)|HEAP_ALLOCATE|[139]|Bytes:6
03:14:43.0 (4514774)|HEAP_ALLOCATE|[EXTERNAL]|Bytes:156
03:14:43.0 (4523864)|HEAP_ALLOCATE|[EXTERNAL]|Bytes:18
03:14:43.0 (4529832)|HEAP_ALLOCATE|[EXTERNAL]|Bytes:2
03:14:43.0 (4546300)|METHOD_ENTRY|[1]|01p0o00000GLKhZ|Controller.Controller()
03:14:43.0 (4555905)|STATEMENT_EXECUTE|[1]
03:14:43.0 (4562677)|STATEMENT_EXECUTE|[1]
03:14:43.0 (4597157)|HEAP_ALLOCATE|[50]|Bytes:5
03:14:43.0 (4629997)|HEAP_ALLOCATE|[56]|Bytes:5
03:14:43.0 (4643908)|HEAP_ALLOCATE|[64]|Bytes:7
03:14:43.0 (4670514)|SYSTEM_MODE_ENTER|false
03:14:43.0 (4687322)|HEAP_ALLOCATE|[EXTERNAL]|Bytes:5
03:14:43.0 (4714839)|SYSTEM_MODE_EXIT|false
03:14:43.0 (4727456)|METHOD_EXIT|[1]|Controller
03:14:43.0 (4749663)|HEAP_ALLOCATE|[EXTERNAL]|Bytes:20
03:14:43.0 (4761208)|VARIABLE_SCOPE_BEGIN|[1]|this|Controller|true|false
03:14:43.0 (4822204)|VARIABLE_ASSIGNMENT|[1]|this|{}|0xb3f549a
03:14:43.0 (4840914)|SYSTEM_MODE_ENTER|false
03:14:43.0 (4849515)|HEAP_ALLOCATE|[EXTERNAL]|Bytes:5
03:14:43.0 (4861331)|HEAP_ALLOCATE|[EXTERNAL]|Bytes:6
03:14:43.0 (4907213)|SYSTEM_MODE_EXIT|false
03:14:43.0 (4915218)|STATEMENT_EXECUTE|[1]
03:14:43.0 (4920221)|SYSTEM_MODE_ENTER|false
03:14:43.0 (4927204)|HEAP_ALLOCATE|[EXTERNAL]|Bytes:5
03:14:43.0 (4932383)|STATEMENT_EXECUTE|[2]
03:14:43.0 (4935068)|STATEMENT_EXECUTE|[3]
03:14:43.0 (4937043)|STATEMENT_EXECUTE|[4]
03:14:43.0 (4938776)|STATEMENT_EXECUTE|[5]
03:14:43.0 (4942463)|SYSTEM_MODE_EXIT|false
03:14:43.5 (5415140)|SYSTEM_MODE_ENTER|true
03:14:43.5 (5451238)|HEAP_ALLOCATE|[EXTERNAL]|Bytes:38
03:14:43.5 (5460849)|HEAP_ALLOCATE|[EXTERNAL]|Bytes:7
03:14:43.5 (5646408)|SYSTEM_MODE_ENTER|true
03:14:43.5 (5747321)|HEAP_ALLOCATE|[EXTERNAL]|Bytes:8
03:14:43.5 (5759519)|VARIABLE_SCOPE_BEGIN|[88]|this|ApexPage.PageMessagesComponentController|true|false
03:14:43.5 (5816969)|VARIABLE_ASSIGNMENT|[88]|this|{}|0x78891f08
03:14:43.5 (5827954)|VARIABLE_SCOPE_BEGIN|[88]|escape|Boolean|false|false
03:14:43.5 (5841666)|VARIABLE_ASSIGNMENT|[88]|escape|null
03:14:43.6 (6056024)|SYSTEM_MODE_ENTER|true
03:14:43.6 (6119598)|HEAP_ALLOCATE|[EXTERNAL]|Bytes:8
03:14:43.6 (6131161)|VARIABLE_SCOPE_BEGIN|[2]|this|ApexPage.PageMessagesComponentController|true|false
03:14:43.6 (6162676)|VARIABLE_ASSIGNMENT|[2]|this|{}|0x78891f08
03:14:43.0 (7352673)|SYSTEM_MODE_ENTER|true
03:14:43.0 (8454905)|SYSTEM_MODE_ENTER|true
03:14:43.0 (8772868)|SYSTEM_MODE_ENTER|true
03:14:43.0 (8842901)|HEAP_ALLOCATE|[EXTERNAL]|Bytes:20
03:14:43.0 (8857225)|VARIABLE_SCOPE_BEGIN|[7]|this|Controller|true|false
03:14:43.0 (8915089)|VARIABLE_ASSIGNMENT|[7]|this|{}|0xb3f549a
03:14:43.0 (8935214)|SYSTEM_MODE_ENTER|false
03:14:43.0 (8945890)|HEAP_ALLOCATE|[8]|Bytes:5
03:14:43.0 (8954116)|STATEMENT_EXECUTE|[7]
03:14:43.0 (8956920)|STATEMENT_EXECUTE|[8]
03:14:43.0 (8971663)|HEAP_ALLOCATE|[8]|Bytes:4
03:14:43.0 (9013371)|VARIABLE_SCOPE_BEGIN|[8]|options|List<System.SelectOption>|true|false
03:14:43.0 (9049908)|HEAP_ALLOCATE|[EXTERNAL]|Bytes:4
03:14:43.0 (9066192)|VARIABLE_ASSIGNMENT|[8]|options|[]|0x65f1a3b7
03:14:43.0 (9074708)|STATEMENT_EXECUTE|[9]
03:14:43.0 (9079884)|HEAP_ALLOCATE|[9]|Bytes:33
03:14:43.0 (9101578)|HEAP_ALLOCATE|[9]|Bytes:4
03:14:43.0 (10436420)|SOQL_EXECUTE_BEGIN|[9]|Aggregations:0|SELECT className__C FROM Class__c
03:14:43.0 (13265318)|SOQL_EXECUTE_END|[9]|Rows:4
03:14:43.0 (13298483)|HEAP_ALLOCATE|[9]|Bytes:20
03:14:43.0 (13322071)|HEAP_ALLOCATE|[9]|Bytes:193
03:14:43.0 (13381798)|HEAP_ALLOCATE|[9]|Bytes:20
03:14:43.0 (13398118)|VARIABLE_SCOPE_BEGIN|[9]|data|List<Class__c>|true|false
03:14:43.0 (13440512)|VARIABLE_ASSIGNMENT|[9]|data|[{"className__c":"Name","Id":"a0H0o00000fIXZEEA4"},{"className__c":"L02","Id":"a0H0o00000fIXflEAG"},{"className__c":"L01","Id":"a0H0o00000fIXZYEA4"},{"className__c":"L03","Id":"a0H0o00000fIXg0EAG"}]|0xf53020d
03:14:43.0 (13624761)|HEAP_ALLOCATE|[10]|Bytes:5
03:14:43.0 (13671865)|HEAP_ALLOCATE|[10]|Bytes:12
03:14:43.0 (13681074)|VARIABLE_SCOPE_BEGIN|[10]|c|Class__c|true|false
03:14:43.0 (13697554)|VARIABLE_ASSIGNMENT|[10]|c|{"className__c":"Name","Id":"a0H0o00000fIXZEEA4"}|0x983c7f
03:14:43.0 (13705346)|STATEMENT_EXECUTE|[10]
03:14:43.0 (13707538)|STATEMENT_EXECUTE|[11]
03:14:43.0 (13715310)|HEAP_ALLOCATE|[11]|Bytes:12
03:14:43.0 (13799024)|HEAP_ALLOCATE|[11]|Bytes:4
03:14:43.0 (13829401)|HEAP_ALLOCATE|[11]|Bytes:4
03:14:43.0 (13872379)|HEAP_ALLOCATE|[EXTERNAL]|Bytes:4
03:14:43.0 (13889380)|HEAP_ALLOCATE|[10]|Bytes:5
03:14:43.0 (13900845)|HEAP_ALLOCATE|[10]|Bytes:12
03:14:43.0 (13907598)|VARIABLE_SCOPE_BEGIN|[10]|c|Class__c|true|false
03:14:43.0 (13922475)|VARIABLE_ASSIGNMENT|[10]|c|{"className__c":"L02","Id":"a0H0o00000fIXflEAG"}|0x268daf76
03:14:43.0 (13928520)|STATEMENT_EXECUTE|[10]
03:14:43.0 (13930253)|STATEMENT_EXECUTE|[11]
03:14:43.0 (13955895)|HEAP_ALLOCATE|[11]|Bytes:3
03:14:43.0 (13977982)|HEAP_ALLOCATE|[11]|Bytes:3
03:14:43.0 (13993790)|HEAP_ALLOCATE|[EXTERNAL]|Bytes:4
03:14:43.0 (14006184)|HEAP_ALLOCATE|[10]|Bytes:5
03:14:43.0 (14016348)|HEAP_ALLOCATE|[10]|Bytes:12
03:14:43.0 (14021976)|VARIABLE_SCOPE_BEGIN|[10]|c|Class__c|true|false
03:14:43.0 (14034887)|VARIABLE_ASSIGNMENT|[10]|c|{"className__c":"L01","Id":"a0H0o00000fIXZYEA4"}|0x4600dc0d
03:14:43.0 (14040681)|STATEMENT_EXECUTE|[10]
03:14:43.0 (14042343)|STATEMENT_EXECUTE|[11]
03:14:43.0 (14063009)|HEAP_ALLOCATE|[11]|Bytes:3
03:14:43.0 (14083682)|HEAP_ALLOCATE|[11]|Bytes:3
03:14:43.0 (14097688)|HEAP_ALLOCATE|[EXTERNAL]|Bytes:4
03:14:43.0 (14108715)|HEAP_ALLOCATE|[10]|Bytes:5
03:14:43.0 (14117963)|HEAP_ALLOCATE|[10]|Bytes:12
03:14:43.0 (14123294)|VARIABLE_SCOPE_BEGIN|[10]|c|Class__c|true|false
03:14:43.0 (14136840)|VARIABLE_ASSIGNMENT|[10]|c|{"className__c":"L03","Id":"a0H0o00000fIXg0EAG"}|0x43e5f39d
03:14:43.0 (14141758)|STATEMENT_EXECUTE|[10]
03:14:43.0 (14143224)|STATEMENT_EXECUTE|[11]
03:14:43.0 (14162759)|HEAP_ALLOCATE|[11]|Bytes:3
03:14:43.0 (14183463)|HEAP_ALLOCATE|[11]|Bytes:3
03:14:43.0 (14196907)|HEAP_ALLOCATE|[EXTERNAL]|Bytes:4
03:14:43.0 (14207509)|HEAP_ALLOCATE|[10]|Bytes:5
03:14:43.0 (14217836)|VARIABLE_ASSIGNMENT|[10]|c|null|
03:14:43.0 (14223529)|STATEMENT_EXECUTE|[14]
03:14:43.0 (14228322)|SYSTEM_MODE_EXIT|false
03:14:43.0 (14493939)|SYSTEM_MODE_ENTER|true
03:14:43.15 (15674381)|SYSTEM_MODE_ENTER|true
03:14:43.15 (15753401)|HEAP_ALLOCATE|[EXTERNAL]|Bytes:8
03:14:43.15 (15764773)|VARIABLE_SCOPE_BEGIN|[88]|this|ApexPage.PageMessagesComponentController|true|false
03:14:43.15 (15796934)|VARIABLE_ASSIGNMENT|[88]|this|{}|0x78891f08
03:14:43.15 (15803789)|VARIABLE_SCOPE_BEGIN|[88]|escape|Boolean|false|false
03:14:43.15 (15811865)|VARIABLE_ASSIGNMENT|[88]|escape|null
03:14:43.15 (15932790)|SYSTEM_MODE_ENTER|true
03:14:43.15 (15976194)|HEAP_ALLOCATE|[EXTERNAL]|Bytes:8
03:14:43.15 (15983571)|VARIABLE_SCOPE_BEGIN|[2]|this|ApexPage.PageMessagesComponentController|true|false
03:14:43.15 (16005034)|VARIABLE_ASSIGNMENT|[2]|this|{}|0x78891f08
03:14:43.0 (16714036)|SYSTEM_MODE_ENTER|true
03:14:43.0 (18185523)|VF_SERIALIZE_VIEWSTATE_BEGIN|0660o000008sEYc
03:14:43.0 (27341492)|VF_SERIALIZE_VIEWSTATE_END
03:14:43.0 (28751576)|CODE_UNIT_STARTED|[EXTERNAL]|Generate Metadata
03:14:43.0 (29455015)|CODE_UNIT_FINISHED|Generate Metadata
03:14:43.31 (31870129)|CUMULATIVE_LIMIT_USAGE
03:14:43.31 (31870129)|LIMIT_USAGE_FOR_NS|(default)|
  Number of SOQL queries: 1 out of 100
  Number of query rows: 4 out of 50000
  Number of SOSL queries: 0 out of 20
  Number of DML statements: 0 out of 150
  Number of DML rows: 0 out of 10000
  Maximum CPU time: 0 out of 10000
  Maximum heap size: 0 out of 6000000
  Number of callouts: 0 out of 100
  Number of Email Invocations: 0 out of 10
  Number of future calls: 0 out of 50
  Number of queueable jobs added to the queue: 0 out of 50
  Number of Mobile Apex push calls: 0 out of 10

03:14:43.31 (31870129)|CUMULATIVE_LIMIT_USAGE_END

03:14:43.0 (31915134)|CODE_UNIT_FINISHED|VF: /apex/MainPage
03:14:43.0 (33129475)|EXECUTION_FINISHED
