36.0 APEX_CODE,FINEST;APEX_PROFILING,INFO;CALLOUT,INFO;DB,INFO;NBA,INFO;SYSTEM,DEBUG;VALIDATION,INFO;VISUALFORCE,INFO;WAVE,INFO;WORKFLOW,INFO
02:32:40.0 (534139)|USER_INFO|[EXTERNAL]|0050o00000WkyGG|ttvy@keizu.co.jp|Pacific Standard Time|GMT-07:00
02:32:40.0 (583931)|EXECUTION_STARTED
02:32:40.0 (591463)|CODE_UNIT_STARTED|[EXTERNAL]|0660o000008sEYc|VF: /apex/MainPage
02:32:40.0 (1131345)|VF_DESERIALIZE_VIEWSTATE_BEGIN|0660o000008sEYc
02:32:40.0 (5452630)|HEAP_ALLOCATE|[72]|Bytes:3
02:32:40.0 (5496496)|HEAP_ALLOCATE|[77]|Bytes:152
02:32:40.0 (5509571)|HEAP_ALLOCATE|[342]|Bytes:408
02:32:40.0 (5521850)|HEAP_ALLOCATE|[355]|Bytes:408
02:32:40.0 (5537003)|HEAP_ALLOCATE|[467]|Bytes:48
02:32:40.0 (5561354)|HEAP_ALLOCATE|[139]|Bytes:6
02:32:40.0 (5585121)|HEAP_ALLOCATE|[50]|Bytes:5
02:32:40.0 (5601797)|HEAP_ALLOCATE|[56]|Bytes:5
02:32:40.0 (5612082)|HEAP_ALLOCATE|[64]|Bytes:7
02:32:40.0 (9396076)|VF_DESERIALIZE_VIEWSTATE_END
02:32:40.0 (10098754)|SYSTEM_MODE_ENTER|true
02:32:40.0 (10133527)|HEAP_ALLOCATE|[EXTERNAL]|Bytes:19
02:32:40.0 (10144464)|HEAP_ALLOCATE|[EXTERNAL]|Bytes:252
02:32:40.0 (10149256)|HEAP_ALLOCATE|[EXTERNAL]|Bytes:55
02:32:40.0 (10152925)|HEAP_ALLOCATE|[EXTERNAL]|Bytes:10
02:32:40.0 (10168640)|METHOD_ENTRY|[1]|01p0o00000GLKhZ|Controller.Controller()
02:32:40.0 (10180261)|STATEMENT_EXECUTE|[1]
02:32:40.0 (10186076)|STATEMENT_EXECUTE|[1]
02:32:40.0 (10194183)|SYSTEM_MODE_ENTER|false
02:32:40.0 (10211435)|HEAP_ALLOCATE|[EXTERNAL]|Bytes:5
02:32:40.0 (10221510)|STATEMENT_EXECUTE|[16]
02:32:40.0 (10224993)|STATEMENT_EXECUTE|[32]
02:32:40.0 (10231380)|SYSTEM_MODE_EXIT|false
02:32:40.0 (10247516)|METHOD_EXIT|[1]|Controller
02:32:40.0 (10323406)|HEAP_ALLOCATE|[EXTERNAL]|Bytes:184
02:32:40.0 (10338074)|HEAP_ALLOCATE|[EXTERNAL]|Bytes:17
02:32:40.14 (14153578)|SYSTEM_MODE_ENTER|true
02:32:40.14 (14237770)|HEAP_ALLOCATE|[EXTERNAL]|Bytes:38
02:32:40.14 (14248182)|HEAP_ALLOCATE|[EXTERNAL]|Bytes:7
02:32:40.15 (15065929)|SYSTEM_MODE_ENTER|true
02:32:40.15 (15129818)|HEAP_ALLOCATE|[EXTERNAL]|Bytes:8
02:32:40.15 (15139207)|VARIABLE_SCOPE_BEGIN|[88]|this|ApexPage.PageMessagesComponentController|true|false
02:32:40.15 (15209322)|VARIABLE_ASSIGNMENT|[88]|this|{}|0x67b395d0
02:32:40.15 (15217478)|VARIABLE_SCOPE_BEGIN|[88]|escape|Boolean|false|false
02:32:40.15 (15225973)|VARIABLE_ASSIGNMENT|[88]|escape|null
02:32:40.0 (15372419)|SYSTEM_MODE_ENTER|true
02:32:40.0 (16113912)|SYSTEM_MODE_ENTER|true
02:32:40.0 (16274500)|SYSTEM_MODE_ENTER|true
02:32:40.0 (16724300)|HEAP_ALLOCATE|[EXTERNAL]|Bytes:36
02:32:40.0 (16739274)|VARIABLE_SCOPE_BEGIN|[66]|this|Controller|true|false
02:32:40.0 (16808005)|VARIABLE_ASSIGNMENT|[66]|this|{"objKeySearch":"0x5e64280b","OutputList":"0x3b2d3705","student":"0x4a9c288e","sumstudents":"Total Students : 3"}|0x1a9f4f77
02:32:40.0 (16827690)|SYSTEM_MODE_ENTER|false
02:32:40.0 (16836076)|HEAP_ALLOCATE|[67]|Bytes:5
02:32:40.0 (16842501)|STATEMENT_EXECUTE|[66]
02:32:40.0 (16844631)|STATEMENT_EXECUTE|[67]
02:32:40.0 (16857189)|HEAP_ALLOCATE|[67]|Bytes:4
02:32:40.0 (16890921)|VARIABLE_SCOPE_BEGIN|[67]|options|List<System.SelectOption>|true|false
02:32:40.0 (16913766)|HEAP_ALLOCATE|[EXTERNAL]|Bytes:4
02:32:40.0 (16925352)|VARIABLE_ASSIGNMENT|[67]|options|[]|0x6a631e9e
02:32:40.0 (16930827)|STATEMENT_EXECUTE|[68]
02:32:40.0 (16937466)|HEAP_ALLOCATE|[68]|Bytes:33
02:32:40.0 (16955587)|HEAP_ALLOCATE|[68]|Bytes:4
02:32:40.0 (18179634)|SOQL_EXECUTE_BEGIN|[68]|Aggregations:0|SELECT className__C FROM Class__c
02:32:40.0 (20719600)|SOQL_EXECUTE_END|[68]|Rows:2
02:32:40.0 (20745016)|HEAP_ALLOCATE|[68]|Bytes:12
02:32:40.0 (20761246)|HEAP_ALLOCATE|[68]|Bytes:101
02:32:40.0 (20843025)|HEAP_ALLOCATE|[68]|Bytes:12
02:32:40.0 (20860083)|VARIABLE_SCOPE_BEGIN|[68]|data|List<Class__c>|true|false
02:32:40.0 (20892573)|VARIABLE_ASSIGNMENT|[68]|data|[{"className__c":"Math","Id":"a0H0o00000fJhjeEAC"},{"className__c":"English","Id":"a0H0o00000fJhjfEAC"}]|0x4bf9445f
02:32:40.0 (21064025)|HEAP_ALLOCATE|[69]|Bytes:5
02:32:40.0 (21121604)|HEAP_ALLOCATE|[69]|Bytes:12
02:32:40.0 (21131953)|VARIABLE_SCOPE_BEGIN|[69]|c|Class__c|true|false
02:32:40.0 (21148715)|VARIABLE_ASSIGNMENT|[69]|c|{"className__c":"Math","Id":"a0H0o00000fJhjeEAC"}|0x7b9affb3
02:32:40.0 (21155573)|STATEMENT_EXECUTE|[69]
02:32:40.0 (21157639)|STATEMENT_EXECUTE|[70]
02:32:40.0 (21170008)|HEAP_ALLOCATE|[70]|Bytes:12
02:32:40.0 (21264003)|HEAP_ALLOCATE|[70]|Bytes:4
02:32:40.0 (21302139)|HEAP_ALLOCATE|[70]|Bytes:4
02:32:40.0 (21348305)|HEAP_ALLOCATE|[EXTERNAL]|Bytes:4
02:32:40.0 (21364759)|HEAP_ALLOCATE|[69]|Bytes:5
02:32:40.0 (21375535)|HEAP_ALLOCATE|[69]|Bytes:12
02:32:40.0 (21382583)|VARIABLE_SCOPE_BEGIN|[69]|c|Class__c|true|false
02:32:40.0 (21398584)|VARIABLE_ASSIGNMENT|[69]|c|{"className__c":"English","Id":"a0H0o00000fJhjfEAC"}|0x1ef455d7
02:32:40.0 (21405153)|STATEMENT_EXECUTE|[69]
02:32:40.0 (21406929)|STATEMENT_EXECUTE|[70]
02:32:40.0 (21439593)|HEAP_ALLOCATE|[70]|Bytes:7
02:32:40.0 (21467996)|HEAP_ALLOCATE|[70]|Bytes:7
02:32:40.0 (21484775)|HEAP_ALLOCATE|[EXTERNAL]|Bytes:4
02:32:40.0 (21497962)|HEAP_ALLOCATE|[69]|Bytes:5
02:32:40.0 (21508554)|VARIABLE_ASSIGNMENT|[69]|c|null|
02:32:40.0 (21513579)|STATEMENT_EXECUTE|[73]
02:32:40.0 (21519088)|SYSTEM_MODE_EXIT|false
02:32:40.0 (22412490)|HEAP_ALLOCATE|[EXTERNAL]|Bytes:120
02:32:40.0 (22425271)|HEAP_ALLOCATE|[EXTERNAL]|Bytes:11
02:32:40.0 (23247539)|HEAP_ALLOCATE|[EXTERNAL]|Bytes:5
02:32:40.0 (23256734)|HEAP_ALLOCATE|[EXTERNAL]|Bytes:24
02:32:40.0 (23273514)|VARIABLE_ASSIGNMENT|[EXTERNAL]|this.increasing|false|0x5e64280b
02:32:40.0 (23319105)|HEAP_ALLOCATE|[EXTERNAL]|Bytes:4
02:32:40.0 (23324685)|HEAP_ALLOCATE|[EXTERNAL]|Bytes:24
02:32:40.0 (23333193)|VARIABLE_ASSIGNMENT|[EXTERNAL]|this.className|"Math"|0x5e64280b
02:32:40.23 (23707920)|SYSTEM_MODE_ENTER|true
02:32:40.23 (23776045)|HEAP_ALLOCATE|[EXTERNAL]|Bytes:8
02:32:40.23 (23786550)|VARIABLE_SCOPE_BEGIN|[88]|this|ApexPage.PageMessagesComponentController|true|false
02:32:40.23 (23823895)|VARIABLE_ASSIGNMENT|[88]|this|{}|0x67b395d0
02:32:40.23 (23831510)|VARIABLE_SCOPE_BEGIN|[88]|escape|Boolean|false|false
02:32:40.23 (23839837)|VARIABLE_ASSIGNMENT|[88]|escape|null
02:32:40.0 (24064291)|HEAP_ALLOCATE|[EXTERNAL]|Bytes:5
02:32:40.0 (24075575)|HEAP_ALLOCATE|[EXTERNAL]|Bytes:12
02:32:40.0 (24084126)|VARIABLE_ASSIGNMENT|[EXTERNAL]|this.isSelected|false|0x404b28a5
02:32:40.0 (24333869)|HEAP_ALLOCATE|[EXTERNAL]|Bytes:5
02:32:40.0 (24340950)|HEAP_ALLOCATE|[EXTERNAL]|Bytes:12
02:32:40.0 (24350009)|VARIABLE_ASSIGNMENT|[EXTERNAL]|this.isSelected|false|0x571ee833
02:32:40.0 (24546101)|HEAP_ALLOCATE|[EXTERNAL]|Bytes:5
02:32:40.0 (24552916)|HEAP_ALLOCATE|[EXTERNAL]|Bytes:12
02:32:40.0 (24560597)|VARIABLE_ASSIGNMENT|[EXTERNAL]|this.isSelected|false|0x14cb679
02:32:40.0 (24860819)|HEAP_ALLOCATE|[EXTERNAL]|Bytes:36
02:32:40.0 (24871696)|VARIABLE_SCOPE_BEGIN|[172]|this|Controller|true|false
02:32:40.0 (24917035)|VARIABLE_ASSIGNMENT|[172]|this|{"objKeySearch":"0x5e64280b","OutputList":"0x3b2d3705","student":"0x4a9c288e","sumstudents":"Total Students : 3"}|0x1a9f4f77
02:32:40.0 (24934443)|SYSTEM_MODE_ENTER|false
02:32:40.0 (24942239)|HEAP_ALLOCATE|[173]|Bytes:5
02:32:40.0 (24951257)|STATEMENT_EXECUTE|[172]
02:32:40.0 (24953398)|STATEMENT_EXECUTE|[173]
02:32:40.0 (24954776)|STATEMENT_EXECUTE|[173]
02:32:40.0 (25009819)|VARIABLE_ASSIGNMENT|[EXTERNAL]|this|{"objKeySearch":"0x5e64280b","OutputList":"0x3b2d3705","student":"0x4a9c288e","sumstudents":"Total Students : 3"}|0x1a9f4f77
02:32:40.0 (25058653)|VARIABLE_ASSIGNMENT|[EXTERNAL]|this|{"className":"Math","increasing":false,"objStudentFrom":"0x57adce8b","objStudentTo":"0x6bf8e7dc","studentName":"0x774b9f3e"}|0x5e64280b
02:32:40.0 (25129449)|STATEMENT_EXECUTE|[174]
02:32:40.0 (25131938)|STATEMENT_EXECUTE|[178]
02:32:40.0 (25159330)|METHOD_ENTRY|[178]|01p0o00000GLKhZ|Controller.getStudent()
02:32:40.0 (25179129)|VARIABLE_SCOPE_BEGIN|[76]|this|Controller|true|false
02:32:40.0 (25210091)|VARIABLE_ASSIGNMENT|[76]|this|{"objKeySearch":"0x5e64280b","OutputList":"0x3b2d3705","student":"0x4a9c288e","sumstudents":"Total Students : 3"}|0x1a9f4f77
02:32:40.0 (25223509)|HEAP_ALLOCATE|[77]|Bytes:5
02:32:40.0 (25228681)|STATEMENT_EXECUTE|[76]
02:32:40.0 (25230344)|STATEMENT_EXECUTE|[77]
02:32:40.0 (25235667)|HEAP_ALLOCATE|[77]|Bytes:274
02:32:40.0 (25254602)|HEAP_ALLOCATE|[77]|Bytes:4
02:32:40.0 (25264917)|HEAP_ALLOCATE|[77]|Bytes:7
02:32:40.0 (25302350)|VARIABLE_ASSIGNMENT|[EXTERNAL]|this|{"objKeySearch":"0x5e64280b","OutputList":"0x3b2d3705","student":"0x4a9c288e","sumstudents":"Total Students : 3"}|0x1a9f4f77
02:32:40.0 (25333048)|VARIABLE_ASSIGNMENT|[EXTERNAL]|this|{"className":"Math","increasing":false,"objStudentFrom":"0x57adce8b","objStudentTo":"0x6bf8e7dc","studentName":"0x774b9f3e"}|0x5e64280b
02:32:40.0 (25357271)|HEAP_ALLOCATE|[77]|Bytes:7
02:32:40.0 (25389357)|VARIABLE_ASSIGNMENT|[EXTERNAL]|this|{"objKeySearch":"0x5e64280b","OutputList":"0x3b2d3705","student":"0x4a9c288e","sumstudents":"Total Students : 3"}|0x1a9f4f77
02:32:40.0 (25429116)|VARIABLE_ASSIGNMENT|[EXTERNAL]|this|{"className":"Math","increasing":false,"objStudentFrom":"0x57adce8b","objStudentTo":"0x6bf8e7dc","studentName":"0x774b9f3e"}|0x5e64280b
02:32:40.0 (25445126)|HEAP_ALLOCATE|[77]|Bytes:7
02:32:40.0 (25475644)|VARIABLE_ASSIGNMENT|[EXTERNAL]|this|{"objKeySearch":"0x5e64280b","OutputList":"0x3b2d3705","student":"0x4a9c288e","sumstudents":"Total Students : 3"}|0x1a9f4f77
02:32:40.0 (25505368)|VARIABLE_ASSIGNMENT|[EXTERNAL]|this|{"className":"Math","increasing":false,"objStudentFrom":"0x57adce8b","objStudentTo":"0x6bf8e7dc","studentName":"0x774b9f3e"}|0x5e64280b
02:32:40.0 (25521149)|HEAP_ALLOCATE|[77]|Bytes:7
02:32:40.0 (25551013)|VARIABLE_ASSIGNMENT|[EXTERNAL]|this|{"objKeySearch":"0x5e64280b","OutputList":"0x3b2d3705","student":"0x4a9c288e","sumstudents":"Total Students : 3"}|0x1a9f4f77
02:32:40.0 (25581564)|VARIABLE_ASSIGNMENT|[EXTERNAL]|this|{"className":"Math","increasing":false,"objStudentFrom":"0x57adce8b","objStudentTo":"0x6bf8e7dc","studentName":"0x774b9f3e"}|0x5e64280b
02:32:40.0 (26320754)|SOQL_EXECUTE_BEGIN|[77]|Aggregations:0|SELECT Namef__c, Namel__c, Birthday__c, Gender__c, Score1__c, Score2__c, Score3__c, AverageScore__c, State__c, StudentId__c FROM Student__c WHERE (Name LIKE :tmpVar1 OR Class__r.Name LIKE :tmpVar2 OR (Student__c.Birthday__c > :tmpVar3 AND Student__c.Birthday__c < :tmpVar4))
02:32:40.0 (33230496)|SOQL_EXECUTE_END|[77]|Rows:3
02:32:40.0 (33259611)|HEAP_ALLOCATE|[77]|Bytes:16
02:32:40.0 (33288586)|HEAP_ALLOCATE|[77]|Bytes:1108
02:32:40.0 (33351039)|HEAP_ALLOCATE|[77]|Bytes:16
02:32:40.0 (33370756)|VARIABLE_SCOPE_BEGIN|[77]|studentGetList|List<Student__c>|true|false
02:32:40.0 (33568315)|VARIABLE_ASSIGNMENT|[77]|studentGetList|[{"Namef__c":"luu","Namel__c":"bi","Birthday__c":"2008-05-09T00:00:00.000Z","Gender__c":false,"Score1__c":4.00,"Score2__c":3.00,"Score3__c":4.00,"AverageScore__c":3.67,"State__c":"Failed","StudentId__c":"HS0079","Class__c":"a0H0o00000fJhjeEAC","Id":"a0I0o000019bIZTEA2"},{"Namef__c":"truong tran","Namel__c":"vy","Birthday__c":"2011-05-04T00:00:00.000Z","Gender__c":false,"Score1__c":1.00,"Score2__c":1.00,"Score3__c":2.00,"AverageScore__c":1.33,"State__c":"Failed","StudentId__c":"HS0078","Class__c":"a0H0o00000fJhjeEAC","Id":"a0I0o000019bIZEEA2"},{"Namef__c":"tao","Namel__c":"thao","Birthday__c":"2004-05-20T00:00:00.000Z","Gender__c":false,"Score1__c":8.00,"Score2__c":7.00,"Score3__c":9.00,"AverageScore__c":8.00,"State__c":"Passed","StudentId__c":"HS0080","Class__c":"a0H0o00000fJhjeEAC","Id":"a0I0o000019bIZYEA2"}]|0x2e29734b
02:32:40.0 (33588108)|STATEMENT_EXECUTE|[92]
02:32:40.0 (33601498)|HEAP_ALLOCATE|[92]|Bytes:4
02:32:40.0 (33685060)|VARIABLE_SCOPE_BEGIN|[92]|result|List<Controller.Output>|true|false
02:32:40.0 (33705498)|HEAP_ALLOCATE|[EXTERNAL]|Bytes:4
02:32:40.0 (33715397)|VARIABLE_ASSIGNMENT|[92]|result|[]|0x46cac306
02:32:40.0 (33866134)|HEAP_ALLOCATE|[93]|Bytes:5
02:32:40.0 (33882936)|HEAP_ALLOCATE|[93]|Bytes:52
02:32:40.0 (33894508)|VARIABLE_SCOPE_BEGIN|[93]|s|Student__c|true|false
02:32:40.0 (33926899)|VARIABLE_ASSIGNMENT|[93]|s|{"Namef__c":"luu","Namel__c":"bi","Birthday__c":"2008-05-09T00:00:00.000Z","Gender__c":false,"Score1__c":4.00,"Score2__c":3.00,"Score3__c":4.00,"AverageScore__c":3.67,"State__c":"Failed","StudentId__c":"HS0079","Class__c":"a0H0o00000fJhjeEAC","Id":"a0I0o000019bIZTEA2"}|0x5935d4b0
02:32:40.0 (33936355)|STATEMENT_EXECUTE|[93]
02:32:40.0 (33938702)|STATEMENT_EXECUTE|[94]
02:32:40.0 (33944705)|HEAP_ALLOCATE|[94]|Bytes:12
02:32:40.0 (33990803)|CONSTRUCTOR_ENTRY|[94]|01p0o00000GLKhZ|<init>(Student__c)|Controller.Output
02:32:40.0 (34019355)|VARIABLE_SCOPE_BEGIN|[35]|this|Controller.Output|true|false
02:32:40.0 (34050867)|VARIABLE_ASSIGNMENT|[35]|this|{}|0x7152cd23
02:32:40.0 (34058383)|VARIABLE_SCOPE_BEGIN|[35]|s|Student__c|true|false
02:32:40.0 (34083964)|VARIABLE_ASSIGNMENT|[35]|s|{"Namef__c":"luu","Namel__c":"bi","Birthday__c":"2008-05-09T00:00:00.000Z","Gender__c":false,"Score1__c":4.00,"Score2__c":3.00,"Score3__c":4.00,"AverageScore__c":3.67,"State__c":"Failed","StudentId__c":"HS0079","Class__c":"a0H0o00000fJhjeEAC","Id":"a0I0o000019bIZTEA2"}|0x5935d4b0
02:32:40.0 (34093556)|STATEMENT_EXECUTE|[32]
02:32:40.0 (34095258)|STATEMENT_EXECUTE|[33]
02:32:40.0 (34096750)|STATEMENT_EXECUTE|[34]
02:32:40.0 (34106748)|HEAP_ALLOCATE|[36]|Bytes:6
02:32:40.0 (34144904)|STATEMENT_EXECUTE|[35]
02:32:40.0 (34146758)|STATEMENT_EXECUTE|[36]
02:32:40.0 (34203340)|VARIABLE_ASSIGNMENT|[EXTERNAL]|this|{}|0x7152cd23
02:32:40.0 (34261453)|VARIABLE_ASSIGNMENT|[EXTERNAL]|value|{"Namef__c":"luu","Namel__c":"bi","Birthday__c":"2008-05-09T00:00:00.000Z","Gender__c":false,"Score1__c":4.00,"Score2__c":3.00,"Score3__c":4.00,"AverageScore__c":3.67,"State__c":"Failed","StudentId__c":"HS0079","Class__c":"a0H0o00000fJhjeEAC","Id":"a0I0o000019bIZTEA2"}|0x5935d4b0
02:32:40.0 (34293659)|VARIABLE_ASSIGNMENT|[33]|this.student|{"Namef__c":"luu","Namel__c":"bi","Birthday__c":"2008-05-09T00:00:00.000Z","Gender__c":false,"Score1__c":4.00,"Score2__c":3.00,"Score3__c":4.00,"AverageScore__c":3.67,"State__c":"Failed","StudentId__c":"HS0079","Class__c":"a0H0o00000fJhjeEAC","Id":"a0I0o000019bIZTEA2"}|0x7152cd23
02:32:40.0 (34323744)|STATEMENT_EXECUTE|[37]
02:32:40.0 (34363758)|VARIABLE_ASSIGNMENT|[EXTERNAL]|this|{"student":"0x5935d4b0"}|0x7152cd23
02:32:40.0 (34376926)|VARIABLE_ASSIGNMENT|[EXTERNAL]|value|false
02:32:40.0 (34383898)|HEAP_ALLOCATE|[34]|Bytes:5
02:32:40.0 (34391067)|VARIABLE_ASSIGNMENT|[34]|this.isSelected|false|0x7152cd23
02:32:40.0 (34403131)|CONSTRUCTOR_EXIT|[94]|01p0o00000GLKhZ|<init>(Student__c)|Controller.Output
02:32:40.0 (34420014)|HEAP_ALLOCATE|[EXTERNAL]|Bytes:4
02:32:40.0 (34435002)|HEAP_ALLOCATE|[93]|Bytes:5
02:32:40.0 (34447172)|HEAP_ALLOCATE|[93]|Bytes:52
02:32:40.0 (34454081)|VARIABLE_SCOPE_BEGIN|[93]|s|Student__c|true|false
02:32:40.0 (34482692)|VARIABLE_ASSIGNMENT|[93]|s|{"Namef__c":"truong tran","Namel__c":"vy","Birthday__c":"2011-05-04T00:00:00.000Z","Gender__c":false,"Score1__c":1.00,"Score2__c":1.00,"Score3__c":2.00,"AverageScore__c":1.33,"State__c":"Failed","StudentId__c":"HS0078","Class__c":"a0H0o00000fJhjeEAC","Id":"a0I0o000019bIZEEA2"}|0x31849d4e
02:32:40.0 (34490453)|STATEMENT_EXECUTE|[93]
02:32:40.0 (34492079)|STATEMENT_EXECUTE|[94]
02:32:40.0 (34495791)|HEAP_ALLOCATE|[94]|Bytes:12
02:32:40.0 (34504064)|CONSTRUCTOR_ENTRY|[94]|01p0o00000GLKhZ|<init>(Student__c)|Controller.Output
02:32:40.0 (34531053)|VARIABLE_SCOPE_BEGIN|[35]|this|Controller.Output|true|false
02:32:40.0 (34547973)|VARIABLE_ASSIGNMENT|[35]|this|{}|0x87fe831
02:32:40.0 (34554539)|VARIABLE_SCOPE_BEGIN|[35]|s|Student__c|true|false
02:32:40.0 (34578815)|VARIABLE_ASSIGNMENT|[35]|s|{"Namef__c":"truong tran","Namel__c":"vy","Birthday__c":"2011-05-04T00:00:00.000Z","Gender__c":false,"Score1__c":1.00,"Score2__c":1.00,"Score3__c":2.00,"AverageScore__c":1.33,"State__c":"Failed","StudentId__c":"HS0078","Class__c":"a0H0o00000fJhjeEAC","Id":"a0I0o000019bIZEEA2"}|0x31849d4e
02:32:40.0 (34586938)|STATEMENT_EXECUTE|[32]
02:32:40.0 (34588756)|STATEMENT_EXECUTE|[33]
02:32:40.0 (34590159)|STATEMENT_EXECUTE|[34]
02:32:40.0 (34600851)|STATEMENT_EXECUTE|[35]
02:32:40.0 (34602432)|STATEMENT_EXECUTE|[36]
02:32:40.0 (34615731)|VARIABLE_ASSIGNMENT|[EXTERNAL]|this|{}|0x87fe831
02:32:40.0 (34639257)|VARIABLE_ASSIGNMENT|[EXTERNAL]|value|{"Namef__c":"truong tran","Namel__c":"vy","Birthday__c":"2011-05-04T00:00:00.000Z","Gender__c":false,"Score1__c":1.00,"Score2__c":1.00,"Score3__c":2.00,"AverageScore__c":1.33,"State__c":"Failed","StudentId__c":"HS0078","Class__c":"a0H0o00000fJhjeEAC","Id":"a0I0o000019bIZEEA2"}|0x31849d4e
02:32:40.0 (34670289)|VARIABLE_ASSIGNMENT|[33]|this.student|{"Namef__c":"truong tran","Namel__c":"vy","Birthday__c":"2011-05-04T00:00:00.000Z","Gender__c":false,"Score1__c":1.00,"Score2__c":1.00,"Score3__c":2.00,"AverageScore__c":1.33,"State__c":"Failed","StudentId__c":"HS0078","Class__c":"a0H0o00000fJhjeEAC","Id":"a0I0o000019bIZEEA2"}|0x87fe831
02:32:40.0 (34680883)|STATEMENT_EXECUTE|[37]
02:32:40.0 (34696422)|VARIABLE_ASSIGNMENT|[EXTERNAL]|this|{"student":"0x31849d4e"}|0x87fe831
02:32:40.0 (34706677)|VARIABLE_ASSIGNMENT|[EXTERNAL]|value|false
02:32:40.0 (34712428)|HEAP_ALLOCATE|[34]|Bytes:5
02:32:40.0 (34718496)|VARIABLE_ASSIGNMENT|[34]|this.isSelected|false|0x87fe831
02:32:40.0 (34728712)|CONSTRUCTOR_EXIT|[94]|01p0o00000GLKhZ|<init>(Student__c)|Controller.Output
02:32:40.0 (34739620)|HEAP_ALLOCATE|[EXTERNAL]|Bytes:4
02:32:40.0 (34751227)|HEAP_ALLOCATE|[93]|Bytes:5
02:32:40.0 (34761549)|HEAP_ALLOCATE|[93]|Bytes:52
02:32:40.0 (34767314)|VARIABLE_SCOPE_BEGIN|[93]|s|Student__c|true|false
02:32:40.0 (34793694)|VARIABLE_ASSIGNMENT|[93]|s|{"Namef__c":"tao","Namel__c":"thao","Birthday__c":"2004-05-20T00:00:00.000Z","Gender__c":false,"Score1__c":8.00,"Score2__c":7.00,"Score3__c":9.00,"AverageScore__c":8.00,"State__c":"Passed","StudentId__c":"HS0080","Class__c":"a0H0o00000fJhjeEAC","Id":"a0I0o000019bIZYEA2"}|0x785a2bda
02:32:40.0 (34801690)|STATEMENT_EXECUTE|[93]
02:32:40.0 (34803227)|STATEMENT_EXECUTE|[94]
02:32:40.0 (34806741)|HEAP_ALLOCATE|[94]|Bytes:12
02:32:40.0 (34813508)|CONSTRUCTOR_ENTRY|[94]|01p0o00000GLKhZ|<init>(Student__c)|Controller.Output
02:32:40.0 (34819403)|VARIABLE_SCOPE_BEGIN|[35]|this|Controller.Output|true|false
02:32:40.0 (34833383)|VARIABLE_ASSIGNMENT|[35]|this|{}|0x6ddcc6c3
02:32:40.0 (34838628)|VARIABLE_SCOPE_BEGIN|[35]|s|Student__c|true|false
02:32:40.0 (34860059)|VARIABLE_ASSIGNMENT|[35]|s|{"Namef__c":"tao","Namel__c":"thao","Birthday__c":"2004-05-20T00:00:00.000Z","Gender__c":false,"Score1__c":8.00,"Score2__c":7.00,"Score3__c":9.00,"AverageScore__c":8.00,"State__c":"Passed","StudentId__c":"HS0080","Class__c":"a0H0o00000fJhjeEAC","Id":"a0I0o000019bIZYEA2"}|0x785a2bda
02:32:40.0 (34867936)|STATEMENT_EXECUTE|[32]
02:32:40.0 (34869401)|STATEMENT_EXECUTE|[33]
02:32:40.0 (34870800)|STATEMENT_EXECUTE|[34]
02:32:40.0 (34879818)|STATEMENT_EXECUTE|[35]
02:32:40.0 (34881345)|STATEMENT_EXECUTE|[36]
02:32:40.0 (34893144)|VARIABLE_ASSIGNMENT|[EXTERNAL]|this|{}|0x6ddcc6c3
02:32:40.0 (34916367)|VARIABLE_ASSIGNMENT|[EXTERNAL]|value|{"Namef__c":"tao","Namel__c":"thao","Birthday__c":"2004-05-20T00:00:00.000Z","Gender__c":false,"Score1__c":8.00,"Score2__c":7.00,"Score3__c":9.00,"AverageScore__c":8.00,"State__c":"Passed","StudentId__c":"HS0080","Class__c":"a0H0o00000fJhjeEAC","Id":"a0I0o000019bIZYEA2"}|0x785a2bda
02:32:40.0 (34938715)|VARIABLE_ASSIGNMENT|[33]|this.student|{"Namef__c":"tao","Namel__c":"thao","Birthday__c":"2004-05-20T00:00:00.000Z","Gender__c":false,"Score1__c":8.00,"Score2__c":7.00,"Score3__c":9.00,"AverageScore__c":8.00,"State__c":"Passed","StudentId__c":"HS0080","Class__c":"a0H0o00000fJhjeEAC","Id":"a0I0o000019bIZYEA2"}|0x6ddcc6c3
02:32:40.0 (34947870)|STATEMENT_EXECUTE|[37]
02:32:40.0 (34961541)|VARIABLE_ASSIGNMENT|[EXTERNAL]|this|{"student":"0x785a2bda"}|0x6ddcc6c3
02:32:40.0 (34971079)|VARIABLE_ASSIGNMENT|[EXTERNAL]|value|false
02:32:40.0 (34976707)|HEAP_ALLOCATE|[34]|Bytes:5
02:32:40.0 (34982978)|VARIABLE_ASSIGNMENT|[34]|this.isSelected|false|0x6ddcc6c3
02:32:40.0 (34992568)|CONSTRUCTOR_EXIT|[94]|01p0o00000GLKhZ|<init>(Student__c)|Controller.Output
02:32:40.0 (35002339)|HEAP_ALLOCATE|[EXTERNAL]|Bytes:4
02:32:40.0 (35014214)|HEAP_ALLOCATE|[93]|Bytes:5
02:32:40.0 (35024305)|VARIABLE_ASSIGNMENT|[93]|s|null|
02:32:40.0 (35029175)|STATEMENT_EXECUTE|[96]
02:32:40.0 (35074520)|VARIABLE_ASSIGNMENT|[EXTERNAL]|this|{"objKeySearch":"0x5e64280b","OutputList":"0x3b2d3705","student":"0x4a9c288e","sumstudents":"Total Students : 3"}|0x1a9f4f77
02:32:40.0 (35116936)|VARIABLE_ASSIGNMENT|[EXTERNAL]|this|{"className":"Math","increasing":false,"objStudentFrom":"0x57adce8b","objStudentTo":"0x6bf8e7dc","studentName":"0x774b9f3e"}|0x5e64280b
02:32:40.0 (35143549)|METHOD_ENTRY|[96]|01p0o00000GLKhZ|Controller.sort(List<Controller.Output>, Boolean)
02:32:40.0 (35150787)|VARIABLE_SCOPE_BEGIN|[99]|this|Controller|true|false
02:32:40.0 (35175918)|VARIABLE_ASSIGNMENT|[99]|this|{"objKeySearch":"0x5e64280b","OutputList":"0x3b2d3705","student":"0x4a9c288e","sumstudents":"Total Students : 3"}|0x1a9f4f77
02:32:40.0 (35182399)|VARIABLE_SCOPE_BEGIN|[99]|l|List<Controller.Output>|true|false
02:32:40.0 (35208491)|VARIABLE_ASSIGNMENT|[99]|l|[{"isSelected":false,"student":"0x5935d4b0"},{"isSelected":false,"student":"0x31849d4e"},{"isSelected":false,"student":"0x785a2bda"}]|0x46cac306
02:32:40.0 (35215773)|VARIABLE_SCOPE_BEGIN|[99]|increasing|Boolean|false|false
02:32:40.0 (35223107)|VARIABLE_ASSIGNMENT|[99]|increasing|false
02:32:40.0 (35237061)|HEAP_ALLOCATE|[100]|Bytes:5
02:32:40.0 (35242205)|STATEMENT_EXECUTE|[99]
02:32:40.0 (35243814)|STATEMENT_EXECUTE|[100]
02:32:40.0 (35253862)|HEAP_ALLOCATE|[100]|Bytes:4
02:32:40.0 (35274230)|VARIABLE_SCOPE_BEGIN|[100]|result|List<Controller.Output>|true|false
02:32:40.0 (35291283)|HEAP_ALLOCATE|[EXTERNAL]|Bytes:4
02:32:40.0 (35298551)|VARIABLE_ASSIGNMENT|[100]|result|[]|0x26c3e742
02:32:40.0 (35304917)|STATEMENT_EXECUTE|[114]
02:32:40.0 (35329009)|STATEMENT_EXECUTE|[115]
02:32:40.0 (35330996)|STATEMENT_EXECUTE|[116]
02:32:40.0 (35353132)|HEAP_ALLOCATE|[116]|Bytes:12
02:32:40.0 (35384129)|VARIABLE_ASSIGNMENT|[EXTERNAL]|this|{"isSelected":false,"student":"0x5935d4b0"}|0x7152cd23
02:32:40.0 (35451185)|VARIABLE_SCOPE_BEGIN|[116]|min|String|false|false
02:32:40.0 (35463898)|VARIABLE_ASSIGNMENT|[116]|min|"luu"
02:32:40.0 (35468712)|STATEMENT_EXECUTE|[117]
02:32:40.0 (35493197)|HEAP_ALLOCATE|[117]|Bytes:12
02:32:40.0 (35502078)|VARIABLE_SCOPE_BEGIN|[117]|minObj|Controller.Output|true|false
02:32:40.0 (35529840)|VARIABLE_ASSIGNMENT|[117]|minObj|{"isSelected":false,"student":"0x5935d4b0"}|0x7152cd23
02:32:40.0 (35633866)|HEAP_ALLOCATE|[118]|Bytes:5
02:32:40.0 (35646344)|HEAP_ALLOCATE|[118]|Bytes:12
02:32:40.0 (35653318)|VARIABLE_SCOPE_BEGIN|[118]|o|Controller.Output|true|false
02:32:40.0 (35683864)|VARIABLE_ASSIGNMENT|[118]|o|{"isSelected":false,"student":"0x5935d4b0"}|0x7152cd23
02:32:40.0 (35691161)|STATEMENT_EXECUTE|[118]
02:32:40.0 (35722101)|VARIABLE_ASSIGNMENT|[EXTERNAL]|this|{"isSelected":false,"student":"0x5935d4b0"}|0x7152cd23
02:32:40.0 (35768280)|STATEMENT_EXECUTE|[119]
02:32:40.0 (35777307)|HEAP_ALLOCATE|[118]|Bytes:5
02:32:40.0 (35786079)|HEAP_ALLOCATE|[118]|Bytes:12
02:32:40.0 (35791343)|VARIABLE_SCOPE_BEGIN|[118]|o|Controller.Output|true|false
02:32:40.0 (35809322)|VARIABLE_ASSIGNMENT|[118]|o|{"isSelected":false,"student":"0x31849d4e"}|0x87fe831
02:32:40.0 (35815406)|STATEMENT_EXECUTE|[118]
02:32:40.0 (35830066)|VARIABLE_ASSIGNMENT|[EXTERNAL]|this|{"isSelected":false,"student":"0x31849d4e"}|0x87fe831
02:32:40.0 (35853948)|STATEMENT_EXECUTE|[119]
02:32:40.0 (35861350)|HEAP_ALLOCATE|[118]|Bytes:5
02:32:40.0 (35869101)|HEAP_ALLOCATE|[118]|Bytes:12
02:32:40.0 (35874651)|VARIABLE_SCOPE_BEGIN|[118]|o|Controller.Output|true|false
02:32:40.0 (35890894)|VARIABLE_ASSIGNMENT|[118]|o|{"isSelected":false,"student":"0x785a2bda"}|0x6ddcc6c3
02:32:40.0 (35896369)|STATEMENT_EXECUTE|[118]
02:32:40.0 (35910023)|VARIABLE_ASSIGNMENT|[EXTERNAL]|this|{"isSelected":false,"student":"0x785a2bda"}|0x6ddcc6c3
02:32:40.0 (35930920)|STATEMENT_EXECUTE|[119]
02:32:40.0 (35938008)|HEAP_ALLOCATE|[118]|Bytes:5
02:32:40.0 (35947926)|VARIABLE_ASSIGNMENT|[118]|o|null|
02:32:40.0 (35952633)|STATEMENT_EXECUTE|[124]
02:32:40.0 (35956998)|HEAP_ALLOCATE|[124]|Bytes:12
02:32:40.0 (35980525)|VARIABLE_ASSIGNMENT|[EXTERNAL]|this|{"isSelected":false,"student":"0x5935d4b0"}|0x7152cd23
02:32:40.0 (35994694)|CONSTRUCTOR_ENTRY|[124]|01p0o00000GLKhZ|<init>(Student__c)|Controller.Output
02:32:40.0 (36001129)|VARIABLE_SCOPE_BEGIN|[35]|this|Controller.Output|true|false
02:32:40.0 (36014852)|VARIABLE_ASSIGNMENT|[35]|this|{}|0x10dc656f
02:32:40.0 (36020844)|VARIABLE_SCOPE_BEGIN|[35]|s|Student__c|true|false
02:32:40.0 (36050312)|VARIABLE_ASSIGNMENT|[35]|s|{"Namef__c":"luu","Namel__c":"bi","Birthday__c":"2008-05-09T00:00:00.000Z","Gender__c":false,"Score1__c":4.00,"Score2__c":3.00,"Score3__c":4.00,"AverageScore__c":3.67,"State__c":"Failed","StudentId__c":"HS0079","Class__c":"a0H0o00000fJhjeEAC","Id":"a0I0o000019bIZTEA2"}|0x5935d4b0
02:32:40.0 (36059032)|STATEMENT_EXECUTE|[32]
02:32:40.0 (36060699)|STATEMENT_EXECUTE|[33]
02:32:40.0 (36062125)|STATEMENT_EXECUTE|[34]
02:32:40.0 (36073534)|STATEMENT_EXECUTE|[35]
02:32:40.0 (36075118)|STATEMENT_EXECUTE|[36]
02:32:40.0 (36087095)|VARIABLE_ASSIGNMENT|[EXTERNAL]|this|{}|0x10dc656f
02:32:40.0 (36111009)|VARIABLE_ASSIGNMENT|[EXTERNAL]|value|{"Namef__c":"luu","Namel__c":"bi","Birthday__c":"2008-05-09T00:00:00.000Z","Gender__c":false,"Score1__c":4.00,"Score2__c":3.00,"Score3__c":4.00,"AverageScore__c":3.67,"State__c":"Failed","StudentId__c":"HS0079","Class__c":"a0H0o00000fJhjeEAC","Id":"a0I0o000019bIZTEA2"}|0x5935d4b0
02:32:40.0 (36135262)|VARIABLE_ASSIGNMENT|[33]|this.student|{"Namef__c":"luu","Namel__c":"bi","Birthday__c":"2008-05-09T00:00:00.000Z","Gender__c":false,"Score1__c":4.00,"Score2__c":3.00,"Score3__c":4.00,"AverageScore__c":3.67,"State__c":"Failed","StudentId__c":"HS0079","Class__c":"a0H0o00000fJhjeEAC","Id":"a0I0o000019bIZTEA2"}|0x10dc656f
02:32:40.0 (36144967)|STATEMENT_EXECUTE|[37]
02:32:40.0 (36159296)|VARIABLE_ASSIGNMENT|[EXTERNAL]|this|{"student":"0x5935d4b0"}|0x10dc656f
02:32:40.0 (36168721)|VARIABLE_ASSIGNMENT|[EXTERNAL]|value|false
02:32:40.0 (36174227)|HEAP_ALLOCATE|[34]|Bytes:5
02:32:40.0 (36181713)|VARIABLE_ASSIGNMENT|[34]|this.isSelected|false|0x10dc656f
02:32:40.0 (36202904)|CONSTRUCTOR_EXIT|[124]|01p0o00000GLKhZ|<init>(Student__c)|Controller.Output
02:32:40.0 (36217679)|HEAP_ALLOCATE|[EXTERNAL]|Bytes:4
02:32:40.0 (36224930)|STATEMENT_EXECUTE|[125]
02:32:40.0 (36354182)|VARIABLE_ASSIGNMENT|[EXTERNAL]|this|{"isSelected":false,"student":"0x5935d4b0"}|0x7152cd23
02:32:40.0 (36380141)|VARIABLE_ASSIGNMENT|[EXTERNAL]|object|{"isSelected":false,"student":"0x5935d4b0"}
02:32:40.0 (36479042)|HEAP_ALLOCATE|[125]|Bytes:12
02:32:40.0 (36495746)|STATEMENT_EXECUTE|[115]
02:32:40.0 (36497587)|STATEMENT_EXECUTE|[116]
02:32:40.0 (36503447)|HEAP_ALLOCATE|[116]|Bytes:12
02:32:40.0 (36529819)|VARIABLE_ASSIGNMENT|[EXTERNAL]|this|{"isSelected":false,"student":"0x31849d4e"}|0x87fe831
02:32:40.0 (36545471)|VARIABLE_SCOPE_BEGIN|[116]|min|String|false|false
02:32:40.0 (36555404)|VARIABLE_ASSIGNMENT|[116]|min|"truong tran"
02:32:40.0 (36559636)|STATEMENT_EXECUTE|[117]
02:32:40.0 (36565896)|HEAP_ALLOCATE|[117]|Bytes:12
02:32:40.0 (36572327)|VARIABLE_SCOPE_BEGIN|[117]|minObj|Controller.Output|true|false
02:32:40.0 (36588810)|VARIABLE_ASSIGNMENT|[117]|minObj|{"isSelected":false,"student":"0x31849d4e"}|0x87fe831
02:32:40.0 (36608534)|HEAP_ALLOCATE|[118]|Bytes:5
02:32:40.0 (36617830)|HEAP_ALLOCATE|[118]|Bytes:12
02:32:40.0 (36623932)|VARIABLE_SCOPE_BEGIN|[118]|o|Controller.Output|true|false
02:32:40.0 (36642617)|VARIABLE_ASSIGNMENT|[118]|o|{"isSelected":false,"student":"0x31849d4e"}|0x87fe831
02:32:40.0 (36648455)|STATEMENT_EXECUTE|[118]
02:32:40.0 (36668225)|VARIABLE_ASSIGNMENT|[EXTERNAL]|this|{"isSelected":false,"student":"0x31849d4e"}|0x87fe831
02:32:40.0 (36695973)|STATEMENT_EXECUTE|[119]
02:32:40.0 (36704130)|HEAP_ALLOCATE|[118]|Bytes:5
02:32:40.0 (36712326)|HEAP_ALLOCATE|[118]|Bytes:12
02:32:40.0 (36717967)|VARIABLE_SCOPE_BEGIN|[118]|o|Controller.Output|true|false
02:32:40.0 (36739223)|VARIABLE_ASSIGNMENT|[118]|o|{"isSelected":false,"student":"0x785a2bda"}|0x6ddcc6c3
02:32:40.0 (36748823)|STATEMENT_EXECUTE|[118]
02:32:40.0 (36772057)|VARIABLE_ASSIGNMENT|[EXTERNAL]|this|{"isSelected":false,"student":"0x785a2bda"}|0x6ddcc6c3
02:32:40.0 (36797282)|STATEMENT_EXECUTE|[119]
02:32:40.0 (36799372)|STATEMENT_EXECUTE|[120]
02:32:40.0 (36827847)|VARIABLE_ASSIGNMENT|[EXTERNAL]|this|{"isSelected":false,"student":"0x785a2bda"}|0x6ddcc6c3
02:32:40.0 (36843660)|VARIABLE_ASSIGNMENT|[120]|min|"tao"
02:32:40.0 (36848247)|STATEMENT_EXECUTE|[121]
02:32:40.0 (36858762)|VARIABLE_ASSIGNMENT|[121]|minObj|{"isSelected":false,"student":"0x785a2bda"}|0x6ddcc6c3
02:32:40.0 (36872351)|HEAP_ALLOCATE|[118]|Bytes:5
02:32:40.0 (36881872)|VARIABLE_ASSIGNMENT|[118]|o|null|
02:32:40.0 (36886013)|STATEMENT_EXECUTE|[124]
02:32:40.0 (36889851)|HEAP_ALLOCATE|[124]|Bytes:12
02:32:40.0 (36906318)|VARIABLE_ASSIGNMENT|[EXTERNAL]|this|{"isSelected":false,"student":"0x785a2bda"}|0x6ddcc6c3
02:32:40.0 (36919170)|CONSTRUCTOR_ENTRY|[124]|01p0o00000GLKhZ|<init>(Student__c)|Controller.Output
02:32:40.0 (36926459)|VARIABLE_SCOPE_BEGIN|[35]|this|Controller.Output|true|false
02:32:40.0 (36939687)|VARIABLE_ASSIGNMENT|[35]|this|{}|0x291c79c1
02:32:40.0 (36944716)|VARIABLE_SCOPE_BEGIN|[35]|s|Student__c|true|false
02:32:40.0 (36971916)|VARIABLE_ASSIGNMENT|[35]|s|{"Namef__c":"tao","Namel__c":"thao","Birthday__c":"2004-05-20T00:00:00.000Z","Gender__c":false,"Score1__c":8.00,"Score2__c":7.00,"Score3__c":9.00,"AverageScore__c":8.00,"State__c":"Passed","StudentId__c":"HS0080","Class__c":"a0H0o00000fJhjeEAC","Id":"a0I0o000019bIZYEA2"}|0x785a2bda
02:32:40.0 (36980536)|STATEMENT_EXECUTE|[32]
02:32:40.0 (36982293)|STATEMENT_EXECUTE|[33]
02:32:40.0 (36983805)|STATEMENT_EXECUTE|[34]
02:32:40.0 (36994503)|STATEMENT_EXECUTE|[35]
02:32:40.0 (36996068)|STATEMENT_EXECUTE|[36]
02:32:40.0 (37008155)|VARIABLE_ASSIGNMENT|[EXTERNAL]|this|{}|0x291c79c1
02:32:40.0 (37032830)|VARIABLE_ASSIGNMENT|[EXTERNAL]|value|{"Namef__c":"tao","Namel__c":"thao","Birthday__c":"2004-05-20T00:00:00.000Z","Gender__c":false,"Score1__c":8.00,"Score2__c":7.00,"Score3__c":9.00,"AverageScore__c":8.00,"State__c":"Passed","StudentId__c":"HS0080","Class__c":"a0H0o00000fJhjeEAC","Id":"a0I0o000019bIZYEA2"}|0x785a2bda
02:32:40.0 (37057808)|VARIABLE_ASSIGNMENT|[33]|this.student|{"Namef__c":"tao","Namel__c":"thao","Birthday__c":"2004-05-20T00:00:00.000Z","Gender__c":false,"Score1__c":8.00,"Score2__c":7.00,"Score3__c":9.00,"AverageScore__c":8.00,"State__c":"Passed","StudentId__c":"HS0080","Class__c":"a0H0o00000fJhjeEAC","Id":"a0I0o000019bIZYEA2"}|0x291c79c1
02:32:40.0 (37067396)|STATEMENT_EXECUTE|[37]
02:32:40.0 (37081600)|VARIABLE_ASSIGNMENT|[EXTERNAL]|this|{"student":"0x785a2bda"}|0x291c79c1
02:32:40.0 (37091146)|VARIABLE_ASSIGNMENT|[EXTERNAL]|value|false
02:32:40.0 (37096545)|HEAP_ALLOCATE|[34]|Bytes:5
02:32:40.0 (37102732)|VARIABLE_ASSIGNMENT|[34]|this.isSelected|false|0x291c79c1
02:32:40.0 (37113556)|CONSTRUCTOR_EXIT|[124]|01p0o00000GLKhZ|<init>(Student__c)|Controller.Output
02:32:40.0 (37124512)|HEAP_ALLOCATE|[EXTERNAL]|Bytes:4
02:32:40.0 (37130495)|STATEMENT_EXECUTE|[125]
02:32:40.0 (37152149)|VARIABLE_ASSIGNMENT|[EXTERNAL]|this|{"isSelected":false,"student":"0x31849d4e"}|0x87fe831
02:32:40.0 (37165839)|VARIABLE_ASSIGNMENT|[EXTERNAL]|object|{"isSelected":false,"student":"0x785a2bda"}
02:32:40.0 (37197612)|VARIABLE_ASSIGNMENT|[EXTERNAL]|this|{"isSelected":false,"student":"0x785a2bda"}|0x6ddcc6c3
02:32:40.0 (37211270)|VARIABLE_ASSIGNMENT|[EXTERNAL]|object|{"isSelected":false,"student":"0x785a2bda"}
02:32:40.0 (37235752)|HEAP_ALLOCATE|[125]|Bytes:12
02:32:40.0 (37248293)|STATEMENT_EXECUTE|[115]
02:32:40.0 (37250002)|STATEMENT_EXECUTE|[116]
02:32:40.0 (37255385)|HEAP_ALLOCATE|[116]|Bytes:12
02:32:40.0 (37275673)|VARIABLE_ASSIGNMENT|[EXTERNAL]|this|{"isSelected":false,"student":"0x31849d4e"}|0x87fe831
02:32:40.0 (37288137)|VARIABLE_SCOPE_BEGIN|[116]|min|String|false|false
02:32:40.0 (37298368)|VARIABLE_ASSIGNMENT|[116]|min|"truong tran"
02:32:40.0 (37302142)|STATEMENT_EXECUTE|[117]
02:32:40.0 (37308102)|HEAP_ALLOCATE|[117]|Bytes:12
02:32:40.0 (37314149)|VARIABLE_SCOPE_BEGIN|[117]|minObj|Controller.Output|true|false
02:32:40.0 (37330019)|VARIABLE_ASSIGNMENT|[117]|minObj|{"isSelected":false,"student":"0x31849d4e"}|0x87fe831
02:32:40.0 (37348174)|HEAP_ALLOCATE|[118]|Bytes:5
02:32:40.0 (37356677)|HEAP_ALLOCATE|[118]|Bytes:12
02:32:40.0 (37361832)|VARIABLE_SCOPE_BEGIN|[118]|o|Controller.Output|true|false
02:32:40.0 (37378024)|VARIABLE_ASSIGNMENT|[118]|o|{"isSelected":false,"student":"0x31849d4e"}|0x87fe831
02:32:40.0 (37383664)|STATEMENT_EXECUTE|[118]
02:32:40.0 (37397966)|VARIABLE_ASSIGNMENT|[EXTERNAL]|this|{"isSelected":false,"student":"0x31849d4e"}|0x87fe831
02:32:40.0 (37422461)|STATEMENT_EXECUTE|[119]
02:32:40.0 (37429928)|HEAP_ALLOCATE|[118]|Bytes:5
02:32:40.0 (37439496)|VARIABLE_ASSIGNMENT|[118]|o|null|
02:32:40.0 (37443284)|STATEMENT_EXECUTE|[124]
02:32:40.0 (37446697)|HEAP_ALLOCATE|[124]|Bytes:12
02:32:40.0 (37463790)|VARIABLE_ASSIGNMENT|[EXTERNAL]|this|{"isSelected":false,"student":"0x31849d4e"}|0x87fe831
02:32:40.0 (37475325)|CONSTRUCTOR_ENTRY|[124]|01p0o00000GLKhZ|<init>(Student__c)|Controller.Output
02:32:40.0 (37482100)|VARIABLE_SCOPE_BEGIN|[35]|this|Controller.Output|true|false
02:32:40.0 (37494857)|VARIABLE_ASSIGNMENT|[35]|this|{}|0x12b99d8a
02:32:40.0 (37499985)|VARIABLE_SCOPE_BEGIN|[35]|s|Student__c|true|false
02:32:40.0 (37527493)|VARIABLE_ASSIGNMENT|[35]|s|{"Namef__c":"truong tran","Namel__c":"vy","Birthday__c":"2011-05-04T00:00:00.000Z","Gender__c":false,"Score1__c":1.00,"Score2__c":1.00,"Score3__c":2.00,"AverageScore__c":1.33,"State__c":"Failed","StudentId__c":"HS0078","Class__c":"a0H0o00000fJhjeEAC","Id":"a0I0o000019bIZEEA2"}|0x31849d4e
02:32:40.0 (37535869)|STATEMENT_EXECUTE|[32]
02:32:40.0 (37537536)|STATEMENT_EXECUTE|[33]
02:32:40.0 (37539167)|STATEMENT_EXECUTE|[34]
02:32:40.0 (37548434)|STATEMENT_EXECUTE|[35]
02:32:40.0 (37549955)|STATEMENT_EXECUTE|[36]
02:32:40.0 (37561819)|VARIABLE_ASSIGNMENT|[EXTERNAL]|this|{}|0x12b99d8a
02:32:40.0 (37585818)|VARIABLE_ASSIGNMENT|[EXTERNAL]|value|{"Namef__c":"truong tran","Namel__c":"vy","Birthday__c":"2011-05-04T00:00:00.000Z","Gender__c":false,"Score1__c":1.00,"Score2__c":1.00,"Score3__c":2.00,"AverageScore__c":1.33,"State__c":"Failed","StudentId__c":"HS0078","Class__c":"a0H0o00000fJhjeEAC","Id":"a0I0o000019bIZEEA2"}|0x31849d4e
02:32:40.0 (37608948)|VARIABLE_ASSIGNMENT|[33]|this.student|{"Namef__c":"truong tran","Namel__c":"vy","Birthday__c":"2011-05-04T00:00:00.000Z","Gender__c":false,"Score1__c":1.00,"Score2__c":1.00,"Score3__c":2.00,"AverageScore__c":1.33,"State__c":"Failed","StudentId__c":"HS0078","Class__c":"a0H0o00000fJhjeEAC","Id":"a0I0o000019bIZEEA2"}|0x12b99d8a
02:32:40.0 (37619514)|STATEMENT_EXECUTE|[37]
02:32:40.0 (37633011)|VARIABLE_ASSIGNMENT|[EXTERNAL]|this|{"student":"0x31849d4e"}|0x12b99d8a
02:32:40.0 (37643248)|VARIABLE_ASSIGNMENT|[EXTERNAL]|value|false
02:32:40.0 (37648573)|HEAP_ALLOCATE|[34]|Bytes:5
02:32:40.0 (37654371)|VARIABLE_ASSIGNMENT|[34]|this.isSelected|false|0x12b99d8a
02:32:40.0 (37669706)|CONSTRUCTOR_EXIT|[124]|01p0o00000GLKhZ|<init>(Student__c)|Controller.Output
02:32:40.0 (37681306)|HEAP_ALLOCATE|[EXTERNAL]|Bytes:4
02:32:40.0 (37686977)|STATEMENT_EXECUTE|[125]
02:32:40.0 (37706897)|VARIABLE_ASSIGNMENT|[EXTERNAL]|this|{"isSelected":false,"student":"0x31849d4e"}|0x87fe831
02:32:40.0 (37720565)|VARIABLE_ASSIGNMENT|[EXTERNAL]|object|{"isSelected":false,"student":"0x31849d4e"}
02:32:40.0 (37746391)|HEAP_ALLOCATE|[125]|Bytes:12
02:32:40.0 (37758473)|STATEMENT_EXECUTE|[128]
02:32:40.0 (37768194)|METHOD_EXIT|[96]|01p0o00000GLKhZ|Controller.sort(List<Controller.Output>, Boolean)
02:32:40.0 (37777042)|METHOD_EXIT|[178]|01p0o00000GLKhZ|Controller.getStudent()
02:32:40.0 (37822643)|VARIABLE_ASSIGNMENT|[EXTERNAL]|this|{"objKeySearch":"0x5e64280b","OutputList":"0x3b2d3705","student":"0x4a9c288e","sumstudents":"Total Students : 3"}|0x1a9f4f77
02:32:40.0 (37852186)|VARIABLE_ASSIGNMENT|[EXTERNAL]|value|[{"isSelected":false,"student":"0x5935d4b0"},{"isSelected":false,"student":"0x785a2bda"},{"isSelected":false,"student":"0x31849d4e"}]|0x26c3e742
02:32:40.0 (37879329)|VARIABLE_ASSIGNMENT|[2]|this.OutputList|[{"isSelected":false,"student":"0x5935d4b0"},{"isSelected":false,"student":"0x785a2bda"},{"isSelected":false,"student":"0x31849d4e"}]|0x1a9f4f77
02:32:40.0 (37889342)|STATEMENT_EXECUTE|[179]
02:32:40.0 (37894460)|HEAP_ALLOCATE|[179]|Bytes:17
02:32:40.0 (37938156)|VARIABLE_ASSIGNMENT|[EXTERNAL]|this|{"objKeySearch":"0x5e64280b","OutputList":"0x26c3e742","student":"0x4a9c288e","sumstudents":"Total Students : 3"}|0x1a9f4f77
02:32:40.0 (37972508)|HEAP_ALLOCATE|[179]|Bytes:1
02:32:40.0 (37986714)|HEAP_ALLOCATE|[179]|Bytes:18
02:32:40.0 (38021334)|VARIABLE_ASSIGNMENT|[EXTERNAL]|this|{"objKeySearch":"0x5e64280b","OutputList":"0x26c3e742","student":"0x4a9c288e","sumstudents":"Total Students : 3"}|0x1a9f4f77
02:32:40.0 (38032031)|VARIABLE_ASSIGNMENT|[EXTERNAL]|value|"Total Students : 3"
02:32:40.0 (38040645)|VARIABLE_ASSIGNMENT|[7]|this.sumstudents|"Total Students : 3"|0x1a9f4f77
02:32:40.0 (38052203)|SYSTEM_MODE_EXIT|false
02:32:40.0 (41553940)|SYSTEM_MODE_ENTER|true
02:32:40.0 (42039220)|SYSTEM_MODE_ENTER|true
02:32:40.42 (42790680)|SYSTEM_MODE_ENTER|true
02:32:40.42 (42869581)|HEAP_ALLOCATE|[EXTERNAL]|Bytes:8
02:32:40.42 (42882373)|VARIABLE_SCOPE_BEGIN|[88]|this|ApexPage.PageMessagesComponentController|true|false
02:32:40.42 (42923751)|VARIABLE_ASSIGNMENT|[88]|this|{}|0x67b395d0
02:32:40.42 (42931632)|VARIABLE_SCOPE_BEGIN|[88]|escape|Boolean|false|false
02:32:40.42 (42939788)|VARIABLE_ASSIGNMENT|[88]|escape|null
02:32:40.43 (43049177)|SYSTEM_MODE_ENTER|true
02:32:40.43 (43092656)|HEAP_ALLOCATE|[EXTERNAL]|Bytes:8
02:32:40.43 (43100300)|VARIABLE_SCOPE_BEGIN|[2]|this|ApexPage.PageMessagesComponentController|true|false
02:32:40.43 (43129636)|VARIABLE_ASSIGNMENT|[2]|this|{}|0x67b395d0
02:32:40.0 (43486081)|SYSTEM_MODE_ENTER|true
02:32:40.0 (45848783)|SYSTEM_MODE_ENTER|true
02:32:40.0 (45898071)|HEAP_ALLOCATE|[EXTERNAL]|Bytes:36
02:32:40.0 (45908184)|VARIABLE_SCOPE_BEGIN|[66]|this|Controller|true|false
02:32:40.0 (45957833)|VARIABLE_ASSIGNMENT|[66]|this|{"objKeySearch":"0x5e64280b","OutputList":"0x26c3e742","student":"0x4a9c288e","sumstudents":"Total Students : 3"}|0x1a9f4f77
02:32:40.0 (45973471)|SYSTEM_MODE_ENTER|false
02:32:40.0 (45981473)|HEAP_ALLOCATE|[67]|Bytes:5
02:32:40.0 (45987760)|STATEMENT_EXECUTE|[66]
02:32:40.0 (45990254)|STATEMENT_EXECUTE|[67]
02:32:40.0 (46003652)|HEAP_ALLOCATE|[67]|Bytes:4
02:32:40.0 (46021356)|VARIABLE_SCOPE_BEGIN|[67]|options|List<System.SelectOption>|true|false
02:32:40.0 (46046527)|HEAP_ALLOCATE|[EXTERNAL]|Bytes:4
02:32:40.0 (46057762)|VARIABLE_ASSIGNMENT|[67]|options|[]|0x4af0a293
02:32:40.0 (46063629)|STATEMENT_EXECUTE|[68]
02:32:40.0 (46077242)|HEAP_ALLOCATE|[68]|Bytes:4
02:32:40.0 (46262565)|SOQL_EXECUTE_BEGIN|[68]|Aggregations:0|SELECT className__C FROM Class__c
02:32:40.0 (50347352)|SOQL_EXECUTE_END|[68]|Rows:2
02:32:40.0 (50383171)|HEAP_ALLOCATE|[68]|Bytes:12
02:32:40.0 (50406495)|HEAP_ALLOCATE|[68]|Bytes:101
02:32:40.0 (50444531)|HEAP_ALLOCATE|[68]|Bytes:12
02:32:40.0 (50463460)|VARIABLE_SCOPE_BEGIN|[68]|data|List<Class__c>|true|false
02:32:40.0 (50505605)|VARIABLE_ASSIGNMENT|[68]|data|[{"className__c":"Math","Id":"a0H0o00000fJhjeEAC"},{"className__c":"English","Id":"a0H0o00000fJhjfEAC"}]|0x40e9044
02:32:40.0 (50554212)|HEAP_ALLOCATE|[69]|Bytes:5
02:32:40.0 (50575633)|HEAP_ALLOCATE|[69]|Bytes:12
02:32:40.0 (50588310)|VARIABLE_SCOPE_BEGIN|[69]|c|Class__c|true|false
02:32:40.0 (50605532)|VARIABLE_ASSIGNMENT|[69]|c|{"className__c":"Math","Id":"a0H0o00000fJhjeEAC"}|0x240a3003
02:32:40.0 (50612353)|STATEMENT_EXECUTE|[69]
02:32:40.0 (50614339)|STATEMENT_EXECUTE|[70]
02:32:40.0 (50686579)|HEAP_ALLOCATE|[70]|Bytes:4
02:32:40.0 (50745359)|HEAP_ALLOCATE|[70]|Bytes:4
02:32:40.0 (50775288)|HEAP_ALLOCATE|[EXTERNAL]|Bytes:4
02:32:40.0 (50791909)|HEAP_ALLOCATE|[69]|Bytes:5
02:32:40.0 (50803803)|HEAP_ALLOCATE|[69]|Bytes:12
02:32:40.0 (50811097)|VARIABLE_SCOPE_BEGIN|[69]|c|Class__c|true|false
02:32:40.0 (50828392)|VARIABLE_ASSIGNMENT|[69]|c|{"className__c":"English","Id":"a0H0o00000fJhjfEAC"}|0x6eb30fc4
02:32:40.0 (50834588)|STATEMENT_EXECUTE|[69]
02:32:40.0 (50836396)|STATEMENT_EXECUTE|[70]
02:32:40.0 (50869233)|HEAP_ALLOCATE|[70]|Bytes:7
02:32:40.0 (50897685)|HEAP_ALLOCATE|[70]|Bytes:7
02:32:40.0 (50914122)|HEAP_ALLOCATE|[EXTERNAL]|Bytes:4
02:32:40.0 (50927258)|HEAP_ALLOCATE|[69]|Bytes:5
02:32:40.0 (50937946)|VARIABLE_ASSIGNMENT|[69]|c|null|
02:32:40.0 (50942744)|STATEMENT_EXECUTE|[73]
02:32:40.0 (50948551)|SYSTEM_MODE_EXIT|false
02:32:40.52 (52514743)|SYSTEM_MODE_ENTER|true
02:32:40.52 (52616294)|HEAP_ALLOCATE|[EXTERNAL]|Bytes:8
02:32:40.52 (52630070)|VARIABLE_SCOPE_BEGIN|[88]|this|ApexPage.PageMessagesComponentController|true|false
02:32:40.52 (52681513)|VARIABLE_ASSIGNMENT|[88]|this|{}|0x67b395d0
02:32:40.52 (52689000)|VARIABLE_SCOPE_BEGIN|[88]|escape|Boolean|false|false
02:32:40.52 (52697722)|VARIABLE_ASSIGNMENT|[88]|escape|null
02:32:40.52 (52821247)|SYSTEM_MODE_ENTER|true
02:32:40.52 (52861130)|HEAP_ALLOCATE|[EXTERNAL]|Bytes:8
02:32:40.52 (52868401)|VARIABLE_SCOPE_BEGIN|[2]|this|ApexPage.PageMessagesComponentController|true|false
02:32:40.52 (52890946)|VARIABLE_ASSIGNMENT|[2]|this|{}|0x67b395d0
02:32:40.0 (54151360)|SYSTEM_MODE_ENTER|true
02:32:40.0 (82264533)|VF_SERIALIZE_VIEWSTATE_BEGIN|0660o000008sEYc
02:32:40.0 (105772719)|VF_SERIALIZE_VIEWSTATE_END
02:32:40.0 (121153976)|CODE_UNIT_STARTED|[EXTERNAL]|Generate Metadata
02:32:40.0 (124438671)|CODE_UNIT_FINISHED|Generate Metadata
02:32:40.127 (127673254)|CUMULATIVE_LIMIT_USAGE
02:32:40.127 (127673254)|LIMIT_USAGE_FOR_NS|(default)|
  Number of SOQL queries: 3 out of 100
  Number of query rows: 7 out of 50000
  Number of SOSL queries: 0 out of 20
  Number of DML statements: 0 out of 150
  Number of DML rows: 0 out of 10000
  Maximum CPU time: 0 out of 10000
  Maximum heap size: 0 out of 6000000
  Number of callouts: 0 out of 100
  Number of Email Invocations: 0 out of 10
  Number of future calls: 0 out of 50
  Number of queueable jobs added to the queue: 0 out of 50
  Number of Mobile Apex push calls: 0 out of 10

02:32:40.127 (127673254)|CUMULATIVE_LIMIT_USAGE_END

02:32:40.0 (127797994)|CODE_UNIT_FINISHED|VF: /apex/MainPage
02:32:40.0 (128631071)|EXECUTION_FINISHED
