36.0 APEX_CODE,FINEST;APEX_PROFILING,INFO;CALLOUT,INFO;DB,INFO;NBA,INFO;SYSTEM,DEBUG;VALIDATION,INFO;VISUALFORCE,INFO;WAVE,INFO;WORKFLOW,INFO
01:19:48.0 (141135)|USER_INFO|[EXTERNAL]|0050o00000WkyGG|ttvy@keizu.co.jp|Pacific Standard Time|GMT-07:00
01:19:48.0 (204056)|EXECUTION_STARTED
01:19:48.0 (212064)|CODE_UNIT_STARTED|[EXTERNAL]|0660o000008sEYc|VF: /apex/MainPage
01:19:48.0 (494621)|VF_DESERIALIZE_VIEWSTATE_BEGIN|0660o000008sEYc
01:19:48.0 (9956614)|VF_DESERIALIZE_VIEWSTATE_END
01:19:48.0 (11235869)|SYSTEM_MODE_ENTER|true
01:19:48.0 (11405154)|HEAP_ALLOCATE|[72]|Bytes:3
01:19:48.0 (11464271)|HEAP_ALLOCATE|[77]|Bytes:152
01:19:48.0 (11499141)|HEAP_ALLOCATE|[342]|Bytes:408
01:19:48.0 (11532253)|HEAP_ALLOCATE|[355]|Bytes:408
01:19:48.0 (11560351)|HEAP_ALLOCATE|[467]|Bytes:48
01:19:48.0 (11613431)|HEAP_ALLOCATE|[139]|Bytes:6
01:19:48.0 (11660184)|HEAP_ALLOCATE|[EXTERNAL]|Bytes:23
01:19:48.0 (11682733)|HEAP_ALLOCATE|[EXTERNAL]|Bytes:368
01:19:48.0 (11695277)|HEAP_ALLOCATE|[EXTERNAL]|Bytes:63
01:19:48.0 (11703614)|HEAP_ALLOCATE|[EXTERNAL]|Bytes:6
01:19:48.0 (11721687)|METHOD_ENTRY|[1]|01p0o00000GLKhZ|Controller.Controller()
01:19:48.0 (11735476)|STATEMENT_EXECUTE|[1]
01:19:48.0 (11749093)|STATEMENT_EXECUTE|[1]
01:19:48.0 (11795752)|HEAP_ALLOCATE|[50]|Bytes:5
01:19:48.0 (11842138)|HEAP_ALLOCATE|[56]|Bytes:5
01:19:48.0 (11894183)|HEAP_ALLOCATE|[64]|Bytes:7
01:19:48.0 (11932266)|SYSTEM_MODE_ENTER|false
01:19:48.0 (11955004)|HEAP_ALLOCATE|[EXTERNAL]|Bytes:5
01:19:48.0 (11970055)|STATEMENT_EXECUTE|[17]
01:19:48.0 (11973279)|STATEMENT_EXECUTE|[24]
01:19:48.0 (11980865)|SYSTEM_MODE_EXIT|false
01:19:48.0 (12001582)|METHOD_EXIT|[1]|Controller
01:19:48.0 (12326060)|SYSTEM_MODE_ENTER|true
01:19:48.0 (12702236)|HEAP_ALLOCATE|[EXTERNAL]|Bytes:64
01:19:48.0 (12722377)|VARIABLE_SCOPE_BEGIN|[43]|this|Controller|true|false
01:19:48.0 (12808960)|VARIABLE_ASSIGNMENT|[43]|this|{}|0x1e16158e
01:19:48.0 (12841791)|SYSTEM_MODE_ENTER|false
01:19:48.0 (12855262)|HEAP_ALLOCATE|[44]|Bytes:5
01:19:48.0 (12866524)|STATEMENT_EXECUTE|[43]
01:19:48.0 (12869665)|STATEMENT_EXECUTE|[44]
01:19:48.0 (12987240)|HEAP_ALLOCATE|[44]|Bytes:4
01:19:48.0 (13059422)|VARIABLE_SCOPE_BEGIN|[44]|options|List<System.SelectOption>|true|false
01:19:48.0 (13126221)|HEAP_ALLOCATE|[EXTERNAL]|Bytes:4
01:19:48.0 (13147630)|VARIABLE_ASSIGNMENT|[44]|options|[]|0x6d38cd9f
01:19:48.0 (13158022)|STATEMENT_EXECUTE|[45]
01:19:48.0 (13164429)|HEAP_ALLOCATE|[45]|Bytes:33
01:19:48.0 (13197034)|HEAP_ALLOCATE|[45]|Bytes:4
01:19:48.0 (14012621)|SOQL_EXECUTE_BEGIN|[45]|Aggregations:0|SELECT className__C FROM Class__c
01:19:48.0 (16990801)|SOQL_EXECUTE_END|[45]|Rows:4
01:19:48.0 (17030744)|HEAP_ALLOCATE|[45]|Bytes:20
01:19:48.0 (17060792)|HEAP_ALLOCATE|[45]|Bytes:193
01:19:48.0 (17165580)|HEAP_ALLOCATE|[45]|Bytes:20
01:19:48.0 (17190400)|VARIABLE_SCOPE_BEGIN|[45]|data|List<Class__c>|true|false
01:19:48.0 (17244504)|VARIABLE_ASSIGNMENT|[45]|data|[{"className__c":"Name","Id":"a0H0o00000fIXZEEA4"},{"className__c":"L02","Id":"a0H0o00000fIXflEAG"},{"className__c":"L01","Id":"a0H0o00000fIXZYEA4"},{"className__c":"L03","Id":"a0H0o00000fIXg0EAG"}]|0x23a1a92
01:19:48.0 (17519603)|HEAP_ALLOCATE|[46]|Bytes:5
01:19:48.0 (17550785)|HEAP_ALLOCATE|[46]|Bytes:12
01:19:48.0 (17562309)|VARIABLE_SCOPE_BEGIN|[46]|c|Class__c|true|false
01:19:48.0 (17583153)|VARIABLE_ASSIGNMENT|[46]|c|{"className__c":"Name","Id":"a0H0o00000fIXZEEA4"}|0xf591d48
01:19:48.0 (17591507)|STATEMENT_EXECUTE|[46]
01:19:48.0 (17594053)|STATEMENT_EXECUTE|[47]
01:19:48.0 (17604204)|HEAP_ALLOCATE|[47]|Bytes:12
01:19:48.0 (17707254)|HEAP_ALLOCATE|[47]|Bytes:4
01:19:48.0 (17758796)|HEAP_ALLOCATE|[47]|Bytes:4
01:19:48.0 (17808248)|HEAP_ALLOCATE|[EXTERNAL]|Bytes:4
01:19:48.0 (17826601)|HEAP_ALLOCATE|[46]|Bytes:5
01:19:48.0 (17841357)|HEAP_ALLOCATE|[46]|Bytes:12
01:19:48.0 (17849940)|VARIABLE_SCOPE_BEGIN|[46]|c|Class__c|true|false
01:19:48.0 (17868546)|VARIABLE_ASSIGNMENT|[46]|c|{"className__c":"L02","Id":"a0H0o00000fIXflEAG"}|0x6c39a906
01:19:48.0 (17875005)|STATEMENT_EXECUTE|[46]
01:19:48.0 (17877121)|STATEMENT_EXECUTE|[47]
01:19:48.0 (17920525)|HEAP_ALLOCATE|[47]|Bytes:3
01:19:48.0 (17960544)|HEAP_ALLOCATE|[47]|Bytes:3
01:19:48.0 (17980720)|HEAP_ALLOCATE|[EXTERNAL]|Bytes:4
01:19:48.0 (17995372)|HEAP_ALLOCATE|[46]|Bytes:5
01:19:48.0 (18009947)|HEAP_ALLOCATE|[46]|Bytes:12
01:19:48.0 (18018459)|VARIABLE_SCOPE_BEGIN|[46]|c|Class__c|true|false
01:19:48.0 (18035704)|VARIABLE_ASSIGNMENT|[46]|c|{"className__c":"L01","Id":"a0H0o00000fIXZYEA4"}|0x133ada30
01:19:48.0 (18041845)|STATEMENT_EXECUTE|[46]
01:19:48.0 (18043695)|STATEMENT_EXECUTE|[47]
01:19:48.0 (18084007)|HEAP_ALLOCATE|[47]|Bytes:3
01:19:48.0 (18121276)|HEAP_ALLOCATE|[47]|Bytes:3
01:19:48.0 (18140113)|HEAP_ALLOCATE|[EXTERNAL]|Bytes:4
01:19:48.0 (18158333)|HEAP_ALLOCATE|[46]|Bytes:5
01:19:48.0 (18193338)|HEAP_ALLOCATE|[46]|Bytes:12
01:19:48.0 (18207992)|VARIABLE_SCOPE_BEGIN|[46]|c|Class__c|true|false
01:19:48.0 (18229209)|VARIABLE_ASSIGNMENT|[46]|c|{"className__c":"L03","Id":"a0H0o00000fIXg0EAG"}|0x64c451a4
01:19:48.0 (18236630)|STATEMENT_EXECUTE|[46]
01:19:48.0 (18238484)|STATEMENT_EXECUTE|[47]
01:19:48.0 (18288536)|HEAP_ALLOCATE|[47]|Bytes:3
01:19:48.0 (18330355)|HEAP_ALLOCATE|[47]|Bytes:3
01:19:48.0 (18350939)|HEAP_ALLOCATE|[EXTERNAL]|Bytes:4
01:19:48.0 (18365696)|HEAP_ALLOCATE|[46]|Bytes:5
01:19:48.0 (18379903)|VARIABLE_ASSIGNMENT|[46]|c|null|
01:19:48.0 (18385396)|STATEMENT_EXECUTE|[50]
01:19:48.0 (18391241)|SYSTEM_MODE_EXIT|false
01:19:48.0 (18990159)|HEAP_ALLOCATE|[EXTERNAL]|Bytes:64
01:19:48.0 (19005488)|VARIABLE_SCOPE_BEGIN|[32]|this|Controller|true|false
01:19:48.0 (19052962)|VARIABLE_ASSIGNMENT|[32]|this|{}|0x1e16158e
01:19:48.0 (19071443)|SYSTEM_MODE_ENTER|false
01:19:48.0 (19079754)|HEAP_ALLOCATE|[33]|Bytes:5
01:19:48.0 (19085154)|STATEMENT_EXECUTE|[32]
01:19:48.0 (19087372)|STATEMENT_EXECUTE|[33]
01:19:48.0 (19093718)|HEAP_ALLOCATE|[33]|Bytes:19
01:19:48.0 (19132941)|VARIABLE_SCOPE_BEGIN|[33]|pr|System.PageReference|true|false
01:19:48.0 (20347896)|VARIABLE_ASSIGNMENT|[33]|pr|"/apex/AddNewStudent"|0x78293918
01:19:48.0 (20360680)|STATEMENT_EXECUTE|[34]
01:19:48.0 (20429132)|STATEMENT_EXECUTE|[35]
01:19:48.0 (20435976)|SYSTEM_MODE_EXIT|false
01:19:48.22 (22860979)|CUMULATIVE_LIMIT_USAGE
01:19:48.22 (22860979)|LIMIT_USAGE_FOR_NS|(default)|
  Number of SOQL queries: 1 out of 100
  Number of query rows: 4 out of 50000
  Number of SOSL queries: 0 out of 20
  Number of DML statements: 0 out of 150
  Number of DML rows: 0 out of 10000
  Maximum CPU time: 0 out of 10000
  Maximum heap size: 0 out of 6000000
  Number of callouts: 0 out of 100
  Number of Email Invocations: 0 out of 10
  Number of future calls: 0 out of 50
  Number of queueable jobs added to the queue: 0 out of 50
  Number of Mobile Apex push calls: 0 out of 10

01:19:48.22 (22860979)|CUMULATIVE_LIMIT_USAGE_END

01:19:48.0 (22910253)|CODE_UNIT_FINISHED|VF: /apex/MainPage
01:19:48.0 (24403974)|EXECUTION_FINISHED
