36.0 APEX_CODE,FINEST;APEX_PROFILING,INFO;CALLOUT,INFO;DB,INFO;NBA,INFO;SYSTEM,DEBUG;VALIDATION,INFO;VISUALFORCE,INFO;WAVE,INFO;WORKFLOW,INFO
03:46:28.0 (488684)|USER_INFO|[EXTERNAL]|0050o00000WkyGG|ttvy@keizu.co.jp|Pacific Standard Time|GMT-07:00
03:46:28.0 (680102)|EXECUTION_STARTED
03:46:28.0 (686514)|CODE_UNIT_STARTED|[EXTERNAL]|0660o000008sEYc|VF: /apex/MainPage
03:46:28.0 (862023)|VF_DESERIALIZE_VIEWSTATE_BEGIN|0660o000008sEYc
03:46:28.0 (7438221)|HEAP_ALLOCATE|[72]|Bytes:3
03:46:28.0 (7492871)|HEAP_ALLOCATE|[77]|Bytes:152
03:46:28.0 (7506620)|HEAP_ALLOCATE|[342]|Bytes:408
03:46:28.0 (7520054)|HEAP_ALLOCATE|[355]|Bytes:408
03:46:28.0 (7531611)|HEAP_ALLOCATE|[467]|Bytes:48
03:46:28.0 (7560106)|HEAP_ALLOCATE|[139]|Bytes:6
03:46:28.0 (8011330)|HEAP_ALLOCATE|[50]|Bytes:5
03:46:28.0 (8039619)|HEAP_ALLOCATE|[56]|Bytes:5
03:46:28.0 (8050309)|HEAP_ALLOCATE|[64]|Bytes:7
03:46:28.0 (11961778)|VF_DESERIALIZE_VIEWSTATE_END
03:46:28.0 (13330043)|SYSTEM_MODE_ENTER|true
03:46:28.0 (13481922)|HEAP_ALLOCATE|[EXTERNAL]|Bytes:10
03:46:28.0 (13510066)|HEAP_ALLOCATE|[EXTERNAL]|Bytes:348
03:46:28.0 (13515478)|HEAP_ALLOCATE|[EXTERNAL]|Bytes:59
03:46:28.0 (13519451)|HEAP_ALLOCATE|[EXTERNAL]|Bytes:2
03:46:28.0 (13543188)|METHOD_ENTRY|[1]|01p0o00000GLKhZ|Controller.Controller()
03:46:28.0 (13549629)|STATEMENT_EXECUTE|[1]
03:46:28.0 (13554967)|STATEMENT_EXECUTE|[1]
03:46:28.0 (13564553)|SYSTEM_MODE_ENTER|false
03:46:28.0 (13576834)|HEAP_ALLOCATE|[EXTERNAL]|Bytes:5
03:46:28.0 (13581705)|STATEMENT_EXECUTE|[17]
03:46:28.0 (13586619)|SYSTEM_MODE_EXIT|false
03:46:28.0 (13605877)|METHOD_EXIT|[1]|Controller
03:46:28.0 (13756298)|SYSTEM_MODE_ENTER|true
03:46:28.0 (14038171)|HEAP_ALLOCATE|[EXTERNAL]|Bytes:60
03:46:28.0 (14051166)|VARIABLE_SCOPE_BEGIN|[36]|this|Controller|true|false
03:46:28.0 (14147796)|VARIABLE_ASSIGNMENT|[36]|this|{"studentList":"0x48112e9e","sumstudents":"Total Students : 11","userinput":"a","userselect":"Name"}|0x20bdfd8a
03:46:28.0 (14166876)|SYSTEM_MODE_ENTER|false
03:46:28.0 (14175016)|HEAP_ALLOCATE|[37]|Bytes:5
03:46:28.0 (14185337)|STATEMENT_EXECUTE|[36]
03:46:28.0 (14187560)|STATEMENT_EXECUTE|[37]
03:46:28.0 (14212972)|HEAP_ALLOCATE|[37]|Bytes:4
03:46:28.0 (14304463)|VARIABLE_SCOPE_BEGIN|[37]|options|List<System.SelectOption>|true|false
03:46:28.0 (14339773)|HEAP_ALLOCATE|[EXTERNAL]|Bytes:4
03:46:28.0 (14353685)|VARIABLE_ASSIGNMENT|[37]|options|[]|0x78fcbbb
03:46:28.0 (14360729)|STATEMENT_EXECUTE|[38]
03:46:28.0 (14364743)|HEAP_ALLOCATE|[38]|Bytes:33
03:46:28.0 (14382189)|HEAP_ALLOCATE|[38]|Bytes:4
03:46:28.0 (15531305)|SOQL_EXECUTE_BEGIN|[38]|Aggregations:0|SELECT className__C FROM Class__c
03:46:28.0 (17988530)|SOQL_EXECUTE_END|[38]|Rows:4
03:46:28.0 (18012181)|HEAP_ALLOCATE|[38]|Bytes:20
03:46:28.0 (18031726)|HEAP_ALLOCATE|[38]|Bytes:193
03:46:28.0 (18097387)|HEAP_ALLOCATE|[38]|Bytes:20
03:46:28.0 (18111595)|VARIABLE_SCOPE_BEGIN|[38]|data|List<Class__c>|true|false
03:46:28.0 (18145804)|VARIABLE_ASSIGNMENT|[38]|data|[{"className__c":"Name","Id":"a0H0o00000fIXZEEA4"},{"className__c":"L02","Id":"a0H0o00000fIXflEAG"},{"className__c":"L01","Id":"a0H0o00000fIXZYEA4"},{"className__c":"L03","Id":"a0H0o00000fIXg0EAG"}]|0x2e4bb7a7
03:46:28.0 (18409524)|HEAP_ALLOCATE|[39]|Bytes:5
03:46:28.0 (18441390)|HEAP_ALLOCATE|[39]|Bytes:12
03:46:28.0 (18450951)|VARIABLE_SCOPE_BEGIN|[39]|c|Class__c|true|false
03:46:28.0 (18467916)|VARIABLE_ASSIGNMENT|[39]|c|{"className__c":"Name","Id":"a0H0o00000fIXZEEA4"}|0x131a4a55
03:46:28.0 (18475502)|STATEMENT_EXECUTE|[39]
03:46:28.0 (18477722)|STATEMENT_EXECUTE|[40]
03:46:28.0 (18486502)|HEAP_ALLOCATE|[40]|Bytes:12
03:46:28.0 (18587657)|HEAP_ALLOCATE|[40]|Bytes:4
03:46:28.0 (18637046)|HEAP_ALLOCATE|[40]|Bytes:4
03:46:28.0 (18683160)|HEAP_ALLOCATE|[EXTERNAL]|Bytes:4
03:46:28.0 (18701344)|HEAP_ALLOCATE|[39]|Bytes:5
03:46:28.0 (18714646)|HEAP_ALLOCATE|[39]|Bytes:12
03:46:28.0 (18722646)|VARIABLE_SCOPE_BEGIN|[39]|c|Class__c|true|false
03:46:28.0 (18739652)|VARIABLE_ASSIGNMENT|[39]|c|{"className__c":"L02","Id":"a0H0o00000fIXflEAG"}|0x4755ccca
03:46:28.0 (18746207)|STATEMENT_EXECUTE|[39]
03:46:28.0 (18748142)|STATEMENT_EXECUTE|[40]
03:46:28.0 (18792225)|HEAP_ALLOCATE|[40]|Bytes:3
03:46:28.0 (18831566)|HEAP_ALLOCATE|[40]|Bytes:3
03:46:28.0 (18852094)|HEAP_ALLOCATE|[EXTERNAL]|Bytes:4
03:46:28.0 (18867076)|HEAP_ALLOCATE|[39]|Bytes:5
03:46:28.0 (18878915)|HEAP_ALLOCATE|[39]|Bytes:12
03:46:28.0 (18885142)|VARIABLE_SCOPE_BEGIN|[39]|c|Class__c|true|false
03:46:28.0 (18901159)|VARIABLE_ASSIGNMENT|[39]|c|{"className__c":"L01","Id":"a0H0o00000fIXZYEA4"}|0x741ab983
03:46:28.0 (18907368)|STATEMENT_EXECUTE|[39]
03:46:28.0 (18909191)|STATEMENT_EXECUTE|[40]
03:46:28.0 (18947866)|HEAP_ALLOCATE|[40]|Bytes:3
03:46:28.0 (18985351)|HEAP_ALLOCATE|[40]|Bytes:3
03:46:28.0 (19004246)|HEAP_ALLOCATE|[EXTERNAL]|Bytes:4
03:46:28.0 (19019154)|HEAP_ALLOCATE|[39]|Bytes:5
03:46:28.0 (19030156)|HEAP_ALLOCATE|[39]|Bytes:12
03:46:28.0 (19036632)|VARIABLE_SCOPE_BEGIN|[39]|c|Class__c|true|false
03:46:28.0 (19051054)|VARIABLE_ASSIGNMENT|[39]|c|{"className__c":"L03","Id":"a0H0o00000fIXg0EAG"}|0x4a575b77
03:46:28.0 (19057140)|STATEMENT_EXECUTE|[39]
03:46:28.0 (19058887)|STATEMENT_EXECUTE|[40]
03:46:28.0 (19095372)|HEAP_ALLOCATE|[40]|Bytes:3
03:46:28.0 (19132033)|HEAP_ALLOCATE|[40]|Bytes:3
03:46:28.0 (19150216)|HEAP_ALLOCATE|[EXTERNAL]|Bytes:4
03:46:28.0 (19163539)|HEAP_ALLOCATE|[39]|Bytes:5
03:46:28.0 (19176039)|VARIABLE_ASSIGNMENT|[39]|c|null|
03:46:28.0 (19181414)|STATEMENT_EXECUTE|[43]
03:46:28.0 (19185759)|SYSTEM_MODE_EXIT|false
03:46:28.0 (19300180)|SYSTEM_MODE_ENTER|true
03:46:28.0 (19392495)|SYSTEM_MODE_ENTER|true
03:46:28.0 (19419096)|HEAP_ALLOCATE|[EXTERNAL]|Bytes:1
03:46:28.0 (19424932)|HEAP_ALLOCATE|[EXTERNAL]|Bytes:60
03:46:28.0 (19449426)|VARIABLE_ASSIGNMENT|[EXTERNAL]|this.userinput|"a"|0x20bdfd8a
03:46:28.0 (19491352)|SYSTEM_MODE_ENTER|true
03:46:28.0 (19507855)|HEAP_ALLOCATE|[EXTERNAL]|Bytes:4
03:46:28.0 (19512989)|HEAP_ALLOCATE|[EXTERNAL]|Bytes:60
03:46:28.0 (19522739)|VARIABLE_ASSIGNMENT|[EXTERNAL]|this.userselect|"Name"|0x20bdfd8a
03:46:28.0 (19676822)|HEAP_ALLOCATE|[EXTERNAL]|Bytes:60
03:46:28.0 (19688055)|VARIABLE_SCOPE_BEGIN|[92]|this|Controller|true|false
03:46:28.0 (19728040)|VARIABLE_ASSIGNMENT|[92]|this|{"studentList":"0x48112e9e","sumstudents":"Total Students : 11","userinput":"a","userselect":"Name"}|0x20bdfd8a
03:46:28.0 (19743405)|SYSTEM_MODE_ENTER|false
03:46:28.0 (19751013)|HEAP_ALLOCATE|[93]|Bytes:5
03:46:28.0 (19756903)|STATEMENT_EXECUTE|[92]
03:46:28.0 (19758963)|STATEMENT_EXECUTE|[93]
03:46:28.0 (19762217)|HEAP_ALLOCATE|[93]|Bytes:8
03:46:28.0 (19909581)|USER_DEBUG|[93]|DEBUG|run here
03:46:28.0 (19977133)|VARIABLE_ASSIGNMENT|[EXTERNAL]|this|{"studentList":"0x48112e9e","sumstudents":"Total Students : 11","userinput":"a","userselect":"Name"}|0x20bdfd8a
03:46:28.0 (20087171)|HEAP_ALLOCATE|[94]|Bytes:5
03:46:28.0 (20110115)|HEAP_ALLOCATE|[94]|Bytes:12
03:46:28.0 (20118264)|VARIABLE_SCOPE_BEGIN|[94]|s|Controller.OutputList|true|false
03:46:28.0 (20136926)|HEAP_ALLOCATE|[94]|Bytes:120
03:46:28.0 (20143072)|HEAP_ALLOCATE|[94]|Bytes:8
03:46:28.0 (20167438)|VARIABLE_ASSIGNMENT|[94]|s|{"isSelected":false,"student":"0x2eca8287"}|0x4265cac6
03:46:28.0 (20175908)|STATEMENT_EXECUTE|[94]
03:46:28.0 (20214908)|VARIABLE_ASSIGNMENT|[EXTERNAL]|this|{"isSelected":false,"student":"0x2eca8287"}|0x4265cac6
03:46:28.0 (20231039)|STATEMENT_EXECUTE|[95]
03:46:28.0 (20242058)|HEAP_ALLOCATE|[94]|Bytes:5
03:46:28.0 (20252878)|HEAP_ALLOCATE|[94]|Bytes:12
03:46:28.0 (20258756)|VARIABLE_SCOPE_BEGIN|[94]|s|Controller.OutputList|true|false
03:46:28.0 (20276902)|VARIABLE_ASSIGNMENT|[94]|s|{"isSelected":false,"student":"0x6c359d67"}|0xea59dd
03:46:28.0 (20282936)|STATEMENT_EXECUTE|[94]
03:46:28.0 (20298243)|VARIABLE_ASSIGNMENT|[EXTERNAL]|this|{"isSelected":false,"student":"0x6c359d67"}|0xea59dd
03:46:28.0 (20309060)|STATEMENT_EXECUTE|[95]
03:46:28.0 (20321921)|HEAP_ALLOCATE|[94]|Bytes:5
03:46:28.0 (20332008)|HEAP_ALLOCATE|[94]|Bytes:12
03:46:28.0 (20337870)|VARIABLE_SCOPE_BEGIN|[94]|s|Controller.OutputList|true|false
03:46:28.0 (20354517)|VARIABLE_ASSIGNMENT|[94]|s|{"isSelected":false,"student":"0x389710bd"}|0x21c3711c
03:46:28.0 (20360198)|STATEMENT_EXECUTE|[94]
03:46:28.0 (20373920)|VARIABLE_ASSIGNMENT|[EXTERNAL]|this|{"isSelected":false,"student":"0x389710bd"}|0x21c3711c
03:46:28.0 (20383657)|STATEMENT_EXECUTE|[95]
03:46:28.0 (20390679)|HEAP_ALLOCATE|[94]|Bytes:5
03:46:28.0 (20399071)|HEAP_ALLOCATE|[94]|Bytes:12
03:46:28.0 (20404119)|VARIABLE_SCOPE_BEGIN|[94]|s|Controller.OutputList|true|false
03:46:28.0 (20420339)|VARIABLE_ASSIGNMENT|[94]|s|{"isSelected":false,"student":"0x61dd0ee6"}|0x332b87b1
03:46:28.0 (20426381)|STATEMENT_EXECUTE|[94]
03:46:28.0 (20439687)|VARIABLE_ASSIGNMENT|[EXTERNAL]|this|{"isSelected":false,"student":"0x61dd0ee6"}|0x332b87b1
03:46:28.0 (20448693)|STATEMENT_EXECUTE|[95]
03:46:28.0 (20455546)|HEAP_ALLOCATE|[94]|Bytes:5
03:46:28.0 (20464366)|HEAP_ALLOCATE|[94]|Bytes:12
03:46:28.0 (20469427)|VARIABLE_SCOPE_BEGIN|[94]|s|Controller.OutputList|true|false
03:46:28.0 (20485342)|VARIABLE_ASSIGNMENT|[94]|s|{"isSelected":false,"student":"0x33b96b91"}|0x9c8a76b
03:46:28.0 (20491578)|STATEMENT_EXECUTE|[94]
03:46:28.0 (20504788)|VARIABLE_ASSIGNMENT|[EXTERNAL]|this|{"isSelected":false,"student":"0x33b96b91"}|0x9c8a76b
03:46:28.0 (20514020)|STATEMENT_EXECUTE|[95]
03:46:28.0 (20520642)|HEAP_ALLOCATE|[94]|Bytes:5
03:46:28.0 (20528918)|HEAP_ALLOCATE|[94]|Bytes:12
03:46:28.0 (20533840)|VARIABLE_SCOPE_BEGIN|[94]|s|Controller.OutputList|true|false
03:46:28.0 (20549024)|VARIABLE_ASSIGNMENT|[94]|s|{"isSelected":false,"student":"0x6b228a"}|0x6f122b39
03:46:28.0 (20554669)|STATEMENT_EXECUTE|[94]
03:46:28.0 (20567367)|VARIABLE_ASSIGNMENT|[EXTERNAL]|this|{"isSelected":false,"student":"0x6b228a"}|0x6f122b39
03:46:28.0 (20576313)|STATEMENT_EXECUTE|[95]
03:46:28.0 (20582774)|HEAP_ALLOCATE|[94]|Bytes:5
03:46:28.0 (20590827)|HEAP_ALLOCATE|[94]|Bytes:12
03:46:28.0 (20595975)|VARIABLE_SCOPE_BEGIN|[94]|s|Controller.OutputList|true|false
03:46:28.0 (20611917)|VARIABLE_ASSIGNMENT|[94]|s|{"isSelected":false,"student":"0x178f30a9"}|0x5bb02ecc
03:46:28.0 (20617028)|STATEMENT_EXECUTE|[94]
03:46:28.0 (20629912)|VARIABLE_ASSIGNMENT|[EXTERNAL]|this|{"isSelected":false,"student":"0x178f30a9"}|0x5bb02ecc
03:46:28.0 (20638994)|STATEMENT_EXECUTE|[95]
03:46:28.0 (20645410)|HEAP_ALLOCATE|[94]|Bytes:5
03:46:28.0 (20653367)|HEAP_ALLOCATE|[94]|Bytes:12
03:46:28.0 (20658792)|VARIABLE_SCOPE_BEGIN|[94]|s|Controller.OutputList|true|false
03:46:28.0 (20674306)|VARIABLE_ASSIGNMENT|[94]|s|{"isSelected":false,"student":"0x2162842"}|0x7c2390da
03:46:28.0 (20679820)|STATEMENT_EXECUTE|[94]
03:46:28.0 (20693753)|VARIABLE_ASSIGNMENT|[EXTERNAL]|this|{"isSelected":false,"student":"0x2162842"}|0x7c2390da
03:46:28.0 (20702161)|STATEMENT_EXECUTE|[95]
03:46:28.0 (20708681)|HEAP_ALLOCATE|[94]|Bytes:5
03:46:28.0 (20716479)|HEAP_ALLOCATE|[94]|Bytes:12
03:46:28.0 (20722022)|VARIABLE_SCOPE_BEGIN|[94]|s|Controller.OutputList|true|false
03:46:28.0 (20736778)|VARIABLE_ASSIGNMENT|[94]|s|{"isSelected":false,"student":"0x12c7fd8f"}|0x48db7755
03:46:28.0 (20742096)|STATEMENT_EXECUTE|[94]
03:46:28.0 (20755244)|VARIABLE_ASSIGNMENT|[EXTERNAL]|this|{"isSelected":false,"student":"0x12c7fd8f"}|0x48db7755
03:46:28.0 (20763992)|STATEMENT_EXECUTE|[95]
03:46:28.0 (20770467)|HEAP_ALLOCATE|[94]|Bytes:5
03:46:28.0 (20778358)|HEAP_ALLOCATE|[94]|Bytes:12
03:46:28.0 (20783355)|VARIABLE_SCOPE_BEGIN|[94]|s|Controller.OutputList|true|false
03:46:28.0 (20799935)|VARIABLE_ASSIGNMENT|[94]|s|{"isSelected":false,"student":"0x7bbc0234"}|0x1bf9f8d9
03:46:28.0 (20805348)|STATEMENT_EXECUTE|[94]
03:46:28.0 (20818295)|VARIABLE_ASSIGNMENT|[EXTERNAL]|this|{"isSelected":false,"student":"0x7bbc0234"}|0x1bf9f8d9
03:46:28.0 (20827191)|STATEMENT_EXECUTE|[95]
03:46:28.0 (20833661)|HEAP_ALLOCATE|[94]|Bytes:5
03:46:28.0 (20841266)|HEAP_ALLOCATE|[94]|Bytes:12
03:46:28.0 (20846409)|VARIABLE_SCOPE_BEGIN|[94]|s|Controller.OutputList|true|false
03:46:28.0 (20861399)|VARIABLE_ASSIGNMENT|[94]|s|{"isSelected":false,"student":"0x36ff55ac"}|0x258dedf9
03:46:28.0 (20867486)|STATEMENT_EXECUTE|[94]
03:46:28.0 (20880497)|VARIABLE_ASSIGNMENT|[EXTERNAL]|this|{"isSelected":false,"student":"0x36ff55ac"}|0x258dedf9
03:46:28.0 (20889093)|STATEMENT_EXECUTE|[95]
03:46:28.0 (20895595)|HEAP_ALLOCATE|[94]|Bytes:5
03:46:28.0 (20905558)|VARIABLE_ASSIGNMENT|[94]|s|null|
03:46:28.0 (20910442)|STATEMENT_EXECUTE|[99]
03:46:28.0 (20915031)|SYSTEM_MODE_EXIT|false
03:46:28.24 (24497559)|SYSTEM_MODE_ENTER|true
03:46:28.24 (24580336)|HEAP_ALLOCATE|[EXTERNAL]|Bytes:38
03:46:28.24 (24591376)|HEAP_ALLOCATE|[EXTERNAL]|Bytes:7
03:46:28.24 (24853627)|SYSTEM_MODE_ENTER|true
03:46:28.24 (24903210)|HEAP_ALLOCATE|[EXTERNAL]|Bytes:8
03:46:28.24 (24911987)|VARIABLE_SCOPE_BEGIN|[2]|this|ApexPage.PageMessagesComponentController|true|false
03:46:28.24 (24957108)|VARIABLE_ASSIGNMENT|[2]|this|{}|0x574c7880
03:46:28.0 (25706526)|SYSTEM_MODE_ENTER|true
03:46:28.0 (30080530)|SYSTEM_MODE_ENTER|true
03:46:28.0 (30247290)|SYSTEM_MODE_ENTER|true
03:46:28.0 (30295913)|HEAP_ALLOCATE|[EXTERNAL]|Bytes:60
03:46:28.0 (30305208)|VARIABLE_SCOPE_BEGIN|[36]|this|Controller|true|false
03:46:28.0 (30364724)|VARIABLE_ASSIGNMENT|[36]|this|{"studentList":"0x48112e9e","sumstudents":"Total Students : 11","userinput":"a","userselect":"Name"}|0x20bdfd8a
03:46:28.0 (30386782)|SYSTEM_MODE_ENTER|false
03:46:28.0 (30394816)|HEAP_ALLOCATE|[37]|Bytes:5
03:46:28.0 (30401303)|STATEMENT_EXECUTE|[36]
03:46:28.0 (30403701)|STATEMENT_EXECUTE|[37]
03:46:28.0 (30415905)|HEAP_ALLOCATE|[37]|Bytes:4
03:46:28.0 (30432703)|VARIABLE_SCOPE_BEGIN|[37]|options|List<System.SelectOption>|true|false
03:46:28.0 (30460049)|HEAP_ALLOCATE|[EXTERNAL]|Bytes:4
03:46:28.0 (30472734)|VARIABLE_ASSIGNMENT|[37]|options|[]|0x183bdb1c
03:46:28.0 (30479055)|STATEMENT_EXECUTE|[38]
03:46:28.0 (30491644)|HEAP_ALLOCATE|[38]|Bytes:4
03:46:28.0 (30674483)|SOQL_EXECUTE_BEGIN|[38]|Aggregations:0|SELECT className__C FROM Class__c
03:46:28.0 (32653871)|SOQL_EXECUTE_END|[38]|Rows:4
03:46:28.0 (32678812)|HEAP_ALLOCATE|[38]|Bytes:20
03:46:28.0 (32700983)|HEAP_ALLOCATE|[38]|Bytes:193
03:46:28.0 (32737108)|HEAP_ALLOCATE|[38]|Bytes:20
03:46:28.0 (32748728)|VARIABLE_SCOPE_BEGIN|[38]|data|List<Class__c>|true|false
03:46:28.0 (32782559)|VARIABLE_ASSIGNMENT|[38]|data|[{"className__c":"Name","Id":"a0H0o00000fIXZEEA4"},{"className__c":"L02","Id":"a0H0o00000fIXflEAG"},{"className__c":"L01","Id":"a0H0o00000fIXZYEA4"},{"className__c":"L03","Id":"a0H0o00000fIXg0EAG"}]|0x3cba7b03
03:46:28.0 (32818097)|HEAP_ALLOCATE|[39]|Bytes:5
03:46:28.0 (32836723)|HEAP_ALLOCATE|[39]|Bytes:12
03:46:28.0 (32846270)|VARIABLE_SCOPE_BEGIN|[39]|c|Class__c|true|false
03:46:28.0 (32860970)|VARIABLE_ASSIGNMENT|[39]|c|{"className__c":"Name","Id":"a0H0o00000fIXZEEA4"}|0x52f2e09a
03:46:28.0 (32868345)|STATEMENT_EXECUTE|[39]
03:46:28.0 (32870542)|STATEMENT_EXECUTE|[40]
03:46:28.0 (32938369)|HEAP_ALLOCATE|[40]|Bytes:4
03:46:28.0 (32983894)|HEAP_ALLOCATE|[40]|Bytes:4
03:46:28.0 (33011980)|HEAP_ALLOCATE|[EXTERNAL]|Bytes:4
03:46:28.0 (33029510)|HEAP_ALLOCATE|[39]|Bytes:5
03:46:28.0 (33041535)|HEAP_ALLOCATE|[39]|Bytes:12
03:46:28.0 (33048097)|VARIABLE_SCOPE_BEGIN|[39]|c|Class__c|true|false
03:46:28.0 (33063771)|VARIABLE_ASSIGNMENT|[39]|c|{"className__c":"L02","Id":"a0H0o00000fIXflEAG"}|0x1ade57fb
03:46:28.0 (33070075)|STATEMENT_EXECUTE|[39]
03:46:28.0 (33071954)|STATEMENT_EXECUTE|[40]
03:46:28.0 (33111889)|HEAP_ALLOCATE|[40]|Bytes:3
03:46:28.0 (33166774)|HEAP_ALLOCATE|[40]|Bytes:3
03:46:28.0 (33186554)|HEAP_ALLOCATE|[EXTERNAL]|Bytes:4
03:46:28.0 (33201730)|HEAP_ALLOCATE|[39]|Bytes:5
03:46:28.0 (33213104)|HEAP_ALLOCATE|[39]|Bytes:12
03:46:28.0 (33219657)|VARIABLE_SCOPE_BEGIN|[39]|c|Class__c|true|false
03:46:28.0 (33235114)|VARIABLE_ASSIGNMENT|[39]|c|{"className__c":"L01","Id":"a0H0o00000fIXZYEA4"}|0x145e383b
03:46:28.0 (33241248)|STATEMENT_EXECUTE|[39]
03:46:28.0 (33243097)|STATEMENT_EXECUTE|[40]
03:46:28.0 (33280927)|HEAP_ALLOCATE|[40]|Bytes:3
03:46:28.0 (33322706)|HEAP_ALLOCATE|[40]|Bytes:3
03:46:28.0 (33342095)|HEAP_ALLOCATE|[EXTERNAL]|Bytes:4
03:46:28.0 (33356231)|HEAP_ALLOCATE|[39]|Bytes:5
03:46:28.0 (33367801)|HEAP_ALLOCATE|[39]|Bytes:12
03:46:28.0 (33374933)|VARIABLE_SCOPE_BEGIN|[39]|c|Class__c|true|false
03:46:28.0 (33389941)|VARIABLE_ASSIGNMENT|[39]|c|{"className__c":"L03","Id":"a0H0o00000fIXg0EAG"}|0x449b8146
03:46:28.0 (33396529)|STATEMENT_EXECUTE|[39]
03:46:28.0 (33398394)|STATEMENT_EXECUTE|[40]
03:46:28.0 (33434816)|HEAP_ALLOCATE|[40]|Bytes:3
03:46:28.0 (33472022)|HEAP_ALLOCATE|[40]|Bytes:3
03:46:28.0 (33490394)|HEAP_ALLOCATE|[EXTERNAL]|Bytes:4
03:46:28.0 (33504562)|HEAP_ALLOCATE|[39]|Bytes:5
03:46:28.0 (33516209)|VARIABLE_ASSIGNMENT|[39]|c|null|
03:46:28.0 (33522282)|STATEMENT_EXECUTE|[43]
03:46:28.0 (33527061)|SYSTEM_MODE_EXIT|false
03:46:28.0 (33692284)|SYSTEM_MODE_ENTER|true
03:46:28.35 (35008260)|SYSTEM_MODE_ENTER|true
03:46:28.35 (35077300)|HEAP_ALLOCATE|[EXTERNAL]|Bytes:8
03:46:28.35 (35087888)|VARIABLE_SCOPE_BEGIN|[88]|this|ApexPage.PageMessagesComponentController|true|false
03:46:28.35 (35114039)|VARIABLE_ASSIGNMENT|[88]|this|{}|0x574c7880
03:46:28.35 (35121053)|VARIABLE_SCOPE_BEGIN|[88]|escape|Boolean|false|false
03:46:28.35 (35129654)|VARIABLE_ASSIGNMENT|[88]|escape|null
03:46:28.35 (35272726)|SYSTEM_MODE_ENTER|true
03:46:28.35 (35332656)|HEAP_ALLOCATE|[EXTERNAL]|Bytes:8
03:46:28.35 (35341032)|VARIABLE_SCOPE_BEGIN|[2]|this|ApexPage.PageMessagesComponentController|true|false
03:46:28.35 (35364107)|VARIABLE_ASSIGNMENT|[2]|this|{}|0x574c7880
03:46:28.0 (36084853)|SYSTEM_MODE_ENTER|true
03:46:28.0 (72188375)|VF_SERIALIZE_VIEWSTATE_BEGIN|0660o000008sEYc
03:46:28.0 (105231272)|VF_SERIALIZE_VIEWSTATE_END
03:46:28.0 (137956008)|CODE_UNIT_STARTED|[EXTERNAL]|Generate Metadata
03:46:28.0 (147065656)|CODE_UNIT_FINISHED|Generate Metadata
03:46:28.152 (152041946)|CUMULATIVE_LIMIT_USAGE
03:46:28.152 (152041946)|LIMIT_USAGE_FOR_NS|(default)|
  Number of SOQL queries: 2 out of 100
  Number of query rows: 8 out of 50000
  Number of SOSL queries: 0 out of 20
  Number of DML statements: 0 out of 150
  Number of DML rows: 0 out of 10000
  Maximum CPU time: 0 out of 10000
  Maximum heap size: 0 out of 6000000
  Number of callouts: 0 out of 100
  Number of Email Invocations: 0 out of 10
  Number of future calls: 0 out of 50
  Number of queueable jobs added to the queue: 0 out of 50
  Number of Mobile Apex push calls: 0 out of 10

03:46:28.152 (152041946)|CUMULATIVE_LIMIT_USAGE_END

03:46:28.0 (152161912)|CODE_UNIT_FINISHED|VF: /apex/MainPage
03:46:28.0 (153045062)|EXECUTION_FINISHED
