36.0 APEX_CODE,FINEST;APEX_PROFILING,INFO;CALLOUT,INFO;DB,INFO;NBA,INFO;SYSTEM,DEBUG;VALIDATION,INFO;VISUALFORCE,INFO;WAVE,INFO;WORKFLOW,INFO
00:00:22.0 (130868)|USER_INFO|[EXTERNAL]|0050o00000WkyGG|ttvy@keizu.co.jp|Pacific Standard Time|GMT-07:00
00:00:22.0 (173081)|EXECUTION_STARTED
00:00:22.0 (180559)|CODE_UNIT_STARTED|[EXTERNAL]|0660o000008sEYc|VF: /apex/MainPage
00:00:22.0 (311830)|VF_DESERIALIZE_VIEWSTATE_BEGIN|0660o000008sEYc
00:00:22.0 (3745020)|HEAP_ALLOCATE|[72]|Bytes:3
00:00:22.0 (3783290)|HEAP_ALLOCATE|[77]|Bytes:152
00:00:22.0 (3797470)|HEAP_ALLOCATE|[342]|Bytes:408
00:00:22.0 (3809743)|HEAP_ALLOCATE|[355]|Bytes:408
00:00:22.0 (3821015)|HEAP_ALLOCATE|[467]|Bytes:48
00:00:22.0 (3846851)|HEAP_ALLOCATE|[139]|Bytes:6
00:00:22.0 (3871275)|HEAP_ALLOCATE|[50]|Bytes:5
00:00:22.0 (3890145)|HEAP_ALLOCATE|[56]|Bytes:5
00:00:22.0 (3898290)|HEAP_ALLOCATE|[64]|Bytes:7
00:00:22.0 (7185912)|VF_DESERIALIZE_VIEWSTATE_END
00:00:22.0 (7815822)|SYSTEM_MODE_ENTER|true
00:00:22.0 (7847004)|HEAP_ALLOCATE|[EXTERNAL]|Bytes:19
00:00:22.0 (7857145)|HEAP_ALLOCATE|[EXTERNAL]|Bytes:280
00:00:22.0 (7862232)|HEAP_ALLOCATE|[EXTERNAL]|Bytes:55
00:00:22.0 (7866312)|HEAP_ALLOCATE|[EXTERNAL]|Bytes:10
00:00:22.0 (7879515)|METHOD_ENTRY|[1]|01p0o00000GLKhZ|Controller.Controller()
00:00:22.0 (7885689)|STATEMENT_EXECUTE|[1]
00:00:22.0 (7890482)|STATEMENT_EXECUTE|[1]
00:00:22.0 (7898869)|SYSTEM_MODE_ENTER|false
00:00:22.0 (7909623)|HEAP_ALLOCATE|[EXTERNAL]|Bytes:5
00:00:22.0 (7914719)|STATEMENT_EXECUTE|[17]
00:00:22.0 (7916969)|STATEMENT_EXECUTE|[33]
00:00:22.0 (7920149)|SYSTEM_MODE_EXIT|false
00:00:22.0 (7928578)|METHOD_EXIT|[1]|Controller
00:00:22.0 (7978511)|HEAP_ALLOCATE|[EXTERNAL]|Bytes:188
00:00:22.0 (7984822)|HEAP_ALLOCATE|[EXTERNAL]|Bytes:17
00:00:22.10 (10063017)|SYSTEM_MODE_ENTER|true
00:00:22.10 (10135194)|HEAP_ALLOCATE|[EXTERNAL]|Bytes:38
00:00:22.10 (10145193)|HEAP_ALLOCATE|[EXTERNAL]|Bytes:7
00:00:22.10 (10894677)|SYSTEM_MODE_ENTER|true
00:00:22.10 (10953109)|HEAP_ALLOCATE|[EXTERNAL]|Bytes:8
00:00:22.10 (10963827)|VARIABLE_SCOPE_BEGIN|[88]|this|ApexPage.PageMessagesComponentController|true|false
00:00:22.10 (11026791)|VARIABLE_ASSIGNMENT|[88]|this|{}|0xc6e2640
00:00:22.10 (11034748)|VARIABLE_SCOPE_BEGIN|[88]|escape|Boolean|false|false
00:00:22.10 (11043904)|VARIABLE_ASSIGNMENT|[88]|escape|null
00:00:22.0 (11161820)|SYSTEM_MODE_ENTER|true
00:00:22.0 (11867821)|SYSTEM_MODE_ENTER|true
00:00:22.0 (11970905)|SYSTEM_MODE_ENTER|true
00:00:22.0 (12316951)|HEAP_ALLOCATE|[EXTERNAL]|Bytes:40
00:00:22.0 (12328287)|VARIABLE_SCOPE_BEGIN|[61]|this|Controller|true|false
00:00:22.0 (12394704)|VARIABLE_ASSIGNMENT|[61]|this|{"objKeySearch":"0x483b334e","OutputList":"0x367b1844","student":"0xd26fd3","sumstudents":"Total Students : 2"}|0x1eb9da7e
00:00:22.0 (12409932)|SYSTEM_MODE_ENTER|false
00:00:22.0 (12417982)|HEAP_ALLOCATE|[62]|Bytes:5
00:00:22.0 (12423811)|STATEMENT_EXECUTE|[61]
00:00:22.0 (12425753)|STATEMENT_EXECUTE|[62]
00:00:22.0 (12436880)|HEAP_ALLOCATE|[62]|Bytes:4
00:00:22.0 (12468679)|VARIABLE_SCOPE_BEGIN|[62]|options|List<System.SelectOption>|true|false
00:00:22.0 (12492137)|HEAP_ALLOCATE|[EXTERNAL]|Bytes:4
00:00:22.0 (12503590)|VARIABLE_ASSIGNMENT|[62]|options|[]|0x18370e38
00:00:22.0 (12509412)|STATEMENT_EXECUTE|[63]
00:00:22.0 (12512705)|HEAP_ALLOCATE|[63]|Bytes:33
00:00:22.0 (12528269)|HEAP_ALLOCATE|[63]|Bytes:4
00:00:22.0 (13396589)|SOQL_EXECUTE_BEGIN|[63]|Aggregations:0|SELECT className__C FROM Class__c
00:00:22.0 (15941710)|SOQL_EXECUTE_END|[63]|Rows:2
00:00:22.0 (15965772)|HEAP_ALLOCATE|[63]|Bytes:12
00:00:22.0 (15984115)|HEAP_ALLOCATE|[63]|Bytes:101
00:00:22.0 (16045108)|HEAP_ALLOCATE|[63]|Bytes:12
00:00:22.0 (16061291)|VARIABLE_SCOPE_BEGIN|[63]|data|List<Class__c>|true|false
00:00:22.0 (16093523)|VARIABLE_ASSIGNMENT|[63]|data|[{"className__c":"Math","Id":"a0H0o00000fJQOvEAO"},{"className__c":"English","Id":"a0H0o00000fJQOwEAO"}]|0x2e200e07
00:00:22.0 (16255832)|HEAP_ALLOCATE|[64]|Bytes:5
00:00:22.0 (16273685)|HEAP_ALLOCATE|[64]|Bytes:12
00:00:22.0 (16281454)|VARIABLE_SCOPE_BEGIN|[64]|c|Class__c|true|false
00:00:22.0 (16297522)|VARIABLE_ASSIGNMENT|[64]|c|{"className__c":"Math","Id":"a0H0o00000fJQOvEAO"}|0x730e1536
00:00:22.0 (16304283)|STATEMENT_EXECUTE|[64]
00:00:22.0 (16306311)|STATEMENT_EXECUTE|[65]
00:00:22.0 (16314613)|HEAP_ALLOCATE|[65]|Bytes:12
00:00:22.0 (16422308)|HEAP_ALLOCATE|[65]|Bytes:4
00:00:22.0 (16461409)|HEAP_ALLOCATE|[65]|Bytes:4
00:00:22.0 (16508476)|HEAP_ALLOCATE|[EXTERNAL]|Bytes:4
00:00:22.0 (16525136)|HEAP_ALLOCATE|[64]|Bytes:5
00:00:22.0 (16536210)|HEAP_ALLOCATE|[64]|Bytes:12
00:00:22.0 (16543292)|VARIABLE_SCOPE_BEGIN|[64]|c|Class__c|true|false
00:00:22.0 (16559891)|VARIABLE_ASSIGNMENT|[64]|c|{"className__c":"English","Id":"a0H0o00000fJQOwEAO"}|0x2c6ff038
00:00:22.0 (16566454)|STATEMENT_EXECUTE|[64]
00:00:22.0 (16568155)|STATEMENT_EXECUTE|[65]
00:00:22.0 (16614625)|HEAP_ALLOCATE|[65]|Bytes:7
00:00:22.0 (16649626)|HEAP_ALLOCATE|[65]|Bytes:7
00:00:22.0 (16674344)|HEAP_ALLOCATE|[EXTERNAL]|Bytes:4
00:00:22.0 (16692547)|HEAP_ALLOCATE|[64]|Bytes:5
00:00:22.0 (16708212)|VARIABLE_ASSIGNMENT|[64]|c|null|
00:00:22.0 (16716546)|STATEMENT_EXECUTE|[68]
00:00:22.0 (16722057)|SYSTEM_MODE_EXIT|false
00:00:22.0 (17598810)|HEAP_ALLOCATE|[EXTERNAL]|Bytes:120
00:00:22.0 (17614410)|HEAP_ALLOCATE|[EXTERNAL]|Bytes:11
00:00:22.0 (18295641)|HEAP_ALLOCATE|[EXTERNAL]|Bytes:5
00:00:22.0 (18308332)|HEAP_ALLOCATE|[EXTERNAL]|Bytes:24
00:00:22.0 (18321950)|VARIABLE_ASSIGNMENT|[EXTERNAL]|this.increasing|false|0x483b334e
00:00:22.0 (18374349)|HEAP_ALLOCATE|[EXTERNAL]|Bytes:4
00:00:22.0 (18379342)|HEAP_ALLOCATE|[EXTERNAL]|Bytes:24
00:00:22.0 (18388862)|VARIABLE_ASSIGNMENT|[EXTERNAL]|this.className|"Math"|0x483b334e
00:00:22.18 (18799748)|SYSTEM_MODE_ENTER|true
00:00:22.18 (18865290)|HEAP_ALLOCATE|[EXTERNAL]|Bytes:8
00:00:22.18 (18874908)|VARIABLE_SCOPE_BEGIN|[88]|this|ApexPage.PageMessagesComponentController|true|false
00:00:22.18 (18901593)|VARIABLE_ASSIGNMENT|[88]|this|{}|0xc6e2640
00:00:22.18 (18911214)|VARIABLE_SCOPE_BEGIN|[88]|escape|Boolean|false|false
00:00:22.18 (18919188)|VARIABLE_ASSIGNMENT|[88]|escape|null
00:00:22.0 (19107879)|HEAP_ALLOCATE|[EXTERNAL]|Bytes:5
00:00:22.0 (19116713)|HEAP_ALLOCATE|[EXTERNAL]|Bytes:12
00:00:22.0 (19125629)|VARIABLE_ASSIGNMENT|[EXTERNAL]|this.isSelected|false|0x4bda74ed
00:00:22.0 (19368960)|HEAP_ALLOCATE|[EXTERNAL]|Bytes:5
00:00:22.0 (19376869)|HEAP_ALLOCATE|[EXTERNAL]|Bytes:12
00:00:22.0 (19386056)|VARIABLE_ASSIGNMENT|[EXTERNAL]|this.isSelected|false|0x4a77b692
00:00:22.0 (19677876)|HEAP_ALLOCATE|[EXTERNAL]|Bytes:40
00:00:22.0 (19688172)|VARIABLE_SCOPE_BEGIN|[167]|this|Controller|true|false
00:00:22.0 (19729199)|VARIABLE_ASSIGNMENT|[167]|this|{"objKeySearch":"0x483b334e","OutputList":"0x367b1844","student":"0xd26fd3","sumstudents":"Total Students : 2"}|0x1eb9da7e
00:00:22.0 (19743849)|SYSTEM_MODE_ENTER|false
00:00:22.0 (19751513)|HEAP_ALLOCATE|[168]|Bytes:5
00:00:22.0 (19757092)|STATEMENT_EXECUTE|[167]
00:00:22.0 (19759082)|STATEMENT_EXECUTE|[168]
00:00:22.0 (19760517)|STATEMENT_EXECUTE|[168]
00:00:22.0 (19808675)|VARIABLE_ASSIGNMENT|[EXTERNAL]|this|{"objKeySearch":"0x483b334e","OutputList":"0x367b1844","student":"0xd26fd3","sumstudents":"Total Students : 2"}|0x1eb9da7e
00:00:22.0 (19849661)|VARIABLE_ASSIGNMENT|[EXTERNAL]|this|{"className":"Math","increasing":false,"objStudentFrom":"0x424c9468","objStudentTo":"0x79ad7f70","studentName":"0x23b431dc"}|0x483b334e
00:00:22.0 (19919266)|STATEMENT_EXECUTE|[169]
00:00:22.0 (19921642)|STATEMENT_EXECUTE|[173]
00:00:22.0 (19947269)|METHOD_ENTRY|[173]|01p0o00000GLKhZ|Controller.getStudent()
00:00:22.0 (19970675)|VARIABLE_SCOPE_BEGIN|[71]|this|Controller|true|false
00:00:22.0 (20000687)|VARIABLE_ASSIGNMENT|[71]|this|{"objKeySearch":"0x483b334e","OutputList":"0x367b1844","student":"0xd26fd3","sumstudents":"Total Students : 2"}|0x1eb9da7e
00:00:22.0 (20014365)|HEAP_ALLOCATE|[72]|Bytes:5
00:00:22.0 (20019058)|STATEMENT_EXECUTE|[71]
00:00:22.0 (20021264)|STATEMENT_EXECUTE|[72]
00:00:22.0 (20024359)|HEAP_ALLOCATE|[72]|Bytes:274
00:00:22.0 (20041526)|HEAP_ALLOCATE|[72]|Bytes:4
00:00:22.0 (20051662)|HEAP_ALLOCATE|[72]|Bytes:7
00:00:22.0 (20086211)|VARIABLE_ASSIGNMENT|[EXTERNAL]|this|{"objKeySearch":"0x483b334e","OutputList":"0x367b1844","student":"0xd26fd3","sumstudents":"Total Students : 2"}|0x1eb9da7e
00:00:22.0 (20116617)|VARIABLE_ASSIGNMENT|[EXTERNAL]|this|{"className":"Math","increasing":false,"objStudentFrom":"0x424c9468","objStudentTo":"0x79ad7f70","studentName":"0x23b431dc"}|0x483b334e
00:00:22.0 (20139429)|HEAP_ALLOCATE|[72]|Bytes:7
00:00:22.0 (20170181)|VARIABLE_ASSIGNMENT|[EXTERNAL]|this|{"objKeySearch":"0x483b334e","OutputList":"0x367b1844","student":"0xd26fd3","sumstudents":"Total Students : 2"}|0x1eb9da7e
00:00:22.0 (20200978)|VARIABLE_ASSIGNMENT|[EXTERNAL]|this|{"className":"Math","increasing":false,"objStudentFrom":"0x424c9468","objStudentTo":"0x79ad7f70","studentName":"0x23b431dc"}|0x483b334e
00:00:22.0 (20215752)|HEAP_ALLOCATE|[72]|Bytes:7
00:00:22.0 (20243727)|VARIABLE_ASSIGNMENT|[EXTERNAL]|this|{"objKeySearch":"0x483b334e","OutputList":"0x367b1844","student":"0xd26fd3","sumstudents":"Total Students : 2"}|0x1eb9da7e
00:00:22.0 (20271035)|VARIABLE_ASSIGNMENT|[EXTERNAL]|this|{"className":"Math","increasing":false,"objStudentFrom":"0x424c9468","objStudentTo":"0x79ad7f70","studentName":"0x23b431dc"}|0x483b334e
00:00:22.0 (20285714)|HEAP_ALLOCATE|[72]|Bytes:7
00:00:22.0 (20312885)|VARIABLE_ASSIGNMENT|[EXTERNAL]|this|{"objKeySearch":"0x483b334e","OutputList":"0x367b1844","student":"0xd26fd3","sumstudents":"Total Students : 2"}|0x1eb9da7e
00:00:22.0 (20340790)|VARIABLE_ASSIGNMENT|[EXTERNAL]|this|{"className":"Math","increasing":false,"objStudentFrom":"0x424c9468","objStudentTo":"0x79ad7f70","studentName":"0x23b431dc"}|0x483b334e
00:00:22.0 (21073881)|SOQL_EXECUTE_BEGIN|[72]|Aggregations:0|SELECT Namef__c, Namel__c, Birthday__c, Gender__c, Score1__c, Score2__c, Score3__c, AverageScore__c, State__c, StudentId__c FROM Student__c WHERE (Name LIKE :tmpVar1 OR Class__r.Name LIKE :tmpVar2 OR (Student__c.Birthday__c > :tmpVar3 AND Student__c.Birthday__c < :tmpVar4))
00:00:22.0 (28744928)|SOQL_EXECUTE_END|[72]|Rows:2
00:00:22.0 (28783063)|HEAP_ALLOCATE|[72]|Bytes:12
00:00:22.0 (28824550)|HEAP_ALLOCATE|[72]|Bytes:726
00:00:22.0 (28894882)|HEAP_ALLOCATE|[72]|Bytes:12
00:00:22.0 (28919706)|VARIABLE_SCOPE_BEGIN|[72]|studentGetList|List<Student__c>|true|false
00:00:22.0 (29026955)|VARIABLE_ASSIGNMENT|[72]|studentGetList|[{"Namef__c":"b","Namel__c":"b","Birthday__c":"2010-05-21T00:00:00.000Z","Gender__c":true,"Score1__c":2.00,"Score2__c":2.00,"Score3__c":2.00,"AverageScore__c":2.00,"State__c":"Failed","StudentId__c":"HS0076","Class__c":"a0H0o00000fJQOvEAO","Id":"a0I0o000013e10MEAQ"},{"Namef__c":"a","Namel__c":"a","Birthday__c":"2003-05-08T00:00:00.000Z","Gender__c":false,"Score1__c":1.00,"Score2__c":1.00,"Score3__c":1.00,"AverageScore__c":1.00,"State__c":"Failed","StudentId__c":"HS0075","Class__c":"a0H0o00000fJQOvEAO","Id":"a0I0o000013e10HEAQ"}]|0x253eec62
00:00:22.0 (29049310)|STATEMENT_EXECUTE|[87]
00:00:22.0 (29064890)|HEAP_ALLOCATE|[87]|Bytes:4
00:00:22.0 (29164725)|VARIABLE_SCOPE_BEGIN|[87]|result|List<Controller.Output>|true|false
00:00:22.0 (29195962)|HEAP_ALLOCATE|[EXTERNAL]|Bytes:4
00:00:22.0 (29209471)|VARIABLE_ASSIGNMENT|[87]|result|[]|0x26a5adea
00:00:22.0 (29424970)|HEAP_ALLOCATE|[88]|Bytes:5
00:00:22.0 (29451660)|HEAP_ALLOCATE|[88]|Bytes:52
00:00:22.0 (29467127)|VARIABLE_SCOPE_BEGIN|[88]|s|Student__c|true|false
00:00:22.0 (29521041)|VARIABLE_ASSIGNMENT|[88]|s|{"Namef__c":"b","Namel__c":"b","Birthday__c":"2010-05-21T00:00:00.000Z","Gender__c":true,"Score1__c":2.00,"Score2__c":2.00,"Score3__c":2.00,"AverageScore__c":2.00,"State__c":"Failed","StudentId__c":"HS0076","Class__c":"a0H0o00000fJQOvEAO","Id":"a0I0o000013e10MEAQ"}|0x7f1948d2
00:00:22.0 (29538858)|STATEMENT_EXECUTE|[88]
00:00:22.0 (29541403)|STATEMENT_EXECUTE|[89]
00:00:22.0 (29550559)|HEAP_ALLOCATE|[89]|Bytes:12
00:00:22.0 (29581115)|CONSTRUCTOR_ENTRY|[89]|01p0o00000GLKhZ|<init>(Student__c)|Controller.Output
00:00:22.0 (29622379)|VARIABLE_SCOPE_BEGIN|[36]|this|Controller.Output|true|false
00:00:22.0 (29664235)|VARIABLE_ASSIGNMENT|[36]|this|{}|0x145c6c4b
00:00:22.0 (29679341)|VARIABLE_SCOPE_BEGIN|[36]|s|Student__c|true|false
00:00:22.0 (29723392)|VARIABLE_ASSIGNMENT|[36]|s|{"Namef__c":"b","Namel__c":"b","Birthday__c":"2010-05-21T00:00:00.000Z","Gender__c":true,"Score1__c":2.00,"Score2__c":2.00,"Score3__c":2.00,"AverageScore__c":2.00,"State__c":"Failed","StudentId__c":"HS0076","Class__c":"a0H0o00000fJQOvEAO","Id":"a0I0o000013e10MEAQ"}|0x7f1948d2
00:00:22.0 (29741376)|STATEMENT_EXECUTE|[33]
00:00:22.0 (29744369)|STATEMENT_EXECUTE|[34]
00:00:22.0 (29748311)|STATEMENT_EXECUTE|[35]
00:00:22.0 (29760607)|HEAP_ALLOCATE|[37]|Bytes:6
00:00:22.0 (29811870)|STATEMENT_EXECUTE|[36]
00:00:22.0 (29814828)|STATEMENT_EXECUTE|[37]
00:00:22.0 (29911617)|VARIABLE_ASSIGNMENT|[EXTERNAL]|this|{}|0x145c6c4b
00:00:22.0 (29964006)|VARIABLE_ASSIGNMENT|[EXTERNAL]|value|{"Namef__c":"b","Namel__c":"b","Birthday__c":"2010-05-21T00:00:00.000Z","Gender__c":true,"Score1__c":2.00,"Score2__c":2.00,"Score3__c":2.00,"AverageScore__c":2.00,"State__c":"Failed","StudentId__c":"HS0076","Class__c":"a0H0o00000fJQOvEAO","Id":"a0I0o000013e10MEAQ"}|0x7f1948d2
00:00:22.0 (30019909)|VARIABLE_ASSIGNMENT|[34]|this.student|{"Namef__c":"b","Namel__c":"b","Birthday__c":"2010-05-21T00:00:00.000Z","Gender__c":true,"Score1__c":2.00,"Score2__c":2.00,"Score3__c":2.00,"AverageScore__c":2.00,"State__c":"Failed","StudentId__c":"HS0076","Class__c":"a0H0o00000fJQOvEAO","Id":"a0I0o000013e10MEAQ"}|0x145c6c4b
00:00:22.0 (30047605)|STATEMENT_EXECUTE|[38]
00:00:22.0 (30108313)|VARIABLE_ASSIGNMENT|[EXTERNAL]|this|{"student":"0x7f1948d2"}|0x145c6c4b
00:00:22.0 (30130328)|VARIABLE_ASSIGNMENT|[EXTERNAL]|value|false
00:00:22.0 (30144001)|HEAP_ALLOCATE|[35]|Bytes:5
00:00:22.0 (30157896)|VARIABLE_ASSIGNMENT|[35]|this.isSelected|false|0x145c6c4b
00:00:22.0 (30182502)|CONSTRUCTOR_EXIT|[89]|01p0o00000GLKhZ|<init>(Student__c)|Controller.Output
00:00:22.0 (30212935)|HEAP_ALLOCATE|[EXTERNAL]|Bytes:4
00:00:22.0 (30237522)|HEAP_ALLOCATE|[88]|Bytes:5
00:00:22.0 (30256867)|HEAP_ALLOCATE|[88]|Bytes:52
00:00:22.0 (30270264)|VARIABLE_SCOPE_BEGIN|[88]|s|Student__c|true|false
00:00:22.0 (30318897)|VARIABLE_ASSIGNMENT|[88]|s|{"Namef__c":"a","Namel__c":"a","Birthday__c":"2003-05-08T00:00:00.000Z","Gender__c":false,"Score1__c":1.00,"Score2__c":1.00,"Score3__c":1.00,"AverageScore__c":1.00,"State__c":"Failed","StudentId__c":"HS0075","Class__c":"a0H0o00000fJQOvEAO","Id":"a0I0o000013e10HEAQ"}|0x7bfa808a
00:00:22.0 (30337125)|STATEMENT_EXECUTE|[88]
00:00:22.0 (30340044)|STATEMENT_EXECUTE|[89]
00:00:22.0 (30346245)|HEAP_ALLOCATE|[89]|Bytes:12
00:00:22.0 (30367629)|CONSTRUCTOR_ENTRY|[89]|01p0o00000GLKhZ|<init>(Student__c)|Controller.Output
00:00:22.0 (30382570)|VARIABLE_SCOPE_BEGIN|[36]|this|Controller.Output|true|false
00:00:22.0 (30409689)|VARIABLE_ASSIGNMENT|[36]|this|{}|0x4d66a654
00:00:22.0 (30422122)|VARIABLE_SCOPE_BEGIN|[36]|s|Student__c|true|false
00:00:22.0 (30466540)|VARIABLE_ASSIGNMENT|[36]|s|{"Namef__c":"a","Namel__c":"a","Birthday__c":"2003-05-08T00:00:00.000Z","Gender__c":false,"Score1__c":1.00,"Score2__c":1.00,"Score3__c":1.00,"AverageScore__c":1.00,"State__c":"Failed","StudentId__c":"HS0075","Class__c":"a0H0o00000fJQOvEAO","Id":"a0I0o000013e10HEAQ"}|0x7bfa808a
00:00:22.0 (30482980)|STATEMENT_EXECUTE|[33]
00:00:22.0 (30487468)|STATEMENT_EXECUTE|[34]
00:00:22.0 (30489703)|STATEMENT_EXECUTE|[35]
00:00:22.0 (30507762)|STATEMENT_EXECUTE|[36]
00:00:22.0 (30510392)|STATEMENT_EXECUTE|[37]
00:00:22.0 (30532566)|VARIABLE_ASSIGNMENT|[EXTERNAL]|this|{}|0x4d66a654
00:00:22.0 (30574946)|VARIABLE_ASSIGNMENT|[EXTERNAL]|value|{"Namef__c":"a","Namel__c":"a","Birthday__c":"2003-05-08T00:00:00.000Z","Gender__c":false,"Score1__c":1.00,"Score2__c":1.00,"Score3__c":1.00,"AverageScore__c":1.00,"State__c":"Failed","StudentId__c":"HS0075","Class__c":"a0H0o00000fJQOvEAO","Id":"a0I0o000013e10HEAQ"}|0x7bfa808a
00:00:22.0 (30624961)|VARIABLE_ASSIGNMENT|[34]|this.student|{"Namef__c":"a","Namel__c":"a","Birthday__c":"2003-05-08T00:00:00.000Z","Gender__c":false,"Score1__c":1.00,"Score2__c":1.00,"Score3__c":1.00,"AverageScore__c":1.00,"State__c":"Failed","StudentId__c":"HS0075","Class__c":"a0H0o00000fJQOvEAO","Id":"a0I0o000013e10HEAQ"}|0x4d66a654
00:00:22.0 (30645966)|STATEMENT_EXECUTE|[38]
00:00:22.0 (30669974)|VARIABLE_ASSIGNMENT|[EXTERNAL]|this|{"student":"0x7bfa808a"}|0x4d66a654
00:00:22.0 (30688940)|VARIABLE_ASSIGNMENT|[EXTERNAL]|value|false
00:00:22.0 (30700869)|HEAP_ALLOCATE|[35]|Bytes:5
00:00:22.0 (30713297)|VARIABLE_ASSIGNMENT|[35]|this.isSelected|false|0x4d66a654
00:00:22.0 (30735280)|CONSTRUCTOR_EXIT|[89]|01p0o00000GLKhZ|<init>(Student__c)|Controller.Output
00:00:22.0 (30756951)|HEAP_ALLOCATE|[EXTERNAL]|Bytes:4
00:00:22.0 (30778338)|HEAP_ALLOCATE|[88]|Bytes:5
00:00:22.0 (30797519)|VARIABLE_ASSIGNMENT|[88]|s|null|
00:00:22.0 (30807087)|STATEMENT_EXECUTE|[91]
00:00:22.0 (30870898)|VARIABLE_ASSIGNMENT|[EXTERNAL]|this|{"objKeySearch":"0x483b334e","OutputList":"0x367b1844","student":"0xd26fd3","sumstudents":"Total Students : 2"}|0x1eb9da7e
00:00:22.0 (30935073)|VARIABLE_ASSIGNMENT|[EXTERNAL]|this|{"className":"Math","increasing":false,"objStudentFrom":"0x424c9468","objStudentTo":"0x79ad7f70","studentName":"0x23b431dc"}|0x483b334e
00:00:22.0 (30979571)|METHOD_ENTRY|[91]|01p0o00000GLKhZ|Controller.sort(List<Controller.Output>, Boolean)
00:00:22.0 (30993241)|VARIABLE_SCOPE_BEGIN|[94]|this|Controller|true|false
00:00:22.0 (31038736)|VARIABLE_ASSIGNMENT|[94]|this|{"objKeySearch":"0x483b334e","OutputList":"0x367b1844","student":"0xd26fd3","sumstudents":"Total Students : 2"}|0x1eb9da7e
00:00:22.0 (31053515)|VARIABLE_SCOPE_BEGIN|[94]|l|List<Controller.Output>|true|false
00:00:22.0 (31092922)|VARIABLE_ASSIGNMENT|[94]|l|[{"isSelected":false,"student":"0x7f1948d2"},{"isSelected":false,"student":"0x7bfa808a"}]|0x26a5adea
00:00:22.0 (31107736)|VARIABLE_SCOPE_BEGIN|[94]|increasing|Boolean|false|false
00:00:22.0 (31125529)|VARIABLE_ASSIGNMENT|[94]|increasing|false
00:00:22.0 (31144165)|HEAP_ALLOCATE|[95]|Bytes:5
00:00:22.0 (31153163)|STATEMENT_EXECUTE|[94]
00:00:22.0 (31155568)|STATEMENT_EXECUTE|[95]
00:00:22.0 (31169855)|HEAP_ALLOCATE|[95]|Bytes:4
00:00:22.0 (31199972)|VARIABLE_SCOPE_BEGIN|[95]|result|List<Controller.Output>|true|false
00:00:22.0 (31229461)|HEAP_ALLOCATE|[EXTERNAL]|Bytes:4
00:00:22.0 (31243369)|VARIABLE_ASSIGNMENT|[95]|result|[]|0x256e6bd6
00:00:22.0 (31256974)|STATEMENT_EXECUTE|[109]
00:00:22.0 (31291933)|STATEMENT_EXECUTE|[110]
00:00:22.0 (31294684)|STATEMENT_EXECUTE|[111]
00:00:22.0 (31329093)|HEAP_ALLOCATE|[111]|Bytes:12
00:00:22.0 (31383619)|VARIABLE_ASSIGNMENT|[EXTERNAL]|this|{"isSelected":false,"student":"0x7f1948d2"}|0x145c6c4b
00:00:22.0 (31449971)|VARIABLE_SCOPE_BEGIN|[111]|min|String|false|false
00:00:22.0 (31471919)|VARIABLE_ASSIGNMENT|[111]|min|"b"
00:00:22.0 (31481083)|STATEMENT_EXECUTE|[112]
00:00:22.0 (31515573)|HEAP_ALLOCATE|[112]|Bytes:12
00:00:22.0 (31532726)|VARIABLE_SCOPE_BEGIN|[112]|minObj|Controller.Output|true|false
00:00:22.0 (31567733)|VARIABLE_ASSIGNMENT|[112]|minObj|{"isSelected":false,"student":"0x7f1948d2"}|0x145c6c4b
00:00:22.0 (31687846)|HEAP_ALLOCATE|[113]|Bytes:5
00:00:22.0 (31709802)|HEAP_ALLOCATE|[113]|Bytes:12
00:00:22.0 (31721955)|VARIABLE_SCOPE_BEGIN|[113]|o|Controller.Output|true|false
00:00:22.0 (31754498)|VARIABLE_ASSIGNMENT|[113]|o|{"isSelected":false,"student":"0x7f1948d2"}|0x145c6c4b
00:00:22.0 (31765894)|STATEMENT_EXECUTE|[113]
00:00:22.0 (31808484)|VARIABLE_ASSIGNMENT|[EXTERNAL]|this|{"isSelected":false,"student":"0x7f1948d2"}|0x145c6c4b
00:00:22.0 (31870549)|STATEMENT_EXECUTE|[114]
00:00:22.0 (31887580)|HEAP_ALLOCATE|[113]|Bytes:5
00:00:22.0 (31904369)|HEAP_ALLOCATE|[113]|Bytes:12
00:00:22.0 (31915737)|VARIABLE_SCOPE_BEGIN|[113]|o|Controller.Output|true|false
00:00:22.0 (31947073)|VARIABLE_ASSIGNMENT|[113]|o|{"isSelected":false,"student":"0x7bfa808a"}|0x4d66a654
00:00:22.0 (31960758)|STATEMENT_EXECUTE|[113]
00:00:22.0 (31986392)|VARIABLE_ASSIGNMENT|[EXTERNAL]|this|{"isSelected":false,"student":"0x7bfa808a"}|0x4d66a654
00:00:22.0 (32032425)|STATEMENT_EXECUTE|[114]
00:00:22.0 (32036236)|STATEMENT_EXECUTE|[115]
00:00:22.0 (32070895)|VARIABLE_ASSIGNMENT|[EXTERNAL]|this|{"isSelected":false,"student":"0x7bfa808a"}|0x4d66a654
00:00:22.0 (32099008)|VARIABLE_ASSIGNMENT|[115]|min|"a"
00:00:22.0 (32108541)|STATEMENT_EXECUTE|[116]
00:00:22.0 (32127482)|VARIABLE_ASSIGNMENT|[116]|minObj|{"isSelected":false,"student":"0x7bfa808a"}|0x4d66a654
00:00:22.0 (32151534)|HEAP_ALLOCATE|[113]|Bytes:5
00:00:22.0 (32169992)|VARIABLE_ASSIGNMENT|[113]|o|null|
00:00:22.0 (32179528)|STATEMENT_EXECUTE|[119]
00:00:22.0 (32187124)|HEAP_ALLOCATE|[119]|Bytes:12
00:00:22.0 (32224273)|VARIABLE_ASSIGNMENT|[EXTERNAL]|this|{"isSelected":false,"student":"0x7bfa808a"}|0x4d66a654
00:00:22.0 (32250125)|CONSTRUCTOR_ENTRY|[119]|01p0o00000GLKhZ|<init>(Student__c)|Controller.Output
00:00:22.0 (32262858)|VARIABLE_SCOPE_BEGIN|[36]|this|Controller.Output|true|false
00:00:22.0 (32292437)|VARIABLE_ASSIGNMENT|[36]|this|{}|0xaac3859
00:00:22.0 (32304445)|VARIABLE_SCOPE_BEGIN|[36]|s|Student__c|true|false
00:00:22.0 (32350620)|VARIABLE_ASSIGNMENT|[36]|s|{"Namef__c":"a","Namel__c":"a","Birthday__c":"2003-05-08T00:00:00.000Z","Gender__c":false,"Score1__c":1.00,"Score2__c":1.00,"Score3__c":1.00,"AverageScore__c":1.00,"State__c":"Failed","StudentId__c":"HS0075","Class__c":"a0H0o00000fJQOvEAO","Id":"a0I0o000013e10HEAQ"}|0x7bfa808a
00:00:22.0 (32372880)|STATEMENT_EXECUTE|[33]
00:00:22.0 (32375352)|STATEMENT_EXECUTE|[34]
00:00:22.0 (32378701)|STATEMENT_EXECUTE|[35]
00:00:22.0 (32396544)|STATEMENT_EXECUTE|[36]
00:00:22.0 (32398917)|STATEMENT_EXECUTE|[37]
00:00:22.0 (32421443)|VARIABLE_ASSIGNMENT|[EXTERNAL]|this|{}|0xaac3859
00:00:22.0 (32463650)|VARIABLE_ASSIGNMENT|[EXTERNAL]|value|{"Namef__c":"a","Namel__c":"a","Birthday__c":"2003-05-08T00:00:00.000Z","Gender__c":false,"Score1__c":1.00,"Score2__c":1.00,"Score3__c":1.00,"AverageScore__c":1.00,"State__c":"Failed","StudentId__c":"HS0075","Class__c":"a0H0o00000fJQOvEAO","Id":"a0I0o000013e10HEAQ"}|0x7bfa808a
00:00:22.0 (32513432)|VARIABLE_ASSIGNMENT|[34]|this.student|{"Namef__c":"a","Namel__c":"a","Birthday__c":"2003-05-08T00:00:00.000Z","Gender__c":false,"Score1__c":1.00,"Score2__c":1.00,"Score3__c":1.00,"AverageScore__c":1.00,"State__c":"Failed","StudentId__c":"HS0075","Class__c":"a0H0o00000fJQOvEAO","Id":"a0I0o000013e10HEAQ"}|0xaac3859
00:00:22.0 (32535664)|STATEMENT_EXECUTE|[38]
00:00:22.0 (32560131)|VARIABLE_ASSIGNMENT|[EXTERNAL]|this|{"student":"0x7bfa808a"}|0xaac3859
00:00:22.0 (32577650)|VARIABLE_ASSIGNMENT|[EXTERNAL]|value|false
00:00:22.0 (32588535)|HEAP_ALLOCATE|[35]|Bytes:5
00:00:22.0 (32601338)|VARIABLE_ASSIGNMENT|[35]|this.isSelected|false|0xaac3859
00:00:22.0 (32622276)|CONSTRUCTOR_EXIT|[119]|01p0o00000GLKhZ|<init>(Student__c)|Controller.Output
00:00:22.0 (32646836)|HEAP_ALLOCATE|[EXTERNAL]|Bytes:4
00:00:22.0 (32657415)|STATEMENT_EXECUTE|[120]
00:00:22.0 (32763523)|VARIABLE_ASSIGNMENT|[EXTERNAL]|this|{"isSelected":false,"student":"0x7f1948d2"}|0x145c6c4b
00:00:22.0 (32796077)|VARIABLE_ASSIGNMENT|[EXTERNAL]|object|{"isSelected":false,"student":"0x7bfa808a"}
00:00:22.0 (32886333)|VARIABLE_ASSIGNMENT|[EXTERNAL]|this|{"isSelected":false,"student":"0x7bfa808a"}|0x4d66a654
00:00:22.0 (32912973)|VARIABLE_ASSIGNMENT|[EXTERNAL]|object|{"isSelected":false,"student":"0x7bfa808a"}
00:00:22.0 (32968586)|HEAP_ALLOCATE|[120]|Bytes:12
00:00:22.0 (32993151)|STATEMENT_EXECUTE|[110]
00:00:22.0 (32995947)|STATEMENT_EXECUTE|[111]
00:00:22.0 (33004794)|HEAP_ALLOCATE|[111]|Bytes:12
00:00:22.0 (33040780)|VARIABLE_ASSIGNMENT|[EXTERNAL]|this|{"isSelected":false,"student":"0x7f1948d2"}|0x145c6c4b
00:00:22.0 (33067238)|VARIABLE_SCOPE_BEGIN|[111]|min|String|false|false
00:00:22.0 (33087383)|VARIABLE_ASSIGNMENT|[111]|min|"b"
00:00:22.0 (33096704)|STATEMENT_EXECUTE|[112]
00:00:22.0 (33108474)|HEAP_ALLOCATE|[112]|Bytes:12
00:00:22.0 (33122979)|VARIABLE_SCOPE_BEGIN|[112]|minObj|Controller.Output|true|false
00:00:22.0 (33155298)|VARIABLE_ASSIGNMENT|[112]|minObj|{"isSelected":false,"student":"0x7f1948d2"}|0x145c6c4b
00:00:22.0 (33189634)|HEAP_ALLOCATE|[113]|Bytes:5
00:00:22.0 (33207686)|HEAP_ALLOCATE|[113]|Bytes:12
00:00:22.0 (33217702)|VARIABLE_SCOPE_BEGIN|[113]|o|Controller.Output|true|false
00:00:22.0 (33250193)|VARIABLE_ASSIGNMENT|[113]|o|{"isSelected":false,"student":"0x7f1948d2"}|0x145c6c4b
00:00:22.0 (33262190)|STATEMENT_EXECUTE|[113]
00:00:22.0 (33287506)|VARIABLE_ASSIGNMENT|[EXTERNAL]|this|{"isSelected":false,"student":"0x7f1948d2"}|0x145c6c4b
00:00:22.0 (33332990)|STATEMENT_EXECUTE|[114]
00:00:22.0 (33346413)|HEAP_ALLOCATE|[113]|Bytes:5
00:00:22.0 (33371383)|VARIABLE_ASSIGNMENT|[113]|o|null|
00:00:22.0 (33381067)|STATEMENT_EXECUTE|[119]
00:00:22.0 (33387164)|HEAP_ALLOCATE|[119]|Bytes:12
00:00:22.0 (33418233)|VARIABLE_ASSIGNMENT|[EXTERNAL]|this|{"isSelected":false,"student":"0x7f1948d2"}|0x145c6c4b
00:00:22.0 (33442616)|CONSTRUCTOR_ENTRY|[119]|01p0o00000GLKhZ|<init>(Student__c)|Controller.Output
00:00:22.0 (33455003)|VARIABLE_SCOPE_BEGIN|[36]|this|Controller.Output|true|false
00:00:22.0 (33479062)|VARIABLE_ASSIGNMENT|[36]|this|{}|0x5c4ac201
00:00:22.0 (33490666)|VARIABLE_SCOPE_BEGIN|[36]|s|Student__c|true|false
00:00:22.0 (33534732)|VARIABLE_ASSIGNMENT|[36]|s|{"Namef__c":"b","Namel__c":"b","Birthday__c":"2010-05-21T00:00:00.000Z","Gender__c":true,"Score1__c":2.00,"Score2__c":2.00,"Score3__c":2.00,"AverageScore__c":2.00,"State__c":"Failed","StudentId__c":"HS0076","Class__c":"a0H0o00000fJQOvEAO","Id":"a0I0o000013e10MEAQ"}|0x7f1948d2
00:00:22.0 (33553008)|STATEMENT_EXECUTE|[33]
00:00:22.0 (33555424)|STATEMENT_EXECUTE|[34]
00:00:22.0 (33559005)|STATEMENT_EXECUTE|[35]
00:00:22.0 (33575516)|STATEMENT_EXECUTE|[36]
00:00:22.0 (33578087)|STATEMENT_EXECUTE|[37]
00:00:22.0 (33598285)|VARIABLE_ASSIGNMENT|[EXTERNAL]|this|{}|0x5c4ac201
00:00:22.0 (33641200)|VARIABLE_ASSIGNMENT|[EXTERNAL]|value|{"Namef__c":"b","Namel__c":"b","Birthday__c":"2010-05-21T00:00:00.000Z","Gender__c":true,"Score1__c":2.00,"Score2__c":2.00,"Score3__c":2.00,"AverageScore__c":2.00,"State__c":"Failed","StudentId__c":"HS0076","Class__c":"a0H0o00000fJQOvEAO","Id":"a0I0o000013e10MEAQ"}|0x7f1948d2
00:00:22.0 (33692429)|VARIABLE_ASSIGNMENT|[34]|this.student|{"Namef__c":"b","Namel__c":"b","Birthday__c":"2010-05-21T00:00:00.000Z","Gender__c":true,"Score1__c":2.00,"Score2__c":2.00,"Score3__c":2.00,"AverageScore__c":2.00,"State__c":"Failed","StudentId__c":"HS0076","Class__c":"a0H0o00000fJQOvEAO","Id":"a0I0o000013e10MEAQ"}|0x5c4ac201
00:00:22.0 (33714193)|STATEMENT_EXECUTE|[38]
00:00:22.0 (33738389)|VARIABLE_ASSIGNMENT|[EXTERNAL]|this|{"student":"0x7f1948d2"}|0x5c4ac201
00:00:22.0 (33757616)|VARIABLE_ASSIGNMENT|[EXTERNAL]|value|false
00:00:22.0 (33769255)|HEAP_ALLOCATE|[35]|Bytes:5
00:00:22.0 (33780979)|VARIABLE_ASSIGNMENT|[35]|this.isSelected|false|0x5c4ac201
00:00:22.0 (33803285)|CONSTRUCTOR_EXIT|[119]|01p0o00000GLKhZ|<init>(Student__c)|Controller.Output
00:00:22.0 (33823540)|HEAP_ALLOCATE|[EXTERNAL]|Bytes:4
00:00:22.0 (33835735)|STATEMENT_EXECUTE|[120]
00:00:22.0 (33867670)|VARIABLE_ASSIGNMENT|[EXTERNAL]|this|{"isSelected":false,"student":"0x7f1948d2"}|0x145c6c4b
00:00:22.0 (33894871)|VARIABLE_ASSIGNMENT|[EXTERNAL]|object|{"isSelected":false,"student":"0x7f1948d2"}
00:00:22.0 (33945501)|HEAP_ALLOCATE|[120]|Bytes:12
00:00:22.0 (33966585)|STATEMENT_EXECUTE|[123]
00:00:22.0 (33981134)|METHOD_EXIT|[91]|01p0o00000GLKhZ|Controller.sort(List<Controller.Output>, Boolean)
00:00:22.0 (33996904)|METHOD_EXIT|[173]|01p0o00000GLKhZ|Controller.getStudent()
00:00:22.0 (34060668)|VARIABLE_ASSIGNMENT|[EXTERNAL]|this|{"objKeySearch":"0x483b334e","OutputList":"0x367b1844","student":"0xd26fd3","sumstudents":"Total Students : 2"}|0x1eb9da7e
00:00:22.0 (34107085)|VARIABLE_ASSIGNMENT|[EXTERNAL]|value|[{"isSelected":false,"student":"0x7bfa808a"},{"isSelected":false,"student":"0x7f1948d2"}]|0x256e6bd6
00:00:22.0 (34150398)|VARIABLE_ASSIGNMENT|[2]|this.OutputList|[{"isSelected":false,"student":"0x7bfa808a"},{"isSelected":false,"student":"0x7f1948d2"}]|0x1eb9da7e
00:00:22.0 (34168941)|STATEMENT_EXECUTE|[174]
00:00:22.0 (34174561)|HEAP_ALLOCATE|[174]|Bytes:17
00:00:22.0 (34247696)|VARIABLE_ASSIGNMENT|[EXTERNAL]|this|{"objKeySearch":"0x483b334e","OutputList":"0x256e6bd6","student":"0xd26fd3","sumstudents":"Total Students : 2"}|0x1eb9da7e
00:00:22.0 (34303184)|HEAP_ALLOCATE|[174]|Bytes:1
00:00:22.0 (34330399)|HEAP_ALLOCATE|[174]|Bytes:18
00:00:22.0 (34395973)|VARIABLE_ASSIGNMENT|[EXTERNAL]|this|{"objKeySearch":"0x483b334e","OutputList":"0x256e6bd6","student":"0xd26fd3","sumstudents":"Total Students : 2"}|0x1eb9da7e
00:00:22.0 (34417663)|VARIABLE_ASSIGNMENT|[EXTERNAL]|value|"Total Students : 2"
00:00:22.0 (34439039)|VARIABLE_ASSIGNMENT|[7]|this.sumstudents|"Total Students : 2"|0x1eb9da7e
00:00:22.0 (34460488)|SYSTEM_MODE_EXIT|false
00:00:22.0 (36100814)|SYSTEM_MODE_ENTER|true
00:00:22.0 (36710291)|SYSTEM_MODE_ENTER|true
00:00:22.37 (37863974)|SYSTEM_MODE_ENTER|true
00:00:22.37 (37958218)|HEAP_ALLOCATE|[EXTERNAL]|Bytes:8
00:00:22.37 (37973179)|VARIABLE_SCOPE_BEGIN|[88]|this|ApexPage.PageMessagesComponentController|true|false
00:00:22.37 (38015755)|VARIABLE_ASSIGNMENT|[88]|this|{}|0xc6e2640
00:00:22.37 (38028740)|VARIABLE_SCOPE_BEGIN|[88]|escape|Boolean|false|false
00:00:22.37 (38045021)|VARIABLE_ASSIGNMENT|[88]|escape|null
00:00:22.38 (38168742)|SYSTEM_MODE_ENTER|true
00:00:22.38 (38229731)|HEAP_ALLOCATE|[EXTERNAL]|Bytes:8
00:00:22.38 (38242085)|VARIABLE_SCOPE_BEGIN|[2]|this|ApexPage.PageMessagesComponentController|true|false
00:00:22.38 (38275018)|VARIABLE_ASSIGNMENT|[2]|this|{}|0xc6e2640
00:00:22.0 (38775798)|SYSTEM_MODE_ENTER|true
00:00:22.0 (41918438)|SYSTEM_MODE_ENTER|true
00:00:22.0 (41981425)|HEAP_ALLOCATE|[EXTERNAL]|Bytes:40
00:00:22.0 (41992563)|VARIABLE_SCOPE_BEGIN|[61]|this|Controller|true|false
00:00:22.0 (42051019)|VARIABLE_ASSIGNMENT|[61]|this|{"objKeySearch":"0x483b334e","OutputList":"0x256e6bd6","student":"0xd26fd3","sumstudents":"Total Students : 2"}|0x1eb9da7e
00:00:22.0 (42077060)|SYSTEM_MODE_ENTER|false
00:00:22.0 (42091909)|HEAP_ALLOCATE|[62]|Bytes:5
00:00:22.0 (42102445)|STATEMENT_EXECUTE|[61]
00:00:22.0 (42105323)|STATEMENT_EXECUTE|[62]
00:00:22.0 (42124046)|HEAP_ALLOCATE|[62]|Bytes:4
00:00:22.0 (42146566)|VARIABLE_SCOPE_BEGIN|[62]|options|List<System.SelectOption>|true|false
00:00:22.0 (42192365)|HEAP_ALLOCATE|[EXTERNAL]|Bytes:4
00:00:22.0 (42207371)|VARIABLE_ASSIGNMENT|[62]|options|[]|0x3e293d1c
00:00:22.0 (42220997)|STATEMENT_EXECUTE|[63]
00:00:22.0 (42240222)|HEAP_ALLOCATE|[63]|Bytes:4
00:00:22.0 (42484579)|SOQL_EXECUTE_BEGIN|[63]|Aggregations:0|SELECT className__C FROM Class__c
00:00:22.0 (44931897)|SOQL_EXECUTE_END|[63]|Rows:2
00:00:22.0 (44962379)|HEAP_ALLOCATE|[63]|Bytes:12
00:00:22.0 (44987853)|HEAP_ALLOCATE|[63]|Bytes:101
00:00:22.0 (45029643)|HEAP_ALLOCATE|[63]|Bytes:12
00:00:22.0 (45049986)|VARIABLE_SCOPE_BEGIN|[63]|data|List<Class__c>|true|false
00:00:22.0 (45088275)|VARIABLE_ASSIGNMENT|[63]|data|[{"className__c":"Math","Id":"a0H0o00000fJQOvEAO"},{"className__c":"English","Id":"a0H0o00000fJQOwEAO"}]|0x3136b1d4
00:00:22.0 (45133526)|HEAP_ALLOCATE|[64]|Bytes:5
00:00:22.0 (45151317)|HEAP_ALLOCATE|[64]|Bytes:12
00:00:22.0 (45161317)|VARIABLE_SCOPE_BEGIN|[64]|c|Class__c|true|false
00:00:22.0 (45177948)|VARIABLE_ASSIGNMENT|[64]|c|{"className__c":"Math","Id":"a0H0o00000fJQOvEAO"}|0x2e14f4b5
00:00:22.0 (45186554)|STATEMENT_EXECUTE|[64]
00:00:22.0 (45188521)|STATEMENT_EXECUTE|[65]
00:00:22.0 (45259523)|HEAP_ALLOCATE|[65]|Bytes:4
00:00:22.0 (45319157)|HEAP_ALLOCATE|[65]|Bytes:4
00:00:22.0 (45365410)|HEAP_ALLOCATE|[EXTERNAL]|Bytes:4
00:00:22.0 (45392146)|HEAP_ALLOCATE|[64]|Bytes:5
00:00:22.0 (45411221)|HEAP_ALLOCATE|[64]|Bytes:12
00:00:22.0 (45422502)|VARIABLE_SCOPE_BEGIN|[64]|c|Class__c|true|false
00:00:22.0 (45448115)|VARIABLE_ASSIGNMENT|[64]|c|{"className__c":"English","Id":"a0H0o00000fJQOwEAO"}|0xa6be834
00:00:22.0 (45460645)|STATEMENT_EXECUTE|[64]
00:00:22.0 (45465160)|STATEMENT_EXECUTE|[65]
00:00:22.0 (45519178)|HEAP_ALLOCATE|[65]|Bytes:7
00:00:22.0 (45568708)|HEAP_ALLOCATE|[65]|Bytes:7
00:00:22.0 (45595551)|HEAP_ALLOCATE|[EXTERNAL]|Bytes:4
00:00:22.0 (45618355)|HEAP_ALLOCATE|[64]|Bytes:5
00:00:22.0 (45639459)|VARIABLE_ASSIGNMENT|[64]|c|null|
00:00:22.0 (45648354)|STATEMENT_EXECUTE|[68]
00:00:22.0 (45654579)|SYSTEM_MODE_EXIT|false
00:00:22.46 (46933671)|SYSTEM_MODE_ENTER|true
00:00:22.46 (47008124)|HEAP_ALLOCATE|[EXTERNAL]|Bytes:8
00:00:22.46 (47019389)|VARIABLE_SCOPE_BEGIN|[88]|this|ApexPage.PageMessagesComponentController|true|false
00:00:22.46 (47050476)|VARIABLE_ASSIGNMENT|[88]|this|{}|0xc6e2640
00:00:22.46 (47059783)|VARIABLE_SCOPE_BEGIN|[88]|escape|Boolean|false|false
00:00:22.46 (47070085)|VARIABLE_ASSIGNMENT|[88]|escape|null
00:00:22.47 (47192084)|SYSTEM_MODE_ENTER|true
00:00:22.47 (47235110)|HEAP_ALLOCATE|[EXTERNAL]|Bytes:8
00:00:22.47 (47242643)|VARIABLE_SCOPE_BEGIN|[2]|this|ApexPage.PageMessagesComponentController|true|false
00:00:22.47 (47265016)|VARIABLE_ASSIGNMENT|[2]|this|{}|0xc6e2640
00:00:22.0 (48498228)|SYSTEM_MODE_ENTER|true
00:00:22.0 (56777988)|VF_SERIALIZE_VIEWSTATE_BEGIN|0660o000008sEYc
00:00:22.0 (59901689)|VF_SERIALIZE_VIEWSTATE_END
00:00:22.62 (62389358)|CUMULATIVE_LIMIT_USAGE
00:00:22.62 (62389358)|LIMIT_USAGE_FOR_NS|(default)|
  Number of SOQL queries: 3 out of 100
  Number of query rows: 6 out of 50000
  Number of SOSL queries: 0 out of 20
  Number of DML statements: 0 out of 150
  Number of DML rows: 0 out of 10000
  Maximum CPU time: 0 out of 10000
  Maximum heap size: 0 out of 6000000
  Number of callouts: 0 out of 100
  Number of Email Invocations: 0 out of 10
  Number of future calls: 0 out of 50
  Number of queueable jobs added to the queue: 0 out of 50
  Number of Mobile Apex push calls: 0 out of 10

00:00:22.62 (62389358)|CUMULATIVE_LIMIT_USAGE_END

00:00:22.0 (62454475)|CODE_UNIT_FINISHED|VF: /apex/MainPage
00:00:22.0 (63271524)|EXECUTION_FINISHED
