36.0 APEX_CODE,FINEST;APEX_PROFILING,INFO;CALLOUT,INFO;DB,INFO;NBA,INFO;SYSTEM,DEBUG;VALIDATION,INFO;VISUALFORCE,INFO;WAVE,INFO;WORKFLOW,INFO
15:14:05.0 (446685)|USER_INFO|[EXTERNAL]|0050o00000WkyGG|ttvy@keizu.co.jp|Indochina Time|GMT+07:00
15:14:05.0 (486912)|EXECUTION_STARTED
15:14:05.0 (498100)|CODE_UNIT_STARTED|[EXTERNAL]|01p0o00000GMf1q|StudentDetailsControllerTest.setup()
15:14:05.0 (714934)|HEAP_ALLOCATE|[72]|Bytes:3
15:14:05.0 (747109)|HEAP_ALLOCATE|[77]|Bytes:152
15:14:05.0 (760958)|HEAP_ALLOCATE|[342]|Bytes:408
15:14:05.0 (775251)|HEAP_ALLOCATE|[355]|Bytes:408
15:14:05.0 (788543)|HEAP_ALLOCATE|[467]|Bytes:48
15:14:05.0 (814693)|HEAP_ALLOCATE|[139]|Bytes:6
15:14:05.0 (831060)|HEAP_ALLOCATE|[EXTERNAL]|Bytes:88
15:14:05.0 (842229)|METHOD_ENTRY|[2]|01p0o00000GMf1q|StudentDetailsControllerTest.StudentDetailsControllerTest()
15:14:05.0 (848641)|STATEMENT_EXECUTE|[2]
15:14:05.0 (853236)|STATEMENT_EXECUTE|[2]
15:14:05.0 (856860)|METHOD_EXIT|[2]|StudentDetailsControllerTest
15:14:05.0 (887477)|HEAP_ALLOCATE|[50]|Bytes:5
15:14:05.0 (904948)|HEAP_ALLOCATE|[56]|Bytes:5
15:14:05.0 (912943)|HEAP_ALLOCATE|[64]|Bytes:7
15:14:05.0 (952849)|STATEMENT_EXECUTE|[4]
15:14:05.0 (954985)|STATEMENT_EXECUTE|[6]
15:14:05.0 (1029844)|HEAP_ALLOCATE|[6]|Bytes:4
15:14:05.0 (1096465)|VARIABLE_SCOPE_BEGIN|[6]|testClass|List<Class__c>|true|false
15:14:05.0 (1109460)|HEAP_ALLOCATE|[EXTERNAL]|Bytes:4
15:14:05.0 (1134579)|VARIABLE_ASSIGNMENT|[6]|testClass|[]|0x2f9f53a2
15:14:05.0 (1141400)|STATEMENT_EXECUTE|[7]
15:14:05.0 (1162072)|HEAP_ALLOCATE|[7]|Bytes:4
15:14:05.0 (1231054)|HEAP_ALLOCATE|[7]|Bytes:7
15:14:05.0 (1286460)|VARIABLE_ASSIGNMENT|[7]|this.className__c|"English"|0x28809edb
15:14:05.0 (1344514)|HEAP_ALLOCATE|[EXTERNAL]|Bytes:4
15:14:05.0 (1356882)|STATEMENT_EXECUTE|[8]
15:14:05.0 (1372040)|HEAP_ALLOCATE|[8]|Bytes:4
15:14:05.0 (1381571)|HEAP_ALLOCATE|[8]|Bytes:4
15:14:05.0 (1415231)|VARIABLE_ASSIGNMENT|[8]|this.className__c|"Math"|0x37c0e428
15:14:05.0 (1446700)|HEAP_ALLOCATE|[EXTERNAL]|Bytes:4
15:14:05.0 (1453957)|STATEMENT_EXECUTE|[9]
15:14:05.0 (1465901)|HEAP_ALLOCATE|[9]|Bytes:4
15:14:05.0 (1474113)|HEAP_ALLOCATE|[9]|Bytes:7
15:14:05.0 (1511325)|VARIABLE_ASSIGNMENT|[9]|this.className__c|"Physics"|0x7063d3f5
15:14:05.0 (1540394)|HEAP_ALLOCATE|[EXTERNAL]|Bytes:4
15:14:05.0 (1547566)|STATEMENT_EXECUTE|[10]
15:14:05.0 (1559166)|HEAP_ALLOCATE|[10]|Bytes:4
15:14:05.0 (1566777)|HEAP_ALLOCATE|[10]|Bytes:9
15:14:05.0 (1594215)|VARIABLE_ASSIGNMENT|[10]|this.className__c|"Chemistry"|0x1f36a7e3
15:14:05.0 (1621187)|HEAP_ALLOCATE|[EXTERNAL]|Bytes:4
15:14:05.0 (1627919)|STATEMENT_EXECUTE|[11]
15:14:05.0 (1688385)|DML_BEGIN|[11]|Op:Insert|Type:Class__c|Rows:4
15:14:05.0 (1716343)|HEAP_ALLOCATE|[EXTERNAL]|Bytes:20
15:14:05.0 (45139176)|DML_END|[11]
15:14:05.0 (45207581)|HEAP_ALLOCATE|[EXTERNAL]|Bytes:20
15:14:05.0 (45225769)|STATEMENT_EXECUTE|[12]
15:14:05.0 (45232979)|HEAP_ALLOCATE|[12]|Bytes:56
15:14:05.0 (45254873)|HEAP_ALLOCATE|[12]|Bytes:4
15:14:05.0 (45511797)|SOQL_EXECUTE_BEGIN|[12]|Aggregations:0|SELECT id FROM Class__c WHERE className__c = 'Chemistry'
15:14:05.0 (50942226)|SOQL_EXECUTE_END|[12]|Rows:1
15:14:05.0 (50971768)|HEAP_ALLOCATE|[12]|Bytes:8
15:14:05.0 (50992560)|HEAP_ALLOCATE|[12]|Bytes:29
15:14:05.0 (51022755)|HEAP_ALLOCATE|[12]|Bytes:8
15:14:05.0 (51038733)|HEAP_ALLOCATE|[12]|Bytes:34
15:14:05.0 (51056714)|HEAP_ALLOCATE|[12]|Bytes:8
15:14:05.0 (51066301)|VARIABLE_SCOPE_BEGIN|[12]|classMath|Class__c|true|false
15:14:05.0 (51097880)|VARIABLE_ASSIGNMENT|[12]|classMath|{"Id":"a0H0o00000fKjulEAC"}|0x6e06b657
15:14:05.0 (51105472)|STATEMENT_EXECUTE|[13]
15:14:05.0 (51157993)|HEAP_ALLOCATE|[13]|Bytes:4
15:14:05.0 (51217947)|VARIABLE_SCOPE_BEGIN|[13]|testStudent|List<Student__c>|true|false
15:14:05.0 (51229690)|HEAP_ALLOCATE|[EXTERNAL]|Bytes:4
15:14:05.0 (51241739)|VARIABLE_ASSIGNMENT|[13]|testStudent|[]|0x584d7cc4
15:14:05.0 (51247557)|STATEMENT_EXECUTE|[14]
15:14:05.0 (51287606)|HEAP_ALLOCATE|[14]|Bytes:12
15:14:05.0 (51350842)|USER_DEBUG|[14]|DEBUG|a0H0o00000fKjujEAC
15:14:05.0 (51360678)|STATEMENT_EXECUTE|[15]
15:14:05.0 (51378950)|HEAP_ALLOCATE|[15]|Bytes:4
15:14:05.0 (51445118)|HEAP_ALLOCATE|[15]|Bytes:11
15:14:05.0 (51500442)|VARIABLE_ASSIGNMENT|[15]|this.Name|"truong vy 1"|0x599e9c68
15:14:05.0 (51512364)|HEAP_ALLOCATE|[16]|Bytes:4
15:14:05.0 (51547023)|VARIABLE_ASSIGNMENT|[15]|this.Namef__c|"vy 1"|0x599e9c68
15:14:05.0 (51554944)|HEAP_ALLOCATE|[17]|Bytes:6
15:14:05.0 (51578881)|VARIABLE_ASSIGNMENT|[15]|this.Namel__c|"truong"|0x599e9c68
15:14:05.0 (51607365)|VARIABLE_ASSIGNMENT|[15]|this.Gender__c|true|0x599e9c68
15:14:05.0 (51664109)|HEAP_ALLOCATE|[19]|Bytes:4
15:14:05.0 (51720050)|VARIABLE_ASSIGNMENT|[15]|this.Birthday__c|"2011-03-21T00:00:00.000Z"|0x599e9c68
15:14:05.0 (51746894)|HEAP_ALLOCATE|[15]|Bytes:28
15:14:05.0 (51751416)|HEAP_ALLOCATE|[15]|Bytes:28
15:14:05.0 (51782326)|VARIABLE_ASSIGNMENT|[15]|this.Score1__c|4|0x599e9c68
15:14:05.0 (51794568)|HEAP_ALLOCATE|[15]|Bytes:28
15:14:05.0 (51798510)|HEAP_ALLOCATE|[15]|Bytes:28
15:14:05.0 (51823142)|VARIABLE_ASSIGNMENT|[15]|this.Score2__c|7|0x599e9c68
15:14:05.0 (51833310)|HEAP_ALLOCATE|[15]|Bytes:28
15:14:05.0 (51837504)|HEAP_ALLOCATE|[15]|Bytes:28
15:14:05.0 (51861604)|VARIABLE_ASSIGNMENT|[15]|this.Score3__c|9|0x599e9c68
15:14:05.0 (51917782)|VARIABLE_ASSIGNMENT|[15]|this.Class__c|"a0H0o00000fKjulEAC"|0x599e9c68
15:14:05.0 (51966619)|HEAP_ALLOCATE|[EXTERNAL]|Bytes:4
15:14:05.0 (51975530)|STATEMENT_EXECUTE|[25]
15:14:05.0 (51990805)|HEAP_ALLOCATE|[25]|Bytes:4
15:14:05.0 (52000429)|HEAP_ALLOCATE|[25]|Bytes:11
15:14:05.0 (52032981)|VARIABLE_ASSIGNMENT|[25]|this.Name|"truong vy 2"|0x607cf48e
15:14:05.0 (52040639)|HEAP_ALLOCATE|[26]|Bytes:4
15:14:05.0 (52063749)|VARIABLE_ASSIGNMENT|[25]|this.Namef__c|"vy 2"|0x607cf48e
15:14:05.0 (52086846)|VARIABLE_ASSIGNMENT|[25]|this.Namel__c|"truong"|0x607cf48e
15:14:05.0 (52111139)|VARIABLE_ASSIGNMENT|[25]|this.Gender__c|true|0x607cf48e
15:14:05.0 (52147924)|HEAP_ALLOCATE|[29]|Bytes:4
15:14:05.0 (52195610)|VARIABLE_ASSIGNMENT|[25]|this.Birthday__c|"2011-03-21T00:00:00.000Z"|0x607cf48e
15:14:05.0 (52209204)|HEAP_ALLOCATE|[25]|Bytes:28
15:14:05.0 (52213800)|HEAP_ALLOCATE|[25]|Bytes:28
15:14:05.0 (52240387)|VARIABLE_ASSIGNMENT|[25]|this.Score1__c|4|0x607cf48e
15:14:05.0 (52250396)|HEAP_ALLOCATE|[25]|Bytes:28
15:14:05.0 (52254105)|HEAP_ALLOCATE|[25]|Bytes:28
15:14:05.0 (52277292)|VARIABLE_ASSIGNMENT|[25]|this.Score2__c|7|0x607cf48e
15:14:05.0 (52286781)|HEAP_ALLOCATE|[25]|Bytes:28
15:14:05.0 (52290519)|HEAP_ALLOCATE|[25]|Bytes:28
15:14:05.0 (52312970)|VARIABLE_ASSIGNMENT|[25]|this.Score3__c|9|0x607cf48e
15:14:05.0 (52351654)|VARIABLE_ASSIGNMENT|[25]|this.Class__c|"a0H0o00000fKjulEAC"|0x607cf48e
15:14:05.0 (52386100)|HEAP_ALLOCATE|[EXTERNAL]|Bytes:4
15:14:05.0 (52394170)|STATEMENT_EXECUTE|[35]
15:14:05.0 (52408195)|HEAP_ALLOCATE|[35]|Bytes:4
15:14:05.0 (52417791)|HEAP_ALLOCATE|[35]|Bytes:11
15:14:05.0 (52448259)|VARIABLE_ASSIGNMENT|[35]|this.Name|"truong vy 3"|0xe88633a
15:14:05.0 (52455879)|HEAP_ALLOCATE|[36]|Bytes:4
15:14:05.0 (52479890)|VARIABLE_ASSIGNMENT|[35]|this.Namef__c|"vy 3"|0xe88633a
15:14:05.0 (52509905)|VARIABLE_ASSIGNMENT|[35]|this.Namel__c|"truong"|0xe88633a
15:14:05.0 (52533740)|VARIABLE_ASSIGNMENT|[35]|this.Gender__c|true|0xe88633a
15:14:05.0 (52568410)|HEAP_ALLOCATE|[39]|Bytes:4
15:14:05.0 (52608018)|VARIABLE_ASSIGNMENT|[35]|this.Birthday__c|"2011-03-21T00:00:00.000Z"|0xe88633a
15:14:05.0 (52620893)|HEAP_ALLOCATE|[35]|Bytes:28
15:14:05.0 (52624957)|HEAP_ALLOCATE|[35]|Bytes:28
15:14:05.0 (52650805)|VARIABLE_ASSIGNMENT|[35]|this.Score1__c|4|0xe88633a
15:14:05.0 (52663490)|HEAP_ALLOCATE|[35]|Bytes:28
15:14:05.0 (52667376)|HEAP_ALLOCATE|[35]|Bytes:28
15:14:05.0 (52690166)|VARIABLE_ASSIGNMENT|[35]|this.Score2__c|7|0xe88633a
15:14:05.0 (52699961)|HEAP_ALLOCATE|[35]|Bytes:28
15:14:05.0 (52703747)|HEAP_ALLOCATE|[35]|Bytes:28
15:14:05.0 (52726957)|VARIABLE_ASSIGNMENT|[35]|this.Score3__c|9|0xe88633a
15:14:05.0 (52764637)|VARIABLE_ASSIGNMENT|[35]|this.Class__c|"a0H0o00000fKjulEAC"|0xe88633a
15:14:05.0 (52797611)|HEAP_ALLOCATE|[EXTERNAL]|Bytes:4
15:14:05.0 (52805314)|STATEMENT_EXECUTE|[45]
15:14:05.0 (52818572)|HEAP_ALLOCATE|[45]|Bytes:4
15:14:05.0 (52826548)|HEAP_ALLOCATE|[45]|Bytes:11
15:14:05.0 (52856809)|VARIABLE_ASSIGNMENT|[45]|this.Name|"truong vy 4"|0x61f23308
15:14:05.0 (52864182)|HEAP_ALLOCATE|[46]|Bytes:4
15:14:05.0 (52886456)|VARIABLE_ASSIGNMENT|[45]|this.Namef__c|"vy 4"|0x61f23308
15:14:05.0 (52908531)|VARIABLE_ASSIGNMENT|[45]|this.Namel__c|"truong"|0x61f23308
15:14:05.0 (52931205)|VARIABLE_ASSIGNMENT|[45]|this.Gender__c|true|0x61f23308
15:14:05.0 (52963446)|HEAP_ALLOCATE|[49]|Bytes:4
15:14:05.0 (53002928)|VARIABLE_ASSIGNMENT|[45]|this.Birthday__c|"2011-03-21T00:00:00.000Z"|0x61f23308
15:14:05.0 (53016327)|HEAP_ALLOCATE|[45]|Bytes:28
15:14:05.0 (53020523)|HEAP_ALLOCATE|[45]|Bytes:28
15:14:05.0 (53046295)|VARIABLE_ASSIGNMENT|[45]|this.Score1__c|4|0x61f23308
15:14:05.0 (53056663)|HEAP_ALLOCATE|[45]|Bytes:28
15:14:05.0 (53061141)|HEAP_ALLOCATE|[45]|Bytes:28
15:14:05.0 (53083838)|VARIABLE_ASSIGNMENT|[45]|this.Score2__c|7|0x61f23308
15:14:05.0 (53093354)|HEAP_ALLOCATE|[45]|Bytes:28
15:14:05.0 (53097059)|HEAP_ALLOCATE|[45]|Bytes:28
15:14:05.0 (53119837)|VARIABLE_ASSIGNMENT|[45]|this.Score3__c|0|0x61f23308
15:14:05.0 (53157805)|VARIABLE_ASSIGNMENT|[45]|this.Class__c|"a0H0o00000fKjulEAC"|0x61f23308
15:14:05.0 (53190903)|HEAP_ALLOCATE|[EXTERNAL]|Bytes:4
15:14:05.0 (53198374)|STATEMENT_EXECUTE|[55]
15:14:05.0 (53211390)|HEAP_ALLOCATE|[55]|Bytes:4
15:14:05.0 (53219779)|HEAP_ALLOCATE|[55]|Bytes:11
15:14:05.0 (53248862)|VARIABLE_ASSIGNMENT|[55]|this.Name|"truong vy 5"|0x4560f3b4
15:14:05.0 (53255996)|HEAP_ALLOCATE|[56]|Bytes:4
15:14:05.0 (53278418)|VARIABLE_ASSIGNMENT|[55]|this.Namef__c|"vy 5"|0x4560f3b4
15:14:05.0 (53302037)|VARIABLE_ASSIGNMENT|[55]|this.Namel__c|"truong"|0x4560f3b4
15:14:05.0 (53324254)|VARIABLE_ASSIGNMENT|[55]|this.Gender__c|true|0x4560f3b4
15:14:05.0 (53356564)|HEAP_ALLOCATE|[59]|Bytes:4
15:14:05.0 (53394371)|VARIABLE_ASSIGNMENT|[55]|this.Birthday__c|"2011-03-21T00:00:00.000Z"|0x4560f3b4
15:14:05.0 (53406341)|HEAP_ALLOCATE|[55]|Bytes:28
15:14:05.0 (53410292)|HEAP_ALLOCATE|[55]|Bytes:28
15:14:05.0 (53436161)|VARIABLE_ASSIGNMENT|[55]|this.Score1__c|4|0x4560f3b4
15:14:05.0 (53447038)|HEAP_ALLOCATE|[55]|Bytes:28
15:14:05.0 (53451189)|HEAP_ALLOCATE|[55]|Bytes:28
15:14:05.0 (53480515)|VARIABLE_ASSIGNMENT|[55]|this.Score2__c|0|0x4560f3b4
15:14:05.0 (53495913)|HEAP_ALLOCATE|[55]|Bytes:28
15:14:05.0 (53499960)|HEAP_ALLOCATE|[55]|Bytes:28
15:14:05.0 (53523862)|VARIABLE_ASSIGNMENT|[55]|this.Score3__c|9|0x4560f3b4
15:14:05.0 (53562272)|VARIABLE_ASSIGNMENT|[55]|this.Class__c|"a0H0o00000fKjulEAC"|0x4560f3b4
15:14:05.0 (53595432)|HEAP_ALLOCATE|[EXTERNAL]|Bytes:4
15:14:05.0 (53603370)|STATEMENT_EXECUTE|[64]
15:14:05.0 (53647146)|DML_BEGIN|[64]|Op:Insert|Type:Student__c|Rows:5
15:14:05.0 (53700610)|HEAP_ALLOCATE|[EXTERNAL]|Bytes:24
15:14:05.0 (58046451)|CODE_UNIT_STARTED|[EXTERNAL]|01q0o000000jKrN|triggerStudent on Student trigger event BeforeInsert|__sfdc_trigger/triggerStudent
15:14:05.0 (58104639)|HEAP_ALLOCATE|[EXTERNAL]|Bytes:24
15:14:05.0 (60108950)|HEAP_ALLOCATE|[EXTERNAL]|Bytes:8
15:14:05.0 (60126690)|VARIABLE_SCOPE_BEGIN|[1]|this|triggerStudent|true|false
15:14:05.0 (60174979)|VARIABLE_ASSIGNMENT|[1]|this|{}|0x3edcd880
15:14:05.0 (60243123)|HEAP_ALLOCATE|[EXTERNAL]|Bytes:8
15:14:05.0 (60287612)|VARIABLE_SCOPE_BEGIN|[1]|this|triggerStudent|true|false
15:14:05.0 (60304416)|VARIABLE_ASSIGNMENT|[1]|this|{}|0x3edcd880
15:14:05.0 (60313016)|STATEMENT_EXECUTE|[1]
15:14:05.0 (60315387)|STATEMENT_EXECUTE|[3]
15:14:05.0 (60321749)|HEAP_ALLOCATE|[3]|Bytes:15
15:14:05.0 (60328205)|HEAP_ALLOCATE|[3]|Bytes:20
15:14:05.0 (60332274)|HEAP_ALLOCATE|[3]|Bytes:6
15:14:05.0 (60363698)|METHOD_ENTRY|[1]|01p0o00000GMOB6|TriggerHandle.TriggerHandle()
15:14:05.0 (60369408)|STATEMENT_EXECUTE|[1]
15:14:05.0 (60373505)|STATEMENT_EXECUTE|[1]
15:14:05.0 (60761364)|SYSTEM_MODE_ENTER|false
15:14:05.0 (60778928)|HEAP_ALLOCATE|[3]|Bytes:5
15:14:05.0 (60784696)|STATEMENT_EXECUTE|[230]
15:14:05.0 (60790637)|SYSTEM_MODE_EXIT|false
15:14:05.0 (60800168)|METHOD_EXIT|[1]|TriggerHandle
15:14:05.0 (60812671)|HEAP_ALLOCATE|[3]|Bytes:4
15:14:05.0 (60830110)|CONSTRUCTOR_ENTRY|[3]|01p0o00000GMOB6|<init>()|TriggerHandle
15:14:05.0 (60854670)|VARIABLE_SCOPE_BEGIN|[3]|this|TriggerHandle|true|false
15:14:05.0 (60872652)|VARIABLE_ASSIGNMENT|[3]|this|{}|0x7562c560
15:14:05.0 (60886342)|SYSTEM_MODE_ENTER|false
15:14:05.0 (60892408)|HEAP_ALLOCATE|[EXTERNAL]|Bytes:5
15:14:05.0 (60896935)|STATEMENT_EXECUTE|[1]
15:14:05.0 (60900016)|HEAP_ALLOCATE|[EXTERNAL]|Bytes:5
15:14:05.0 (60909196)|HEAP_ALLOCATE|[EXTERNAL]|Bytes:6
15:14:05.0 (60944528)|STATEMENT_EXECUTE|[3]
15:14:05.0 (60948287)|SYSTEM_MODE_EXIT|false
15:14:05.0 (60956185)|CONSTRUCTOR_EXIT|[3]|01p0o00000GMOB6|<init>()|TriggerHandle
15:14:05.0 (60984367)|VARIABLE_ASSIGNMENT|[3]|this.handle|0x7562c560|0x3edcd880
15:14:05.0 (60996620)|STATEMENT_EXECUTE|[5]
15:14:05.0 (61001816)|STATEMENT_EXECUTE|[10]
15:14:05.0 (61004058)|STATEMENT_EXECUTE|[11]
15:14:05.0 (61077924)|METHOD_ENTRY|[11]|01p0o00000GMOB6|TriggerHandle.onBeforeInsert(List<Student__c>)
15:14:05.0 (61100809)|VARIABLE_SCOPE_BEGIN|[5]|this|TriggerHandle|true|false
15:14:05.0 (61116542)|VARIABLE_ASSIGNMENT|[5]|this|{}|0x7562c560
15:14:05.0 (61123649)|VARIABLE_SCOPE_BEGIN|[5]|newStudentList|List<Student__c>|true|false
15:14:05.0 (63530605)|VARIABLE_ASSIGNMENT|[5]|newStudentList|[{"AverageScore__c":6.67,"IsDeleted":false,"Score1__c":4.00,"Score2__c":7.00,"Birthday__c":"2011-03-21T00:00:00.000Z","Namel__c":"truong","Gender__c":true,"Score3__c":9.00,"Class__c":"a0H0o00000fKjulEAC","State__c":"Passed","Name":"truong vy 1","Namef__c":"vy 1"},{"AverageScore__c":6.67,"IsDeleted":false,"Score1__c":4.00,"Score2__c":7.00,"Birthday__c":"2011-03-21T00:00:00.000Z","Namel__c":"truong","Gender__c":true,"Score3__c":9.00,"Class__c":"a0H0o00000fKjulEAC","State__c":"Passed","Name":"truong vy 2","Namef__c":"vy 2"},{"AverageScore__c":6.67,"IsDeleted":false,"Score1__c":4.00,"Score2__c":7.00,"Birthday__c":"2011-03-21T00:00:00.000Z","Namel__c":"truong","Gender__c":true,"Score3__c":9.00,"Class__c":"a0H0o00000fKjulEAC","State__c":"Passed","Name":"truong vy 3","Namef__c":"vy 3"},{"AverageScore__c":3.67,"IsDeleted":false,"Score1__c":4.00,"Score2__c":7.00,"Birthday__c":"2011-03-21T00:00:00.000Z","Namel__c":"truong","Gender__c":true,"Score3__c":0.00,"Class__c":"a0H0o00000fKjulEAC","State__c":"Failed","Name":"truong vy 4","Namef__c":"vy 4"},{"AverageScore__c":4.33,"IsDeleted":false,"Score1__c":4.00,"Score2__c":0.00,"Birthday__c":"2011-03-21T00:00:00.000Z","Namel__c":"truong","Gender__c":true,"Score3__c":9.00,"Class__c":"a0H0o00000fKjulEAC","State__c":"Failed","Name":"truong vy 5","Namef__c":"vy 5"}]|0x7fdee505
15:14:05.0 (63569568)|SYSTEM_MODE_ENTER|false
15:14:05.0 (63578989)|HEAP_ALLOCATE|[7]|Bytes:5
15:14:05.0 (63585082)|STATEMENT_EXECUTE|[6]
15:14:05.0 (63586905)|STATEMENT_EXECUTE|[7]
15:14:05.0 (63588380)|STATEMENT_EXECUTE|[8]
15:14:05.0 (63788554)|HEAP_ALLOCATE|[9]|Bytes:5
15:14:05.0 (63808069)|HEAP_ALLOCATE|[9]|Bytes:4
15:14:05.0 (63818380)|VARIABLE_SCOPE_BEGIN|[9]|s|Student__c|true|false
15:14:05.0 (64056730)|VARIABLE_ASSIGNMENT|[9]|s|{"AverageScore__c":6.67,"IsDeleted":false,"Score1__c":4.00,"Score2__c":7.00,"Birthday__c":"2011-03-21T00:00:00.000Z","Namel__c":"truong","Gender__c":true,"Score3__c":9.00,"Class__c":"a0H0o00000fKjulEAC","State__c":"Passed","Name":"truong vy 1","Namef__c":"vy 1"}|0x789744d
15:14:05.0 (64068257)|STATEMENT_EXECUTE|[10]
15:14:05.0 (64106157)|HEAP_ALLOCATE|[12]|Bytes:28
15:14:05.0 (64186956)|HEAP_ALLOCATE|[16]|Bytes:28
15:14:05.0 (64233869)|HEAP_ALLOCATE|[20]|Bytes:28
15:14:05.0 (64283840)|STATEMENT_EXECUTE|[29]
15:14:05.0 (64286253)|STATEMENT_EXECUTE|[31]
15:14:05.0 (64318445)|HEAP_ALLOCATE|[31]|Bytes:4
15:14:05.0 (64346266)|VARIABLE_SCOPE_BEGIN|[31]|age|Integer|false|false
15:14:05.0 (64354642)|HEAP_ALLOCATE|[31]|Bytes:4
15:14:05.0 (64362696)|VARIABLE_ASSIGNMENT|[31]|age|-8
15:14:05.0 (64371188)|STATEMENT_EXECUTE|[32]
15:14:05.0 (64381020)|HEAP_ALLOCATE|[9]|Bytes:5
15:14:05.0 (64393549)|HEAP_ALLOCATE|[9]|Bytes:4
15:14:05.0 (64400693)|VARIABLE_SCOPE_BEGIN|[9]|s|Student__c|true|false
15:14:05.0 (64610521)|VARIABLE_ASSIGNMENT|[9]|s|{"AverageScore__c":6.67,"IsDeleted":false,"Score1__c":4.00,"Score2__c":7.00,"Birthday__c":"2011-03-21T00:00:00.000Z","Namel__c":"truong","Gender__c":true,"Score3__c":9.00,"Class__c":"a0H0o00000fKjulEAC","State__c":"Passed","Name":"truong vy 2","Namef__c":"vy 2"}|0x1929b58
15:14:05.0 (64620860)|STATEMENT_EXECUTE|[10]
15:14:05.0 (64632577)|HEAP_ALLOCATE|[12]|Bytes:28
15:14:05.0 (64659120)|HEAP_ALLOCATE|[16]|Bytes:28
15:14:05.0 (64676853)|HEAP_ALLOCATE|[20]|Bytes:28
15:14:05.0 (64693187)|STATEMENT_EXECUTE|[29]
15:14:05.0 (64695036)|STATEMENT_EXECUTE|[31]
15:14:05.0 (64706322)|HEAP_ALLOCATE|[31]|Bytes:4
15:14:05.0 (64723699)|VARIABLE_SCOPE_BEGIN|[31]|age|Integer|false|false
15:14:05.0 (64731298)|HEAP_ALLOCATE|[31]|Bytes:4
15:14:05.0 (64738280)|VARIABLE_ASSIGNMENT|[31]|age|-8
15:14:05.0 (64745655)|STATEMENT_EXECUTE|[32]
15:14:05.0 (64754718)|HEAP_ALLOCATE|[9]|Bytes:5
15:14:05.0 (64766420)|HEAP_ALLOCATE|[9]|Bytes:4
15:14:05.0 (64772705)|VARIABLE_SCOPE_BEGIN|[9]|s|Student__c|true|false
15:14:05.0 (64953777)|VARIABLE_ASSIGNMENT|[9]|s|{"AverageScore__c":6.67,"IsDeleted":false,"Score1__c":4.00,"Score2__c":7.00,"Birthday__c":"2011-03-21T00:00:00.000Z","Namel__c":"truong","Gender__c":true,"Score3__c":9.00,"Class__c":"a0H0o00000fKjulEAC","State__c":"Passed","Name":"truong vy 3","Namef__c":"vy 3"}|0x35a90e95
15:14:05.0 (64963832)|STATEMENT_EXECUTE|[10]
15:14:05.0 (64973764)|HEAP_ALLOCATE|[12]|Bytes:28
15:14:05.0 (64998085)|HEAP_ALLOCATE|[16]|Bytes:28
15:14:05.0 (65015636)|HEAP_ALLOCATE|[20]|Bytes:28
15:14:05.0 (65032431)|STATEMENT_EXECUTE|[29]
15:14:05.0 (65034370)|STATEMENT_EXECUTE|[31]
15:14:05.0 (65045280)|HEAP_ALLOCATE|[31]|Bytes:4
15:14:05.0 (65061206)|VARIABLE_SCOPE_BEGIN|[31]|age|Integer|false|false
15:14:05.0 (65068319)|HEAP_ALLOCATE|[31]|Bytes:4
15:14:05.0 (65074814)|VARIABLE_ASSIGNMENT|[31]|age|-8
15:14:05.0 (65081517)|STATEMENT_EXECUTE|[32]
15:14:05.0 (65090014)|HEAP_ALLOCATE|[9]|Bytes:5
15:14:05.0 (65101326)|HEAP_ALLOCATE|[9]|Bytes:4
15:14:05.0 (65107239)|VARIABLE_SCOPE_BEGIN|[9]|s|Student__c|true|false
15:14:05.0 (65285155)|VARIABLE_ASSIGNMENT|[9]|s|{"AverageScore__c":3.67,"IsDeleted":false,"Score1__c":4.00,"Score2__c":7.00,"Birthday__c":"2011-03-21T00:00:00.000Z","Namel__c":"truong","Gender__c":true,"Score3__c":0.00,"Class__c":"a0H0o00000fKjulEAC","State__c":"Failed","Name":"truong vy 4","Namef__c":"vy 4"}|0x5aeeaaae
15:14:05.0 (65295349)|STATEMENT_EXECUTE|[10]
15:14:05.0 (65304969)|HEAP_ALLOCATE|[12]|Bytes:28
15:14:05.0 (65328072)|HEAP_ALLOCATE|[16]|Bytes:28
15:14:05.0 (65349838)|HEAP_ALLOCATE|[20]|Bytes:28
15:14:05.0 (65355690)|HEAP_ALLOCATE|[20]|Bytes:28
15:14:05.0 (65373449)|STATEMENT_EXECUTE|[29]
15:14:05.0 (65375280)|STATEMENT_EXECUTE|[31]
15:14:05.0 (65385852)|HEAP_ALLOCATE|[31]|Bytes:4
15:14:05.0 (65401490)|VARIABLE_SCOPE_BEGIN|[31]|age|Integer|false|false
15:14:05.0 (65408439)|HEAP_ALLOCATE|[31]|Bytes:4
15:14:05.0 (65414629)|VARIABLE_ASSIGNMENT|[31]|age|-8
15:14:05.0 (65420850)|STATEMENT_EXECUTE|[32]
15:14:05.0 (65429345)|HEAP_ALLOCATE|[9]|Bytes:5
15:14:05.0 (65439450)|HEAP_ALLOCATE|[9]|Bytes:4
15:14:05.0 (65445214)|VARIABLE_SCOPE_BEGIN|[9]|s|Student__c|true|false
15:14:05.0 (65637976)|VARIABLE_ASSIGNMENT|[9]|s|{"AverageScore__c":4.33,"IsDeleted":false,"Score1__c":4.00,"Score2__c":0.00,"Birthday__c":"2011-03-21T00:00:00.000Z","Namel__c":"truong","Gender__c":true,"Score3__c":9.00,"Class__c":"a0H0o00000fKjulEAC","State__c":"Failed","Name":"truong vy 5","Namef__c":"vy 5"}|0x4853c25c
15:14:05.0 (65647401)|STATEMENT_EXECUTE|[10]
15:14:05.0 (65657420)|HEAP_ALLOCATE|[12]|Bytes:28
15:14:05.0 (65681369)|HEAP_ALLOCATE|[16]|Bytes:28
15:14:05.0 (65687282)|HEAP_ALLOCATE|[16]|Bytes:28
15:14:05.0 (65704852)|HEAP_ALLOCATE|[20]|Bytes:28
15:14:05.0 (65720291)|STATEMENT_EXECUTE|[29]
15:14:05.0 (65722140)|STATEMENT_EXECUTE|[31]
15:14:05.0 (65732942)|HEAP_ALLOCATE|[31]|Bytes:4
15:14:05.0 (65752810)|VARIABLE_SCOPE_BEGIN|[31]|age|Integer|false|false
15:14:05.0 (65760237)|HEAP_ALLOCATE|[31]|Bytes:4
15:14:05.0 (65766258)|VARIABLE_ASSIGNMENT|[31]|age|-8
15:14:05.0 (65773140)|STATEMENT_EXECUTE|[32]
15:14:05.0 (65782054)|HEAP_ALLOCATE|[9]|Bytes:5
15:14:05.0 (65792573)|VARIABLE_ASSIGNMENT|[9]|s|null|
15:14:05.0 (65800775)|SYSTEM_MODE_EXIT|false
15:14:05.0 (65813243)|METHOD_EXIT|[11]|01p0o00000GMOB6|TriggerHandle.onBeforeInsert(List<Student__c>)
15:14:05.65 (65824734)|CUMULATIVE_LIMIT_USAGE
15:14:05.65 (65824734)|LIMIT_USAGE_FOR_NS|(default)|
  Number of SOQL queries: 1 out of 100
  Number of query rows: 1 out of 50000
  Number of SOSL queries: 0 out of 20
  Number of DML statements: 2 out of 150
  Number of DML rows: 9 out of 10000
  Maximum CPU time: 0 out of 10000
  Maximum heap size: 0 out of 6000000
  Number of callouts: 0 out of 100
  Number of Email Invocations: 0 out of 10
  Number of future calls: 0 out of 50
  Number of queueable jobs added to the queue: 0 out of 50
  Number of Mobile Apex push calls: 0 out of 10

15:14:05.65 (65824734)|CUMULATIVE_LIMIT_USAGE_END

15:14:05.0 (67441248)|CODE_UNIT_FINISHED|triggerStudent on Student trigger event BeforeInsert|__sfdc_trigger/triggerStudent
15:14:05.0 (105231758)|CODE_UNIT_STARTED|[EXTERNAL]|01q0o000000jKrN|triggerStudent on Student trigger event AfterInsert|__sfdc_trigger/triggerStudent
15:14:05.0 (105296916)|HEAP_ALLOCATE|[EXTERNAL]|Bytes:24
15:14:05.0 (105414885)|HEAP_ALLOCATE|[EXTERNAL]|Bytes:8
15:14:05.0 (105428428)|VARIABLE_SCOPE_BEGIN|[1]|this|triggerStudent|true|false
15:14:05.0 (105465615)|VARIABLE_ASSIGNMENT|[1]|this|{}|0x5695a11a
15:14:05.0 (105514609)|HEAP_ALLOCATE|[EXTERNAL]|Bytes:8
15:14:05.0 (105523155)|VARIABLE_SCOPE_BEGIN|[1]|this|triggerStudent|true|false
15:14:05.0 (105537276)|VARIABLE_ASSIGNMENT|[1]|this|{}|0x5695a11a
15:14:05.0 (105545136)|STATEMENT_EXECUTE|[1]
15:14:05.0 (105547303)|STATEMENT_EXECUTE|[3]
15:14:05.0 (105553501)|HEAP_ALLOCATE|[3]|Bytes:4
15:14:05.0 (105568654)|CONSTRUCTOR_ENTRY|[3]|01p0o00000GMOB6|<init>()|TriggerHandle
15:14:05.0 (105578210)|VARIABLE_SCOPE_BEGIN|[3]|this|TriggerHandle|true|false
15:14:05.0 (105590812)|VARIABLE_ASSIGNMENT|[3]|this|{}|0x426fcf5
15:14:05.0 (105993696)|SYSTEM_MODE_ENTER|false
15:14:05.0 (106011400)|HEAP_ALLOCATE|[EXTERNAL]|Bytes:5
15:14:05.0 (106017876)|STATEMENT_EXECUTE|[1]
15:14:05.0 (106022161)|HEAP_ALLOCATE|[EXTERNAL]|Bytes:5
15:14:05.0 (106050442)|STATEMENT_EXECUTE|[3]
15:14:05.0 (106055257)|SYSTEM_MODE_EXIT|false
15:14:05.0 (106064211)|CONSTRUCTOR_EXIT|[3]|01p0o00000GMOB6|<init>()|TriggerHandle
15:14:05.0 (106087624)|VARIABLE_ASSIGNMENT|[3]|this.handle|0x426fcf5|0x5695a11a
15:14:05.0 (106098973)|STATEMENT_EXECUTE|[15]
15:14:05.0 (106107904)|STATEMENT_EXECUTE|[19]
15:14:05.0 (106109485)|STATEMENT_EXECUTE|[20]
15:14:05.0 (106166200)|METHOD_ENTRY|[20]|01p0o00000GMOB6|TriggerHandle.onAfterInsert(List<Student__c>)
15:14:05.0 (106197267)|VARIABLE_SCOPE_BEGIN|[44]|this|TriggerHandle|true|false
15:14:05.0 (106213051)|VARIABLE_ASSIGNMENT|[44]|this|{}|0x426fcf5
15:14:05.0 (106220184)|VARIABLE_SCOPE_BEGIN|[44]|newStudentList|List<Student__c>|true|false
15:14:05.0 (108231416)|VARIABLE_ASSIGNMENT|[44]|newStudentList|[{"LastModifiedDate":"2019-06-11T08:14:06.000Z","StudentId__c":"HS100151","IsDeleted":false,"Score1__c":4.00,"Score2__c":7.00,"Gender__c":true,"Score3__c":9.00,"Class__c":"a0H0o00000fKjulEAC","Name":"truong vy 1","SystemModstamp":"2019-06-11T08:14:06.000Z","AverageScore__c":6.67,"CreatedById":"0050o00000WkyGGAAZ","Birthday__c":"2011-03-21T00:00:00.000Z","Namel__c":"truong","CreatedDate":"2019-06-11T08:14:06.000Z","Id":"a0I0o000019bYUaEAM","LastModifiedById":"0050o00000WkyGGAAZ","State__c":"Passed","Namef__c":"vy 1"},{"LastModifiedDate":"2019-06-11T08:14:06.000Z","StudentId__c":"HS100152","IsDeleted":false,"Score1__c":4.00,"Score2__c":7.00,"Gender__c":true,"Score3__c":9.00,"Class__c":"a0H0o00000fKjulEAC","Name":"truong vy 2","SystemModstamp":"2019-06-11T08:14:06.000Z","AverageScore__c":6.67,"CreatedById":"0050o00000WkyGGAAZ","Birthday__c":"2011-03-21T00:00:00.000Z","Namel__c":"truong","CreatedDate":"2019-06-11T08:14:06.000Z","Id":"a0I0o000019bYUbEAM","LastModifiedById":"0050o00000WkyGGAAZ","State__c":"Passed","Namef__c":"vy 2"},{"LastModifiedDate":"2019-06-11T08:14:06.000Z","StudentId__c":"HS100153","IsDeleted":false,"Score1__c":4.00,"Score2__c":7.00,"Gender__c":true,"Score3__c":9.00,"Class__c":"a0H0o00000fKjulEAC","Name":"truong vy 3","SystemModstamp":"2019-06-11T08:14:06.000Z","AverageScore__c":6.67,"CreatedById":"0050o00000WkyGGAAZ","Birthday__c":"2011-03-21T00:00:00.000Z","Namel__c":"truong","CreatedDate":"2019-06-11T08:14:06.000Z","Id":"a0I0o000019bYUcEAM","LastModifiedById":"0050o00000WkyGGAAZ","State__c":"Passed","Namef__c":"vy 3"},{"LastModifiedDate":"2019-06-11T08:14:06.000Z","StudentId__c":"HS100154","IsDeleted":false,"Score1__c":4.00,"Score2__c":7.00,"Gender__c":true,"Score3__c":0.00,"Class__c":"a0H0o00000fKjulEAC","Name":"truong vy 4","SystemModstamp":"2019-06-11T08:14:06.000Z","AverageScore__c":3.67,"CreatedById":"0050o00000WkyGGAAZ","Birthday__c":"2011-03-21T00:00:00.000Z","Namel__c":"truong","CreatedDate":"2019-06-11T08:14:06.000Z","Id":"a0I0o000019bYUdEAM","LastModifiedById":"0050o00000WkyGGAAZ","State__c":"Failed","Namef__c":"vy 4"},{"LastModifiedDate":"2019-06-11T08:14:06.000Z","StudentId__c":"HS100155","IsDeleted":false,"Score1__c":4.00,"Score2__c":0.00,"Gender__c":true,"Score3__c":9.00,"Class__c":"a0H0o00000fKjulEAC","Name":"truong vy 5","SystemModstamp":"2019-06-11T08:14:06.000Z","AverageScore__c":4.33,"CreatedById":"0050o00000WkyGGAAZ","Birthday__c":"2011-03-21T00:00:00.000Z","Namel__c":"truong","CreatedDate":"2019-06-11T08:14:06.000Z","Id":"a0I0o000019bYUeEAM","LastModifiedById":"0050o00000WkyGGAAZ","State__c":"Failed","Namef__c":"vy 5"}]|0x51087030
15:14:05.0 (108284933)|SYSTEM_MODE_ENTER|false
15:14:05.0 (108294110)|HEAP_ALLOCATE|[46]|Bytes:5
15:14:05.0 (108300411)|STATEMENT_EXECUTE|[45]
15:14:05.0 (108302229)|STATEMENT_EXECUTE|[46]
15:14:05.0 (108312857)|VARIABLE_SCOPE_BEGIN|[46]|sp|System.Savepoint|true|false
15:14:05.0 (108328185)|VARIABLE_ASSIGNMENT|[46]|sp|null|
15:14:05.0 (108332816)|STATEMENT_EXECUTE|[47]
15:14:05.0 (108334450)|STATEMENT_EXECUTE|[48]
15:14:05.0 (108335956)|STATEMENT_EXECUTE|[49]
15:14:05.0 (109538263)|USER_DEBUG|[49]|DEBUG|(Student__c:{Id=a0I0o000019bYUaEAM, IsDeleted=false, Name=truong vy 1, CreatedDate=2019-06-11 08:14:06, CreatedById=0050o00000WkyGGAAZ, LastModifiedDate=2019-06-11 08:14:06, LastModifiedById=0050o00000WkyGGAAZ, SystemModstamp=2019-06-11 08:14:06, StudentId__c=HS100151, Namef__c=vy 1, Namel__c=truong, Birthday__c=2011-03-21 00:00:00, Gender__c=true, Score1__c=4.00, Score2__c=7.00, Score3__c=9.00, AverageScore__c=6.67, State__c=Passed, StudentCode__c=null, Class__c=a0H0o00000fKjulEAC}, Student__c:{Id=a0I0o000019bYUbEAM, IsDeleted=false, Name=truong vy 2, CreatedDate=2019-06-11 08:14:06, CreatedById=0050o00000WkyGGAAZ, LastModifiedDate=2019-06-11 08:14:06, LastModifiedById=0050o00000WkyGGAAZ, SystemModstamp=2019-06-11 08:14:06, StudentId__c=HS100152, Namef__c=vy 2, Namel__c=truong, Birthday__c=2011-03-21 00:00:00, Gender__c=true, Score1__c=4.00, Score2__c=7.00, Score3__c=9.00, AverageScore__c=6.67, State__c=Passed, StudentCode__c=null, Class__c=a0H0o00000fKjulEAC}, Student__c:{Id=a0I0o000019bYUcEAM, IsDeleted=false, Name=truong vy 3, CreatedDate=2019-06-11 08:14:06, CreatedById=0050o00000WkyGGAAZ, LastModifiedDate=2019-06-11 08:14:06, LastModifiedById=0050o00000WkyGGAAZ, SystemModstamp=2019-06-11 08:14:06, StudentId__c=HS100153, Namef__c=vy 3, Namel__c=truong, Birthday__c=2011-03-21 00:00:00, Gender__c=true, Score1__c=4.00, Score2__c=7.00, Score3__c=9.00, AverageScore__c=6.67, State__c=Passed, StudentCode__c=null, Class__c=a0H0o00000fKjulEAC}, Student__c:{Id=a0I0o000019bYUdEAM, IsDeleted=false, Name=truong vy 4, CreatedDate=2019-06-11 08:14:06, CreatedById=0050o00000WkyGGAAZ, LastModifiedDate=2019-06-11 08:14:06, LastModifiedById=0050o00000WkyGGAAZ, SystemModstamp=2019-06-11 08:14:06, StudentId__c=HS100154, Namef__c=vy 4, Namel__c=truong, Birthday__c=2011-03-21 00:00:00, Gender__c=true, Score1__c=4.00, Score2__c=7.00, Score3__c=0.00, AverageScore__c=3.67, State__c=Failed, StudentCode__c=null, Class__c=a0H0o00000fKjulEAC}, Student__c:{Id=a0I0o000019bYUeEAM, IsDeleted=false, Name=truong vy 5, CreatedDate=2019-06-11 08:14:06, CreatedById=0050o00000WkyGGAAZ, LastModifiedDate=2019-06-11 08:14:06, LastModifiedById=0050o00000WkyGGAAZ, SystemModstamp=2019-06-11 08:14:06, StudentId__c=HS100155, Namef__c=vy 5, Namel__c=truong, Birthday__c=2011-03-21 00:00:00, Gender__c=true, Score1__c=4.00, Score2__c=0.00, Score3__c=9.00, AverageScore__c=4.33, State__c=Failed, StudentCode__c=null, Class__c=a0H0o00000fKjulEAC})
15:14:05.0 (109577266)|STATEMENT_EXECUTE|[50]
15:14:05.0 (109881820)|SAVEPOINT_SET|[50]|SavepointValue0
15:14:05.0 (109898854)|HEAP_ALLOCATE|[50]|Bytes:16
15:14:05.0 (110160250)|VARIABLE_ASSIGNMENT|[50]|sp|"common.apex.runtime.impl.ApexUserSavepoint@2a6e967a"|0x2a6e967a
15:14:05.0 (110170254)|STATEMENT_EXECUTE|[51]
15:14:05.0 (110177868)|HEAP_ALLOCATE|[51]|Bytes:6
15:14:05.0 (110203305)|METHOD_ENTRY|[51]|01p0o00000GMOB6|TriggerHandle.executeNOStudentsUpdate(List<Student__c>, String)
15:14:05.0 (110232158)|VARIABLE_SCOPE_BEGIN|[191]|this|TriggerHandle|true|false
15:14:05.0 (110252028)|VARIABLE_ASSIGNMENT|[191]|this|{}|0x426fcf5
15:14:05.0 (110259768)|VARIABLE_SCOPE_BEGIN|[191]|studentList|List<Student__c>|true|false
15:14:05.0 (110955535)|VARIABLE_ASSIGNMENT|[191]|studentList|[{"LastModifiedDate":"2019-06-11T08:14:06.000Z","StudentId__c":"HS100151","IsDeleted":false,"Score1__c":4.00,"Score2__c":7.00,"Gender__c":true,"Score3__c":9.00,"Class__c":"a0H0o00000fKjulEAC","Name":"truong vy 1","SystemModstamp":"2019-06-11T08:14:06.000Z","AverageScore__c":6.67,"CreatedById":"0050o00000WkyGGAAZ","Birthday__c":"2011-03-21T00:00:00.000Z","Namel__c":"truong","CreatedDate":"2019-06-11T08:14:06.000Z","Id":"a0I0o000019bYUaEAM","LastModifiedById":"0050o00000WkyGGAAZ","State__c":"Passed","Namef__c":"vy 1"},{"LastModifiedDate":"2019-06-11T08:14:06.000Z","StudentId__c":"HS100152","IsDeleted":false,"Score1__c":4.00,"Score2__c":7.00,"Gender__c":true,"Score3__c":9.00,"Class__c":"a0H0o00000fKjulEAC","Name":"truong vy 2","SystemModstamp":"2019-06-11T08:14:06.000Z","AverageScore__c":6.67,"CreatedById":"0050o00000WkyGGAAZ","Birthday__c":"2011-03-21T00:00:00.000Z","Namel__c":"truong","CreatedDate":"2019-06-11T08:14:06.000Z","Id":"a0I0o000019bYUbEAM","LastModifiedById":"0050o00000WkyGGAAZ","State__c":"Passed","Namef__c":"vy 2"},{"LastModifiedDate":"2019-06-11T08:14:06.000Z","StudentId__c":"HS100153","IsDeleted":false,"Score1__c":4.00,"Score2__c":7.00,"Gender__c":true,"Score3__c":9.00,"Class__c":"a0H0o00000fKjulEAC","Name":"truong vy 3","SystemModstamp":"2019-06-11T08:14:06.000Z","AverageScore__c":6.67,"CreatedById":"0050o00000WkyGGAAZ","Birthday__c":"2011-03-21T00:00:00.000Z","Namel__c":"truong","CreatedDate":"2019-06-11T08:14:06.000Z","Id":"a0I0o000019bYUcEAM","LastModifiedById":"0050o00000WkyGGAAZ","State__c":"Passed","Namef__c":"vy 3"},{"LastModifiedDate":"2019-06-11T08:14:06.000Z","StudentId__c":"HS100154","IsDeleted":false,"Score1__c":4.00,"Score2__c":7.00,"Gender__c":true,"Score3__c":0.00,"Class__c":"a0H0o00000fKjulEAC","Name":"truong vy 4","SystemModstamp":"2019-06-11T08:14:06.000Z","AverageScore__c":3.67,"CreatedById":"0050o00000WkyGGAAZ","Birthday__c":"2011-03-21T00:00:00.000Z","Namel__c":"truong","CreatedDate":"2019-06-11T08:14:06.000Z","Id":"a0I0o000019bYUdEAM","LastModifiedById":"0050o00000WkyGGAAZ","State__c":"Failed","Namef__c":"vy 4"},{"LastModifiedDate":"2019-06-11T08:14:06.000Z","StudentId__c":"HS100155","IsDeleted":false,"Score1__c":4.00,"Score2__c":0.00,"Gender__c":true,"Score3__c":9.00,"Class__c":"a0H0o00000fKjulEAC","Name":"truong vy 5","SystemModstamp":"2019-06-11T08:14:06.000Z","AverageScore__c":4.33,"CreatedById":"0050o00000WkyGGAAZ","Birthday__c":"2011-03-21T00:00:00.000Z","Namel__c":"truong","CreatedDate":"2019-06-11T08:14:06.000Z","Id":"a0I0o000019bYUeEAM","LastModifiedById":"0050o00000WkyGGAAZ","State__c":"Failed","Namef__c":"vy 5"}]|0x51087030
15:14:05.0 (110992380)|VARIABLE_SCOPE_BEGIN|[191]|action|String|false|false
15:14:05.0 (111003534)|VARIABLE_ASSIGNMENT|[191]|action|"insert"
15:14:05.0 (111022552)|HEAP_ALLOCATE|[193]|Bytes:5
15:14:05.0 (111028415)|STATEMENT_EXECUTE|[192]
15:14:05.0 (111030331)|STATEMENT_EXECUTE|[193]
15:14:05.0 (111056346)|HEAP_ALLOCATE|[193]|Bytes:4
15:14:05.0 (111077453)|VARIABLE_SCOPE_BEGIN|[193]|classIDMap|Map<Id,Integer>|true|false
15:14:05.0 (111098599)|VARIABLE_ASSIGNMENT|[193]|classIDMap|{}|0x532540cf
15:14:05.0 (111149619)|HEAP_ALLOCATE|[196]|Bytes:5
15:14:05.0 (111175761)|VARIABLE_SCOPE_BEGIN|[196]|s|Student__c|true|false
15:14:05.0 (111335025)|VARIABLE_ASSIGNMENT|[196]|s|{"LastModifiedDate":"2019-06-11T08:14:06.000Z","StudentId__c":"HS100151","IsDeleted":false,"Score1__c":4.00,"Score2__c":7.00,"Gender__c":true,"Score3__c":9.00,"Class__c":"a0H0o00000fKjulEAC","Name":"truong vy 1","SystemModstamp":"2019-06-11T08:14:06.000Z","AverageScore__c":6.67,"CreatedById":"0050o00000WkyGGAAZ","Birthday__c":"2011-03-21T00:00:00.000Z","Namel__c":"truong","CreatedDate":"2019-06-11T08:14:06.000Z","Id":"a0I0o000019bYUaEAM","LastModifiedById":"0050o00000WkyGGAAZ","State__c":"Passed","Namef__c":"vy 1"}|0x41be236b
15:14:05.0 (111348461)|STATEMENT_EXECUTE|[197]
15:14:05.0 (111421960)|STATEMENT_EXECUTE|[203]
15:14:05.0 (111424411)|STATEMENT_EXECUTE|[204]
15:14:05.0 (111447360)|HEAP_ALLOCATE|[204]|Bytes:4
15:14:05.0 (111456247)|HEAP_ALLOCATE|[EXTERNAL]|Bytes:-4
15:14:05.0 (111472063)|HEAP_ALLOCATE|[196]|Bytes:5
15:14:05.0 (111487816)|VARIABLE_SCOPE_BEGIN|[196]|s|Student__c|true|false
15:14:05.0 (111652621)|VARIABLE_ASSIGNMENT|[196]|s|{"LastModifiedDate":"2019-06-11T08:14:06.000Z","StudentId__c":"HS100152","IsDeleted":false,"Score1__c":4.00,"Score2__c":7.00,"Gender__c":true,"Score3__c":9.00,"Class__c":"a0H0o00000fKjulEAC","Name":"truong vy 2","SystemModstamp":"2019-06-11T08:14:06.000Z","AverageScore__c":6.67,"CreatedById":"0050o00000WkyGGAAZ","Birthday__c":"2011-03-21T00:00:00.000Z","Namel__c":"truong","CreatedDate":"2019-06-11T08:14:06.000Z","Id":"a0I0o000019bYUbEAM","LastModifiedById":"0050o00000WkyGGAAZ","State__c":"Passed","Namef__c":"vy 2"}|0x1fbda060
15:14:05.0 (111665420)|STATEMENT_EXECUTE|[197]
15:14:05.0 (111680554)|STATEMENT_EXECUTE|[199]
15:14:05.0 (111682380)|STATEMENT_EXECUTE|[200]
15:14:05.0 (111713610)|HEAP_ALLOCATE|[200]|Bytes:4
15:14:05.0 (111729234)|HEAP_ALLOCATE|[196]|Bytes:5
15:14:05.0 (111742557)|VARIABLE_SCOPE_BEGIN|[196]|s|Student__c|true|false
15:14:05.0 (111904821)|VARIABLE_ASSIGNMENT|[196]|s|{"LastModifiedDate":"2019-06-11T08:14:06.000Z","StudentId__c":"HS100153","IsDeleted":false,"Score1__c":4.00,"Score2__c":7.00,"Gender__c":true,"Score3__c":9.00,"Class__c":"a0H0o00000fKjulEAC","Name":"truong vy 3","SystemModstamp":"2019-06-11T08:14:06.000Z","AverageScore__c":6.67,"CreatedById":"0050o00000WkyGGAAZ","Birthday__c":"2011-03-21T00:00:00.000Z","Namel__c":"truong","CreatedDate":"2019-06-11T08:14:06.000Z","Id":"a0I0o000019bYUcEAM","LastModifiedById":"0050o00000WkyGGAAZ","State__c":"Passed","Namef__c":"vy 3"}|0x66ec2da7
15:14:05.0 (111917462)|STATEMENT_EXECUTE|[197]
15:14:05.0 (111931167)|STATEMENT_EXECUTE|[199]
15:14:05.0 (111932924)|STATEMENT_EXECUTE|[200]
15:14:05.0 (111945762)|HEAP_ALLOCATE|[200]|Bytes:4
15:14:05.0 (111959512)|HEAP_ALLOCATE|[196]|Bytes:5
15:14:05.0 (111972005)|VARIABLE_SCOPE_BEGIN|[196]|s|Student__c|true|false
15:14:05.0 (112119358)|VARIABLE_ASSIGNMENT|[196]|s|{"LastModifiedDate":"2019-06-11T08:14:06.000Z","StudentId__c":"HS100154","IsDeleted":false,"Score1__c":4.00,"Score2__c":7.00,"Gender__c":true,"Score3__c":0.00,"Class__c":"a0H0o00000fKjulEAC","Name":"truong vy 4","SystemModstamp":"2019-06-11T08:14:06.000Z","AverageScore__c":3.67,"CreatedById":"0050o00000WkyGGAAZ","Birthday__c":"2011-03-21T00:00:00.000Z","Namel__c":"truong","CreatedDate":"2019-06-11T08:14:06.000Z","Id":"a0I0o000019bYUdEAM","LastModifiedById":"0050o00000WkyGGAAZ","State__c":"Failed","Namef__c":"vy 4"}|0x1f363a8d
15:14:05.0 (112131681)|STATEMENT_EXECUTE|[197]
15:14:05.0 (112144192)|STATEMENT_EXECUTE|[199]
15:14:05.0 (112145948)|STATEMENT_EXECUTE|[200]
15:14:05.0 (112158318)|HEAP_ALLOCATE|[200]|Bytes:4
15:14:05.0 (112172029)|HEAP_ALLOCATE|[196]|Bytes:5
15:14:05.0 (112183607)|VARIABLE_SCOPE_BEGIN|[196]|s|Student__c|true|false
15:14:05.0 (112335504)|VARIABLE_ASSIGNMENT|[196]|s|{"LastModifiedDate":"2019-06-11T08:14:06.000Z","StudentId__c":"HS100155","IsDeleted":false,"Score1__c":4.00,"Score2__c":0.00,"Gender__c":true,"Score3__c":9.00,"Class__c":"a0H0o00000fKjulEAC","Name":"truong vy 5","SystemModstamp":"2019-06-11T08:14:06.000Z","AverageScore__c":4.33,"CreatedById":"0050o00000WkyGGAAZ","Birthday__c":"2011-03-21T00:00:00.000Z","Namel__c":"truong","CreatedDate":"2019-06-11T08:14:06.000Z","Id":"a0I0o000019bYUeEAM","LastModifiedById":"0050o00000WkyGGAAZ","State__c":"Failed","Namef__c":"vy 5"}|0x2fa3f77b
15:14:05.0 (112347330)|STATEMENT_EXECUTE|[197]
15:14:05.0 (112359152)|STATEMENT_EXECUTE|[199]
15:14:05.0 (112360993)|STATEMENT_EXECUTE|[200]
15:14:05.0 (112373241)|HEAP_ALLOCATE|[200]|Bytes:4
15:14:05.0 (112387278)|HEAP_ALLOCATE|[196]|Bytes:5
15:14:05.0 (112398072)|VARIABLE_ASSIGNMENT|[196]|s|null|
15:14:05.0 (112404583)|STATEMENT_EXECUTE|[207]
15:14:05.0 (112408429)|HEAP_ALLOCATE|[207]|Bytes:44
15:14:05.0 (112423909)|HEAP_ALLOCATE|[207]|Bytes:4
15:14:05.0 (112617616)|SOQL_EXECUTE_BEGIN|[207]|Aggregations:0|SELECT id, NumberOfStudents__c FROM Class__c
15:14:05.0 (115947271)|SOQL_EXECUTE_END|[207]|Rows:4
15:14:05.0 (115981476)|HEAP_ALLOCATE|[207]|Bytes:20
15:14:05.0 (116012598)|HEAP_ALLOCATE|[207]|Bytes:352
15:14:05.0 (116065316)|HEAP_ALLOCATE|[207]|Bytes:20
15:14:05.0 (116086772)|VARIABLE_SCOPE_BEGIN|[207]|classList|List<Class__c>|true|false
15:14:05.0 (116140088)|VARIABLE_ASSIGNMENT|[207]|classList|[{"Id":"a0H0o00000fKjuiEAC","NumberOfStudents__c":0},{"Id":"a0H0o00000fKjujEAC","NumberOfStudents__c":0},{"Id":"a0H0o00000fKjukEAC","NumberOfStudents__c":0},{"Id":"a0H0o00000fKjulEAC","NumberOfStudents__c":0}]|0x54062fca
15:14:05.0 (116154265)|STATEMENT_EXECUTE|[208]
15:14:05.0 (116221027)|HEAP_ALLOCATE|[208]|Bytes:12
15:14:05.0 (116302119)|HEAP_ALLOCATE|[208]|Bytes:28
15:14:05.0 (116327966)|USER_DEBUG|[208]|DEBUG|0
15:14:05.0 (116483589)|HEAP_ALLOCATE|[210]|Bytes:5
15:14:05.0 (116507988)|HEAP_ALLOCATE|[210]|Bytes:12
15:14:05.0 (116517763)|VARIABLE_SCOPE_BEGIN|[210]|c|Class__c|true|false
15:14:05.0 (116542576)|VARIABLE_ASSIGNMENT|[210]|c|{"Id":"a0H0o00000fKjuiEAC","NumberOfStudents__c":0}|0x6554a107
15:14:05.0 (116554939)|STATEMENT_EXECUTE|[211]
15:14:05.0 (116600917)|STATEMENT_EXECUTE|[212]
15:14:05.0 (116614975)|HEAP_ALLOCATE|[210]|Bytes:5
15:14:05.0 (116633397)|HEAP_ALLOCATE|[210]|Bytes:12
15:14:05.0 (116642973)|VARIABLE_SCOPE_BEGIN|[210]|c|Class__c|true|false
15:14:05.0 (116659444)|VARIABLE_ASSIGNMENT|[210]|c|{"Id":"a0H0o00000fKjujEAC","NumberOfStudents__c":0}|0x4d01ecc5
15:14:05.0 (116665749)|STATEMENT_EXECUTE|[211]
15:14:05.0 (116680403)|STATEMENT_EXECUTE|[212]
15:14:05.0 (116688176)|HEAP_ALLOCATE|[210]|Bytes:5
15:14:05.0 (116698024)|HEAP_ALLOCATE|[210]|Bytes:12
15:14:05.0 (116703197)|VARIABLE_SCOPE_BEGIN|[210]|c|Class__c|true|false
15:14:05.0 (116716380)|VARIABLE_ASSIGNMENT|[210]|c|{"Id":"a0H0o00000fKjukEAC","NumberOfStudents__c":0}|0x69dde883
15:14:05.0 (116722337)|STATEMENT_EXECUTE|[211]
15:14:05.0 (116732153)|STATEMENT_EXECUTE|[212]
15:14:05.0 (116740513)|HEAP_ALLOCATE|[210]|Bytes:5
15:14:05.0 (116754462)|HEAP_ALLOCATE|[210]|Bytes:12
15:14:05.0 (116763389)|VARIABLE_SCOPE_BEGIN|[210]|c|Class__c|true|false
15:14:05.0 (116780788)|VARIABLE_ASSIGNMENT|[210]|c|{"Id":"a0H0o00000fKjulEAC","NumberOfStudents__c":0}|0x66a01872
15:14:05.0 (116786912)|STATEMENT_EXECUTE|[211]
15:14:05.0 (116799180)|STATEMENT_EXECUTE|[213]
15:14:05.0 (116858882)|STATEMENT_EXECUTE|[215]
15:14:05.0 (116861185)|STATEMENT_EXECUTE|[216]
15:14:05.0 (116894008)|HEAP_ALLOCATE|[216]|Bytes:28
15:14:05.0 (116899423)|HEAP_ALLOCATE|[216]|Bytes:28
15:14:05.0 (116907357)|HEAP_ALLOCATE|[216]|Bytes:28
15:14:05.0 (116942354)|HEAP_ALLOCATE|[216]|Bytes:28
15:14:05.0 (116946435)|HEAP_ALLOCATE|[216]|Bytes:28
15:14:05.0 (117026372)|VARIABLE_ASSIGNMENT|[216]|this.NumberOfStudents__c|5|0x66a01872
15:14:05.0 (117035064)|STATEMENT_EXECUTE|[224]
15:14:05.0 (117072459)|HEAP_ALLOCATE|[224]|Bytes:8
15:14:05.0 (117089978)|DML_BEGIN|[224]|Op:Update|Type:Class__c|Rows:1
15:14:05.0 (117117006)|HEAP_ALLOCATE|[EXTERNAL]|Bytes:8
15:14:05.0 (136817419)|DML_END|[224]
15:14:05.0 (136841002)|STATEMENT_EXECUTE|[226]
15:14:05.0 (136934859)|HEAP_ALLOCATE|[210]|Bytes:5
15:14:05.0 (136963975)|VARIABLE_ASSIGNMENT|[210]|c|null|
15:14:05.0 (136981696)|METHOD_EXIT|[51]|01p0o00000GMOB6|TriggerHandle.executeNOStudentsUpdate(List<Student__c>, String)
15:14:05.0 (136988064)|STATEMENT_EXECUTE|[52]
15:14:05.0 (137006574)|METHOD_ENTRY|[52]|01p0o00000GMOB6|TriggerHandle.executeNOFAPStudentsUpdate(List<Student__c>, String)
15:14:05.0 (137033702)|VARIABLE_SCOPE_BEGIN|[118]|this|TriggerHandle|true|false
15:14:05.0 (137060179)|VARIABLE_ASSIGNMENT|[118]|this|{}|0x426fcf5
15:14:05.0 (137067998)|VARIABLE_SCOPE_BEGIN|[118]|studentList|List<Student__c>|true|false
15:14:05.0 (137882011)|VARIABLE_ASSIGNMENT|[118]|studentList|[{"LastModifiedDate":"2019-06-11T08:14:06.000Z","StudentId__c":"HS100151","IsDeleted":false,"Score1__c":4.00,"Score2__c":7.00,"Gender__c":true,"Score3__c":9.00,"Class__c":"a0H0o00000fKjulEAC","Name":"truong vy 1","SystemModstamp":"2019-06-11T08:14:06.000Z","AverageScore__c":6.67,"CreatedById":"0050o00000WkyGGAAZ","Birthday__c":"2011-03-21T00:00:00.000Z","Namel__c":"truong","CreatedDate":"2019-06-11T08:14:06.000Z","Id":"a0I0o000019bYUaEAM","LastModifiedById":"0050o00000WkyGGAAZ","State__c":"Passed","Namef__c":"vy 1"},{"LastModifiedDate":"2019-06-11T08:14:06.000Z","StudentId__c":"HS100152","IsDeleted":false,"Score1__c":4.00,"Score2__c":7.00,"Gender__c":true,"Score3__c":9.00,"Class__c":"a0H0o00000fKjulEAC","Name":"truong vy 2","SystemModstamp":"2019-06-11T08:14:06.000Z","AverageScore__c":6.67,"CreatedById":"0050o00000WkyGGAAZ","Birthday__c":"2011-03-21T00:00:00.000Z","Namel__c":"truong","CreatedDate":"2019-06-11T08:14:06.000Z","Id":"a0I0o000019bYUbEAM","LastModifiedById":"0050o00000WkyGGAAZ","State__c":"Passed","Namef__c":"vy 2"},{"LastModifiedDate":"2019-06-11T08:14:06.000Z","StudentId__c":"HS100153","IsDeleted":false,"Score1__c":4.00,"Score2__c":7.00,"Gender__c":true,"Score3__c":9.00,"Class__c":"a0H0o00000fKjulEAC","Name":"truong vy 3","SystemModstamp":"2019-06-11T08:14:06.000Z","AverageScore__c":6.67,"CreatedById":"0050o00000WkyGGAAZ","Birthday__c":"2011-03-21T00:00:00.000Z","Namel__c":"truong","CreatedDate":"2019-06-11T08:14:06.000Z","Id":"a0I0o000019bYUcEAM","LastModifiedById":"0050o00000WkyGGAAZ","State__c":"Passed","Namef__c":"vy 3"},{"LastModifiedDate":"2019-06-11T08:14:06.000Z","StudentId__c":"HS100154","IsDeleted":false,"Score1__c":4.00,"Score2__c":7.00,"Gender__c":true,"Score3__c":0.00,"Class__c":"a0H0o00000fKjulEAC","Name":"truong vy 4","SystemModstamp":"2019-06-11T08:14:06.000Z","AverageScore__c":3.67,"CreatedById":"0050o00000WkyGGAAZ","Birthday__c":"2011-03-21T00:00:00.000Z","Namel__c":"truong","CreatedDate":"2019-06-11T08:14:06.000Z","Id":"a0I0o000019bYUdEAM","LastModifiedById":"0050o00000WkyGGAAZ","State__c":"Failed","Namef__c":"vy 4"},{"LastModifiedDate":"2019-06-11T08:14:06.000Z","StudentId__c":"HS100155","IsDeleted":false,"Score1__c":4.00,"Score2__c":0.00,"Gender__c":true,"Score3__c":9.00,"Class__c":"a0H0o00000fKjulEAC","Name":"truong vy 5","SystemModstamp":"2019-06-11T08:14:06.000Z","AverageScore__c":4.33,"CreatedById":"0050o00000WkyGGAAZ","Birthday__c":"2011-03-21T00:00:00.000Z","Namel__c":"truong","CreatedDate":"2019-06-11T08:14:06.000Z","Id":"a0I0o000019bYUeEAM","LastModifiedById":"0050o00000WkyGGAAZ","State__c":"Failed","Namef__c":"vy 5"}]|0x51087030
15:14:05.0 (137920116)|VARIABLE_SCOPE_BEGIN|[118]|action|String|false|false
15:14:05.0 (137929901)|VARIABLE_ASSIGNMENT|[118]|action|"insert"
15:14:05.0 (137952140)|HEAP_ALLOCATE|[120]|Bytes:5
15:14:05.0 (137957916)|STATEMENT_EXECUTE|[119]
15:14:05.0 (137959801)|STATEMENT_EXECUTE|[120]
15:14:05.0 (137972905)|HEAP_ALLOCATE|[120]|Bytes:4
15:14:05.0 (137982917)|VARIABLE_SCOPE_BEGIN|[120]|classIDMapWithPassedStudents|Map<Id,Integer>|true|false
15:14:05.0 (138000843)|VARIABLE_ASSIGNMENT|[120]|classIDMapWithPassedStudents|{}|0x3436042f
15:14:05.0 (138007699)|STATEMENT_EXECUTE|[121]
15:14:05.0 (138014088)|HEAP_ALLOCATE|[121]|Bytes:4
15:14:05.0 (138019461)|VARIABLE_SCOPE_BEGIN|[121]|classIDMapWithFaliedStudents|Map<Id,Integer>|true|false
15:14:05.0 (138029848)|VARIABLE_ASSIGNMENT|[121]|classIDMapWithFaliedStudents|{}|0x571bf3e9
15:14:05.0 (138069017)|HEAP_ALLOCATE|[124]|Bytes:5
15:14:05.0 (138089571)|VARIABLE_SCOPE_BEGIN|[124]|s|Student__c|true|false
15:14:05.0 (138249937)|VARIABLE_ASSIGNMENT|[124]|s|{"LastModifiedDate":"2019-06-11T08:14:06.000Z","StudentId__c":"HS100151","IsDeleted":false,"Score1__c":4.00,"Score2__c":7.00,"Gender__c":true,"Score3__c":9.00,"Class__c":"a0H0o00000fKjulEAC","Name":"truong vy 1","SystemModstamp":"2019-06-11T08:14:06.000Z","AverageScore__c":6.67,"CreatedById":"0050o00000WkyGGAAZ","Birthday__c":"2011-03-21T00:00:00.000Z","Namel__c":"truong","CreatedDate":"2019-06-11T08:14:06.000Z","Id":"a0I0o000019bYUaEAM","LastModifiedById":"0050o00000WkyGGAAZ","State__c":"Passed","Namef__c":"vy 1"}|0x41be236b
15:14:05.0 (138263197)|STATEMENT_EXECUTE|[125]
15:14:05.0 (138288705)|HEAP_ALLOCATE|[127]|Bytes:6
15:14:05.0 (138335603)|STATEMENT_EXECUTE|[128]
15:14:05.0 (138363454)|STATEMENT_EXECUTE|[134]
15:14:05.0 (138365509)|STATEMENT_EXECUTE|[135]
15:14:05.0 (138384620)|HEAP_ALLOCATE|[135]|Bytes:4
15:14:05.0 (138391883)|HEAP_ALLOCATE|[EXTERNAL]|Bytes:-4
15:14:05.0 (138407928)|HEAP_ALLOCATE|[124]|Bytes:5
15:14:05.0 (138423565)|VARIABLE_SCOPE_BEGIN|[124]|s|Student__c|true|false
15:14:05.0 (138596376)|VARIABLE_ASSIGNMENT|[124]|s|{"LastModifiedDate":"2019-06-11T08:14:06.000Z","StudentId__c":"HS100152","IsDeleted":false,"Score1__c":4.00,"Score2__c":7.00,"Gender__c":true,"Score3__c":9.00,"Class__c":"a0H0o00000fKjulEAC","Name":"truong vy 2","SystemModstamp":"2019-06-11T08:14:06.000Z","AverageScore__c":6.67,"CreatedById":"0050o00000WkyGGAAZ","Birthday__c":"2011-03-21T00:00:00.000Z","Namel__c":"truong","CreatedDate":"2019-06-11T08:14:06.000Z","Id":"a0I0o000019bYUbEAM","LastModifiedById":"0050o00000WkyGGAAZ","State__c":"Passed","Namef__c":"vy 2"}|0x1fbda060
15:14:05.0 (138609391)|STATEMENT_EXECUTE|[125]
15:14:05.0 (138630087)|STATEMENT_EXECUTE|[128]
15:14:05.0 (138640728)|STATEMENT_EXECUTE|[130]
15:14:05.0 (138642458)|STATEMENT_EXECUTE|[131]
15:14:05.0 (138672186)|HEAP_ALLOCATE|[131]|Bytes:4
15:14:05.0 (138687833)|HEAP_ALLOCATE|[124]|Bytes:5
15:14:05.0 (138701522)|VARIABLE_SCOPE_BEGIN|[124]|s|Student__c|true|false
15:14:05.0 (138857124)|VARIABLE_ASSIGNMENT|[124]|s|{"LastModifiedDate":"2019-06-11T08:14:06.000Z","StudentId__c":"HS100153","IsDeleted":false,"Score1__c":4.00,"Score2__c":7.00,"Gender__c":true,"Score3__c":9.00,"Class__c":"a0H0o00000fKjulEAC","Name":"truong vy 3","SystemModstamp":"2019-06-11T08:14:06.000Z","AverageScore__c":6.67,"CreatedById":"0050o00000WkyGGAAZ","Birthday__c":"2011-03-21T00:00:00.000Z","Namel__c":"truong","CreatedDate":"2019-06-11T08:14:06.000Z","Id":"a0I0o000019bYUcEAM","LastModifiedById":"0050o00000WkyGGAAZ","State__c":"Passed","Namef__c":"vy 3"}|0x66ec2da7
15:14:05.0 (138869302)|STATEMENT_EXECUTE|[125]
15:14:05.0 (138888226)|STATEMENT_EXECUTE|[128]
15:14:05.0 (138898235)|STATEMENT_EXECUTE|[130]
15:14:05.0 (138899843)|STATEMENT_EXECUTE|[131]
15:14:05.0 (138912335)|HEAP_ALLOCATE|[131]|Bytes:4
15:14:05.0 (138926454)|HEAP_ALLOCATE|[124]|Bytes:5
15:14:05.0 (138939421)|VARIABLE_SCOPE_BEGIN|[124]|s|Student__c|true|false
15:14:05.0 (139088080)|VARIABLE_ASSIGNMENT|[124]|s|{"LastModifiedDate":"2019-06-11T08:14:06.000Z","StudentId__c":"HS100154","IsDeleted":false,"Score1__c":4.00,"Score2__c":7.00,"Gender__c":true,"Score3__c":0.00,"Class__c":"a0H0o00000fKjulEAC","Name":"truong vy 4","SystemModstamp":"2019-06-11T08:14:06.000Z","AverageScore__c":3.67,"CreatedById":"0050o00000WkyGGAAZ","Birthday__c":"2011-03-21T00:00:00.000Z","Namel__c":"truong","CreatedDate":"2019-06-11T08:14:06.000Z","Id":"a0I0o000019bYUdEAM","LastModifiedById":"0050o00000WkyGGAAZ","State__c":"Failed","Namef__c":"vy 4"}|0x1f363a8d
15:14:05.0 (139101116)|STATEMENT_EXECUTE|[125]
15:14:05.0 (139119822)|STATEMENT_EXECUTE|[140]
15:14:05.0 (139143047)|STATEMENT_EXECUTE|[146]
15:14:05.0 (139145121)|STATEMENT_EXECUTE|[147]
15:14:05.0 (139161072)|HEAP_ALLOCATE|[147]|Bytes:4
15:14:05.0 (139166747)|HEAP_ALLOCATE|[EXTERNAL]|Bytes:-4
15:14:05.0 (139180860)|HEAP_ALLOCATE|[124]|Bytes:5
15:14:05.0 (139193991)|VARIABLE_SCOPE_BEGIN|[124]|s|Student__c|true|false
15:14:05.0 (139353381)|VARIABLE_ASSIGNMENT|[124]|s|{"LastModifiedDate":"2019-06-11T08:14:06.000Z","StudentId__c":"HS100155","IsDeleted":false,"Score1__c":4.00,"Score2__c":0.00,"Gender__c":true,"Score3__c":9.00,"Class__c":"a0H0o00000fKjulEAC","Name":"truong vy 5","SystemModstamp":"2019-06-11T08:14:06.000Z","AverageScore__c":4.33,"CreatedById":"0050o00000WkyGGAAZ","Birthday__c":"2011-03-21T00:00:00.000Z","Namel__c":"truong","CreatedDate":"2019-06-11T08:14:06.000Z","Id":"a0I0o000019bYUeEAM","LastModifiedById":"0050o00000WkyGGAAZ","State__c":"Failed","Namef__c":"vy 5"}|0x2fa3f77b
15:14:05.0 (139366702)|STATEMENT_EXECUTE|[125]
15:14:05.0 (139385583)|STATEMENT_EXECUTE|[140]
15:14:05.0 (139395434)|STATEMENT_EXECUTE|[142]
15:14:05.0 (139397130)|STATEMENT_EXECUTE|[143]
15:14:05.0 (139422987)|HEAP_ALLOCATE|[143]|Bytes:4
15:14:05.0 (139438057)|HEAP_ALLOCATE|[124]|Bytes:5
15:14:05.0 (139449336)|VARIABLE_ASSIGNMENT|[124]|s|null|
15:14:05.0 (139454423)|STATEMENT_EXECUTE|[151]
15:14:05.0 (139458127)|HEAP_ALLOCATE|[151]|Bytes:77
15:14:05.0 (139471887)|HEAP_ALLOCATE|[151]|Bytes:4
15:14:05.0 (139671676)|SOQL_EXECUTE_BEGIN|[151]|Aggregations:0|SELECT id, NumberOfFailedStudents__c, NumberOfPassedStudents__c FROM Class__c
15:14:05.0 (142450320)|SOQL_EXECUTE_END|[151]|Rows:4
15:14:05.0 (142472074)|HEAP_ALLOCATE|[151]|Bytes:20
15:14:05.0 (142501340)|HEAP_ALLOCATE|[151]|Bytes:636
15:14:05.0 (142529340)|HEAP_ALLOCATE|[151]|Bytes:20
15:14:05.0 (142541319)|VARIABLE_SCOPE_BEGIN|[151]|classList|List<Class__c>|true|false
15:14:05.0 (142580514)|VARIABLE_ASSIGNMENT|[151]|classList|[{"Id":"a0H0o00000fKjuiEAC","NumberOfFailedStudents__c":0,"NumberOfPassedStudents__c":0},{"Id":"a0H0o00000fKjujEAC","NumberOfFailedStudents__c":0,"NumberOfPassedStudents__c":0},{"Id":"a0H0o00000fKjukEAC","NumberOfFailedStudents__c":0,"NumberOfPassedStudents__c":0},{"Id":"a0H0o00000fKjulEAC","NumberOfFailedStudents__c":0,"NumberOfPassedStudents__c":0}]|0x54496947
15:14:05.0 (142630260)|HEAP_ALLOCATE|[153]|Bytes:5
15:14:05.0 (142644956)|HEAP_ALLOCATE|[153]|Bytes:16
15:14:05.0 (142653148)|VARIABLE_SCOPE_BEGIN|[153]|c|Class__c|true|false
15:14:05.0 (142669275)|VARIABLE_ASSIGNMENT|[153]|c|{"Id":"a0H0o00000fKjuiEAC","NumberOfFailedStudents__c":0,"NumberOfPassedStudents__c":0}|0x3d6083a2
15:14:05.0 (142676882)|STATEMENT_EXECUTE|[154]
15:14:05.0 (142713930)|STATEMENT_EXECUTE|[156]
15:14:05.0 (142732084)|STATEMENT_EXECUTE|[172]
15:14:05.0 (142741657)|HEAP_ALLOCATE|[153]|Bytes:5
15:14:05.0 (142753058)|HEAP_ALLOCATE|[153]|Bytes:16
15:14:05.0 (142759280)|VARIABLE_SCOPE_BEGIN|[153]|c|Class__c|true|false
15:14:05.0 (142774450)|VARIABLE_ASSIGNMENT|[153]|c|{"Id":"a0H0o00000fKjujEAC","NumberOfFailedStudents__c":0,"NumberOfPassedStudents__c":0}|0x14167dcc
15:14:05.0 (142780756)|STATEMENT_EXECUTE|[154]
15:14:05.0 (142792648)|STATEMENT_EXECUTE|[156]
15:14:05.0 (142799897)|STATEMENT_EXECUTE|[172]
15:14:05.0 (142806751)|HEAP_ALLOCATE|[153]|Bytes:5
15:14:05.0 (142815335)|HEAP_ALLOCATE|[153]|Bytes:16
15:14:05.0 (142820440)|VARIABLE_SCOPE_BEGIN|[153]|c|Class__c|true|false
15:14:05.0 (142834504)|VARIABLE_ASSIGNMENT|[153]|c|{"Id":"a0H0o00000fKjukEAC","NumberOfFailedStudents__c":0,"NumberOfPassedStudents__c":0}|0x3e32bdac
15:14:05.0 (142839472)|STATEMENT_EXECUTE|[154]
15:14:05.0 (142849088)|STATEMENT_EXECUTE|[156]
15:14:05.0 (142856367)|STATEMENT_EXECUTE|[172]
15:14:05.0 (142862755)|HEAP_ALLOCATE|[153]|Bytes:5
15:14:05.0 (142870661)|HEAP_ALLOCATE|[153]|Bytes:16
15:14:05.0 (142875310)|VARIABLE_SCOPE_BEGIN|[153]|c|Class__c|true|false
15:14:05.0 (142888964)|VARIABLE_ASSIGNMENT|[153]|c|{"Id":"a0H0o00000fKjulEAC","NumberOfFailedStudents__c":0,"NumberOfPassedStudents__c":0}|0x3924dd50
15:14:05.0 (142894807)|STATEMENT_EXECUTE|[154]
15:14:05.0 (142904254)|STATEMENT_EXECUTE|[157]
15:14:05.0 (142933463)|STATEMENT_EXECUTE|[160]
15:14:05.0 (142935343)|STATEMENT_EXECUTE|[161]
15:14:05.0 (142979873)|HEAP_ALLOCATE|[161]|Bytes:28
15:14:05.0 (143016714)|HEAP_ALLOCATE|[161]|Bytes:28
15:14:05.0 (143021990)|HEAP_ALLOCATE|[161]|Bytes:28
15:14:05.0 (143046595)|HEAP_ALLOCATE|[161]|Bytes:28
15:14:05.0 (143050497)|HEAP_ALLOCATE|[161]|Bytes:28
15:14:05.0 (143110155)|VARIABLE_ASSIGNMENT|[161]|this.NumberOfFailedStudents__c|2|0x3924dd50
15:14:05.0 (143117826)|STATEMENT_EXECUTE|[168]
15:14:05.0 (143148609)|HEAP_ALLOCATE|[168]|Bytes:8
15:14:05.0 (143165751)|DML_BEGIN|[168]|Op:Update|Type:Class__c|Rows:1
15:14:05.0 (143192169)|HEAP_ALLOCATE|[EXTERNAL]|Bytes:8
15:14:05.0 (157403636)|DML_END|[168]
15:14:05.0 (157430288)|STATEMENT_EXECUTE|[169]
15:14:05.0 (157539556)|STATEMENT_EXECUTE|[173]
15:14:05.0 (157578025)|STATEMENT_EXECUTE|[176]
15:14:05.0 (157580084)|STATEMENT_EXECUTE|[177]
15:14:05.0 (157634496)|HEAP_ALLOCATE|[177]|Bytes:28
15:14:05.0 (157680151)|HEAP_ALLOCATE|[177]|Bytes:28
15:14:05.0 (157684838)|HEAP_ALLOCATE|[177]|Bytes:28
15:14:05.0 (157710063)|HEAP_ALLOCATE|[177]|Bytes:28
15:14:05.0 (157713483)|HEAP_ALLOCATE|[177]|Bytes:28
15:14:05.0 (157783359)|VARIABLE_ASSIGNMENT|[177]|this.NumberOfPassedStudents__c|3|0x3924dd50
15:14:05.0 (157791673)|STATEMENT_EXECUTE|[184]
15:14:05.0 (157818823)|HEAP_ALLOCATE|[184]|Bytes:8
15:14:05.0 (157834287)|DML_BEGIN|[184]|Op:Update|Type:Class__c|Rows:1
15:14:05.0 (157866680)|HEAP_ALLOCATE|[EXTERNAL]|Bytes:8
15:14:05.0 (173920923)|DML_END|[184]
15:14:05.0 (173949279)|STATEMENT_EXECUTE|[185]
15:14:05.0 (174051272)|HEAP_ALLOCATE|[153]|Bytes:5
15:14:05.0 (174089242)|VARIABLE_ASSIGNMENT|[153]|c|null|
15:14:05.0 (174109883)|METHOD_EXIT|[52]|01p0o00000GMOB6|TriggerHandle.executeNOFAPStudentsUpdate(List<Student__c>, String)
15:14:05.0 (174119688)|SYSTEM_MODE_EXIT|false
15:14:05.0 (174129985)|METHOD_EXIT|[20]|01p0o00000GMOB6|TriggerHandle.onAfterInsert(List<Student__c>)
15:14:05.174 (174143278)|CUMULATIVE_LIMIT_USAGE
15:14:05.174 (174143278)|LIMIT_USAGE_FOR_NS|(default)|
  Number of SOQL queries: 3 out of 100
  Number of query rows: 9 out of 50000
  Number of SOSL queries: 0 out of 20
  Number of DML statements: 6 out of 150
  Number of DML rows: 13 out of 10000
  Maximum CPU time: 0 out of 10000
  Maximum heap size: 0 out of 6000000
  Number of callouts: 0 out of 100
  Number of Email Invocations: 0 out of 10
  Number of future calls: 0 out of 50
  Number of queueable jobs added to the queue: 0 out of 50
  Number of Mobile Apex push calls: 0 out of 10

15:14:05.174 (174143278)|CUMULATIVE_LIMIT_USAGE_END

15:14:05.0 (175842276)|CODE_UNIT_FINISHED|triggerStudent on Student trigger event AfterInsert|__sfdc_trigger/triggerStudent
15:14:05.0 (177016283)|DML_END|[64]
15:14:05.0 (177056729)|HEAP_ALLOCATE|[EXTERNAL]|Bytes:24
15:14:05.177 (177078697)|CUMULATIVE_LIMIT_USAGE
15:14:05.177 (177078697)|LIMIT_USAGE_FOR_NS|(default)|
  Number of SOQL queries: 3 out of 100
  Number of query rows: 9 out of 50000
  Number of SOSL queries: 0 out of 20
  Number of DML statements: 6 out of 150
  Number of DML rows: 13 out of 10000
  Maximum CPU time: 0 out of 10000
  Maximum heap size: 0 out of 6000000
  Number of callouts: 0 out of 100
  Number of Email Invocations: 0 out of 10
  Number of future calls: 0 out of 50
  Number of queueable jobs added to the queue: 0 out of 50
  Number of Mobile Apex push calls: 0 out of 10

15:14:05.177 (177078697)|CUMULATIVE_LIMIT_USAGE_END

15:14:05.0 (177110938)|CODE_UNIT_FINISHED|StudentDetailsControllerTest.setup()
15:14:05.0 (178309166)|EXECUTION_FINISHED
15:14:05.281 (281884744)|USER_INFO|[EXTERNAL]|0050o00000WkyGG|ttvy@keizu.co.jp|Indochina Time|GMT+07:00
15:14:05.281 (281914111)|EXECUTION_STARTED
15:14:05.281 (281919935)|CODE_UNIT_STARTED|[EXTERNAL]|01p0o00000GMf1q|StudentDetailsControllerTest.testActionDeleteStudent()
15:14:05.281 (282097418)|HEAP_ALLOCATE|[72]|Bytes:3
15:14:05.281 (282142157)|HEAP_ALLOCATE|[77]|Bytes:152
15:14:05.281 (282161071)|HEAP_ALLOCATE|[342]|Bytes:408
15:14:05.281 (282181246)|HEAP_ALLOCATE|[355]|Bytes:408
15:14:05.281 (282200702)|HEAP_ALLOCATE|[467]|Bytes:48
15:14:05.281 (282232503)|HEAP_ALLOCATE|[139]|Bytes:6
15:14:05.281 (282253821)|HEAP_ALLOCATE|[EXTERNAL]|Bytes:88
15:14:05.281 (282268603)|METHOD_ENTRY|[2]|01p0o00000GMf1q|StudentDetailsControllerTest.StudentDetailsControllerTest()
15:14:05.281 (282277303)|STATEMENT_EXECUTE|[2]
15:14:05.281 (282283537)|STATEMENT_EXECUTE|[2]
15:14:05.281 (282293814)|METHOD_EXIT|[2]|StudentDetailsControllerTest
15:14:05.281 (282321651)|HEAP_ALLOCATE|[50]|Bytes:5
15:14:05.281 (282347265)|HEAP_ALLOCATE|[56]|Bytes:5
15:14:05.281 (282358498)|HEAP_ALLOCATE|[64]|Bytes:7
15:14:05.281 (282399754)|STATEMENT_EXECUTE|[96]
15:14:05.281 (282403130)|STATEMENT_EXECUTE|[97]
15:14:05.281 (282488073)|HEAP_ALLOCATE|[97]|Bytes:70
15:14:05.281 (282520915)|SYSTEM_METHOD_ENTRY|[1]|Test.Test()
15:14:05.281 (282529887)|STATEMENT_EXECUTE|[1]
15:14:05.281 (282542782)|SYSTEM_METHOD_EXIT|[1]|Test
15:14:05.281 (282575061)|METHOD_ENTRY|[97]||System.Test.startTest()
15:14:05.281 (284953343)|METHOD_EXIT|[97]||System.Test.startTest()
15:14:05.281 (284971814)|STATEMENT_EXECUTE|[99]
15:14:05.281 (284980910)|HEAP_ALLOCATE|[99]|Bytes:49
15:14:05.281 (285011991)|HEAP_ALLOCATE|[99]|Bytes:4
15:14:05.281 (285577387)|SOQL_EXECUTE_BEGIN|[99]|Aggregations:0|SELECT id FROM Student__c WHERE Namef__c = 'vy 1'
15:14:05.281 (299634147)|SOQL_EXECUTE_END|[99]|Rows:1
15:14:05.281 (299675415)|HEAP_ALLOCATE|[99]|Bytes:8
15:14:05.281 (299703796)|HEAP_ALLOCATE|[99]|Bytes:29
15:14:05.281 (299781307)|HEAP_ALLOCATE|[99]|Bytes:8
15:14:05.281 (299805491)|HEAP_ALLOCATE|[99]|Bytes:36
15:14:05.281 (299836579)|HEAP_ALLOCATE|[99]|Bytes:8
15:14:05.281 (299851304)|VARIABLE_SCOPE_BEGIN|[99]|s|Student__c|true|false
15:14:05.281 (299892648)|VARIABLE_ASSIGNMENT|[99]|s|{"Id":"a0I0o000019bYUaEAM"}|0x6d9a5eeb
15:14:05.281 (299903536)|STATEMENT_EXECUTE|[101]
15:14:05.281 (299913598)|HEAP_ALLOCATE|[101]|Bytes:20
15:14:05.281 (299962421)|VARIABLE_SCOPE_BEGIN|[101]|pageReference|System.PageReference|true|false
15:14:05.281 (302564640)|VARIABLE_ASSIGNMENT|[101]|pageReference|"/apex/studentdetails"|0x2c5540e5
15:14:05.281 (302594486)|STATEMENT_EXECUTE|[102]
15:14:05.281 (302644529)|METHOD_ENTRY|[102]||System.Test.setCurrentPage(Object)
15:14:05.281 (302792827)|METHOD_EXIT|[102]||System.Test.setCurrentPage(Object)
15:14:05.281 (302805925)|STATEMENT_EXECUTE|[103]
15:14:05.281 (302899137)|HEAP_ALLOCATE|[103]|Bytes:0
15:14:05.281 (302958034)|HEAP_ALLOCATE|[103]|Bytes:2
15:14:05.281 (303089392)|HEAP_ALLOCATE|[EXTERNAL]|Bytes:-4
15:14:05.281 (303110372)|STATEMENT_EXECUTE|[105]
15:14:05.281 (305276556)|HEAP_ALLOCATE|[105]|Bytes:252
15:14:05.281 (305296975)|HEAP_ALLOCATE|[105]|Bytes:33
15:14:05.281 (305304378)|HEAP_ALLOCATE|[105]|Bytes:2
15:14:05.281 (305333818)|METHOD_ENTRY|[1]|01p0o00000GMTHL|StudentDetailsController.StudentDetailsController()
15:14:05.281 (305345049)|STATEMENT_EXECUTE|[1]
15:14:05.281 (305352111)|STATEMENT_EXECUTE|[1]
15:14:05.281 (305934968)|SYSTEM_MODE_ENTER|false
15:14:05.281 (305965730)|HEAP_ALLOCATE|[105]|Bytes:5
15:14:05.281 (305980047)|SYSTEM_MODE_EXIT|false
15:14:05.281 (305997503)|METHOD_EXIT|[1]|StudentDetailsController
15:14:05.281 (306024792)|HEAP_ALLOCATE|[105]|Bytes:40
15:14:05.281 (306049705)|CONSTRUCTOR_ENTRY|[105]|01p0o00000GMTHL|<init>()|StudentDetailsController
15:14:05.281 (306095059)|VARIABLE_SCOPE_BEGIN|[12]|this|StudentDetailsController|true|false
15:14:05.281 (306179619)|VARIABLE_ASSIGNMENT|[12]|this|{}|0x4dfe51a5
15:14:05.281 (306199211)|SYSTEM_MODE_ENTER|false
15:14:05.281 (306208095)|HEAP_ALLOCATE|[13]|Bytes:5
15:14:05.281 (306215910)|STATEMENT_EXECUTE|[1]
15:14:05.281 (306222415)|HEAP_ALLOCATE|[13]|Bytes:5
15:14:05.281 (306230128)|STATEMENT_EXECUTE|[2]
15:14:05.281 (306234922)|STATEMENT_EXECUTE|[3]
15:14:05.281 (306238111)|STATEMENT_EXECUTE|[4]
15:14:05.281 (306241435)|STATEMENT_EXECUTE|[5]
15:14:05.281 (306244547)|STATEMENT_EXECUTE|[6]
15:14:05.281 (306248051)|STATEMENT_EXECUTE|[7]
15:14:05.281 (306251057)|STATEMENT_EXECUTE|[8]
15:14:05.281 (306254218)|STATEMENT_EXECUTE|[9]
15:14:05.281 (306257634)|STATEMENT_EXECUTE|[10]
15:14:05.281 (306274804)|HEAP_ALLOCATE|[13]|Bytes:6
15:14:05.281 (306319974)|STATEMENT_EXECUTE|[12]
15:14:05.281 (306322978)|STATEMENT_EXECUTE|[13]
15:14:05.281 (306444607)|HEAP_ALLOCATE|[13]|Bytes:44
15:14:05.281 (306515760)|HEAP_ALLOCATE|[13]|Bytes:20
15:14:05.281 (306571796)|VARIABLE_SCOPE_BEGIN|[13]|studentId|String|false|false
15:14:05.281 (306595275)|VARIABLE_ASSIGNMENT|[13]|studentId|"a0I0o000019bYUaEAM"
15:14:05.281 (306603523)|STATEMENT_EXECUTE|[14]
15:14:05.281 (306634911)|USER_DEBUG|[14]|DEBUG|a0I0o000019bYUaEAM
15:14:05.281 (306647954)|STATEMENT_EXECUTE|[15]
15:14:05.281 (306680972)|METHOD_ENTRY|[15]|01p0o00000GMTHL|StudentDetailsController.getStudentDetails(String)
15:14:05.281 (306718980)|VARIABLE_SCOPE_BEGIN|[18]|this|StudentDetailsController|true|false
15:14:05.281 (306753650)|VARIABLE_ASSIGNMENT|[18]|this|{}|0x4dfe51a5
15:14:05.281 (306764324)|VARIABLE_SCOPE_BEGIN|[18]|studentId|String|false|false
15:14:05.281 (306777399)|VARIABLE_ASSIGNMENT|[18]|studentId|"a0I0o000019bYUaEAM"
15:14:05.281 (306808775)|HEAP_ALLOCATE|[19]|Bytes:5
15:14:05.281 (306824259)|STATEMENT_EXECUTE|[18]
15:14:05.281 (306828856)|STATEMENT_EXECUTE|[19]
15:14:05.281 (306836171)|HEAP_ALLOCATE|[19]|Bytes:145
15:14:05.281 (306867191)|HEAP_ALLOCATE|[19]|Bytes:4
15:14:05.281 (306885968)|HEAP_ALLOCATE|[19]|Bytes:7
15:14:05.281 (307648807)|SOQL_EXECUTE_BEGIN|[19]|Aggregations:0|SELECT AverageScore__c, Birthday__c, Namef__c, Namel__c, Score1__c, Score2__c, Score3__c, State__c, Gender__c FROM Student__c WHERE id = :tmpVar1
15:14:05.281 (315343944)|SOQL_EXECUTE_END|[19]|Rows:1
15:14:05.281 (315393218)|HEAP_ALLOCATE|[19]|Bytes:8
15:14:05.281 (315438531)|HEAP_ALLOCATE|[19]|Bytes:319
15:14:05.281 (315483703)|HEAP_ALLOCATE|[19]|Bytes:8
15:14:05.281 (315534884)|HEAP_ALLOCATE|[19]|Bytes:44
15:14:05.281 (315549503)|VARIABLE_SCOPE_BEGIN|[19]|student|Student__c|true|false
15:14:05.281 (315656639)|VARIABLE_ASSIGNMENT|[19]|student|{"AverageScore__c":6.67,"Birthday__c":"2011-03-21T00:00:00.000Z","Namef__c":"vy 1","Namel__c":"truong","Score1__c":4.00,"Score2__c":7.00,"Score3__c":9.00,"State__c":"Passed","Gender__c":true,"Id":"a0I0o000019bYUaEAM"}|0x7f77f890
15:14:05.281 (315680418)|STATEMENT_EXECUTE|[32]
15:14:05.281 (315901505)|VARIABLE_ASSIGNMENT|[EXTERNAL]|this|{}|0x4dfe51a5
15:14:05.281 (315932060)|VARIABLE_ASSIGNMENT|[EXTERNAL]|value|"truong"
15:14:05.281 (315962763)|VARIABLE_ASSIGNMENT|[2]|this.lastNameDetails|"truong"|0x4dfe51a5
15:14:05.281 (315988786)|STATEMENT_EXECUTE|[33]
15:14:05.281 (316128545)|VARIABLE_ASSIGNMENT|[EXTERNAL]|this|{"lastNameDetails":"truong"}|0x4dfe51a5
15:14:05.281 (316156354)|VARIABLE_ASSIGNMENT|[EXTERNAL]|value|"vy 1"
15:14:05.281 (316178645)|VARIABLE_ASSIGNMENT|[3]|this.firstNameDetails|"vy 1"|0x4dfe51a5
15:14:05.281 (316251967)|STATEMENT_EXECUTE|[34]
15:14:05.281 (316256526)|STATEMENT_EXECUTE|[35]
15:14:05.281 (316263779)|HEAP_ALLOCATE|[35]|Bytes:6
15:14:05.281 (316358897)|VARIABLE_ASSIGNMENT|[EXTERNAL]|this|{"firstNameDetails":"vy 1","lastNameDetails":"truong"}|0x4dfe51a5
15:14:05.281 (316383565)|VARIABLE_ASSIGNMENT|[EXTERNAL]|value|"Female"
15:14:05.281 (316406362)|VARIABLE_ASSIGNMENT|[4]|this.genderDetails|"Female"|0x4dfe51a5
15:14:05.281 (316427871)|STATEMENT_EXECUTE|[39]
15:14:05.281 (316546802)|HEAP_ALLOCATE|[39]|Bytes:10
15:14:05.281 (316636202)|VARIABLE_ASSIGNMENT|[EXTERNAL]|this|{"firstNameDetails":"vy 1","genderDetails":"Female","lastNameDetails":"truong"}|0x4dfe51a5
15:14:05.281 (316662257)|VARIABLE_ASSIGNMENT|[EXTERNAL]|value|"21/03/2011"
15:14:05.281 (316685351)|VARIABLE_ASSIGNMENT|[5]|this.birthdayDetails|"21/03/2011"|0x4dfe51a5
15:14:05.281 (316706171)|STATEMENT_EXECUTE|[40]
15:14:05.281 (316745778)|HEAP_ALLOCATE|[40]|Bytes:12
15:14:05.281 (316848195)|VARIABLE_ASSIGNMENT|[EXTERNAL]|this|{"birthdayDetails":"21/03/2011","firstNameDetails":"vy 1","genderDetails":"Female","lastNameDetails":"truong"}|0x4dfe51a5
15:14:05.281 (316876268)|VARIABLE_ASSIGNMENT|[EXTERNAL]|value|4.0
15:14:05.281 (316897886)|VARIABLE_ASSIGNMENT|[6]|this.score1Details|4.0|0x4dfe51a5
15:14:05.281 (316919922)|STATEMENT_EXECUTE|[41]
15:14:05.281 (316938335)|HEAP_ALLOCATE|[41]|Bytes:12
15:14:05.281 (317035228)|VARIABLE_ASSIGNMENT|[EXTERNAL]|this|{"birthdayDetails":"21/03/2011","firstNameDetails":"vy 1","genderDetails":"Female","lastNameDetails":"truong","score1Details":4.0}|0x4dfe51a5
15:14:05.281 (317063584)|VARIABLE_ASSIGNMENT|[EXTERNAL]|value|7.0
15:14:05.281 (317085329)|VARIABLE_ASSIGNMENT|[7]|this.score2Details|7.0|0x4dfe51a5
15:14:05.281 (317105150)|STATEMENT_EXECUTE|[42]
15:14:05.281 (317122570)|HEAP_ALLOCATE|[42]|Bytes:12
15:14:05.281 (317221229)|VARIABLE_ASSIGNMENT|[EXTERNAL]|this|{"birthdayDetails":"21/03/2011","firstNameDetails":"vy 1","genderDetails":"Female","lastNameDetails":"truong","score1Details":4.0,"score2Details":7.0}|0x4dfe51a5
15:14:05.281 (317248627)|VARIABLE_ASSIGNMENT|[EXTERNAL]|value|9.0
15:14:05.281 (317269976)|VARIABLE_ASSIGNMENT|[8]|this.score3Details|9.0|0x4dfe51a5
15:14:05.281 (317291135)|STATEMENT_EXECUTE|[43]
15:14:05.281 (317369769)|HEAP_ALLOCATE|[43]|Bytes:28
15:14:05.281 (317385092)|HEAP_ALLOCATE|[43]|Bytes:12
15:14:05.281 (317506208)|VARIABLE_ASSIGNMENT|[EXTERNAL]|this|{"birthdayDetails":"21/03/2011","firstNameDetails":"vy 1","genderDetails":"Female","lastNameDetails":"truong","score1Details":4.0,"score2Details":7.0,"score3Details":9.0}|0x4dfe51a5
15:14:05.281 (317532906)|VARIABLE_ASSIGNMENT|[EXTERNAL]|value|6.67
15:14:05.281 (317556966)|VARIABLE_ASSIGNMENT|[9]|this.averageScoreDetails|6.67|0x4dfe51a5
15:14:05.281 (317577387)|STATEMENT_EXECUTE|[44]
15:14:05.281 (317684614)|VARIABLE_ASSIGNMENT|[EXTERNAL]|this|{"averageScoreDetails":6.67,"birthdayDetails":"21/03/2011","firstNameDetails":"vy 1","genderDetails":"Female","lastNameDetails":"truong","score1Details":4.0,"score2Details":7.0,"score3Details":9.0}|0x4dfe51a5
15:14:05.281 (317712301)|VARIABLE_ASSIGNMENT|[EXTERNAL]|value|"Passed"
15:14:05.281 (317735207)|VARIABLE_ASSIGNMENT|[10]|this.stateDetails|"Passed"|0x4dfe51a5
15:14:05.281 (317768051)|METHOD_EXIT|[15]|01p0o00000GMTHL|StudentDetailsController.getStudentDetails(String)
15:14:05.281 (317785003)|SYSTEM_MODE_EXIT|false
15:14:05.281 (317805418)|CONSTRUCTOR_EXIT|[105]|01p0o00000GMTHL|<init>()|StudentDetailsController
15:14:05.281 (317821458)|VARIABLE_SCOPE_BEGIN|[105]|studentDetailsController|StudentDetailsController|true|false
15:14:05.281 (317891726)|VARIABLE_ASSIGNMENT|[105]|studentDetailsController|{"averageScoreDetails":6.67,"birthdayDetails":"21/03/2011","firstNameDetails":"vy 1","genderDetails":"Female","lastNameDetails":"truong","score1Details":4.0,"score2Details":7.0,"score3Details":9.0,"stateDetails":"Passed"}|0x4dfe51a5
15:14:05.281 (317910522)|STATEMENT_EXECUTE|[106]
15:14:05.281 (317930733)|METHOD_ENTRY|[106]|01p0o00000GMTHL|StudentDetailsController.actionDeleteStudent()
15:14:05.281 (317968764)|VARIABLE_SCOPE_BEGIN|[60]|this|StudentDetailsController|true|false
15:14:05.281 (318023168)|VARIABLE_ASSIGNMENT|[60]|this|{"averageScoreDetails":6.67,"birthdayDetails":"21/03/2011","firstNameDetails":"vy 1","genderDetails":"Female","lastNameDetails":"truong","score1Details":4.0,"score2Details":7.0,"score3Details":9.0,"stateDetails":"Passed"}|0x4dfe51a5
15:14:05.281 (318056095)|SYSTEM_MODE_ENTER|false
15:14:05.281 (318070060)|HEAP_ALLOCATE|[61]|Bytes:5
15:14:05.281 (318079915)|STATEMENT_EXECUTE|[60]
15:14:05.281 (318083393)|STATEMENT_EXECUTE|[61]
15:14:05.281 (318086432)|STATEMENT_EXECUTE|[61]
15:14:05.281 (318089664)|STATEMENT_EXECUTE|[62]
15:14:05.281 (318140847)|HEAP_ALLOCATE|[62]|Bytes:44
15:14:05.281 (318204788)|HEAP_ALLOCATE|[62]|Bytes:20
15:14:05.281 (318264094)|VARIABLE_SCOPE_BEGIN|[62]|studentId|String|false|false
15:14:05.281 (318290202)|VARIABLE_ASSIGNMENT|[62]|studentId|"a0I0o000019bYUaEAM"
15:14:05.281 (318300171)|STATEMENT_EXECUTE|[63]
15:14:05.281 (318307921)|HEAP_ALLOCATE|[63]|Bytes:45
15:14:05.281 (318330396)|HEAP_ALLOCATE|[63]|Bytes:4
15:14:05.281 (318777937)|SOQL_EXECUTE_BEGIN|[63]|Aggregations:0|SELECT id FROM Student__c WHERE id = :tmpVar1
15:14:05.281 (333972981)|SOQL_EXECUTE_END|[63]|Rows:1
15:14:05.281 (334014173)|HEAP_ALLOCATE|[63]|Bytes:8
15:14:05.281 (334035272)|HEAP_ALLOCATE|[63]|Bytes:29
15:14:05.281 (334073241)|HEAP_ALLOCATE|[63]|Bytes:8
15:14:05.281 (334105171)|HEAP_ALLOCATE|[63]|Bytes:8
15:14:05.281 (334118014)|VARIABLE_SCOPE_BEGIN|[63]|student|Student__c|true|false
15:14:05.281 (334157867)|VARIABLE_ASSIGNMENT|[63]|student|{"Id":"a0I0o000019bYUaEAM"}|0x6bc22993
15:14:05.281 (334168085)|STATEMENT_EXECUTE|[66]
15:14:05.281 (334230716)|HEAP_ALLOCATE|[66]|Bytes:8
15:14:05.281 (334241999)|HEAP_ALLOCATE|[66]|Bytes:8
15:14:05.281 (334253859)|DML_BEGIN|[66]|Op:Delete|Type:Student__c|Rows:1
15:14:05.281 (334286959)|HEAP_ALLOCATE|[EXTERNAL]|Bytes:8
15:14:05.281 (476253891)|CODE_UNIT_STARTED|[EXTERNAL]|01q0o000000jKrN|triggerStudent on Student trigger event AfterDelete|__sfdc_trigger/triggerStudent
15:14:05.281 (476307880)|HEAP_ALLOCATE|[EXTERNAL]|Bytes:8
15:14:05.281 (476406427)|HEAP_ALLOCATE|[EXTERNAL]|Bytes:8
15:14:05.281 (476419711)|VARIABLE_SCOPE_BEGIN|[1]|this|triggerStudent|true|false
15:14:05.281 (476470010)|VARIABLE_ASSIGNMENT|[1]|this|{}|0x31126c02
15:14:05.281 (476541424)|HEAP_ALLOCATE|[EXTERNAL]|Bytes:8
15:14:05.281 (476550025)|VARIABLE_SCOPE_BEGIN|[1]|this|triggerStudent|true|false
15:14:05.281 (476564638)|VARIABLE_ASSIGNMENT|[1]|this|{}|0x31126c02
15:14:05.281 (476573697)|STATEMENT_EXECUTE|[1]
15:14:05.281 (476576010)|STATEMENT_EXECUTE|[3]
15:14:05.281 (476601434)|HEAP_ALLOCATE|[3]|Bytes:15
15:14:05.281 (476608854)|HEAP_ALLOCATE|[3]|Bytes:20
15:14:05.281 (476613599)|HEAP_ALLOCATE|[3]|Bytes:6
15:14:05.281 (476625593)|METHOD_ENTRY|[1]|01p0o00000GMOB6|TriggerHandle.TriggerHandle()
15:14:05.281 (476631595)|STATEMENT_EXECUTE|[1]
15:14:05.281 (476634575)|STATEMENT_EXECUTE|[1]
15:14:05.281 (477086996)|SYSTEM_MODE_ENTER|false
15:14:05.281 (477103163)|HEAP_ALLOCATE|[3]|Bytes:5
15:14:05.281 (477111398)|STATEMENT_EXECUTE|[230]
15:14:05.281 (477116586)|SYSTEM_MODE_EXIT|false
15:14:05.281 (477128618)|METHOD_EXIT|[1]|TriggerHandle
15:14:05.281 (477136225)|HEAP_ALLOCATE|[3]|Bytes:4
15:14:05.281 (477152403)|CONSTRUCTOR_ENTRY|[3]|01p0o00000GMOB6|<init>()|TriggerHandle
15:14:05.281 (477162326)|VARIABLE_SCOPE_BEGIN|[3]|this|TriggerHandle|true|false
15:14:05.281 (477183925)|VARIABLE_ASSIGNMENT|[3]|this|{}|0x5d1add3f
15:14:05.281 (477197447)|SYSTEM_MODE_ENTER|false
15:14:05.281 (477203102)|HEAP_ALLOCATE|[EXTERNAL]|Bytes:5
15:14:05.281 (477207692)|STATEMENT_EXECUTE|[1]
15:14:05.281 (477210771)|HEAP_ALLOCATE|[EXTERNAL]|Bytes:5
15:14:05.281 (477232853)|STATEMENT_EXECUTE|[3]
15:14:05.281 (477236030)|SYSTEM_MODE_EXIT|false
15:14:05.281 (477243316)|CONSTRUCTOR_EXIT|[3]|01p0o00000GMOB6|<init>()|TriggerHandle
15:14:05.281 (477273239)|VARIABLE_ASSIGNMENT|[3]|this.handle|0x5d1add3f|0x31126c02
15:14:05.281 (477286267)|STATEMENT_EXECUTE|[15]
15:14:05.281 (477296039)|STATEMENT_EXECUTE|[23]
15:14:05.281 (477298089)|STATEMENT_EXECUTE|[24]
15:14:05.281 (477348143)|METHOD_ENTRY|[24]|01p0o00000GMOB6|TriggerHandle.onAfterDelete(List<Student__c>)
15:14:05.281 (477377817)|VARIABLE_SCOPE_BEGIN|[63]|this|TriggerHandle|true|false
15:14:05.281 (477394441)|VARIABLE_ASSIGNMENT|[63]|this|{}|0x5d1add3f
15:14:05.281 (477401260)|VARIABLE_SCOPE_BEGIN|[63]|oldStudentList|List<Student__c>|true|false
15:14:05.281 (477988617)|VARIABLE_ASSIGNMENT|[63]|oldStudentList|[{"LastModifiedDate":"2019-06-11T08:14:06.000Z","StudentId__c":"HS100151","IsDeleted":false,"Score1__c":4.00,"Score2__c":7.00,"Gender__c":true,"Score3__c":9.00,"Class__c":"a0H0o00000fKjulEAC","Name":"truong vy 1","SystemModstamp":"2019-06-11T08:14:06.000Z","AverageScore__c":6.67,"CreatedById":"0050o00000WkyGGAAZ","Birthday__c":"2011-03-21T00:00:00.000Z","Namel__c":"truong","CreatedDate":"2019-06-11T08:14:06.000Z","Id":"a0I0o000019bYUaEAM","LastModifiedById":"0050o00000WkyGGAAZ","State__c":"Passed","Namef__c":"vy 1"}]|0x2229b3d
15:14:05.281 (478020410)|SYSTEM_MODE_ENTER|false
15:14:05.281 (478029763)|HEAP_ALLOCATE|[65]|Bytes:5
15:14:05.281 (478036061)|STATEMENT_EXECUTE|[64]
15:14:05.281 (478037808)|STATEMENT_EXECUTE|[65]
15:14:05.281 (478039417)|STATEMENT_EXECUTE|[66]
15:14:05.281 (478041091)|STATEMENT_EXECUTE|[67]
15:14:05.281 (478045152)|HEAP_ALLOCATE|[67]|Bytes:6
15:14:05.281 (478059232)|METHOD_ENTRY|[67]|01p0o00000GMOB6|TriggerHandle.executeNOStudentsUpdate(List<Student__c>, String)
15:14:05.281 (478074833)|VARIABLE_SCOPE_BEGIN|[191]|this|TriggerHandle|true|false
15:14:05.281 (478091745)|VARIABLE_ASSIGNMENT|[191]|this|{}|0x5d1add3f
15:14:05.281 (478098092)|VARIABLE_SCOPE_BEGIN|[191]|studentList|List<Student__c>|true|false
15:14:05.281 (478261056)|VARIABLE_ASSIGNMENT|[191]|studentList|[{"LastModifiedDate":"2019-06-11T08:14:06.000Z","StudentId__c":"HS100151","IsDeleted":false,"Score1__c":4.00,"Score2__c":7.00,"Gender__c":true,"Score3__c":9.00,"Class__c":"a0H0o00000fKjulEAC","Name":"truong vy 1","SystemModstamp":"2019-06-11T08:14:06.000Z","AverageScore__c":6.67,"CreatedById":"0050o00000WkyGGAAZ","Birthday__c":"2011-03-21T00:00:00.000Z","Namel__c":"truong","CreatedDate":"2019-06-11T08:14:06.000Z","Id":"a0I0o000019bYUaEAM","LastModifiedById":"0050o00000WkyGGAAZ","State__c":"Passed","Namef__c":"vy 1"}]|0x2229b3d
15:14:05.281 (478273254)|VARIABLE_SCOPE_BEGIN|[191]|action|String|false|false
15:14:05.281 (478282861)|VARIABLE_ASSIGNMENT|[191]|action|"delete"
15:14:05.281 (478296548)|HEAP_ALLOCATE|[193]|Bytes:5
15:14:05.281 (478302329)|STATEMENT_EXECUTE|[192]
15:14:05.281 (478304256)|STATEMENT_EXECUTE|[193]
15:14:05.281 (478318793)|HEAP_ALLOCATE|[193]|Bytes:4
15:14:05.281 (478333040)|VARIABLE_SCOPE_BEGIN|[193]|classIDMap|Map<Id,Integer>|true|false
15:14:05.281 (478349657)|VARIABLE_ASSIGNMENT|[193]|classIDMap|{}|0x20729507
15:14:05.281 (478390639)|HEAP_ALLOCATE|[196]|Bytes:5
15:14:05.281 (478412171)|VARIABLE_SCOPE_BEGIN|[196]|s|Student__c|true|false
15:14:05.281 (478581986)|VARIABLE_ASSIGNMENT|[196]|s|{"LastModifiedDate":"2019-06-11T08:14:06.000Z","StudentId__c":"HS100151","IsDeleted":false,"Score1__c":4.00,"Score2__c":7.00,"Gender__c":true,"Score3__c":9.00,"Class__c":"a0H0o00000fKjulEAC","Name":"truong vy 1","SystemModstamp":"2019-06-11T08:14:06.000Z","AverageScore__c":6.67,"CreatedById":"0050o00000WkyGGAAZ","Birthday__c":"2011-03-21T00:00:00.000Z","Namel__c":"truong","CreatedDate":"2019-06-11T08:14:06.000Z","Id":"a0I0o000019bYUaEAM","LastModifiedById":"0050o00000WkyGGAAZ","State__c":"Passed","Namef__c":"vy 1"}|0x2b8a4713
15:14:05.281 (478595752)|STATEMENT_EXECUTE|[197]
15:14:05.281 (478622213)|STATEMENT_EXECUTE|[203]
15:14:05.281 (478624225)|STATEMENT_EXECUTE|[204]
15:14:05.281 (478633272)|HEAP_ALLOCATE|[204]|Bytes:4
15:14:05.281 (478640070)|HEAP_ALLOCATE|[EXTERNAL]|Bytes:-4
15:14:05.281 (478654483)|HEAP_ALLOCATE|[196]|Bytes:5
15:14:05.281 (478666451)|VARIABLE_ASSIGNMENT|[196]|s|null|
15:14:05.281 (478671788)|STATEMENT_EXECUTE|[207]
15:14:05.281 (478674976)|HEAP_ALLOCATE|[207]|Bytes:44
15:14:05.281 (478687929)|HEAP_ALLOCATE|[207]|Bytes:4
15:14:05.281 (478844976)|SOQL_EXECUTE_BEGIN|[207]|Aggregations:0|SELECT id, NumberOfStudents__c FROM Class__c
15:14:05.281 (481332240)|SOQL_EXECUTE_END|[207]|Rows:4
15:14:05.281 (481360769)|HEAP_ALLOCATE|[207]|Bytes:20
15:14:05.281 (481386677)|HEAP_ALLOCATE|[207]|Bytes:352
15:14:05.281 (481418582)|HEAP_ALLOCATE|[207]|Bytes:20
15:14:05.281 (481432202)|VARIABLE_SCOPE_BEGIN|[207]|classList|List<Class__c>|true|false
15:14:05.281 (481469746)|VARIABLE_ASSIGNMENT|[207]|classList|[{"Id":"a0H0o00000fKjuiEAC","NumberOfStudents__c":0},{"Id":"a0H0o00000fKjujEAC","NumberOfStudents__c":0},{"Id":"a0H0o00000fKjukEAC","NumberOfStudents__c":0},{"Id":"a0H0o00000fKjulEAC","NumberOfStudents__c":5}]|0xbbef105
15:14:05.281 (481478890)|STATEMENT_EXECUTE|[208]
15:14:05.281 (481511386)|HEAP_ALLOCATE|[208]|Bytes:12
15:14:05.281 (481541860)|HEAP_ALLOCATE|[208]|Bytes:28
15:14:05.281 (481559344)|USER_DEBUG|[208]|DEBUG|0
15:14:05.281 (481602278)|HEAP_ALLOCATE|[210]|Bytes:5
15:14:05.281 (481617232)|HEAP_ALLOCATE|[210]|Bytes:12
15:14:05.281 (481626658)|VARIABLE_SCOPE_BEGIN|[210]|c|Class__c|true|false
15:14:05.281 (481643692)|VARIABLE_ASSIGNMENT|[210]|c|{"Id":"a0H0o00000fKjuiEAC","NumberOfStudents__c":0}|0x44b57777
15:14:05.281 (481650565)|STATEMENT_EXECUTE|[211]
15:14:05.281 (481670633)|STATEMENT_EXECUTE|[212]
15:14:05.281 (481678928)|HEAP_ALLOCATE|[210]|Bytes:5
15:14:05.281 (481688259)|HEAP_ALLOCATE|[210]|Bytes:12
15:14:05.281 (481693536)|VARIABLE_SCOPE_BEGIN|[210]|c|Class__c|true|false
15:14:05.281 (481707366)|VARIABLE_ASSIGNMENT|[210]|c|{"Id":"a0H0o00000fKjujEAC","NumberOfStudents__c":0}|0x3e67137
15:14:05.281 (481713635)|STATEMENT_EXECUTE|[211]
15:14:05.281 (481724997)|STATEMENT_EXECUTE|[212]
15:14:05.281 (481731861)|HEAP_ALLOCATE|[210]|Bytes:5
15:14:05.281 (481740192)|HEAP_ALLOCATE|[210]|Bytes:12
15:14:05.281 (481745376)|VARIABLE_SCOPE_BEGIN|[210]|c|Class__c|true|false
15:14:05.281 (481758468)|VARIABLE_ASSIGNMENT|[210]|c|{"Id":"a0H0o00000fKjukEAC","NumberOfStudents__c":0}|0x265ef69d
15:14:05.281 (481765023)|STATEMENT_EXECUTE|[211]
15:14:05.281 (481774596)|STATEMENT_EXECUTE|[212]
15:14:05.281 (481781121)|HEAP_ALLOCATE|[210]|Bytes:5
15:14:05.281 (481789446)|HEAP_ALLOCATE|[210]|Bytes:12
15:14:05.281 (481794452)|VARIABLE_SCOPE_BEGIN|[210]|c|Class__c|true|false
15:14:05.281 (481806358)|VARIABLE_ASSIGNMENT|[210]|c|{"Id":"a0H0o00000fKjulEAC","NumberOfStudents__c":5}|0x578bd266
15:14:05.281 (481811957)|STATEMENT_EXECUTE|[211]
15:14:05.281 (481821769)|STATEMENT_EXECUTE|[213]
15:14:05.281 (481825393)|HEAP_ALLOCATE|[215]|Bytes:6
15:14:05.281 (481860805)|STATEMENT_EXECUTE|[220]
15:14:05.281 (481862831)|STATEMENT_EXECUTE|[221]
15:14:05.281 (481918923)|HEAP_ALLOCATE|[221]|Bytes:28
15:14:05.281 (481924402)|HEAP_ALLOCATE|[221]|Bytes:28
15:14:05.281 (481956480)|HEAP_ALLOCATE|[221]|Bytes:28
15:14:05.281 (481960776)|HEAP_ALLOCATE|[221]|Bytes:28
15:14:05.281 (482034845)|VARIABLE_ASSIGNMENT|[221]|this.NumberOfStudents__c|4|0x578bd266
15:14:05.281 (482043559)|STATEMENT_EXECUTE|[224]
15:14:05.281 (482076782)|HEAP_ALLOCATE|[224]|Bytes:8
15:14:05.281 (482093284)|DML_BEGIN|[224]|Op:Update|Type:Class__c|Rows:1
15:14:05.281 (482121356)|HEAP_ALLOCATE|[EXTERNAL]|Bytes:8
15:14:05.281 (503790785)|DML_END|[224]
15:14:05.281 (503816823)|STATEMENT_EXECUTE|[226]
15:14:05.281 (503881623)|HEAP_ALLOCATE|[210]|Bytes:5
15:14:05.281 (503912070)|VARIABLE_ASSIGNMENT|[210]|c|null|
15:14:05.281 (503931496)|METHOD_EXIT|[67]|01p0o00000GMOB6|TriggerHandle.executeNOStudentsUpdate(List<Student__c>, String)
15:14:05.281 (503938650)|STATEMENT_EXECUTE|[68]
15:14:05.281 (503952590)|METHOD_ENTRY|[68]|01p0o00000GMOB6|TriggerHandle.executeNOFAPStudentsUpdate(List<Student__c>, String)
15:14:05.281 (503976185)|VARIABLE_SCOPE_BEGIN|[118]|this|TriggerHandle|true|false
15:14:05.281 (504001668)|VARIABLE_ASSIGNMENT|[118]|this|{}|0x5d1add3f
15:14:05.281 (504009018)|VARIABLE_SCOPE_BEGIN|[118]|studentList|List<Student__c>|true|false
15:14:05.281 (504267980)|VARIABLE_ASSIGNMENT|[118]|studentList|[{"LastModifiedDate":"2019-06-11T08:14:06.000Z","StudentId__c":"HS100151","IsDeleted":false,"Score1__c":4.00,"Score2__c":7.00,"Gender__c":true,"Score3__c":9.00,"Class__c":"a0H0o00000fKjulEAC","Name":"truong vy 1","SystemModstamp":"2019-06-11T08:14:06.000Z","AverageScore__c":6.67,"CreatedById":"0050o00000WkyGGAAZ","Birthday__c":"2011-03-21T00:00:00.000Z","Namel__c":"truong","CreatedDate":"2019-06-11T08:14:06.000Z","Id":"a0I0o000019bYUaEAM","LastModifiedById":"0050o00000WkyGGAAZ","State__c":"Passed","Namef__c":"vy 1"}]|0x2229b3d
15:14:05.281 (504282298)|VARIABLE_SCOPE_BEGIN|[118]|action|String|false|false
15:14:05.281 (504292015)|VARIABLE_ASSIGNMENT|[118]|action|"delete"
15:14:05.281 (504313674)|HEAP_ALLOCATE|[120]|Bytes:5
15:14:05.281 (504319662)|STATEMENT_EXECUTE|[119]
15:14:05.281 (504321554)|STATEMENT_EXECUTE|[120]
15:14:05.281 (504342692)|HEAP_ALLOCATE|[120]|Bytes:4
15:14:05.281 (504354891)|VARIABLE_SCOPE_BEGIN|[120]|classIDMapWithPassedStudents|Map<Id,Integer>|true|false
15:14:05.281 (504372976)|VARIABLE_ASSIGNMENT|[120]|classIDMapWithPassedStudents|{}|0x462b6cc0
15:14:05.281 (504378781)|STATEMENT_EXECUTE|[121]
15:14:05.281 (504385202)|HEAP_ALLOCATE|[121]|Bytes:4
15:14:05.281 (504391483)|VARIABLE_SCOPE_BEGIN|[121]|classIDMapWithFaliedStudents|Map<Id,Integer>|true|false
15:14:05.281 (504402200)|VARIABLE_ASSIGNMENT|[121]|classIDMapWithFaliedStudents|{}|0x23727724
15:14:05.281 (504447260)|HEAP_ALLOCATE|[124]|Bytes:5
15:14:05.281 (504472166)|VARIABLE_SCOPE_BEGIN|[124]|s|Student__c|true|false
15:14:05.281 (504641302)|VARIABLE_ASSIGNMENT|[124]|s|{"LastModifiedDate":"2019-06-11T08:14:06.000Z","StudentId__c":"HS100151","IsDeleted":false,"Score1__c":4.00,"Score2__c":7.00,"Gender__c":true,"Score3__c":9.00,"Class__c":"a0H0o00000fKjulEAC","Name":"truong vy 1","SystemModstamp":"2019-06-11T08:14:06.000Z","AverageScore__c":6.67,"CreatedById":"0050o00000WkyGGAAZ","Birthday__c":"2011-03-21T00:00:00.000Z","Namel__c":"truong","CreatedDate":"2019-06-11T08:14:06.000Z","Id":"a0I0o000019bYUaEAM","LastModifiedById":"0050o00000WkyGGAAZ","State__c":"Passed","Namef__c":"vy 1"}|0x2b8a4713
15:14:05.281 (504654752)|STATEMENT_EXECUTE|[125]
15:14:05.281 (504666411)|HEAP_ALLOCATE|[127]|Bytes:6
15:14:05.281 (504707531)|STATEMENT_EXECUTE|[128]
15:14:05.281 (504725377)|STATEMENT_EXECUTE|[134]
15:14:05.281 (504727119)|STATEMENT_EXECUTE|[135]
15:14:05.281 (504736547)|HEAP_ALLOCATE|[135]|Bytes:4
15:14:05.281 (504744239)|HEAP_ALLOCATE|[EXTERNAL]|Bytes:-4
15:14:05.281 (504759405)|HEAP_ALLOCATE|[124]|Bytes:5
15:14:05.281 (504772002)|VARIABLE_ASSIGNMENT|[124]|s|null|
15:14:05.281 (504777333)|STATEMENT_EXECUTE|[151]
15:14:05.281 (504780055)|HEAP_ALLOCATE|[151]|Bytes:77
15:14:05.281 (504794911)|HEAP_ALLOCATE|[151]|Bytes:4
15:14:05.281 (505032212)|SOQL_EXECUTE_BEGIN|[151]|Aggregations:0|SELECT id, NumberOfFailedStudents__c, NumberOfPassedStudents__c FROM Class__c
15:14:05.281 (507696405)|SOQL_EXECUTE_END|[151]|Rows:4
15:14:05.281 (507722193)|HEAP_ALLOCATE|[151]|Bytes:20
15:14:05.281 (507750966)|HEAP_ALLOCATE|[151]|Bytes:636
15:14:05.281 (507787516)|HEAP_ALLOCATE|[151]|Bytes:20
15:14:05.281 (507801870)|VARIABLE_SCOPE_BEGIN|[151]|classList|List<Class__c>|true|false
15:14:05.281 (507846452)|VARIABLE_ASSIGNMENT|[151]|classList|[{"Id":"a0H0o00000fKjuiEAC","NumberOfFailedStudents__c":0,"NumberOfPassedStudents__c":0},{"Id":"a0H0o00000fKjujEAC","NumberOfFailedStudents__c":0,"NumberOfPassedStudents__c":0},{"Id":"a0H0o00000fKjukEAC","NumberOfFailedStudents__c":0,"NumberOfPassedStudents__c":0},{"Id":"a0H0o00000fKjulEAC","NumberOfFailedStudents__c":2,"NumberOfPassedStudents__c":3}]|0x2b6659
15:14:05.281 (507887225)|HEAP_ALLOCATE|[153]|Bytes:5
15:14:05.281 (507905453)|HEAP_ALLOCATE|[153]|Bytes:16
15:14:05.281 (507914614)|VARIABLE_SCOPE_BEGIN|[153]|c|Class__c|true|false
15:14:05.281 (507931183)|VARIABLE_ASSIGNMENT|[153]|c|{"Id":"a0H0o00000fKjuiEAC","NumberOfFailedStudents__c":0,"NumberOfPassedStudents__c":0}|0xd50f20f
15:14:05.281 (507938892)|STATEMENT_EXECUTE|[154]
15:14:05.281 (507966021)|STATEMENT_EXECUTE|[156]
15:14:05.281 (507976183)|STATEMENT_EXECUTE|[172]
15:14:05.281 (507984623)|HEAP_ALLOCATE|[153]|Bytes:5
15:14:05.281 (507994829)|HEAP_ALLOCATE|[153]|Bytes:16
15:14:05.281 (508000972)|VARIABLE_SCOPE_BEGIN|[153]|c|Class__c|true|false
15:14:05.281 (508016142)|VARIABLE_ASSIGNMENT|[153]|c|{"Id":"a0H0o00000fKjujEAC","NumberOfFailedStudents__c":0,"NumberOfPassedStudents__c":0}|0x1b68b151
15:14:05.281 (508022290)|STATEMENT_EXECUTE|[154]
15:14:05.281 (508033467)|STATEMENT_EXECUTE|[156]
15:14:05.281 (508040633)|STATEMENT_EXECUTE|[172]
15:14:05.281 (508047431)|HEAP_ALLOCATE|[153]|Bytes:5
15:14:05.281 (508056271)|HEAP_ALLOCATE|[153]|Bytes:16
15:14:05.281 (508061283)|VARIABLE_SCOPE_BEGIN|[153]|c|Class__c|true|false
15:14:05.281 (508074622)|VARIABLE_ASSIGNMENT|[153]|c|{"Id":"a0H0o00000fKjukEAC","NumberOfFailedStudents__c":0,"NumberOfPassedStudents__c":0}|0x7d739799
15:14:05.281 (508079915)|STATEMENT_EXECUTE|[154]
15:14:05.281 (508089408)|STATEMENT_EXECUTE|[156]
15:14:05.281 (508096451)|STATEMENT_EXECUTE|[172]
15:14:05.281 (508102746)|HEAP_ALLOCATE|[153]|Bytes:5
15:14:05.281 (508111558)|HEAP_ALLOCATE|[153]|Bytes:16
15:14:05.281 (508116902)|VARIABLE_SCOPE_BEGIN|[153]|c|Class__c|true|false
15:14:05.281 (508130844)|VARIABLE_ASSIGNMENT|[153]|c|{"Id":"a0H0o00000fKjulEAC","NumberOfFailedStudents__c":2,"NumberOfPassedStudents__c":3}|0x27f53875
15:14:05.281 (508136625)|STATEMENT_EXECUTE|[154]
15:14:05.281 (508145865)|STATEMENT_EXECUTE|[156]
15:14:05.281 (508153701)|STATEMENT_EXECUTE|[173]
15:14:05.281 (508181483)|STATEMENT_EXECUTE|[181]
15:14:05.281 (508183625)|STATEMENT_EXECUTE|[182]
15:14:05.281 (508241168)|HEAP_ALLOCATE|[182]|Bytes:28
15:14:05.281 (508246526)|HEAP_ALLOCATE|[182]|Bytes:28
15:14:05.281 (508272235)|HEAP_ALLOCATE|[182]|Bytes:28
15:14:05.281 (508275871)|HEAP_ALLOCATE|[182]|Bytes:28
15:14:05.281 (508349022)|VARIABLE_ASSIGNMENT|[182]|this.NumberOfPassedStudents__c|2|0x27f53875
15:14:05.281 (508357363)|STATEMENT_EXECUTE|[184]
15:14:05.281 (508388908)|HEAP_ALLOCATE|[184]|Bytes:8
15:14:05.281 (508404225)|DML_BEGIN|[184]|Op:Update|Type:Class__c|Rows:1
15:14:05.281 (508429667)|HEAP_ALLOCATE|[EXTERNAL]|Bytes:8
15:14:05.281 (525941527)|DML_END|[184]
15:14:05.281 (525966495)|STATEMENT_EXECUTE|[185]
15:14:05.281 (526028766)|HEAP_ALLOCATE|[153]|Bytes:5
15:14:05.281 (526061623)|VARIABLE_ASSIGNMENT|[153]|c|null|
15:14:05.281 (526079844)|METHOD_EXIT|[68]|01p0o00000GMOB6|TriggerHandle.executeNOFAPStudentsUpdate(List<Student__c>, String)
15:14:05.281 (526090172)|SYSTEM_MODE_EXIT|false
15:14:05.281 (526100186)|METHOD_EXIT|[24]|01p0o00000GMOB6|TriggerHandle.onAfterDelete(List<Student__c>)
15:14:05.526 (526110169)|CUMULATIVE_LIMIT_USAGE
15:14:05.526 (526110169)|LIMIT_USAGE_FOR_NS|(default)|
  Number of SOQL queries: 3 out of 100
  Number of query rows: 9 out of 50000
  Number of SOSL queries: 0 out of 20
  Number of DML statements: 6 out of 150
  Number of DML rows: 13 out of 10000
  Maximum CPU time: 0 out of 10000
  Maximum heap size: 0 out of 6000000
  Number of callouts: 0 out of 100
  Number of Email Invocations: 0 out of 10
  Number of future calls: 0 out of 50
  Number of queueable jobs added to the queue: 0 out of 50
  Number of Mobile Apex push calls: 0 out of 10

15:14:05.526 (526110169)|TESTING_LIMITS
15:14:05.526 (526110169)|LIMIT_USAGE_FOR_NS|(default)|
  Number of SOQL queries: 5 out of 100
  Number of query rows: 11 out of 50000
  Number of SOSL queries: 0 out of 20
  Number of DML statements: 3 out of 150
  Number of DML rows: 3 out of 10000
  Maximum CPU time: 0 out of 10000
  Maximum heap size: 0 out of 6000000
  Number of callouts: 0 out of 100
  Number of Email Invocations: 0 out of 10
  Number of future calls: 0 out of 50
  Number of queueable jobs added to the queue: 0 out of 50
  Number of Mobile Apex push calls: 0 out of 10

15:14:05.526 (526110169)|CUMULATIVE_LIMIT_USAGE_END

15:14:05.281 (527779504)|CODE_UNIT_FINISHED|triggerStudent on Student trigger event AfterDelete|__sfdc_trigger/triggerStudent
15:14:05.281 (529406513)|DML_END|[66]
15:14:05.281 (529449535)|STATEMENT_EXECUTE|[70]
15:14:05.281 (529597060)|HEAP_ALLOCATE|[70]|Bytes:14
15:14:05.281 (529849676)|VF_PAGE_MESSAGE|delete success
15:14:05.281 (529865314)|SYSTEM_MODE_EXIT|false
15:14:05.281 (529877671)|METHOD_EXIT|[106]|01p0o00000GMTHL|StudentDetailsController.actionDeleteStudent()
15:14:05.281 (529886361)|STATEMENT_EXECUTE|[107]
15:14:05.281 (529890797)|HEAP_ALLOCATE|[107]|Bytes:69
15:14:05.281 (529905267)|HEAP_ALLOCATE|[107]|Bytes:4
15:14:05.281 (530231636)|SOQL_EXECUTE_BEGIN|[107]|Aggregations:0|SELECT id, IsDeleted FROM Student__c WHERE Namef__c = 'vy 1' ALL ROWS
15:14:05.281 (548687953)|SOQL_EXECUTE_END|[107]|Rows:1
15:14:05.281 (548721852)|HEAP_ALLOCATE|[107]|Bytes:8
15:14:05.281 (548745900)|HEAP_ALLOCATE|[107]|Bytes:46
15:14:05.281 (548792657)|HEAP_ALLOCATE|[107]|Bytes:8
15:14:05.281 (548826172)|HEAP_ALLOCATE|[107]|Bytes:12
15:14:05.281 (548837356)|VARIABLE_SCOPE_BEGIN|[107]|queryResult|Student__c|true|false
15:14:05.281 (548872879)|VARIABLE_ASSIGNMENT|[107]|queryResult|{"Id":"a0I0o000019bYUaEAM","IsDeleted":true}|0x193c3e0a
15:14:05.281 (548881463)|STATEMENT_EXECUTE|[108]
15:14:05.281 (549003006)|STATEMENT_EXECUTE|[109]
15:14:05.281 (549019789)|METHOD_ENTRY|[109]||System.Test.stopTest()
15:14:05.281 (560627600)|METHOD_EXIT|[109]||System.Test.stopTest()
15:14:05.560 (560655148)|CUMULATIVE_LIMIT_USAGE
15:14:05.560 (560655148)|LIMIT_USAGE_FOR_NS|(default)|
  Number of SOQL queries: 3 out of 100
  Number of query rows: 9 out of 50000
  Number of SOSL queries: 0 out of 20
  Number of DML statements: 6 out of 150
  Number of DML rows: 13 out of 10000
  Maximum CPU time: 0 out of 10000
  Maximum heap size: 0 out of 6000000
  Number of callouts: 0 out of 100
  Number of Email Invocations: 0 out of 10
  Number of future calls: 0 out of 50
  Number of queueable jobs added to the queue: 0 out of 50
  Number of Mobile Apex push calls: 0 out of 10

15:14:05.560 (560655148)|TESTING_LIMITS
15:14:05.560 (560655148)|LIMIT_USAGE_FOR_NS|(default)|
  Number of SOQL queries: 6 out of 100
  Number of query rows: 12 out of 50000
  Number of SOSL queries: 0 out of 20
  Number of DML statements: 3 out of 150
  Number of DML rows: 3 out of 10000
  Maximum CPU time: 0 out of 10000
  Maximum heap size: 0 out of 6000000
  Number of callouts: 0 out of 100
  Number of Email Invocations: 0 out of 10
  Number of future calls: 0 out of 50
  Number of queueable jobs added to the queue: 0 out of 50
  Number of Mobile Apex push calls: 0 out of 10

15:14:05.560 (560655148)|CUMULATIVE_LIMIT_USAGE_END

15:14:05.281 (560699088)|CODE_UNIT_FINISHED|StudentDetailsControllerTest.testActionDeleteStudent()
15:14:05.281 (562166304)|EXECUTION_FINISHED
