36.0 APEX_CODE,FINEST;APEX_PROFILING,INFO;CALLOUT,INFO;DB,INFO;NBA,INFO;SYSTEM,DEBUG;VALIDATION,INFO;VISUALFORCE,INFO;WAVE,INFO;WORKFLOW,INFO
02:19:59.0 (371956)|USER_INFO|[EXTERNAL]|0050o00000WkyGG|ttvy@keizu.co.jp|Pacific Standard Time|GMT-07:00
02:19:59.0 (406618)|EXECUTION_STARTED
02:19:59.0 (411962)|CODE_UNIT_STARTED|[EXTERNAL]|0660o000008sEYc|VF: /apex/MainPage
02:19:59.0 (571970)|VF_DESERIALIZE_VIEWSTATE_BEGIN|0660o000008sEYc
02:19:59.0 (4106258)|HEAP_ALLOCATE|[72]|Bytes:3
02:19:59.0 (4151694)|HEAP_ALLOCATE|[77]|Bytes:152
02:19:59.0 (4166678)|HEAP_ALLOCATE|[342]|Bytes:408
02:19:59.0 (4178983)|HEAP_ALLOCATE|[355]|Bytes:408
02:19:59.0 (4189995)|HEAP_ALLOCATE|[467]|Bytes:48
02:19:59.0 (4214524)|HEAP_ALLOCATE|[139]|Bytes:6
02:19:59.0 (4240182)|HEAP_ALLOCATE|[50]|Bytes:5
02:19:59.0 (4260814)|HEAP_ALLOCATE|[56]|Bytes:5
02:19:59.0 (4269212)|HEAP_ALLOCATE|[64]|Bytes:7
02:19:59.0 (6493372)|VF_DESERIALIZE_VIEWSTATE_END
02:19:59.50 (50702259)|CUMULATIVE_LIMIT_USAGE
02:19:59.50 (50702259)|LIMIT_USAGE_FOR_NS|(default)|
  Number of SOQL queries: 0 out of 100
  Number of query rows: 0 out of 50000
  Number of SOSL queries: 0 out of 20
  Number of DML statements: 0 out of 150
  Number of DML rows: 0 out of 10000
  Maximum CPU time: 0 out of 10000
  Maximum heap size: 0 out of 6000000
  Number of callouts: 0 out of 100
  Number of Email Invocations: 0 out of 10
  Number of future calls: 0 out of 50
  Number of queueable jobs added to the queue: 0 out of 50
  Number of Mobile Apex push calls: 0 out of 10

02:19:59.50 (50702259)|CUMULATIVE_LIMIT_USAGE_END

02:19:59.0 (50764502)|CODE_UNIT_FINISHED|VF: /apex/MainPage
02:19:59.0 (51671539)|EXECUTION_FINISHED
