36.0 APEX_CODE,FINEST;APEX_PROFILING,INFO;CALLOUT,INFO;DB,INFO;NBA,INFO;SYSTEM,DEBUG;VALIDATION,INFO;VISUALFORCE,INFO;WAVE,INFO;WORKFLOW,INFO
13:45:21.3 (3914533)|USER_INFO|[EXTERNAL]|0050o00000WkyGG|ttvy@keizu.co.jp|Indochina Time|GMT+07:00
13:45:21.3 (3987269)|EXECUTION_STARTED
13:45:21.3 (3997878)|CODE_UNIT_STARTED|[EXTERNAL]|01p0o00000GMgMG|TriggerStudentTest.setup()
13:45:21.3 (4385598)|HEAP_ALLOCATE|[72]|Bytes:3
13:45:21.3 (4496762)|HEAP_ALLOCATE|[77]|Bytes:152
13:45:21.3 (4521767)|HEAP_ALLOCATE|[342]|Bytes:408
13:45:21.3 (4546669)|HEAP_ALLOCATE|[355]|Bytes:408
13:45:21.3 (4568662)|HEAP_ALLOCATE|[467]|Bytes:48
13:45:21.3 (4607374)|HEAP_ALLOCATE|[139]|Bytes:6
13:45:21.3 (4633268)|HEAP_ALLOCATE|[EXTERNAL]|Bytes:35
13:45:21.3 (22739260)|METHOD_ENTRY|[2]|01p0o00000GMgMG|TriggerStudentTest.TriggerStudentTest()
13:45:21.3 (22758123)|STATEMENT_EXECUTE|[2]
13:45:21.3 (22767625)|STATEMENT_EXECUTE|[2]
13:45:21.3 (22796630)|METHOD_EXIT|[2]|TriggerStudentTest
13:45:21.3 (22846444)|HEAP_ALLOCATE|[50]|Bytes:5
13:45:21.3 (22891721)|HEAP_ALLOCATE|[56]|Bytes:5
13:45:21.3 (22907783)|HEAP_ALLOCATE|[64]|Bytes:7
13:45:21.3 (22963718)|STATEMENT_EXECUTE|[4]
13:45:21.3 (22967017)|STATEMENT_EXECUTE|[6]
13:45:21.3 (23082889)|HEAP_ALLOCATE|[6]|Bytes:4
13:45:21.3 (23322204)|VARIABLE_SCOPE_BEGIN|[6]|testClass|List<Class__c>|true|false
13:45:21.3 (23529040)|HEAP_ALLOCATE|[EXTERNAL]|Bytes:4
13:45:21.3 (23571661)|VARIABLE_ASSIGNMENT|[6]|testClass|[]|0x1ea92e7c
13:45:21.3 (23582494)|STATEMENT_EXECUTE|[7]
13:45:21.3 (23614972)|HEAP_ALLOCATE|[7]|Bytes:4
13:45:21.3 (23737540)|HEAP_ALLOCATE|[7]|Bytes:7
13:45:21.3 (23818642)|VARIABLE_ASSIGNMENT|[7]|this.className__c|"English"|0x5004a55c
13:45:21.3 (23962194)|HEAP_ALLOCATE|[EXTERNAL]|Bytes:4
13:45:21.3 (24009964)|STATEMENT_EXECUTE|[8]
13:45:21.3 (24036596)|HEAP_ALLOCATE|[8]|Bytes:4
13:45:21.3 (24052821)|HEAP_ALLOCATE|[8]|Bytes:4
13:45:21.3 (24106007)|VARIABLE_ASSIGNMENT|[8]|this.className__c|"Math"|0x2d8e1336
13:45:21.3 (24162194)|HEAP_ALLOCATE|[EXTERNAL]|Bytes:4
13:45:21.3 (24175327)|STATEMENT_EXECUTE|[9]
13:45:21.3 (24198667)|HEAP_ALLOCATE|[9]|Bytes:4
13:45:21.3 (24213661)|HEAP_ALLOCATE|[9]|Bytes:7
13:45:21.3 (24262532)|VARIABLE_ASSIGNMENT|[9]|this.className__c|"Physics"|0x5f7c785
13:45:21.3 (24310761)|HEAP_ALLOCATE|[EXTERNAL]|Bytes:4
13:45:21.3 (24323368)|STATEMENT_EXECUTE|[10]
13:45:21.3 (24344359)|HEAP_ALLOCATE|[10]|Bytes:4
13:45:21.3 (24357289)|HEAP_ALLOCATE|[10]|Bytes:9
13:45:21.3 (24402276)|VARIABLE_ASSIGNMENT|[10]|this.className__c|"Chemistry"|0x3a9a12b8
13:45:21.3 (24450285)|HEAP_ALLOCATE|[EXTERNAL]|Bytes:4
13:45:21.3 (24462167)|STATEMENT_EXECUTE|[12]
13:45:21.3 (24553117)|DML_BEGIN|[12]|Op:Insert|Type:Class__c|Rows:4
13:45:21.3 (24633903)|HEAP_ALLOCATE|[EXTERNAL]|Bytes:20
13:45:21.3 (69649475)|DML_END|[12]
13:45:21.3 (69765517)|HEAP_ALLOCATE|[EXTERNAL]|Bytes:20
13:45:21.3 (69791133)|STATEMENT_EXECUTE|[14]
13:45:21.3 (69802335)|HEAP_ALLOCATE|[14]|Bytes:56
13:45:21.3 (69845624)|HEAP_ALLOCATE|[14]|Bytes:4
13:45:21.3 (70252647)|SOQL_EXECUTE_BEGIN|[14]|Aggregations:0|SELECT id FROM Class__c WHERE className__c = 'Chemistry'
13:45:21.3 (78214284)|SOQL_EXECUTE_END|[14]|Rows:1
13:45:21.3 (78273785)|HEAP_ALLOCATE|[14]|Bytes:8
13:45:21.3 (78302401)|HEAP_ALLOCATE|[14]|Bytes:29
13:45:21.3 (78350902)|HEAP_ALLOCATE|[14]|Bytes:8
13:45:21.3 (78376564)|HEAP_ALLOCATE|[14]|Bytes:34
13:45:21.3 (78411698)|HEAP_ALLOCATE|[14]|Bytes:8
13:45:21.3 (78429930)|VARIABLE_SCOPE_BEGIN|[14]|classMath|Class__c|true|false
13:45:21.3 (78465795)|VARIABLE_ASSIGNMENT|[14]|classMath|{"Id":"a0H0o00000fKyFtEAK"}|0x7898645a
13:45:21.3 (78478370)|STATEMENT_EXECUTE|[16]
13:45:21.3 (78562709)|HEAP_ALLOCATE|[16]|Bytes:4
13:45:21.3 (78671569)|VARIABLE_SCOPE_BEGIN|[16]|testStudent|List<Student__c>|true|false
13:45:21.3 (78689823)|HEAP_ALLOCATE|[EXTERNAL]|Bytes:4
13:45:21.3 (78706006)|VARIABLE_ASSIGNMENT|[16]|testStudent|[]|0x2a12414
13:45:21.3 (78715765)|STATEMENT_EXECUTE|[17]
13:45:21.3 (78745400)|HEAP_ALLOCATE|[17]|Bytes:4
13:45:21.3 (78846910)|HEAP_ALLOCATE|[17]|Bytes:11
13:45:21.3 (78909352)|VARIABLE_ASSIGNMENT|[17]|this.Name|"truong vy 1"|0x159188e6
13:45:21.3 (78923676)|HEAP_ALLOCATE|[18]|Bytes:4
13:45:21.3 (78973097)|VARIABLE_ASSIGNMENT|[17]|this.Namef__c|"vy 1"|0x159188e6
13:45:21.3 (78986603)|HEAP_ALLOCATE|[19]|Bytes:6
13:45:21.3 (79027651)|VARIABLE_ASSIGNMENT|[17]|this.Namel__c|"truong"|0x159188e6
13:45:21.3 (79072375)|VARIABLE_ASSIGNMENT|[17]|this.Gender__c|true|0x159188e6
13:45:21.3 (79179816)|HEAP_ALLOCATE|[21]|Bytes:4
13:45:21.3 (79260320)|VARIABLE_ASSIGNMENT|[17]|this.Birthday__c|"2011-03-21T00:00:00.000Z"|0x159188e6
13:45:21.3 (79318324)|HEAP_ALLOCATE|[17]|Bytes:28
13:45:21.3 (79327388)|HEAP_ALLOCATE|[17]|Bytes:28
13:45:21.3 (79411798)|VARIABLE_ASSIGNMENT|[17]|this.Score1__c|4|0x159188e6
13:45:21.3 (79433592)|HEAP_ALLOCATE|[17]|Bytes:28
13:45:21.3 (79440881)|HEAP_ALLOCATE|[17]|Bytes:28
13:45:21.3 (79479076)|VARIABLE_ASSIGNMENT|[17]|this.Score2__c|7|0x159188e6
13:45:21.3 (79497325)|HEAP_ALLOCATE|[17]|Bytes:28
13:45:21.3 (79504838)|HEAP_ALLOCATE|[17]|Bytes:28
13:45:21.3 (79543237)|VARIABLE_ASSIGNMENT|[17]|this.Score3__c|9|0x159188e6
13:45:21.3 (79645614)|VARIABLE_ASSIGNMENT|[17]|this.Class__c|"a0H0o00000fKyFtEAK"|0x159188e6
13:45:21.3 (79737412)|HEAP_ALLOCATE|[EXTERNAL]|Bytes:4
13:45:21.3 (79753404)|STATEMENT_EXECUTE|[27]
13:45:21.3 (79780930)|HEAP_ALLOCATE|[27]|Bytes:4
13:45:21.3 (79798242)|HEAP_ALLOCATE|[27]|Bytes:11
13:45:21.3 (79845212)|VARIABLE_ASSIGNMENT|[27]|this.Name|"truong vy 2"|0x2affb9f3
13:45:21.3 (79858626)|HEAP_ALLOCATE|[28]|Bytes:4
13:45:21.3 (79900315)|VARIABLE_ASSIGNMENT|[27]|this.Namef__c|"vy 2"|0x2affb9f3
13:45:21.3 (79941836)|VARIABLE_ASSIGNMENT|[27]|this.Namel__c|"truong"|0x2affb9f3
13:45:21.3 (79980326)|VARIABLE_ASSIGNMENT|[27]|this.Gender__c|true|0x2affb9f3
13:45:21.3 (80038955)|HEAP_ALLOCATE|[31]|Bytes:4
13:45:21.3 (80103422)|VARIABLE_ASSIGNMENT|[27]|this.Birthday__c|"2011-03-21T00:00:00.000Z"|0x2affb9f3
13:45:21.3 (80126583)|HEAP_ALLOCATE|[27]|Bytes:28
13:45:21.3 (80134668)|HEAP_ALLOCATE|[27]|Bytes:28
13:45:21.3 (80196584)|VARIABLE_ASSIGNMENT|[27]|this.Score1__c|4|0x2affb9f3
13:45:21.3 (80217102)|HEAP_ALLOCATE|[27]|Bytes:28
13:45:21.3 (80224913)|HEAP_ALLOCATE|[27]|Bytes:28
13:45:21.3 (80262878)|VARIABLE_ASSIGNMENT|[27]|this.Score2__c|7|0x2affb9f3
13:45:21.3 (80280435)|HEAP_ALLOCATE|[27]|Bytes:28
13:45:21.3 (80287072)|HEAP_ALLOCATE|[27]|Bytes:28
13:45:21.3 (80324967)|VARIABLE_ASSIGNMENT|[27]|this.Score3__c|9|0x2affb9f3
13:45:21.3 (80386082)|VARIABLE_ASSIGNMENT|[27]|this.Class__c|"a0H0o00000fKyFtEAK"|0x2affb9f3
13:45:21.3 (80467941)|HEAP_ALLOCATE|[EXTERNAL]|Bytes:4
13:45:21.3 (80482168)|STATEMENT_EXECUTE|[37]
13:45:21.3 (80508207)|HEAP_ALLOCATE|[37]|Bytes:4
13:45:21.3 (80526525)|HEAP_ALLOCATE|[37]|Bytes:11
13:45:21.3 (80569177)|VARIABLE_ASSIGNMENT|[37]|this.Name|"truong vy 3"|0x1631befd
13:45:21.3 (80580851)|HEAP_ALLOCATE|[38]|Bytes:4
13:45:21.3 (80620228)|VARIABLE_ASSIGNMENT|[37]|this.Namef__c|"vy 3"|0x1631befd
13:45:21.3 (80659704)|VARIABLE_ASSIGNMENT|[37]|this.Namel__c|"truong"|0x1631befd
13:45:21.3 (80705607)|VARIABLE_ASSIGNMENT|[37]|this.Gender__c|true|0x1631befd
13:45:21.3 (80761626)|HEAP_ALLOCATE|[41]|Bytes:4
13:45:21.3 (80825048)|VARIABLE_ASSIGNMENT|[37]|this.Birthday__c|"2011-03-21T00:00:00.000Z"|0x1631befd
13:45:21.3 (80847127)|HEAP_ALLOCATE|[37]|Bytes:28
13:45:21.3 (80854865)|HEAP_ALLOCATE|[37]|Bytes:28
13:45:21.3 (80894066)|VARIABLE_ASSIGNMENT|[37]|this.Score1__c|4|0x1631befd
13:45:21.3 (80912475)|HEAP_ALLOCATE|[37]|Bytes:28
13:45:21.3 (80919415)|HEAP_ALLOCATE|[37]|Bytes:28
13:45:21.3 (80955043)|VARIABLE_ASSIGNMENT|[37]|this.Score2__c|7|0x1631befd
13:45:21.3 (80972770)|HEAP_ALLOCATE|[37]|Bytes:28
13:45:21.3 (80979717)|HEAP_ALLOCATE|[37]|Bytes:28
13:45:21.3 (81016274)|VARIABLE_ASSIGNMENT|[37]|this.Score3__c|9|0x1631befd
13:45:21.3 (81077097)|VARIABLE_ASSIGNMENT|[37]|this.Class__c|"a0H0o00000fKyFtEAK"|0x1631befd
13:45:21.3 (81134212)|HEAP_ALLOCATE|[EXTERNAL]|Bytes:4
13:45:21.3 (81148224)|STATEMENT_EXECUTE|[47]
13:45:21.3 (81173377)|HEAP_ALLOCATE|[47]|Bytes:4
13:45:21.3 (81189355)|HEAP_ALLOCATE|[47]|Bytes:11
13:45:21.3 (81231503)|VARIABLE_ASSIGNMENT|[47]|this.Name|"truong vy 4"|0x1056533c
13:45:21.3 (81243983)|HEAP_ALLOCATE|[48]|Bytes:4
13:45:21.3 (81279299)|VARIABLE_ASSIGNMENT|[47]|this.Namef__c|"vy 4"|0x1056533c
13:45:21.3 (81316653)|VARIABLE_ASSIGNMENT|[47]|this.Namel__c|"truong"|0x1056533c
13:45:21.3 (81355940)|VARIABLE_ASSIGNMENT|[47]|this.Gender__c|true|0x1056533c
13:45:21.3 (81409938)|HEAP_ALLOCATE|[51]|Bytes:4
13:45:21.3 (81469903)|VARIABLE_ASSIGNMENT|[47]|this.Birthday__c|"2011-03-21T00:00:00.000Z"|0x1056533c
13:45:21.3 (81491348)|HEAP_ALLOCATE|[47]|Bytes:28
13:45:21.3 (81498823)|HEAP_ALLOCATE|[47]|Bytes:28
13:45:21.3 (81537050)|VARIABLE_ASSIGNMENT|[47]|this.Score1__c|4|0x1056533c
13:45:21.3 (81555021)|HEAP_ALLOCATE|[47]|Bytes:28
13:45:21.3 (81562041)|HEAP_ALLOCATE|[47]|Bytes:28
13:45:21.3 (81597054)|VARIABLE_ASSIGNMENT|[47]|this.Score2__c|7|0x1056533c
13:45:21.3 (81614503)|HEAP_ALLOCATE|[47]|Bytes:28
13:45:21.3 (81621860)|HEAP_ALLOCATE|[47]|Bytes:28
13:45:21.3 (81658178)|VARIABLE_ASSIGNMENT|[47]|this.Score3__c|0|0x1056533c
13:45:21.3 (81726738)|VARIABLE_ASSIGNMENT|[47]|this.Class__c|"a0H0o00000fKyFtEAK"|0x1056533c
13:45:21.3 (81782756)|HEAP_ALLOCATE|[EXTERNAL]|Bytes:4
13:45:21.3 (81796524)|STATEMENT_EXECUTE|[57]
13:45:21.3 (81822244)|HEAP_ALLOCATE|[57]|Bytes:4
13:45:21.3 (81838531)|HEAP_ALLOCATE|[57]|Bytes:11
13:45:21.3 (81895487)|VARIABLE_ASSIGNMENT|[57]|this.Name|"truong vy 5"|0x48e0fa59
13:45:21.3 (81907882)|HEAP_ALLOCATE|[58]|Bytes:4
13:45:21.3 (81945550)|VARIABLE_ASSIGNMENT|[57]|this.Namef__c|"vy 5"|0x48e0fa59
13:45:21.3 (81984824)|VARIABLE_ASSIGNMENT|[57]|this.Namel__c|"truong"|0x48e0fa59
13:45:21.3 (82024013)|VARIABLE_ASSIGNMENT|[57]|this.Gender__c|true|0x48e0fa59
13:45:21.3 (82079945)|HEAP_ALLOCATE|[61]|Bytes:4
13:45:21.3 (82140393)|VARIABLE_ASSIGNMENT|[57]|this.Birthday__c|"2011-03-21T00:00:00.000Z"|0x48e0fa59
13:45:21.3 (82161607)|HEAP_ALLOCATE|[57]|Bytes:28
13:45:21.3 (82169128)|HEAP_ALLOCATE|[57]|Bytes:28
13:45:21.3 (82206262)|VARIABLE_ASSIGNMENT|[57]|this.Score1__c|4|0x48e0fa59
13:45:21.3 (82224514)|HEAP_ALLOCATE|[57]|Bytes:28
13:45:21.3 (82231244)|HEAP_ALLOCATE|[57]|Bytes:28
13:45:21.3 (82266963)|VARIABLE_ASSIGNMENT|[57]|this.Score2__c|0|0x48e0fa59
13:45:21.3 (82286072)|HEAP_ALLOCATE|[57]|Bytes:28
13:45:21.3 (82293039)|HEAP_ALLOCATE|[57]|Bytes:28
13:45:21.3 (82334452)|VARIABLE_ASSIGNMENT|[57]|this.Score3__c|9|0x48e0fa59
13:45:21.3 (82417688)|VARIABLE_ASSIGNMENT|[57]|this.Class__c|"a0H0o00000fKyFtEAK"|0x48e0fa59
13:45:21.3 (82476376)|HEAP_ALLOCATE|[EXTERNAL]|Bytes:4
13:45:21.3 (82490070)|STATEMENT_EXECUTE|[66]
13:45:21.3 (82553393)|DML_BEGIN|[66]|Op:Insert|Type:Student__c|Rows:5
13:45:21.3 (82621656)|HEAP_ALLOCATE|[EXTERNAL]|Bytes:24
13:45:21.3 (88195049)|CODE_UNIT_STARTED|[EXTERNAL]|01q0o000000jKrN|triggerStudent on Student trigger event BeforeInsert|__sfdc_trigger/triggerStudent
13:45:21.3 (88275270)|HEAP_ALLOCATE|[EXTERNAL]|Bytes:24
13:45:21.3 (91319217)|HEAP_ALLOCATE|[EXTERNAL]|Bytes:8
13:45:21.3 (91351064)|VARIABLE_SCOPE_BEGIN|[1]|this|triggerStudent|true|false
13:45:21.3 (91480564)|VARIABLE_ASSIGNMENT|[1]|this|{}|0xfd28396
13:45:21.3 (91626005)|HEAP_ALLOCATE|[EXTERNAL]|Bytes:8
13:45:21.3 (91715177)|VARIABLE_SCOPE_BEGIN|[1]|this|triggerStudent|true|false
13:45:21.3 (91746443)|VARIABLE_ASSIGNMENT|[1]|this|{}|0xfd28396
13:45:21.3 (91761373)|STATEMENT_EXECUTE|[1]
13:45:21.3 (91764524)|STATEMENT_EXECUTE|[3]
13:45:21.3 (91774624)|HEAP_ALLOCATE|[3]|Bytes:15
13:45:21.3 (91788515)|HEAP_ALLOCATE|[3]|Bytes:20
13:45:21.3 (91795313)|HEAP_ALLOCATE|[3]|Bytes:10
13:45:21.3 (91844393)|METHOD_ENTRY|[1]|01p0o00000GMOB6|TriggerHandle.TriggerHandle()
13:45:21.3 (91854893)|STATEMENT_EXECUTE|[1]
13:45:21.3 (91860234)|STATEMENT_EXECUTE|[1]
13:45:21.3 (92348196)|SYSTEM_MODE_ENTER|false
13:45:21.3 (92373353)|HEAP_ALLOCATE|[3]|Bytes:5
13:45:21.3 (92382695)|STATEMENT_EXECUTE|[231]
13:45:21.3 (92390701)|SYSTEM_MODE_EXIT|false
13:45:21.3 (92407828)|METHOD_EXIT|[1]|TriggerHandle
13:45:21.3 (92426517)|HEAP_ALLOCATE|[3]|Bytes:4
13:45:21.3 (92446052)|CONSTRUCTOR_ENTRY|[3]|01p0o00000GMOB6|<init>()|TriggerHandle
13:45:21.3 (92481012)|VARIABLE_SCOPE_BEGIN|[3]|this|TriggerHandle|true|false
13:45:21.3 (92510802)|VARIABLE_ASSIGNMENT|[3]|this|{}|0x1315ddde
13:45:21.3 (92530583)|SYSTEM_MODE_ENTER|false
13:45:21.3 (92539919)|HEAP_ALLOCATE|[EXTERNAL]|Bytes:5
13:45:21.3 (92547245)|STATEMENT_EXECUTE|[1]
13:45:21.3 (92552373)|HEAP_ALLOCATE|[EXTERNAL]|Bytes:5
13:45:21.3 (92566852)|HEAP_ALLOCATE|[EXTERNAL]|Bytes:6
13:45:21.3 (98408139)|STATEMENT_EXECUTE|[3]
13:45:21.3 (98423701)|SYSTEM_MODE_EXIT|false
13:45:21.3 (98452745)|CONSTRUCTOR_EXIT|[3]|01p0o00000GMOB6|<init>()|TriggerHandle
13:45:21.3 (98533342)|VARIABLE_ASSIGNMENT|[3]|this.handle|0x1315ddde|0xfd28396
13:45:21.3 (98557979)|STATEMENT_EXECUTE|[5]
13:45:21.3 (98567025)|STATEMENT_EXECUTE|[10]
13:45:21.3 (98569512)|STATEMENT_EXECUTE|[11]
13:45:21.3 (98678809)|METHOD_ENTRY|[11]|01p0o00000GMOB6|TriggerHandle.onBeforeInsert(List<Student__c>)
13:45:21.3 (98733197)|VARIABLE_SCOPE_BEGIN|[5]|this|TriggerHandle|true|false
13:45:21.3 (98770278)|VARIABLE_ASSIGNMENT|[5]|this|{}|0x1315ddde
13:45:21.3 (98781113)|VARIABLE_SCOPE_BEGIN|[5]|newStudentList|List<Student__c>|true|false
13:45:21.3 (105251406)|VARIABLE_ASSIGNMENT|[5]|newStudentList|[{"AverageScore__c":6.67,"IsDeleted":false,"Score1__c":4.00,"Score2__c":7.00,"Birthday__c":"2011-03-21T00:00:00.000Z","Namel__c":"truong","Gender__c":true,"Score3__c":9.00,"Class__c":"a0H0o00000fKyFtEAK","State__c":"Passed","Name":"truong vy 1","Namef__c":"vy 1"},{"AverageScore__c":6.67,"IsDeleted":false,"Score1__c":4.00,"Score2__c":7.00,"Birthday__c":"2011-03-21T00:00:00.000Z","Namel__c":"truong","Gender__c":true,"Score3__c":9.00,"Class__c":"a0H0o00000fKyFtEAK","State__c":"Passed","Name":"truong vy 2","Namef__c":"vy 2"},{"AverageScore__c":6.67,"IsDeleted":false,"Score1__c":4.00,"Score2__c":7.00,"Birthday__c":"2011-03-21T00:00:00.000Z","Namel__c":"truong","Gender__c":true,"Score3__c":9.00,"Class__c":"a0H0o00000fKyFtEAK","State__c":"Passed","Name":"truong vy 3","Namef__c":"vy 3"},{"AverageScore__c":3.67,"IsDeleted":false,"Score1__c":4.00,"Score2__c":7.00,"Birthday__c":"2011-03-21T00:00:00.000Z","Namel__c":"truong","Gender__c":true,"Score3__c":0.00,"Class__c":"a0H0o00000fKyFtEAK","State__c":"Failed","Name":"truong vy 4","Namef__c":"vy 4"},{"AverageScore__c":4.33,"IsDeleted":false,"Score1__c":4.00,"Score2__c":0.00,"Birthday__c":"2011-03-21T00:00:00.000Z","Namel__c":"truong","Gender__c":true,"Score3__c":9.00,"Class__c":"a0H0o00000fKyFtEAK","State__c":"Failed","Name":"truong vy 5","Namef__c":"vy 5"}]|0x90c1ca3
13:45:21.3 (105322583)|SYSTEM_MODE_ENTER|false
13:45:21.3 (105339495)|HEAP_ALLOCATE|[7]|Bytes:5
13:45:21.3 (105352359)|STATEMENT_EXECUTE|[6]
13:45:21.3 (105355574)|STATEMENT_EXECUTE|[7]
13:45:21.3 (105357702)|STATEMENT_EXECUTE|[8]
13:45:21.3 (105658399)|HEAP_ALLOCATE|[9]|Bytes:5
13:45:21.3 (105727118)|HEAP_ALLOCATE|[9]|Bytes:4
13:45:21.3 (105745317)|VARIABLE_SCOPE_BEGIN|[9]|s|Student__c|true|false
13:45:21.3 (106333313)|VARIABLE_ASSIGNMENT|[9]|s|{"AverageScore__c":6.67,"IsDeleted":false,"Score1__c":4.00,"Score2__c":7.00,"Birthday__c":"2011-03-21T00:00:00.000Z","Namel__c":"truong","Gender__c":true,"Score3__c":9.00,"Class__c":"a0H0o00000fKyFtEAK","State__c":"Passed","Name":"truong vy 1","Namef__c":"vy 1"}|0x786fb5d5
13:45:21.3 (106352468)|STATEMENT_EXECUTE|[10]
13:45:21.3 (106416551)|HEAP_ALLOCATE|[12]|Bytes:28
13:45:21.3 (106566040)|HEAP_ALLOCATE|[16]|Bytes:28
13:45:21.3 (106674342)|HEAP_ALLOCATE|[20]|Bytes:28
13:45:21.3 (106764556)|STATEMENT_EXECUTE|[29]
13:45:21.3 (106768158)|STATEMENT_EXECUTE|[31]
13:45:21.3 (106818786)|HEAP_ALLOCATE|[31]|Bytes:4
13:45:21.3 (106864096)|VARIABLE_SCOPE_BEGIN|[31]|age|Integer|false|false
13:45:21.3 (106879054)|HEAP_ALLOCATE|[31]|Bytes:4
13:45:21.3 (106891639)|VARIABLE_ASSIGNMENT|[31]|age|-8
13:45:21.3 (106905767)|STATEMENT_EXECUTE|[32]
13:45:21.3 (106922260)|HEAP_ALLOCATE|[9]|Bytes:5
13:45:21.3 (106942428)|HEAP_ALLOCATE|[9]|Bytes:4
13:45:21.3 (106955230)|VARIABLE_SCOPE_BEGIN|[9]|s|Student__c|true|false
13:45:21.3 (107456994)|VARIABLE_ASSIGNMENT|[9]|s|{"AverageScore__c":6.67,"IsDeleted":false,"Score1__c":4.00,"Score2__c":7.00,"Birthday__c":"2011-03-21T00:00:00.000Z","Namel__c":"truong","Gender__c":true,"Score3__c":9.00,"Class__c":"a0H0o00000fKyFtEAK","State__c":"Passed","Name":"truong vy 2","Namef__c":"vy 2"}|0x5f380b5d
13:45:21.3 (107473500)|STATEMENT_EXECUTE|[10]
13:45:21.3 (107491077)|HEAP_ALLOCATE|[12]|Bytes:28
13:45:21.3 (107539232)|HEAP_ALLOCATE|[16]|Bytes:28
13:45:21.3 (107576607)|HEAP_ALLOCATE|[20]|Bytes:28
13:45:21.3 (107608515)|STATEMENT_EXECUTE|[29]
13:45:21.3 (107611457)|STATEMENT_EXECUTE|[31]
13:45:21.3 (107629224)|HEAP_ALLOCATE|[31]|Bytes:4
13:45:21.3 (107659601)|VARIABLE_SCOPE_BEGIN|[31]|age|Integer|false|false
13:45:21.3 (107678831)|HEAP_ALLOCATE|[31]|Bytes:4
13:45:21.3 (107689916)|VARIABLE_ASSIGNMENT|[31]|age|-8
13:45:21.3 (107701549)|STATEMENT_EXECUTE|[32]
13:45:21.3 (107717285)|HEAP_ALLOCATE|[9]|Bytes:5
13:45:21.3 (107739410)|HEAP_ALLOCATE|[9]|Bytes:4
13:45:21.3 (107751727)|VARIABLE_SCOPE_BEGIN|[9]|s|Student__c|true|false
13:45:21.3 (108250945)|VARIABLE_ASSIGNMENT|[9]|s|{"AverageScore__c":6.67,"IsDeleted":false,"Score1__c":4.00,"Score2__c":7.00,"Birthday__c":"2011-03-21T00:00:00.000Z","Namel__c":"truong","Gender__c":true,"Score3__c":9.00,"Class__c":"a0H0o00000fKyFtEAK","State__c":"Passed","Name":"truong vy 3","Namef__c":"vy 3"}|0x77d5da33
13:45:21.3 (108267593)|STATEMENT_EXECUTE|[10]
13:45:21.3 (108285169)|HEAP_ALLOCATE|[12]|Bytes:28
13:45:21.3 (108332148)|HEAP_ALLOCATE|[16]|Bytes:28
13:45:21.3 (108369382)|HEAP_ALLOCATE|[20]|Bytes:28
13:45:21.3 (108402051)|STATEMENT_EXECUTE|[29]
13:45:21.3 (108405585)|STATEMENT_EXECUTE|[31]
13:45:21.3 (108422655)|HEAP_ALLOCATE|[31]|Bytes:4
13:45:21.3 (108452971)|VARIABLE_SCOPE_BEGIN|[31]|age|Integer|false|false
13:45:21.3 (108465265)|HEAP_ALLOCATE|[31]|Bytes:4
13:45:21.3 (108475838)|VARIABLE_ASSIGNMENT|[31]|age|-8
13:45:21.3 (108486548)|STATEMENT_EXECUTE|[32]
13:45:21.3 (108500750)|HEAP_ALLOCATE|[9]|Bytes:5
13:45:21.3 (108520671)|HEAP_ALLOCATE|[9]|Bytes:4
13:45:21.3 (108534875)|VARIABLE_SCOPE_BEGIN|[9]|s|Student__c|true|false
13:45:21.3 (109044563)|VARIABLE_ASSIGNMENT|[9]|s|{"AverageScore__c":3.67,"IsDeleted":false,"Score1__c":4.00,"Score2__c":7.00,"Birthday__c":"2011-03-21T00:00:00.000Z","Namel__c":"truong","Gender__c":true,"Score3__c":0.00,"Class__c":"a0H0o00000fKyFtEAK","State__c":"Failed","Name":"truong vy 4","Namef__c":"vy 4"}|0x2b85a805
13:45:21.3 (109060717)|STATEMENT_EXECUTE|[10]
13:45:21.3 (109078607)|HEAP_ALLOCATE|[12]|Bytes:28
13:45:21.3 (109127033)|HEAP_ALLOCATE|[16]|Bytes:28
13:45:21.3 (109168511)|HEAP_ALLOCATE|[20]|Bytes:28
13:45:21.3 (109179558)|HEAP_ALLOCATE|[20]|Bytes:28
13:45:21.3 (109215318)|STATEMENT_EXECUTE|[29]
13:45:21.3 (109218478)|STATEMENT_EXECUTE|[31]
13:45:21.3 (109235466)|HEAP_ALLOCATE|[31]|Bytes:4
13:45:21.3 (109265926)|VARIABLE_SCOPE_BEGIN|[31]|age|Integer|false|false
13:45:21.3 (109278123)|HEAP_ALLOCATE|[31]|Bytes:4
13:45:21.3 (109288123)|VARIABLE_ASSIGNMENT|[31]|age|-8
13:45:21.3 (109298671)|STATEMENT_EXECUTE|[32]
13:45:21.3 (109313239)|HEAP_ALLOCATE|[9]|Bytes:5
13:45:21.3 (109332320)|HEAP_ALLOCATE|[9]|Bytes:4
13:45:21.3 (109343884)|VARIABLE_SCOPE_BEGIN|[9]|s|Student__c|true|false
13:45:21.3 (109850063)|VARIABLE_ASSIGNMENT|[9]|s|{"AverageScore__c":4.33,"IsDeleted":false,"Score1__c":4.00,"Score2__c":0.00,"Birthday__c":"2011-03-21T00:00:00.000Z","Namel__c":"truong","Gender__c":true,"Score3__c":9.00,"Class__c":"a0H0o00000fKyFtEAK","State__c":"Failed","Name":"truong vy 5","Namef__c":"vy 5"}|0x51e6a023
13:45:21.3 (109867011)|STATEMENT_EXECUTE|[10]
13:45:21.3 (109884447)|HEAP_ALLOCATE|[12]|Bytes:28
13:45:21.3 (109931483)|HEAP_ALLOCATE|[16]|Bytes:28
13:45:21.3 (109943513)|HEAP_ALLOCATE|[16]|Bytes:28
13:45:21.3 (109980356)|HEAP_ALLOCATE|[20]|Bytes:28
13:45:21.3 (110013589)|STATEMENT_EXECUTE|[29]
13:45:21.3 (110017222)|STATEMENT_EXECUTE|[31]
13:45:21.3 (110034790)|HEAP_ALLOCATE|[31]|Bytes:4
13:45:21.3 (110071283)|VARIABLE_SCOPE_BEGIN|[31]|age|Integer|false|false
13:45:21.3 (110083493)|HEAP_ALLOCATE|[31]|Bytes:4
13:45:21.3 (110094555)|VARIABLE_ASSIGNMENT|[31]|age|-8
13:45:21.3 (110104875)|STATEMENT_EXECUTE|[32]
13:45:21.3 (110120019)|HEAP_ALLOCATE|[9]|Bytes:5
13:45:21.3 (110138928)|VARIABLE_ASSIGNMENT|[9]|s|null|
13:45:21.3 (110152011)|SYSTEM_MODE_EXIT|false
13:45:21.3 (110169080)|METHOD_EXIT|[11]|01p0o00000GMOB6|TriggerHandle.onBeforeInsert(List<Student__c>)
13:45:21.110 (110222912)|CUMULATIVE_LIMIT_USAGE
13:45:21.110 (110222912)|LIMIT_USAGE_FOR_NS|(default)|
  Number of SOQL queries: 1 out of 100
  Number of query rows: 1 out of 50000
  Number of SOSL queries: 0 out of 20
  Number of DML statements: 2 out of 150
  Number of DML rows: 9 out of 10000
  Maximum CPU time: 0 out of 10000
  Maximum heap size: 0 out of 6000000
  Number of callouts: 0 out of 100
  Number of Email Invocations: 0 out of 10
  Number of future calls: 0 out of 50
  Number of queueable jobs added to the queue: 0 out of 50
  Number of Mobile Apex push calls: 0 out of 10

13:45:21.110 (110222912)|CUMULATIVE_LIMIT_USAGE_END

13:45:21.3 (111759556)|CODE_UNIT_FINISHED|triggerStudent on Student trigger event BeforeInsert|__sfdc_trigger/triggerStudent
13:45:21.3 (143634765)|CODE_UNIT_STARTED|[EXTERNAL]|01q0o000000jKrN|triggerStudent on Student trigger event AfterInsert|__sfdc_trigger/triggerStudent
13:45:21.3 (143713724)|HEAP_ALLOCATE|[EXTERNAL]|Bytes:24
13:45:21.3 (143887397)|HEAP_ALLOCATE|[EXTERNAL]|Bytes:8
13:45:21.3 (143904174)|VARIABLE_SCOPE_BEGIN|[1]|this|triggerStudent|true|false
13:45:21.3 (143951916)|VARIABLE_ASSIGNMENT|[1]|this|{}|0x2b0c462f
13:45:21.3 (144012979)|HEAP_ALLOCATE|[EXTERNAL]|Bytes:8
13:45:21.3 (144026191)|VARIABLE_SCOPE_BEGIN|[1]|this|triggerStudent|true|false
13:45:21.3 (144050286)|VARIABLE_ASSIGNMENT|[1]|this|{}|0x2b0c462f
13:45:21.3 (144065793)|STATEMENT_EXECUTE|[1]
13:45:21.3 (144069332)|STATEMENT_EXECUTE|[3]
13:45:21.3 (144075391)|HEAP_ALLOCATE|[3]|Bytes:4
13:45:21.3 (144094682)|CONSTRUCTOR_ENTRY|[3]|01p0o00000GMOB6|<init>()|TriggerHandle
13:45:21.3 (144109959)|VARIABLE_SCOPE_BEGIN|[3]|this|TriggerHandle|true|false
13:45:21.3 (144133396)|VARIABLE_ASSIGNMENT|[3]|this|{}|0x4fef5c3e
13:45:21.3 (144616058)|SYSTEM_MODE_ENTER|false
13:45:21.3 (144632583)|HEAP_ALLOCATE|[EXTERNAL]|Bytes:5
13:45:21.3 (144641659)|STATEMENT_EXECUTE|[1]
13:45:21.3 (144648797)|HEAP_ALLOCATE|[EXTERNAL]|Bytes:5
13:45:21.3 (144693502)|STATEMENT_EXECUTE|[3]
13:45:21.3 (144699604)|SYSTEM_MODE_EXIT|false
13:45:21.3 (144713758)|CONSTRUCTOR_EXIT|[3]|01p0o00000GMOB6|<init>()|TriggerHandle
13:45:21.3 (144743882)|VARIABLE_ASSIGNMENT|[3]|this.handle|0x4fef5c3e|0x2b0c462f
13:45:21.3 (144759776)|STATEMENT_EXECUTE|[15]
13:45:21.3 (144770776)|STATEMENT_EXECUTE|[19]
13:45:21.3 (144773346)|STATEMENT_EXECUTE|[20]
13:45:21.3 (144837575)|METHOD_ENTRY|[20]|01p0o00000GMOB6|TriggerHandle.onAfterInsert(List<Student__c>)
13:45:21.3 (144881791)|VARIABLE_SCOPE_BEGIN|[44]|this|TriggerHandle|true|false
13:45:21.3 (144909755)|VARIABLE_ASSIGNMENT|[44]|this|{}|0x4fef5c3e
13:45:21.3 (144922470)|VARIABLE_SCOPE_BEGIN|[44]|newStudentList|List<Student__c>|true|false
13:45:21.3 (150511863)|VARIABLE_ASSIGNMENT|[44]|newStudentList|[{"LastModifiedDate":"2019-06-18T06:45:21.000Z","StudentId__c":"HS100151","IsDeleted":false,"Score1__c":4.00,"Score2__c":7.00,"Gender__c":true,"Score3__c":9.00,"Class__c":"a0H0o00000fKyFtEAK","Name":"truong vy 1","SystemModstamp":"2019-06-18T06:45:21.000Z","AverageScore__c":6.67,"CreatedById":"0050o00000WkyGGAAZ","Birthday__c":"2011-03-21T00:00:00.000Z","Namel__c":"truong","CreatedDate":"2019-06-18T06:45:21.000Z","Id":"a0I0o000019bcdsEAA","LastModifiedById":"0050o00000WkyGGAAZ","State__c":"Passed","Namef__c":"vy 1"},{"LastModifiedDate":"2019-06-18T06:45:21.000Z","StudentId__c":"HS100152","IsDeleted":false,"Score1__c":4.00,"Score2__c":7.00,"Gender__c":true,"Score3__c":9.00,"Class__c":"a0H0o00000fKyFtEAK","Name":"truong vy 2","SystemModstamp":"2019-06-18T06:45:21.000Z","AverageScore__c":6.67,"CreatedById":"0050o00000WkyGGAAZ","Birthday__c":"2011-03-21T00:00:00.000Z","Namel__c":"truong","CreatedDate":"2019-06-18T06:45:21.000Z","Id":"a0I0o000019bcdtEAA","LastModifiedById":"0050o00000WkyGGAAZ","State__c":"Passed","Namef__c":"vy 2"},{"LastModifiedDate":"2019-06-18T06:45:21.000Z","StudentId__c":"HS100153","IsDeleted":false,"Score1__c":4.00,"Score2__c":7.00,"Gender__c":true,"Score3__c":9.00,"Class__c":"a0H0o00000fKyFtEAK","Name":"truong vy 3","SystemModstamp":"2019-06-18T06:45:21.000Z","AverageScore__c":6.67,"CreatedById":"0050o00000WkyGGAAZ","Birthday__c":"2011-03-21T00:00:00.000Z","Namel__c":"truong","CreatedDate":"2019-06-18T06:45:21.000Z","Id":"a0I0o000019bcduEAA","LastModifiedById":"0050o00000WkyGGAAZ","State__c":"Passed","Namef__c":"vy 3"},{"LastModifiedDate":"2019-06-18T06:45:21.000Z","StudentId__c":"HS100154","IsDeleted":false,"Score1__c":4.00,"Score2__c":7.00,"Gender__c":true,"Score3__c":0.00,"Class__c":"a0H0o00000fKyFtEAK","Name":"truong vy 4","SystemModstamp":"2019-06-18T06:45:21.000Z","AverageScore__c":3.67,"CreatedById":"0050o00000WkyGGAAZ","Birthday__c":"2011-03-21T00:00:00.000Z","Namel__c":"truong","CreatedDate":"2019-06-18T06:45:21.000Z","Id":"a0I0o000019bcdvEAA","LastModifiedById":"0050o00000WkyGGAAZ","State__c":"Failed","Namef__c":"vy 4"},{"LastModifiedDate":"2019-06-18T06:45:21.000Z","StudentId__c":"HS100155","IsDeleted":false,"Score1__c":4.00,"Score2__c":0.00,"Gender__c":true,"Score3__c":9.00,"Class__c":"a0H0o00000fKyFtEAK","Name":"truong vy 5","SystemModstamp":"2019-06-18T06:45:21.000Z","AverageScore__c":4.33,"CreatedById":"0050o00000WkyGGAAZ","Birthday__c":"2011-03-21T00:00:00.000Z","Namel__c":"truong","CreatedDate":"2019-06-18T06:45:21.000Z","Id":"a0I0o000019bcdwEAA","LastModifiedById":"0050o00000WkyGGAAZ","State__c":"Failed","Namef__c":"vy 5"}]|0x3f2024d5
13:45:21.3 (150607389)|SYSTEM_MODE_ENTER|false
13:45:21.3 (150624911)|HEAP_ALLOCATE|[46]|Bytes:5
13:45:21.3 (150638088)|STATEMENT_EXECUTE|[45]
13:45:21.3 (150641431)|STATEMENT_EXECUTE|[46]
13:45:21.3 (150668553)|VARIABLE_SCOPE_BEGIN|[46]|sp|System.Savepoint|true|false
13:45:21.3 (150695254)|VARIABLE_ASSIGNMENT|[46]|sp|null|
13:45:21.3 (150702394)|STATEMENT_EXECUTE|[47]
13:45:21.3 (150704927)|STATEMENT_EXECUTE|[48]
13:45:21.3 (150706915)|STATEMENT_EXECUTE|[49]
13:45:21.3 (154371398)|USER_DEBUG|[49]|DEBUG|(Student__c:{Id=a0I0o000019bcdsEAA, IsDeleted=false, Name=truong vy 1, CreatedDate=2019-06-18 06:45:21, CreatedById=0050o00000WkyGGAAZ, LastModifiedDate=2019-06-18 06:45:21, LastModifiedById=0050o00000WkyGGAAZ, SystemModstamp=2019-06-18 06:45:21, StudentId__c=HS100151, Namef__c=vy 1, Namel__c=truong, Birthday__c=2011-03-21 00:00:00, Gender__c=true, Score1__c=4.00, Score2__c=7.00, Score3__c=9.00, AverageScore__c=6.67, State__c=Passed, StudentCode__c=null, Class__c=a0H0o00000fKyFtEAK}, Student__c:{Id=a0I0o000019bcdtEAA, IsDeleted=false, Name=truong vy 2, CreatedDate=2019-06-18 06:45:21, CreatedById=0050o00000WkyGGAAZ, LastModifiedDate=2019-06-18 06:45:21, LastModifiedById=0050o00000WkyGGAAZ, SystemModstamp=2019-06-18 06:45:21, StudentId__c=HS100152, Namef__c=vy 2, Namel__c=truong, Birthday__c=2011-03-21 00:00:00, Gender__c=true, Score1__c=4.00, Score2__c=7.00, Score3__c=9.00, AverageScore__c=6.67, State__c=Passed, StudentCode__c=null, Class__c=a0H0o00000fKyFtEAK}, Student__c:{Id=a0I0o000019bcduEAA, IsDeleted=false, Name=truong vy 3, CreatedDate=2019-06-18 06:45:21, CreatedById=0050o00000WkyGGAAZ, LastModifiedDate=2019-06-18 06:45:21, LastModifiedById=0050o00000WkyGGAAZ, SystemModstamp=2019-06-18 06:45:21, StudentId__c=HS100153, Namef__c=vy 3, Namel__c=truong, Birthday__c=2011-03-21 00:00:00, Gender__c=true, Score1__c=4.00, Score2__c=7.00, Score3__c=9.00, AverageScore__c=6.67, State__c=Passed, StudentCode__c=null, Class__c=a0H0o00000fKyFtEAK}, Student__c:{Id=a0I0o000019bcdvEAA, IsDeleted=false, Name=truong vy 4, CreatedDate=2019-06-18 06:45:21, CreatedById=0050o00000WkyGGAAZ, LastModifiedDate=2019-06-18 06:45:21, LastModifiedById=0050o00000WkyGGAAZ, SystemModstamp=2019-06-18 06:45:21, StudentId__c=HS100154, Namef__c=vy 4, Namel__c=truong, Birthday__c=2011-03-21 00:00:00, Gender__c=true, Score1__c=4.00, Score2__c=7.00, Score3__c=0.00, AverageScore__c=3.67, State__c=Failed, StudentCode__c=null, Class__c=a0H0o00000fKyFtEAK}, Student__c:{Id=a0I0o000019bcdwEAA, IsDeleted=false, Name=truong vy 5, CreatedDate=2019-06-18 06:45:21, CreatedById=0050o00000WkyGGAAZ, LastModifiedDate=2019-06-18 06:45:21, LastModifiedById=0050o00000WkyGGAAZ, SystemModstamp=2019-06-18 06:45:21, StudentId__c=HS100155, Namef__c=vy 5, Namel__c=truong, Birthday__c=2011-03-21 00:00:00, Gender__c=true, Score1__c=4.00, Score2__c=0.00, Score3__c=9.00, AverageScore__c=4.33, State__c=Failed, StudentCode__c=null, Class__c=a0H0o00000fKyFtEAK})
13:45:21.3 (154446409)|STATEMENT_EXECUTE|[50]
13:45:21.3 (154779460)|SAVEPOINT_SET|[50]|SavepointValue0
13:45:21.3 (154802803)|HEAP_ALLOCATE|[50]|Bytes:16
13:45:21.3 (155195254)|VARIABLE_ASSIGNMENT|[50]|sp|"common.apex.runtime.impl.ApexUserSavepoint@76542020"|0x76542020
13:45:21.3 (155210554)|STATEMENT_EXECUTE|[51]
13:45:21.3 (155219677)|HEAP_ALLOCATE|[51]|Bytes:6
13:45:21.3 (155260454)|METHOD_ENTRY|[51]|01p0o00000GMOB6|TriggerHandle.executeNOStudentsUpdate(List<Student__c>, String)
13:45:21.3 (155311559)|VARIABLE_SCOPE_BEGIN|[191]|this|TriggerHandle|true|false
13:45:21.3 (155351389)|VARIABLE_ASSIGNMENT|[191]|this|{}|0x4fef5c3e
13:45:21.3 (155364306)|VARIABLE_SCOPE_BEGIN|[191]|studentList|List<Student__c>|true|false
13:45:21.3 (157576261)|VARIABLE_ASSIGNMENT|[191]|studentList|[{"LastModifiedDate":"2019-06-18T06:45:21.000Z","StudentId__c":"HS100151","IsDeleted":false,"Score1__c":4.00,"Score2__c":7.00,"Gender__c":true,"Score3__c":9.00,"Class__c":"a0H0o00000fKyFtEAK","Name":"truong vy 1","SystemModstamp":"2019-06-18T06:45:21.000Z","AverageScore__c":6.67,"CreatedById":"0050o00000WkyGGAAZ","Birthday__c":"2011-03-21T00:00:00.000Z","Namel__c":"truong","CreatedDate":"2019-06-18T06:45:21.000Z","Id":"a0I0o000019bcdsEAA","LastModifiedById":"0050o00000WkyGGAAZ","State__c":"Passed","Namef__c":"vy 1"},{"LastModifiedDate":"2019-06-18T06:45:21.000Z","StudentId__c":"HS100152","IsDeleted":false,"Score1__c":4.00,"Score2__c":7.00,"Gender__c":true,"Score3__c":9.00,"Class__c":"a0H0o00000fKyFtEAK","Name":"truong vy 2","SystemModstamp":"2019-06-18T06:45:21.000Z","AverageScore__c":6.67,"CreatedById":"0050o00000WkyGGAAZ","Birthday__c":"2011-03-21T00:00:00.000Z","Namel__c":"truong","CreatedDate":"2019-06-18T06:45:21.000Z","Id":"a0I0o000019bcdtEAA","LastModifiedById":"0050o00000WkyGGAAZ","State__c":"Passed","Namef__c":"vy 2"},{"LastModifiedDate":"2019-06-18T06:45:21.000Z","StudentId__c":"HS100153","IsDeleted":false,"Score1__c":4.00,"Score2__c":7.00,"Gender__c":true,"Score3__c":9.00,"Class__c":"a0H0o00000fKyFtEAK","Name":"truong vy 3","SystemModstamp":"2019-06-18T06:45:21.000Z","AverageScore__c":6.67,"CreatedById":"0050o00000WkyGGAAZ","Birthday__c":"2011-03-21T00:00:00.000Z","Namel__c":"truong","CreatedDate":"2019-06-18T06:45:21.000Z","Id":"a0I0o000019bcduEAA","LastModifiedById":"0050o00000WkyGGAAZ","State__c":"Passed","Namef__c":"vy 3"},{"LastModifiedDate":"2019-06-18T06:45:21.000Z","StudentId__c":"HS100154","IsDeleted":false,"Score1__c":4.00,"Score2__c":7.00,"Gender__c":true,"Score3__c":0.00,"Class__c":"a0H0o00000fKyFtEAK","Name":"truong vy 4","SystemModstamp":"2019-06-18T06:45:21.000Z","AverageScore__c":3.67,"CreatedById":"0050o00000WkyGGAAZ","Birthday__c":"2011-03-21T00:00:00.000Z","Namel__c":"truong","CreatedDate":"2019-06-18T06:45:21.000Z","Id":"a0I0o000019bcdvEAA","LastModifiedById":"0050o00000WkyGGAAZ","State__c":"Failed","Namef__c":"vy 4"},{"LastModifiedDate":"2019-06-18T06:45:21.000Z","StudentId__c":"HS100155","IsDeleted":false,"Score1__c":4.00,"Score2__c":0.00,"Gender__c":true,"Score3__c":9.00,"Class__c":"a0H0o00000fKyFtEAK","Name":"truong vy 5","SystemModstamp":"2019-06-18T06:45:21.000Z","AverageScore__c":4.33,"CreatedById":"0050o00000WkyGGAAZ","Birthday__c":"2011-03-21T00:00:00.000Z","Namel__c":"truong","CreatedDate":"2019-06-18T06:45:21.000Z","Id":"a0I0o000019bcdwEAA","LastModifiedById":"0050o00000WkyGGAAZ","State__c":"Failed","Namef__c":"vy 5"}]|0x3f2024d5
13:45:21.3 (157646514)|VARIABLE_SCOPE_BEGIN|[191]|action|String|false|false
13:45:21.3 (157671834)|VARIABLE_ASSIGNMENT|[191]|action|"insert"
13:45:21.3 (157713680)|HEAP_ALLOCATE|[193]|Bytes:5
13:45:21.3 (157725331)|STATEMENT_EXECUTE|[192]
13:45:21.3 (157728451)|STATEMENT_EXECUTE|[193]
13:45:21.3 (157763567)|HEAP_ALLOCATE|[193]|Bytes:4
13:45:21.3 (157802026)|VARIABLE_SCOPE_BEGIN|[193]|classIDMap|Map<Id,Integer>|true|false
13:45:21.3 (157835557)|VARIABLE_ASSIGNMENT|[193]|classIDMap|{}|0x43289f3a
13:45:21.3 (157929138)|HEAP_ALLOCATE|[196]|Bytes:5
13:45:21.3 (157968440)|VARIABLE_SCOPE_BEGIN|[196]|s|Student__c|true|false
13:45:21.3 (158389264)|VARIABLE_ASSIGNMENT|[196]|s|{"LastModifiedDate":"2019-06-18T06:45:21.000Z","StudentId__c":"HS100151","IsDeleted":false,"Score1__c":4.00,"Score2__c":7.00,"Gender__c":true,"Score3__c":9.00,"Class__c":"a0H0o00000fKyFtEAK","Name":"truong vy 1","SystemModstamp":"2019-06-18T06:45:21.000Z","AverageScore__c":6.67,"CreatedById":"0050o00000WkyGGAAZ","Birthday__c":"2011-03-21T00:00:00.000Z","Namel__c":"truong","CreatedDate":"2019-06-18T06:45:21.000Z","Id":"a0I0o000019bcdsEAA","LastModifiedById":"0050o00000WkyGGAAZ","State__c":"Passed","Namef__c":"vy 1"}|0x7d100d06
13:45:21.3 (158412640)|STATEMENT_EXECUTE|[197]
13:45:21.3 (158539619)|STATEMENT_EXECUTE|[203]
13:45:21.3 (158543164)|STATEMENT_EXECUTE|[204]
13:45:21.3 (158587365)|HEAP_ALLOCATE|[204]|Bytes:4
13:45:21.3 (158605356)|HEAP_ALLOCATE|[EXTERNAL]|Bytes:-4
13:45:21.3 (158633561)|HEAP_ALLOCATE|[196]|Bytes:5
13:45:21.3 (158667755)|VARIABLE_SCOPE_BEGIN|[196]|s|Student__c|true|false
13:45:21.3 (159155520)|VARIABLE_ASSIGNMENT|[196]|s|{"LastModifiedDate":"2019-06-18T06:45:21.000Z","StudentId__c":"HS100152","IsDeleted":false,"Score1__c":4.00,"Score2__c":7.00,"Gender__c":true,"Score3__c":9.00,"Class__c":"a0H0o00000fKyFtEAK","Name":"truong vy 2","SystemModstamp":"2019-06-18T06:45:21.000Z","AverageScore__c":6.67,"CreatedById":"0050o00000WkyGGAAZ","Birthday__c":"2011-03-21T00:00:00.000Z","Namel__c":"truong","CreatedDate":"2019-06-18T06:45:21.000Z","Id":"a0I0o000019bcdtEAA","LastModifiedById":"0050o00000WkyGGAAZ","State__c":"Passed","Namef__c":"vy 2"}|0x2a9267a4
13:45:21.3 (159178733)|STATEMENT_EXECUTE|[197]
13:45:21.3 (159208103)|STATEMENT_EXECUTE|[199]
13:45:21.3 (159211194)|STATEMENT_EXECUTE|[200]
13:45:21.3 (159271196)|HEAP_ALLOCATE|[200]|Bytes:4
13:45:21.3 (159301256)|HEAP_ALLOCATE|[196]|Bytes:5
13:45:21.3 (159327556)|VARIABLE_SCOPE_BEGIN|[196]|s|Student__c|true|false
13:45:21.3 (159774947)|VARIABLE_ASSIGNMENT|[196]|s|{"LastModifiedDate":"2019-06-18T06:45:21.000Z","StudentId__c":"HS100153","IsDeleted":false,"Score1__c":4.00,"Score2__c":7.00,"Gender__c":true,"Score3__c":9.00,"Class__c":"a0H0o00000fKyFtEAK","Name":"truong vy 3","SystemModstamp":"2019-06-18T06:45:21.000Z","AverageScore__c":6.67,"CreatedById":"0050o00000WkyGGAAZ","Birthday__c":"2011-03-21T00:00:00.000Z","Namel__c":"truong","CreatedDate":"2019-06-18T06:45:21.000Z","Id":"a0I0o000019bcduEAA","LastModifiedById":"0050o00000WkyGGAAZ","State__c":"Passed","Namef__c":"vy 3"}|0x15a1a2c2
13:45:21.3 (159796226)|STATEMENT_EXECUTE|[197]
13:45:21.3 (159824343)|STATEMENT_EXECUTE|[199]
13:45:21.3 (159827328)|STATEMENT_EXECUTE|[200]
13:45:21.3 (159851071)|HEAP_ALLOCATE|[200]|Bytes:4
13:45:21.3 (159876401)|HEAP_ALLOCATE|[196]|Bytes:5
13:45:21.3 (159902317)|VARIABLE_SCOPE_BEGIN|[196]|s|Student__c|true|false
13:45:21.3 (160340794)|VARIABLE_ASSIGNMENT|[196]|s|{"LastModifiedDate":"2019-06-18T06:45:21.000Z","StudentId__c":"HS100154","IsDeleted":false,"Score1__c":4.00,"Score2__c":7.00,"Gender__c":true,"Score3__c":0.00,"Class__c":"a0H0o00000fKyFtEAK","Name":"truong vy 4","SystemModstamp":"2019-06-18T06:45:21.000Z","AverageScore__c":3.67,"CreatedById":"0050o00000WkyGGAAZ","Birthday__c":"2011-03-21T00:00:00.000Z","Namel__c":"truong","CreatedDate":"2019-06-18T06:45:21.000Z","Id":"a0I0o000019bcdvEAA","LastModifiedById":"0050o00000WkyGGAAZ","State__c":"Failed","Namef__c":"vy 4"}|0x12f72e03
13:45:21.3 (160364186)|STATEMENT_EXECUTE|[197]
13:45:21.3 (160390715)|STATEMENT_EXECUTE|[199]
13:45:21.3 (160393919)|STATEMENT_EXECUTE|[200]
13:45:21.3 (160419507)|HEAP_ALLOCATE|[200]|Bytes:4
13:45:21.3 (160447667)|HEAP_ALLOCATE|[196]|Bytes:5
13:45:21.3 (160473201)|VARIABLE_SCOPE_BEGIN|[196]|s|Student__c|true|false
13:45:21.3 (160936415)|VARIABLE_ASSIGNMENT|[196]|s|{"LastModifiedDate":"2019-06-18T06:45:21.000Z","StudentId__c":"HS100155","IsDeleted":false,"Score1__c":4.00,"Score2__c":0.00,"Gender__c":true,"Score3__c":9.00,"Class__c":"a0H0o00000fKyFtEAK","Name":"truong vy 5","SystemModstamp":"2019-06-18T06:45:21.000Z","AverageScore__c":4.33,"CreatedById":"0050o00000WkyGGAAZ","Birthday__c":"2011-03-21T00:00:00.000Z","Namel__c":"truong","CreatedDate":"2019-06-18T06:45:21.000Z","Id":"a0I0o000019bcdwEAA","LastModifiedById":"0050o00000WkyGGAAZ","State__c":"Failed","Namef__c":"vy 5"}|0x6ff26966
13:45:21.3 (160957890)|STATEMENT_EXECUTE|[197]
13:45:21.3 (160984366)|STATEMENT_EXECUTE|[199]
13:45:21.3 (160987319)|STATEMENT_EXECUTE|[200]
13:45:21.3 (161019304)|HEAP_ALLOCATE|[200]|Bytes:4
13:45:21.3 (161047609)|HEAP_ALLOCATE|[196]|Bytes:5
13:45:21.3 (161068390)|VARIABLE_ASSIGNMENT|[196]|s|null|
13:45:21.3 (161078257)|STATEMENT_EXECUTE|[207]
13:45:21.3 (161084520)|HEAP_ALLOCATE|[207]|Bytes:44
13:45:21.3 (161118717)|HEAP_ALLOCATE|[207]|Bytes:4
13:45:21.3 (161434398)|SOQL_EXECUTE_BEGIN|[207]|Aggregations:0|SELECT id, NumberOfStudents__c FROM Class__c
13:45:21.3 (165530846)|SOQL_EXECUTE_END|[207]|Rows:4
13:45:21.3 (165574773)|HEAP_ALLOCATE|[207]|Bytes:20
13:45:21.3 (165601635)|HEAP_ALLOCATE|[207]|Bytes:352
13:45:21.3 (165647585)|HEAP_ALLOCATE|[207]|Bytes:20
13:45:21.3 (165689475)|VARIABLE_SCOPE_BEGIN|[207]|classList|List<Class__c>|true|false
13:45:21.3 (165735710)|VARIABLE_ASSIGNMENT|[207]|classList|[{"Id":"a0H0o00000fKyFqEAK","NumberOfStudents__c":0},{"Id":"a0H0o00000fKyFrEAK","NumberOfStudents__c":0},{"Id":"a0H0o00000fKyFsEAK","NumberOfStudents__c":0},{"Id":"a0H0o00000fKyFtEAK","NumberOfStudents__c":0}]|0x51b54e4b
13:45:21.3 (165745146)|STATEMENT_EXECUTE|[208]
13:45:21.3 (165807709)|HEAP_ALLOCATE|[208]|Bytes:12
13:45:21.3 (165902724)|HEAP_ALLOCATE|[208]|Bytes:28
13:45:21.3 (165927930)|USER_DEBUG|[208]|DEBUG|0
13:45:21.3 (166083483)|HEAP_ALLOCATE|[210]|Bytes:5
13:45:21.3 (166100557)|HEAP_ALLOCATE|[210]|Bytes:12
13:45:21.3 (166109511)|VARIABLE_SCOPE_BEGIN|[210]|c|Class__c|true|false
13:45:21.3 (166127098)|VARIABLE_ASSIGNMENT|[210]|c|{"Id":"a0H0o00000fKyFqEAK","NumberOfStudents__c":0}|0x4fe5c7b8
13:45:21.3 (166133705)|STATEMENT_EXECUTE|[211]
13:45:21.3 (166174358)|STATEMENT_EXECUTE|[212]
13:45:21.3 (166184159)|HEAP_ALLOCATE|[210]|Bytes:5
13:45:21.3 (166194465)|HEAP_ALLOCATE|[210]|Bytes:12
13:45:21.3 (166200680)|VARIABLE_SCOPE_BEGIN|[210]|c|Class__c|true|false
13:45:21.3 (166214508)|VARIABLE_ASSIGNMENT|[210]|c|{"Id":"a0H0o00000fKyFrEAK","NumberOfStudents__c":0}|0x581a239c
13:45:21.3 (166220512)|STATEMENT_EXECUTE|[211]
13:45:21.3 (166233917)|STATEMENT_EXECUTE|[212]
13:45:21.3 (166240669)|HEAP_ALLOCATE|[210]|Bytes:5
13:45:21.3 (166249030)|HEAP_ALLOCATE|[210]|Bytes:12
13:45:21.3 (166253891)|VARIABLE_SCOPE_BEGIN|[210]|c|Class__c|true|false
13:45:21.3 (166265744)|VARIABLE_ASSIGNMENT|[210]|c|{"Id":"a0H0o00000fKyFsEAK","NumberOfStudents__c":0}|0x2f1074af
13:45:21.3 (166271674)|STATEMENT_EXECUTE|[211]
13:45:21.3 (166281827)|STATEMENT_EXECUTE|[212]
13:45:21.3 (166288307)|HEAP_ALLOCATE|[210]|Bytes:5
13:45:21.3 (166296956)|HEAP_ALLOCATE|[210]|Bytes:12
13:45:21.3 (166301747)|VARIABLE_SCOPE_BEGIN|[210]|c|Class__c|true|false
13:45:21.3 (166316603)|VARIABLE_ASSIGNMENT|[210]|c|{"Id":"a0H0o00000fKyFtEAK","NumberOfStudents__c":0}|0x63028221
13:45:21.3 (166323134)|STATEMENT_EXECUTE|[211]
13:45:21.3 (166335498)|STATEMENT_EXECUTE|[213]
13:45:21.3 (166384413)|STATEMENT_EXECUTE|[215]
13:45:21.3 (166386566)|STATEMENT_EXECUTE|[216]
13:45:21.3 (166420976)|HEAP_ALLOCATE|[216]|Bytes:28
13:45:21.3 (166426449)|HEAP_ALLOCATE|[216]|Bytes:28
13:45:21.3 (166434131)|HEAP_ALLOCATE|[216]|Bytes:28
13:45:21.3 (166471945)|HEAP_ALLOCATE|[216]|Bytes:28
13:45:21.3 (166475963)|HEAP_ALLOCATE|[216]|Bytes:28
13:45:21.3 (166570803)|VARIABLE_ASSIGNMENT|[216]|this.NumberOfStudents__c|5|0x63028221
13:45:21.3 (166578577)|STATEMENT_EXECUTE|[225]
13:45:21.3 (166633495)|HEAP_ALLOCATE|[225]|Bytes:8
13:45:21.3 (166651983)|DML_BEGIN|[225]|Op:Update|Type:Class__c|Rows:1
13:45:21.3 (166706283)|HEAP_ALLOCATE|[EXTERNAL]|Bytes:8
13:45:21.3 (185859829)|DML_END|[225]
13:45:21.3 (185885907)|STATEMENT_EXECUTE|[227]
13:45:21.3 (186031229)|HEAP_ALLOCATE|[210]|Bytes:5
13:45:21.3 (186071300)|VARIABLE_ASSIGNMENT|[210]|c|null|
13:45:21.3 (186097723)|METHOD_EXIT|[51]|01p0o00000GMOB6|TriggerHandle.executeNOStudentsUpdate(List<Student__c>, String)
13:45:21.3 (186108129)|STATEMENT_EXECUTE|[52]
13:45:21.3 (186134545)|METHOD_ENTRY|[52]|01p0o00000GMOB6|TriggerHandle.executeNOFAPStudentsUpdate(List<Student__c>, String)
13:45:21.3 (186174746)|VARIABLE_SCOPE_BEGIN|[118]|this|TriggerHandle|true|false
13:45:21.3 (186216020)|VARIABLE_ASSIGNMENT|[118]|this|{}|0x4fef5c3e
13:45:21.3 (186227484)|VARIABLE_SCOPE_BEGIN|[118]|studentList|List<Student__c>|true|false
13:45:21.3 (188243060)|VARIABLE_ASSIGNMENT|[118]|studentList|[{"LastModifiedDate":"2019-06-18T06:45:21.000Z","StudentId__c":"HS100151","IsDeleted":false,"Score1__c":4.00,"Score2__c":7.00,"Gender__c":true,"Score3__c":9.00,"Class__c":"a0H0o00000fKyFtEAK","Name":"truong vy 1","SystemModstamp":"2019-06-18T06:45:21.000Z","AverageScore__c":6.67,"CreatedById":"0050o00000WkyGGAAZ","Birthday__c":"2011-03-21T00:00:00.000Z","Namel__c":"truong","CreatedDate":"2019-06-18T06:45:21.000Z","Id":"a0I0o000019bcdsEAA","LastModifiedById":"0050o00000WkyGGAAZ","State__c":"Passed","Namef__c":"vy 1"},{"LastModifiedDate":"2019-06-18T06:45:21.000Z","StudentId__c":"HS100152","IsDeleted":false,"Score1__c":4.00,"Score2__c":7.00,"Gender__c":true,"Score3__c":9.00,"Class__c":"a0H0o00000fKyFtEAK","Name":"truong vy 2","SystemModstamp":"2019-06-18T06:45:21.000Z","AverageScore__c":6.67,"CreatedById":"0050o00000WkyGGAAZ","Birthday__c":"2011-03-21T00:00:00.000Z","Namel__c":"truong","CreatedDate":"2019-06-18T06:45:21.000Z","Id":"a0I0o000019bcdtEAA","LastModifiedById":"0050o00000WkyGGAAZ","State__c":"Passed","Namef__c":"vy 2"},{"LastModifiedDate":"2019-06-18T06:45:21.000Z","StudentId__c":"HS100153","IsDeleted":false,"Score1__c":4.00,"Score2__c":7.00,"Gender__c":true,"Score3__c":9.00,"Class__c":"a0H0o00000fKyFtEAK","Name":"truong vy 3","SystemModstamp":"2019-06-18T06:45:21.000Z","AverageScore__c":6.67,"CreatedById":"0050o00000WkyGGAAZ","Birthday__c":"2011-03-21T00:00:00.000Z","Namel__c":"truong","CreatedDate":"2019-06-18T06:45:21.000Z","Id":"a0I0o000019bcduEAA","LastModifiedById":"0050o00000WkyGGAAZ","State__c":"Passed","Namef__c":"vy 3"},{"LastModifiedDate":"2019-06-18T06:45:21.000Z","StudentId__c":"HS100154","IsDeleted":false,"Score1__c":4.00,"Score2__c":7.00,"Gender__c":true,"Score3__c":0.00,"Class__c":"a0H0o00000fKyFtEAK","Name":"truong vy 4","SystemModstamp":"2019-06-18T06:45:21.000Z","AverageScore__c":3.67,"CreatedById":"0050o00000WkyGGAAZ","Birthday__c":"2011-03-21T00:00:00.000Z","Namel__c":"truong","CreatedDate":"2019-06-18T06:45:21.000Z","Id":"a0I0o000019bcdvEAA","LastModifiedById":"0050o00000WkyGGAAZ","State__c":"Failed","Namef__c":"vy 4"},{"LastModifiedDate":"2019-06-18T06:45:21.000Z","StudentId__c":"HS100155","IsDeleted":false,"Score1__c":4.00,"Score2__c":0.00,"Gender__c":true,"Score3__c":9.00,"Class__c":"a0H0o00000fKyFtEAK","Name":"truong vy 5","SystemModstamp":"2019-06-18T06:45:21.000Z","AverageScore__c":4.33,"CreatedById":"0050o00000WkyGGAAZ","Birthday__c":"2011-03-21T00:00:00.000Z","Namel__c":"truong","CreatedDate":"2019-06-18T06:45:21.000Z","Id":"a0I0o000019bcdwEAA","LastModifiedById":"0050o00000WkyGGAAZ","State__c":"Failed","Namef__c":"vy 5"}]|0x3f2024d5
13:45:21.3 (188307084)|VARIABLE_SCOPE_BEGIN|[118]|action|String|false|false
13:45:21.3 (188322207)|VARIABLE_ASSIGNMENT|[118]|action|"insert"
13:45:21.3 (188369514)|HEAP_ALLOCATE|[120]|Bytes:5
13:45:21.3 (188380310)|STATEMENT_EXECUTE|[119]
13:45:21.3 (188382470)|STATEMENT_EXECUTE|[120]
13:45:21.3 (188405205)|HEAP_ALLOCATE|[120]|Bytes:4
13:45:21.3 (188420969)|VARIABLE_SCOPE_BEGIN|[120]|classIDMapWithPassedStudents|Map<Id,Integer>|true|false
13:45:21.3 (188441877)|VARIABLE_ASSIGNMENT|[120]|classIDMapWithPassedStudents|{}|0x2493b47c
13:45:21.3 (188448137)|STATEMENT_EXECUTE|[121]
13:45:21.3 (188455325)|HEAP_ALLOCATE|[121]|Bytes:4
13:45:21.3 (188461784)|VARIABLE_SCOPE_BEGIN|[121]|classIDMapWithFaliedStudents|Map<Id,Integer>|true|false
13:45:21.3 (188471820)|VARIABLE_ASSIGNMENT|[121]|classIDMapWithFaliedStudents|{}|0x6fa3309c
13:45:21.3 (188530197)|HEAP_ALLOCATE|[124]|Bytes:5
13:45:21.3 (188554070)|VARIABLE_SCOPE_BEGIN|[124]|s|Student__c|true|false
13:45:21.3 (188862558)|VARIABLE_ASSIGNMENT|[124]|s|{"LastModifiedDate":"2019-06-18T06:45:21.000Z","StudentId__c":"HS100151","IsDeleted":false,"Score1__c":4.00,"Score2__c":7.00,"Gender__c":true,"Score3__c":9.00,"Class__c":"a0H0o00000fKyFtEAK","Name":"truong vy 1","SystemModstamp":"2019-06-18T06:45:21.000Z","AverageScore__c":6.67,"CreatedById":"0050o00000WkyGGAAZ","Birthday__c":"2011-03-21T00:00:00.000Z","Namel__c":"truong","CreatedDate":"2019-06-18T06:45:21.000Z","Id":"a0I0o000019bcdsEAA","LastModifiedById":"0050o00000WkyGGAAZ","State__c":"Passed","Namef__c":"vy 1"}|0x7d100d06
13:45:21.3 (188879566)|STATEMENT_EXECUTE|[125]
13:45:21.3 (188919010)|HEAP_ALLOCATE|[127]|Bytes:6
13:45:21.3 (188978657)|STATEMENT_EXECUTE|[128]
13:45:21.3 (189015253)|STATEMENT_EXECUTE|[134]
13:45:21.3 (189017968)|STATEMENT_EXECUTE|[135]
13:45:21.3 (189043279)|HEAP_ALLOCATE|[135]|Bytes:4
13:45:21.3 (189051479)|HEAP_ALLOCATE|[EXTERNAL]|Bytes:-4
13:45:21.3 (189069808)|HEAP_ALLOCATE|[124]|Bytes:5
13:45:21.3 (189086910)|VARIABLE_SCOPE_BEGIN|[124]|s|Student__c|true|false
13:45:21.3 (189340376)|VARIABLE_ASSIGNMENT|[124]|s|{"LastModifiedDate":"2019-06-18T06:45:21.000Z","StudentId__c":"HS100152","IsDeleted":false,"Score1__c":4.00,"Score2__c":7.00,"Gender__c":true,"Score3__c":9.00,"Class__c":"a0H0o00000fKyFtEAK","Name":"truong vy 2","SystemModstamp":"2019-06-18T06:45:21.000Z","AverageScore__c":6.67,"CreatedById":"0050o00000WkyGGAAZ","Birthday__c":"2011-03-21T00:00:00.000Z","Namel__c":"truong","CreatedDate":"2019-06-18T06:45:21.000Z","Id":"a0I0o000019bcdtEAA","LastModifiedById":"0050o00000WkyGGAAZ","State__c":"Passed","Namef__c":"vy 2"}|0x2a9267a4
13:45:21.3 (189353657)|STATEMENT_EXECUTE|[125]
13:45:21.3 (189377945)|STATEMENT_EXECUTE|[128]
13:45:21.3 (189389063)|STATEMENT_EXECUTE|[130]
13:45:21.3 (189390750)|STATEMENT_EXECUTE|[131]
13:45:21.3 (189423479)|HEAP_ALLOCATE|[131]|Bytes:4
13:45:21.3 (189441959)|HEAP_ALLOCATE|[124]|Bytes:5
13:45:21.3 (189457580)|VARIABLE_SCOPE_BEGIN|[124]|s|Student__c|true|false
13:45:21.3 (189705242)|VARIABLE_ASSIGNMENT|[124]|s|{"LastModifiedDate":"2019-06-18T06:45:21.000Z","StudentId__c":"HS100153","IsDeleted":false,"Score1__c":4.00,"Score2__c":7.00,"Gender__c":true,"Score3__c":9.00,"Class__c":"a0H0o00000fKyFtEAK","Name":"truong vy 3","SystemModstamp":"2019-06-18T06:45:21.000Z","AverageScore__c":6.67,"CreatedById":"0050o00000WkyGGAAZ","Birthday__c":"2011-03-21T00:00:00.000Z","Namel__c":"truong","CreatedDate":"2019-06-18T06:45:21.000Z","Id":"a0I0o000019bcduEAA","LastModifiedById":"0050o00000WkyGGAAZ","State__c":"Passed","Namef__c":"vy 3"}|0x15a1a2c2
13:45:21.3 (189718673)|STATEMENT_EXECUTE|[125]
13:45:21.3 (189741757)|STATEMENT_EXECUTE|[128]
13:45:21.3 (189752264)|STATEMENT_EXECUTE|[130]
13:45:21.3 (189753874)|STATEMENT_EXECUTE|[131]
13:45:21.3 (189767228)|HEAP_ALLOCATE|[131]|Bytes:4
13:45:21.3 (189783258)|HEAP_ALLOCATE|[124]|Bytes:5
13:45:21.3 (189797110)|VARIABLE_SCOPE_BEGIN|[124]|s|Student__c|true|false
13:45:21.3 (190026039)|VARIABLE_ASSIGNMENT|[124]|s|{"LastModifiedDate":"2019-06-18T06:45:21.000Z","StudentId__c":"HS100154","IsDeleted":false,"Score1__c":4.00,"Score2__c":7.00,"Gender__c":true,"Score3__c":0.00,"Class__c":"a0H0o00000fKyFtEAK","Name":"truong vy 4","SystemModstamp":"2019-06-18T06:45:21.000Z","AverageScore__c":3.67,"CreatedById":"0050o00000WkyGGAAZ","Birthday__c":"2011-03-21T00:00:00.000Z","Namel__c":"truong","CreatedDate":"2019-06-18T06:45:21.000Z","Id":"a0I0o000019bcdvEAA","LastModifiedById":"0050o00000WkyGGAAZ","State__c":"Failed","Namef__c":"vy 4"}|0x12f72e03
13:45:21.3 (190039455)|STATEMENT_EXECUTE|[125]
13:45:21.3 (190060713)|STATEMENT_EXECUTE|[140]
13:45:21.3 (190085519)|STATEMENT_EXECUTE|[146]
13:45:21.3 (190087487)|STATEMENT_EXECUTE|[147]
13:45:21.3 (190104936)|HEAP_ALLOCATE|[147]|Bytes:4
13:45:21.3 (190112176)|HEAP_ALLOCATE|[EXTERNAL]|Bytes:-4
13:45:21.3 (190127916)|HEAP_ALLOCATE|[124]|Bytes:5
13:45:21.3 (190142304)|VARIABLE_SCOPE_BEGIN|[124]|s|Student__c|true|false
13:45:21.3 (190397472)|VARIABLE_ASSIGNMENT|[124]|s|{"LastModifiedDate":"2019-06-18T06:45:21.000Z","StudentId__c":"HS100155","IsDeleted":false,"Score1__c":4.00,"Score2__c":0.00,"Gender__c":true,"Score3__c":9.00,"Class__c":"a0H0o00000fKyFtEAK","Name":"truong vy 5","SystemModstamp":"2019-06-18T06:45:21.000Z","AverageScore__c":4.33,"CreatedById":"0050o00000WkyGGAAZ","Birthday__c":"2011-03-21T00:00:00.000Z","Namel__c":"truong","CreatedDate":"2019-06-18T06:45:21.000Z","Id":"a0I0o000019bcdwEAA","LastModifiedById":"0050o00000WkyGGAAZ","State__c":"Failed","Namef__c":"vy 5"}|0x6ff26966
13:45:21.3 (190411694)|STATEMENT_EXECUTE|[125]
13:45:21.3 (190441386)|STATEMENT_EXECUTE|[140]
13:45:21.3 (190456964)|STATEMENT_EXECUTE|[142]
13:45:21.3 (190459249)|STATEMENT_EXECUTE|[143]
13:45:21.3 (190500238)|HEAP_ALLOCATE|[143]|Bytes:4
13:45:21.3 (190524110)|HEAP_ALLOCATE|[124]|Bytes:5
13:45:21.3 (190540998)|VARIABLE_ASSIGNMENT|[124]|s|null|
13:45:21.3 (190549843)|STATEMENT_EXECUTE|[151]
13:45:21.3 (190555240)|HEAP_ALLOCATE|[151]|Bytes:77
13:45:21.3 (190582066)|HEAP_ALLOCATE|[151]|Bytes:4
13:45:21.3 (190921627)|SOQL_EXECUTE_BEGIN|[151]|Aggregations:0|SELECT id, NumberOfFailedStudents__c, NumberOfPassedStudents__c FROM Class__c
13:45:21.3 (193644441)|SOQL_EXECUTE_END|[151]|Rows:4
13:45:21.3 (193691487)|HEAP_ALLOCATE|[151]|Bytes:20
13:45:21.3 (193721802)|HEAP_ALLOCATE|[151]|Bytes:636
13:45:21.3 (193769832)|HEAP_ALLOCATE|[151]|Bytes:20
13:45:21.3 (193787349)|VARIABLE_SCOPE_BEGIN|[151]|classList|List<Class__c>|true|false
13:45:21.3 (193836040)|VARIABLE_ASSIGNMENT|[151]|classList|[{"Id":"a0H0o00000fKyFqEAK","NumberOfFailedStudents__c":0,"NumberOfPassedStudents__c":0},{"Id":"a0H0o00000fKyFrEAK","NumberOfFailedStudents__c":0,"NumberOfPassedStudents__c":0},{"Id":"a0H0o00000fKyFsEAK","NumberOfFailedStudents__c":0,"NumberOfPassedStudents__c":0},{"Id":"a0H0o00000fKyFtEAK","NumberOfFailedStudents__c":0,"NumberOfPassedStudents__c":0}]|0x567c6f1a
13:45:21.3 (193901288)|HEAP_ALLOCATE|[153]|Bytes:5
13:45:21.3 (193918413)|HEAP_ALLOCATE|[153]|Bytes:16
13:45:21.3 (193928124)|VARIABLE_SCOPE_BEGIN|[153]|c|Class__c|true|false
13:45:21.3 (193945660)|VARIABLE_ASSIGNMENT|[153]|c|{"Id":"a0H0o00000fKyFqEAK","NumberOfFailedStudents__c":0,"NumberOfPassedStudents__c":0}|0x60ed9920
13:45:21.3 (193953467)|STATEMENT_EXECUTE|[154]
13:45:21.3 (194016543)|STATEMENT_EXECUTE|[156]
13:45:21.3 (194039223)|STATEMENT_EXECUTE|[172]
13:45:21.3 (194049274)|HEAP_ALLOCATE|[153]|Bytes:5
13:45:21.3 (194060486)|HEAP_ALLOCATE|[153]|Bytes:16
13:45:21.3 (194066366)|VARIABLE_SCOPE_BEGIN|[153]|c|Class__c|true|false
13:45:21.3 (194082514)|VARIABLE_ASSIGNMENT|[153]|c|{"Id":"a0H0o00000fKyFrEAK","NumberOfFailedStudents__c":0,"NumberOfPassedStudents__c":0}|0x23c6cdcf
13:45:21.3 (194088202)|STATEMENT_EXECUTE|[154]
13:45:21.3 (194100174)|STATEMENT_EXECUTE|[156]
13:45:21.3 (194107231)|STATEMENT_EXECUTE|[172]
13:45:21.3 (194114021)|HEAP_ALLOCATE|[153]|Bytes:5
13:45:21.3 (194122831)|HEAP_ALLOCATE|[153]|Bytes:16
13:45:21.3 (194127961)|VARIABLE_SCOPE_BEGIN|[153]|c|Class__c|true|false
13:45:21.3 (194141428)|VARIABLE_ASSIGNMENT|[153]|c|{"Id":"a0H0o00000fKyFsEAK","NumberOfFailedStudents__c":0,"NumberOfPassedStudents__c":0}|0x51d4131a
13:45:21.3 (194146900)|STATEMENT_EXECUTE|[154]
13:45:21.3 (194157441)|STATEMENT_EXECUTE|[156]
13:45:21.3 (194164356)|STATEMENT_EXECUTE|[172]
13:45:21.3 (194183816)|HEAP_ALLOCATE|[153]|Bytes:5
13:45:21.3 (194193700)|HEAP_ALLOCATE|[153]|Bytes:16
13:45:21.3 (194198894)|VARIABLE_SCOPE_BEGIN|[153]|c|Class__c|true|false
13:45:21.3 (194212982)|VARIABLE_ASSIGNMENT|[153]|c|{"Id":"a0H0o00000fKyFtEAK","NumberOfFailedStudents__c":0,"NumberOfPassedStudents__c":0}|0x44671725
13:45:21.3 (194218122)|STATEMENT_EXECUTE|[154]
13:45:21.3 (194228601)|STATEMENT_EXECUTE|[157]
13:45:21.3 (194266372)|STATEMENT_EXECUTE|[160]
13:45:21.3 (194268398)|STATEMENT_EXECUTE|[161]
13:45:21.3 (194346954)|HEAP_ALLOCATE|[161]|Bytes:28
13:45:21.3 (194404105)|HEAP_ALLOCATE|[161]|Bytes:28
13:45:21.3 (194429652)|HEAP_ALLOCATE|[161]|Bytes:28
13:45:21.3 (194475910)|HEAP_ALLOCATE|[161]|Bytes:28
13:45:21.3 (194480676)|HEAP_ALLOCATE|[161]|Bytes:28
13:45:21.3 (194606070)|VARIABLE_ASSIGNMENT|[161]|this.NumberOfFailedStudents__c|2|0x44671725
13:45:21.3 (194615193)|STATEMENT_EXECUTE|[168]
13:45:21.3 (194680545)|HEAP_ALLOCATE|[168]|Bytes:8
13:45:21.3 (194702155)|DML_BEGIN|[168]|Op:Update|Type:Class__c|Rows:1
13:45:21.3 (194788039)|HEAP_ALLOCATE|[EXTERNAL]|Bytes:8
13:45:21.3 (209141871)|DML_END|[168]
13:45:21.3 (209168747)|STATEMENT_EXECUTE|[169]
13:45:21.3 (209256306)|STATEMENT_EXECUTE|[173]
13:45:21.3 (209293034)|STATEMENT_EXECUTE|[176]
13:45:21.3 (209295227)|STATEMENT_EXECUTE|[177]
13:45:21.3 (209353839)|HEAP_ALLOCATE|[177]|Bytes:28
13:45:21.3 (209428950)|HEAP_ALLOCATE|[177]|Bytes:28
13:45:21.3 (209434584)|HEAP_ALLOCATE|[177]|Bytes:28
13:45:21.3 (209460315)|HEAP_ALLOCATE|[177]|Bytes:28
13:45:21.3 (209465765)|HEAP_ALLOCATE|[177]|Bytes:28
13:45:21.3 (209584585)|VARIABLE_ASSIGNMENT|[177]|this.NumberOfPassedStudents__c|3|0x44671725
13:45:21.3 (209594318)|STATEMENT_EXECUTE|[184]
13:45:21.3 (209627907)|HEAP_ALLOCATE|[184]|Bytes:8
13:45:21.3 (209645070)|DML_BEGIN|[184]|Op:Update|Type:Class__c|Rows:1
13:45:21.3 (209720414)|HEAP_ALLOCATE|[EXTERNAL]|Bytes:8
13:45:21.3 (222210510)|DML_END|[184]
13:45:21.3 (222240183)|STATEMENT_EXECUTE|[185]
13:45:21.3 (222339361)|HEAP_ALLOCATE|[153]|Bytes:5
13:45:21.3 (222370550)|VARIABLE_ASSIGNMENT|[153]|c|null|
13:45:21.3 (222389626)|METHOD_EXIT|[52]|01p0o00000GMOB6|TriggerHandle.executeNOFAPStudentsUpdate(List<Student__c>, String)
13:45:21.3 (222413742)|SYSTEM_MODE_EXIT|false
13:45:21.3 (222424853)|METHOD_EXIT|[20]|01p0o00000GMOB6|TriggerHandle.onAfterInsert(List<Student__c>)
13:45:21.222 (222437916)|CUMULATIVE_LIMIT_USAGE
13:45:21.222 (222437916)|LIMIT_USAGE_FOR_NS|(default)|
  Number of SOQL queries: 3 out of 100
  Number of query rows: 9 out of 50000
  Number of SOSL queries: 0 out of 20
  Number of DML statements: 6 out of 150
  Number of DML rows: 13 out of 10000
  Maximum CPU time: 0 out of 10000
  Maximum heap size: 0 out of 6000000
  Number of callouts: 0 out of 100
  Number of Email Invocations: 0 out of 10
  Number of future calls: 0 out of 50
  Number of queueable jobs added to the queue: 0 out of 50
  Number of Mobile Apex push calls: 0 out of 10

13:45:21.222 (222437916)|CUMULATIVE_LIMIT_USAGE_END

13:45:21.3 (223776543)|CODE_UNIT_FINISHED|triggerStudent on Student trigger event AfterInsert|__sfdc_trigger/triggerStudent
13:45:21.3 (225589251)|DML_END|[66]
13:45:21.3 (225650729)|HEAP_ALLOCATE|[EXTERNAL]|Bytes:24
13:45:21.225 (225687496)|CUMULATIVE_LIMIT_USAGE
13:45:21.225 (225687496)|LIMIT_USAGE_FOR_NS|(default)|
  Number of SOQL queries: 3 out of 100
  Number of query rows: 9 out of 50000
  Number of SOSL queries: 0 out of 20
  Number of DML statements: 6 out of 150
  Number of DML rows: 13 out of 10000
  Maximum CPU time: 0 out of 10000
  Maximum heap size: 0 out of 6000000
  Number of callouts: 0 out of 100
  Number of Email Invocations: 0 out of 10
  Number of future calls: 0 out of 50
  Number of queueable jobs added to the queue: 0 out of 50
  Number of Mobile Apex push calls: 0 out of 10

13:45:21.225 (225687496)|CUMULATIVE_LIMIT_USAGE_END

13:45:21.3 (225729297)|CODE_UNIT_FINISHED|TriggerStudentTest.setup()
13:45:21.3 (226686887)|EXECUTION_FINISHED
13:45:21.235 (235658296)|USER_INFO|[EXTERNAL]|0050o00000WkyGG|ttvy@keizu.co.jp|Indochina Time|GMT+07:00
13:45:21.235 (235691389)|EXECUTION_STARTED
13:45:21.235 (235696306)|CODE_UNIT_STARTED|[EXTERNAL]|01p0o00000GMgMG|TriggerStudentTest.TestTriggerHandle()
13:45:21.235 (235848360)|HEAP_ALLOCATE|[72]|Bytes:3
13:45:21.235 (235884801)|HEAP_ALLOCATE|[77]|Bytes:152
13:45:21.235 (235898840)|HEAP_ALLOCATE|[342]|Bytes:408
13:45:21.235 (235911717)|HEAP_ALLOCATE|[355]|Bytes:408
13:45:21.235 (235923402)|HEAP_ALLOCATE|[467]|Bytes:48
13:45:21.235 (235946998)|HEAP_ALLOCATE|[139]|Bytes:6
13:45:21.235 (235961260)|HEAP_ALLOCATE|[EXTERNAL]|Bytes:35
13:45:21.235 (235972812)|METHOD_ENTRY|[2]|01p0o00000GMgMG|TriggerStudentTest.TriggerStudentTest()
13:45:21.235 (235978812)|STATEMENT_EXECUTE|[2]
13:45:21.235 (235982859)|STATEMENT_EXECUTE|[2]
13:45:21.235 (235986849)|METHOD_EXIT|[2]|TriggerStudentTest
13:45:21.235 (236009545)|HEAP_ALLOCATE|[50]|Bytes:5
13:45:21.235 (236030427)|HEAP_ALLOCATE|[56]|Bytes:5
13:45:21.235 (236038069)|HEAP_ALLOCATE|[64]|Bytes:7
13:45:21.235 (236072443)|STATEMENT_EXECUTE|[71]
13:45:21.235 (236075000)|STATEMENT_EXECUTE|[72]
13:45:21.235 (236133969)|HEAP_ALLOCATE|[72]|Bytes:74
13:45:21.235 (236144934)|SYSTEM_METHOD_ENTRY|[1]|Test.Test()
13:45:21.235 (236148978)|STATEMENT_EXECUTE|[1]
13:45:21.235 (236154455)|SYSTEM_METHOD_EXIT|[1]|Test
13:45:21.235 (236169956)|METHOD_ENTRY|[72]||System.Test.startTest()
13:45:21.235 (237474711)|METHOD_EXIT|[72]||System.Test.startTest()
13:45:21.235 (237484999)|STATEMENT_EXECUTE|[74]
13:45:21.235 (237490193)|HEAP_ALLOCATE|[74]|Bytes:41
13:45:21.235 (237511956)|HEAP_ALLOCATE|[74]|Bytes:4
13:45:21.235 (237766146)|SOQL_EXECUTE_BEGIN|[74]|Aggregations:0|SELECT id, Name, State__c FROM Student__c
13:45:21.235 (241496925)|SOQL_EXECUTE_END|[74]|Rows:5
13:45:21.235 (241531524)|HEAP_ALLOCATE|[74]|Bytes:24
13:45:21.235 (241554355)|HEAP_ALLOCATE|[74]|Bytes:330
13:45:21.235 (241589384)|HEAP_ALLOCATE|[74]|Bytes:24
13:45:21.235 (241604407)|VARIABLE_SCOPE_BEGIN|[74]|studentList|List<Student__c>|true|false
13:45:21.235 (241667930)|VARIABLE_ASSIGNMENT|[74]|studentList|[{"Id":"a0I0o000019bcdsEAA","Name":"truong vy 1","State__c":"Passed"},{"Id":"a0I0o000019bcdtEAA","Name":"truong vy 2","State__c":"Passed"},{"Id":"a0I0o000019bcduEAA","Name":"truong vy 3","State__c":"Passed"},{"Id":"a0I0o000019bcdvEAA","Name":"truong vy 4","State__c":"Failed"},{"Id":"a0I0o000019bcdwEAA","Name":"truong vy 5","State__c":"Failed"}]|0x4e4d0dca
13:45:21.235 (241743705)|HEAP_ALLOCATE|[76]|Bytes:5
13:45:21.235 (241761971)|HEAP_ALLOCATE|[76]|Bytes:16
13:45:21.235 (241770369)|VARIABLE_SCOPE_BEGIN|[76]|s|Student__c|true|false
13:45:21.235 (241786520)|VARIABLE_ASSIGNMENT|[76]|s|{"Id":"a0I0o000019bcdsEAA","Name":"truong vy 1","State__c":"Passed"}|0x1bf3d8b1
13:45:21.235 (241793516)|STATEMENT_EXECUTE|[77]
13:45:21.235 (241805155)|HEAP_ALLOCATE|[78]|Bytes:4
13:45:21.235 (241854098)|STATEMENT_EXECUTE|[78]
13:45:21.235 (241864707)|HEAP_ALLOCATE|[76]|Bytes:5
13:45:21.235 (241875341)|HEAP_ALLOCATE|[76]|Bytes:16
13:45:21.235 (241882112)|VARIABLE_SCOPE_BEGIN|[76]|s|Student__c|true|false
13:45:21.235 (241898102)|VARIABLE_ASSIGNMENT|[76]|s|{"Id":"a0I0o000019bcdtEAA","Name":"truong vy 2","State__c":"Passed"}|0x1923294
13:45:21.235 (241903488)|STATEMENT_EXECUTE|[77]
13:45:21.235 (241921182)|STATEMENT_EXECUTE|[78]
13:45:21.235 (241928661)|HEAP_ALLOCATE|[76]|Bytes:5
13:45:21.235 (241937667)|HEAP_ALLOCATE|[76]|Bytes:16
13:45:21.235 (241942552)|VARIABLE_SCOPE_BEGIN|[76]|s|Student__c|true|false
13:45:21.235 (241958043)|VARIABLE_ASSIGNMENT|[76]|s|{"Id":"a0I0o000019bcduEAA","Name":"truong vy 3","State__c":"Passed"}|0x58411c24
13:45:21.235 (241963692)|STATEMENT_EXECUTE|[77]
13:45:21.235 (241979004)|STATEMENT_EXECUTE|[78]
13:45:21.235 (241985795)|HEAP_ALLOCATE|[76]|Bytes:5
13:45:21.235 (241993901)|HEAP_ALLOCATE|[76]|Bytes:16
13:45:21.235 (241998820)|VARIABLE_SCOPE_BEGIN|[76]|s|Student__c|true|false
13:45:21.235 (242011617)|VARIABLE_ASSIGNMENT|[76]|s|{"Id":"a0I0o000019bcdvEAA","Name":"truong vy 4","State__c":"Failed"}|0xaa9687
13:45:21.235 (242017741)|STATEMENT_EXECUTE|[77]
13:45:21.235 (242031843)|STATEMENT_EXECUTE|[78]
13:45:21.235 (242038631)|HEAP_ALLOCATE|[76]|Bytes:5
13:45:21.235 (242046662)|HEAP_ALLOCATE|[76]|Bytes:16
13:45:21.235 (242051532)|VARIABLE_SCOPE_BEGIN|[76]|s|Student__c|true|false
13:45:21.235 (242064602)|VARIABLE_ASSIGNMENT|[76]|s|{"Id":"a0I0o000019bcdwEAA","Name":"truong vy 5","State__c":"Failed"}|0x519e073
13:45:21.235 (242069729)|STATEMENT_EXECUTE|[77]
13:45:21.235 (242083577)|STATEMENT_EXECUTE|[78]
13:45:21.235 (242090162)|HEAP_ALLOCATE|[76]|Bytes:5
13:45:21.235 (242100877)|VARIABLE_ASSIGNMENT|[76]|s|null|
13:45:21.235 (242105986)|STATEMENT_EXECUTE|[84]
13:45:21.235 (242109197)|HEAP_ALLOCATE|[84]|Bytes:131
13:45:21.235 (242123174)|HEAP_ALLOCATE|[84]|Bytes:4
13:45:21.235 (242395460)|SOQL_EXECUTE_BEGIN|[84]|Aggregations:0|SELECT id, NumberOfStudents__c, NumberOfPassedStudents__c, NumberOfFailedStudents__c FROM Class__c WHERE className__c = 'Chemistry'
13:45:21.235 (246951149)|SOQL_EXECUTE_END|[84]|Rows:1
13:45:21.235 (246995697)|HEAP_ALLOCATE|[84]|Bytes:8
13:45:21.235 (247022186)|HEAP_ALLOCATE|[84]|Bytes:218
13:45:21.235 (247060906)|HEAP_ALLOCATE|[84]|Bytes:8
13:45:21.235 (247080430)|HEAP_ALLOCATE|[84]|Bytes:34
13:45:21.235 (247103405)|HEAP_ALLOCATE|[84]|Bytes:20
13:45:21.235 (247119177)|VARIABLE_SCOPE_BEGIN|[84]|classChemistry|Class__c|true|false
13:45:21.235 (247162927)|VARIABLE_ASSIGNMENT|[84]|classChemistry|{"Id":"a0H0o00000fKyFtEAK","NumberOfStudents__c":5,"NumberOfPassedStudents__c":3,"NumberOfFailedStudents__c":2}|0x27707688
13:45:21.235 (247176882)|STATEMENT_EXECUTE|[91]
13:45:21.235 (247391920)|EXCEPTION_THROWN|[91]|System.AssertException: Assertion Failed: Expected: 5, Actual: 4
13:45:21.235 (247577936)|HEAP_ALLOCATE|[91]|Bytes:44
13:45:21.235 (247717467)|FATAL_ERROR|System.AssertException: Assertion Failed: Expected: 5, Actual: 4

Class.TriggerStudentTest.TestTriggerHandle: line 91, column 1
13:45:21.235 (247740162)|FATAL_ERROR|System.AssertException: Assertion Failed: Expected: 5, Actual: 4

Class.TriggerStudentTest.TestTriggerHandle: line 91, column 1
13:45:21.247 (247751653)|CUMULATIVE_LIMIT_USAGE
13:45:21.247 (247751653)|LIMIT_USAGE_FOR_NS|(default)|
  Number of SOQL queries: 3 out of 100
  Number of query rows: 9 out of 50000
  Number of SOSL queries: 0 out of 20
  Number of DML statements: 6 out of 150
  Number of DML rows: 13 out of 10000
  Maximum CPU time: 0 out of 10000
  Maximum heap size: 0 out of 6000000
  Number of callouts: 0 out of 100
  Number of Email Invocations: 0 out of 10
  Number of future calls: 0 out of 50
  Number of queueable jobs added to the queue: 0 out of 50
  Number of Mobile Apex push calls: 0 out of 10

13:45:21.247 (247751653)|TESTING_LIMITS
13:45:21.247 (247751653)|LIMIT_USAGE_FOR_NS|(default)|
  Number of SOQL queries: 2 out of 100
  Number of query rows: 6 out of 50000
  Number of SOSL queries: 0 out of 20
  Number of DML statements: 0 out of 150
  Number of DML rows: 0 out of 10000
  Maximum CPU time: 0 out of 10000
  Maximum heap size: 0 out of 6000000
  Number of callouts: 0 out of 100
  Number of Email Invocations: 0 out of 10
  Number of future calls: 0 out of 50
  Number of queueable jobs added to the queue: 0 out of 50
  Number of Mobile Apex push calls: 0 out of 10

13:45:21.247 (247751653)|CUMULATIVE_LIMIT_USAGE_END

13:45:21.235 (247812938)|CODE_UNIT_FINISHED|TriggerStudentTest.TestTriggerHandle()
13:45:21.235 (248826882)|EXECUTION_FINISHED
