36.0 APEX_CODE,FINEST;APEX_PROFILING,INFO;CALLOUT,INFO;DB,INFO;NBA,INFO;SYSTEM,DEBUG;VALIDATION,INFO;VISUALFORCE,INFO;WAVE,INFO;WORKFLOW,INFO
01:25:09.0 (147689)|USER_INFO|[EXTERNAL]|0050o00000WkyGG|ttvy@keizu.co.jp|Pacific Standard Time|GMT-07:00
01:25:09.0 (208510)|EXECUTION_STARTED
01:25:09.0 (216013)|CODE_UNIT_STARTED|[EXTERNAL]|0660o000008sEYc|VF: /apex/MainPage
01:25:09.0 (492573)|VF_DESERIALIZE_VIEWSTATE_BEGIN|0660o000008sEYc
01:25:09.0 (8509719)|VF_DESERIALIZE_VIEWSTATE_END
01:25:09.0 (9580974)|SYSTEM_MODE_ENTER|true
01:25:09.0 (9713652)|HEAP_ALLOCATE|[72]|Bytes:3
01:25:09.0 (9771836)|HEAP_ALLOCATE|[77]|Bytes:152
01:25:09.0 (9798023)|HEAP_ALLOCATE|[342]|Bytes:408
01:25:09.0 (9825579)|HEAP_ALLOCATE|[355]|Bytes:408
01:25:09.0 (9853734)|HEAP_ALLOCATE|[467]|Bytes:48
01:25:09.0 (9895022)|HEAP_ALLOCATE|[139]|Bytes:6
01:25:09.0 (9927714)|HEAP_ALLOCATE|[EXTERNAL]|Bytes:348
01:25:09.0 (9942773)|HEAP_ALLOCATE|[EXTERNAL]|Bytes:51
01:25:09.0 (9958826)|METHOD_ENTRY|[1]|01p0o00000GLKhZ|Controller.Controller()
01:25:09.0 (9968874)|STATEMENT_EXECUTE|[1]
01:25:09.0 (9975649)|STATEMENT_EXECUTE|[1]
01:25:09.0 (10009524)|HEAP_ALLOCATE|[50]|Bytes:5
01:25:09.0 (10043418)|HEAP_ALLOCATE|[56]|Bytes:5
01:25:09.0 (10062162)|HEAP_ALLOCATE|[64]|Bytes:7
01:25:09.0 (10090536)|SYSTEM_MODE_ENTER|false
01:25:09.0 (10109928)|HEAP_ALLOCATE|[EXTERNAL]|Bytes:5
01:25:09.0 (10123561)|SYSTEM_MODE_EXIT|false
01:25:09.0 (10137393)|METHOD_EXIT|[1]|Controller
01:25:09.0 (10363469)|SYSTEM_MODE_ENTER|true
01:25:09.0 (10700778)|HEAP_ALLOCATE|[EXTERNAL]|Bytes:60
01:25:09.0 (10719884)|VARIABLE_SCOPE_BEGIN|[33]|this|Controller|true|false
01:25:09.0 (10846674)|VARIABLE_ASSIGNMENT|[33]|this|{}|0x1dee6568
01:25:09.0 (10875096)|SYSTEM_MODE_ENTER|false
01:25:09.0 (10888093)|HEAP_ALLOCATE|[34]|Bytes:5
01:25:09.0 (10896584)|STATEMENT_EXECUTE|[33]
01:25:09.0 (10899752)|STATEMENT_EXECUTE|[34]
01:25:09.0 (10918978)|HEAP_ALLOCATE|[34]|Bytes:4
01:25:09.0 (10974206)|VARIABLE_SCOPE_BEGIN|[34]|options|List<System.SelectOption>|true|false
01:25:09.0 (11020093)|HEAP_ALLOCATE|[EXTERNAL]|Bytes:4
01:25:09.0 (11038604)|VARIABLE_ASSIGNMENT|[34]|options|[]|0x12b66af4
01:25:09.0 (11048643)|STATEMENT_EXECUTE|[35]
01:25:09.0 (11057073)|HEAP_ALLOCATE|[35]|Bytes:33
01:25:09.0 (11084345)|HEAP_ALLOCATE|[35]|Bytes:4
01:25:09.0 (11706382)|SOQL_EXECUTE_BEGIN|[35]|Aggregations:0|SELECT className__C FROM Class__c
01:25:09.0 (15112930)|SOQL_EXECUTE_END|[35]|Rows:4
01:25:09.0 (15147223)|HEAP_ALLOCATE|[35]|Bytes:20
01:25:09.0 (15172480)|HEAP_ALLOCATE|[35]|Bytes:193
01:25:09.0 (15250680)|HEAP_ALLOCATE|[35]|Bytes:20
01:25:09.0 (15269576)|VARIABLE_SCOPE_BEGIN|[35]|data|List<Class__c>|true|false
01:25:09.0 (15337026)|VARIABLE_ASSIGNMENT|[35]|data|[{"className__c":"Name","Id":"a0H0o00000fIXZEEA4"},{"className__c":"L02","Id":"a0H0o00000fIXflEAG"},{"className__c":"L01","Id":"a0H0o00000fIXZYEA4"},{"className__c":"L03","Id":"a0H0o00000fIXg0EAG"}]|0x54b6088f
01:25:09.0 (15573291)|HEAP_ALLOCATE|[36]|Bytes:5
01:25:09.0 (15606334)|HEAP_ALLOCATE|[36]|Bytes:12
01:25:09.0 (15620024)|VARIABLE_SCOPE_BEGIN|[36]|c|Class__c|true|false
01:25:09.0 (15638289)|VARIABLE_ASSIGNMENT|[36]|c|{"className__c":"Name","Id":"a0H0o00000fIXZEEA4"}|0xec13905
01:25:09.0 (15646189)|STATEMENT_EXECUTE|[36]
01:25:09.0 (15648619)|STATEMENT_EXECUTE|[37]
01:25:09.0 (15656866)|HEAP_ALLOCATE|[37]|Bytes:12
01:25:09.0 (15769243)|HEAP_ALLOCATE|[37]|Bytes:4
01:25:09.0 (15820800)|HEAP_ALLOCATE|[37]|Bytes:4
01:25:09.0 (15868966)|HEAP_ALLOCATE|[EXTERNAL]|Bytes:4
01:25:09.0 (15888008)|HEAP_ALLOCATE|[36]|Bytes:5
01:25:09.0 (15901036)|HEAP_ALLOCATE|[36]|Bytes:12
01:25:09.0 (15908597)|VARIABLE_SCOPE_BEGIN|[36]|c|Class__c|true|false
01:25:09.0 (15929086)|VARIABLE_ASSIGNMENT|[36]|c|{"className__c":"L02","Id":"a0H0o00000fIXflEAG"}|0x228cbdf5
01:25:09.0 (15935657)|STATEMENT_EXECUTE|[36]
01:25:09.0 (15937639)|STATEMENT_EXECUTE|[37]
01:25:09.0 (15994264)|HEAP_ALLOCATE|[37]|Bytes:3
01:25:09.0 (16032846)|HEAP_ALLOCATE|[37]|Bytes:3
01:25:09.0 (16053565)|HEAP_ALLOCATE|[EXTERNAL]|Bytes:4
01:25:09.0 (16072623)|HEAP_ALLOCATE|[36]|Bytes:5
01:25:09.0 (16084677)|HEAP_ALLOCATE|[36]|Bytes:12
01:25:09.0 (16092012)|VARIABLE_SCOPE_BEGIN|[36]|c|Class__c|true|false
01:25:09.0 (16107877)|VARIABLE_ASSIGNMENT|[36]|c|{"className__c":"L01","Id":"a0H0o00000fIXZYEA4"}|0x7e607870
01:25:09.0 (16113451)|STATEMENT_EXECUTE|[36]
01:25:09.0 (16115197)|STATEMENT_EXECUTE|[37]
01:25:09.0 (16152666)|HEAP_ALLOCATE|[37]|Bytes:3
01:25:09.0 (16187813)|HEAP_ALLOCATE|[37]|Bytes:3
01:25:09.0 (16206086)|HEAP_ALLOCATE|[EXTERNAL]|Bytes:4
01:25:09.0 (16223621)|HEAP_ALLOCATE|[36]|Bytes:5
01:25:09.0 (16234400)|HEAP_ALLOCATE|[36]|Bytes:12
01:25:09.0 (16240654)|VARIABLE_SCOPE_BEGIN|[36]|c|Class__c|true|false
01:25:09.0 (16255246)|VARIABLE_ASSIGNMENT|[36]|c|{"className__c":"L03","Id":"a0H0o00000fIXg0EAG"}|0x603f48a4
01:25:09.0 (16260798)|STATEMENT_EXECUTE|[36]
01:25:09.0 (16262543)|STATEMENT_EXECUTE|[37]
01:25:09.0 (16308398)|HEAP_ALLOCATE|[37]|Bytes:3
01:25:09.0 (16343966)|HEAP_ALLOCATE|[37]|Bytes:3
01:25:09.0 (16364901)|HEAP_ALLOCATE|[EXTERNAL]|Bytes:4
01:25:09.0 (16379144)|HEAP_ALLOCATE|[36]|Bytes:5
01:25:09.0 (16392004)|VARIABLE_ASSIGNMENT|[36]|c|null|
01:25:09.0 (16396924)|STATEMENT_EXECUTE|[40]
01:25:09.0 (16402735)|SYSTEM_MODE_EXIT|false
01:25:09.0 (16582652)|SYSTEM_MODE_ENTER|true
01:25:09.0 (16817767)|SYSTEM_MODE_ENTER|true
01:25:09.0 (16848088)|HEAP_ALLOCATE|[EXTERNAL]|Bytes:60
01:25:09.0 (16868886)|VARIABLE_ASSIGNMENT|[EXTERNAL]|this.userinput|""|0x1dee6568
01:25:09.0 (16913371)|SYSTEM_MODE_ENTER|true
01:25:09.0 (16929471)|HEAP_ALLOCATE|[EXTERNAL]|Bytes:4
01:25:09.0 (16933901)|HEAP_ALLOCATE|[EXTERNAL]|Bytes:60
01:25:09.0 (16942864)|VARIABLE_ASSIGNMENT|[EXTERNAL]|this.userselect|"Name"|0x1dee6568
01:25:09.0 (17104791)|HEAP_ALLOCATE|[EXTERNAL]|Bytes:60
01:25:09.0 (17116933)|VARIABLE_SCOPE_BEGIN|[17]|this|Controller|true|false
01:25:09.0 (17157750)|VARIABLE_ASSIGNMENT|[17]|this|{"userinput":"","userselect":"Name"}|0x1dee6568
01:25:09.0 (17172539)|SYSTEM_MODE_ENTER|false
01:25:09.0 (17180287)|HEAP_ALLOCATE|[18]|Bytes:5
01:25:09.0 (17185391)|STATEMENT_EXECUTE|[17]
01:25:09.0 (17187388)|STATEMENT_EXECUTE|[18]
01:25:09.0 (17192710)|HEAP_ALLOCATE|[18]|Bytes:19
01:25:09.0 (17226589)|VARIABLE_SCOPE_BEGIN|[18]|pr|System.PageReference|true|false
01:25:09.0 (22613965)|VARIABLE_ASSIGNMENT|[18]|pr|"/apex/AddNewStudent"|0x5afb92bf
01:25:09.0 (22637780)|STATEMENT_EXECUTE|[19]
01:25:09.0 (22741953)|STATEMENT_EXECUTE|[20]
01:25:09.0 (22751465)|SYSTEM_MODE_EXIT|false
01:25:09.24 (24722000)|CUMULATIVE_LIMIT_USAGE
01:25:09.24 (24722000)|LIMIT_USAGE_FOR_NS|(default)|
  Number of SOQL queries: 1 out of 100
  Number of query rows: 4 out of 50000
  Number of SOSL queries: 0 out of 20
  Number of DML statements: 0 out of 150
  Number of DML rows: 0 out of 10000
  Maximum CPU time: 0 out of 10000
  Maximum heap size: 0 out of 6000000
  Number of callouts: 0 out of 100
  Number of Email Invocations: 0 out of 10
  Number of future calls: 0 out of 50
  Number of queueable jobs added to the queue: 0 out of 50
  Number of Mobile Apex push calls: 0 out of 10

01:25:09.24 (24722000)|CUMULATIVE_LIMIT_USAGE_END

01:25:09.0 (24772682)|CODE_UNIT_FINISHED|VF: /apex/MainPage
01:25:09.0 (26693048)|EXECUTION_FINISHED
