45.0 APEX_CODE,FINEST;APEX_PROFILING,INFO;CALLOUT,INFO;DB,INFO;NBA,INFO;SYSTEM,DEBUG;VALIDATION,INFO;VISUALFORCE,INFO;WAVE,INFO;WORKFLOW,INFO
Execute Anonymous: System.schedule('ImportDataPatch', '0 10 * * * ?', new ImportDataScheduleBatch());
02:08:16.1 (1516741)|USER_INFO|[EXTERNAL]|0050o00000WkyGG|ttvy@keizu.co.jp|(GMT-07:00) Pacific Daylight Time (America/Los_Angeles)|GMT-07:00
02:08:16.1 (1542197)|EXECUTION_STARTED
02:08:16.1 (1546528)|CODE_UNIT_STARTED|[EXTERNAL]|execute_anonymous_apex
02:08:16.1 (1828708)|HEAP_ALLOCATE|[72]|Bytes:3
02:08:16.1 (1865026)|HEAP_ALLOCATE|[77]|Bytes:152
02:08:16.1 (1877832)|HEAP_ALLOCATE|[342]|Bytes:408
02:08:16.1 (1890744)|HEAP_ALLOCATE|[355]|Bytes:408
02:08:16.1 (1901120)|HEAP_ALLOCATE|[467]|Bytes:48
02:08:16.1 (1929977)|HEAP_ALLOCATE|[139]|Bytes:6
02:08:16.1 (1987056)|HEAP_ALLOCATE|[EXTERNAL]|Bytes:1
02:08:16.1 (2071999)|STATEMENT_EXECUTE|[1]
02:08:16.1 (2076947)|STATEMENT_EXECUTE|[1]
02:08:16.1 (2080176)|HEAP_ALLOCATE|[1]|Bytes:15
02:08:16.1 (2087036)|HEAP_ALLOCATE|[1]|Bytes:12
02:08:16.1 (3569516)|HEAP_ALLOCATE|[1]|Bytes:1
02:08:16.1 (3583938)|HEAP_ALLOCATE|[1]|Bytes:2
02:08:16.1 (3641107)|METHOD_ENTRY|[1]|01p0o00000GMW5U|ImportDataScheduleBatch.ImportDataScheduleBatch()
02:08:16.1 (3650546)|STATEMENT_EXECUTE|[1]
02:08:16.1 (3656931)|STATEMENT_EXECUTE|[1]
02:08:16.1 (3666100)|METHOD_EXIT|[1]|ImportDataScheduleBatch
02:08:16.1 (3692648)|HEAP_ALLOCATE|[1]|Bytes:8
02:08:16.1 (3727951)|HEAP_ALLOCATE|[50]|Bytes:5
02:08:16.1 (3750371)|HEAP_ALLOCATE|[56]|Bytes:5
02:08:16.1 (3764427)|HEAP_ALLOCATE|[64]|Bytes:7
02:08:16.1 (3785684)|SYSTEM_MODE_ENTER|false
02:08:16.1 (3852191)|HEAP_ALLOCATE|[1]|Bytes:5
02:08:16.1 (3875128)|CONSTRUCTOR_ENTRY|[1]|01p0o00000GMW5U|<init>()|ImportDataScheduleBatch
02:08:16.1 (3914387)|VARIABLE_SCOPE_BEGIN|[1]|this|ImportDataScheduleBatch|true|false
02:08:16.1 (4005511)|VARIABLE_ASSIGNMENT|[1]|this|{}|0x42a94210
02:08:16.1 (4020817)|HEAP_ALLOCATE|[2]|Bytes:6
02:08:16.1 (4070752)|STATEMENT_EXECUTE|[1]
02:08:16.1 (4072751)|STATEMENT_EXECUTE|[2]
02:08:16.1 (4090047)|VARIABLE_ASSIGNMENT|[2]|this.runtime|null|0x42a94210
02:08:16.1 (4107939)|CONSTRUCTOR_EXIT|[1]|01p0o00000GMW5U|<init>()|ImportDataScheduleBatch
02:08:16.1 (4127136)|SYSTEM_MODE_EXIT|false
02:08:16.54 (54991555)|CUMULATIVE_LIMIT_USAGE
02:08:16.54 (54991555)|LIMIT_USAGE_FOR_NS|(default)|
  Number of SOQL queries: 0 out of 100
  Number of query rows: 0 out of 50000
  Number of SOSL queries: 0 out of 20
  Number of DML statements: 0 out of 150
  Number of DML rows: 0 out of 10000
  Maximum CPU time: 0 out of 10000
  Maximum heap size: 0 out of 6000000
  Number of callouts: 0 out of 100
  Number of Email Invocations: 0 out of 10
  Number of future calls: 0 out of 50
  Number of queueable jobs added to the queue: 0 out of 50
  Number of Mobile Apex push calls: 0 out of 10

02:08:16.54 (54991555)|CUMULATIVE_LIMIT_USAGE_END

02:08:16.1 (55063677)|CODE_UNIT_FINISHED|execute_anonymous_apex
02:08:16.1 (56098132)|EXECUTION_FINISHED
