36.0 APEX_CODE,FINEST;APEX_PROFILING,INFO;CALLOUT,INFO;DB,INFO;NBA,INFO;SYSTEM,DEBUG;VALIDATION,INFO;VISUALFORCE,INFO;WAVE,INFO;WORKFLOW,INFO
23:36:04.0 (444720)|USER_INFO|[EXTERNAL]|0050o00000WkyGG|ttvy@keizu.co.jp|Pacific Standard Time|GMT-07:00
23:36:04.0 (494491)|EXECUTION_STARTED
23:36:04.0 (501491)|CODE_UNIT_STARTED|[EXTERNAL]|0660o000008sEYc|VF: /apex/MainPage
23:36:04.0 (3648403)|SYSTEM_MODE_ENTER|true
23:36:04.0 (4012286)|HEAP_ALLOCATE|[72]|Bytes:3
23:36:04.0 (4046845)|HEAP_ALLOCATE|[77]|Bytes:152
23:36:04.0 (4060658)|HEAP_ALLOCATE|[342]|Bytes:408
23:36:04.0 (4073413)|HEAP_ALLOCATE|[355]|Bytes:408
23:36:04.0 (4084846)|HEAP_ALLOCATE|[467]|Bytes:48
23:36:04.0 (4111153)|HEAP_ALLOCATE|[139]|Bytes:6
23:36:04.0 (4130472)|HEAP_ALLOCATE|[EXTERNAL]|Bytes:176
23:36:04.0 (4136141)|HEAP_ALLOCATE|[EXTERNAL]|Bytes:23
23:36:04.0 (4139991)|HEAP_ALLOCATE|[EXTERNAL]|Bytes:2
23:36:04.0 (4150745)|METHOD_ENTRY|[1]|01p0o00000GLKhZ|Controller.Controller()
23:36:04.0 (4157616)|STATEMENT_EXECUTE|[1]
23:36:04.0 (4163073)|STATEMENT_EXECUTE|[1]
23:36:04.0 (4189190)|HEAP_ALLOCATE|[50]|Bytes:5
23:36:04.0 (4212982)|HEAP_ALLOCATE|[56]|Bytes:5
23:36:04.0 (4221050)|HEAP_ALLOCATE|[64]|Bytes:7
23:36:04.0 (4237778)|SYSTEM_MODE_ENTER|false
23:36:04.0 (4253336)|HEAP_ALLOCATE|[EXTERNAL]|Bytes:5
23:36:04.0 (4260714)|SYSTEM_MODE_EXIT|false
23:36:04.0 (4269120)|METHOD_EXIT|[1]|Controller
23:36:04.0 (4284201)|HEAP_ALLOCATE|[EXTERNAL]|Bytes:24
23:36:04.0 (4291965)|VARIABLE_SCOPE_BEGIN|[1]|this|Controller|true|false
23:36:04.0 (4351090)|VARIABLE_ASSIGNMENT|[1]|this|{}|0x406978ce
23:36:04.0 (4363792)|SYSTEM_MODE_ENTER|false
23:36:04.0 (4370471)|HEAP_ALLOCATE|[EXTERNAL]|Bytes:5
23:36:04.0 (4379102)|HEAP_ALLOCATE|[EXTERNAL]|Bytes:6
23:36:04.0 (4416513)|SYSTEM_MODE_EXIT|false
23:36:04.0 (4422481)|STATEMENT_EXECUTE|[1]
23:36:04.0 (4427108)|SYSTEM_MODE_ENTER|false
23:36:04.0 (4431987)|HEAP_ALLOCATE|[EXTERNAL]|Bytes:5
23:36:04.0 (4435809)|STATEMENT_EXECUTE|[2]
23:36:04.0 (4437969)|STATEMENT_EXECUTE|[3]
23:36:04.0 (4439831)|STATEMENT_EXECUTE|[4]
23:36:04.0 (4441350)|STATEMENT_EXECUTE|[5]
23:36:04.0 (4442956)|STATEMENT_EXECUTE|[6]
23:36:04.0 (4445497)|SYSTEM_MODE_EXIT|false
23:36:04.4 (4739037)|SYSTEM_MODE_ENTER|true
23:36:04.4 (4768201)|HEAP_ALLOCATE|[EXTERNAL]|Bytes:38
23:36:04.4 (4774745)|HEAP_ALLOCATE|[EXTERNAL]|Bytes:7
23:36:04.4 (4918359)|SYSTEM_MODE_ENTER|true
23:36:04.4 (4992592)|HEAP_ALLOCATE|[EXTERNAL]|Bytes:8
23:36:04.4 (5000464)|VARIABLE_SCOPE_BEGIN|[88]|this|ApexPage.PageMessagesComponentController|true|false
23:36:04.4 (5026387)|VARIABLE_ASSIGNMENT|[88]|this|{}|0x4ef479a
23:36:04.4 (5033902)|VARIABLE_SCOPE_BEGIN|[88]|escape|Boolean|false|false
23:36:04.4 (5042484)|VARIABLE_ASSIGNMENT|[88]|escape|null
23:36:04.5 (5205688)|SYSTEM_MODE_ENTER|true
23:36:04.5 (5253404)|HEAP_ALLOCATE|[EXTERNAL]|Bytes:8
23:36:04.5 (5261105)|VARIABLE_SCOPE_BEGIN|[2]|this|ApexPage.PageMessagesComponentController|true|false
23:36:04.5 (5282881)|VARIABLE_ASSIGNMENT|[2]|this|{}|0x4ef479a
23:36:04.0 (6075143)|SYSTEM_MODE_ENTER|true
23:36:04.0 (6839575)|SYSTEM_MODE_ENTER|true
23:36:04.0 (7028316)|SYSTEM_MODE_ENTER|true
23:36:04.0 (7082573)|HEAP_ALLOCATE|[EXTERNAL]|Bytes:24
23:36:04.0 (7092330)|VARIABLE_SCOPE_BEGIN|[12]|this|Controller|true|false
23:36:04.0 (7117414)|VARIABLE_ASSIGNMENT|[12]|this|{}|0x406978ce
23:36:04.0 (7131515)|SYSTEM_MODE_ENTER|false
23:36:04.0 (7139341)|HEAP_ALLOCATE|[13]|Bytes:5
23:36:04.0 (7144631)|STATEMENT_EXECUTE|[12]
23:36:04.0 (7146947)|STATEMENT_EXECUTE|[13]
23:36:04.0 (7158479)|HEAP_ALLOCATE|[13]|Bytes:4
23:36:04.0 (7188936)|VARIABLE_SCOPE_BEGIN|[13]|options|List<System.SelectOption>|true|false
23:36:04.0 (7215006)|HEAP_ALLOCATE|[EXTERNAL]|Bytes:4
23:36:04.0 (7227772)|VARIABLE_ASSIGNMENT|[13]|options|[]|0x102288cf
23:36:04.0 (7233965)|STATEMENT_EXECUTE|[14]
23:36:04.0 (7237767)|HEAP_ALLOCATE|[14]|Bytes:33
23:36:04.0 (7254672)|HEAP_ALLOCATE|[14]|Bytes:4
23:36:04.0 (7471523)|SOQL_EXECUTE_BEGIN|[14]|Aggregations:0|SELECT className__C FROM Class__c
23:36:04.0 (20128159)|SOQL_EXECUTE_END|[14]|Rows:4
23:36:04.0 (20164468)|HEAP_ALLOCATE|[14]|Bytes:20
23:36:04.0 (20192385)|HEAP_ALLOCATE|[14]|Bytes:193
23:36:04.0 (20294266)|HEAP_ALLOCATE|[14]|Bytes:20
23:36:04.0 (20317239)|VARIABLE_SCOPE_BEGIN|[14]|data|List<Class__c>|true|false
23:36:04.0 (20367462)|VARIABLE_ASSIGNMENT|[14]|data|[{"className__c":"Name","Id":"a0H0o00000fIXZEEA4"},{"className__c":"L02","Id":"a0H0o00000fIXflEAG"},{"className__c":"L01","Id":"a0H0o00000fIXZYEA4"},{"className__c":"L03","Id":"a0H0o00000fIXg0EAG"}]|0x7a3501a8
23:36:04.0 (20576538)|HEAP_ALLOCATE|[15]|Bytes:5
23:36:04.0 (20608292)|HEAP_ALLOCATE|[15]|Bytes:12
23:36:04.0 (20619737)|VARIABLE_SCOPE_BEGIN|[15]|c|Class__c|true|false
23:36:04.0 (20638792)|VARIABLE_ASSIGNMENT|[15]|c|{"className__c":"Name","Id":"a0H0o00000fIXZEEA4"}|0x296f7af7
23:36:04.0 (20647128)|STATEMENT_EXECUTE|[15]
23:36:04.0 (20650133)|STATEMENT_EXECUTE|[16]
23:36:04.0 (20662259)|HEAP_ALLOCATE|[16]|Bytes:12
23:36:04.0 (20762309)|HEAP_ALLOCATE|[16]|Bytes:4
23:36:04.0 (20817504)|HEAP_ALLOCATE|[16]|Bytes:4
23:36:04.0 (20873118)|HEAP_ALLOCATE|[EXTERNAL]|Bytes:4
23:36:04.0 (20890459)|HEAP_ALLOCATE|[15]|Bytes:5
23:36:04.0 (20906880)|HEAP_ALLOCATE|[15]|Bytes:12
23:36:04.0 (20914538)|VARIABLE_SCOPE_BEGIN|[15]|c|Class__c|true|false
23:36:04.0 (20931850)|VARIABLE_ASSIGNMENT|[15]|c|{"className__c":"L02","Id":"a0H0o00000fIXflEAG"}|0x726cb392
23:36:04.0 (20938621)|STATEMENT_EXECUTE|[15]
23:36:04.0 (20940566)|STATEMENT_EXECUTE|[16]
23:36:04.0 (20974805)|HEAP_ALLOCATE|[16]|Bytes:3
23:36:04.0 (21001829)|HEAP_ALLOCATE|[16]|Bytes:3
23:36:04.0 (21020696)|HEAP_ALLOCATE|[EXTERNAL]|Bytes:4
23:36:04.0 (21033623)|HEAP_ALLOCATE|[15]|Bytes:5
23:36:04.0 (21044147)|HEAP_ALLOCATE|[15]|Bytes:12
23:36:04.0 (21050465)|VARIABLE_SCOPE_BEGIN|[15]|c|Class__c|true|false
23:36:04.0 (21066389)|VARIABLE_ASSIGNMENT|[15]|c|{"className__c":"L01","Id":"a0H0o00000fIXZYEA4"}|0x74399f19
23:36:04.0 (21072507)|STATEMENT_EXECUTE|[15]
23:36:04.0 (21074442)|STATEMENT_EXECUTE|[16]
23:36:04.0 (21141231)|HEAP_ALLOCATE|[16]|Bytes:3
23:36:04.0 (21192546)|HEAP_ALLOCATE|[16]|Bytes:3
23:36:04.0 (21219661)|HEAP_ALLOCATE|[EXTERNAL]|Bytes:4
23:36:04.0 (21238504)|HEAP_ALLOCATE|[15]|Bytes:5
23:36:04.0 (21253994)|HEAP_ALLOCATE|[15]|Bytes:12
23:36:04.0 (21264970)|VARIABLE_SCOPE_BEGIN|[15]|c|Class__c|true|false
23:36:04.0 (21290540)|VARIABLE_ASSIGNMENT|[15]|c|{"className__c":"L03","Id":"a0H0o00000fIXg0EAG"}|0x6b9b3f56
23:36:04.0 (21316997)|STATEMENT_EXECUTE|[15]
23:36:04.0 (21319916)|STATEMENT_EXECUTE|[16]
23:36:04.0 (21376329)|HEAP_ALLOCATE|[16]|Bytes:3
23:36:04.0 (21428903)|HEAP_ALLOCATE|[16]|Bytes:3
23:36:04.0 (21460200)|HEAP_ALLOCATE|[EXTERNAL]|Bytes:4
23:36:04.0 (21484389)|HEAP_ALLOCATE|[15]|Bytes:5
23:36:04.0 (21508923)|VARIABLE_ASSIGNMENT|[15]|c|null|
23:36:04.0 (21520274)|STATEMENT_EXECUTE|[19]
23:36:04.0 (21528953)|SYSTEM_MODE_EXIT|false
23:36:04.0 (21909280)|SYSTEM_MODE_ENTER|true
23:36:04.23 (23413741)|SYSTEM_MODE_ENTER|true
23:36:04.23 (23503053)|HEAP_ALLOCATE|[EXTERNAL]|Bytes:8
23:36:04.23 (23520054)|VARIABLE_SCOPE_BEGIN|[88]|this|ApexPage.PageMessagesComponentController|true|false
23:36:04.23 (23566318)|VARIABLE_ASSIGNMENT|[88]|this|{}|0x4ef479a
23:36:04.23 (23581657)|VARIABLE_SCOPE_BEGIN|[88]|escape|Boolean|false|false
23:36:04.23 (23594358)|VARIABLE_ASSIGNMENT|[88]|escape|null
23:36:04.23 (23781722)|SYSTEM_MODE_ENTER|true
23:36:04.23 (23855226)|HEAP_ALLOCATE|[EXTERNAL]|Bytes:8
23:36:04.23 (23868138)|VARIABLE_SCOPE_BEGIN|[2]|this|ApexPage.PageMessagesComponentController|true|false
23:36:04.23 (23895364)|VARIABLE_ASSIGNMENT|[2]|this|{}|0x4ef479a
23:36:04.0 (24785976)|SYSTEM_MODE_ENTER|true
23:36:04.0 (26490838)|VF_SERIALIZE_VIEWSTATE_BEGIN|0660o000008sEYc
23:36:04.0 (65365475)|VF_SERIALIZE_VIEWSTATE_END
23:36:04.0 (66850619)|CODE_UNIT_STARTED|[EXTERNAL]|Generate Metadata
23:36:04.0 (67417846)|CODE_UNIT_FINISHED|Generate Metadata
23:36:04.70 (70241821)|CUMULATIVE_LIMIT_USAGE
23:36:04.70 (70241821)|LIMIT_USAGE_FOR_NS|(default)|
  Number of SOQL queries: 1 out of 100
  Number of query rows: 4 out of 50000
  Number of SOSL queries: 0 out of 20
  Number of DML statements: 0 out of 150
  Number of DML rows: 0 out of 10000
  Maximum CPU time: 0 out of 10000
  Maximum heap size: 0 out of 6000000
  Number of callouts: 0 out of 100
  Number of Email Invocations: 0 out of 10
  Number of future calls: 0 out of 50
  Number of queueable jobs added to the queue: 0 out of 50
  Number of Mobile Apex push calls: 0 out of 10

23:36:04.70 (70241821)|CUMULATIVE_LIMIT_USAGE_END

23:36:04.0 (70309566)|CODE_UNIT_FINISHED|VF: /apex/MainPage
23:36:04.0 (71474693)|EXECUTION_FINISHED
