36.0 APEX_CODE,FINEST;APEX_PROFILING,INFO;CALLOUT,INFO;DB,INFO;NBA,INFO;SYSTEM,DEBUG;VALIDATION,INFO;VISUALFORCE,INFO;WAVE,INFO;WORKFLOW,INFO
00:54:17.0 (472732)|USER_INFO|[EXTERNAL]|0050o00000WkyGG|ttvy@keizu.co.jp|Pacific Standard Time|GMT-07:00
00:54:17.0 (523325)|EXECUTION_STARTED
00:54:17.0 (531431)|CODE_UNIT_STARTED|[EXTERNAL]|0660o000008sEYc|VF: /apex/MainPage
00:54:17.0 (1168997)|VF_DESERIALIZE_VIEWSTATE_BEGIN|0660o000008sEYc
00:54:17.0 (9794504)|HEAP_ALLOCATE|[72]|Bytes:3
00:54:17.0 (9851226)|HEAP_ALLOCATE|[77]|Bytes:152
00:54:17.0 (9872989)|HEAP_ALLOCATE|[342]|Bytes:408
00:54:17.0 (9904039)|HEAP_ALLOCATE|[355]|Bytes:408
00:54:17.0 (9926277)|HEAP_ALLOCATE|[467]|Bytes:48
00:54:17.0 (9963549)|HEAP_ALLOCATE|[139]|Bytes:6
00:54:17.0 (10002988)|HEAP_ALLOCATE|[50]|Bytes:5
00:54:17.0 (10036327)|HEAP_ALLOCATE|[56]|Bytes:5
00:54:17.0 (10052394)|HEAP_ALLOCATE|[64]|Bytes:7
00:54:17.0 (15308053)|VF_DESERIALIZE_VIEWSTATE_END
00:54:17.0 (16200739)|SYSTEM_MODE_ENTER|true
00:54:17.0 (16246255)|HEAP_ALLOCATE|[EXTERNAL]|Bytes:19
00:54:17.0 (16262997)|HEAP_ALLOCATE|[EXTERNAL]|Bytes:280
00:54:17.0 (16271536)|HEAP_ALLOCATE|[EXTERNAL]|Bytes:59
00:54:17.0 (16278178)|HEAP_ALLOCATE|[EXTERNAL]|Bytes:10
00:54:17.0 (16295179)|METHOD_ENTRY|[1]|01p0o00000GLKhZ|Controller.Controller()
00:54:17.0 (16306141)|STATEMENT_EXECUTE|[1]
00:54:17.0 (16314129)|STATEMENT_EXECUTE|[1]
00:54:17.0 (16325744)|SYSTEM_MODE_ENTER|false
00:54:17.0 (16344318)|HEAP_ALLOCATE|[EXTERNAL]|Bytes:5
00:54:17.0 (16352503)|STATEMENT_EXECUTE|[17]
00:54:17.0 (16355545)|STATEMENT_EXECUTE|[33]
00:54:17.0 (16362377)|SYSTEM_MODE_EXIT|false
00:54:17.0 (16376792)|METHOD_EXIT|[1]|Controller
00:54:17.0 (16453383)|HEAP_ALLOCATE|[EXTERNAL]|Bytes:188
00:54:17.0 (16464532)|HEAP_ALLOCATE|[EXTERNAL]|Bytes:17
00:54:17.20 (20869364)|SYSTEM_MODE_ENTER|true
00:54:17.20 (20969860)|HEAP_ALLOCATE|[EXTERNAL]|Bytes:38
00:54:17.20 (20984634)|HEAP_ALLOCATE|[EXTERNAL]|Bytes:7
00:54:17.22 (22090844)|SYSTEM_MODE_ENTER|true
00:54:17.22 (22174246)|HEAP_ALLOCATE|[EXTERNAL]|Bytes:8
00:54:17.22 (22185944)|VARIABLE_SCOPE_BEGIN|[88]|this|ApexPage.PageMessagesComponentController|true|false
00:54:17.22 (22302427)|VARIABLE_ASSIGNMENT|[88]|this|{}|0x6b251b9d
00:54:17.22 (22315667)|VARIABLE_SCOPE_BEGIN|[88]|escape|Boolean|false|false
00:54:17.22 (22328636)|VARIABLE_ASSIGNMENT|[88]|escape|null
00:54:17.0 (22514415)|SYSTEM_MODE_ENTER|true
00:54:17.0 (23341516)|SYSTEM_MODE_ENTER|true
00:54:17.0 (23560759)|SYSTEM_MODE_ENTER|true
00:54:17.0 (23866963)|HEAP_ALLOCATE|[EXTERNAL]|Bytes:40
00:54:17.0 (23888916)|VARIABLE_SCOPE_BEGIN|[67]|this|Controller|true|false
00:54:17.0 (23979178)|VARIABLE_ASSIGNMENT|[67]|this|{"objKeySearch":"0x6211ecae","OutputList":"0x6c840f48","student":"0x7e4cba1f","sumstudents":"Total Students : 1"}|0x5b8d6cb3
00:54:17.0 (24003125)|SYSTEM_MODE_ENTER|false
00:54:17.0 (24015616)|HEAP_ALLOCATE|[68]|Bytes:5
00:54:17.0 (24024918)|STATEMENT_EXECUTE|[67]
00:54:17.0 (24028030)|STATEMENT_EXECUTE|[68]
00:54:17.0 (24043118)|HEAP_ALLOCATE|[68]|Bytes:4
00:54:17.0 (24091386)|VARIABLE_SCOPE_BEGIN|[68]|options|List<System.SelectOption>|true|false
00:54:17.0 (24128268)|HEAP_ALLOCATE|[EXTERNAL]|Bytes:4
00:54:17.0 (24143370)|VARIABLE_ASSIGNMENT|[68]|options|[]|0x32fe04d1
00:54:17.0 (24153531)|STATEMENT_EXECUTE|[69]
00:54:17.0 (24158449)|HEAP_ALLOCATE|[69]|Bytes:33
00:54:17.0 (24180609)|HEAP_ALLOCATE|[69]|Bytes:4
00:54:17.0 (25489030)|SOQL_EXECUTE_BEGIN|[69]|Aggregations:0|SELECT className__C FROM Class__c
00:54:17.0 (28937728)|SOQL_EXECUTE_END|[69]|Rows:2
00:54:17.0 (28969245)|HEAP_ALLOCATE|[69]|Bytes:12
00:54:17.0 (28991652)|HEAP_ALLOCATE|[69]|Bytes:101
00:54:17.0 (29068246)|HEAP_ALLOCATE|[69]|Bytes:12
00:54:17.0 (29089145)|VARIABLE_SCOPE_BEGIN|[69]|data|List<Class__c>|true|false
00:54:17.0 (29140217)|VARIABLE_ASSIGNMENT|[69]|data|[{"className__c":"Math","Id":"a0H0o00000fJQOvEAO"},{"className__c":"English","Id":"a0H0o00000fJQOwEAO"}]|0x3bc1e07f
00:54:17.0 (29331661)|HEAP_ALLOCATE|[70]|Bytes:5
00:54:17.0 (29404060)|HEAP_ALLOCATE|[70]|Bytes:12
00:54:17.0 (29418767)|VARIABLE_SCOPE_BEGIN|[70]|c|Class__c|true|false
00:54:17.0 (29444791)|VARIABLE_ASSIGNMENT|[70]|c|{"className__c":"Math","Id":"a0H0o00000fJQOvEAO"}|0x1b1fe3f8
00:54:17.0 (29461585)|STATEMENT_EXECUTE|[70]
00:54:17.0 (29464427)|STATEMENT_EXECUTE|[71]
00:54:17.0 (29474605)|HEAP_ALLOCATE|[71]|Bytes:12
00:54:17.0 (29574125)|HEAP_ALLOCATE|[71]|Bytes:4
00:54:17.0 (29629514)|HEAP_ALLOCATE|[71]|Bytes:4
00:54:17.0 (29706704)|HEAP_ALLOCATE|[EXTERNAL]|Bytes:4
00:54:17.0 (29734533)|HEAP_ALLOCATE|[70]|Bytes:5
00:54:17.0 (29754583)|HEAP_ALLOCATE|[70]|Bytes:12
00:54:17.0 (29767152)|VARIABLE_SCOPE_BEGIN|[70]|c|Class__c|true|false
00:54:17.0 (29794765)|VARIABLE_ASSIGNMENT|[70]|c|{"className__c":"English","Id":"a0H0o00000fJQOwEAO"}|0x66ecb160
00:54:17.0 (29805410)|STATEMENT_EXECUTE|[70]
00:54:17.0 (29808014)|STATEMENT_EXECUTE|[71]
00:54:17.0 (29855978)|HEAP_ALLOCATE|[71]|Bytes:7
00:54:17.0 (29911455)|HEAP_ALLOCATE|[71]|Bytes:7
00:54:17.0 (29939426)|HEAP_ALLOCATE|[EXTERNAL]|Bytes:4
00:54:17.0 (29960967)|HEAP_ALLOCATE|[70]|Bytes:5
00:54:17.0 (29981084)|VARIABLE_ASSIGNMENT|[70]|c|null|
00:54:17.0 (29990675)|STATEMENT_EXECUTE|[74]
00:54:17.0 (29997432)|SYSTEM_MODE_EXIT|false
00:54:17.0 (31101282)|HEAP_ALLOCATE|[EXTERNAL]|Bytes:120
00:54:17.0 (31116835)|HEAP_ALLOCATE|[EXTERNAL]|Bytes:11
00:54:17.0 (31800179)|HEAP_ALLOCATE|[EXTERNAL]|Bytes:5
00:54:17.0 (31817526)|HEAP_ALLOCATE|[EXTERNAL]|Bytes:24
00:54:17.0 (31855283)|VARIABLE_ASSIGNMENT|[EXTERNAL]|this.increasing|false|0x6211ecae
00:54:17.0 (31940361)|HEAP_ALLOCATE|[EXTERNAL]|Bytes:4
00:54:17.0 (31949079)|HEAP_ALLOCATE|[EXTERNAL]|Bytes:24
00:54:17.0 (31963967)|VARIABLE_ASSIGNMENT|[EXTERNAL]|this.className|"Math"|0x6211ecae
00:54:17.32 (32515390)|SYSTEM_MODE_ENTER|true
00:54:17.32 (32604940)|HEAP_ALLOCATE|[EXTERNAL]|Bytes:8
00:54:17.32 (32620505)|VARIABLE_SCOPE_BEGIN|[88]|this|ApexPage.PageMessagesComponentController|true|false
00:54:17.32 (32663357)|VARIABLE_ASSIGNMENT|[88]|this|{}|0x6b251b9d
00:54:17.32 (32674470)|VARIABLE_SCOPE_BEGIN|[88]|escape|Boolean|false|false
00:54:17.32 (32688246)|VARIABLE_ASSIGNMENT|[88]|escape|null
00:54:17.0 (32956811)|HEAP_ALLOCATE|[EXTERNAL]|Bytes:5
00:54:17.0 (32970214)|HEAP_ALLOCATE|[EXTERNAL]|Bytes:12
00:54:17.0 (32985480)|VARIABLE_ASSIGNMENT|[EXTERNAL]|this.isSelected|false|0x2f3e08b6
00:54:17.0 (33445189)|HEAP_ALLOCATE|[EXTERNAL]|Bytes:40
00:54:17.0 (33461235)|VARIABLE_SCOPE_BEGIN|[55]|this|Controller|true|false
00:54:17.0 (33519816)|VARIABLE_ASSIGNMENT|[55]|this|{"objKeySearch":"0x6211ecae","OutputList":"0x6c840f48","student":"0x7e4cba1f","sumstudents":"Total Students : 1"}|0x5b8d6cb3
00:54:17.0 (33540859)|SYSTEM_MODE_ENTER|false
00:54:17.0 (33552120)|HEAP_ALLOCATE|[56]|Bytes:5
00:54:17.0 (33560410)|STATEMENT_EXECUTE|[55]
00:54:17.0 (33563118)|STATEMENT_EXECUTE|[56]
00:54:17.0 (33570867)|HEAP_ALLOCATE|[56]|Bytes:19
00:54:17.0 (33608507)|VARIABLE_SCOPE_BEGIN|[56]|pr|System.PageReference|true|false
00:54:17.0 (42294775)|VARIABLE_ASSIGNMENT|[56]|pr|"/apex/AddNewStudent"|0x1b5b4655
00:54:17.0 (42319649)|STATEMENT_EXECUTE|[57]
00:54:17.0 (42407906)|STATEMENT_EXECUTE|[58]
00:54:17.0 (42417080)|SYSTEM_MODE_EXIT|false
00:54:17.44 (44220328)|CUMULATIVE_LIMIT_USAGE
00:54:17.44 (44220328)|LIMIT_USAGE_FOR_NS|(default)|
  Number of SOQL queries: 1 out of 100
  Number of query rows: 2 out of 50000
  Number of SOSL queries: 0 out of 20
  Number of DML statements: 0 out of 150
  Number of DML rows: 0 out of 10000
  Maximum CPU time: 0 out of 10000
  Maximum heap size: 0 out of 6000000
  Number of callouts: 0 out of 100
  Number of Email Invocations: 0 out of 10
  Number of future calls: 0 out of 50
  Number of queueable jobs added to the queue: 0 out of 50
  Number of Mobile Apex push calls: 0 out of 10

00:54:17.44 (44220328)|CUMULATIVE_LIMIT_USAGE_END

00:54:17.0 (44284083)|CODE_UNIT_FINISHED|VF: /apex/MainPage
00:54:17.0 (45115149)|EXECUTION_FINISHED
