36.0 APEX_CODE,FINEST;APEX_PROFILING,INFO;CALLOUT,INFO;DB,INFO;NBA,INFO;SYSTEM,DEBUG;VALIDATION,INFO;VISUALFORCE,INFO;WAVE,INFO;WORKFLOW,INFO
03:35:23.0 (475716)|USER_INFO|[EXTERNAL]|0050o00000WkyGG|ttvy@keizu.co.jp|Pacific Standard Time|GMT-07:00
03:35:23.0 (527044)|EXECUTION_STARTED
03:35:23.0 (534079)|CODE_UNIT_STARTED|[EXTERNAL]|0660o000008sbCc|VF: /apex/AddNewStudent
03:35:23.6 (6521705)|SYSTEM_MODE_ENTER|true
03:35:23.7 (7179804)|SYSTEM_MODE_ENTER|true
03:35:23.7 (7277003)|HEAP_ALLOCATE|[EXTERNAL]|Bytes:8
03:35:23.7 (7302119)|VARIABLE_SCOPE_BEGIN|[88]|this|ApexPage.PageMessagesComponentController|true|false
03:35:23.7 (7357095)|VARIABLE_ASSIGNMENT|[88]|this|{}|0x714b9217
03:35:23.7 (7373360)|VARIABLE_SCOPE_BEGIN|[88]|escape|Boolean|false|false
03:35:23.7 (7390281)|VARIABLE_ASSIGNMENT|[88]|escape|null
03:35:23.7 (7615809)|SYSTEM_MODE_ENTER|true
03:35:23.7 (7680026)|HEAP_ALLOCATE|[EXTERNAL]|Bytes:8
03:35:23.7 (7692966)|VARIABLE_SCOPE_BEGIN|[2]|this|ApexPage.PageMessagesComponentController|true|false
03:35:23.7 (7732838)|VARIABLE_ASSIGNMENT|[2]|this|{}|0x714b9217
03:35:23.0 (13211766)|SYSTEM_MODE_ENTER|true
03:35:23.0 (13481768)|HEAP_ALLOCATE|[EXTERNAL]|Bytes:19
03:35:23.0 (13500621)|HEAP_ALLOCATE|[EXTERNAL]|Bytes:280
03:35:23.0 (13508682)|HEAP_ALLOCATE|[EXTERNAL]|Bytes:48
03:35:23.0 (13516435)|HEAP_ALLOCATE|[EXTERNAL]|Bytes:7
03:35:23.0 (13535228)|METHOD_ENTRY|[1]|01p0o00000GLKhZ|Controller.Controller()
03:35:23.0 (13546845)|STATEMENT_EXECUTE|[1]
03:35:23.0 (13553974)|STATEMENT_EXECUTE|[1]
03:35:23.0 (13567186)|SYSTEM_MODE_ENTER|false
03:35:23.0 (13580629)|HEAP_ALLOCATE|[EXTERNAL]|Bytes:5
03:35:23.0 (13589175)|STATEMENT_EXECUTE|[16]
03:35:23.0 (13591785)|STATEMENT_EXECUTE|[32]
03:35:23.0 (13599819)|SYSTEM_MODE_EXIT|false
03:35:23.0 (13612699)|METHOD_EXIT|[1]|Controller
03:35:23.0 (14203037)|HEAP_ALLOCATE|[EXTERNAL]|Bytes:40
03:35:23.0 (14222572)|VARIABLE_SCOPE_BEGIN|[11]|this|Controller|true|false
03:35:23.0 (14316830)|VARIABLE_ASSIGNMENT|[11]|this|{}|0x244043f6
03:35:23.0 (14341571)|SYSTEM_MODE_ENTER|false
03:35:23.0 (14354009)|HEAP_ALLOCATE|[12]|Bytes:5
03:35:23.0 (14361582)|STATEMENT_EXECUTE|[1]
03:35:23.0 (14368004)|HEAP_ALLOCATE|[12]|Bytes:5
03:35:23.0 (14373796)|STATEMENT_EXECUTE|[2]
03:35:23.0 (14378872)|STATEMENT_EXECUTE|[3]
03:35:23.0 (14380892)|STATEMENT_EXECUTE|[4]
03:35:23.0 (14383064)|STATEMENT_EXECUTE|[5]
03:35:23.0 (14384925)|STATEMENT_EXECUTE|[6]
03:35:23.0 (14386895)|STATEMENT_EXECUTE|[7]
03:35:23.0 (14390663)|STATEMENT_EXECUTE|[8]
03:35:23.0 (14392915)|STATEMENT_EXECUTE|[9]
03:35:23.0 (14394894)|STATEMENT_EXECUTE|[10]
03:35:23.0 (14424432)|STATEMENT_EXECUTE|[11]
03:35:23.0 (14429403)|STATEMENT_EXECUTE|[12]
03:35:23.0 (14455279)|HEAP_ALLOCATE|[12]|Bytes:4
03:35:23.0 (14675520)|VARIABLE_ASSIGNMENT|[EXTERNAL]|this|{}|0x244043f6
03:35:23.0 (14705368)|VARIABLE_ASSIGNMENT|[EXTERNAL]|value|{}|0x68bec2e4
03:35:23.0 (14734435)|VARIABLE_ASSIGNMENT|[10]|this.student|{}|0x244043f6
03:35:23.0 (14758017)|STATEMENT_EXECUTE|[13]
03:35:23.0 (14765745)|HEAP_ALLOCATE|[13]|Bytes:184
03:35:23.0 (14778373)|HEAP_ALLOCATE|[13]|Bytes:17
03:35:23.0 (14797733)|HEAP_ALLOCATE|[13]|Bytes:24
03:35:23.0 (14828998)|CONSTRUCTOR_ENTRY|[13]|01p0o00000GLKhZ|<init>()|Controller.KeySearchDTO
03:35:23.0 (14868018)|VARIABLE_SCOPE_BEGIN|[23]|this|Controller.KeySearchDTO|true|false
03:35:23.0 (14922011)|VARIABLE_ASSIGNMENT|[23]|this|{}|0x151203e3
03:35:23.0 (14935997)|STATEMENT_EXECUTE|[16]
03:35:23.0 (14940285)|STATEMENT_EXECUTE|[17]
03:35:23.0 (14942745)|STATEMENT_EXECUTE|[18]
03:35:23.0 (14944845)|STATEMENT_EXECUTE|[19]
03:35:23.0 (14946929)|STATEMENT_EXECUTE|[20]
03:35:23.0 (14949073)|STATEMENT_EXECUTE|[21]
03:35:23.0 (14969022)|STATEMENT_EXECUTE|[23]
03:35:23.0 (14972010)|STATEMENT_EXECUTE|[24]
03:35:23.0 (14993910)|HEAP_ALLOCATE|[24]|Bytes:4
03:35:23.0 (15096684)|VARIABLE_ASSIGNMENT|[EXTERNAL]|this|{}|0x151203e3
03:35:23.0 (15124751)|VARIABLE_ASSIGNMENT|[EXTERNAL]|value|{}|0x16cdb985
03:35:23.0 (15148565)|VARIABLE_ASSIGNMENT|[21]|this.objStudentFrom|{}|0x151203e3
03:35:23.0 (15167639)|STATEMENT_EXECUTE|[25]
03:35:23.0 (15190254)|HEAP_ALLOCATE|[25]|Bytes:4
03:35:23.0 (15275246)|VARIABLE_ASSIGNMENT|[EXTERNAL]|this|{"objStudentFrom":"0x16cdb985"}|0x151203e3
03:35:23.0 (15296667)|VARIABLE_ASSIGNMENT|[EXTERNAL]|value|{}|0x6830ee2c
03:35:23.0 (15316077)|VARIABLE_ASSIGNMENT|[20]|this.objStudentTo|{}|0x151203e3
03:35:23.0 (15335309)|STATEMENT_EXECUTE|[26]
03:35:23.0 (15396113)|VARIABLE_ASSIGNMENT|[EXTERNAL]|this|{"objStudentFrom":"0x16cdb985","objStudentTo":"0x6830ee2c"}|0x151203e3
03:35:23.0 (15421236)|VARIABLE_ASSIGNMENT|[EXTERNAL]|value|false
03:35:23.0 (15437141)|HEAP_ALLOCATE|[17]|Bytes:5
03:35:23.0 (15452571)|VARIABLE_ASSIGNMENT|[17]|this.increasing|false|0x151203e3
03:35:23.0 (15471213)|STATEMENT_EXECUTE|[27]
03:35:23.0 (15492432)|HEAP_ALLOCATE|[27]|Bytes:4
03:35:23.0 (15580973)|VARIABLE_ASSIGNMENT|[EXTERNAL]|this|{"increasing":false,"objStudentFrom":"0x16cdb985","objStudentTo":"0x6830ee2c"}|0x151203e3
03:35:23.0 (15603991)|VARIABLE_ASSIGNMENT|[EXTERNAL]|value|{}|0x7284d60f
03:35:23.0 (15623290)|VARIABLE_ASSIGNMENT|[18]|this.studentName|{}|0x151203e3
03:35:23.0 (15641784)|STATEMENT_EXECUTE|[28]
03:35:23.0 (15709390)|VARIABLE_ASSIGNMENT|[EXTERNAL]|this|{"increasing":false,"objStudentFrom":"0x16cdb985","objStudentTo":"0x6830ee2c","studentName":"0x7284d60f"}|0x151203e3
03:35:23.0 (15731216)|VARIABLE_ASSIGNMENT|[EXTERNAL]|value|""
03:35:23.0 (15748676)|VARIABLE_ASSIGNMENT|[19]|this.className|""|0x151203e3
03:35:23.0 (15771885)|CONSTRUCTOR_EXIT|[13]|01p0o00000GLKhZ|<init>()|Controller.KeySearchDTO
03:35:23.0 (15836818)|VARIABLE_ASSIGNMENT|[EXTERNAL]|this|{"student":"0x68bec2e4"}|0x244043f6
03:35:23.0 (15877074)|VARIABLE_ASSIGNMENT|[EXTERNAL]|value|{"className":"","increasing":false,"objStudentFrom":"0x16cdb985","objStudentTo":"0x6830ee2c","studentName":"0x7284d60f"}|0x151203e3
03:35:23.0 (15896594)|VARIABLE_ASSIGNMENT|[3]|this.objKeySearch|0x151203e3|0x244043f6
03:35:23.0 (15916514)|SYSTEM_MODE_EXIT|false
03:35:23.0 (15990220)|SYSTEM_MODE_ENTER|true
03:35:23.21 (21425676)|SYSTEM_MODE_ENTER|true
03:35:23.21 (21524626)|HEAP_ALLOCATE|[EXTERNAL]|Bytes:8
03:35:23.21 (21539750)|VARIABLE_SCOPE_BEGIN|[88]|this|ApexPage.PageMessagesComponentController|true|false
03:35:23.21 (21587570)|VARIABLE_ASSIGNMENT|[88]|this|{}|0x714b9217
03:35:23.21 (21601304)|VARIABLE_SCOPE_BEGIN|[88]|escape|Boolean|false|false
03:35:23.21 (21616178)|VARIABLE_ASSIGNMENT|[88]|escape|null
03:35:23.21 (21768319)|SYSTEM_MODE_ENTER|true
03:35:23.21 (21829665)|HEAP_ALLOCATE|[EXTERNAL]|Bytes:8
03:35:23.21 (21841966)|VARIABLE_SCOPE_BEGIN|[2]|this|ApexPage.PageMessagesComponentController|true|false
03:35:23.21 (21877189)|VARIABLE_ASSIGNMENT|[2]|this|{}|0x714b9217
03:35:23.0 (26867390)|SYSTEM_MODE_ENTER|true
03:35:23.0 (26940620)|HEAP_ALLOCATE|[EXTERNAL]|Bytes:40
03:35:23.0 (26956474)|VARIABLE_SCOPE_BEGIN|[53]|this|Controller|true|false
03:35:23.0 (27019482)|VARIABLE_ASSIGNMENT|[53]|this|{"objKeySearch":"0x151203e3","student":"0x68bec2e4"}|0x244043f6
03:35:23.0 (27046020)|SYSTEM_MODE_ENTER|false
03:35:23.0 (27059134)|HEAP_ALLOCATE|[54]|Bytes:5
03:35:23.0 (27069009)|STATEMENT_EXECUTE|[53]
03:35:23.0 (27073981)|STATEMENT_EXECUTE|[54]
03:35:23.0 (27089773)|HEAP_ALLOCATE|[54]|Bytes:4
03:35:23.0 (27138177)|VARIABLE_SCOPE_BEGIN|[54]|options|List<System.SelectOption>|true|false
03:35:23.0 (27178285)|HEAP_ALLOCATE|[EXTERNAL]|Bytes:4
03:35:23.0 (27195393)|VARIABLE_ASSIGNMENT|[54]|options|[]|0x38d14dc4
03:35:23.0 (27207032)|STATEMENT_EXECUTE|[55]
03:35:23.0 (27214117)|HEAP_ALLOCATE|[55]|Bytes:33
03:35:23.0 (27239739)|HEAP_ALLOCATE|[55]|Bytes:4
03:35:23.0 (28779378)|SOQL_EXECUTE_BEGIN|[55]|Aggregations:0|SELECT className__C FROM Class__c
03:35:23.0 (32047128)|SOQL_EXECUTE_END|[55]|Rows:2
03:35:23.0 (32081251)|HEAP_ALLOCATE|[55]|Bytes:12
03:35:23.0 (32108737)|HEAP_ALLOCATE|[55]|Bytes:101
03:35:23.0 (32208318)|HEAP_ALLOCATE|[55]|Bytes:12
03:35:23.0 (32229709)|VARIABLE_SCOPE_BEGIN|[55]|data|List<Class__c>|true|false
03:35:23.0 (32273771)|VARIABLE_ASSIGNMENT|[55]|data|[{"className__c":"Math","Id":"a0H0o00000fJQOvEAO"},{"className__c":"English","Id":"a0H0o00000fJQOwEAO"}]|0x3f65265e
03:35:23.0 (32503625)|HEAP_ALLOCATE|[56]|Bytes:5
03:35:23.0 (32536827)|HEAP_ALLOCATE|[56]|Bytes:12
03:35:23.0 (32555717)|VARIABLE_SCOPE_BEGIN|[56]|c|Class__c|true|false
03:35:23.0 (32587980)|VARIABLE_ASSIGNMENT|[56]|c|{"className__c":"Math","Id":"a0H0o00000fJQOvEAO"}|0x1e7c6228
03:35:23.0 (32602356)|STATEMENT_EXECUTE|[56]
03:35:23.0 (32605259)|STATEMENT_EXECUTE|[57]
03:35:23.0 (32621282)|HEAP_ALLOCATE|[57]|Bytes:12
03:35:23.0 (32734272)|HEAP_ALLOCATE|[57]|Bytes:4
03:35:23.0 (32800432)|HEAP_ALLOCATE|[57]|Bytes:4
03:35:23.0 (32900658)|HEAP_ALLOCATE|[EXTERNAL]|Bytes:4
03:35:23.0 (32942623)|HEAP_ALLOCATE|[56]|Bytes:5
03:35:23.0 (32962433)|HEAP_ALLOCATE|[56]|Bytes:12
03:35:23.0 (32977244)|VARIABLE_SCOPE_BEGIN|[56]|c|Class__c|true|false
03:35:23.0 (33007630)|VARIABLE_ASSIGNMENT|[56]|c|{"className__c":"English","Id":"a0H0o00000fJQOwEAO"}|0x131799f7
03:35:23.0 (33021684)|STATEMENT_EXECUTE|[56]
03:35:23.0 (33024669)|STATEMENT_EXECUTE|[57]
03:35:23.0 (33081054)|HEAP_ALLOCATE|[57]|Bytes:7
03:35:23.0 (33143607)|HEAP_ALLOCATE|[57]|Bytes:7
03:35:23.0 (33175878)|HEAP_ALLOCATE|[EXTERNAL]|Bytes:4
03:35:23.0 (33200965)|HEAP_ALLOCATE|[56]|Bytes:5
03:35:23.0 (33223961)|VARIABLE_ASSIGNMENT|[56]|c|null|
03:35:23.0 (33235850)|STATEMENT_EXECUTE|[60]
03:35:23.0 (33243524)|SYSTEM_MODE_EXIT|false
03:35:23.0 (33508720)|SYSTEM_MODE_ENTER|true
03:35:23.0 (35775455)|VF_SERIALIZE_VIEWSTATE_BEGIN|0660o000008sbCc
03:35:23.0 (39113437)|VF_SERIALIZE_VIEWSTATE_END
03:35:23.42 (42169038)|CUMULATIVE_LIMIT_USAGE
03:35:23.42 (42169038)|LIMIT_USAGE_FOR_NS|(default)|
  Number of SOQL queries: 1 out of 100
  Number of query rows: 2 out of 50000
  Number of SOSL queries: 0 out of 20
  Number of DML statements: 0 out of 150
  Number of DML rows: 0 out of 10000
  Maximum CPU time: 0 out of 10000
  Maximum heap size: 0 out of 6000000
  Number of callouts: 0 out of 100
  Number of Email Invocations: 0 out of 10
  Number of future calls: 0 out of 50
  Number of queueable jobs added to the queue: 0 out of 50
  Number of Mobile Apex push calls: 0 out of 10

03:35:23.42 (42169038)|CUMULATIVE_LIMIT_USAGE_END

03:35:23.0 (42240778)|CODE_UNIT_FINISHED|VF: /apex/AddNewStudent
03:35:23.0 (43221151)|EXECUTION_FINISHED
