36.0 APEX_CODE,FINEST;APEX_PROFILING,INFO;CALLOUT,INFO;DB,INFO;NBA,INFO;SYSTEM,DEBUG;VALIDATION,INFO;VISUALFORCE,INFO;WAVE,INFO;WORKFLOW,INFO
00:08:42.0 (506568)|USER_INFO|[EXTERNAL]|0050o00000WkyGG|ttvy@keizu.co.jp|Pacific Standard Time|GMT-07:00
00:08:42.0 (586382)|EXECUTION_STARTED
00:08:42.0 (596445)|CODE_UNIT_STARTED|[EXTERNAL]|0660o000008sbCc|VF: /apex/AddNewStudent
00:08:42.0 (1369527)|VF_DESERIALIZE_VIEWSTATE_BEGIN|0660o000008sbCc
00:08:42.0 (43471719)|HEAP_ALLOCATE|[72]|Bytes:3
00:08:42.0 (43542454)|HEAP_ALLOCATE|[77]|Bytes:152
00:08:42.0 (43564629)|HEAP_ALLOCATE|[342]|Bytes:408
00:08:42.0 (43583323)|HEAP_ALLOCATE|[355]|Bytes:408
00:08:42.0 (43595612)|HEAP_ALLOCATE|[467]|Bytes:48
00:08:42.0 (43624926)|HEAP_ALLOCATE|[139]|Bytes:6
00:08:42.0 (43770720)|HEAP_ALLOCATE|[50]|Bytes:5
00:08:42.0 (43810474)|HEAP_ALLOCATE|[56]|Bytes:5
00:08:42.0 (43827466)|HEAP_ALLOCATE|[64]|Bytes:7
00:08:42.0 (47149396)|VF_DESERIALIZE_VIEWSTATE_END
00:08:42.48 (48553880)|SYSTEM_MODE_ENTER|true
00:08:42.48 (48683456)|HEAP_ALLOCATE|[EXTERNAL]|Bytes:38
00:08:42.48 (48703884)|HEAP_ALLOCATE|[EXTERNAL]|Bytes:7
00:08:42.50 (50252334)|SYSTEM_MODE_ENTER|true
00:08:42.50 (50360338)|HEAP_ALLOCATE|[EXTERNAL]|Bytes:8
00:08:42.50 (50380737)|VARIABLE_SCOPE_BEGIN|[88]|this|ApexPage.PageMessagesComponentController|true|false
00:08:42.50 (50609395)|VARIABLE_ASSIGNMENT|[88]|this|{}|0x69852ff5
00:08:42.50 (50623837)|VARIABLE_SCOPE_BEGIN|[88]|escape|Boolean|false|false
00:08:42.50 (50640742)|VARIABLE_ASSIGNMENT|[88]|escape|null
00:08:42.0 (52036211)|SYSTEM_MODE_ENTER|true
00:08:42.0 (52089501)|HEAP_ALLOCATE|[EXTERNAL]|Bytes:19
00:08:42.0 (52104637)|HEAP_ALLOCATE|[EXTERNAL]|Bytes:376
00:08:42.0 (52111908)|HEAP_ALLOCATE|[EXTERNAL]|Bytes:63
00:08:42.0 (52117866)|HEAP_ALLOCATE|[EXTERNAL]|Bytes:10
00:08:42.0 (52150706)|METHOD_ENTRY|[1]|01p0o00000GLKhZ|Controller.Controller()
00:08:42.0 (52159593)|STATEMENT_EXECUTE|[1]
00:08:42.0 (52167654)|STATEMENT_EXECUTE|[1]
00:08:42.0 (52178605)|SYSTEM_MODE_ENTER|false
00:08:42.0 (52194083)|HEAP_ALLOCATE|[EXTERNAL]|Bytes:5
00:08:42.0 (52201313)|STATEMENT_EXECUTE|[18]
00:08:42.0 (52203773)|STATEMENT_EXECUTE|[37]
00:08:42.0 (52210895)|SYSTEM_MODE_EXIT|false
00:08:42.0 (52223365)|METHOD_EXIT|[1]|Controller
00:08:42.0 (52324366)|SYSTEM_MODE_ENTER|true
00:08:42.0 (52416500)|SYSTEM_MODE_ENTER|true
00:08:42.0 (52516567)|SYSTEM_MODE_ENTER|true
00:08:42.0 (52599011)|SYSTEM_MODE_ENTER|true
00:08:42.0 (52705538)|SYSTEM_MODE_ENTER|true
00:08:42.0 (52809032)|SYSTEM_MODE_ENTER|true
00:08:42.0 (53010043)|SYSTEM_MODE_ENTER|true
00:08:42.0 (53354919)|HEAP_ALLOCATE|[EXTERNAL]|Bytes:64
00:08:42.0 (53372003)|VARIABLE_SCOPE_BEGIN|[56]|this|Controller|true|false
00:08:42.0 (53483151)|VARIABLE_ASSIGNMENT|[56]|this|{"gender":false,"namef":"","namel":"","score1":0,"score2":0,"score3":0,"userselectSecondpage":"Math"}|0x37e6d988
00:08:42.0 (53507034)|SYSTEM_MODE_ENTER|false
00:08:42.0 (53518464)|HEAP_ALLOCATE|[57]|Bytes:5
00:08:42.0 (53526716)|STATEMENT_EXECUTE|[56]
00:08:42.0 (53529742)|STATEMENT_EXECUTE|[57]
00:08:42.0 (53549898)|HEAP_ALLOCATE|[57]|Bytes:4
00:08:42.0 (53630219)|VARIABLE_SCOPE_BEGIN|[57]|options|List<System.SelectOption>|true|false
00:08:42.0 (53663163)|HEAP_ALLOCATE|[EXTERNAL]|Bytes:4
00:08:42.0 (53675756)|VARIABLE_ASSIGNMENT|[57]|options|[]|0x46008ce4
00:08:42.0 (53685359)|STATEMENT_EXECUTE|[58]
00:08:42.0 (53689732)|HEAP_ALLOCATE|[58]|Bytes:33
00:08:42.0 (53708265)|HEAP_ALLOCATE|[58]|Bytes:4
00:08:42.0 (55195303)|SOQL_EXECUTE_BEGIN|[58]|Aggregations:0|SELECT className__C FROM Class__c
00:08:42.0 (59010175)|SOQL_EXECUTE_END|[58]|Rows:2
00:08:42.0 (59048442)|HEAP_ALLOCATE|[58]|Bytes:12
00:08:42.0 (59099676)|HEAP_ALLOCATE|[58]|Bytes:101
00:08:42.0 (59197227)|HEAP_ALLOCATE|[58]|Bytes:12
00:08:42.0 (59219626)|VARIABLE_SCOPE_BEGIN|[58]|data|List<Class__c>|true|false
00:08:42.0 (59257854)|VARIABLE_ASSIGNMENT|[58]|data|[{"className__c":"Math","Id":"a0H0o00000fJQOvEAO"},{"className__c":"English","Id":"a0H0o00000fJQOwEAO"}]|0x7ac06037
00:08:42.0 (59477083)|HEAP_ALLOCATE|[59]|Bytes:5
00:08:42.0 (59504869)|HEAP_ALLOCATE|[59]|Bytes:12
00:08:42.0 (59515528)|VARIABLE_SCOPE_BEGIN|[59]|c|Class__c|true|false
00:08:42.0 (59532202)|VARIABLE_ASSIGNMENT|[59]|c|{"className__c":"Math","Id":"a0H0o00000fJQOvEAO"}|0x147f0f50
00:08:42.0 (59541443)|STATEMENT_EXECUTE|[59]
00:08:42.0 (59543973)|STATEMENT_EXECUTE|[60]
00:08:42.0 (59555389)|HEAP_ALLOCATE|[60]|Bytes:12
00:08:42.0 (59654559)|HEAP_ALLOCATE|[60]|Bytes:4
00:08:42.0 (59694696)|HEAP_ALLOCATE|[60]|Bytes:4
00:08:42.0 (59770926)|HEAP_ALLOCATE|[EXTERNAL]|Bytes:4
00:08:42.0 (59790422)|HEAP_ALLOCATE|[59]|Bytes:5
00:08:42.0 (59802793)|HEAP_ALLOCATE|[59]|Bytes:12
00:08:42.0 (59810199)|VARIABLE_SCOPE_BEGIN|[59]|c|Class__c|true|false
00:08:42.0 (59828119)|VARIABLE_ASSIGNMENT|[59]|c|{"className__c":"English","Id":"a0H0o00000fJQOwEAO"}|0x6cdf65b9
00:08:42.0 (59835049)|STATEMENT_EXECUTE|[59]
00:08:42.0 (59836992)|STATEMENT_EXECUTE|[60]
00:08:42.0 (59875746)|HEAP_ALLOCATE|[60]|Bytes:7
00:08:42.0 (59921962)|HEAP_ALLOCATE|[60]|Bytes:7
00:08:42.0 (59948879)|HEAP_ALLOCATE|[EXTERNAL]|Bytes:4
00:08:42.0 (59968657)|HEAP_ALLOCATE|[59]|Bytes:5
00:08:42.0 (59986242)|VARIABLE_ASSIGNMENT|[59]|c|null|
00:08:42.0 (59995125)|STATEMENT_EXECUTE|[63]
00:08:42.0 (60002908)|SYSTEM_MODE_EXIT|false
00:08:42.0 (60175468)|SYSTEM_MODE_ENTER|true
00:08:42.60 (60528597)|SYSTEM_MODE_ENTER|true
00:08:42.60 (60598729)|HEAP_ALLOCATE|[EXTERNAL]|Bytes:8
00:08:42.60 (60610192)|VARIABLE_SCOPE_BEGIN|[88]|this|ApexPage.PageMessagesComponentController|true|false
00:08:42.60 (60643269)|VARIABLE_ASSIGNMENT|[88]|this|{}|0x69852ff5
00:08:42.60 (60650136)|VARIABLE_SCOPE_BEGIN|[88]|escape|Boolean|false|false
00:08:42.60 (60658106)|VARIABLE_ASSIGNMENT|[88]|escape|null
00:08:42.0 (60716055)|SYSTEM_MODE_ENTER|true
00:08:42.0 (60742907)|HEAP_ALLOCATE|[EXTERNAL]|Bytes:64
00:08:42.0 (60817179)|VARIABLE_ASSIGNMENT|[EXTERNAL]|this.namef|""|0x37e6d988
00:08:42.0 (60852404)|SYSTEM_MODE_ENTER|true
00:08:42.0 (60868067)|HEAP_ALLOCATE|[EXTERNAL]|Bytes:64
00:08:42.0 (60876292)|VARIABLE_ASSIGNMENT|[EXTERNAL]|this.namel|""|0x37e6d988
00:08:42.0 (60903241)|SYSTEM_MODE_ENTER|true
00:08:42.0 (60918482)|HEAP_ALLOCATE|[EXTERNAL]|Bytes:5
00:08:42.0 (60922552)|HEAP_ALLOCATE|[EXTERNAL]|Bytes:64
00:08:42.0 (60929778)|VARIABLE_ASSIGNMENT|[EXTERNAL]|this.gender|false|0x37e6d988
00:08:42.0 (61079989)|SYSTEM_MODE_ENTER|true
00:08:42.0 (61098422)|HEAP_ALLOCATE|[EXTERNAL]|Bytes:4
00:08:42.0 (61103287)|HEAP_ALLOCATE|[EXTERNAL]|Bytes:64
00:08:42.0 (61130187)|VARIABLE_ASSIGNMENT|[EXTERNAL]|this.birthday|"2085-07-25T00:00:00.000Z"|0x37e6d988
00:08:42.0 (61162547)|SYSTEM_MODE_ENTER|true
00:08:42.0 (61188666)|HEAP_ALLOCATE|[EXTERNAL]|Bytes:28
00:08:42.0 (61193072)|HEAP_ALLOCATE|[EXTERNAL]|Bytes:64
00:08:42.0 (61202008)|VARIABLE_ASSIGNMENT|[EXTERNAL]|this.score1|0|0x37e6d988
00:08:42.0 (61227480)|SYSTEM_MODE_ENTER|true
00:08:42.0 (61240985)|HEAP_ALLOCATE|[EXTERNAL]|Bytes:28
00:08:42.0 (61244852)|HEAP_ALLOCATE|[EXTERNAL]|Bytes:64
00:08:42.0 (61251913)|VARIABLE_ASSIGNMENT|[EXTERNAL]|this.score2|0|0x37e6d988
00:08:42.0 (61275791)|SYSTEM_MODE_ENTER|true
00:08:42.0 (61288061)|HEAP_ALLOCATE|[EXTERNAL]|Bytes:28
00:08:42.0 (61292004)|HEAP_ALLOCATE|[EXTERNAL]|Bytes:64
00:08:42.0 (61298011)|VARIABLE_ASSIGNMENT|[EXTERNAL]|this.score3|0|0x37e6d988
00:08:42.0 (61323558)|SYSTEM_MODE_ENTER|true
00:08:42.0 (61336933)|HEAP_ALLOCATE|[EXTERNAL]|Bytes:4
00:08:42.0 (61342504)|HEAP_ALLOCATE|[EXTERNAL]|Bytes:64
00:08:42.0 (61353226)|VARIABLE_ASSIGNMENT|[EXTERNAL]|this.userselectSecondpage|"Math"|0x37e6d988
00:08:42.0 (61535307)|HEAP_ALLOCATE|[EXTERNAL]|Bytes:64
00:08:42.0 (61548443)|VARIABLE_SCOPE_BEGIN|[91]|this|Controller|true|false
00:08:42.0 (61618761)|VARIABLE_ASSIGNMENT|[91]|this|{"birthday":"2085-07-25T00:00:00.000Z","gender":false,"namef":"","namel":"","score1":0,"score2":0,"score3":0,"userselectSecondpage":"Math"}|0x37e6d988
00:08:42.0 (61641988)|SYSTEM_MODE_ENTER|false
00:08:42.0 (61653032)|HEAP_ALLOCATE|[92]|Bytes:5
00:08:42.0 (61662061)|STATEMENT_EXECUTE|[91]
00:08:42.0 (61665149)|STATEMENT_EXECUTE|[92]
00:08:42.0 (61671120)|VARIABLE_SCOPE_BEGIN|[92]|ref|System.PageReference|true|false
00:08:42.0 (61684713)|VARIABLE_ASSIGNMENT|[92]|ref|null|
00:08:42.0 (61690640)|STATEMENT_EXECUTE|[93]
00:08:42.0 (61692631)|STATEMENT_EXECUTE|[93]
00:08:42.0 (61694641)|STATEMENT_EXECUTE|[94]
00:08:42.0 (61700529)|HEAP_ALLOCATE|[94]|Bytes:53
00:08:42.0 (61728383)|HEAP_ALLOCATE|[94]|Bytes:4
00:08:42.0 (61745278)|HEAP_ALLOCATE|[94]|Bytes:7
00:08:42.0 (61836082)|VARIABLE_ASSIGNMENT|[EXTERNAL]|this|{"birthday":"2085-07-25T00:00:00.000Z","gender":false,"namef":"","namel":"","score1":0,"score2":0,"score3":0,"userselectSecondpage":"Math"}|0x37e6d988
00:08:42.0 (62189324)|SOQL_EXECUTE_BEGIN|[94]|Aggregations:0|SELECT id FROM Class__c WHERE className__c = :tmpVar1
00:08:42.0 (65405678)|SOQL_EXECUTE_END|[94]|Rows:1
00:08:42.0 (65448019)|HEAP_ALLOCATE|[94]|Bytes:8
00:08:42.0 (65474989)|HEAP_ALLOCATE|[94]|Bytes:29
00:08:42.0 (65540521)|HEAP_ALLOCATE|[94]|Bytes:8
00:08:42.0 (65565302)|HEAP_ALLOCATE|[94]|Bytes:34
00:08:42.0 (65614618)|HEAP_ALLOCATE|[94]|Bytes:8
00:08:42.0 (65631272)|VARIABLE_SCOPE_BEGIN|[94]|c|Class__c|true|false
00:08:42.0 (65665952)|VARIABLE_ASSIGNMENT|[94]|c|{"Id":"a0H0o00000fJQOvEAO"}|0x1f1518bf
00:08:42.0 (65679239)|STATEMENT_EXECUTE|[98]
00:08:42.0 (65770331)|HEAP_ALLOCATE|[98]|Bytes:4
00:08:42.0 (65911042)|VARIABLE_SCOPE_BEGIN|[98]|student|Student__c|true|false
00:08:42.0 (65935301)|VARIABLE_ASSIGNMENT|[98]|student|{}|0x58b58d97
00:08:42.0 (65944264)|STATEMENT_EXECUTE|[99]
00:08:42.0 (66087407)|VARIABLE_ASSIGNMENT|[EXTERNAL]|this|{"birthday":"2085-07-25T00:00:00.000Z","gender":false,"namef":"","namel":"","score1":0,"score2":0,"score3":0,"userselectSecondpage":"Math"}|0x37e6d988
00:08:42.0 (67725017)|VARIABLE_ASSIGNMENT|[99]|this.Namef__c|""|0x58b58d97
00:08:42.0 (67741277)|STATEMENT_EXECUTE|[100]
00:08:42.0 (67854092)|VARIABLE_ASSIGNMENT|[EXTERNAL]|this|{"birthday":"2085-07-25T00:00:00.000Z","gender":false,"namef":"","namel":"","score1":0,"score2":0,"score3":0,"userselectSecondpage":"Math"}|0x37e6d988
00:08:42.0 (67948991)|VARIABLE_ASSIGNMENT|[100]|this.Namel__c|""|0x58b58d97
00:08:42.0 (67960509)|STATEMENT_EXECUTE|[101]
00:08:42.0 (68056392)|VARIABLE_ASSIGNMENT|[EXTERNAL]|this|{"birthday":"2085-07-25T00:00:00.000Z","gender":false,"namef":"","namel":"","score1":0,"score2":0,"score3":0,"userselectSecondpage":"Math"}|0x37e6d988
00:08:42.0 (68151973)|VARIABLE_ASSIGNMENT|[101]|this.Gender__c|false|0x58b58d97
00:08:42.0 (68163320)|STATEMENT_EXECUTE|[102]
00:08:42.0 (68257290)|VARIABLE_ASSIGNMENT|[EXTERNAL]|this|{"birthday":"2085-07-25T00:00:00.000Z","gender":false,"namef":"","namel":"","score1":0,"score2":0,"score3":0,"userselectSecondpage":"Math"}|0x37e6d988
00:08:42.0 (68311729)|HEAP_ALLOCATE|[102]|Bytes:4
00:08:42.0 (68406805)|VARIABLE_ASSIGNMENT|[102]|this.Birthday__c|"2085-07-25T00:00:00.000Z"|0x58b58d97
00:08:42.0 (68418565)|STATEMENT_EXECUTE|[103]
00:08:42.0 (68513626)|VARIABLE_ASSIGNMENT|[EXTERNAL]|this|{"birthday":"2085-07-25T00:00:00.000Z","gender":false,"namef":"","namel":"","score1":0,"score2":0,"score3":0,"userselectSecondpage":"Math"}|0x37e6d988
00:08:42.0 (68599054)|VARIABLE_ASSIGNMENT|[103]|this.Score1__c|0|0x58b58d97
00:08:42.0 (68610154)|STATEMENT_EXECUTE|[104]
00:08:42.0 (68699283)|VARIABLE_ASSIGNMENT|[EXTERNAL]|this|{"birthday":"2085-07-25T00:00:00.000Z","gender":false,"namef":"","namel":"","score1":0,"score2":0,"score3":0,"userselectSecondpage":"Math"}|0x37e6d988
00:08:42.0 (68776967)|VARIABLE_ASSIGNMENT|[104]|this.Score2__c|0|0x58b58d97
00:08:42.0 (68787968)|STATEMENT_EXECUTE|[105]
00:08:42.0 (68862575)|VARIABLE_ASSIGNMENT|[EXTERNAL]|this|{"birthday":"2085-07-25T00:00:00.000Z","gender":false,"namef":"","namel":"","score1":0,"score2":0,"score3":0,"userselectSecondpage":"Math"}|0x37e6d988
00:08:42.0 (68952106)|VARIABLE_ASSIGNMENT|[105]|this.Score3__c|0|0x58b58d97
00:08:42.0 (68962051)|STATEMENT_EXECUTE|[106]
00:08:42.0 (69029932)|VARIABLE_ASSIGNMENT|[EXTERNAL]|this|{"birthday":"2085-07-25T00:00:00.000Z","gender":false,"namef":"","namel":"","score1":0,"score2":0,"score3":0,"userselectSecondpage":"Math"}|0x37e6d988
00:08:42.0 (69103798)|VARIABLE_ASSIGNMENT|[EXTERNAL]|this|{"birthday":"2085-07-25T00:00:00.000Z","gender":false,"namef":"","namel":"","score1":0,"score2":0,"score3":0,"userselectSecondpage":"Math"}|0x37e6d988
00:08:42.0 (69278867)|VARIABLE_ASSIGNMENT|[106]|this.Name|""|0x58b58d97
00:08:42.0 (69290263)|STATEMENT_EXECUTE|[107]
00:08:42.0 (69413045)|VARIABLE_ASSIGNMENT|[107]|this.Class__c|"a0H0o00000fJQOvEAO"|0x58b58d97
00:08:42.0 (69424144)|STATEMENT_EXECUTE|[108]
00:08:42.0 (69460391)|HEAP_ALLOCATE|[108]|Bytes:8
00:08:42.0 (69486717)|DML_BEGIN|[108]|Op:Insert|Type:Student__c|Rows:1
00:08:42.0 (69535953)|HEAP_ALLOCATE|[EXTERNAL]|Bytes:8
00:08:42.0 (76956408)|CODE_UNIT_STARTED|[EXTERNAL]|01q0o000000jKrN|triggerStudent on Student trigger event BeforeInsert|__sfdc_trigger/triggerStudent
00:08:42.0 (77025248)|HEAP_ALLOCATE|[EXTERNAL]|Bytes:8
00:08:42.0 (80768879)|HEAP_ALLOCATE|[EXTERNAL]|Bytes:8
00:08:42.0 (80791738)|VARIABLE_SCOPE_BEGIN|[1]|this|triggerStudent|true|false
00:08:42.0 (80844056)|VARIABLE_ASSIGNMENT|[1]|this|{}|0x50a708c6
00:08:42.0 (80927803)|HEAP_ALLOCATE|[EXTERNAL]|Bytes:8
00:08:42.0 (80940102)|VARIABLE_SCOPE_BEGIN|[1]|this|triggerStudent|true|false
00:08:42.0 (81253034)|VARIABLE_ASSIGNMENT|[1]|this|{}|0x50a708c6
00:08:42.0 (81269345)|STATEMENT_EXECUTE|[1]
00:08:42.0 (81272780)|STATEMENT_EXECUTE|[3]
00:08:42.0 (81284889)|HEAP_ALLOCATE|[3]|Bytes:15
00:08:42.0 (81296178)|HEAP_ALLOCATE|[3]|Bytes:20
00:08:42.0 (81300450)|HEAP_ALLOCATE|[3]|Bytes:3
00:08:42.0 (81335345)|METHOD_ENTRY|[1]|01p0o00000GMOB6|TriggerHandle.TriggerHandle()
00:08:42.0 (81341463)|STATEMENT_EXECUTE|[1]
00:08:42.0 (81346012)|STATEMENT_EXECUTE|[1]
00:08:42.0 (81766632)|SYSTEM_MODE_ENTER|false
00:08:42.0 (81788346)|HEAP_ALLOCATE|[3]|Bytes:5
00:08:42.0 (81798930)|STATEMENT_EXECUTE|[225]
00:08:42.0 (81807298)|SYSTEM_MODE_EXIT|false
00:08:42.0 (81823949)|METHOD_EXIT|[1]|TriggerHandle
00:08:42.0 (81847130)|HEAP_ALLOCATE|[3]|Bytes:4
00:08:42.0 (81888393)|CONSTRUCTOR_ENTRY|[3]|01p0o00000GMOB6|<init>()|TriggerHandle
00:08:42.0 (81930216)|VARIABLE_SCOPE_BEGIN|[3]|this|TriggerHandle|true|false
00:08:42.0 (81963396)|VARIABLE_ASSIGNMENT|[3]|this|{}|0x77b65dba
00:08:42.0 (81981881)|SYSTEM_MODE_ENTER|false
00:08:42.0 (81991446)|HEAP_ALLOCATE|[EXTERNAL]|Bytes:5
00:08:42.0 (81999424)|STATEMENT_EXECUTE|[1]
00:08:42.0 (82004470)|HEAP_ALLOCATE|[EXTERNAL]|Bytes:5
00:08:42.0 (82022643)|HEAP_ALLOCATE|[EXTERNAL]|Bytes:6
00:08:42.0 (82075128)|STATEMENT_EXECUTE|[4]
00:08:42.0 (82081075)|SYSTEM_MODE_EXIT|false
00:08:42.0 (82093537)|CONSTRUCTOR_EXIT|[3]|01p0o00000GMOB6|<init>()|TriggerHandle
00:08:42.0 (82136018)|VARIABLE_ASSIGNMENT|[3]|this.handle|0x77b65dba|0x50a708c6
00:08:42.0 (82156643)|STATEMENT_EXECUTE|[5]
00:08:42.0 (82164118)|STATEMENT_EXECUTE|[10]
00:08:42.0 (82166601)|STATEMENT_EXECUTE|[11]
00:08:42.0 (82279273)|METHOD_ENTRY|[11]|01p0o00000GMOB6|TriggerHandle.onBeforeInsert(List<Student__c>)
00:08:42.0 (82320454)|VARIABLE_SCOPE_BEGIN|[7]|this|TriggerHandle|true|false
00:08:42.0 (82344029)|VARIABLE_ASSIGNMENT|[7]|this|{}|0x77b65dba
00:08:42.0 (82371537)|VARIABLE_SCOPE_BEGIN|[7]|newStudentList|List<Student__c>|true|false
00:08:42.0 (83808289)|VARIABLE_ASSIGNMENT|[7]|newStudentList|[{"AverageScore__c":0.00,"IsDeleted":false,"Score1__c":0.00,"Score2__c":0.00,"Birthday__c":"2085-07-25T00:00:00.000Z","Gender__c":false,"Score3__c":0.00,"Class__c":"a0H0o00000fJQOvEAO","State__c":"Failed"}]|0x189443e1
00:08:42.0 (83835303)|SYSTEM_MODE_ENTER|false
00:08:42.0 (83850366)|HEAP_ALLOCATE|[9]|Bytes:5
00:08:42.0 (83859797)|STATEMENT_EXECUTE|[8]
00:08:42.0 (83862956)|STATEMENT_EXECUTE|[9]
00:08:42.0 (83864990)|STATEMENT_EXECUTE|[10]
00:08:42.0 (84157598)|HEAP_ALLOCATE|[11]|Bytes:5
00:08:42.0 (84190819)|HEAP_ALLOCATE|[11]|Bytes:4
00:08:42.0 (84208572)|VARIABLE_SCOPE_BEGIN|[11]|s|Student__c|true|false
00:08:42.0 (84585236)|VARIABLE_ASSIGNMENT|[11]|s|{"AverageScore__c":0.00,"IsDeleted":false,"Score1__c":0.00,"Score2__c":0.00,"Birthday__c":"2085-07-25T00:00:00.000Z","Gender__c":false,"Score3__c":0.00,"Class__c":"a0H0o00000fJQOvEAO","State__c":"Failed"}|0x2be9d978
00:08:42.0 (84601890)|STATEMENT_EXECUTE|[12]
00:08:42.0 (84666546)|HEAP_ALLOCATE|[13]|Bytes:28
00:08:42.0 (84676763)|STATEMENT_EXECUTE|[13]
00:08:42.0 (84705765)|HEAP_ALLOCATE|[17]|Bytes:28
00:08:42.0 (84714032)|STATEMENT_EXECUTE|[17]
00:08:42.0 (84738546)|HEAP_ALLOCATE|[21]|Bytes:28
00:08:42.0 (84746173)|STATEMENT_EXECUTE|[21]
00:08:42.0 (84771082)|STATEMENT_EXECUTE|[30]
00:08:42.0 (84774172)|STATEMENT_EXECUTE|[31]
00:08:42.0 (84840843)|HEAP_ALLOCATE|[31]|Bytes:4
00:08:42.0 (84888378)|VARIABLE_SCOPE_BEGIN|[31]|age|Integer|false|false
00:08:42.0 (84902170)|HEAP_ALLOCATE|[31]|Bytes:4
00:08:42.0 (84914479)|VARIABLE_ASSIGNMENT|[31]|age|66
00:08:42.0 (84927216)|STATEMENT_EXECUTE|[32]
00:08:42.0 (84942829)|HEAP_ALLOCATE|[11]|Bytes:5
00:08:42.0 (84961972)|VARIABLE_ASSIGNMENT|[11]|s|null|
00:08:42.0 (84975758)|SYSTEM_MODE_EXIT|false
00:08:42.0 (84991399)|METHOD_EXIT|[11]|01p0o00000GMOB6|TriggerHandle.onBeforeInsert(List<Student__c>)
00:08:42.85 (85016629)|CUMULATIVE_LIMIT_USAGE
00:08:42.85 (85016629)|LIMIT_USAGE_FOR_NS|(default)|
  Number of SOQL queries: 2 out of 100
  Number of query rows: 3 out of 50000
  Number of SOSL queries: 0 out of 20
  Number of DML statements: 1 out of 150
  Number of DML rows: 1 out of 10000
  Maximum CPU time: 0 out of 10000
  Maximum heap size: 0 out of 6000000
  Number of callouts: 0 out of 100
  Number of Email Invocations: 0 out of 10
  Number of future calls: 0 out of 50
  Number of queueable jobs added to the queue: 0 out of 50
  Number of Mobile Apex push calls: 0 out of 10

00:08:42.85 (85016629)|CUMULATIVE_LIMIT_USAGE_END

00:08:42.0 (86509177)|CODE_UNIT_FINISHED|triggerStudent on Student trigger event BeforeInsert|__sfdc_trigger/triggerStudent
00:08:42.0 (115911752)|CODE_UNIT_STARTED|[EXTERNAL]|01q0o000000jKrN|triggerStudent on Student trigger event AfterInsert|__sfdc_trigger/triggerStudent
00:08:42.0 (115964251)|HEAP_ALLOCATE|[EXTERNAL]|Bytes:8
00:08:42.0 (116057116)|HEAP_ALLOCATE|[EXTERNAL]|Bytes:8
00:08:42.0 (116075868)|VARIABLE_SCOPE_BEGIN|[1]|this|triggerStudent|true|false
00:08:42.0 (116112668)|VARIABLE_ASSIGNMENT|[1]|this|{}|0x54f95802
00:08:42.0 (116152410)|HEAP_ALLOCATE|[EXTERNAL]|Bytes:8
00:08:42.0 (116159507)|VARIABLE_SCOPE_BEGIN|[1]|this|triggerStudent|true|false
00:08:42.0 (116172676)|VARIABLE_ASSIGNMENT|[1]|this|{}|0x54f95802
00:08:42.0 (116181270)|STATEMENT_EXECUTE|[1]
00:08:42.0 (116183637)|STATEMENT_EXECUTE|[3]
00:08:42.0 (116190480)|HEAP_ALLOCATE|[3]|Bytes:4
00:08:42.0 (116203866)|CONSTRUCTOR_ENTRY|[3]|01p0o00000GMOB6|<init>()|TriggerHandle
00:08:42.0 (116213237)|VARIABLE_SCOPE_BEGIN|[3]|this|TriggerHandle|true|false
00:08:42.0 (116226069)|VARIABLE_ASSIGNMENT|[3]|this|{}|0x460efb91
00:08:42.0 (116582377)|SYSTEM_MODE_ENTER|false
00:08:42.0 (116606093)|HEAP_ALLOCATE|[EXTERNAL]|Bytes:5
00:08:42.0 (116616946)|STATEMENT_EXECUTE|[1]
00:08:42.0 (116623755)|HEAP_ALLOCATE|[EXTERNAL]|Bytes:5
00:08:42.0 (116663712)|STATEMENT_EXECUTE|[4]
00:08:42.0 (116667647)|SYSTEM_MODE_EXIT|false
00:08:42.0 (116677180)|CONSTRUCTOR_EXIT|[3]|01p0o00000GMOB6|<init>()|TriggerHandle
00:08:42.0 (116698251)|VARIABLE_ASSIGNMENT|[3]|this.handle|0x460efb91|0x54f95802
00:08:42.0 (116708603)|STATEMENT_EXECUTE|[15]
00:08:42.0 (116719314)|STATEMENT_EXECUTE|[17]
00:08:42.0 (116721039)|STATEMENT_EXECUTE|[18]
00:08:42.0 (116771188)|METHOD_ENTRY|[18]|01p0o00000GMOB6|TriggerHandle.onAfterInsert(List<Student__c>)
00:08:42.0 (116803743)|VARIABLE_SCOPE_BEGIN|[44]|this|TriggerHandle|true|false
00:08:42.0 (116822690)|VARIABLE_ASSIGNMENT|[44]|this|{}|0x460efb91
00:08:42.0 (116828942)|VARIABLE_SCOPE_BEGIN|[44]|newStudentList|List<Student__c>|true|false
00:08:42.0 (117321233)|VARIABLE_ASSIGNMENT|[44]|newStudentList|[{"LastModifiedDate":"2019-05-10T07:08:42.000Z","StudentId__c":"HS0054","IsDeleted":false,"Score1__c":0.00,"Score2__c":0.00,"Gender__c":false,"Score3__c":0.00,"Class__c":"a0H0o00000fJQOvEAO","Name":"a0I0o000013e0vH","SystemModstamp":"2019-05-10T07:08:42.000Z","AverageScore__c":0.00,"CreatedById":"0050o00000WkyGGAAZ","Birthday__c":"2085-07-25T00:00:00.000Z","CreatedDate":"2019-05-10T07:08:42.000Z","Id":"a0I0o000013e0vHEAQ","LastModifiedById":"0050o00000WkyGGAAZ","State__c":"Failed"}]|0x5f8580c0
00:08:42.0 (117345880)|SYSTEM_MODE_ENTER|false
00:08:42.0 (117353510)|HEAP_ALLOCATE|[46]|Bytes:5
00:08:42.0 (117359282)|STATEMENT_EXECUTE|[45]
00:08:42.0 (117361489)|STATEMENT_EXECUTE|[46]
00:08:42.0 (117371766)|VARIABLE_SCOPE_BEGIN|[46]|sp|System.Savepoint|true|false
00:08:42.0 (117385791)|VARIABLE_ASSIGNMENT|[46]|sp|null|
00:08:42.0 (117389817)|STATEMENT_EXECUTE|[47]
00:08:42.0 (117391596)|STATEMENT_EXECUTE|[48]
00:08:42.0 (117393029)|STATEMENT_EXECUTE|[49]
00:08:42.0 (117398547)|HEAP_ALLOCATE|[49]|Bytes:6
00:08:42.0 (117416008)|METHOD_ENTRY|[49]|01p0o00000GMOB6|TriggerHandle.executeNOStudentsUpdate(List<Student__c>, String)
00:08:42.0 (117439218)|VARIABLE_SCOPE_BEGIN|[185]|this|TriggerHandle|true|false
00:08:42.0 (117455171)|VARIABLE_ASSIGNMENT|[185]|this|{}|0x460efb91
00:08:42.0 (117462045)|VARIABLE_SCOPE_BEGIN|[185]|studentList|List<Student__c>|true|false
00:08:42.0 (117623851)|VARIABLE_ASSIGNMENT|[185]|studentList|[{"LastModifiedDate":"2019-05-10T07:08:42.000Z","StudentId__c":"HS0054","IsDeleted":false,"Score1__c":0.00,"Score2__c":0.00,"Gender__c":false,"Score3__c":0.00,"Class__c":"a0H0o00000fJQOvEAO","Name":"a0I0o000013e0vH","SystemModstamp":"2019-05-10T07:08:42.000Z","AverageScore__c":0.00,"CreatedById":"0050o00000WkyGGAAZ","Birthday__c":"2085-07-25T00:00:00.000Z","CreatedDate":"2019-05-10T07:08:42.000Z","Id":"a0I0o000013e0vHEAQ","LastModifiedById":"0050o00000WkyGGAAZ","State__c":"Failed"}]|0x5f8580c0
00:08:42.0 (117637561)|VARIABLE_SCOPE_BEGIN|[185]|action|String|false|false
00:08:42.0 (117647421)|VARIABLE_ASSIGNMENT|[185]|action|"insert"
00:08:42.0 (117658981)|HEAP_ALLOCATE|[187]|Bytes:5
00:08:42.0 (117664292)|STATEMENT_EXECUTE|[186]
00:08:42.0 (117666089)|STATEMENT_EXECUTE|[187]
00:08:42.0 (117685083)|HEAP_ALLOCATE|[187]|Bytes:4
00:08:42.0 (117709247)|VARIABLE_SCOPE_BEGIN|[187]|classIDMap|Map<Id,Integer>|true|false
00:08:42.0 (117728547)|VARIABLE_ASSIGNMENT|[187]|classIDMap|{}|0x704153ac
00:08:42.0 (117777718)|HEAP_ALLOCATE|[190]|Bytes:5
00:08:42.0 (117814890)|VARIABLE_SCOPE_BEGIN|[190]|s|Student__c|true|false
00:08:42.0 (117968302)|VARIABLE_ASSIGNMENT|[190]|s|{"LastModifiedDate":"2019-05-10T07:08:42.000Z","StudentId__c":"HS0054","IsDeleted":false,"Score1__c":0.00,"Score2__c":0.00,"Gender__c":false,"Score3__c":0.00,"Class__c":"a0H0o00000fJQOvEAO","Name":"a0I0o000013e0vH","SystemModstamp":"2019-05-10T07:08:42.000Z","AverageScore__c":0.00,"CreatedById":"0050o00000WkyGGAAZ","Birthday__c":"2085-07-25T00:00:00.000Z","CreatedDate":"2019-05-10T07:08:42.000Z","Id":"a0I0o000013e0vHEAQ","LastModifiedById":"0050o00000WkyGGAAZ","State__c":"Failed"}|0x1994ce17
00:08:42.0 (117981432)|STATEMENT_EXECUTE|[191]
00:08:42.0 (118052837)|STATEMENT_EXECUTE|[197]
00:08:42.0 (118055962)|STATEMENT_EXECUTE|[198]
00:08:42.0 (118085421)|HEAP_ALLOCATE|[198]|Bytes:4
00:08:42.0 (118094977)|HEAP_ALLOCATE|[EXTERNAL]|Bytes:-4
00:08:42.0 (118111767)|HEAP_ALLOCATE|[190]|Bytes:5
00:08:42.0 (118124319)|VARIABLE_ASSIGNMENT|[190]|s|null|
00:08:42.0 (118130094)|STATEMENT_EXECUTE|[202]
00:08:42.0 (118133653)|HEAP_ALLOCATE|[202]|Bytes:44
00:08:42.0 (118148515)|HEAP_ALLOCATE|[202]|Bytes:4
00:08:42.0 (118331141)|SOQL_EXECUTE_BEGIN|[202]|Aggregations:0|SELECT id, NumberOfStudents__c FROM Class__c
00:08:42.0 (120257211)|SOQL_EXECUTE_END|[202]|Rows:2
00:08:42.0 (120286483)|HEAP_ALLOCATE|[202]|Bytes:12
00:08:42.0 (120308121)|HEAP_ALLOCATE|[202]|Bytes:176
00:08:42.0 (120357901)|HEAP_ALLOCATE|[202]|Bytes:12
00:08:42.0 (120375798)|VARIABLE_SCOPE_BEGIN|[202]|classList|List<Class__c>|true|false
00:08:42.0 (120410430)|VARIABLE_ASSIGNMENT|[202]|classList|[{"Id":"a0H0o00000fJQOvEAO","NumberOfStudents__c":1},{"Id":"a0H0o00000fJQOwEAO","NumberOfStudents__c":0}]|0x54848845
00:08:42.0 (120459208)|HEAP_ALLOCATE|[204]|Bytes:5
00:08:42.0 (120477034)|HEAP_ALLOCATE|[204]|Bytes:12
00:08:42.0 (120486750)|VARIABLE_SCOPE_BEGIN|[204]|c|Class__c|true|false
00:08:42.0 (120502588)|VARIABLE_ASSIGNMENT|[204]|c|{"Id":"a0H0o00000fJQOvEAO","NumberOfStudents__c":1}|0x3c219831
00:08:42.0 (120509686)|STATEMENT_EXECUTE|[205]
00:08:42.0 (120549345)|STATEMENT_EXECUTE|[207]
00:08:42.0 (120551828)|STATEMENT_EXECUTE|[208]
00:08:42.0 (120555155)|HEAP_ALLOCATE|[208]|Bytes:13
00:08:42.0 (120599180)|USER_DEBUG|[208]|DEBUG|run at update
00:08:42.0 (120649327)|STATEMENT_EXECUTE|[210]
00:08:42.0 (120651344)|STATEMENT_EXECUTE|[211]
00:08:42.0 (120695927)|HEAP_ALLOCATE|[211]|Bytes:28
00:08:42.0 (120701900)|HEAP_ALLOCATE|[211]|Bytes:28
00:08:42.0 (120768841)|VARIABLE_ASSIGNMENT|[211]|this.NumberOfStudents__c|1|0x3c219831
00:08:42.0 (120776425)|STATEMENT_EXECUTE|[219]
00:08:42.0 (120811832)|HEAP_ALLOCATE|[219]|Bytes:8
00:08:42.0 (120826595)|DML_BEGIN|[219]|Op:Update|Type:Class__c|Rows:1
00:08:42.0 (120853817)|HEAP_ALLOCATE|[EXTERNAL]|Bytes:8
00:08:42.0 (135172331)|DML_END|[219]
00:08:42.0 (135197738)|STATEMENT_EXECUTE|[221]
00:08:42.0 (135333402)|HEAP_ALLOCATE|[204]|Bytes:5
00:08:42.0 (135363431)|HEAP_ALLOCATE|[204]|Bytes:12
00:08:42.0 (135378263)|VARIABLE_SCOPE_BEGIN|[204]|c|Class__c|true|false
00:08:42.0 (135415716)|VARIABLE_ASSIGNMENT|[204]|c|{"Id":"a0H0o00000fJQOwEAO","NumberOfStudents__c":0}|0xb838bbe
00:08:42.0 (135423766)|STATEMENT_EXECUTE|[205]
00:08:42.0 (135443068)|STATEMENT_EXECUTE|[206]
00:08:42.0 (135451806)|HEAP_ALLOCATE|[204]|Bytes:5
00:08:42.0 (135463605)|VARIABLE_ASSIGNMENT|[204]|c|null|
00:08:42.0 (135482834)|METHOD_EXIT|[49]|01p0o00000GMOB6|TriggerHandle.executeNOStudentsUpdate(List<Student__c>, String)
00:08:42.0 (135489166)|STATEMENT_EXECUTE|[50]
00:08:42.0 (135509338)|METHOD_ENTRY|[50]|01p0o00000GMOB6|TriggerHandle.executeNOFAPStudentsUpdate(List<Student__c>, String)
00:08:42.0 (135534395)|VARIABLE_SCOPE_BEGIN|[112]|this|TriggerHandle|true|false
00:08:42.0 (135559110)|VARIABLE_ASSIGNMENT|[112]|this|{}|0x460efb91
00:08:42.0 (135566363)|VARIABLE_SCOPE_BEGIN|[112]|studentList|List<Student__c>|true|false
00:08:42.0 (135867300)|VARIABLE_ASSIGNMENT|[112]|studentList|[{"LastModifiedDate":"2019-05-10T07:08:42.000Z","StudentId__c":"HS0054","IsDeleted":false,"Score1__c":0.00,"Score2__c":0.00,"Gender__c":false,"Score3__c":0.00,"Class__c":"a0H0o00000fJQOvEAO","Name":"a0I0o000013e0vH","SystemModstamp":"2019-05-10T07:08:42.000Z","AverageScore__c":0.00,"CreatedById":"0050o00000WkyGGAAZ","Birthday__c":"2085-07-25T00:00:00.000Z","CreatedDate":"2019-05-10T07:08:42.000Z","Id":"a0I0o000013e0vHEAQ","LastModifiedById":"0050o00000WkyGGAAZ","State__c":"Failed"}]|0x5f8580c0
00:08:42.0 (135890562)|VARIABLE_SCOPE_BEGIN|[112]|action|String|false|false
00:08:42.0 (135904633)|VARIABLE_ASSIGNMENT|[112]|action|"insert"
00:08:42.0 (135924632)|HEAP_ALLOCATE|[114]|Bytes:5
00:08:42.0 (135933145)|STATEMENT_EXECUTE|[113]
00:08:42.0 (135935552)|STATEMENT_EXECUTE|[114]
00:08:42.0 (135962002)|HEAP_ALLOCATE|[114]|Bytes:4
00:08:42.0 (135978882)|VARIABLE_SCOPE_BEGIN|[114]|classIDMapWithPassedStudents|Map<Id,Integer>|true|false
00:08:42.0 (136003442)|VARIABLE_ASSIGNMENT|[114]|classIDMapWithPassedStudents|{}|0x4c2b5f9b
00:08:42.0 (136014321)|STATEMENT_EXECUTE|[115]
00:08:42.0 (136024722)|HEAP_ALLOCATE|[115]|Bytes:4
00:08:42.0 (136034210)|VARIABLE_SCOPE_BEGIN|[115]|classIDMapWithFaliedStudents|Map<Id,Integer>|true|false
00:08:42.0 (136051047)|VARIABLE_ASSIGNMENT|[115]|classIDMapWithFaliedStudents|{}|0x1de8b7f9
00:08:42.0 (136102633)|HEAP_ALLOCATE|[118]|Bytes:5
00:08:42.0 (136122700)|VARIABLE_SCOPE_BEGIN|[118]|s|Student__c|true|false
00:08:42.0 (136290146)|VARIABLE_ASSIGNMENT|[118]|s|{"LastModifiedDate":"2019-05-10T07:08:42.000Z","StudentId__c":"HS0054","IsDeleted":false,"Score1__c":0.00,"Score2__c":0.00,"Gender__c":false,"Score3__c":0.00,"Class__c":"a0H0o00000fJQOvEAO","Name":"a0I0o000013e0vH","SystemModstamp":"2019-05-10T07:08:42.000Z","AverageScore__c":0.00,"CreatedById":"0050o00000WkyGGAAZ","Birthday__c":"2085-07-25T00:00:00.000Z","CreatedDate":"2019-05-10T07:08:42.000Z","Id":"a0I0o000013e0vHEAQ","LastModifiedById":"0050o00000WkyGGAAZ","State__c":"Failed"}|0x1994ce17
00:08:42.0 (136303170)|STATEMENT_EXECUTE|[119]
00:08:42.0 (136329192)|HEAP_ALLOCATE|[121]|Bytes:6
00:08:42.0 (136379253)|STATEMENT_EXECUTE|[134]
00:08:42.0 (136404894)|STATEMENT_EXECUTE|[140]
00:08:42.0 (136406902)|STATEMENT_EXECUTE|[141]
00:08:42.0 (136426485)|HEAP_ALLOCATE|[141]|Bytes:4
00:08:42.0 (136434503)|HEAP_ALLOCATE|[EXTERNAL]|Bytes:-4
00:08:42.0 (136451454)|HEAP_ALLOCATE|[118]|Bytes:5
00:08:42.0 (136464080)|VARIABLE_ASSIGNMENT|[118]|s|null|
00:08:42.0 (136469700)|STATEMENT_EXECUTE|[145]
00:08:42.0 (136472959)|HEAP_ALLOCATE|[145]|Bytes:77
00:08:42.0 (136487742)|HEAP_ALLOCATE|[145]|Bytes:4
00:08:42.0 (136682853)|SOQL_EXECUTE_BEGIN|[145]|Aggregations:0|SELECT id, NumberOfFailedStudents__c, NumberOfPassedStudents__c FROM Class__c
00:08:42.0 (140029976)|SOQL_EXECUTE_END|[145]|Rows:2
00:08:42.0 (140072409)|HEAP_ALLOCATE|[145]|Bytes:12
00:08:42.0 (140101521)|HEAP_ALLOCATE|[145]|Bytes:318
00:08:42.0 (140144878)|HEAP_ALLOCATE|[145]|Bytes:12
00:08:42.0 (140162473)|VARIABLE_SCOPE_BEGIN|[145]|classList|List<Class__c>|true|false
00:08:42.0 (140206318)|VARIABLE_ASSIGNMENT|[145]|classList|[{"Id":"a0H0o00000fJQOvEAO","NumberOfFailedStudents__c":1,"NumberOfPassedStudents__c":0},{"Id":"a0H0o00000fJQOwEAO","NumberOfFailedStudents__c":0,"NumberOfPassedStudents__c":0}]|0x7a000654
00:08:42.0 (140277882)|HEAP_ALLOCATE|[147]|Bytes:5
00:08:42.0 (140301643)|HEAP_ALLOCATE|[147]|Bytes:16
00:08:42.0 (140312563)|VARIABLE_SCOPE_BEGIN|[147]|c|Class__c|true|false
00:08:42.0 (140331296)|VARIABLE_ASSIGNMENT|[147]|c|{"Id":"a0H0o00000fJQOvEAO","NumberOfFailedStudents__c":1,"NumberOfPassedStudents__c":0}|0x75cbe253
00:08:42.0 (140339435)|STATEMENT_EXECUTE|[148]
00:08:42.0 (140386521)|STATEMENT_EXECUTE|[151]
00:08:42.0 (140454799)|STATEMENT_EXECUTE|[154]
00:08:42.0 (140458413)|STATEMENT_EXECUTE|[155]
00:08:42.0 (140519022)|HEAP_ALLOCATE|[155]|Bytes:28
00:08:42.0 (140546283)|HEAP_ALLOCATE|[155]|Bytes:28
00:08:42.0 (140634146)|VARIABLE_ASSIGNMENT|[155]|this.NumberOfFailedStudents__c|1|0x75cbe253
00:08:42.0 (140646314)|STATEMENT_EXECUTE|[162]
00:08:42.0 (140707881)|HEAP_ALLOCATE|[162]|Bytes:8
00:08:42.0 (140728287)|DML_BEGIN|[162]|Op:Update|Type:Class__c|Rows:1
00:08:42.0 (140770620)|HEAP_ALLOCATE|[EXTERNAL]|Bytes:8
00:08:42.0 (149942942)|DML_END|[162]
00:08:42.0 (149973248)|STATEMENT_EXECUTE|[163]
00:08:42.0 (150124794)|STATEMENT_EXECUTE|[166]
00:08:42.0 (150174137)|HEAP_ALLOCATE|[147]|Bytes:5
00:08:42.0 (150208916)|HEAP_ALLOCATE|[147]|Bytes:16
00:08:42.0 (150228587)|VARIABLE_SCOPE_BEGIN|[147]|c|Class__c|true|false
00:08:42.0 (150275915)|VARIABLE_ASSIGNMENT|[147]|c|{"Id":"a0H0o00000fJQOwEAO","NumberOfFailedStudents__c":0,"NumberOfPassedStudents__c":0}|0x5afa4514
00:08:42.0 (150288176)|STATEMENT_EXECUTE|[148]
00:08:42.0 (150311199)|STATEMENT_EXECUTE|[150]
00:08:42.0 (150324503)|STATEMENT_EXECUTE|[166]
00:08:42.0 (150336321)|HEAP_ALLOCATE|[147]|Bytes:5
00:08:42.0 (150354548)|VARIABLE_ASSIGNMENT|[147]|c|null|
00:08:42.0 (150380759)|METHOD_EXIT|[50]|01p0o00000GMOB6|TriggerHandle.executeNOFAPStudentsUpdate(List<Student__c>, String)
00:08:42.0 (150391009)|STATEMENT_EXECUTE|[51]
00:08:42.0 (150670538)|SAVEPOINT_SET|[51]|SavepointValue0
00:08:42.0 (150694764)|HEAP_ALLOCATE|[51]|Bytes:16
00:08:42.0 (151058877)|VARIABLE_ASSIGNMENT|[51]|sp|"common.apex.runtime.impl.ApexUserSavepoint@dd3c910"|0xdd3c910
00:08:42.0 (151081884)|SYSTEM_MODE_EXIT|false
00:08:42.0 (151101529)|METHOD_EXIT|[18]|01p0o00000GMOB6|TriggerHandle.onAfterInsert(List<Student__c>)
00:08:42.151 (151121873)|CUMULATIVE_LIMIT_USAGE
00:08:42.151 (151121873)|LIMIT_USAGE_FOR_NS|(default)|
  Number of SOQL queries: 4 out of 100
  Number of query rows: 7 out of 50000
  Number of SOSL queries: 0 out of 20
  Number of DML statements: 4 out of 150
  Number of DML rows: 4 out of 10000
  Maximum CPU time: 0 out of 10000
  Maximum heap size: 0 out of 6000000
  Number of callouts: 0 out of 100
  Number of Email Invocations: 0 out of 10
  Number of future calls: 0 out of 50
  Number of queueable jobs added to the queue: 0 out of 50
  Number of Mobile Apex push calls: 0 out of 10

00:08:42.151 (151121873)|CUMULATIVE_LIMIT_USAGE_END

00:08:42.0 (152479848)|CODE_UNIT_FINISHED|triggerStudent on Student trigger event AfterInsert|__sfdc_trigger/triggerStudent
00:08:42.0 (153897005)|DML_END|[108]
00:08:42.0 (153915399)|STATEMENT_EXECUTE|[109]
00:08:42.0 (153932208)|HEAP_ALLOCATE|[109]|Bytes:19
00:08:42.0 (154799612)|VARIABLE_ASSIGNMENT|[109]|ref|"/apex/AddNewStudent"|0x4303ee5b
00:08:42.0 (154813517)|STATEMENT_EXECUTE|[110]
00:08:42.0 (154885443)|STATEMENT_EXECUTE|[115]
00:08:42.0 (154891296)|SYSTEM_MODE_EXIT|false
00:08:42.163 (163866764)|CUMULATIVE_LIMIT_USAGE
00:08:42.163 (163866764)|LIMIT_USAGE_FOR_NS|(default)|
  Number of SOQL queries: 4 out of 100
  Number of query rows: 7 out of 50000
  Number of SOSL queries: 0 out of 20
  Number of DML statements: 4 out of 150
  Number of DML rows: 4 out of 10000
  Maximum CPU time: 0 out of 10000
  Maximum heap size: 0 out of 6000000
  Number of callouts: 0 out of 100
  Number of Email Invocations: 0 out of 10
  Number of future calls: 0 out of 50
  Number of queueable jobs added to the queue: 0 out of 50
  Number of Mobile Apex push calls: 0 out of 10

00:08:42.163 (163866764)|CUMULATIVE_LIMIT_USAGE_END

00:08:42.0 (163924974)|CODE_UNIT_FINISHED|VF: /apex/AddNewStudent
00:08:42.0 (164784303)|EXECUTION_FINISHED
