36.0 APEX_CODE,FINEST;APEX_PROFILING,INFO;CALLOUT,INFO;DB,INFO;NBA,INFO;SYSTEM,DEBUG;VALIDATION,INFO;VISUALFORCE,INFO;WAVE,INFO;WORKFLOW,INFO
23:24:08.0 (355171)|USER_INFO|[EXTERNAL]|0050o00000WkyGG|ttvy@keizu.co.jp|Pacific Standard Time|GMT-07:00
23:24:08.0 (398508)|EXECUTION_STARTED
23:24:08.0 (402829)|CODE_UNIT_STARTED|[EXTERNAL]|0660o000008sfSa|VF: /apex/StudentDetails
23:24:08.0 (6360929)|SYSTEM_MODE_ENTER|true
23:24:08.0 (6740450)|HEAP_ALLOCATE|[72]|Bytes:3
23:24:08.0 (6777567)|HEAP_ALLOCATE|[77]|Bytes:152
23:24:08.0 (6790507)|HEAP_ALLOCATE|[342]|Bytes:408
23:24:08.0 (6803583)|HEAP_ALLOCATE|[355]|Bytes:408
23:24:08.0 (6815466)|HEAP_ALLOCATE|[467]|Bytes:48
23:24:08.0 (6842339)|HEAP_ALLOCATE|[139]|Bytes:6
23:24:08.0 (6859084)|HEAP_ALLOCATE|[EXTERNAL]|Bytes:252
23:24:08.0 (6864982)|HEAP_ALLOCATE|[EXTERNAL]|Bytes:24
23:24:08.0 (6907770)|METHOD_ENTRY|[1]|01p0o00000GMTHL|StudentDetailsController.StudentDetailsController()
23:24:08.0 (6914265)|STATEMENT_EXECUTE|[1]
23:24:08.0 (6919427)|STATEMENT_EXECUTE|[1]
23:24:08.0 (6945533)|HEAP_ALLOCATE|[50]|Bytes:5
23:24:08.0 (6964575)|HEAP_ALLOCATE|[56]|Bytes:5
23:24:08.0 (6972586)|HEAP_ALLOCATE|[64]|Bytes:7
23:24:08.0 (6995004)|SYSTEM_MODE_ENTER|false
23:24:08.0 (7005615)|HEAP_ALLOCATE|[EXTERNAL]|Bytes:5
23:24:08.0 (7012860)|SYSTEM_MODE_EXIT|false
23:24:08.0 (7032254)|METHOD_EXIT|[1]|StudentDetailsController
23:24:08.0 (7047488)|HEAP_ALLOCATE|[EXTERNAL]|Bytes:40
23:24:08.0 (7057965)|VARIABLE_SCOPE_BEGIN|[12]|this|StudentDetailsController|true|false
23:24:08.0 (7124172)|VARIABLE_ASSIGNMENT|[12]|this|{}|0x37fc404f
23:24:08.0 (7137124)|SYSTEM_MODE_ENTER|false
23:24:08.0 (7142810)|HEAP_ALLOCATE|[13]|Bytes:5
23:24:08.0 (7146907)|STATEMENT_EXECUTE|[1]
23:24:08.0 (7149902)|HEAP_ALLOCATE|[13]|Bytes:5
23:24:08.0 (7152695)|STATEMENT_EXECUTE|[2]
23:24:08.0 (7154236)|STATEMENT_EXECUTE|[3]
23:24:08.0 (7155592)|STATEMENT_EXECUTE|[4]
23:24:08.0 (7156918)|STATEMENT_EXECUTE|[5]
23:24:08.0 (7158327)|STATEMENT_EXECUTE|[6]
23:24:08.0 (7159643)|STATEMENT_EXECUTE|[7]
23:24:08.0 (7160976)|STATEMENT_EXECUTE|[8]
23:24:08.0 (7162399)|STATEMENT_EXECUTE|[9]
23:24:08.0 (7163713)|STATEMENT_EXECUTE|[10]
23:24:08.0 (7170935)|HEAP_ALLOCATE|[13]|Bytes:6
23:24:08.0 (7208572)|STATEMENT_EXECUTE|[12]
23:24:08.0 (7210662)|STATEMENT_EXECUTE|[13]
23:24:08.0 (7278000)|HEAP_ALLOCATE|[13]|Bytes:24
23:24:08.0 (7321623)|HEAP_ALLOCATE|[13]|Bytes:0
23:24:08.0 (7342878)|HEAP_ALLOCATE|[13]|Bytes:2
23:24:08.0 (7359150)|VARIABLE_SCOPE_BEGIN|[13]|idStudent|String|false|false
23:24:08.0 (7369463)|VARIABLE_ASSIGNMENT|[13]|idStudent|null
23:24:08.0 (7373946)|STATEMENT_EXECUTE|[14]
23:24:08.0 (7392415)|METHOD_ENTRY|[14]|01p0o00000GMTHL|StudentDetailsController.getStudentDetails(String)
23:24:08.0 (7412460)|VARIABLE_SCOPE_BEGIN|[18]|this|StudentDetailsController|true|false
23:24:08.0 (7435470)|VARIABLE_ASSIGNMENT|[18]|this|{}|0x37fc404f
23:24:08.0 (7441798)|VARIABLE_SCOPE_BEGIN|[18]|idStudent|String|false|false
23:24:08.0 (7449045)|VARIABLE_ASSIGNMENT|[18]|idStudent|null
23:24:08.0 (7459422)|HEAP_ALLOCATE|[19]|Bytes:5
23:24:08.0 (7463834)|STATEMENT_EXECUTE|[18]
23:24:08.0 (7465444)|STATEMENT_EXECUTE|[19]
23:24:08.0 (7468256)|HEAP_ALLOCATE|[19]|Bytes:145
23:24:08.0 (7481111)|HEAP_ALLOCATE|[19]|Bytes:4
23:24:08.0 (7489860)|HEAP_ALLOCATE|[19]|Bytes:7
23:24:08.0 (9473183)|SOQL_EXECUTE_BEGIN|[19]|Aggregations:0|SELECT AverageScore__c, Birthday__c, Namef__c, Namel__c, Score1__c, Score2__c, Score3__c, State__c, Gender__c FROM Student__c WHERE id = :tmpVar1
23:24:08.0 (14965914)|SOQL_EXECUTE_END|[19]|Rows:0
23:24:08.0 (14998148)|HEAP_ALLOCATE|[19]|Bytes:4
23:24:08.0 (15012190)|HEAP_ALLOCATE|[19]|Bytes:0
23:24:08.0 (15151261)|HEAP_ALLOCATE|[19]|Bytes:4
23:24:08.0 (15168436)|HEAP_ALLOCATE|[19]|Bytes:36
23:24:08.0 (15242695)|HEAP_ALLOCATE|[19]|Bytes:46
23:24:08.0 (15262925)|METHOD_EXIT|[14]|01p0o00000GMTHL|StudentDetailsController.getStudentDetails(String)
23:24:08.0 (15272391)|SYSTEM_MODE_EXIT|false
23:24:08.0 (15442292)|FATAL_ERROR|System.QueryException: List has no rows for assignment to SObject

Class.StudentDetailsController.getStudentDetails: line 19, column 1
Class.StudentDetailsController.<init>: line 14, column 1
23:24:08.82 (82645002)|CUMULATIVE_LIMIT_USAGE
23:24:08.82 (82645002)|LIMIT_USAGE_FOR_NS|(default)|
  Number of SOQL queries: 1 out of 100
  Number of query rows: 0 out of 50000
  Number of SOSL queries: 0 out of 20
  Number of DML statements: 0 out of 150
  Number of DML rows: 0 out of 10000
  Maximum CPU time: 0 out of 10000
  Maximum heap size: 0 out of 6000000
  Number of callouts: 0 out of 100
  Number of Email Invocations: 0 out of 10
  Number of future calls: 0 out of 50
  Number of queueable jobs added to the queue: 0 out of 50
  Number of Mobile Apex push calls: 0 out of 10

23:24:08.82 (82645002)|CUMULATIVE_LIMIT_USAGE_END

23:24:08.0 (82689682)|CODE_UNIT_FINISHED|VF: /apex/StudentDetails
23:24:08.0 (83477583)|EXECUTION_FINISHED
