36.0 APEX_CODE,FINEST;APEX_PROFILING,INFO;CALLOUT,INFO;DB,INFO;NBA,INFO;SYSTEM,DEBUG;VALIDATION,INFO;VISUALFORCE,INFO;WAVE,INFO;WORKFLOW,INFO
03:28:09.0 (407927)|USER_INFO|[EXTERNAL]|0050o00000WkyGG|ttvy@keizu.co.jp|Pacific Standard Time|GMT-07:00
03:28:09.0 (443587)|EXECUTION_STARTED
03:28:09.0 (448765)|CODE_UNIT_STARTED|[EXTERNAL]|0660o000008sEYc|VF: /apex/MainPage
03:28:09.0 (7396314)|SYSTEM_MODE_ENTER|true
03:28:09.0 (7821420)|HEAP_ALLOCATE|[72]|Bytes:3
03:28:09.0 (7860919)|HEAP_ALLOCATE|[77]|Bytes:152
03:28:09.0 (7875085)|HEAP_ALLOCATE|[342]|Bytes:408
03:28:09.0 (7888242)|HEAP_ALLOCATE|[355]|Bytes:408
03:28:09.0 (7899948)|HEAP_ALLOCATE|[467]|Bytes:48
03:28:09.0 (7928018)|HEAP_ALLOCATE|[139]|Bytes:6
03:28:09.0 (7944609)|HEAP_ALLOCATE|[EXTERNAL]|Bytes:176
03:28:09.0 (7951482)|HEAP_ALLOCATE|[EXTERNAL]|Bytes:20
03:28:09.0 (7956050)|HEAP_ALLOCATE|[EXTERNAL]|Bytes:2
03:28:09.0 (7967494)|METHOD_ENTRY|[1]|01p0o00000GLKhZ|Controller.Controller()
03:28:09.0 (7974607)|STATEMENT_EXECUTE|[1]
03:28:09.0 (7978369)|STATEMENT_EXECUTE|[1]
03:28:09.0 (8004916)|HEAP_ALLOCATE|[50]|Bytes:5
03:28:09.0 (8024947)|HEAP_ALLOCATE|[56]|Bytes:5
03:28:09.0 (8032911)|HEAP_ALLOCATE|[64]|Bytes:7
03:28:09.0 (8047351)|SYSTEM_MODE_ENTER|false
03:28:09.0 (8057727)|HEAP_ALLOCATE|[EXTERNAL]|Bytes:5
03:28:09.0 (8064382)|SYSTEM_MODE_EXIT|false
03:28:09.0 (8073131)|METHOD_EXIT|[1]|Controller
03:28:09.0 (8198425)|HEAP_ALLOCATE|[EXTERNAL]|Bytes:24
03:28:09.0 (8209434)|VARIABLE_SCOPE_BEGIN|[1]|this|Controller|true|false
03:28:09.0 (8272277)|VARIABLE_ASSIGNMENT|[1]|this|{}|0x53be780f
03:28:09.0 (8285321)|SYSTEM_MODE_ENTER|false
03:28:09.0 (8291966)|HEAP_ALLOCATE|[EXTERNAL]|Bytes:5
03:28:09.0 (8301486)|HEAP_ALLOCATE|[EXTERNAL]|Bytes:6
03:28:09.0 (8334520)|SYSTEM_MODE_EXIT|false
03:28:09.0 (8340387)|STATEMENT_EXECUTE|[1]
03:28:09.0 (8344704)|SYSTEM_MODE_ENTER|false
03:28:09.0 (8349586)|HEAP_ALLOCATE|[EXTERNAL]|Bytes:5
03:28:09.0 (8353516)|STATEMENT_EXECUTE|[2]
03:28:09.0 (8355118)|STATEMENT_EXECUTE|[3]
03:28:09.0 (8356563)|STATEMENT_EXECUTE|[4]
03:28:09.0 (8357930)|STATEMENT_EXECUTE|[5]
03:28:09.0 (8359452)|STATEMENT_EXECUTE|[6]
03:28:09.0 (8361329)|SYSTEM_MODE_EXIT|false
03:28:09.8 (8664620)|SYSTEM_MODE_ENTER|true
03:28:09.8 (8697672)|HEAP_ALLOCATE|[EXTERNAL]|Bytes:38
03:28:09.8 (8704546)|HEAP_ALLOCATE|[EXTERNAL]|Bytes:7
03:28:09.8 (8865289)|SYSTEM_MODE_ENTER|true
03:28:09.8 (8981258)|HEAP_ALLOCATE|[EXTERNAL]|Bytes:8
03:28:09.8 (8990930)|VARIABLE_SCOPE_BEGIN|[88]|this|ApexPage.PageMessagesComponentController|true|false
03:28:09.8 (9017046)|VARIABLE_ASSIGNMENT|[88]|this|{}|0x719f7b66
03:28:09.8 (9024731)|VARIABLE_SCOPE_BEGIN|[88]|escape|Boolean|false|false
03:28:09.8 (9034371)|VARIABLE_ASSIGNMENT|[88]|escape|null
03:28:09.9 (9186358)|SYSTEM_MODE_ENTER|true
03:28:09.9 (9232721)|HEAP_ALLOCATE|[EXTERNAL]|Bytes:8
03:28:09.9 (9240478)|VARIABLE_SCOPE_BEGIN|[2]|this|ApexPage.PageMessagesComponentController|true|false
03:28:09.9 (9260762)|VARIABLE_ASSIGNMENT|[2]|this|{}|0x719f7b66
03:28:09.0 (10695347)|SYSTEM_MODE_ENTER|true
03:28:09.0 (11551279)|SYSTEM_MODE_ENTER|true
03:28:09.0 (11744321)|SYSTEM_MODE_ENTER|true
03:28:09.0 (11795187)|HEAP_ALLOCATE|[EXTERNAL]|Bytes:24
03:28:09.0 (11806343)|VARIABLE_SCOPE_BEGIN|[8]|this|Controller|true|false
03:28:09.0 (11837622)|VARIABLE_ASSIGNMENT|[8]|this|{}|0x53be780f
03:28:09.0 (11852058)|SYSTEM_MODE_ENTER|false
03:28:09.0 (11859828)|HEAP_ALLOCATE|[9]|Bytes:5
03:28:09.0 (11865419)|STATEMENT_EXECUTE|[8]
03:28:09.0 (11867413)|STATEMENT_EXECUTE|[9]
03:28:09.0 (11878318)|HEAP_ALLOCATE|[9]|Bytes:4
03:28:09.0 (11908348)|VARIABLE_SCOPE_BEGIN|[9]|options|List<System.SelectOption>|true|false
03:28:09.0 (11934011)|HEAP_ALLOCATE|[EXTERNAL]|Bytes:4
03:28:09.0 (11946941)|VARIABLE_ASSIGNMENT|[9]|options|[]|0x1738ea52
03:28:09.0 (11952921)|STATEMENT_EXECUTE|[10]
03:28:09.0 (11957010)|HEAP_ALLOCATE|[10]|Bytes:33
03:28:09.0 (11972312)|HEAP_ALLOCATE|[10]|Bytes:4
03:28:09.0 (13066147)|SOQL_EXECUTE_BEGIN|[10]|Aggregations:0|SELECT className__C FROM Class__c
03:28:09.0 (15500678)|SOQL_EXECUTE_END|[10]|Rows:4
03:28:09.0 (15524040)|HEAP_ALLOCATE|[10]|Bytes:20
03:28:09.0 (15545664)|HEAP_ALLOCATE|[10]|Bytes:193
03:28:09.0 (15607706)|HEAP_ALLOCATE|[10]|Bytes:20
03:28:09.0 (15623979)|VARIABLE_SCOPE_BEGIN|[10]|data|List<Class__c>|true|false
03:28:09.0 (15664806)|VARIABLE_ASSIGNMENT|[10]|data|[{"className__c":"Name","Id":"a0H0o00000fIXZEEA4"},{"className__c":"L02","Id":"a0H0o00000fIXflEAG"},{"className__c":"L01","Id":"a0H0o00000fIXZYEA4"},{"className__c":"L03","Id":"a0H0o00000fIXg0EAG"}]|0x318385bb
03:28:09.0 (15847006)|HEAP_ALLOCATE|[11]|Bytes:5
03:28:09.0 (15868072)|HEAP_ALLOCATE|[11]|Bytes:12
03:28:09.0 (15877306)|VARIABLE_SCOPE_BEGIN|[11]|c|Class__c|true|false
03:28:09.0 (15894603)|VARIABLE_ASSIGNMENT|[11]|c|{"className__c":"Name","Id":"a0H0o00000fIXZEEA4"}|0x64b75a26
03:28:09.0 (15902785)|STATEMENT_EXECUTE|[11]
03:28:09.0 (15905340)|STATEMENT_EXECUTE|[12]
03:28:09.0 (15913546)|HEAP_ALLOCATE|[12]|Bytes:12
03:28:09.0 (15992402)|HEAP_ALLOCATE|[12]|Bytes:4
03:28:09.0 (16022289)|HEAP_ALLOCATE|[12]|Bytes:4
03:28:09.0 (16063881)|HEAP_ALLOCATE|[EXTERNAL]|Bytes:4
03:28:09.0 (16079619)|HEAP_ALLOCATE|[11]|Bytes:5
03:28:09.0 (16091389)|HEAP_ALLOCATE|[11]|Bytes:12
03:28:09.0 (16098619)|VARIABLE_SCOPE_BEGIN|[11]|c|Class__c|true|false
03:28:09.0 (16114784)|VARIABLE_ASSIGNMENT|[11]|c|{"className__c":"L02","Id":"a0H0o00000fIXflEAG"}|0x46e8c179
03:28:09.0 (16121693)|STATEMENT_EXECUTE|[11]
03:28:09.0 (16123477)|STATEMENT_EXECUTE|[12]
03:28:09.0 (16147869)|HEAP_ALLOCATE|[12]|Bytes:3
03:28:09.0 (16169537)|HEAP_ALLOCATE|[12]|Bytes:3
03:28:09.0 (16185188)|HEAP_ALLOCATE|[EXTERNAL]|Bytes:4
03:28:09.0 (16197702)|HEAP_ALLOCATE|[11]|Bytes:5
03:28:09.0 (16207983)|HEAP_ALLOCATE|[11]|Bytes:12
03:28:09.0 (16213925)|VARIABLE_SCOPE_BEGIN|[11]|c|Class__c|true|false
03:28:09.0 (16229521)|VARIABLE_ASSIGNMENT|[11]|c|{"className__c":"L01","Id":"a0H0o00000fIXZYEA4"}|0x331b661a
03:28:09.0 (16235761)|STATEMENT_EXECUTE|[11]
03:28:09.0 (16237375)|STATEMENT_EXECUTE|[12]
03:28:09.0 (16258123)|HEAP_ALLOCATE|[12]|Bytes:3
03:28:09.0 (16279738)|HEAP_ALLOCATE|[12]|Bytes:3
03:28:09.0 (16293273)|HEAP_ALLOCATE|[EXTERNAL]|Bytes:4
03:28:09.0 (16304882)|HEAP_ALLOCATE|[11]|Bytes:5
03:28:09.0 (16314319)|HEAP_ALLOCATE|[11]|Bytes:12
03:28:09.0 (16319981)|VARIABLE_SCOPE_BEGIN|[11]|c|Class__c|true|false
03:28:09.0 (16334393)|VARIABLE_ASSIGNMENT|[11]|c|{"className__c":"L03","Id":"a0H0o00000fIXg0EAG"}|0x24fbeedb
03:28:09.0 (16340226)|STATEMENT_EXECUTE|[11]
03:28:09.0 (16342040)|STATEMENT_EXECUTE|[12]
03:28:09.0 (16361629)|HEAP_ALLOCATE|[12]|Bytes:3
03:28:09.0 (16382263)|HEAP_ALLOCATE|[12]|Bytes:3
03:28:09.0 (16396013)|HEAP_ALLOCATE|[EXTERNAL]|Bytes:4
03:28:09.0 (16406444)|HEAP_ALLOCATE|[11]|Bytes:5
03:28:09.0 (16418156)|VARIABLE_ASSIGNMENT|[11]|c|null|
03:28:09.0 (16424044)|STATEMENT_EXECUTE|[15]
03:28:09.0 (16429096)|SYSTEM_MODE_EXIT|false
03:28:09.0 (16593051)|SYSTEM_MODE_ENTER|true
03:28:09.17 (17748419)|SYSTEM_MODE_ENTER|true
03:28:09.17 (17848256)|HEAP_ALLOCATE|[EXTERNAL]|Bytes:8
03:28:09.17 (17859623)|VARIABLE_SCOPE_BEGIN|[88]|this|ApexPage.PageMessagesComponentController|true|false
03:28:09.17 (17893871)|VARIABLE_ASSIGNMENT|[88]|this|{}|0x719f7b66
03:28:09.17 (17902212)|VARIABLE_SCOPE_BEGIN|[88]|escape|Boolean|false|false
03:28:09.17 (17911137)|VARIABLE_ASSIGNMENT|[88]|escape|null
03:28:09.18 (18035330)|SYSTEM_MODE_ENTER|true
03:28:09.18 (18077246)|HEAP_ALLOCATE|[EXTERNAL]|Bytes:8
03:28:09.18 (18085334)|VARIABLE_SCOPE_BEGIN|[2]|this|ApexPage.PageMessagesComponentController|true|false
03:28:09.18 (18105485)|VARIABLE_ASSIGNMENT|[2]|this|{}|0x719f7b66
03:28:09.0 (18849714)|SYSTEM_MODE_ENTER|true
03:28:09.0 (20483968)|VF_SERIALIZE_VIEWSTATE_BEGIN|0660o000008sEYc
03:28:09.0 (32388856)|VF_SERIALIZE_VIEWSTATE_END
03:28:09.0 (33833409)|CODE_UNIT_STARTED|[EXTERNAL]|Generate Metadata
03:28:09.0 (34294933)|CODE_UNIT_FINISHED|Generate Metadata
03:28:09.37 (37242005)|CUMULATIVE_LIMIT_USAGE
03:28:09.37 (37242005)|LIMIT_USAGE_FOR_NS|(default)|
  Number of SOQL queries: 1 out of 100
  Number of query rows: 4 out of 50000
  Number of SOSL queries: 0 out of 20
  Number of DML statements: 0 out of 150
  Number of DML rows: 0 out of 10000
  Maximum CPU time: 0 out of 10000
  Maximum heap size: 0 out of 6000000
  Number of callouts: 0 out of 100
  Number of Email Invocations: 0 out of 10
  Number of future calls: 0 out of 50
  Number of queueable jobs added to the queue: 0 out of 50
  Number of Mobile Apex push calls: 0 out of 10

03:28:09.37 (37242005)|CUMULATIVE_LIMIT_USAGE_END

03:28:09.0 (37292172)|CODE_UNIT_FINISHED|VF: /apex/MainPage
03:28:09.0 (38469586)|EXECUTION_FINISHED
