36.0 APEX_CODE,FINEST;APEX_PROFILING,INFO;CALLOUT,INFO;DB,INFO;NBA,INFO;SYSTEM,DEBUG;VALIDATION,INFO;VISUALFORCE,INFO;WAVE,INFO;WORKFLOW,INFO
01:50:39.0 (351034)|USER_INFO|[EXTERNAL]|0050o00000WkyGG|ttvy@keizu.co.jp|Pacific Standard Time|GMT-07:00
01:50:39.0 (402154)|EXECUTION_STARTED
01:50:39.0 (407196)|CODE_UNIT_STARTED|[EXTERNAL]|0660o000008sbCc|VF: /apex/AddNewStudent
01:50:39.0 (906388)|VF_DESERIALIZE_VIEWSTATE_BEGIN|0660o000008sbCc
01:50:39.0 (15191924)|VF_DESERIALIZE_VIEWSTATE_END
01:50:39.16 (16269903)|SYSTEM_MODE_ENTER|true
01:50:39.17 (17854954)|SYSTEM_MODE_ENTER|true
01:50:39.17 (17967436)|HEAP_ALLOCATE|[EXTERNAL]|Bytes:8
01:50:39.17 (17996604)|VARIABLE_SCOPE_BEGIN|[88]|this|ApexPage.PageMessagesComponentController|true|false
01:50:39.17 (18072633)|VARIABLE_ASSIGNMENT|[88]|this|{}|0x35d27374
01:50:39.17 (18087616)|VARIABLE_SCOPE_BEGIN|[88]|escape|Boolean|false|false
01:50:39.17 (18103059)|VARIABLE_ASSIGNMENT|[88]|escape|null
01:50:39.0 (35508842)|SYSTEM_MODE_ENTER|true
01:50:39.0 (35550087)|HEAP_ALLOCATE|[EXTERNAL]|Bytes:19
01:50:39.0 (35569388)|HEAP_ALLOCATE|[EXTERNAL]|Bytes:376
01:50:39.0 (35576376)|HEAP_ALLOCATE|[EXTERNAL]|Bytes:63
01:50:39.0 (35582705)|HEAP_ALLOCATE|[EXTERNAL]|Bytes:10
01:50:39.0 (35599830)|METHOD_ENTRY|[1]|01p0o00000GLKhZ|Controller.Controller()
01:50:39.0 (35607196)|STATEMENT_EXECUTE|[1]
01:50:39.0 (35612756)|STATEMENT_EXECUTE|[1]
01:50:39.0 (35621213)|SYSTEM_MODE_ENTER|false
01:50:39.0 (35631265)|HEAP_ALLOCATE|[EXTERNAL]|Bytes:5
01:50:39.0 (35637208)|STATEMENT_EXECUTE|[18]
01:50:39.0 (35638995)|STATEMENT_EXECUTE|[37]
01:50:39.0 (35647332)|SYSTEM_MODE_EXIT|false
01:50:39.0 (35656395)|METHOD_EXIT|[1]|Controller
01:50:39.0 (35742378)|SYSTEM_MODE_ENTER|true
01:50:39.0 (35798645)|SYSTEM_MODE_ENTER|true
01:50:39.0 (35888604)|SYSTEM_MODE_ENTER|true
01:50:39.0 (35940697)|SYSTEM_MODE_ENTER|true
01:50:39.0 (35984910)|SYSTEM_MODE_ENTER|true
01:50:39.0 (36023396)|SYSTEM_MODE_ENTER|true
01:50:39.0 (36149853)|SYSTEM_MODE_ENTER|true
01:50:39.0 (36426382)|HEAP_ALLOCATE|[EXTERNAL]|Bytes:64
01:50:39.0 (36450659)|VARIABLE_SCOPE_BEGIN|[56]|this|Controller|true|false
01:50:39.0 (36522749)|VARIABLE_ASSIGNMENT|[56]|this|{}|0x31933bd2
01:50:39.0 (36541129)|SYSTEM_MODE_ENTER|false
01:50:39.0 (36549512)|HEAP_ALLOCATE|[57]|Bytes:5
01:50:39.0 (36554681)|STATEMENT_EXECUTE|[56]
01:50:39.0 (36556667)|STATEMENT_EXECUTE|[57]
01:50:39.0 (36571555)|HEAP_ALLOCATE|[57]|Bytes:4
01:50:39.0 (36617752)|VARIABLE_SCOPE_BEGIN|[57]|options|List<System.SelectOption>|true|false
01:50:39.0 (36646171)|HEAP_ALLOCATE|[EXTERNAL]|Bytes:4
01:50:39.0 (36657691)|VARIABLE_ASSIGNMENT|[57]|options|[]|0x46d9d34c
01:50:39.0 (36662917)|STATEMENT_EXECUTE|[58]
01:50:39.0 (36667227)|HEAP_ALLOCATE|[58]|Bytes:33
01:50:39.0 (36686869)|HEAP_ALLOCATE|[58]|Bytes:4
01:50:39.0 (38033068)|SOQL_EXECUTE_BEGIN|[58]|Aggregations:0|SELECT className__C FROM Class__c
01:50:39.0 (40526825)|SOQL_EXECUTE_END|[58]|Rows:2
01:50:39.0 (40568252)|HEAP_ALLOCATE|[58]|Bytes:12
01:50:39.0 (40587096)|HEAP_ALLOCATE|[58]|Bytes:101
01:50:39.0 (40667065)|HEAP_ALLOCATE|[58]|Bytes:12
01:50:39.0 (40688416)|VARIABLE_SCOPE_BEGIN|[58]|data|List<Class__c>|true|false
01:50:39.0 (40741528)|VARIABLE_ASSIGNMENT|[58]|data|[{"className__c":"Math","Id":"a0H0o00000fJQOvEAO"},{"className__c":"English","Id":"a0H0o00000fJQOwEAO"}]|0x634f7ce6
01:50:39.0 (40961847)|HEAP_ALLOCATE|[59]|Bytes:5
01:50:39.0 (40987615)|HEAP_ALLOCATE|[59]|Bytes:12
01:50:39.0 (40997362)|VARIABLE_SCOPE_BEGIN|[59]|c|Class__c|true|false
01:50:39.0 (41014592)|VARIABLE_ASSIGNMENT|[59]|c|{"className__c":"Math","Id":"a0H0o00000fJQOvEAO"}|0x1c37cef6
01:50:39.0 (41022929)|STATEMENT_EXECUTE|[59]
01:50:39.0 (41025357)|STATEMENT_EXECUTE|[60]
01:50:39.0 (41034073)|HEAP_ALLOCATE|[60]|Bytes:12
01:50:39.0 (41140531)|HEAP_ALLOCATE|[60]|Bytes:4
01:50:39.0 (41178651)|HEAP_ALLOCATE|[60]|Bytes:4
01:50:39.0 (41221796)|HEAP_ALLOCATE|[EXTERNAL]|Bytes:4
01:50:39.0 (41238016)|HEAP_ALLOCATE|[59]|Bytes:5
01:50:39.0 (41249353)|HEAP_ALLOCATE|[59]|Bytes:12
01:50:39.0 (41256040)|VARIABLE_SCOPE_BEGIN|[59]|c|Class__c|true|false
01:50:39.0 (41285342)|VARIABLE_ASSIGNMENT|[59]|c|{"className__c":"English","Id":"a0H0o00000fJQOwEAO"}|0x82e45b0
01:50:39.0 (41292380)|STATEMENT_EXECUTE|[59]
01:50:39.0 (41294134)|STATEMENT_EXECUTE|[60]
01:50:39.0 (41327931)|HEAP_ALLOCATE|[60]|Bytes:7
01:50:39.0 (41356516)|HEAP_ALLOCATE|[60]|Bytes:7
01:50:39.0 (41373244)|HEAP_ALLOCATE|[EXTERNAL]|Bytes:4
01:50:39.0 (41386783)|HEAP_ALLOCATE|[59]|Bytes:5
01:50:39.0 (41398454)|VARIABLE_ASSIGNMENT|[59]|c|null|
01:50:39.0 (41404457)|STATEMENT_EXECUTE|[63]
01:50:39.0 (41409415)|SYSTEM_MODE_EXIT|false
01:50:39.0 (41554324)|SYSTEM_MODE_ENTER|true
01:50:39.41 (41854119)|SYSTEM_MODE_ENTER|true
01:50:39.41 (41919198)|HEAP_ALLOCATE|[EXTERNAL]|Bytes:8
01:50:39.41 (41930808)|VARIABLE_SCOPE_BEGIN|[88]|this|ApexPage.PageMessagesComponentController|true|false
01:50:39.41 (41959473)|VARIABLE_ASSIGNMENT|[88]|this|{}|0x35d27374
01:50:39.41 (41966298)|VARIABLE_SCOPE_BEGIN|[88]|escape|Boolean|false|false
01:50:39.41 (41974214)|VARIABLE_ASSIGNMENT|[88]|escape|null
01:50:39.0 (42029121)|SYSTEM_MODE_ENTER|true
01:50:39.0 (42052583)|HEAP_ALLOCATE|[EXTERNAL]|Bytes:3
01:50:39.0 (42057343)|HEAP_ALLOCATE|[EXTERNAL]|Bytes:64
01:50:39.0 (42073937)|VARIABLE_ASSIGNMENT|[EXTERNAL]|this.namef|"aaa"|0x31933bd2
01:50:39.0 (42103303)|SYSTEM_MODE_ENTER|true
01:50:39.0 (42116948)|HEAP_ALLOCATE|[EXTERNAL]|Bytes:3
01:50:39.0 (42120844)|HEAP_ALLOCATE|[EXTERNAL]|Bytes:64
01:50:39.0 (42127755)|VARIABLE_ASSIGNMENT|[EXTERNAL]|this.namel|"ccc"|0x31933bd2
01:50:39.0 (42152955)|SYSTEM_MODE_ENTER|true
01:50:39.0 (42168090)|HEAP_ALLOCATE|[EXTERNAL]|Bytes:5
01:50:39.0 (42172082)|HEAP_ALLOCATE|[EXTERNAL]|Bytes:64
01:50:39.0 (42178770)|VARIABLE_ASSIGNMENT|[EXTERNAL]|this.gender|false|0x31933bd2
01:50:39.0 (42701168)|SYSTEM_MODE_ENTER|true
01:50:39.0 (42719574)|HEAP_ALLOCATE|[EXTERNAL]|Bytes:4
01:50:39.0 (42724261)|HEAP_ALLOCATE|[EXTERNAL]|Bytes:64
01:50:39.0 (42752650)|VARIABLE_ASSIGNMENT|[EXTERNAL]|this.birthday|"2019-05-10T00:00:00.000Z"|0x31933bd2
01:50:39.0 (42785590)|SYSTEM_MODE_ENTER|true
01:50:39.0 (42812197)|HEAP_ALLOCATE|[EXTERNAL]|Bytes:28
01:50:39.0 (42816487)|HEAP_ALLOCATE|[EXTERNAL]|Bytes:64
01:50:39.0 (42825180)|VARIABLE_ASSIGNMENT|[EXTERNAL]|this.score1|9|0x31933bd2
01:50:39.0 (42850588)|SYSTEM_MODE_ENTER|true
01:50:39.0 (42863999)|HEAP_ALLOCATE|[EXTERNAL]|Bytes:28
01:50:39.0 (42868172)|HEAP_ALLOCATE|[EXTERNAL]|Bytes:64
01:50:39.0 (42874394)|VARIABLE_ASSIGNMENT|[EXTERNAL]|this.score2|9|0x31933bd2
01:50:39.0 (42896965)|SYSTEM_MODE_ENTER|true
01:50:39.0 (42909498)|HEAP_ALLOCATE|[EXTERNAL]|Bytes:28
01:50:39.0 (42913187)|HEAP_ALLOCATE|[EXTERNAL]|Bytes:64
01:50:39.0 (42919555)|VARIABLE_ASSIGNMENT|[EXTERNAL]|this.score3|8|0x31933bd2
01:50:39.0 (42944562)|SYSTEM_MODE_ENTER|true
01:50:39.0 (42957049)|HEAP_ALLOCATE|[EXTERNAL]|Bytes:4
01:50:39.0 (42961411)|HEAP_ALLOCATE|[EXTERNAL]|Bytes:64
01:50:39.0 (42968933)|VARIABLE_ASSIGNMENT|[EXTERNAL]|this.userselectSecondpage|"Math"|0x31933bd2
01:50:39.0 (43106002)|HEAP_ALLOCATE|[EXTERNAL]|Bytes:64
01:50:39.0 (43117745)|VARIABLE_SCOPE_BEGIN|[91]|this|Controller|true|false
01:50:39.0 (43165282)|VARIABLE_ASSIGNMENT|[91]|this|{"birthday":"2019-05-10T00:00:00.000Z","gender":false,"namef":"aaa","namel":"ccc","score1":9,"score2":9,"score3":8,"userselectSecondpage":"Math"}|0x31933bd2
01:50:39.0 (43182133)|SYSTEM_MODE_ENTER|false
01:50:39.0 (43188864)|HEAP_ALLOCATE|[92]|Bytes:5
01:50:39.0 (43193998)|STATEMENT_EXECUTE|[91]
01:50:39.0 (43195970)|STATEMENT_EXECUTE|[92]
01:50:39.0 (43200082)|VARIABLE_SCOPE_BEGIN|[92]|ref|System.PageReference|true|false
01:50:39.0 (43209985)|VARIABLE_ASSIGNMENT|[92]|ref|null|
01:50:39.0 (43213768)|STATEMENT_EXECUTE|[93]
01:50:39.0 (43215240)|STATEMENT_EXECUTE|[93]
01:50:39.0 (43216633)|STATEMENT_EXECUTE|[94]
01:50:39.0 (43220068)|HEAP_ALLOCATE|[94]|Bytes:53
01:50:39.0 (43266504)|HEAP_ALLOCATE|[94]|Bytes:4
01:50:39.0 (43280540)|HEAP_ALLOCATE|[94]|Bytes:7
01:50:39.0 (43345393)|VARIABLE_ASSIGNMENT|[EXTERNAL]|this|{"birthday":"2019-05-10T00:00:00.000Z","gender":false,"namef":"aaa","namel":"ccc","score1":9,"score2":9,"score3":8,"userselectSecondpage":"Math"}|0x31933bd2
01:50:39.0 (43641322)|SOQL_EXECUTE_BEGIN|[94]|Aggregations:0|SELECT id FROM Class__c WHERE className__c = :tmpVar1
01:50:39.0 (46365666)|SOQL_EXECUTE_END|[94]|Rows:1
01:50:39.0 (46398413)|HEAP_ALLOCATE|[94]|Bytes:8
01:50:39.0 (46416679)|HEAP_ALLOCATE|[94]|Bytes:29
01:50:39.0 (46468680)|HEAP_ALLOCATE|[94]|Bytes:8
01:50:39.0 (46488168)|HEAP_ALLOCATE|[94]|Bytes:34
01:50:39.0 (46510611)|HEAP_ALLOCATE|[94]|Bytes:8
01:50:39.0 (46522953)|VARIABLE_SCOPE_BEGIN|[94]|c|Class__c|true|false
01:50:39.0 (46549969)|VARIABLE_ASSIGNMENT|[94]|c|{"Id":"a0H0o00000fJQOvEAO"}|0xcee7adf
01:50:39.0 (46557420)|STATEMENT_EXECUTE|[98]
01:50:39.0 (46624781)|HEAP_ALLOCATE|[98]|Bytes:4
01:50:39.0 (46731599)|VARIABLE_SCOPE_BEGIN|[98]|student|Student__c|true|false
01:50:39.0 (46748101)|VARIABLE_ASSIGNMENT|[98]|student|{}|0x55eed42d
01:50:39.0 (46753699)|STATEMENT_EXECUTE|[99]
01:50:39.0 (46855970)|VARIABLE_ASSIGNMENT|[EXTERNAL]|this|{"birthday":"2019-05-10T00:00:00.000Z","gender":false,"namef":"aaa","namel":"ccc","score1":9,"score2":9,"score3":8,"userselectSecondpage":"Math"}|0x31933bd2
01:50:39.0 (48248223)|VARIABLE_ASSIGNMENT|[99]|this.Namef__c|"aaa"|0x55eed42d
01:50:39.0 (48260633)|STATEMENT_EXECUTE|[100]
01:50:39.0 (48335536)|VARIABLE_ASSIGNMENT|[EXTERNAL]|this|{"birthday":"2019-05-10T00:00:00.000Z","gender":false,"namef":"aaa","namel":"ccc","score1":9,"score2":9,"score3":8,"userselectSecondpage":"Math"}|0x31933bd2
01:50:39.0 (48402715)|VARIABLE_ASSIGNMENT|[100]|this.Namel__c|"ccc"|0x55eed42d
01:50:39.0 (48409897)|STATEMENT_EXECUTE|[101]
01:50:39.0 (48473894)|VARIABLE_ASSIGNMENT|[EXTERNAL]|this|{"birthday":"2019-05-10T00:00:00.000Z","gender":false,"namef":"aaa","namel":"ccc","score1":9,"score2":9,"score3":8,"userselectSecondpage":"Math"}|0x31933bd2
01:50:39.0 (48529435)|VARIABLE_ASSIGNMENT|[101]|this.Gender__c|false|0x55eed42d
01:50:39.0 (48536402)|STATEMENT_EXECUTE|[102]
01:50:39.0 (48603330)|VARIABLE_ASSIGNMENT|[EXTERNAL]|this|{"birthday":"2019-05-10T00:00:00.000Z","gender":false,"namef":"aaa","namel":"ccc","score1":9,"score2":9,"score3":8,"userselectSecondpage":"Math"}|0x31933bd2
01:50:39.0 (48641070)|HEAP_ALLOCATE|[102]|Bytes:4
01:50:39.0 (48702422)|VARIABLE_ASSIGNMENT|[102]|this.Birthday__c|"2019-05-10T00:00:00.000Z"|0x55eed42d
01:50:39.0 (48710028)|STATEMENT_EXECUTE|[103]
01:50:39.0 (48761453)|VARIABLE_ASSIGNMENT|[EXTERNAL]|this|{"birthday":"2019-05-10T00:00:00.000Z","gender":false,"namef":"aaa","namel":"ccc","score1":9,"score2":9,"score3":8,"userselectSecondpage":"Math"}|0x31933bd2
01:50:39.0 (48816726)|VARIABLE_ASSIGNMENT|[103]|this.Score1__c|9|0x55eed42d
01:50:39.0 (48823766)|STATEMENT_EXECUTE|[104]
01:50:39.0 (48872303)|VARIABLE_ASSIGNMENT|[EXTERNAL]|this|{"birthday":"2019-05-10T00:00:00.000Z","gender":false,"namef":"aaa","namel":"ccc","score1":9,"score2":9,"score3":8,"userselectSecondpage":"Math"}|0x31933bd2
01:50:39.0 (48921098)|VARIABLE_ASSIGNMENT|[104]|this.Score2__c|9|0x55eed42d
01:50:39.0 (48928892)|STATEMENT_EXECUTE|[105]
01:50:39.0 (48980040)|VARIABLE_ASSIGNMENT|[EXTERNAL]|this|{"birthday":"2019-05-10T00:00:00.000Z","gender":false,"namef":"aaa","namel":"ccc","score1":9,"score2":9,"score3":8,"userselectSecondpage":"Math"}|0x31933bd2
01:50:39.0 (49026843)|VARIABLE_ASSIGNMENT|[105]|this.Score3__c|8|0x55eed42d
01:50:39.0 (49034147)|STATEMENT_EXECUTE|[106]
01:50:39.0 (49077410)|VARIABLE_ASSIGNMENT|[EXTERNAL]|this|{"birthday":"2019-05-10T00:00:00.000Z","gender":false,"namef":"aaa","namel":"ccc","score1":9,"score2":9,"score3":8,"userselectSecondpage":"Math"}|0x31933bd2
01:50:39.0 (49117301)|VARIABLE_ASSIGNMENT|[EXTERNAL]|this|{"birthday":"2019-05-10T00:00:00.000Z","gender":false,"namef":"aaa","namel":"ccc","score1":9,"score2":9,"score3":8,"userselectSecondpage":"Math"}|0x31933bd2
01:50:39.0 (49138827)|HEAP_ALLOCATE|[106]|Bytes:6
01:50:39.0 (49241302)|VARIABLE_ASSIGNMENT|[106]|this.Name|"aaaccc"|0x55eed42d
01:50:39.0 (49249134)|STATEMENT_EXECUTE|[107]
01:50:39.0 (49335338)|VARIABLE_ASSIGNMENT|[107]|this.Class__c|"a0H0o00000fJQOvEAO"|0x55eed42d
01:50:39.0 (49342820)|STATEMENT_EXECUTE|[108]
01:50:39.0 (49368886)|HEAP_ALLOCATE|[108]|Bytes:8
01:50:39.0 (49395518)|DML_BEGIN|[108]|Op:Insert|Type:Student__c|Rows:1
01:50:39.0 (49431668)|HEAP_ALLOCATE|[EXTERNAL]|Bytes:8
01:50:39.0 (113913395)|CODE_UNIT_STARTED|[EXTERNAL]|01q0o000000jKrN|triggerStudent on Student trigger event BeforeInsert|__sfdc_trigger/triggerStudent
01:50:39.0 (113978370)|HEAP_ALLOCATE|[EXTERNAL]|Bytes:8
01:50:39.0 (125208566)|HEAP_ALLOCATE|[EXTERNAL]|Bytes:8
01:50:39.0 (125236393)|VARIABLE_SCOPE_BEGIN|[1]|this|triggerStudent|true|false
01:50:39.0 (125291792)|VARIABLE_ASSIGNMENT|[1]|this|{}|0x28d7987
01:50:39.0 (125372159)|HEAP_ALLOCATE|[EXTERNAL]|Bytes:8
01:50:39.0 (125413911)|VARIABLE_SCOPE_BEGIN|[1]|this|triggerStudent|true|false
01:50:39.0 (125430353)|VARIABLE_ASSIGNMENT|[1]|this|{}|0x28d7987
01:50:39.0 (125444158)|STATEMENT_EXECUTE|[1]
01:50:39.0 (125446407)|STATEMENT_EXECUTE|[3]
01:50:39.0 (125453296)|HEAP_ALLOCATE|[3]|Bytes:15
01:50:39.0 (125460021)|HEAP_ALLOCATE|[3]|Bytes:19
01:50:39.0 (125464789)|HEAP_ALLOCATE|[3]|Bytes:7
01:50:39.0 (125498984)|METHOD_ENTRY|[1]|01p0o00000GMOB6|TriggerHandle.TriggerHandle()
01:50:39.0 (125505623)|STATEMENT_EXECUTE|[1]
01:50:39.0 (125510010)|STATEMENT_EXECUTE|[1]
01:50:39.0 (125988685)|SYSTEM_MODE_ENTER|false
01:50:39.0 (126001350)|HEAP_ALLOCATE|[3]|Bytes:5
01:50:39.0 (126007435)|STATEMENT_EXECUTE|[161]
01:50:39.0 (126011263)|SYSTEM_MODE_EXIT|false
01:50:39.0 (126021781)|METHOD_EXIT|[1]|TriggerHandle
01:50:39.0 (126034860)|HEAP_ALLOCATE|[3]|Bytes:4
01:50:39.0 (126056186)|CONSTRUCTOR_ENTRY|[3]|01p0o00000GMOB6|<init>()|TriggerHandle
01:50:39.0 (126080495)|VARIABLE_SCOPE_BEGIN|[3]|this|TriggerHandle|true|false
01:50:39.0 (126099754)|VARIABLE_ASSIGNMENT|[3]|this|{}|0x256cbc2c
01:50:39.0 (126111108)|SYSTEM_MODE_ENTER|false
01:50:39.0 (126116631)|HEAP_ALLOCATE|[EXTERNAL]|Bytes:5
01:50:39.0 (126121477)|STATEMENT_EXECUTE|[1]
01:50:39.0 (126124288)|HEAP_ALLOCATE|[EXTERNAL]|Bytes:5
01:50:39.0 (126135123)|HEAP_ALLOCATE|[EXTERNAL]|Bytes:6
01:50:39.0 (126160624)|STATEMENT_EXECUTE|[4]
01:50:39.0 (126163636)|SYSTEM_MODE_EXIT|false
01:50:39.0 (126171055)|CONSTRUCTOR_EXIT|[3]|01p0o00000GMOB6|<init>()|TriggerHandle
01:50:39.0 (126196703)|VARIABLE_ASSIGNMENT|[3]|this.handle|0x256cbc2c|0x28d7987
01:50:39.0 (126207885)|STATEMENT_EXECUTE|[5]
01:50:39.0 (126213004)|STATEMENT_EXECUTE|[10]
01:50:39.0 (126214579)|STATEMENT_EXECUTE|[11]
01:50:39.0 (126288817)|METHOD_ENTRY|[11]|01p0o00000GMOB6|TriggerHandle.onBeforeInsert(List<Student__c>)
01:50:39.0 (126312679)|VARIABLE_SCOPE_BEGIN|[7]|this|TriggerHandle|true|false
01:50:39.0 (126328277)|VARIABLE_ASSIGNMENT|[7]|this|{}|0x256cbc2c
01:50:39.0 (126334792)|VARIABLE_SCOPE_BEGIN|[7]|newStudentList|List<Student__c>|true|false
01:50:39.0 (127445756)|VARIABLE_ASSIGNMENT|[7]|newStudentList|[{"AverageScore__c":8.67,"IsDeleted":false,"Score1__c":9.00,"Score2__c":9.00,"Birthday__c":"2019-05-10T00:00:00.000Z","Namel__c":"ccc","Gender__c":false,"Score3__c":8.00,"Class__c":"a0H0o00000fJQOvEAO","State__c":"Passed","Name":"aaaccc","Namef__c":"aaa"}]|0x89e72c7
01:50:39.0 (127465140)|SYSTEM_MODE_ENTER|false
01:50:39.0 (127473459)|HEAP_ALLOCATE|[9]|Bytes:5
01:50:39.0 (127479320)|STATEMENT_EXECUTE|[8]
01:50:39.0 (127481121)|STATEMENT_EXECUTE|[9]
01:50:39.0 (127482512)|STATEMENT_EXECUTE|[10]
01:50:39.0 (127669764)|HEAP_ALLOCATE|[11]|Bytes:5
01:50:39.0 (127690886)|HEAP_ALLOCATE|[11]|Bytes:4
01:50:39.0 (127701591)|VARIABLE_SCOPE_BEGIN|[11]|s|Student__c|true|false
01:50:39.0 (127908847)|VARIABLE_ASSIGNMENT|[11]|s|{"AverageScore__c":8.67,"IsDeleted":false,"Score1__c":9.00,"Score2__c":9.00,"Birthday__c":"2019-05-10T00:00:00.000Z","Namel__c":"ccc","Gender__c":false,"Score3__c":8.00,"Class__c":"a0H0o00000fJQOvEAO","State__c":"Passed","Name":"aaaccc","Namef__c":"aaa"}|0x6e5ca231
01:50:39.0 (127919859)|STATEMENT_EXECUTE|[12]
01:50:39.0 (127951269)|STATEMENT_EXECUTE|[13]
01:50:39.0 (127963733)|STATEMENT_EXECUTE|[17]
01:50:39.0 (127973272)|STATEMENT_EXECUTE|[21]
01:50:39.0 (127984431)|STATEMENT_EXECUTE|[30]
01:50:39.0 (127986106)|STATEMENT_EXECUTE|[31]
01:50:39.0 (128036464)|HEAP_ALLOCATE|[31]|Bytes:4
01:50:39.0 (128069634)|VARIABLE_SCOPE_BEGIN|[31]|age|Integer|false|false
01:50:39.0 (128077573)|HEAP_ALLOCATE|[31]|Bytes:4
01:50:39.0 (128088169)|VARIABLE_ASSIGNMENT|[31]|age|0
01:50:39.0 (128096062)|STATEMENT_EXECUTE|[32]
01:50:39.0 (128106515)|HEAP_ALLOCATE|[11]|Bytes:5
01:50:39.0 (128118336)|VARIABLE_ASSIGNMENT|[11]|s|null|
01:50:39.0 (128125900)|SYSTEM_MODE_EXIT|false
01:50:39.0 (128134612)|METHOD_EXIT|[11]|01p0o00000GMOB6|TriggerHandle.onBeforeInsert(List<Student__c>)
01:50:39.128 (128143937)|CUMULATIVE_LIMIT_USAGE
01:50:39.128 (128143937)|LIMIT_USAGE_FOR_NS|(default)|
  Number of SOQL queries: 2 out of 100
  Number of query rows: 3 out of 50000
  Number of SOSL queries: 0 out of 20
  Number of DML statements: 1 out of 150
  Number of DML rows: 1 out of 10000
  Maximum CPU time: 0 out of 10000
  Maximum heap size: 0 out of 6000000
  Number of callouts: 0 out of 100
  Number of Email Invocations: 0 out of 10
  Number of future calls: 0 out of 50
  Number of queueable jobs added to the queue: 0 out of 50
  Number of Mobile Apex push calls: 0 out of 10

01:50:39.128 (128143937)|CUMULATIVE_LIMIT_USAGE_END

01:50:39.0 (129299329)|CODE_UNIT_FINISHED|triggerStudent on Student trigger event BeforeInsert|__sfdc_trigger/triggerStudent
01:50:39.0 (165334252)|CODE_UNIT_STARTED|[EXTERNAL]|01q0o000000jKrN|triggerStudent on Student trigger event AfterInsert|__sfdc_trigger/triggerStudent
01:50:39.0 (165394936)|HEAP_ALLOCATE|[EXTERNAL]|Bytes:8
01:50:39.0 (165496483)|HEAP_ALLOCATE|[EXTERNAL]|Bytes:8
01:50:39.0 (165510096)|VARIABLE_SCOPE_BEGIN|[1]|this|triggerStudent|true|false
01:50:39.0 (165543482)|VARIABLE_ASSIGNMENT|[1]|this|{}|0x522086fa
01:50:39.0 (165585700)|HEAP_ALLOCATE|[EXTERNAL]|Bytes:8
01:50:39.0 (165592167)|VARIABLE_SCOPE_BEGIN|[1]|this|triggerStudent|true|false
01:50:39.0 (165604485)|VARIABLE_ASSIGNMENT|[1]|this|{}|0x522086fa
01:50:39.0 (165612840)|STATEMENT_EXECUTE|[1]
01:50:39.0 (165615111)|STATEMENT_EXECUTE|[3]
01:50:39.0 (165621048)|HEAP_ALLOCATE|[3]|Bytes:4
01:50:39.0 (165636271)|CONSTRUCTOR_ENTRY|[3]|01p0o00000GMOB6|<init>()|TriggerHandle
01:50:39.0 (165646002)|VARIABLE_SCOPE_BEGIN|[3]|this|TriggerHandle|true|false
01:50:39.0 (165659337)|VARIABLE_ASSIGNMENT|[3]|this|{}|0x7e0cd935
01:50:39.0 (165960734)|SYSTEM_MODE_ENTER|false
01:50:39.0 (165977756)|HEAP_ALLOCATE|[EXTERNAL]|Bytes:5
01:50:39.0 (165983679)|STATEMENT_EXECUTE|[1]
01:50:39.0 (165987424)|HEAP_ALLOCATE|[EXTERNAL]|Bytes:5
01:50:39.0 (166014260)|STATEMENT_EXECUTE|[4]
01:50:39.0 (166018160)|SYSTEM_MODE_EXIT|false
01:50:39.0 (166027123)|CONSTRUCTOR_EXIT|[3]|01p0o00000GMOB6|<init>()|TriggerHandle
01:50:39.0 (166050524)|VARIABLE_ASSIGNMENT|[3]|this.handle|0x7e0cd935|0x522086fa
01:50:39.0 (166060387)|STATEMENT_EXECUTE|[15]
01:50:39.0 (166067532)|STATEMENT_EXECUTE|[17]
01:50:39.0 (166069078)|STATEMENT_EXECUTE|[18]
01:50:39.0 (166122807)|METHOD_ENTRY|[18]|01p0o00000GMOB6|TriggerHandle.onAfterInsert(List<Student__c>)
01:50:39.0 (166154280)|VARIABLE_SCOPE_BEGIN|[44]|this|TriggerHandle|true|false
01:50:39.0 (166170387)|VARIABLE_ASSIGNMENT|[44]|this|{}|0x7e0cd935
01:50:39.0 (166177339)|VARIABLE_SCOPE_BEGIN|[44]|newStudentList|List<Student__c>|true|false
01:50:39.0 (166687651)|VARIABLE_ASSIGNMENT|[44]|newStudentList|[{"LastModifiedDate":"2019-05-06T08:50:39.000Z","StudentId__c":"HS0046","IsDeleted":false,"Score1__c":9.00,"Score2__c":9.00,"Gender__c":false,"Score3__c":8.00,"Class__c":"a0H0o00000fJQOvEAO","Name":"aaaccc","SystemModstamp":"2019-05-06T08:50:39.000Z","AverageScore__c":8.67,"CreatedById":"0050o00000WkyGGAAZ","Birthday__c":"2019-05-10T00:00:00.000Z","Namel__c":"ccc","CreatedDate":"2019-05-06T08:50:39.000Z","Id":"a0I0o000013dxJjEAI","LastModifiedById":"0050o00000WkyGGAAZ","State__c":"Passed","Namef__c":"aaa"}]|0x6a9d3f71
01:50:39.0 (166708284)|SYSTEM_MODE_ENTER|false
01:50:39.0 (166716142)|HEAP_ALLOCATE|[46]|Bytes:5
01:50:39.0 (166721306)|STATEMENT_EXECUTE|[45]
01:50:39.0 (166723055)|STATEMENT_EXECUTE|[46]
01:50:39.0 (166724452)|STATEMENT_EXECUTE|[47]
01:50:39.0 (166726083)|STATEMENT_EXECUTE|[48]
01:50:39.0 (166739435)|METHOD_ENTRY|[48]|01p0o00000GMOB6|TriggerHandle.executeNOStudentsUpdate(List<Student__c>)
01:50:39.0 (166763985)|VARIABLE_SCOPE_BEGIN|[129]|this|TriggerHandle|true|false
01:50:39.0 (166779800)|VARIABLE_ASSIGNMENT|[129]|this|{}|0x7e0cd935
01:50:39.0 (166786118)|VARIABLE_SCOPE_BEGIN|[129]|studentList|List<Student__c>|true|false
01:50:39.0 (166927246)|VARIABLE_ASSIGNMENT|[129]|studentList|[{"LastModifiedDate":"2019-05-06T08:50:39.000Z","StudentId__c":"HS0046","IsDeleted":false,"Score1__c":9.00,"Score2__c":9.00,"Gender__c":false,"Score3__c":8.00,"Class__c":"a0H0o00000fJQOvEAO","Name":"aaaccc","SystemModstamp":"2019-05-06T08:50:39.000Z","AverageScore__c":8.67,"CreatedById":"0050o00000WkyGGAAZ","Birthday__c":"2019-05-10T00:00:00.000Z","Namel__c":"ccc","CreatedDate":"2019-05-06T08:50:39.000Z","Id":"a0I0o000013dxJjEAI","LastModifiedById":"0050o00000WkyGGAAZ","State__c":"Passed","Namef__c":"aaa"}]|0x6a9d3f71
01:50:39.0 (166945304)|HEAP_ALLOCATE|[131]|Bytes:5
01:50:39.0 (166950286)|STATEMENT_EXECUTE|[130]
01:50:39.0 (166952205)|STATEMENT_EXECUTE|[131]
01:50:39.0 (166972113)|HEAP_ALLOCATE|[131]|Bytes:4
01:50:39.0 (166990002)|VARIABLE_SCOPE_BEGIN|[131]|classIDMap|Map<Id,Integer>|true|false
01:50:39.0 (167035488)|VARIABLE_ASSIGNMENT|[131]|classIDMap|{}|0x2481d041
01:50:39.0 (167089553)|HEAP_ALLOCATE|[134]|Bytes:5
01:50:39.0 (167116378)|VARIABLE_SCOPE_BEGIN|[134]|s|Student__c|true|false
01:50:39.0 (167251171)|VARIABLE_ASSIGNMENT|[134]|s|{"LastModifiedDate":"2019-05-06T08:50:39.000Z","StudentId__c":"HS0046","IsDeleted":false,"Score1__c":9.00,"Score2__c":9.00,"Gender__c":false,"Score3__c":8.00,"Class__c":"a0H0o00000fJQOvEAO","Name":"aaaccc","SystemModstamp":"2019-05-06T08:50:39.000Z","AverageScore__c":8.67,"CreatedById":"0050o00000WkyGGAAZ","Birthday__c":"2019-05-10T00:00:00.000Z","Namel__c":"ccc","CreatedDate":"2019-05-06T08:50:39.000Z","Id":"a0I0o000013dxJjEAI","LastModifiedById":"0050o00000WkyGGAAZ","State__c":"Passed","Namef__c":"aaa"}|0x5ee05479
01:50:39.0 (167263585)|STATEMENT_EXECUTE|[135]
01:50:39.0 (167334285)|STATEMENT_EXECUTE|[142]
01:50:39.0 (167336871)|STATEMENT_EXECUTE|[143]
01:50:39.0 (167360342)|HEAP_ALLOCATE|[143]|Bytes:4
01:50:39.0 (167369879)|HEAP_ALLOCATE|[EXTERNAL]|Bytes:-4
01:50:39.0 (167377314)|STATEMENT_EXECUTE|[144]
01:50:39.0 (167382107)|HEAP_ALLOCATE|[144]|Bytes:10
01:50:39.0 (167420469)|USER_DEBUG|[144]|DEBUG|run here 0
01:50:39.0 (167442922)|HEAP_ALLOCATE|[134]|Bytes:5
01:50:39.0 (167456511)|VARIABLE_ASSIGNMENT|[134]|s|null|
01:50:39.0 (167463105)|STATEMENT_EXECUTE|[148]
01:50:39.0 (167466060)|HEAP_ALLOCATE|[148]|Bytes:44
01:50:39.0 (167480659)|HEAP_ALLOCATE|[148]|Bytes:4
01:50:39.0 (167635997)|SOQL_EXECUTE_BEGIN|[148]|Aggregations:0|SELECT id, NumberOfStudents__c FROM Class__c
01:50:39.0 (169624597)|SOQL_EXECUTE_END|[148]|Rows:2
01:50:39.0 (169647396)|HEAP_ALLOCATE|[148]|Bytes:12
01:50:39.0 (169665509)|HEAP_ALLOCATE|[148]|Bytes:176
01:50:39.0 (169694047)|HEAP_ALLOCATE|[148]|Bytes:12
01:50:39.0 (169705642)|VARIABLE_SCOPE_BEGIN|[148]|classList|List<Class__c>|true|false
01:50:39.0 (169731902)|VARIABLE_ASSIGNMENT|[148]|classList|[{"Id":"a0H0o00000fJQOvEAO","NumberOfStudents__c":0},{"Id":"a0H0o00000fJQOwEAO","NumberOfStudents__c":0}]|0x414cc4e8
01:50:39.0 (169776587)|HEAP_ALLOCATE|[150]|Bytes:5
01:50:39.0 (169792451)|HEAP_ALLOCATE|[150]|Bytes:12
01:50:39.0 (169800693)|VARIABLE_SCOPE_BEGIN|[150]|c|Class__c|true|false
01:50:39.0 (169815353)|VARIABLE_ASSIGNMENT|[150]|c|{"Id":"a0H0o00000fJQOvEAO","NumberOfStudents__c":0}|0x4e34e8a3
01:50:39.0 (169821638)|STATEMENT_EXECUTE|[151]
01:50:39.0 (169858596)|STATEMENT_EXECUTE|[153]
01:50:39.0 (169860890)|STATEMENT_EXECUTE|[154]
01:50:39.0 (169914590)|HEAP_ALLOCATE|[154]|Bytes:28
01:50:39.0 (169919702)|HEAP_ALLOCATE|[154]|Bytes:28
01:50:39.0 (169987439)|VARIABLE_ASSIGNMENT|[154]|this.NumberOfStudents__c|1|0x4e34e8a3
01:50:39.0 (169994894)|STATEMENT_EXECUTE|[155]
01:50:39.0 (170027837)|HEAP_ALLOCATE|[155]|Bytes:8
01:50:39.0 (170043210)|DML_BEGIN|[155]|Op:Update|Type:Class__c|Rows:1
01:50:39.0 (170071826)|HEAP_ALLOCATE|[EXTERNAL]|Bytes:8
01:50:39.0 (188302308)|DML_END|[155]
01:50:39.0 (188330000)|STATEMENT_EXECUTE|[157]
01:50:39.0 (188463500)|HEAP_ALLOCATE|[150]|Bytes:5
01:50:39.0 (188493352)|HEAP_ALLOCATE|[150]|Bytes:12
01:50:39.0 (188508696)|VARIABLE_SCOPE_BEGIN|[150]|c|Class__c|true|false
01:50:39.0 (188543545)|VARIABLE_ASSIGNMENT|[150]|c|{"Id":"a0H0o00000fJQOwEAO","NumberOfStudents__c":0}|0x4ee09c1c
01:50:39.0 (188550810)|STATEMENT_EXECUTE|[151]
01:50:39.0 (188569027)|STATEMENT_EXECUTE|[152]
01:50:39.0 (188577202)|HEAP_ALLOCATE|[150]|Bytes:5
01:50:39.0 (188588859)|VARIABLE_ASSIGNMENT|[150]|c|null|
01:50:39.0 (188606986)|METHOD_EXIT|[48]|01p0o00000GMOB6|TriggerHandle.executeNOStudentsUpdate(List<Student__c>)
01:50:39.0 (188612337)|STATEMENT_EXECUTE|[49]
01:50:39.0 (188629332)|METHOD_ENTRY|[49]|01p0o00000GMOB6|TriggerHandle.executeNOFAPStudentsUpdate(List<Student__c>)
01:50:39.0 (188654849)|VARIABLE_SCOPE_BEGIN|[74]|this|TriggerHandle|true|false
01:50:39.0 (188678262)|VARIABLE_ASSIGNMENT|[74]|this|{}|0x7e0cd935
01:50:39.0 (188685120)|VARIABLE_SCOPE_BEGIN|[74]|studentList|List<Student__c>|true|false
01:50:39.0 (188893398)|VARIABLE_ASSIGNMENT|[74]|studentList|[{"LastModifiedDate":"2019-05-06T08:50:39.000Z","StudentId__c":"HS0046","IsDeleted":false,"Score1__c":9.00,"Score2__c":9.00,"Gender__c":false,"Score3__c":8.00,"Class__c":"a0H0o00000fJQOvEAO","Name":"aaaccc","SystemModstamp":"2019-05-06T08:50:39.000Z","AverageScore__c":8.67,"CreatedById":"0050o00000WkyGGAAZ","Birthday__c":"2019-05-10T00:00:00.000Z","Namel__c":"ccc","CreatedDate":"2019-05-06T08:50:39.000Z","Id":"a0I0o000013dxJjEAI","LastModifiedById":"0050o00000WkyGGAAZ","State__c":"Passed","Namef__c":"aaa"}]|0x6a9d3f71
01:50:39.0 (188916473)|HEAP_ALLOCATE|[76]|Bytes:5
01:50:39.0 (188921784)|STATEMENT_EXECUTE|[75]
01:50:39.0 (188923585)|STATEMENT_EXECUTE|[76]
01:50:39.0 (188945021)|HEAP_ALLOCATE|[76]|Bytes:4
01:50:39.0 (188958323)|VARIABLE_SCOPE_BEGIN|[76]|classIDMapWithPassedStudents|Map<Id,Integer>|true|false
01:50:39.0 (188974897)|VARIABLE_ASSIGNMENT|[76]|classIDMapWithPassedStudents|{}|0x246c0de8
01:50:39.0 (188980590)|STATEMENT_EXECUTE|[77]
01:50:39.0 (188987426)|HEAP_ALLOCATE|[77]|Bytes:4
01:50:39.0 (188993213)|VARIABLE_SCOPE_BEGIN|[77]|classIDMapWithFaliedStudents|Map<Id,Integer>|true|false
01:50:39.0 (189002526)|VARIABLE_ASSIGNMENT|[77]|classIDMapWithFaliedStudents|{}|0x60e2604f
01:50:39.0 (189045205)|HEAP_ALLOCATE|[80]|Bytes:5
01:50:39.0 (189064592)|VARIABLE_SCOPE_BEGIN|[80]|s|Student__c|true|false
01:50:39.0 (189202045)|VARIABLE_ASSIGNMENT|[80]|s|{"LastModifiedDate":"2019-05-06T08:50:39.000Z","StudentId__c":"HS0046","IsDeleted":false,"Score1__c":9.00,"Score2__c":9.00,"Gender__c":false,"Score3__c":8.00,"Class__c":"a0H0o00000fJQOvEAO","Name":"aaaccc","SystemModstamp":"2019-05-06T08:50:39.000Z","AverageScore__c":8.67,"CreatedById":"0050o00000WkyGGAAZ","Birthday__c":"2019-05-10T00:00:00.000Z","Namel__c":"ccc","CreatedDate":"2019-05-06T08:50:39.000Z","Id":"a0I0o000013dxJjEAI","LastModifiedById":"0050o00000WkyGGAAZ","State__c":"Passed","Namef__c":"aaa"}|0x5ee05479
01:50:39.0 (189214634)|STATEMENT_EXECUTE|[81]
01:50:39.0 (189243446)|HEAP_ALLOCATE|[83]|Bytes:6
01:50:39.0 (189301242)|STATEMENT_EXECUTE|[84]
01:50:39.0 (189327999)|STATEMENT_EXECUTE|[90]
01:50:39.0 (189330015)|STATEMENT_EXECUTE|[91]
01:50:39.0 (189347955)|HEAP_ALLOCATE|[91]|Bytes:4
01:50:39.0 (189357262)|HEAP_ALLOCATE|[EXTERNAL]|Bytes:-4
01:50:39.0 (189374547)|HEAP_ALLOCATE|[80]|Bytes:5
01:50:39.0 (189386453)|VARIABLE_ASSIGNMENT|[80]|s|null|
01:50:39.0 (189391597)|STATEMENT_EXECUTE|[107]
01:50:39.0 (189394855)|HEAP_ALLOCATE|[107]|Bytes:77
01:50:39.0 (189409751)|HEAP_ALLOCATE|[107]|Bytes:4
01:50:39.0 (189602651)|SOQL_EXECUTE_BEGIN|[107]|Aggregations:0|SELECT id, NumberOfFailedStudents__c, NumberOfPassedStudents__c FROM Class__c
01:50:39.0 (192523996)|SOQL_EXECUTE_END|[107]|Rows:2
01:50:39.0 (192548086)|HEAP_ALLOCATE|[107]|Bytes:12
01:50:39.0 (192568997)|HEAP_ALLOCATE|[107]|Bytes:318
01:50:39.0 (192604445)|HEAP_ALLOCATE|[107]|Bytes:12
01:50:39.0 (192618176)|VARIABLE_SCOPE_BEGIN|[107]|classList|List<Class__c>|true|false
01:50:39.0 (192649616)|VARIABLE_ASSIGNMENT|[107]|classList|[{"Id":"a0H0o00000fJQOvEAO","NumberOfFailedStudents__c":0,"NumberOfPassedStudents__c":0},{"Id":"a0H0o00000fJQOwEAO","NumberOfFailedStudents__c":0,"NumberOfPassedStudents__c":0}]|0x6e01a6f8
01:50:39.0 (192701570)|HEAP_ALLOCATE|[109]|Bytes:5
01:50:39.0 (192717375)|HEAP_ALLOCATE|[109]|Bytes:16
01:50:39.0 (192725858)|VARIABLE_SCOPE_BEGIN|[109]|c|Class__c|true|false
01:50:39.0 (192742681)|VARIABLE_ASSIGNMENT|[109]|c|{"Id":"a0H0o00000fJQOvEAO","NumberOfFailedStudents__c":0,"NumberOfPassedStudents__c":0}|0x1796949f
01:50:39.0 (192749840)|STATEMENT_EXECUTE|[110]
01:50:39.0 (192789885)|STATEMENT_EXECUTE|[112]
01:50:39.0 (192808697)|STATEMENT_EXECUTE|[120]
01:50:39.0 (192810633)|STATEMENT_EXECUTE|[121]
01:50:39.0 (192844478)|HEAP_ALLOCATE|[121]|Bytes:28
01:50:39.0 (192850130)|HEAP_ALLOCATE|[121]|Bytes:28
01:50:39.0 (192915023)|VARIABLE_ASSIGNMENT|[121]|this.NumberOfPassedStudents__c|1|0x1796949f
01:50:39.0 (192922212)|STATEMENT_EXECUTE|[122]
01:50:39.0 (192956768)|HEAP_ALLOCATE|[122]|Bytes:8
01:50:39.0 (192972234)|DML_BEGIN|[122]|Op:Update|Type:Class__c|Rows:1
01:50:39.0 (193000895)|HEAP_ALLOCATE|[EXTERNAL]|Bytes:8
01:50:39.0 (202221146)|DML_END|[122]
01:50:39.0 (202242562)|STATEMENT_EXECUTE|[123]
01:50:39.0 (202345976)|HEAP_ALLOCATE|[109]|Bytes:5
01:50:39.0 (202373476)|HEAP_ALLOCATE|[109]|Bytes:16
01:50:39.0 (202386975)|VARIABLE_SCOPE_BEGIN|[109]|c|Class__c|true|false
01:50:39.0 (202421353)|VARIABLE_ASSIGNMENT|[109]|c|{"Id":"a0H0o00000fJQOwEAO","NumberOfFailedStudents__c":0,"NumberOfPassedStudents__c":0}|0x2869fbba
01:50:39.0 (202428562)|STATEMENT_EXECUTE|[110]
01:50:39.0 (202454049)|STATEMENT_EXECUTE|[112]
01:50:39.0 (202462432)|STATEMENT_EXECUTE|[119]
01:50:39.0 (202471277)|HEAP_ALLOCATE|[109]|Bytes:5
01:50:39.0 (202483640)|VARIABLE_ASSIGNMENT|[109]|c|null|
01:50:39.0 (202503143)|METHOD_EXIT|[49]|01p0o00000GMOB6|TriggerHandle.executeNOFAPStudentsUpdate(List<Student__c>)
01:50:39.0 (202511371)|SYSTEM_MODE_EXIT|false
01:50:39.0 (202520863)|METHOD_EXIT|[18]|01p0o00000GMOB6|TriggerHandle.onAfterInsert(List<Student__c>)
01:50:39.202 (202533841)|CUMULATIVE_LIMIT_USAGE
01:50:39.202 (202533841)|LIMIT_USAGE_FOR_NS|(default)|
  Number of SOQL queries: 4 out of 100
  Number of query rows: 7 out of 50000
  Number of SOSL queries: 0 out of 20
  Number of DML statements: 3 out of 150
  Number of DML rows: 3 out of 10000
  Maximum CPU time: 0 out of 10000
  Maximum heap size: 0 out of 6000000
  Number of callouts: 0 out of 100
  Number of Email Invocations: 0 out of 10
  Number of future calls: 0 out of 50
  Number of queueable jobs added to the queue: 0 out of 50
  Number of Mobile Apex push calls: 0 out of 10

01:50:39.202 (202533841)|CUMULATIVE_LIMIT_USAGE_END

01:50:39.0 (203697719)|CODE_UNIT_FINISHED|triggerStudent on Student trigger event AfterInsert|__sfdc_trigger/triggerStudent
01:50:39.0 (204924836)|DML_END|[108]
01:50:39.0 (204941163)|STATEMENT_EXECUTE|[109]
01:50:39.0 (204953200)|HEAP_ALLOCATE|[109]|Bytes:19
01:50:39.0 (206037325)|VARIABLE_ASSIGNMENT|[109]|ref|"/apex/AddNewStudent"|0x7b25c472
01:50:39.0 (206048135)|STATEMENT_EXECUTE|[110]
01:50:39.0 (206115718)|STATEMENT_EXECUTE|[115]
01:50:39.0 (206122012)|SYSTEM_MODE_EXIT|false
01:50:39.217 (217523004)|CUMULATIVE_LIMIT_USAGE
01:50:39.217 (217523004)|LIMIT_USAGE_FOR_NS|(default)|
  Number of SOQL queries: 4 out of 100
  Number of query rows: 7 out of 50000
  Number of SOSL queries: 0 out of 20
  Number of DML statements: 3 out of 150
  Number of DML rows: 3 out of 10000
  Maximum CPU time: 0 out of 10000
  Maximum heap size: 0 out of 6000000
  Number of callouts: 0 out of 100
  Number of Email Invocations: 0 out of 10
  Number of future calls: 0 out of 50
  Number of queueable jobs added to the queue: 0 out of 50
  Number of Mobile Apex push calls: 0 out of 10

01:50:39.217 (217523004)|CUMULATIVE_LIMIT_USAGE_END

01:50:39.0 (217571694)|CODE_UNIT_FINISHED|VF: /apex/AddNewStudent
01:50:39.0 (218323609)|EXECUTION_FINISHED
