36.0 APEX_CODE,FINEST;APEX_PROFILING,INFO;CALLOUT,INFO;DB,INFO;NBA,INFO;SYSTEM,DEBUG;VALIDATION,INFO;VISUALFORCE,INFO;WAVE,INFO;WORKFLOW,INFO
02:57:01.0 (532521)|USER_INFO|[EXTERNAL]|0050o00000WkyGG|ttvy@keizu.co.jp|Pacific Standard Time|GMT-07:00
02:57:01.0 (35303812)|EXECUTION_STARTED
02:57:01.0 (35318507)|CODE_UNIT_STARTED|[EXTERNAL]|0660o000008sEYc|VF: /apex/MainPage
02:57:01.0 (83924905)|SYSTEM_MODE_ENTER|true
02:57:01.0 (88693708)|HEAP_ALLOCATE|[72]|Bytes:3
02:57:01.0 (88753241)|HEAP_ALLOCATE|[77]|Bytes:152
02:57:01.0 (88778146)|HEAP_ALLOCATE|[342]|Bytes:408
02:57:01.0 (88797107)|HEAP_ALLOCATE|[355]|Bytes:408
02:57:01.0 (88817094)|HEAP_ALLOCATE|[467]|Bytes:48
02:57:01.0 (88860668)|HEAP_ALLOCATE|[139]|Bytes:6
02:57:01.0 (88889262)|HEAP_ALLOCATE|[EXTERNAL]|Bytes:23
02:57:01.0 (88922013)|HEAP_ALLOCATE|[EXTERNAL]|Bytes:368
02:57:01.0 (88929238)|HEAP_ALLOCATE|[EXTERNAL]|Bytes:63
02:57:01.0 (88936456)|HEAP_ALLOCATE|[EXTERNAL]|Bytes:14
02:57:01.0 (88978656)|METHOD_ENTRY|[1]|01p0o00000GLKhZ|Controller.Controller()
02:57:01.0 (88987972)|STATEMENT_EXECUTE|[1]
02:57:01.0 (88994448)|STATEMENT_EXECUTE|[1]
02:57:01.0 (89031065)|HEAP_ALLOCATE|[50]|Bytes:5
02:57:01.0 (89057582)|HEAP_ALLOCATE|[56]|Bytes:5
02:57:01.0 (89068503)|HEAP_ALLOCATE|[64]|Bytes:7
02:57:01.0 (89097130)|SYSTEM_MODE_ENTER|false
02:57:01.0 (89119684)|HEAP_ALLOCATE|[EXTERNAL]|Bytes:5
02:57:01.0 (89129900)|STATEMENT_EXECUTE|[17]
02:57:01.0 (89132601)|STATEMENT_EXECUTE|[24]
02:57:01.0 (89139457)|SYSTEM_MODE_EXIT|false
02:57:01.0 (89181500)|METHOD_EXIT|[1]|Controller
02:57:01.0 (89223768)|HEAP_ALLOCATE|[EXTERNAL]|Bytes:64
02:57:01.0 (89234318)|VARIABLE_SCOPE_BEGIN|[1]|this|Controller|true|false
02:57:01.0 (89378134)|VARIABLE_ASSIGNMENT|[1]|this|{}|0x7468e7b6
02:57:01.0 (89407677)|SYSTEM_MODE_ENTER|false
02:57:01.0 (89418874)|HEAP_ALLOCATE|[EXTERNAL]|Bytes:5
02:57:01.0 (89435800)|HEAP_ALLOCATE|[EXTERNAL]|Bytes:6
02:57:01.0 (89508570)|SYSTEM_MODE_EXIT|false
02:57:01.0 (89520017)|STATEMENT_EXECUTE|[1]
02:57:01.0 (89526442)|SYSTEM_MODE_ENTER|false
02:57:01.0 (89534314)|HEAP_ALLOCATE|[EXTERNAL]|Bytes:5
02:57:01.0 (89541246)|STATEMENT_EXECUTE|[2]
02:57:01.0 (89544678)|STATEMENT_EXECUTE|[3]
02:57:01.0 (89546929)|STATEMENT_EXECUTE|[4]
02:57:01.0 (89549091)|STATEMENT_EXECUTE|[5]
02:57:01.0 (89551290)|STATEMENT_EXECUTE|[6]
02:57:01.0 (89553571)|STATEMENT_EXECUTE|[7]
02:57:01.0 (89555864)|STATEMENT_EXECUTE|[8]
02:57:01.0 (89558307)|STATEMENT_EXECUTE|[9]
02:57:01.0 (89560063)|STATEMENT_EXECUTE|[10]
02:57:01.0 (89562224)|STATEMENT_EXECUTE|[11]
02:57:01.0 (89563974)|STATEMENT_EXECUTE|[12]
02:57:01.0 (89565828)|STATEMENT_EXECUTE|[13]
02:57:01.0 (89567695)|STATEMENT_EXECUTE|[14]
02:57:01.0 (89569249)|STATEMENT_EXECUTE|[15]
02:57:01.0 (89570858)|STATEMENT_EXECUTE|[16]
02:57:01.0 (89577845)|SYSTEM_MODE_EXIT|false
02:57:01.0 (117461205)|SYSTEM_MODE_ENTER|true
02:57:01.118 (118528833)|SYSTEM_MODE_ENTER|true
02:57:01.118 (118620461)|HEAP_ALLOCATE|[EXTERNAL]|Bytes:38
02:57:01.118 (118637976)|HEAP_ALLOCATE|[EXTERNAL]|Bytes:7
02:57:01.118 (118957939)|SYSTEM_MODE_ENTER|true
02:57:01.118 (119095453)|HEAP_ALLOCATE|[EXTERNAL]|Bytes:8
02:57:01.118 (119122892)|VARIABLE_SCOPE_BEGIN|[88]|this|ApexPage.PageMessagesComponentController|true|false
02:57:01.118 (119209638)|VARIABLE_ASSIGNMENT|[88]|this|{}|0x7bc7b5a0
02:57:01.118 (119233498)|VARIABLE_SCOPE_BEGIN|[88]|escape|Boolean|false|false
02:57:01.118 (119248580)|VARIABLE_ASSIGNMENT|[88]|escape|null
02:57:01.119 (119952619)|SYSTEM_MODE_ENTER|true
02:57:01.119 (120050457)|HEAP_ALLOCATE|[EXTERNAL]|Bytes:8
02:57:01.119 (120064287)|VARIABLE_SCOPE_BEGIN|[2]|this|ApexPage.PageMessagesComponentController|true|false
02:57:01.119 (120114053)|VARIABLE_ASSIGNMENT|[2]|this|{}|0x7bc7b5a0
02:57:01.0 (122088487)|SYSTEM_MODE_ENTER|true
02:57:01.0 (150561970)|SYSTEM_MODE_ENTER|true
02:57:01.0 (150687004)|HEAP_ALLOCATE|[EXTERNAL]|Bytes:64
02:57:01.0 (150713914)|VARIABLE_SCOPE_BEGIN|[43]|this|Controller|true|false
02:57:01.0 (150796643)|VARIABLE_ASSIGNMENT|[43]|this|{}|0x7468e7b6
02:57:01.0 (150827070)|SYSTEM_MODE_ENTER|false
02:57:01.0 (150844960)|HEAP_ALLOCATE|[44]|Bytes:5
02:57:01.0 (150854569)|STATEMENT_EXECUTE|[43]
02:57:01.0 (150858146)|STATEMENT_EXECUTE|[44]
02:57:01.0 (150885504)|HEAP_ALLOCATE|[44]|Bytes:4
02:57:01.0 (150946860)|VARIABLE_SCOPE_BEGIN|[44]|options|List<System.SelectOption>|true|false
02:57:01.0 (150995956)|HEAP_ALLOCATE|[EXTERNAL]|Bytes:4
02:57:01.0 (151015001)|VARIABLE_ASSIGNMENT|[44]|options|[]|0x33692820
02:57:01.0 (151029042)|STATEMENT_EXECUTE|[45]
02:57:01.0 (151037115)|HEAP_ALLOCATE|[45]|Bytes:33
02:57:01.0 (151076099)|HEAP_ALLOCATE|[45]|Bytes:4
02:57:01.0 (153430955)|SOQL_EXECUTE_BEGIN|[45]|Aggregations:0|SELECT className__C FROM Class__c
02:57:01.0 (157084269)|SOQL_EXECUTE_END|[45]|Rows:4
02:57:01.0 (157149096)|HEAP_ALLOCATE|[45]|Bytes:20
02:57:01.0 (157190042)|HEAP_ALLOCATE|[45]|Bytes:193
02:57:01.0 (157323172)|HEAP_ALLOCATE|[45]|Bytes:20
02:57:01.0 (157355359)|VARIABLE_SCOPE_BEGIN|[45]|data|List<Class__c>|true|false
02:57:01.0 (157434532)|VARIABLE_ASSIGNMENT|[45]|data|[{"className__c":"Name","Id":"a0H0o00000fIXZEEA4"},{"className__c":"L02","Id":"a0H0o00000fIXflEAG"},{"className__c":"L01","Id":"a0H0o00000fIXZYEA4"},{"className__c":"L03","Id":"a0H0o00000fIXg0EAG"}]|0x73f529d2
02:57:01.0 (157744790)|HEAP_ALLOCATE|[46]|Bytes:5
02:57:01.0 (157808835)|HEAP_ALLOCATE|[46]|Bytes:12
02:57:01.0 (157830228)|VARIABLE_SCOPE_BEGIN|[46]|c|Class__c|true|false
02:57:01.0 (157863748)|VARIABLE_ASSIGNMENT|[46]|c|{"className__c":"Name","Id":"a0H0o00000fIXZEEA4"}|0x90617f6
02:57:01.0 (157875890)|STATEMENT_EXECUTE|[46]
02:57:01.0 (157879075)|STATEMENT_EXECUTE|[47]
02:57:01.0 (157896785)|HEAP_ALLOCATE|[47]|Bytes:12
02:57:01.0 (158039033)|HEAP_ALLOCATE|[47]|Bytes:4
02:57:01.0 (158131219)|HEAP_ALLOCATE|[47]|Bytes:4
02:57:01.0 (158254550)|HEAP_ALLOCATE|[EXTERNAL]|Bytes:4
02:57:01.0 (158289895)|HEAP_ALLOCATE|[46]|Bytes:5
02:57:01.0 (158314781)|HEAP_ALLOCATE|[46]|Bytes:12
02:57:01.0 (158331436)|VARIABLE_SCOPE_BEGIN|[46]|c|Class__c|true|false
02:57:01.0 (158359923)|VARIABLE_ASSIGNMENT|[46]|c|{"className__c":"L02","Id":"a0H0o00000fIXflEAG"}|0x2a0b7902
02:57:01.0 (158372138)|STATEMENT_EXECUTE|[46]
02:57:01.0 (158374945)|STATEMENT_EXECUTE|[47]
02:57:01.0 (158457956)|HEAP_ALLOCATE|[47]|Bytes:3
02:57:01.0 (158537308)|HEAP_ALLOCATE|[47]|Bytes:3
02:57:01.0 (158579390)|HEAP_ALLOCATE|[EXTERNAL]|Bytes:4
02:57:01.0 (158605708)|HEAP_ALLOCATE|[46]|Bytes:5
02:57:01.0 (158631379)|HEAP_ALLOCATE|[46]|Bytes:12
02:57:01.0 (158647611)|VARIABLE_SCOPE_BEGIN|[46]|c|Class__c|true|false
02:57:01.0 (158673578)|VARIABLE_ASSIGNMENT|[46]|c|{"className__c":"L01","Id":"a0H0o00000fIXZYEA4"}|0x71efcc39
02:57:01.0 (158691097)|STATEMENT_EXECUTE|[46]
02:57:01.0 (158693923)|STATEMENT_EXECUTE|[47]
02:57:01.0 (158766219)|HEAP_ALLOCATE|[47]|Bytes:3
02:57:01.0 (158842673)|HEAP_ALLOCATE|[47]|Bytes:3
02:57:01.0 (158887681)|HEAP_ALLOCATE|[EXTERNAL]|Bytes:4
02:57:01.0 (158914835)|HEAP_ALLOCATE|[46]|Bytes:5
02:57:01.0 (158938565)|HEAP_ALLOCATE|[46]|Bytes:12
02:57:01.0 (158954014)|VARIABLE_SCOPE_BEGIN|[46]|c|Class__c|true|false
02:57:01.0 (158988596)|VARIABLE_ASSIGNMENT|[46]|c|{"className__c":"L03","Id":"a0H0o00000fIXg0EAG"}|0x7c2713a0
02:57:01.0 (159004302)|STATEMENT_EXECUTE|[46]
02:57:01.0 (159007901)|STATEMENT_EXECUTE|[47]
02:57:01.0 (159090609)|HEAP_ALLOCATE|[47]|Bytes:3
02:57:01.0 (159173775)|HEAP_ALLOCATE|[47]|Bytes:3
02:57:01.0 (159212462)|HEAP_ALLOCATE|[EXTERNAL]|Bytes:4
02:57:01.0 (159246390)|HEAP_ALLOCATE|[46]|Bytes:5
02:57:01.0 (159273299)|VARIABLE_ASSIGNMENT|[46]|c|null|
02:57:01.0 (159284762)|STATEMENT_EXECUTE|[50]
02:57:01.0 (159295352)|SYSTEM_MODE_EXIT|false
02:57:01.186 (186922907)|SYSTEM_MODE_ENTER|true
02:57:01.186 (187029459)|HEAP_ALLOCATE|[EXTERNAL]|Bytes:8
02:57:01.186 (187046830)|VARIABLE_SCOPE_BEGIN|[88]|this|ApexPage.PageMessagesComponentController|true|false
02:57:01.186 (187094741)|VARIABLE_ASSIGNMENT|[88]|this|{}|0x7bc7b5a0
02:57:01.186 (187102555)|VARIABLE_SCOPE_BEGIN|[88]|escape|Boolean|false|false
02:57:01.186 (187111854)|VARIABLE_ASSIGNMENT|[88]|escape|null
02:57:01.187 (187264189)|SYSTEM_MODE_ENTER|true
02:57:01.187 (187314831)|HEAP_ALLOCATE|[EXTERNAL]|Bytes:8
02:57:01.187 (187323545)|VARIABLE_SCOPE_BEGIN|[2]|this|ApexPage.PageMessagesComponentController|true|false
02:57:01.187 (187351485)|VARIABLE_ASSIGNMENT|[2]|this|{}|0x7bc7b5a0
02:57:01.0 (188455504)|SYSTEM_MODE_ENTER|true
02:57:01.0 (190632251)|VF_SERIALIZE_VIEWSTATE_BEGIN|0660o000008sEYc
02:57:01.0 (203801709)|VF_SERIALIZE_VIEWSTATE_END
02:57:01.0 (272063785)|CODE_UNIT_STARTED|[EXTERNAL]|Generate Metadata
02:57:01.0 (273151584)|CODE_UNIT_FINISHED|Generate Metadata
02:57:01.373 (373056967)|CUMULATIVE_LIMIT_USAGE
02:57:01.373 (373056967)|LIMIT_USAGE_FOR_NS|(default)|
  Number of SOQL queries: 1 out of 100
  Number of query rows: 4 out of 50000
  Number of SOSL queries: 0 out of 20
  Number of DML statements: 0 out of 150
  Number of DML rows: 0 out of 10000
  Maximum CPU time: 0 out of 10000
  Maximum heap size: 0 out of 6000000
  Number of callouts: 0 out of 100
  Number of Email Invocations: 0 out of 10
  Number of future calls: 0 out of 50
  Number of queueable jobs added to the queue: 0 out of 50
  Number of Mobile Apex push calls: 0 out of 10

02:57:01.373 (373056967)|CUMULATIVE_LIMIT_USAGE_END

02:57:01.0 (373117238)|CODE_UNIT_FINISHED|VF: /apex/MainPage
02:57:01.0 (374116212)|EXECUTION_FINISHED
